0.00	7.916
5.01	7.913
10.02	7.912
15.04	7.913
20.05	7.913
25.06	7.913
30.07	7.913
35.08	7.913
40.09	7.913
45.11	7.913
50.12	7.913
55.14	7.913
60.15	7.688
65.17	7.704
70.18	7.708
75.19	7.711
80.20	7.713
85.21	7.714
90.22	7.715
95.24	7.715
100.25	7.716
105.26	7.715
110.27	7.715
115.28	7.715
120.29	7.715
125.30	7.714
130.31	7.714
135.33	7.714
140.34	7.713
145.35	7.713
150.37	7.713
155.38	7.712
160.40	7.712
165.41	7.712
170.43	7.711
175.44	7.711
180.46	7.710
185.47	7.710
190.49	7.710
195.50	7.709
200.52	7.709
205.53	7.709
210.54	7.708
215.56	7.708
220.57	7.707
225.59	7.707
230.60	7.707
235.62	7.706
240.63	7.706
245.65	7.706
250.66	7.705
255.67	7.705
260.68	7.705
265.69	7.705
270.71	7.704
275.72	7.704
280.73	7.704
285.74	7.704
290.75	7.703
295.76	7.703
300.78	7.702
305.79	7.702
310.80	7.702
315.81	7.702
320.82	7.702
325.83	7.701
330.85	7.701
335.86	7.701
340.88	7.701
345.89	7.700
350.91	7.700
355.92	7.700
360.94	7.699
365.95	7.699
370.96	7.699
375.98	7.699
381.00	7.698
386.01	7.698
391.02	7.698
396.04	7.698
401.05	7.697
406.06	7.697
411.07	7.697
416.08	7.697
421.10	7.697
426.12	7.697
431.13	7.696
436.14	7.696
441.16	7.696
446.17	7.695
451.19	7.695
456.20	7.695
461.21	7.695
466.23	7.695
471.25	7.695
476.26	7.694
481.27	7.694
486.29	7.694
491.30	7.694
496.32	7.693
501.33	7.693
506.34	7.693
511.36	7.693
516.37	7.692
521.38	7.692
526.40	7.692
531.42	7.692
536.43	7.692
541.44	7.691
546.45	7.691
551.46	7.691
556.47	7.691
561.49	7.691
566.50	7.690
571.51	7.690
576.52	7.690
581.53	7.690
586.54	7.690
591.56	7.689
596.57	7.689
601.58	7.689
606.59	7.689
611.60	7.689
616.61	7.688
621.62	7.688
626.64	7.688
631.65	7.688
636.66	7.687
641.67	7.687
646.68	7.687
651.69	7.687
656.71	7.686
661.72	7.686
666.73	7.686
671.74	7.686
676.75	7.686
681.76	7.685
686.77	7.685
691.79	7.685
696.80	7.685
701.81	7.684
706.82	7.684
711.83	7.684
716.84	7.684
721.86	7.684
726.87	7.684
731.88	7.683
736.89	7.683
741.90	7.683
746.92	7.683
751.94	7.683
756.95	7.682
761.97	7.682
766.98	7.682
772.00	7.682
777.02	7.682
782.03	7.681
787.05	7.681
792.06	7.681
797.08	7.681
802.09	7.681
807.11	7.681
812.12	7.680
817.14	7.680
822.15	7.680
827.16	7.679
832.18	7.679
837.19	7.679
842.21	7.679
847.22	7.679
852.24	7.679
857.25	7.678
862.27	7.678
867.28	7.678
872.30	7.678
877.34	7.678
882.36	7.677
887.37	7.677
892.39	7.677
897.40	7.677
902.42	7.676
907.43	7.676
912.44	7.676
917.46	7.676
922.47	7.676
927.48	7.676
932.50	7.675
937.51	7.675
942.53	7.675
947.54	7.674
952.56	7.674
957.57	7.674
962.59	7.674
967.60	7.674
972.61	7.674
977.63	7.673
982.64	7.673
987.65	7.673
992.67	7.673
997.68	7.673
1002.70	7.673
1007.71	7.672
1012.73	7.672
1017.74	7.672
1022.76	7.671
1027.77	7.671
1032.78	7.671
1037.80	7.671
1042.81	7.671
1047.83	7.670
1052.84	7.671
1057.85	7.670
1062.87	7.670
1067.88	7.670
1072.90	7.670
1077.92	7.669
1082.93	7.669
1087.94	7.669
1092.96	7.669
1097.97	7.668
1102.98	7.668
1108.00	7.668
1113.02	7.668
1118.03	7.668
1123.04	7.667
1128.06	7.667
1133.07	7.667
1138.09	7.667
1143.10	7.667
1148.12	7.667
1153.13	7.666
1158.14	7.666
1163.16	7.666
1168.17	7.666
1173.18	7.665
1178.20	7.665
1183.21	7.665
1188.23	7.665
1193.24	7.664
1198.26	7.664
1203.27	7.664
1208.29	7.664
1213.30	7.664
1218.32	7.663
1223.33	7.663
1228.34	7.663
1233.36	7.663
1238.37	7.663
1243.39	7.663
1248.40	7.662
1253.42	7.662
1258.43	7.662
1263.45	7.662
1268.46	7.662
1273.47	7.661
1278.49	7.661
1283.50	7.661
1288.52	7.661
1293.53	7.660
1298.55	7.660
1303.56	7.660
1308.58	7.660
1313.59	7.660
1318.61	7.659
1323.62	7.659
1328.63	7.659
1333.65	7.658
1338.66	7.658
1343.68	7.658
1348.70	7.658
1353.71	7.658
1358.73	7.658
1363.74	7.658
1368.75	7.657
1373.77	7.657
1378.78	7.657
1383.80	7.656
1388.81	7.656
1393.83	7.656
1398.84	7.656
1403.85	7.656
1408.87	7.655
1413.89	7.655
1418.90	7.655
1423.91	7.655
1428.93	7.655
1433.94	7.654
1438.96	7.654
1443.98	7.654
1448.99	7.654
1454.00	7.653
1459.02	7.653
1464.03	7.653
1469.05	7.653
1474.06	7.652
1479.07	7.652
1484.09	7.652
1489.10	7.652
1494.12	7.652
1499.13	7.652
1504.15	7.652
1509.16	7.651
1514.18	7.651
1519.19	7.651
1524.20	7.651
1529.22	7.650
1534.23	7.650
1539.25	7.650
1544.26	7.649
1549.27	7.649
1554.29	7.649
1559.30	7.648
1564.32	7.648
1569.33	7.648
1574.35	7.648
1579.36	7.648
1584.38	7.648
1589.39	7.648
1594.40	7.648
1599.42	7.647
1604.43	7.647
1609.44	7.646
1614.46	7.646
1619.47	7.646
1624.49	7.646
1629.50	7.646
1634.51	7.646
1639.52	7.646
1644.53	7.645
1649.54	7.645
1654.56	7.645
1659.57	7.644
1664.58	7.644
1669.59	7.644
1674.60	7.644
1679.61	7.643
1684.63	7.643
1689.64	7.643
1694.65	7.643
1699.67	7.642
1704.68	7.642
1709.69	7.642
1714.71	7.642
1719.72	7.641
1724.73	7.641
1729.75	7.641
1734.77	7.641
1739.78	7.641
1744.79	7.640
1749.80	7.640
1754.82	7.640
1759.84	7.640
1764.85	7.639
1769.87	7.639
1774.88	7.639
1779.89	7.639
1784.91	7.638
1789.92	7.638
1794.94	7.638
1799.95	7.638
1804.97	7.637
1809.98	7.637
1815.00	7.637
1820.01	7.637
1825.03	7.637
1830.04	7.637
1835.05	7.636
1840.07	7.636
1845.08	7.636
1850.10	7.636
1855.11	7.635
1860.13	7.635
1865.14	7.635
1870.15	7.635
1875.17	7.634
1880.18	7.634
1885.20	7.634
1890.21	7.634
1895.22	7.634
1900.24	7.633
1905.26	7.633
1910.27	7.633
1915.29	7.633
1920.30	7.633
1925.32	7.632
1930.33	7.632
1935.34	7.632
1940.35	7.632
1945.37	7.631
1950.38	7.631
1955.40	7.631
1960.41	7.630
1965.42	7.630
1970.44	7.630
1975.45	7.630
1980.47	7.629
1985.48	7.629
1990.50	7.629
1995.51	7.628
2000.53	7.628
2005.54	7.628
2010.55	7.628
2015.57	7.627
2020.58	7.627
2025.60	7.627
2030.61	7.627
2035.63	7.627
2040.64	7.626
2045.66	7.626
2050.67	7.626
2055.68	7.626
2060.70	7.626
2065.72	7.625
2070.73	7.625
2075.75	7.625
2080.76	7.625
2085.77	7.625
2090.79	7.624
2095.80	7.624
2100.82	7.624
2105.83	7.624
2110.85	7.624
2115.86	7.623
2120.87	7.623
2125.89	7.622
2130.91	7.622
2135.92	7.622
2140.93	7.621
2145.95	7.621
2150.96	7.621
2155.98	7.621
2160.99	7.620
2166.01	7.620
2171.02	7.620
2176.04	7.620
2181.05	7.620
2186.07	7.620
2191.08	7.619
2196.10	7.619
2201.11	7.619
2206.12	7.618
2211.14	7.618
2216.15	7.618
2221.17	7.617
2226.18	7.617
2231.19	7.617
2236.20	7.617
2241.22	7.616
2246.24	7.616
2251.25	7.616
2256.26	7.616
2261.28	7.616
2266.29	7.615
2271.31	7.615
2276.32	7.615
2281.34	7.614
2286.35	7.614
2291.37	7.614
2296.38	7.614
2301.40	7.614
2306.41	7.613
2311.43	7.613
2316.44	7.613
2321.45	7.612
2326.47	7.612
2331.48	7.612
2336.50	7.612
2341.51	7.612
2346.53	7.612
2351.54	7.611
2356.56	7.611
2361.57	7.611
2366.59	7.611
2371.60	7.610
2376.61	7.610
2381.62	7.610
2386.63	7.609
2391.65	7.609
2396.66	7.609
2401.67	7.609
2406.68	7.608
2411.69	7.608
2416.70	7.608
2421.72	7.608
2426.73	7.607
2431.74	7.607
2436.75	7.607
2441.76	7.606
2446.77	7.606
2451.79	7.606
2456.80	7.606
2461.81	7.606
2466.83	7.606
2471.84	7.605
2476.85	7.605
2481.87	7.604
2486.88	7.604
2491.90	7.604
2496.91	7.603
2501.92	7.604
2506.93	7.603
2511.94	7.603
2516.95	7.603
2521.96	7.602
2526.98	7.602
2531.99	7.602
2537.00	7.602
2542.02	7.601
2547.04	7.601
2552.05	7.601
2557.07	7.601
2562.08	7.601
2567.10	7.600
2572.11	7.600
2577.13	7.600
2582.14	7.600
2587.16	7.599
2592.17	7.599
2597.18	7.599
2602.20	7.598
2607.21	7.598
2612.23	7.598
2617.24	7.597
2622.26	7.597
2627.27	7.597
2632.29	7.597
2637.30	7.596
2642.32	7.596
2647.33	7.596
2652.35	7.596
2657.36	7.596
2662.38	7.595
2667.39	7.595
2672.40	7.594
2677.42	7.594
2682.43	7.594
2687.45	7.594
2692.46	7.593
2697.48	7.593
2702.49	7.593
2707.50	7.592
2712.52	7.592
2717.53	7.592
2722.55	7.592
2727.56	7.592
2732.58	7.591
2737.59	7.591
2742.60	7.591
2747.62	7.590
2752.63	7.590
2757.64	7.590
2762.65	7.590
2767.66	7.589
2772.67	7.589
2777.69	7.589
2782.70	7.588
2787.72	7.588
2792.73	7.588
2797.75	7.587
2802.76	7.587
2807.78	7.587
2812.79	7.587
2817.80	7.586
2822.82	7.586
2827.83	7.586
2832.85	7.586
2837.86	7.586
2842.88	7.585
2847.89	7.585
2852.90	7.585
2857.92	7.584
2862.93	7.584
2867.95	7.584
2872.97	7.584
2877.98	7.584
2882.99	7.583
2888.00	7.583
2893.02	7.582
2898.03	7.582
2903.05	7.582
2908.06	7.582
2913.08	7.581
2918.09	7.581
2923.10	7.581
2928.12	7.581
2933.13	7.581
2938.15	7.580
2943.16	7.580
2948.18	7.580
2953.19	7.580
2958.21	7.579
2963.22	7.579
2968.24	7.579
2973.25	7.578
2978.26	7.578
2983.28	7.578
2988.29	7.578
2993.31	7.577
2998.32	7.577
3003.34	7.577
3008.35	7.576
3013.37	7.576
3018.38	7.576
3023.39	7.576
3028.41	7.575
3033.42	7.575
3038.44	7.575
3043.45	7.575
3048.46	7.575
3053.48	7.574
3058.49	7.574
3063.51	7.573
3068.52	7.573
3073.54	7.573
3078.55	7.572
3083.57	7.572
3088.58	7.572
3093.60	7.572
3098.61	7.572
3103.62	7.571
3108.64	7.571
3113.65	7.571
3118.67	7.570
3123.68	7.570
3128.69	7.570
3133.70	7.570
3138.72	7.569
3143.73	7.569
3148.74	7.569
3153.75	7.569
3158.76	7.569
3163.78	7.569
3168.79	7.568
3173.81	7.568
3178.82	7.567
3183.84	7.567
3188.85	7.567
3193.87	7.566
3198.88	7.566
3203.89	7.566
3208.91	7.565
3213.92	7.565
3218.94	7.565
3223.95	7.565
3228.97	7.564
3233.98	7.564
3239.00	7.564
3244.01	7.564
3249.03	7.564
3254.04	7.563
3259.06	7.563
3264.07	7.563
3269.09	7.563
3274.10	7.562
3279.11	7.562
3284.13	7.561
3289.14	7.561
3294.16	7.561
3299.17	7.561
3304.19	7.560
3309.20	7.560
3314.21	7.560
3319.23	7.560
3324.24	7.559
3329.26	7.559
3334.27	7.559
3339.28	7.559
3344.30	7.558
3349.31	7.558
3354.33	7.558
3359.34	7.558
3364.35	7.557
3369.36	7.557
3374.38	7.556
3379.39	7.556
3384.40	7.556
3389.42	7.556
3394.43	7.555
3399.45	7.555
3404.46	7.555
3409.48	7.554
3414.49	7.554
3419.51	7.554
3424.52	7.554
3429.54	7.554
3434.55	7.553
3439.57	7.553
3444.58	7.553
3449.60	7.552
3454.62	7.552
3459.63	7.552
3464.65	7.551
3469.66	7.551
3474.67	7.551
3479.68	7.551
3484.70	7.550
3489.71	7.550
3494.72	7.550
3499.73	7.550
3504.74	7.549
3509.75	7.549
3514.77	7.549
3519.78	7.548
3524.79	7.548
3529.80	7.548
3534.81	7.548
3539.82	7.547
3544.84	7.547
3549.85	7.547
3554.86	7.547
3559.87	7.546
3564.88	7.546
3569.89	7.546
3574.91	7.546
3579.92	7.545
3584.93	7.545
3589.94	7.544
3594.96	7.544
3599.98	7.544
3604.99	7.543
3610.00	7.543
3615.02	7.543
3620.03	7.543
3625.05	7.542
3630.06	7.542
3635.08	7.542
3640.09	7.542
3645.11	7.541
3650.12	7.541
3655.14	7.540
3660.15	7.540
3665.17	7.540
3670.18	7.540
3675.20	7.539
3680.22	7.539
3685.23	7.539
3690.24	7.539
3695.26	7.539
3700.27	7.538
3705.29	7.538
3710.30	7.538
3715.32	7.537
3720.33	7.537
3725.35	7.537
3730.36	7.536
3735.37	7.536
3740.39	7.536
3745.40	7.535
3750.42	7.535
3755.43	7.535
3760.45	7.534
3765.46	7.534
3770.48	7.534
3775.49	7.534
3780.51	7.534
3785.52	7.533
3790.53	7.533
3795.55	7.533
3800.57	7.532
3805.58	7.532
3810.59	7.532
3815.61	7.531
3820.62	7.531
3825.64	7.531
3830.65	7.530
3835.66	7.530
3840.68	7.530
3845.69	7.529
3850.71	7.529
3855.72	7.529
3860.74	7.529
3865.75	7.529
3870.76	7.529
3875.78	7.528
3880.79	7.528
3885.80	7.527
3890.82	7.527
3895.83	7.527
3900.84	7.527
3905.85	7.526
3910.87	7.526
3915.88	7.526
3920.89	7.526
3925.90	7.525
3930.91	7.525
3935.92	7.524
3940.93	7.524
3945.95	7.524
3950.96	7.523
3955.97	7.523
3960.98	7.523
3965.99	7.523
3971.00	7.523
3976.02	7.522
3981.03	7.522
3986.04	7.521
3991.05	7.521
3996.06	7.521
4001.07	7.520
4006.09	7.520
4011.10	7.520
4016.11	7.520
4021.12	7.520
4026.13	7.520
4031.14	7.519
4036.16	7.518
4041.17	7.518
4046.18	7.518
4051.19	7.517
4056.20	7.517
4061.21	7.517
4066.22	7.516
4071.24	7.516
4076.25	7.516
4081.26	7.516
4086.27	7.515
4091.28	7.515
4096.29	7.515
4101.31	7.515
4106.32	7.514
4111.33	7.514
4116.34	7.514
4121.35	7.514
4126.36	7.513
4131.38	7.513
4136.39	7.513
4141.40	7.513
4146.42	7.512
4151.43	7.512
4156.45	7.512
4161.46	7.511
4166.48	7.511
4171.49	7.511
4176.50	7.510
4181.52	7.510
4186.53	7.510
4191.55	7.510
4196.56	7.510
4201.58	7.509
4206.59	7.509
4211.60	7.509
4216.62	7.508
4221.63	7.508
4226.64	7.508
4231.65	7.507
4236.67	7.507
4241.68	7.507
4246.70	7.507
4251.71	7.507
4256.73	7.506
4261.74	7.506
4266.76	7.505
4271.77	7.505
4276.78	7.505
4281.80	7.504
4286.81	7.504
4291.83	7.504
4296.84	7.504
4301.86	7.503
4306.87	7.503
4311.88	7.503
4316.89	7.503
4321.91	7.503
4326.92	7.502
4331.93	7.502
4336.94	7.502
4341.95	7.501
4346.96	7.501
4351.98	7.501
4356.99	7.501
4362.00	7.500
4367.01	7.500
4372.02	7.499
4377.03	7.499
4382.05	7.499
4387.06	7.499
4392.07	7.498
4397.08	7.498
4402.09	7.498
4407.10	7.498
4412.12	7.498
4417.13	7.497
4422.14	7.497
4427.15	7.497
4432.16	7.497
4437.17	7.496
4442.18	7.496
4447.20	7.496
4452.21	7.495
4457.23	7.495
4462.24	7.495
4467.25	7.495
4472.27	7.494
4477.28	7.494
4482.29	7.494
4487.31	7.493
4492.32	7.493
4497.34	7.493
4502.35	7.493
4507.36	7.492
4512.38	7.492
4517.39	7.492
4522.41	7.492
4527.42	7.492
4532.44	7.491
4537.45	7.491
4542.47	7.491
4547.48	7.491
4552.49	7.490
4557.51	7.490
4562.52	7.490
4567.54	7.489
4572.55	7.489
4577.56	7.489
4582.58	7.489
4587.59	7.489
4592.61	7.488
4597.62	7.488
4602.64	7.488
4607.65	7.487
4612.67	7.487
4617.68	7.487
4622.70	7.487
4627.71	7.487
4632.72	7.486
4637.74	7.486
4642.75	7.486
4647.77	7.485
4652.78	7.485
4657.79	7.485
4662.81	7.485
4667.82	7.484
4672.84	7.484
4677.85	7.484
4682.87	7.484
4687.88	7.484
4692.90	7.483
4697.91	7.483
4702.92	7.483
4707.94	7.482
4712.95	7.482
4717.97	7.482
4722.99	7.481
4728.00	7.481
4733.02	7.481
4738.03	7.481
4743.05	7.481
4748.06	7.480
4753.08	7.480
4758.09	7.480
4763.10	7.480
4768.12	7.479
4773.13	7.479
4778.15	7.479
4783.16	7.479
4788.18	7.479
4793.19	7.478
4798.21	7.478
4803.22	7.478
4808.24	7.477
4813.25	7.477
4818.26	7.477
4823.28	7.477
4828.29	7.477
4833.31	7.477
4838.32	7.477
4843.34	7.476
4848.35	7.476
4853.37	7.476
4858.38	7.476
4863.40	7.475
4868.41	7.475
4873.43	7.475
4878.44	7.475
4883.46	7.474
4888.47	7.474
4893.49	7.474
4898.50	7.474
4903.51	7.474
4908.55	7.474
4913.57	7.473
4918.59	7.473
4923.60	7.473
4928.61	7.473
4933.62	7.472
4938.63	7.472
4943.64	7.472
4948.66	7.471
4953.67	7.471
4958.68	7.471
4963.69	7.471
4968.70	7.471
4973.71	7.471
4978.72	7.470
4983.74	7.470
4988.75	7.470
4993.76	7.470
4998.77	7.470
5003.78	7.470
5008.79	7.469
5013.81	7.469
5018.82	7.469
5023.83	7.468
5028.84	7.468
5033.86	7.468
5038.87	7.468
5043.88	7.468
5048.89	7.467
5053.90	7.467
5058.91	7.467
5063.92	7.467
5068.94	7.467
5073.95	7.466
5078.96	7.466
5083.97	7.466
5088.98	7.466
5093.99	7.466
5099.01	7.466
5104.02	7.465
5109.03	7.465
5114.04	7.465
5119.05	7.465
5124.06	7.465
5129.08	7.464
5134.09	7.464
5139.10	7.464
5144.11	7.464
5149.12	7.464
5154.13	7.464
5159.15	7.463
5164.16	7.463
5169.17	7.463
5174.18	7.462
5179.19	7.462
5184.20	7.462
5189.21	7.462
5194.23	7.462
5199.24	7.462
5204.25	7.462
5209.26	7.462
5214.27	7.461
5219.28	7.461
5224.30	7.461
5229.31	7.461
5234.32	7.461
5239.33	7.460
5244.35	7.460
5249.36	7.460
5254.37	7.460
5259.38	7.460
5264.39	7.459
5269.40	7.459
5274.41	7.459
5279.43	7.459
5284.44	7.459
5289.45	7.458
5294.46	7.458
5299.47	7.458
5304.48	7.458
5309.50	7.458
5314.51	7.458
5319.52	7.458
5324.53	7.457
5329.54	7.457
5334.55	7.457
5339.57	7.456
5344.58	7.456
5349.59	7.456
5354.61	7.456
5359.62	7.456
5364.64	7.456
5369.65	7.456
5374.66	7.455
5379.67	7.455
5384.68	7.455
5389.70	7.455
5394.71	7.455
5399.72	7.455
5404.73	7.454
5409.74	7.454
5414.75	7.454
5419.76	7.454
5424.77	7.454
5429.79	7.453
5434.80	7.453
5439.81	7.453
5444.82	7.453
5449.83	7.453
5454.84	7.453
5459.85	7.453
5464.87	7.452
5469.88	7.452
5474.89	7.452
5479.90	7.452
5484.91	7.451
5489.93	7.451
5494.94	7.451
5499.96	7.451
5504.97	7.451
5509.99	7.451
5515.00	7.451
5520.02	7.451
5525.03	7.450
5530.05	7.450
5535.06	7.450
5540.08	7.450
5545.09	7.450
5550.11	7.450
5555.12	7.449
5560.14	7.449
5565.15	7.449
5570.17	7.449
5575.18	7.449
5580.19	7.449
5585.20	7.449
5590.21	7.448
5595.22	7.448
5600.23	7.448
5605.25	7.448
5610.26	7.447
5615.27	7.447
5620.28	7.447
5625.29	7.447
5630.30	7.447
5635.31	7.447
5640.33	7.447
5645.34	7.446
5650.35	7.446
5655.36	7.446
5660.37	7.446
5665.38	7.445
5670.40	7.445
5675.42	7.445
5680.43	7.445
5685.44	7.445
5690.46	7.445
5695.47	7.444
5700.49	7.444
5705.50	7.444
5710.52	7.444
5715.53	7.444
5720.55	7.444
5725.56	7.444
5730.57	7.444
5735.59	7.443
5740.60	7.443
5745.61	7.443
5750.62	7.443
5755.64	7.443
5760.65	7.443
5765.66	7.442
5770.67	7.443
5775.68	7.442
5780.69	7.442
5785.70	7.442
5790.72	7.442
5795.73	7.442
5800.75	7.441
5805.76	7.441
5810.77	7.441
5815.78	7.441
5820.80	7.441
5825.81	7.441
5830.82	7.441
5835.83	7.440
5840.84	7.440
5845.85	7.440
5850.86	7.440
5855.88	7.440
5860.89	7.439
5865.90	7.439
5870.91	7.439
5875.92	7.439
5880.93	7.439
5885.94	7.439
5890.96	7.439
5895.97	7.439
5900.98	7.438
5905.99	7.438
5911.00	7.438
5916.01	7.438
5921.03	7.438
5926.04	7.437
5931.05	7.438
5936.07	7.437
5941.08	7.437
5946.10	7.437
5951.11	7.437
5956.13	7.437
5961.14	7.437
5966.15	7.437
5971.16	7.436
5976.17	7.436
5981.18	7.436
5986.20	7.436
5991.21	7.436
5996.22	7.436
6001.23	7.436
6006.24	7.435
6011.25	7.435
6016.26	7.435
6021.28	7.435
6026.29	7.434
6031.30	7.434
6036.31	7.434
6041.32	7.434
6046.33	7.434
6051.35	7.434
6056.36	7.434
6061.37	7.434
6066.38	7.433
6071.39	7.433
6076.40	7.433
6081.42	7.433
6086.43	7.433
6091.44	7.433
6096.45	7.433
6101.46	7.433
6106.47	7.433
6111.48	7.433
6116.50	7.432
6121.51	7.432
6126.52	7.432
6131.53	7.432
6136.54	7.432
6141.55	7.431
6146.57	7.431
6151.58	7.431
6156.59	7.431
6161.60	7.431
6166.61	7.431
6171.62	7.431
6176.64	7.431
6181.65	7.430
6186.66	7.430
6191.67	7.430
6196.68	7.430
6201.69	7.430
6206.70	7.430
6211.72	7.430
6216.73	7.430
6221.74	7.430
6226.75	7.430
6231.76	7.429
6236.77	7.429
6241.79	7.429
6246.80	7.429
6251.81	7.428
6256.82	7.428
6261.83	7.428
6266.84	7.428
6271.86	7.428
6276.87	7.428
6281.88	7.428
6286.89	7.428
6291.90	7.428
6296.91	7.428
6301.92	7.427
6306.94	7.427
6311.95	7.427
6316.96	7.427
6321.97	7.427
6326.98	7.427
6331.99	7.427
6337.00	7.426
6342.02	7.426
6347.03	7.426
6352.04	7.426
6357.05	7.426
6362.06	7.426
6367.07	7.426
6372.09	7.426
6377.10	7.425
6382.11	7.425
6387.12	7.425
6392.13	7.425
6397.14	7.425
6402.16	7.425
6407.17	7.425
6412.18	7.424
6417.19	7.424
6422.20	7.424
6427.21	7.424
6432.23	7.424
6437.24	7.424
6442.25	7.424
6447.26	7.424
6452.27	7.424
6457.29	7.424
6462.30	7.423
6467.31	7.423
6472.32	7.423
6477.33	7.423
6482.34	7.423
6487.36	7.422
6492.37	7.422
6497.38	7.422
6502.39	7.422
6507.40	7.422
6512.41	7.422
6517.42	7.422
6522.44	7.422
6527.45	7.422
6532.46	7.422
6537.47	7.421
6542.49	7.421
6547.50	7.421
6552.52	7.420
6557.53	7.420
6562.54	7.420
6567.55	7.420
6572.56	7.420
6577.58	7.420
6582.59	7.420
6587.60	7.420
6592.61	7.420
6597.62	7.420
6602.63	7.420
6607.65	7.419
6612.66	7.419
6617.67	7.419
6622.68	7.419
6627.69	7.419
6632.70	7.419
6637.71	7.419
6642.73	7.419
6647.74	7.418
6652.75	7.418
6657.76	7.418
6662.77	7.418
6667.78	7.418
6672.80	7.418
6677.81	7.417
6682.82	7.417
6687.83	7.417
6692.84	7.417
6697.85	7.417
6702.87	7.417
6707.88	7.417
6712.89	7.417
6717.90	7.417
6722.91	7.416
6727.92	7.417
6732.94	7.416
6737.95	7.416
6742.96	7.416
6747.97	7.415
6752.98	7.415
6757.99	7.415
6763.00	7.415
6768.02	7.415
6773.03	7.415
6778.04	7.415
6783.05	7.415
6788.06	7.415
6793.08	7.415
6798.09	7.414
6803.10	7.414
6808.11	7.414
6813.12	7.414
6818.13	7.414
6823.14	7.414
6828.16	7.414
6833.17	7.414
6838.18	7.414
6843.19	7.413
6848.20	7.413
6853.21	7.413
6858.22	7.413
6863.24	7.413
6868.25	7.412
6873.26	7.413
6878.27	7.412
6883.28	7.412
6888.29	7.412
6893.31	7.412
6898.32	7.412
6903.33	7.412
6908.35	7.411
6913.36	7.411
6918.37	7.411
6923.38	7.411
6928.39	7.411
6933.40	7.411
6938.42	7.411
6943.43	7.410
6948.44	7.410
6953.46	7.410
6958.47	7.410
6963.49	7.410
6968.50	7.410
6973.52	7.410
6978.53	7.410
6983.54	7.410
6988.55	7.410
6993.56	7.409
6998.58	7.409
7003.59	7.409
7008.61	7.409
7013.62	7.409
7018.64	7.409
7023.65	7.409
7028.67	7.409
7033.68	7.409
7038.69	7.409
7043.70	7.408
7048.71	7.408
7053.72	7.408
7058.73	7.408
7063.75	7.408
7068.76	7.408
7073.77	7.408
7078.79	7.407
7083.80	7.407
7088.82	7.407
7093.83	7.407
7098.84	7.407
7103.86	7.407
7108.87	7.407
7113.88	7.406
7118.89	7.406
7123.90	7.406
7128.92	7.406
7133.93	7.406
7138.95	7.406
7143.96	7.406
7148.97	7.406
7153.98	7.405
7159.00	7.405
7164.01	7.405
7169.02	7.405
7174.03	7.405
7179.05	7.405
7184.07	7.404
7189.08	7.405
7194.09	7.405
7199.11	7.404
7204.12	7.404
7209.13	7.404
7214.15	7.404
7219.16	7.404
7224.17	7.404
7229.18	7.404
7234.19	7.403
7239.20	7.403
7244.21	7.403
7249.23	7.403
7254.24	7.403
7259.25	7.403
7264.26	7.403
7269.27	7.403
7274.28	7.402
7279.29	7.402
7284.31	7.402
7289.32	7.402
7294.33	7.402
7299.34	7.401
7304.35	7.401
7309.36	7.401
7314.38	7.401
7319.39	7.401
7324.40	7.401
7329.41	7.401
7334.42	7.401
7339.43	7.401
7344.45	7.400
7349.46	7.400
7354.47	7.400
7359.48	7.400
7364.49	7.400
7369.50	7.400
7374.51	7.400
7379.53	7.400
7384.54	7.400
7389.55	7.399
7394.56	7.399
7399.57	7.399
7404.58	7.399
7409.60	7.399
7414.61	7.399
7419.62	7.399
7424.63	7.399
7429.64	7.398
7434.65	7.398
7439.66	7.398
7444.68	7.398
7449.69	7.398
7454.70	7.398
7459.71	7.398
7464.72	7.397
7469.73	7.397
7474.75	7.397
7479.76	7.397
7484.77	7.397
7489.78	7.397
7494.79	7.396
7499.80	7.397
7504.82	7.396
7509.83	7.396
7514.84	7.396
7519.85	7.396
7524.86	7.396
7529.87	7.396
7534.88	7.396
7539.90	7.396
7544.91	7.395
7549.92	7.395
7554.94	7.395
7559.95	7.395
7564.97	7.395
7569.98	7.395
7575.00	7.395
7580.01	7.395
7585.02	7.395
7590.03	7.395
7595.04	7.394
7600.06	7.394
7605.07	7.394
7610.08	7.394
7615.09	7.394
7620.10	7.394
7625.11	7.393
7630.13	7.393
7635.14	7.393
7640.15	7.393
7645.16	7.393
7650.17	7.393
7655.18	7.393
7660.19	7.392
7665.21	7.392
7670.22	7.392
7675.23	7.392
7680.24	7.392
7685.25	7.392
7690.26	7.391
7695.27	7.391
7700.29	7.391
7705.30	7.391
7710.31	7.391
7715.32	7.391
7720.33	7.391
7725.34	7.390
7730.36	7.391
7735.37	7.390
7740.38	7.391
7745.39	7.391
7750.40	7.390
7755.41	7.390
7760.43	7.390
7765.44	7.390
7770.45	7.390
7775.46	7.389
7780.47	7.389
7785.48	7.389
7790.49	7.389
7795.51	7.389
7800.52	7.389
7805.53	7.389
7810.54	7.388
7815.55	7.388
7820.56	7.388
7825.58	7.388
7830.59	7.388
7835.60	7.388
7840.61	7.388
7845.62	7.388
7850.63	7.387
7855.65	7.387
7860.66	7.387
7865.67	7.387
7870.68	7.387
7875.69	7.386
7880.70	7.386
7885.72	7.386
7890.73	7.386
7895.74	7.386
7900.75	7.386
7905.76	7.385
7910.77	7.385
7915.78	7.385
7920.80	7.385
7925.81	7.385
7930.82	7.385
7935.83	7.385
7940.84	7.384
7945.86	7.384
7950.87	7.384
7955.88	7.384
7960.90	7.384
7965.92	7.384
7970.93	7.384
7975.94	7.384
7980.95	7.383
7985.96	7.383
7990.98	7.383
7995.99	7.383
8001.00	7.383
8006.02	7.383
8011.03	7.383
8016.04	7.382
8021.05	7.382
8026.06	7.382
8031.07	7.382
8036.09	7.382
8041.10	7.382
8046.11	7.382
8051.12	7.381
8056.13	7.381
8061.14	7.381
8066.15	7.381
8071.17	7.381
8076.18	7.380
8081.19	7.380
8086.20	7.380
8091.21	7.380
8096.22	7.380
8101.24	7.380
8106.25	7.380
8111.26	7.380
8116.27	7.380
8121.28	7.379
8126.29	7.379
8131.31	7.379
8136.32	7.379
8141.33	7.378
8146.34	7.378
8151.35	7.378
8156.36	7.378
8161.38	7.378
8166.39	7.378
8171.40	7.377
8176.41	7.377
8181.42	7.377
8186.43	7.377
8191.44	7.376
8196.46	7.376
8201.47	7.376
8206.48	7.376
8211.49	7.376
8216.50	7.376
8221.51	7.376
8226.53	7.376
8231.54	7.375
8236.55	7.376
8241.56	7.375
8246.57	7.375
8251.58	7.375
8256.59	7.374
8261.61	7.374
8266.62	7.374
8271.63	7.374
8276.64	7.374
8281.65	7.374
8286.66	7.374
8291.68	7.373
8296.69	7.373
8301.70	7.373
8306.71	7.373
8311.72	7.373
8316.73	7.373
8321.75	7.372
8326.76	7.373
8331.77	7.372
8336.79	7.372
8341.81	7.372
8346.82	7.372
8351.83	7.371
8356.85	7.371
8361.87	7.371
8366.88	7.371
8371.89	7.370
8376.91	7.370
8381.92	7.370
8386.94	7.370
8391.95	7.369
8396.96	7.369
8401.98	7.369
8407.00	7.369
8412.01	7.369
8417.03	7.369
8422.04	7.369
8427.05	7.369
8432.06	7.368
8437.07	7.368
8442.09	7.368
8447.10	7.368
8452.11	7.368
8457.12	7.367
8462.13	7.367
8467.14	7.367
8472.16	7.367
8477.17	7.367
8482.19	7.367
8487.20	7.366
8492.21	7.366
8497.23	7.366
8502.24	7.366
8507.26	7.366
8512.27	7.365
8517.29	7.365
8522.30	7.365
8527.32	7.365
8532.33	7.364
8537.34	7.364
8542.36	7.364
8547.37	7.364
8552.39	7.363
8557.40	7.363
8562.41	7.363
8567.43	7.363
8572.44	7.363
8577.46	7.362
8582.47	7.362
8587.49	7.362
8592.50	7.362
8597.52	7.362
8602.53	7.361
8607.54	7.361
8612.56	7.361
8617.57	7.361
8622.59	7.361
8627.60	7.360
8632.62	7.360
8637.63	7.360
8642.65	7.360
8647.66	7.360
8652.68	7.359
8657.69	7.359
8662.70	7.359
8667.72	7.358
8672.73	7.358
8677.75	7.358
8682.76	7.358
8687.78	7.358
8692.79	7.358
8697.81	7.358
8702.82	7.357
8707.84	7.357
8712.85	7.357
8717.87	7.356
8722.88	7.356
8727.89	7.356
8732.91	7.356
8737.92	7.356
8742.94	7.355
8747.95	7.355
8752.97	7.355
8757.98	7.354
8763.00	7.354
8768.01	7.354
8773.02	7.354
8778.04	7.353
8783.05	7.353
8788.07	7.353
8793.08	7.352
8798.10	7.352
8803.11	7.352
8808.13	7.352
8813.14	7.352
8818.16	7.352
8823.17	7.352
8828.19	7.352
8833.20	7.351
8838.22	7.350
8843.23	7.350
8848.25	7.350
8853.26	7.350
8858.28	7.349
8863.29	7.349
8868.30	7.349
8873.31	7.348
8878.32	7.348
8883.33	7.348
8888.35	7.348
8893.36	7.347
8898.37	7.347
8903.38	7.347
8908.39	7.347
8913.40	7.347
8918.42	7.346
8923.43	7.346
8928.44	7.345
8933.45	7.345
8938.46	7.345
8943.47	7.345
8948.49	7.344
8953.50	7.344
8958.51	7.344
8963.53	7.343
8968.54	7.343
8973.55	7.343
8978.57	7.343
8983.58	7.343
8988.60	7.342
8993.61	7.341
8998.62	7.341
9003.63	7.341
9008.65	7.341
9013.66	7.341
9018.67	7.340
9023.68	7.340
9028.69	7.339
9033.70	7.339
9038.72	7.339
9043.73	7.339
9048.74	7.338
9053.75	7.338
9058.76	7.338
9063.77	7.337
9068.78	7.337
9073.79	7.337
9078.81	7.336
9083.82	7.336
9088.83	7.336
9093.84	7.335
9098.85	7.335
9103.86	7.334
9108.88	7.334
9113.89	7.334
9118.90	7.334
9123.91	7.333
9128.92	7.333
9133.93	7.332
9138.95	7.332
9143.96	7.332
9148.97	7.331
9153.98	7.331
9158.99	7.331
9164.00	7.330
9169.01	7.331
9174.03	7.330
9179.04	7.330
9184.05	7.329
9189.06	7.329
9194.07	7.328
9199.08	7.328
9204.10	7.327
9209.11	7.327
9214.12	7.327
9219.13	7.326
9224.14	7.326
9229.15	7.326
9234.17	7.325
9239.18	7.325
9244.19	7.324
9249.20	7.324
9254.21	7.324
9259.22	7.324
9264.24	7.323
9269.25	7.323
9274.26	7.323
9279.27	7.322
9284.28	7.322
9289.29	7.321
9294.31	7.321
9299.32	7.321
9304.33	7.320
9309.34	7.320
9314.35	7.319
9319.36	7.319
9324.37	7.318
9329.39	7.318
9334.40	7.318
9339.41	7.317
9344.42	7.317
9349.43	7.316
9354.44	7.316
9359.45	7.316
9364.47	7.315
9369.48	7.314
9374.49	7.314
9379.50	7.314
9384.51	7.313
9389.52	7.313
9394.54	7.313
9399.55	7.312
9404.56	7.312
9409.57	7.311
9414.58	7.310
9419.59	7.310
9424.60	7.310
9429.62	7.309
9434.63	7.309
9439.65	7.308
9444.66	7.308
9449.68	7.307
9454.69	7.307
9459.70	7.306
9464.71	7.306
9469.72	7.305
9474.74	7.305
9479.75	7.305
9484.76	7.304
9489.77	7.304
9494.78	7.303
9499.79	7.303
9504.81	7.302
9509.82	7.302
9514.83	7.302
9519.84	7.301
9524.85	7.301
9529.86	7.300
9534.88	7.300
9539.89	7.299
9544.90	7.298
9549.91	7.298
9554.92	7.297
9559.93	7.297
9564.95	7.296
9569.96	7.296
9574.97	7.295
9579.98	7.295
9584.99	7.294
9590.00	7.294
9595.02	7.293
9600.03	7.293
9605.05	7.292
9610.07	7.292
9615.08	7.291
9620.10	7.291
9625.11	7.290
9630.13	7.290
9635.14	7.289
9640.15	7.288
9645.16	7.288
9650.17	7.287
9655.18	7.287
9660.20	7.287
9665.21	7.286
9670.23	7.285
9675.24	7.285
9680.25	7.284
9685.26	7.283
9690.27	7.283
9695.28	7.282
9700.30	7.282
9705.31	7.281
9710.32	7.281
9715.33	7.280
9720.34	7.280
9725.35	7.279
9730.36	7.278
9735.38	7.278
9740.39	7.277
9745.40	7.277
9750.41	7.276
9755.42	7.276
9760.43	7.275
9765.45	7.274
9770.46	7.274
9775.47	7.273
9780.48	7.272
9785.49	7.272
9790.50	7.271
9795.52	7.271
9800.53	7.270
9805.54	7.269
9810.55	7.269
9815.56	7.268
9820.57	7.267
9825.59	7.267
9830.60	7.266
9835.61	7.265
9840.62	7.265
9845.63	7.265
9850.64	7.264
9855.65	7.263
9860.67	7.263
9865.68	7.262
9870.69	7.261
9875.70	7.260
9880.71	7.260
9885.73	7.259
9890.74	7.259
9895.75	7.258
9900.76	7.257
9905.77	7.257
9910.78	7.256
9915.80	7.255
9920.81	7.255
9925.82	7.254
9930.83	7.253
9935.84	7.253
9940.85	7.252
9945.86	7.251
9950.88	7.251
9955.89	7.250
9960.90	7.249
9965.91	7.249
9970.92	7.248
9975.93	7.247
9980.95	7.246
9985.96	7.246
9990.97	7.245
9995.98	7.245
10000.99	7.244
10006.00	7.243
10011.02	7.242
10016.03	7.242
10021.04	7.241
10026.05	7.240
10031.06	7.239
10036.07	7.239
10041.08	7.238
10046.10	7.238
10051.11	7.237
10056.12	7.236
10061.13	7.235
10066.14	7.235
10071.15	7.234
10076.17	7.233
10081.18	7.233
10086.19	7.232
10091.20	7.231
10096.21	7.230
10101.22	7.230
10106.23	7.229
10111.25	7.228
10116.26	7.227
10121.27	7.226
10126.28	7.226
10131.29	7.225
10136.30	7.224
10141.32	7.224
10146.33	7.223
10151.34	7.222
10156.35	7.221
10161.37	7.220
10166.38	7.220
10171.39	7.219
10176.40	7.218
10181.42	7.218
10186.43	7.217
10191.45	7.216
10196.46	7.215
10201.47	7.214
10206.48	7.214
10211.49	7.213
10216.50	7.212
10221.52	7.212
10226.53	7.211
10231.54	7.210
10236.55	7.209
10241.56	7.209
10246.57	7.208
10251.59	7.207
10256.60	7.206
10261.61	7.205
10266.62	7.205
10271.63	7.204
10276.64	7.203
10281.65	7.202
10286.67	7.202
10291.68	7.201
10296.69	7.200
10301.70	7.199
10306.71	7.199
10311.72	7.198
10316.74	7.197
10321.75	7.196
10326.76	7.195
10331.77	7.194
10336.78	7.194
10341.79	7.193
10346.81	7.192
10351.82	7.192
10356.83	7.191
10361.84	7.190
10366.85	7.189
10371.86	7.188
10376.87	7.188
10381.89	7.187
10386.90	7.186
10391.91	7.185
10396.93	7.184
10401.94	7.184
10406.95	7.183
10411.97	7.182
10416.98	7.182
10421.99	7.181
10427.00	7.180
10432.01	7.179
10437.02	7.178
10442.04	7.177
10447.05	7.176
10452.06	7.175
10457.07	7.175
10462.08	7.174
10467.09	7.173
10472.11	7.172
10477.12	7.172
10482.13	7.171
10487.14	7.170
10492.15	7.169
10497.16	7.168
10502.18	7.168
10507.19	7.167
10512.20	7.166
10517.21	7.165
10522.22	7.164
10527.23	7.163
10532.25	7.162
10537.26	7.162
10542.27	7.161
10547.28	7.160
10552.29	7.159
10557.30	7.158
10562.31	7.157
10567.33	7.156
10572.34	7.156
10577.35	7.155
10582.36	7.154
10587.38	7.153
10592.39	7.153
10597.40	7.152
10602.41	7.151
10607.43	7.150
10612.44	7.149
10617.46	7.148
10622.47	7.148
10627.48	7.147
10632.49	7.146
10637.50	7.145
10642.51	7.144
10647.52	7.143
10652.54	7.142
10657.55	7.141
10662.56	7.141
10667.57	7.140
10672.58	7.139
10677.59	7.138
10682.60	7.137
10687.62	7.136
10692.63	7.135
10697.64	7.135
10702.65	7.134
10707.66	7.133
10712.67	7.132
10717.69	7.131
10722.70	7.130
10727.71	7.129
10732.72	7.128
10737.73	7.128
10742.74	7.127
10747.76	7.126
10752.77	7.125
10757.78	7.124
10762.79	7.123
10767.80	7.122
10772.81	7.121
10777.83	7.120
10782.84	7.119
10787.85	7.118
10792.86	7.117
10797.87	7.116
10802.88	7.116
10807.89	7.115
10812.91	7.114
10817.92	7.113
10822.94	7.112
10827.95	7.112
10832.96	7.110
10837.97	7.110
10842.99	7.109
10848.00	7.108
10853.01	7.107
10858.02	7.106
10863.03	7.105
10868.04	7.104
10873.06	7.103
10878.07	7.102
10883.08	7.101
10888.09	7.100
10893.10	7.099
10898.11	7.099
10903.13	7.098
10908.14	7.097
10913.15	7.096
10918.16	7.095
10923.17	7.094
10928.18	7.093
10933.20	7.092
10938.21	7.091
10943.22	7.090
10948.23	7.090
10953.24	7.089
10958.25	7.088
10963.27	7.087
10968.28	7.086
10973.29	7.085
10978.30	7.084
10983.31	7.083
10988.32	7.082
10993.33	7.081
10998.35	7.080
11003.36	7.079
11008.37	7.079
11013.38	7.078
11018.40	7.077
11023.41	7.076
11028.42	7.075
11033.44	7.074
11038.45	7.073
11043.46	7.072
11048.47	7.071
11053.49	7.070
11058.50	7.069
11063.51	7.068
11068.52	7.067
11073.53	7.066
11078.54	7.065
11083.55	7.064
11088.57	7.063
11093.58	7.062
11098.59	7.061
11103.60	7.060
11108.61	7.059
11113.62	7.058
11118.64	7.057
11123.65	7.056
11128.66	7.055
11133.67	7.054
11138.68	7.053
11143.69	7.052
11148.71	7.051
11153.72	7.051
11158.73	7.050
11163.74	7.049
11168.75	7.048
11173.76	7.047
11178.78	7.046
11183.79	7.045
11188.80	7.044
11193.81	7.043
11198.82	7.042
11203.83	7.041
11208.84	7.040
11213.86	7.039
11218.87	7.038
11223.88	7.037
11228.89	7.036
11233.90	7.035
11238.92	7.034
11243.93	7.033
11248.94	7.032
11253.95	7.031
11258.96	7.031
11263.98	7.029
11268.99	7.028
11274.00	7.027
11279.01	7.027
11284.02	7.026
11289.03	7.024
11294.04	7.023
11299.06	7.022
11304.07	7.021
11309.08	7.020
11314.09	7.019
11319.10	7.018
11324.11	7.017
11329.13	7.016
11334.14	7.015
11339.15	7.014
11344.16	7.013
11349.17	7.012
11354.18	7.011
11359.20	7.010
11364.21	7.009
11369.22	7.008
11374.23	7.007
11379.24	7.006
11384.25	7.004
11389.27	7.003
11394.28	7.003
11399.29	7.002
11404.30	7.001
11409.31	6.999
11414.32	6.998
11419.34	6.998
11424.35	6.996
11429.36	6.995
11434.37	6.994
11439.39	6.993
11444.40	6.992
11449.41	6.991
11454.42	6.990
11459.43	6.989
11464.44	6.988
11469.45	6.987
11474.47	6.986
11479.48	6.985
11484.49	6.984
11489.50	6.983
11494.51	6.982
11499.52	6.981
11504.54	6.980
11509.55	6.979
11514.56	6.977
11519.57	6.976
11524.58	6.975
11529.59	6.974
11534.61	6.973
11539.62	6.972
11544.63	6.971
11549.64	6.970
11554.65	6.969
11559.66	6.968
11564.67	6.967
11569.69	6.966
11574.70	6.965
11579.71	6.964
11584.72	6.962
11589.73	6.961
11594.74	6.960
11599.76	6.959
11604.77	6.958
11609.78	6.957
11614.79	6.956
11619.80	6.955
11624.81	6.954
11629.83	6.953
11634.84	6.952
11639.85	6.951
11644.87	6.950
11649.88	6.949
11654.89	6.947
11659.91	6.946
11664.92	6.945
11669.93	6.944
11674.94	6.943
11679.95	6.942
11684.96	6.941
11689.98	6.940
11694.99	6.938
11700.00	6.937
11705.01	6.936
11710.02	6.935
11715.03	6.934
11720.05	6.932
11725.06	6.931
11730.07	6.930
11735.08	6.929
11740.09	6.928
11745.10	6.927
11750.11	6.926
11755.13	6.925
11760.14	6.923
11765.15	6.922
11770.16	6.921
11775.17	6.920
11780.18	6.919
11785.20	6.918
11790.21	6.917
11795.22	6.916
11800.23	6.915
11805.24	6.913
11810.25	6.912
11815.27	6.911
11820.28	6.910
11825.29	6.909
11830.30	6.908
11835.31	6.906
11840.33	6.905
11845.34	6.904
11850.35	6.903
11855.37	6.902
11860.38	6.900
11865.39	6.899
11870.41	6.898
11875.42	6.897
11880.43	6.896
11885.44	6.894
11890.45	6.893
11895.46	6.892
11900.48	6.891
11905.49	6.890
11910.50	6.889
11915.51	6.888
11920.52	6.887
11925.53	6.886
11930.55	6.884
11935.56	6.883
11940.57	6.882
11945.58	6.881
11950.59	6.879
11955.60	6.878
11960.62	6.877
11965.63	6.876
11970.64	6.874
11975.65	6.873
11980.66	6.872
11985.67	6.871
11990.68	6.870
11995.70	6.868
12000.71	6.867
12005.72	6.866
12010.73	6.864
12015.74	6.863
12020.75	6.862
12025.77	6.861
12030.78	6.860
12035.79	6.858
12040.80	6.857
12045.81	6.856
12050.83	6.855
12055.84	6.854
12060.85	6.852
12065.86	6.851
12070.88	6.850
12075.89	6.848
12080.91	6.847
12085.92	6.846
12090.93	6.845
12095.94	6.844
12100.95	6.842
12105.96	6.841
12110.98	6.840
12115.99	6.839
12121.00	6.838
12126.01	6.836
12131.02	6.835
12136.03	6.834
12141.04	6.832
12146.06	6.831
12151.07	6.830
12156.08	6.829
12161.09	6.827
12166.10	6.826
12171.11	6.825
12176.13	6.823
12181.14	6.822
12186.15	6.821
12191.16	6.819
12196.17	6.818
12201.18	6.817
12206.20	6.815
12211.21	6.814
12216.22	6.813
12221.23	6.812
12226.24	6.810
12231.25	6.809
12236.27	6.808
12241.28	6.807
12246.29	6.805
12251.30	6.804
12256.31	6.802
12261.33	6.801
12266.34	6.800
12271.35	6.799
12276.37	6.797
12281.38	6.796
12286.40	6.795
12291.41	6.793
12296.42	6.792
12301.43	6.791
12306.44	6.789
12311.45	6.788
12316.47	6.786
12321.48	6.785
12326.49	6.784
12331.50	6.783
12336.51	6.781
12341.52	6.780
12346.54	6.779
12351.55	6.777
12356.56	6.776
12361.57	6.774
12366.58	6.773
12371.59	6.772
12376.61	6.770
12381.62	6.769
12386.63	6.768
12391.64	6.766
12396.65	6.765
12401.66	6.763
12406.67	6.762
12411.69	6.761
12416.70	6.760
12421.71	6.758
12426.72	6.757
12431.73	6.755
12436.74	6.754
12441.76	6.753
12446.77	6.751
12451.78	6.750
12456.79	6.749
12461.80	6.747
12466.81	6.746
12471.83	6.744
12476.84	6.743
12481.85	6.741
12486.87	6.740
12491.88	6.739
12496.90	6.737
12501.91	6.736
12506.92	6.734
12511.93	6.733
12516.94	6.732
12521.95	6.730
12526.97	6.729
12531.98	6.728
12536.99	6.726
12542.00	6.725
12547.01	6.723
12552.02	6.722
12557.04	6.720
12562.05	6.719
12567.06	6.718
12572.07	6.716
12577.08	6.715
12582.09	6.714
12587.11	6.712
12592.12	6.710
12597.13	6.709
12602.14	6.707
12607.15	6.706
12612.16	6.704
12617.17	6.703
12622.19	6.701
12627.20	6.700
12632.21	6.698
12637.22	6.697
12642.23	6.696
12647.24	6.694
12652.25	6.693
12657.27	6.692
12662.28	6.690
12667.29	6.688
12672.30	6.687
12677.31	6.685
12682.32	6.684
12687.34	6.682
12692.35	6.681
12697.36	6.679
12702.38	6.678
12707.39	6.677
12712.41	6.675
12717.42	6.674
12722.43	6.672
12727.44	6.671
12732.45	6.669
12737.46	6.668
12742.48	6.666
12747.49	6.664
12752.50	6.663
12757.51	6.661
12762.52	6.660
12767.53	6.658
12772.54	6.657
12777.56	6.655
12782.57	6.654
12787.58	6.652
12792.59	6.651
12797.60	6.649
12802.61	6.648
12807.63	6.647
12812.64	6.645
12817.65	6.643
12822.66	6.642
12827.67	6.640
12832.68	6.638
12837.69	6.637
12842.71	6.635
12847.72	6.634
12852.73	6.632
12857.74	6.630
12862.75	6.629
12867.76	6.627
12872.78	6.626
12877.79	6.624
12882.80	6.623
12887.81	6.621
12892.82	6.619
12897.83	6.618
12902.85	6.617
12907.86	6.615
12912.87	6.613
12917.89	6.612
12922.91	6.610
12927.92	6.609
12932.93	6.607
12937.94	6.605
12942.95	6.604
12947.96	6.602
12952.97	6.601
12957.99	6.599
12963.00	6.597
12968.01	6.596
12973.02	6.594
12978.03	6.593
12983.04	6.591
12988.06	6.590
12993.07	6.588
12998.08	6.586
13003.09	6.585
13008.10	6.583
13013.11	6.581
13018.13	6.580
13023.14	6.578
13028.15	6.576
13033.16	6.574
13038.17	6.573
13043.18	6.572
13048.19	6.570
13053.21	6.568
13058.22	6.567
13063.23	6.565
13068.24	6.563
13073.25	6.561
13078.26	6.560
13083.28	6.558
13088.29	6.556
13093.30	6.555
13098.31	6.553
13103.32	6.552
13108.33	6.550
13113.35	6.548
13118.36	6.546
13123.37	6.545
13128.39	6.543
13133.40	6.542
13138.42	6.540
13143.43	6.538
13148.44	6.536
13153.45	6.535
13158.46	6.533
13163.47	6.531
13168.48	6.529
13173.50	6.528
13178.51	6.526
13183.52	6.524
13188.53	6.522
13193.54	6.521
13198.55	6.519
13203.56	6.517
13208.58	6.516
13213.59	6.514
13218.60	6.512
13223.61	6.511
13228.62	6.509
13233.63	6.507
13238.65	6.505
13243.66	6.503
13248.67	6.502
13253.68	6.500
13258.69	6.498
13263.70	6.496
13268.72	6.495
13273.73	6.493
13278.74	6.491
13283.75	6.490
13288.76	6.488
13293.77	6.486
13298.78	6.484
13303.80	6.482
13308.81	6.481
13313.82	6.479
13318.83	6.477
13323.84	6.475
13328.86	6.473
13333.87	6.472
13338.88	6.470
13343.90	6.468
13348.92	6.466
13353.93	6.465
13358.94	6.463
13363.95	6.461
13368.96	6.459
13373.97	6.457
13378.98	6.455
13384.00	6.453
13389.01	6.451
13394.02	6.450
13399.03	6.448
13404.04	6.446
13409.05	6.444
13414.07	6.442
13419.08	6.441
13424.09	6.439
13429.10	6.437
13434.11	6.435
13439.12	6.433
13444.14	6.431
13449.15	6.429
13454.16	6.428
13459.17	6.426
13464.18	6.424
13469.19	6.422
13474.21	6.420
13479.22	6.418
13484.23	6.416
13489.24	6.414
13494.25	6.412
13499.26	6.410
13504.28	6.408
13509.29	6.406
13514.30	6.404
13519.31	6.402
13524.32	6.401
13529.33	6.398
13534.34	6.396
13539.36	6.395
13544.37	6.392
13549.39	6.390
13554.40	6.388
13559.41	6.386
13564.42	6.384
13569.43	6.382
13574.44	6.380
13579.45	6.378
13584.47	6.376
13589.48	6.374
13594.49	6.372
13599.50	6.370
13604.51	6.368
13609.52	6.366
13614.54	6.364
13619.55	6.362
13624.56	6.360
13629.57	6.358
13634.58	6.356
13639.59	6.354
13644.61	6.351
13649.62	6.349
13654.63	6.347
13659.64	6.345
13664.65	6.343
13669.66	6.341
13674.67	6.338
13679.69	6.337
13684.70	6.335
13689.71	6.332
13694.72	6.330
13699.73	6.328
13704.74	6.326
13709.76	6.324
13714.77	6.322
13719.78	6.319
13724.79	6.317
13729.80	6.315
13734.81	6.313
13739.82	6.310
13744.84	6.308
13749.85	6.306
13754.86	6.304
13759.87	6.302
13764.89	6.299
13769.90	6.297
13774.91	6.295
13779.92	6.292
13784.93	6.290
13789.94	6.288
13794.96	6.286
13799.97	6.284
13804.98	6.281
13809.99	6.279
13815.00	6.277
13820.01	6.274
13825.03	6.272
13830.04	6.270
13835.05	6.268
13840.06	6.266
13845.07	6.263
13850.08	6.261
13855.10	6.259
13860.11	6.256
13865.12	6.254
13870.13	6.252
13875.14	6.250
13880.15	6.247
13885.16	6.245
13890.18	6.243
13895.19	6.240
13900.20	6.238
13905.21	6.236
13910.22	6.233
13915.23	6.231
13920.25	6.229
13925.26	6.227
13930.27	6.224
13935.28	6.222
13940.29	6.220
13945.31	6.217
13950.32	6.215
13955.34	6.213
13960.35	6.210
13965.36	6.208
13970.37	6.206
13975.39	6.204
13980.40	6.201
13985.41	6.199
13990.42	6.197
13995.43	6.194
14000.44	6.192
14005.45	6.190
14010.47	6.187
14015.48	6.185
14020.49	6.183
14025.50	6.181
14030.51	6.178
14035.52	6.176
14040.54	6.173
14045.55	6.171
14050.56	6.169
14055.57	6.167
14060.58	6.165
14065.59	6.162
14070.61	6.160
14075.62	6.158
14080.63	6.155
14085.64	6.153
14090.65	6.151
14095.66	6.148
14100.68	6.146
14105.69	6.144
14110.70	6.141
14115.71	6.139
14120.72	6.137
14125.73	6.134
14130.74	6.132
14135.76	6.130
14140.77	6.128
14145.78	6.125
14150.79	6.123
14155.80	6.121
14160.82	6.119
14165.83	6.116
14170.85	6.114
14175.86	6.112
14180.87	6.110
14185.88	6.107
14190.89	6.105
14195.91	6.102
14200.92	6.100
14205.93	6.098
14210.94	6.096
14215.95	6.093
14220.96	6.091
14225.97	6.089
14230.99	6.086
14236.00	6.084
14241.01	6.082
14246.02	6.080
14251.03	6.077
14256.04	6.075
14261.06	6.073
14266.07	6.071
14271.08	6.068
14276.09	6.066
14281.10	6.064
14286.11	6.062
14291.13	6.059
14296.14	6.057
14301.15	6.055
14306.16	6.053
14311.17	6.051
14316.18	6.048
14321.20	6.046
14326.21	6.044
14331.22	6.042
14336.23	6.040
14341.24	6.037
14346.25	6.035
14351.26	6.033
14356.28	6.031
14361.29	6.029
14366.30	6.027
14371.31	6.024
14376.32	6.022
14381.34	6.020
14386.35	6.018
14391.37	6.016
14396.38	6.013
14401.39	6.011
14406.40	6.009
14411.41	6.007
14416.42	6.005
14421.44	6.003
14426.45	6.000
14431.46	5.998
14436.47	5.996
14441.48	5.994
14446.49	5.992
14451.50	5.990
14456.52	5.988
14461.53	5.985
14466.54	5.983
14471.55	5.981
14476.56	5.979
14481.57	5.977
14486.59	5.975
14491.60	5.973
