0.00	7.915
5.01	7.912
10.02	7.912
15.04	7.911
20.05	7.911
25.06	7.911
30.07	7.911
35.08	7.911
40.09	7.911
45.10	7.911
50.12	7.911
55.13	7.911
60.14	7.689
65.15	7.705
70.16	7.709
75.17	7.712
80.19	7.714
85.20	7.715
90.21	7.715
95.22	7.716
100.23	7.716
105.24	7.716
110.26	7.716
115.27	7.715
120.28	7.715
125.29	7.715
130.30	7.715
135.31	7.714
140.32	7.714
145.34	7.713
150.35	7.713
155.36	7.713
160.37	7.712
165.38	7.712
170.39	7.711
175.40	7.711
180.42	7.710
185.43	7.710
190.44	7.710
195.45	7.709
200.46	7.709
205.47	7.709
210.49	7.708
215.50	7.708
220.51	7.707
225.52	7.707
230.53	7.707
235.54	7.706
240.55	7.706
245.57	7.706
250.58	7.706
255.59	7.705
260.60	7.705
265.61	7.705
270.62	7.704
275.64	7.704
280.65	7.704
285.66	7.703
290.68	7.703
295.69	7.703
300.70	7.702
305.71	7.702
310.72	7.702
315.74	7.702
320.75	7.701
325.76	7.701
330.77	7.701
335.78	7.701
340.79	7.700
345.81	7.700
350.82	7.700
355.83	7.700
360.84	7.699
365.85	7.699
370.86	7.699
375.87	7.699
380.89	7.698
385.90	7.698
390.91	7.698
395.92	7.698
400.93	7.698
405.94	7.697
410.96	7.697
415.97	7.697
420.98	7.697
425.99	7.696
431.00	7.696
436.01	7.696
441.02	7.696
446.04	7.695
451.05	7.695
456.06	7.695
461.07	7.695
466.08	7.695
471.09	7.694
476.11	7.694
481.12	7.694
486.13	7.694
491.14	7.693
496.15	7.693
501.16	7.693
506.18	7.693
511.19	7.693
516.20	7.693
521.21	7.692
526.22	7.692
531.23	7.692
536.25	7.691
541.26	7.691
546.27	7.691
551.28	7.691
556.29	7.691
561.30	7.690
566.32	7.690
571.33	7.690
576.34	7.690
581.35	7.690
586.36	7.689
591.37	7.689
596.38	7.689
601.40	7.689
606.41	7.688
611.42	7.688
616.43	7.688
621.44	7.688
626.45	7.688
631.47	7.687
636.48	7.687
641.49	7.687
646.50	7.687
651.51	7.687
656.52	7.687
661.53	7.686
666.55	7.686
671.56	7.686
676.57	7.686
681.58	7.686
686.59	7.685
691.60	7.685
696.62	7.685
701.63	7.685
706.64	7.685
711.65	7.684
716.66	7.684
721.68	7.684
726.69	7.684
731.70	7.684
736.72	7.684
741.73	7.683
746.74	7.683
751.75	7.683
756.76	7.683
761.77	7.682
766.79	7.682
771.80	7.682
776.81	7.682
781.82	7.681
786.83	7.681
791.84	7.681
796.86	7.681
801.87	7.681
806.88	7.681
811.89	7.681
816.90	7.680
821.91	7.680
826.93	7.680
831.94	7.680
836.95	7.679
841.96	7.679
846.97	7.679
851.98	7.679
857.00	7.678
862.01	7.678
867.02	7.678
872.03	7.678
877.04	7.678
882.05	7.678
887.06	7.677
892.08	7.677
897.09	7.677
902.10	7.677
907.11	7.677
912.12	7.676
917.13	7.676
922.15	7.676
927.16	7.676
932.17	7.675
937.18	7.675
942.19	7.675
947.20	7.675
952.21	7.675
957.23	7.675
962.24	7.674
967.25	7.674
972.26	7.674
977.27	7.674
982.28	7.673
987.30	7.673
992.31	7.673
997.32	7.673
1002.33	7.673
1007.34	7.673
1012.35	7.672
1017.36	7.672
1022.38	7.672
1027.39	7.671
1032.40	7.671
1037.41	7.671
1042.42	7.671
1047.43	7.671
1052.45	7.671
1057.46	7.670
1062.47	7.670
1067.48	7.670
1072.49	7.670
1077.50	7.670
1082.52	7.670
1087.53	7.670
1092.54	7.670
1097.56	7.669
1102.57	7.669
1107.59	7.669
1112.60	7.668
1117.61	7.668
1122.62	7.668
1127.64	7.667
1132.65	7.667
1137.66	7.667
1142.67	7.667
1147.68	7.667
1152.69	7.667
1157.70	7.666
1162.72	7.666
1167.73	7.666
1172.74	7.666
1177.75	7.665
1182.76	7.665
1187.77	7.665
1192.79	7.665
1197.80	7.665
1202.81	7.664
1207.82	7.664
1212.83	7.664
1217.84	7.664
1222.86	7.664
1227.87	7.663
1232.88	7.663
1237.89	7.663
1242.90	7.663
1247.91	7.663
1252.92	7.662
1257.94	7.662
1262.95	7.662
1267.96	7.662
1272.97	7.662
1277.98	7.661
1282.99	7.661
1288.01	7.661
1293.02	7.661
1298.03	7.661
1303.04	7.660
1308.05	7.660
1313.06	7.660
1318.07	7.660
1323.09	7.659
1328.10	7.659
1333.11	7.659
1338.12	7.659
1343.13	7.658
1348.14	7.658
1353.15	7.658
1358.17	7.658
1363.18	7.658
1368.19	7.658
1373.20	7.657
1378.21	7.657
1383.23	7.657
1388.25	7.657
1393.26	7.656
1398.27	7.656
1403.28	7.656
1408.30	7.656
1413.31	7.656
1418.32	7.656
1423.33	7.655
1428.34	7.655
1433.35	7.655
1438.36	7.655
1443.38	7.654
1448.39	7.654
1453.40	7.654
1458.42	7.654
1463.43	7.654
1468.45	7.653
1473.46	7.653
1478.47	7.653
1483.48	7.653
1488.49	7.653
1493.50	7.652
1498.51	7.652
1503.53	7.652
1508.54	7.652
1513.55	7.652
1518.56	7.651
1523.57	7.651
1528.58	7.651
1533.60	7.650
1538.61	7.651
1543.62	7.650
1548.63	7.650
1553.64	7.650
1558.65	7.650
1563.67	7.649
1568.68	7.649
1573.69	7.649
1578.70	7.649
1583.71	7.648
1588.72	7.648
1593.73	7.648
1598.75	7.648
1603.76	7.648
1608.77	7.647
1613.78	7.647
1618.79	7.647
1623.80	7.647
1628.82	7.647
1633.83	7.647
1638.84	7.646
1643.85	7.646
1648.86	7.646
1653.87	7.646
1658.89	7.646
1663.90	7.645
1668.92	7.645
1673.93	7.645
1678.95	7.645
1683.96	7.645
1688.98	7.644
1693.99	7.644
1699.01	7.644
1704.03	7.644
1709.04	7.643
1714.06	7.643
1719.07	7.643
1724.09	7.643
1729.10	7.642
1734.11	7.642
1739.13	7.642
1744.14	7.642
1749.15	7.642
1754.16	7.642
1759.17	7.641
1764.18	7.641
1769.19	7.641
1774.21	7.641
1779.22	7.641
1784.23	7.641
1789.24	7.640
1794.25	7.640
1799.26	7.640
1804.28	7.639
1809.30	7.639
1814.32	7.639
1819.33	7.638
1824.35	7.638
1829.36	7.638
1834.38	7.638
1839.39	7.637
1844.41	7.637
1849.42	7.637
1854.44	7.637
1859.45	7.637
1864.47	7.636
1869.48	7.636
1874.49	7.636
1879.50	7.635
1884.52	7.635
1889.53	7.635
1894.54	7.635
1899.55	7.635
1904.56	7.634
1909.57	7.634
1914.59	7.634
1919.60	7.634
1924.61	7.634
1929.62	7.634
1934.63	7.633
1939.65	7.633
1944.66	7.633
1949.67	7.633
1954.68	7.633
1959.70	7.632
1964.71	7.632
1969.72	7.632
1974.73	7.631
1979.74	7.631
1984.75	7.631
1989.76	7.631
1994.78	7.630
1999.79	7.630
2004.80	7.630
2009.81	7.630
2014.82	7.629
2019.83	7.629
2024.84	7.629
2029.86	7.629
2034.87	7.629
2039.88	7.628
2044.89	7.628
2049.90	7.627
2054.91	7.627
2059.93	7.627
2064.94	7.627
2069.95	7.627
2074.96	7.627
2079.97	7.626
2084.98	7.626
2089.99	7.626
2095.01	7.626
2100.02	7.626
2105.03	7.625
2110.04	7.625
2115.05	7.625
2120.06	7.625
2125.08	7.624
2130.09	7.624
2135.10	7.624
2140.11	7.624
2145.12	7.623
2150.13	7.623
2155.14	7.623
2160.16	7.623
2165.17	7.623
2170.18	7.622
2175.19	7.622
2180.20	7.622
2185.22	7.621
2190.23	7.621
2195.24	7.621
2200.26	7.621
2205.27	7.620
2210.28	7.620
2215.29	7.620
2220.30	7.620
2225.32	7.619
2230.33	7.619
2235.34	7.619
2240.35	7.619
2245.36	7.618
2250.37	7.618
2255.39	7.618
2260.40	7.617
2265.41	7.617
2270.42	7.617
2275.43	7.617
2280.44	7.617
2285.45	7.617
2290.47	7.616
2295.48	7.616
2300.49	7.616
2305.50	7.615
2310.51	7.615
2315.52	7.615
2320.53	7.615
2325.55	7.615
2330.56	7.614
2335.57	7.614
2340.58	7.614
2345.59	7.614
2350.60	7.614
2355.62	7.613
2360.63	7.613
2365.64	7.613
2370.65	7.613
2375.66	7.612
2380.67	7.612
2385.69	7.612
2390.70	7.611
2395.71	7.611
2400.72	7.611
2405.74	7.611
2410.75	7.610
2415.76	7.610
2420.77	7.610
2425.78	7.610
2430.79	7.609
2435.81	7.609
2440.82	7.609
2445.83	7.609
2450.84	7.608
2455.85	7.608
2460.86	7.608
2465.87	7.608
2470.89	7.608
2475.90	7.607
2480.91	7.607
2485.92	7.606
2490.93	7.606
2495.94	7.606
2500.96	7.606
2505.97	7.606
2510.98	7.605
2515.99	7.605
2521.00	7.605
2526.01	7.604
2531.02	7.604
2536.04	7.604
2541.05	7.604
2546.06	7.603
2551.07	7.603
2556.08	7.603
2561.09	7.603
2566.11	7.603
2571.12	7.603
2576.13	7.602
2581.14	7.602
2586.15	7.602
2591.16	7.601
2596.18	7.601
2601.19	7.601
2606.20	7.601
2611.21	7.600
2616.23	7.600
2621.24	7.600
2626.25	7.599
2631.26	7.599
2636.27	7.599
2641.28	7.599
2646.29	7.599
2651.31	7.598
2656.32	7.598
2661.33	7.598
2666.34	7.598
2671.35	7.597
2676.36	7.597
2681.38	7.597
2686.39	7.597
2691.40	7.596
2696.41	7.596
2701.42	7.596
2706.43	7.596
2711.44	7.595
2716.45	7.595
2721.47	7.595
2726.48	7.594
2731.49	7.594
2736.50	7.594
2741.51	7.594
2746.52	7.593
2751.54	7.593
2756.55	7.593
2761.56	7.593
2766.57	7.592
2771.58	7.592
2776.59	7.592
2781.60	7.592
2786.62	7.591
2791.63	7.591
2796.64	7.591
2801.66	7.591
2806.67	7.590
2811.68	7.590
2816.69	7.590
2821.70	7.590
2826.71	7.589
2831.72	7.589
2836.74	7.589
2841.75	7.589
2846.76	7.588
2851.77	7.588
2856.78	7.588
2861.79	7.588
2866.81	7.588
2871.82	7.587
2876.83	7.587
2881.84	7.587
2886.85	7.586
2891.86	7.586
2896.87	7.586
2901.89	7.585
2906.90	7.585
2911.91	7.585
2916.92	7.584
2921.93	7.584
2926.94	7.584
2931.96	7.584
2936.97	7.583
2941.98	7.583
2946.99	7.583
2952.00	7.582
2957.01	7.582
2962.03	7.582
2967.04	7.582
2972.05	7.582
2977.06	7.581
2982.07	7.581
2987.08	7.581
2992.10	7.581
2997.11	7.581
3002.13	7.580
3007.14	7.580
3012.15	7.579
3017.16	7.579
3022.17	7.579
3027.18	7.579
3032.19	7.579
3037.21	7.578
3042.22	7.578
3047.23	7.577
3052.24	7.578
3057.25	7.577
3062.26	7.577
3067.28	7.576
3072.29	7.576
3077.30	7.576
3082.31	7.576
3087.32	7.576
3092.33	7.576
3097.34	7.575
3102.36	7.575
3107.37	7.575
3112.38	7.574
3117.39	7.574
3122.40	7.574
3127.41	7.574
3132.43	7.573
3137.44	7.573
3142.45	7.573
3147.46	7.573
3152.47	7.572
3157.48	7.572
3162.50	7.572
3167.51	7.572
3172.52	7.571
3177.53	7.571
3182.54	7.571
3187.55	7.570
3192.56	7.570
3197.57	7.570
3202.59	7.569
3207.60	7.569
3212.61	7.569
3217.62	7.568
3222.64	7.568
3227.65	7.568
3232.66	7.568
3237.67	7.567
3242.68	7.567
3247.69	7.567
3252.70	7.567
3257.72	7.566
3262.73	7.566
3267.74	7.566
3272.75	7.566
3277.76	7.565
3282.77	7.565
3287.79	7.565
3292.80	7.565
3297.81	7.564
3302.82	7.564
3307.83	7.563
3312.84	7.563
3317.86	7.563
3322.87	7.563
3327.88	7.563
3332.89	7.562
3337.90	7.562
3342.91	7.562
3347.93	7.561
3352.94	7.561
3357.95	7.561
3362.96	7.560
3367.97	7.560
3372.98	7.560
3377.99	7.560
3383.01	7.559
3388.02	7.559
3393.03	7.559
3398.04	7.559
3403.06	7.559
3408.07	7.558
3413.08	7.558
3418.09	7.558
3423.10	7.558
3428.11	7.557
3433.12	7.557
3438.14	7.557
3443.15	7.556
3448.16	7.556
3453.17	7.556
3458.18	7.556
3463.19	7.555
3468.20	7.555
3473.22	7.554
3478.23	7.554
3483.24	7.554
3488.25	7.554
3493.26	7.553
3498.28	7.553
3503.29	7.553
3508.30	7.552
3513.31	7.552
3518.32	7.552
3523.33	7.552
3528.34	7.552
3533.36	7.552
3538.37	7.551
3543.38	7.551
3548.39	7.550
3553.40	7.550
3558.41	7.550
3563.42	7.549
3568.44	7.549
3573.45	7.549
3578.46	7.549
3583.47	7.549
3588.48	7.548
3593.50	7.548
3598.51	7.548
3603.52	7.547
3608.54	7.547
3613.55	7.547
3618.57	7.547
3623.58	7.546
3628.59	7.546
3633.61	7.545
3638.62	7.545
3643.63	7.545
3648.64	7.545
3653.65	7.544
3658.67	7.544
3663.68	7.544
3668.69	7.544
3673.70	7.543
3678.71	7.543
3683.72	7.543
3688.74	7.542
3693.75	7.542
3698.76	7.542
3703.77	7.541
3708.78	7.541
3713.79	7.541
3718.80	7.541
3723.82	7.540
3728.83	7.540
3733.84	7.540
3738.85	7.539
3743.86	7.539
3748.87	7.539
3753.88	7.539
3758.90	7.538
3763.91	7.538
3768.92	7.538
3773.93	7.538
3778.94	7.537
3783.95	7.537
3788.97	7.537
3793.98	7.536
3798.99	7.536
3804.00	7.536
3809.01	7.536
3814.02	7.535
3819.03	7.535
3824.05	7.535
3829.06	7.534
3834.08	7.534
3839.09	7.534
3844.10	7.534
3849.11	7.533
3854.12	7.533
3859.13	7.533
3864.14	7.532
3869.16	7.532
3874.17	7.532
3879.18	7.532
3884.19	7.531
3889.20	7.531
3894.21	7.531
3899.23	7.531
3904.24	7.530
3909.25	7.530
3914.26	7.530
3919.27	7.529
3924.28	7.529
3929.29	7.529
3934.31	7.529
3939.32	7.528
3944.33	7.528
3949.34	7.527
3954.35	7.527
3959.36	7.527
3964.37	7.527
3969.39	7.526
3974.40	7.526
3979.41	7.526
3984.42	7.526
3989.43	7.525
3994.44	7.525
3999.46	7.525
4004.47	7.524
4009.48	7.524
4014.49	7.524
4019.50	7.524
4024.51	7.523
4029.53	7.523
4034.54	7.523
4039.55	7.523
4044.56	7.522
4049.57	7.522
4054.58	7.522
4059.59	7.521
4064.61	7.521
4069.62	7.521
4074.63	7.520
4079.64	7.520
4084.65	7.520
4089.66	7.520
4094.68	7.519
4099.69	7.519
4104.70	7.519
4109.71	7.518
4114.72	7.518
4119.73	7.518
4124.75	7.517
4129.76	7.517
4134.77	7.517
4139.78	7.517
4144.79	7.516
4149.80	7.516
4154.81	7.516
4159.83	7.516
4164.84	7.515
4169.85	7.515
4174.86	7.515
4179.87	7.515
4184.88	7.514
4189.90	7.514
4194.91	7.513
4199.92	7.513
4204.94	7.513
4209.95	7.512
4214.96	7.512
4219.98	7.512
4224.99	7.512
4230.01	7.511
4235.02	7.511
4240.04	7.511
4245.05	7.511
4250.06	7.510
4255.08	7.510
4260.09	7.510
4265.10	7.510
4270.11	7.509
4275.13	7.509
4280.14	7.508
4285.15	7.509
4290.16	7.508
4295.17	7.508
4300.18	7.508
4305.20	7.507
4310.21	7.507
4315.23	7.507
4320.24	7.507
4325.26	7.506
4330.27	7.506
4335.28	7.506
4340.30	7.506
4345.31	7.505
4350.33	7.505
4355.34	7.505
4360.36	7.504
4365.37	7.504
4370.38	7.504
4375.39	7.503
4380.40	7.503
4385.41	7.503
4390.43	7.503
4395.44	7.502
4400.45	7.502
4405.46	7.502
4410.47	7.502
4415.49	7.501
4420.50	7.501
4425.51	7.501
4430.52	7.501
4435.53	7.500
4440.54	7.500
4445.56	7.500
4450.57	7.499
4455.58	7.499
4460.59	7.499
4465.60	7.499
4470.61	7.498
4475.62	7.498
4480.64	7.498
4485.65	7.497
4490.66	7.497
4495.67	7.497
4500.68	7.496
4505.69	7.496
4510.70	7.496
4515.72	7.496
4520.73	7.496
4525.74	7.496
4530.75	7.496
4535.76	7.495
4540.77	7.495
4545.79	7.494
4550.80	7.494
4555.81	7.494
4560.82	7.494
4565.83	7.493
4570.84	7.493
4575.86	7.493
4580.87	7.492
4585.88	7.492
4590.89	7.492
4595.90	7.492
4600.91	7.491
4605.92	7.491
4610.94	7.491
4615.95	7.490
4620.96	7.490
4625.97	7.490
4630.98	7.490
4635.99	7.490
4641.01	7.489
4646.02	7.489
4651.03	7.489
4656.04	7.488
4661.05	7.488
4666.06	7.488
4671.07	7.488
4676.09	7.487
4681.10	7.487
4686.11	7.487
4691.12	7.487
4696.13	7.487
4701.14	7.486
4706.16	7.486
4711.17	7.486
4716.18	7.486
4721.19	7.485
4726.20	7.485
4731.21	7.485
4736.23	7.485
4741.24	7.484
4746.25	7.484
4751.26	7.484
4756.27	7.483
4761.28	7.483
4766.30	7.483
4771.31	7.483
4776.32	7.482
4781.33	7.482
4786.35	7.482
4791.36	7.482
4796.38	7.481
4801.39	7.481
4806.40	7.481
4811.41	7.481
4816.43	7.480
4821.44	7.480
4826.45	7.480
4831.46	7.480
4836.47	7.480
4841.48	7.480
4846.50	7.479
4851.51	7.479
4856.52	7.479
4861.53	7.478
4866.54	7.478
4871.55	7.478
4876.57	7.478
4881.58	7.478
4886.59	7.477
4891.60	7.477
4896.61	7.477
4901.62	7.477
4906.63	7.476
4911.65	7.476
4916.66	7.476
4921.67	7.475
4926.68	7.475
4931.69	7.475
4936.70	7.475
4941.72	7.475
4946.73	7.475
4951.74	7.474
4956.75	7.474
4961.76	7.474
4966.77	7.474
4971.79	7.473
4976.80	7.473
4981.81	7.473
4986.82	7.472
4991.84	7.473
4996.85	7.472
5001.86	7.472
5006.87	7.472
5011.89	7.471
5016.92	7.471
5021.93	7.471
5026.94	7.471
5031.95	7.470
5036.96	7.470
5041.98	7.470
5046.99	7.470
5052.01	7.470
5057.02	7.470
5062.03	7.469
5067.05	7.469
5072.06	7.469
5077.08	7.469
5082.09	7.468
5087.10	7.468
5092.11	7.468
5097.12	7.468
5102.13	7.468
5107.14	7.468
5112.16	7.467
5117.17	7.467
5122.18	7.467
5127.19	7.467
5132.20	7.466
5137.21	7.467
5142.23	7.466
5147.24	7.466
5152.25	7.466
5157.26	7.466
5162.27	7.465
5167.28	7.465
5172.29	7.465
5177.31	7.464
5182.32	7.464
5187.33	7.464
5192.34	7.464
5197.35	7.464
5202.36	7.464
5207.38	7.463
5212.39	7.463
5217.40	7.463
5222.41	7.463
5227.42	7.463
5232.43	7.462
5237.45	7.462
5242.46	7.462
5247.47	7.462
5252.48	7.462
5257.49	7.462
5262.50	7.461
5267.52	7.461
5272.53	7.461
5277.54	7.460
5282.56	7.461
5287.57	7.460
5292.59	7.459
5297.60	7.460
5302.61	7.459
5307.62	7.459
5312.63	7.459
5317.64	7.459
5322.66	7.459
5327.67	7.459
5332.68	7.458
5337.69	7.458
5342.70	7.458
5347.71	7.458
5352.72	7.458
5357.74	7.457
5362.75	7.457
5367.76	7.457
5372.77	7.457
5377.78	7.456
5382.79	7.456
5387.81	7.456
5392.82	7.456
5397.83	7.456
5402.84	7.456
5407.85	7.455
5412.86	7.455
5417.87	7.455
5422.89	7.455
5427.90	7.455
5432.91	7.455
5437.92	7.454
5442.93	7.454
5447.94	7.454
5452.96	7.454
5457.97	7.454
5462.98	7.453
5467.99	7.453
5473.00	7.453
5478.01	7.453
5483.03	7.453
5488.04	7.453
5493.05	7.453
5498.07	7.453
5503.08	7.452
5508.09	7.452
5513.11	7.452
5518.12	7.452
5523.13	7.452
5528.14	7.452
5533.15	7.451
5538.16	7.451
5543.17	7.451
5548.19	7.451
5553.20	7.450
5558.21	7.450
5563.22	7.450
5568.23	7.450
5573.24	7.450
5578.26	7.450
5583.27	7.450
5588.28	7.449
5593.29	7.449
5598.30	7.449
5603.31	7.449
5608.33	7.449
5613.34	7.449
5618.35	7.449
5623.36	7.449
5628.37	7.448
5633.38	7.448
5638.39	7.448
5643.41	7.448
5648.42	7.448
5653.43	7.447
5658.44	7.447
5663.45	7.447
5668.46	7.447
5673.48	7.447
5678.49	7.447
5683.50	7.446
5688.51	7.446
5693.52	7.446
5698.54	7.446
5703.55	7.446
5708.57	7.445
5713.58	7.445
5718.59	7.445
5723.60	7.445
5728.61	7.445
5733.62	7.445
5738.64	7.445
5743.65	7.445
5748.66	7.444
5753.67	7.444
5758.68	7.444
5763.69	7.444
5768.70	7.444
5773.72	7.444
5778.73	7.443
5783.74	7.443
5788.75	7.443
5793.76	7.443
5798.77	7.443
5803.79	7.443
5808.80	7.442
5813.81	7.442
5818.82	7.442
5823.83	7.442
5828.84	7.442
5833.85	7.442
5838.87	7.442
5843.88	7.442
5848.89	7.441
5853.90	7.441
5858.92	7.441
5863.93	7.441
5868.94	7.441
5873.95	7.441
5878.96	7.441
5883.97	7.440
5888.99	7.440
5894.00	7.440
5899.01	7.440
5904.02	7.440
5909.03	7.439
5914.05	7.440
5919.06	7.439
5924.08	7.439
5929.09	7.439
5934.10	7.439
5939.11	7.439
5944.12	7.438
5949.14	7.438
5954.15	7.438
5959.16	7.438
5964.17	7.438
5969.18	7.438
5974.19	7.438
5979.20	7.438
5984.22	7.438
5989.23	7.437
5994.24	7.437
5999.25	7.437
6004.26	7.437
6009.27	7.437
6014.29	7.436
6019.30	7.436
6024.31	7.436
6029.32	7.436
6034.33	7.436
6039.34	7.436
6044.36	7.436
6049.37	7.436
6054.38	7.435
6059.39	7.436
6064.40	7.435
6069.41	7.435
6074.43	7.435
6079.44	7.435
6084.45	7.435
6089.46	7.435
6094.47	7.435
6099.48	7.435
6104.49	7.434
6109.51	7.434
6114.52	7.434
6119.53	7.434
6124.55	7.433
6129.56	7.433
6134.57	7.433
6139.59	7.433
6144.60	7.433
6149.61	7.433
6154.62	7.433
6159.63	7.433
6164.64	7.433
6169.66	7.432
6174.67	7.432
6179.68	7.432
6184.69	7.432
6189.70	7.432
6194.71	7.431
6199.72	7.431
6204.74	7.431
6209.75	7.431
6214.76	7.431
6219.77	7.431
6224.78	7.431
6229.79	7.431
6234.81	7.430
6239.82	7.430
6244.83	7.430
6249.84	7.430
6254.85	7.430
6259.86	7.430
6264.88	7.430
6269.89	7.430
6274.90	7.430
6279.91	7.429
6284.92	7.429
6289.93	7.429
6294.94	7.429
6299.96	7.429
6304.97	7.429
6309.98	7.429
6314.99	7.429
6320.00	7.428
6325.01	7.428
6330.03	7.428
6335.04	7.428
6340.05	7.428
6345.06	7.428
6350.08	7.428
6355.09	7.428
6360.10	7.427
6365.12	7.427
6370.13	7.427
6375.14	7.427
6380.15	7.427
6385.16	7.427
6390.17	7.427
6395.18	7.427
6400.20	7.427
6405.21	7.426
6410.22	7.426
6415.23	7.426
6420.24	7.426
6425.25	7.426
6430.27	7.426
6435.28	7.425
6440.29	7.425
6445.30	7.425
6450.31	7.425
6455.32	7.425
6460.34	7.424
6465.35	7.425
6470.36	7.425
6475.37	7.424
6480.38	7.424
6485.39	7.424
6490.41	7.424
6495.42	7.424
6500.43	7.424
6505.44	7.424
6510.45	7.424
6515.46	7.423
6520.48	7.423
6525.49	7.423
6530.50	7.423
6535.51	7.423
6540.52	7.423
6545.53	7.423
6550.55	7.423
6555.56	7.422
6560.58	7.422
6565.59	7.422
6570.60	7.422
6575.61	7.422
6580.62	7.422
6585.64	7.422
6590.65	7.422
6595.66	7.422
6600.67	7.421
6605.68	7.422
6610.69	7.421
6615.70	7.421
6620.72	7.421
6625.73	7.421
6630.74	7.421
6635.75	7.420
6640.76	7.420
6645.77	7.420
6650.79	7.420
6655.80	7.420
6660.81	7.420
6665.82	7.420
6670.83	7.420
6675.84	7.420
6680.86	7.420
6685.87	7.419
6690.88	7.419
6695.89	7.419
6700.90	7.419
6705.91	7.419
6710.93	7.419
6715.94	7.419
6720.95	7.418
6725.96	7.418
6730.97	7.418
6735.98	7.418
6740.99	7.418
6746.01	7.418
6751.02	7.417
6756.03	7.417
6761.05	7.417
6766.06	7.417
6771.07	7.417
6776.08	7.417
6781.09	7.417
6786.10	7.417
6791.11	7.417
6796.13	7.416
6801.14	7.416
6806.15	7.416
6811.16	7.416
6816.17	7.416
6821.18	7.416
6826.20	7.416
6831.21	7.416
6836.22	7.416
6841.23	7.415
6846.24	7.415
6851.25	7.415
6856.27	7.415
6861.28	7.415
6866.29	7.415
6871.30	7.415
6876.31	7.415
6881.32	7.414
6886.34	7.414
6891.35	7.414
6896.36	7.414
6901.37	7.414
6906.38	7.414
6911.39	7.414
6916.40	7.414
6921.42	7.414
6926.43	7.414
6931.44	7.414
6936.45	7.413
6941.46	7.413
6946.47	7.413
6951.49	7.413
6956.50	7.413
6961.51	7.413
6966.52	7.412
6971.54	7.412
6976.55	7.412
6981.56	7.412
6986.57	7.412
6991.58	7.412
6996.59	7.412
7001.60	7.412
7006.62	7.411
7011.63	7.411
7016.64	7.411
7021.65	7.411
7026.66	7.411
7031.67	7.411
7036.69	7.411
7041.70	7.411
7046.71	7.410
7051.72	7.410
7056.73	7.410
7061.74	7.410
7066.76	7.410
7071.77	7.410
7076.78	7.409
7081.79	7.409
7086.80	7.410
7091.81	7.409
7096.82	7.409
7101.84	7.409
7106.85	7.409
7111.86	7.409
7116.87	7.409
7121.88	7.409
7126.89	7.409
7131.90	7.408
7136.92	7.409
7141.93	7.408
7146.94	7.408
7151.96	7.408
7156.97	7.408
7161.98	7.408
7166.99	7.408
7172.01	7.407
7177.02	7.407
7182.04	7.407
7187.05	7.407
7192.06	7.407
7197.07	7.407
7202.08	7.407
7207.09	7.407
7212.11	7.407
7217.12	7.407
7222.13	7.407
7227.14	7.406
7232.15	7.406
7237.16	7.406
7242.17	7.406
7247.19	7.406
7252.20	7.406
7257.21	7.406
7262.22	7.406
7267.23	7.405
7272.24	7.405
7277.26	7.405
7282.27	7.405
7287.28	7.405
7292.29	7.405
7297.30	7.405
7302.31	7.405
7307.32	7.405
7312.34	7.404
7317.35	7.404
7322.36	7.404
7327.37	7.404
7332.38	7.404
7337.39	7.404
7342.41	7.404
7347.42	7.403
7352.43	7.404
7357.44	7.404
7362.45	7.403
7367.46	7.403
7372.48	7.403
7377.49	7.403
7382.51	7.403
7387.52	7.402
7392.53	7.402
7397.54	7.402
7402.55	7.402
7407.57	7.402
7412.58	7.402
7417.59	7.402
7422.60	7.402
7427.61	7.401
7432.62	7.401
7437.64	7.401
7442.65	7.401
7447.66	7.401
7452.67	7.401
7457.68	7.401
7462.69	7.401
7467.71	7.401
7472.72	7.400
7477.73	7.400
7482.74	7.400
7487.75	7.400
7492.76	7.400
7497.77	7.400
7502.78	7.400
7507.80	7.400
7512.81	7.399
7517.82	7.399
7522.83	7.399
7527.84	7.399
7532.85	7.399
7537.86	7.399
7542.88	7.399
7547.89	7.399
7552.90	7.398
7557.91	7.398
7562.92	7.398
7567.93	7.398
7572.94	7.398
7577.96	7.398
7582.97	7.397
7587.98	7.398
7592.99	7.397
7598.00	7.398
7603.01	7.397
7608.02	7.397
7613.04	7.397
7618.05	7.397
7623.06	7.397
7628.07	7.397
7633.08	7.396
7638.09	7.396
7643.10	7.396
7648.12	7.396
7653.13	7.396
7658.14	7.396
7663.16	7.396
7668.17	7.396
7673.18	7.395
7678.19	7.395
7683.20	7.395
7688.21	7.395
7693.23	7.395
7698.24	7.395
7703.25	7.395
7708.26	7.395
7713.27	7.394
7718.28	7.394
7723.30	7.394
7728.31	7.394
7733.32	7.394
7738.33	7.394
7743.34	7.394
7748.35	7.394
7753.36	7.393
7758.38	7.393
7763.39	7.393
7768.40	7.393
7773.42	7.393
7778.43	7.393
7783.45	7.393
7788.46	7.392
7793.47	7.392
7798.48	7.392
7803.49	7.392
7808.50	7.392
7813.52	7.392
7818.53	7.392
7823.54	7.392
7828.55	7.392
7833.56	7.391
7838.57	7.391
7843.59	7.391
7848.60	7.391
7853.61	7.391
7858.62	7.391
7863.63	7.391
7868.64	7.391
7873.66	7.390
7878.67	7.390
7883.68	7.390
7888.69	7.390
7893.70	7.390
7898.71	7.390
7903.73	7.390
7908.74	7.389
7913.75	7.389
7918.76	7.389
7923.77	7.389
7928.78	7.389
7933.80	7.389
7938.81	7.389
7943.82	7.388
7948.83	7.388
7953.84	7.388
7958.85	7.388
7963.86	7.388
7968.88	7.388
7973.89	7.388
7978.90	7.387
7983.91	7.387
7988.93	7.387
7993.94	7.387
7998.95	7.387
8003.96	7.387
8008.97	7.387
8013.98	7.387
8018.99	7.387
8024.01	7.387
8029.02	7.386
8034.03	7.386
8039.04	7.386
8044.05	7.386
8049.06	7.385
8054.08	7.385
8059.09	7.385
8064.10	7.385
8069.11	7.385
8074.12	7.385
8079.13	7.385
8084.14	7.385
8089.16	7.384
8094.17	7.384
8099.18	7.384
8104.19	7.384
8109.20	7.384
8114.21	7.384
8119.23	7.384
8124.24	7.384
8129.25	7.383
8134.26	7.383
8139.27	7.383
8144.28	7.383
8149.30	7.383
8154.31	7.383
8159.32	7.383
8164.33	7.383
8169.34	7.382
8174.36	7.382
8179.37	7.382
8184.38	7.382
8189.39	7.382
8194.40	7.381
8199.41	7.381
8204.42	7.381
8209.44	7.381
8214.45	7.381
8219.46	7.381
8224.47	7.381
8229.48	7.381
8234.49	7.380
8239.51	7.380
8244.52	7.380
8249.53	7.380
8254.54	7.380
8259.55	7.380
8264.56	7.379
8269.57	7.379
8274.59	7.379
8279.60	7.379
8284.61	7.379
8289.62	7.378
8294.63	7.378
8299.64	7.378
8304.66	7.378
8309.67	7.378
8314.68	7.378
8319.69	7.378
8324.70	7.378
8329.71	7.377
8334.73	7.377
8339.74	7.377
8344.75	7.377
8349.76	7.377
8354.77	7.377
8359.78	7.377
8364.79	7.376
8369.81	7.376
8374.82	7.376
8379.83	7.376
8384.84	7.375
8389.86	7.375
8394.87	7.375
8399.89	7.375
8404.90	7.375
8409.91	7.375
8414.92	7.375
8419.93	7.374
8424.94	7.374
8429.96	7.374
8434.97	7.374
8439.98	7.374
8444.99	7.374
8450.00	7.373
8455.01	7.373
8460.02	7.373
8465.04	7.373
8470.05	7.373
8475.06	7.373
8480.07	7.372
8485.08	7.372
8490.09	7.372
8495.10	7.372
8500.12	7.372
8505.13	7.371
8510.14	7.371
8515.15	7.371
8520.16	7.371
8525.17	7.371
8530.18	7.370
8535.20	7.370
8540.21	7.370
8545.22	7.370
8550.23	7.370
8555.24	7.370
8560.25	7.370
8565.27	7.370
8570.28	7.369
8575.29	7.369
8580.31	7.369
8585.32	7.369
8590.33	7.368
8595.35	7.368
8600.36	7.368
8605.37	7.368
8610.38	7.367
8615.39	7.367
8620.40	7.367
8625.42	7.367
8630.43	7.367
8635.44	7.366
8640.45	7.366
8645.46	7.366
8650.47	7.366
8655.49	7.366
8660.50	7.365
8665.51	7.365
8670.53	7.365
8675.54	7.365
8680.55	7.365
8685.56	7.365
8690.57	7.365
8695.58	7.364
8700.60	7.364
8705.61	7.364
8710.62	7.364
8715.63	7.363
8720.64	7.363
8725.65	7.363
8730.67	7.363
8735.68	7.363
8740.69	7.363
8745.70	7.362
8750.71	7.362
8755.72	7.362
8760.74	7.362
8765.75	7.361
8770.76	7.361
8775.77	7.361
8780.78	7.361
8785.79	7.361
8790.80	7.360
8795.82	7.360
8800.83	7.360
8805.84	7.360
8810.85	7.360
8815.86	7.359
8820.87	7.359
8825.89	7.359
8830.90	7.359
8835.91	7.359
8840.92	7.358
8845.93	7.358
8850.94	7.358
8855.96	7.358
8860.97	7.358
8865.98	7.357
8870.99	7.357
8876.00	7.357
8881.02	7.356
8886.03	7.356
8891.04	7.356
8896.05	7.356
8901.07	7.356
8906.08	7.355
8911.09	7.355
8916.10	7.355
8921.11	7.355
8926.12	7.354
8931.13	7.354
8936.15	7.354
8941.16	7.353
8946.17	7.353
8951.18	7.353
8956.19	7.353
8961.20	7.353
8966.22	7.353
8971.23	7.352
8976.24	7.352
8981.25	7.352
8986.26	7.352
8991.27	7.351
8996.29	7.351
9001.30	7.351
9006.32	7.351
9011.33	7.350
9016.34	7.350
9021.35	7.350
9026.37	7.350
9031.38	7.349
9036.39	7.349
9041.40	7.349
9046.41	7.349
9051.42	7.348
9056.44	7.348
9061.45	7.347
9066.46	7.347
9071.47	7.347
9076.48	7.347
9081.49	7.346
9086.50	7.346
9091.52	7.346
9096.53	7.346
9101.54	7.345
9106.55	7.345
9111.56	7.345
9116.57	7.344
9121.59	7.344
9126.60	7.344
9131.61	7.344
9136.63	7.344
9141.64	7.343
9146.65	7.343
9151.66	7.342
9156.68	7.342
9161.69	7.342
9166.70	7.342
9171.71	7.341
9176.72	7.341
9181.73	7.341
9186.74	7.340
9191.76	7.340
9196.77	7.340
9201.78	7.339
9206.79	7.339
9211.80	7.339
9216.81	7.338
9221.83	7.338
9226.84	7.338
9231.85	7.338
9236.86	7.337
9241.87	7.337
9246.88	7.337
9251.89	7.336
9256.91	7.336
9261.92	7.336
9266.93	7.335
9271.94	7.335
9276.95	7.335
9281.96	7.334
9286.98	7.334
9291.99	7.333
9297.00	7.333
9302.01	7.333
9307.02	7.332
9312.03	7.332
9317.04	7.332
9322.06	7.331
9327.07	7.331
9332.08	7.330
9337.09	7.330
9342.10	7.330
9347.11	7.330
9352.13	7.329
9357.14	7.329
9362.16	7.329
9367.17	7.328
9372.18	7.328
9377.19	7.327
9382.20	7.327
9387.21	7.327
9392.23	7.326
9397.24	7.326
9402.25	7.325
9407.26	7.325
9412.27	7.325
9417.28	7.324
9422.30	7.324
9427.31	7.323
9432.32	7.323
9437.33	7.323
9442.34	7.322
9447.35	7.322
9452.38	7.321
9457.39	7.321
9462.41	7.320
9467.42	7.320
9472.43	7.320
9477.44	7.319
9482.45	7.319
9487.46	7.318
9492.48	7.318
9497.49	7.318
9502.50	7.317
9507.51	7.317
9512.52	7.316
9517.53	7.316
9522.55	7.316
9527.56	7.315
9532.57	7.315
9537.58	7.314
9542.59	7.314
9547.60	7.313
9552.61	7.313
9557.63	7.312
9562.64	7.312
9567.65	7.312
9572.67	7.311
9577.68	7.310
9582.69	7.310
9587.70	7.309
9592.71	7.309
9597.72	7.309
9602.73	7.308
9607.74	7.308
9612.76	7.307
9617.77	7.307
9622.78	7.307
9627.79	7.306
9632.80	7.305
9637.81	7.305
9642.83	7.304
9647.84	7.304
9652.85	7.303
9657.86	7.303
9662.87	7.302
9667.88	7.302
9672.90	7.301
9677.91	7.300
9682.92	7.300
9687.93	7.300
9692.94	7.299
9697.95	7.299
9702.96	7.298
9707.98	7.297
9712.99	7.297
9718.00	7.296
9723.01	7.296
9728.02	7.295
9733.03	7.295
9738.04	7.294
9743.06	7.294
9748.07	7.293
9753.08	7.293
9758.09	7.292
9763.10	7.292
9768.11	7.291
9773.13	7.291
9778.14	7.290
9783.15	7.290
9788.16	7.289
9793.17	7.288
9798.18	7.288
9803.19	7.287
9808.21	7.287
9813.22	7.286
9818.23	7.285
9823.24	7.285
9828.25	7.284
9833.26	7.284
9838.28	7.283
9843.29	7.282
9848.30	7.282
9853.31	7.281
9858.32	7.281
9863.33	7.280
9868.35	7.280
9873.36	7.279
9878.37	7.278
9883.38	7.278
9888.39	7.277
9893.40	7.277
9898.41	7.276
9903.42	7.275
9908.44	7.275
9913.45	7.274
9918.46	7.274
9923.47	7.273
9928.48	7.272
9933.49	7.272
9938.51	7.271
9943.52	7.271
9948.53	7.270
9953.54	7.269
9958.55	7.269
9963.56	7.268
9968.58	7.267
9973.59	7.267
9978.60	7.266
9983.61	7.266
9988.62	7.265
9993.63	7.264
9998.65	7.264
10003.66	7.263
10008.67	7.262
10013.68	7.262
10018.69	7.261
10023.70	7.260
10028.72	7.260
10033.73	7.259
10038.74	7.258
10043.75	7.258
10048.76	7.257
10053.77	7.256
10058.78	7.256
10063.80	7.255
10068.81	7.254
10073.82	7.254
10078.83	7.253
10083.84	7.252
10088.85	7.252
10093.87	7.251
10098.88	7.250
10103.89	7.249
10108.90	7.249
10113.91	7.248
10118.92	7.248
10123.93	7.247
10128.95	7.246
10133.96	7.245
10138.97	7.245
10143.98	7.244
10148.99	7.243
10154.00	7.243
10159.02	7.242
10164.03	7.241
10169.04	7.241
10174.05	7.240
10179.06	7.239
10184.07	7.238
10189.09	7.238
10194.10	7.237
10199.11	7.236
10204.12	7.236
10209.14	7.235
10214.15	7.234
10219.16	7.233
10224.18	7.233
10229.19	7.232
10234.20	7.231
10239.22	7.231
10244.24	7.230
10249.25	7.229
10254.26	7.228
10259.28	7.228
10264.29	7.227
10269.30	7.227
10274.32	7.226
10279.33	7.225
10284.34	7.224
10289.35	7.223
10294.36	7.223
10299.38	7.222
10304.39	7.221
10309.41	7.220
10314.42	7.220
10319.44	7.219
10324.45	7.218
10329.47	7.217
10334.48	7.217
10339.50	7.216
10344.51	7.215
10349.53	7.214
10354.54	7.213
10359.55	7.213
10364.56	7.212
10369.57	7.211
10374.58	7.211
10379.60	7.210
10384.62	7.209
10389.63	7.208
10394.65	7.208
10399.66	7.207
10404.68	7.206
10409.69	7.205
10414.70	7.205
10419.71	7.204
10424.73	7.203
10429.74	7.202
10434.75	7.201
10439.77	7.201
10444.78	7.200
10449.79	7.199
10454.80	7.198
10459.82	7.198
10464.83	7.197
10469.84	7.196
10474.86	7.195
10479.87	7.195
10484.89	7.194
10489.90	7.193
10494.92	7.192
10499.94	7.192
10504.95	7.191
10509.97	7.190
10514.98	7.189
10520.00	7.188
10525.01	7.187
10530.02	7.187
10535.03	7.186
10540.05	7.185
10545.06	7.184
10550.07	7.184
10555.08	7.183
10560.09	7.182
10565.10	7.181
10570.12	7.180
10575.13	7.180
10580.14	7.179
10585.16	7.178
10590.17	7.177
10595.19	7.176
10600.20	7.175
10605.22	7.175
10610.23	7.174
10615.25	7.173
10620.26	7.172
10625.28	7.171
10630.29	7.170
10635.31	7.169
10640.32	7.169
10645.33	7.168
10650.34	7.167
10655.35	7.166
10660.36	7.165
10665.38	7.165
10670.39	7.164
10675.40	7.163
10680.41	7.162
10685.42	7.161
10690.44	7.161
10695.45	7.160
10700.46	7.159
10705.47	7.158
10710.49	7.157
10715.50	7.156
10720.51	7.156
10725.53	7.155
10730.54	7.154
10735.56	7.153
10740.57	7.152
10745.59	7.151
10750.60	7.151
10755.62	7.150
10760.63	7.149
10765.64	7.148
10770.65	7.147
10775.66	7.146
10780.68	7.145
10785.69	7.145
10790.70	7.144
10795.71	7.143
10800.73	7.142
10805.74	7.141
10810.76	7.140
10815.78	7.140
10820.79	7.138
10825.80	7.138
10830.82	7.137
10835.83	7.136
10840.85	7.135
10845.87	7.134
10850.88	7.133
10855.89	7.132
10860.90	7.132
10865.91	7.131
10870.92	7.130
10875.93	7.129
10880.95	7.128
10885.96	7.127
10890.97	7.126
10895.98	7.125
10900.99	7.125
10906.00	7.124
10911.02	7.123
10916.03	7.122
10921.04	7.121
10926.05	7.120
10931.07	7.119
10936.08	7.119
10941.09	7.118
10946.10	7.117
10951.12	7.116
10956.14	7.115
10961.15	7.114
10966.17	7.113
10971.18	7.112
10976.20	7.111
10981.21	7.110
10986.22	7.110
10991.23	7.109
10996.24	7.108
11001.26	7.107
11006.27	7.106
11011.28	7.105
11016.29	7.104
11021.30	7.104
11026.31	7.103
11031.33	7.102
11036.34	7.101
11041.35	7.100
11046.36	7.099
11051.38	7.098
11056.39	7.097
11061.40	7.096
11066.42	7.095
11071.43	7.094
11076.45	7.094
11081.46	7.093
11086.47	7.092
11091.49	7.091
11096.50	7.090
11101.52	7.089
11106.53	7.088
11111.55	7.087
11116.56	7.086
11121.57	7.085
11126.58	7.084
11131.59	7.084
11136.60	7.083
11141.61	7.082
11146.63	7.081
11151.64	7.080
11156.66	7.079
11161.67	7.078
11166.69	7.077
11171.70	7.076
11176.71	7.075
11181.72	7.074
11186.74	7.073
11191.75	7.072
11196.76	7.071
11201.77	7.070
11206.78	7.069
11211.79	7.068
11216.80	7.067
11221.82	7.066
11226.83	7.065
11231.84	7.064
11236.85	7.064
11241.86	7.063
11246.87	7.062
11251.88	7.061
11256.90	7.060
11261.91	7.059
11266.92	7.058
11271.93	7.057
11276.94	7.056
11281.95	7.055
11286.97	7.054
11291.98	7.053
11296.99	7.052
11302.00	7.051
11307.01	7.050
11312.02	7.049
11317.04	7.048
11322.05	7.047
11327.06	7.046
11332.07	7.045
11337.08	7.044
11342.09	7.043
11347.11	7.043
11352.12	7.041
11357.13	7.040
11362.14	7.039
11367.15	7.038
11372.16	7.037
11377.17	7.036
11382.19	7.035
11387.20	7.034
11392.21	7.033
11397.22	7.033
11402.23	7.032
11407.24	7.031
11412.26	7.029
11417.27	7.028
11422.28	7.027
11427.29	7.026
11432.30	7.025
11437.31	7.024
11442.32	7.023
11447.34	7.022
11452.35	7.021
11457.36	7.020
11462.37	7.019
11467.38	7.018
11472.39	7.017
11477.40	7.016
11482.42	7.015
11487.43	7.014
11492.44	7.013
11497.45	7.012
11502.46	7.011
11507.47	7.010
11512.49	7.009
11517.50	7.008
11522.51	7.007
11527.52	7.006
11532.53	7.005
11537.54	7.004
11542.56	7.003
11547.57	7.002
11552.58	7.001
11557.59	7.000
11562.60	6.999
11567.61	6.998
11572.62	6.997
11577.64	6.996
11582.65	6.995
11587.66	6.994
11592.67	6.993
11597.68	6.992
11602.69	6.991
11607.71	6.990
11612.72	6.988
11617.73	6.988
11622.74	6.986
11627.75	6.985
11632.76	6.984
11637.77	6.983
11642.79	6.982
11647.80	6.981
11652.81	6.980
11657.82	6.979
11662.83	6.978
11667.84	6.977
11672.86	6.976
11677.87	6.974
11682.88	6.974
11687.89	6.972
11692.90	6.971
11697.91	6.971
11702.93	6.969
11707.94	6.968
11712.95	6.967
11717.96	6.966
11722.97	6.965
11727.98	6.964
11732.99	6.963
11738.01	6.962
11743.02	6.961
11748.03	6.959
11753.04	6.958
11758.05	6.957
11763.06	6.956
11768.08	6.955
11773.09	6.954
11778.10	6.953
11783.11	6.952
11788.12	6.951
11793.13	6.950
11798.14	6.949
11803.16	6.948
11808.17	6.947
11813.18	6.945
11818.19	6.944
11823.20	6.943
11828.21	6.942
11833.23	6.941
11838.24	6.940
11843.25	6.939
11848.26	6.937
11853.27	6.936
11858.28	6.935
11863.29	6.934
11868.31	6.933
11873.32	6.932
11878.33	6.931
11883.34	6.930
11888.36	6.929
11893.37	6.927
11898.38	6.926
11903.39	6.925
11908.40	6.924
11913.41	6.923
11918.43	6.921
11923.44	6.920
11928.45	6.919
11933.46	6.918
11938.47	6.917
11943.48	6.916
11948.50	6.915
11953.51	6.914
11958.52	6.913
11963.53	6.911
11968.54	6.910
11973.55	6.909
11978.57	6.908
11983.58	6.907
11988.59	6.905
11993.60	6.904
11998.61	6.903
12003.62	6.902
12008.63	6.901
12013.65	6.900
12018.66	6.899
12023.67	6.898
12028.68	6.896
12033.69	6.895
12038.70	6.894
12043.72	6.893
12048.73	6.892
12053.74	6.891
12058.75	6.889
12063.76	6.888
12068.77	6.887
12073.79	6.886
12078.80	6.884
12083.81	6.883
12088.82	6.882
12093.83	6.881
12098.84	6.880
12103.85	6.879
12108.87	6.877
12113.88	6.876
12118.89	6.875
12123.90	6.874
12128.91	6.873
12133.92	6.872
12138.94	6.870
12143.95	6.869
12148.96	6.868
12153.97	6.867
12158.98	6.866
12163.99	6.864
12169.00	6.863
12174.02	6.862
12179.03	6.861
12184.04	6.859
12189.05	6.858
12194.06	6.857
12199.07	6.856
12204.09	6.854
12209.10	6.853
12214.11	6.852
12219.12	6.850
12224.13	6.849
12229.14	6.848
12234.15	6.847
12239.17	6.846
12244.18	6.844
12249.19	6.843
12254.20	6.842
12259.21	6.841
12264.22	6.839
12269.24	6.838
12274.25	6.837
12279.26	6.836
12284.27	6.834
12289.28	6.833
12294.29	6.832
12299.31	6.831
12304.32	6.829
12309.33	6.828
12314.34	6.827
12319.35	6.825
12324.36	6.824
12329.38	6.823
12334.39	6.822
12339.40	6.820
12344.41	6.819
12349.42	6.818
12354.43	6.816
12359.45	6.815
12364.46	6.814
12369.47	6.812
12374.48	6.811
12379.49	6.810
12384.50	6.809
12389.51	6.807
12394.53	6.806
12399.54	6.805
12404.55	6.803
12409.56	6.802
12414.57	6.801
12419.58	6.800
12424.60	6.798
12429.61	6.797
12434.62	6.796
12439.63	6.794
12444.64	6.793
12449.65	6.792
12454.66	6.790
12459.68	6.789
12464.69	6.788
12469.70	6.786
12474.71	6.785
12479.72	6.784
12484.73	6.782
12489.75	6.781
12494.76	6.780
12499.77	6.778
12504.78	6.777
12509.79	6.775
12514.80	6.774
12519.82	6.773
12524.83	6.772
12529.84	6.770
12534.85	6.769
12539.86	6.767
12544.87	6.766
12549.89	6.765
12554.90	6.763
12559.91	6.762
12564.92	6.761
12569.93	6.759
12574.94	6.758
12579.96	6.757
12584.97	6.755
12589.98	6.754
12594.99	6.752
12600.00	6.751
12605.01	6.750
12610.03	6.748
12615.04	6.747
12620.05	6.745
12625.06	6.744
12630.07	6.743
12635.08	6.741
12640.10	6.740
12645.11	6.739
12650.12	6.737
12655.13	6.736
12660.14	6.734
12665.15	6.733
12670.16	6.731
12675.18	6.730
12680.19	6.728
12685.20	6.727
12690.21	6.726
12695.22	6.724
12700.23	6.723
12705.24	6.722
12710.26	6.720
12715.27	6.719
12720.28	6.717
12725.29	6.716
12730.30	6.714
12735.31	6.713
12740.33	6.711
12745.34	6.710
12750.35	6.708
12755.36	6.707
12760.37	6.706
12765.38	6.704
12770.40	6.703
12775.41	6.701
12780.42	6.700
12785.43	6.698
12790.44	6.697
12795.45	6.695
12800.46	6.694
12805.48	6.692
12810.49	6.691
12815.50	6.689
12820.51	6.688
12825.52	6.687
12830.53	6.685
12835.55	6.684
12840.56	6.682
12845.57	6.681
12850.58	6.679
12855.59	6.678
12860.60	6.676
12865.62	6.675
12870.63	6.673
12875.64	6.672
12880.65	6.670
12885.66	6.669
12890.67	6.667
12895.69	6.666
12900.70	6.664
12905.71	6.663
12910.72	6.661
12915.73	6.659
12920.74	6.658
12925.76	6.657
12930.77	6.655
12935.78	6.653
12940.79	6.652
12945.80	6.650
12950.81	6.649
12955.82	6.647
12960.84	6.646
12965.85	6.644
12970.86	6.643
12975.87	6.641
12980.88	6.640
12985.89	6.638
12990.91	6.637
12995.92	6.635
13000.93	6.633
13005.94	6.632
13010.95	6.630
13015.96	6.629
13020.98	6.627
13025.99	6.626
13031.00	6.624
13036.01	6.622
13041.03	6.621
13046.04	6.619
13051.05	6.618
13056.06	6.616
13061.08	6.615
13066.09	6.613
13071.10	6.612
13076.11	6.610
13081.12	6.608
13086.13	6.607
13091.15	6.605
13096.16	6.604
13101.17	6.602
13106.18	6.600
13111.19	6.599
13116.20	6.597
13121.21	6.596
13126.23	6.594
13131.24	6.592
13136.25	6.591
13141.26	6.589
13146.27	6.587
13151.28	6.586
13156.30	6.584
13161.31	6.583
13166.32	6.581
13171.33	6.579
13176.34	6.578
13181.35	6.576
13186.37	6.574
13191.38	6.573
13196.39	6.571
13201.40	6.570
13206.41	6.568
13211.42	6.566
13216.44	6.564
13221.45	6.563
13226.46	6.561
13231.47	6.559
13236.49	6.558
13241.50	6.556
13246.51	6.554
13251.52	6.553
13256.53	6.551
13261.55	6.549
13266.56	6.548
13271.57	6.546
13276.58	6.545
13281.59	6.543
13286.60	6.541
13291.62	6.539
13296.63	6.538
13301.64	6.536
13306.65	6.534
13311.66	6.533
13316.67	6.531
13321.69	6.529
13326.70	6.527
13331.71	6.526
13336.72	6.524
13341.73	6.522
13346.74	6.521
13351.75	6.519
13356.77	6.517
13361.78	6.515
13366.79	6.514
13371.80	6.512
13376.81	6.510
13381.82	6.509
13386.84	6.507
13391.85	6.505
13396.86	6.503
13401.87	6.502
13406.88	6.500
13411.89	6.498
13416.90	6.496
13421.92	6.494
13426.93	6.493
13431.94	6.491
13436.95	6.489
13441.96	6.487
13446.97	6.485
13451.99	6.484
13457.00	6.482
13462.01	6.480
13467.02	6.478
13472.03	6.477
13477.04	6.475
13482.05	6.473
13487.07	6.471
13492.08	6.469
13497.09	6.467
13502.10	6.466
13507.11	6.464
13512.12	6.462
13517.14	6.460
13522.15	6.458
13527.16	6.457
13532.17	6.455
13537.18	6.453
13542.19	6.451
13547.21	6.449
13552.22	6.447
13557.23	6.445
13562.24	6.443
13567.25	6.441
13572.26	6.440
13577.28	6.438
13582.29	6.436
13587.30	6.434
13592.31	6.432
13597.32	6.430
13602.33	6.428
13607.34	6.426
13612.36	6.424
13617.37	6.423
13622.38	6.421
13627.39	6.419
13632.41	6.417
13637.42	6.415
13642.43	6.413
13647.44	6.411
13652.45	6.409
13657.46	6.407
13662.48	6.405
13667.49	6.403
13672.50	6.401
13677.51	6.399
13682.52	6.397
13687.53	6.395
13692.54	6.393
13697.55	6.391
13702.57	6.389
13707.58	6.387
13712.59	6.385
13717.60	6.383
13722.61	6.381
13727.62	6.379
13732.64	6.377
13737.65	6.375
13742.66	6.373
13747.67	6.371
13752.68	6.369
13757.69	6.367
13762.70	6.365
13767.72	6.363
13772.73	6.360
13777.74	6.358
13782.75	6.356
13787.76	6.354
13792.77	6.352
13797.79	6.350
13802.80	6.348
13807.81	6.346
13812.82	6.344
13817.83	6.342
13822.84	6.340
13827.86	6.338
13832.87	6.336
13837.88	6.333
13842.89	6.331
13847.90	6.329
13852.91	6.327
13857.93	6.324
13862.94	6.323
13867.95	6.320
13872.96	6.318
13877.97	6.316
13882.98	6.314
13887.99	6.312
13893.01	6.310
13898.02	6.308
13903.03	6.305
13908.04	6.303
13913.05	6.301
13918.06	6.299
13923.08	6.297
13928.09	6.295
13933.10	6.292
13938.11	6.290
13943.12	6.288
13948.13	6.285
13953.14	6.283
13958.16	6.281
13963.17	6.279
13968.18	6.277
13973.19	6.274
13978.20	6.272
13983.21	6.270
13988.22	6.268
13993.24	6.265
13998.25	6.263
14003.26	6.261
14008.27	6.259
14013.28	6.257
14018.29	6.254
14023.31	6.252
14028.32	6.250
14033.33	6.247
14038.34	6.245
14043.35	6.243
14048.36	6.241
14053.38	6.238
14058.39	6.236
14063.40	6.234
14068.41	6.232
14073.42	6.229
14078.43	6.227
14083.44	6.225
14088.46	6.222
14093.47	6.220
14098.48	6.218
14103.49	6.216
14108.50	6.213
14113.51	6.211
14118.52	6.209
14123.54	6.207
14128.55	6.204
14133.56	6.202
14138.57	6.200
14143.58	6.198
14148.59	6.195
14153.61	6.193
14158.62	6.191
14163.63	6.188
14168.64	6.186
14173.65	6.184
14178.66	6.182
14183.68	6.179
14188.69	6.177
14193.70	6.175
14198.71	6.172
14203.72	6.170
14208.73	6.168
14213.75	6.166
14218.76	6.163
14223.77	6.161
14228.78	6.159
14233.79	6.156
14238.80	6.154
14243.81	6.152
14248.83	6.150
14253.84	6.147
14258.85	6.145
14263.86	6.143
14268.87	6.141
14273.88	6.138
14278.89	6.136
14283.91	6.134
14288.92	6.132
14293.93	6.129
14298.94	6.127
14303.95	6.125
14308.96	6.122
14313.98	6.120
14318.99	6.118
14324.00	6.116
14329.01	6.113
14334.02	6.111
14339.03	6.109
14344.05	6.106
14349.06	6.104
14354.07	6.102
14359.08	6.100
14364.09	6.097
14369.10	6.095
14374.11	6.093
14379.13	6.091
14384.14	6.089
14389.15	6.086
14394.16	6.084
14399.17	6.082
14404.18	6.080
14409.20	6.077
14414.21	6.075
14419.22	6.073
14424.23	6.071
14429.24	6.069
14434.25	6.066
14439.27	6.064
14444.28	6.062
14449.29	6.060
14454.30	6.057
14459.31	6.055
14464.32	6.053
14469.34	6.051
14474.35	6.049
14479.36	6.047
14484.37	6.044
14489.38	6.042
14494.39	6.040
14499.40	6.038
14504.42	6.035
14509.43	6.033
14514.44	6.031
14519.45	6.029
14524.46	6.027
14529.47	6.024
14534.49	6.022
14539.50	6.020
14544.51	6.018
14549.52	6.016
14554.53	6.014
14559.54	6.012
14564.56	6.009
14569.57	6.007
14574.58	6.005
14579.59	6.003
14584.60	6.001
14589.61	5.999
14594.62	5.997
14599.64	5.995
14604.65	5.993
14609.66	5.990
14614.67	5.988
14619.68	5.986
14624.69	5.984
14629.70	5.982
14634.72	5.980
14639.73	5.978
14644.74	5.976
14649.75	5.974
