2.51	7.897
7.52	7.897
12.53	7.898
17.54	7.898
22.55	7.898
27.56	7.898
32.58	7.898
37.59	7.898
42.60	7.898
47.62	7.898
52.63	7.898
57.65	7.898
62.66	7.686
67.67	7.692
72.68	7.696
77.69	7.698
82.71	7.699
87.72	7.700
92.73	7.701
97.74	7.701
102.75	7.701
107.76	7.702
112.78	7.702
117.79	7.701
122.80	7.701
127.81	7.701
132.82	7.700
137.83	7.700
142.85	7.700
147.86	7.700
152.88	7.699
157.89	7.699
162.91	7.699
167.92	7.698
172.94	7.698
177.95	7.697
182.97	7.697
187.98	7.697
192.99	7.697
198.01	7.696
203.02	7.696
208.04	7.696
213.05	7.695
218.07	7.695
223.08	7.695
228.09	7.694
233.11	7.694
238.13	7.694
243.14	7.694
248.15	7.693
253.17	7.693
258.18	7.693
263.19	7.693
268.20	7.692
273.21	7.692
278.22	7.692
283.24	7.692
288.25	7.691
293.26	7.691
298.27	7.691
303.28	7.690
308.29	7.690
313.30	7.690
318.32	7.690
323.33	7.689
328.34	7.689
333.35	7.689
338.37	7.689
343.38	7.688
348.40	7.688
353.42	7.688
358.43	7.687
363.44	7.687
368.46	7.687
373.47	7.687
378.49	7.687
383.50	7.686
388.52	7.686
393.53	7.686
398.54	7.686
403.55	7.685
408.57	7.685
413.58	7.685
418.59	7.685
423.61	7.685
428.62	7.684
433.64	7.684
438.65	7.684
443.66	7.683
448.68	7.683
453.69	7.683
458.70	7.683
463.72	7.682
468.73	7.682
473.75	7.682
478.76	7.682
483.78	7.682
488.79	7.681
493.81	7.681
498.82	7.681
503.83	7.681
508.85	7.680
513.86	7.680
518.88	7.680
523.89	7.679
528.91	7.679
533.92	7.679
538.93	7.679
543.94	7.679
548.96	7.678
553.97	7.678
558.98	7.678
563.99	7.678
569.00	7.678
574.01	7.677
579.03	7.677
584.04	7.677
589.05	7.676
594.06	7.676
599.07	7.676
604.08	7.676
609.10	7.676
614.11	7.675
619.12	7.675
624.13	7.675
629.14	7.674
634.15	7.674
639.16	7.674
644.18	7.674
649.19	7.674
654.20	7.673
659.21	7.673
664.22	7.673
669.23	7.673
674.25	7.672
679.26	7.672
684.27	7.672
689.28	7.672
694.29	7.671
699.30	7.671
704.32	7.671
709.33	7.671
714.34	7.670
719.35	7.670
724.36	7.670
729.37	7.670
734.39	7.669
739.40	7.669
744.41	7.669
749.43	7.669
754.45	7.668
759.46	7.668
764.48	7.668
769.49	7.668
774.51	7.668
779.52	7.667
784.54	7.667
789.55	7.667
794.57	7.667
799.58	7.667
804.59	7.666
809.61	7.666
814.63	7.666
819.64	7.665
824.66	7.665
829.67	7.665
834.69	7.665
839.70	7.664
844.71	7.664
849.73	7.664
854.75	7.664
859.76	7.664
864.77	7.664
869.79	7.663
874.80	7.663
879.85	7.663
884.86	7.662
889.88	7.662
894.89	7.662
899.91	7.662
904.92	7.661
909.93	7.661
914.95	7.661
919.96	7.661
924.98	7.661
929.99	7.660
935.00	7.660
940.02	7.660
945.03	7.660
950.05	7.659
955.06	7.659
960.08	7.659
965.09	7.659
970.10	7.658
975.12	7.658
980.13	7.658
985.15	7.658
990.16	7.658
995.18	7.658
1000.19	7.658
1005.20	7.657
1010.22	7.657
1015.23	7.657
1020.25	7.657
1025.26	7.656
1030.28	7.656
1035.29	7.656
1040.30	7.655
1045.32	7.655
1050.33	7.655
1055.35	7.655
1060.36	7.655
1065.37	7.654
1070.39	7.654
1075.41	7.654
1080.42	7.654
1085.43	7.653
1090.45	7.653
1095.46	7.653
1100.48	7.652
1105.49	7.652
1110.50	7.652
1115.52	7.652
1120.54	7.652
1125.55	7.652
1130.56	7.651
1135.58	7.651
1140.59	7.651
1145.61	7.651
1150.62	7.651
1155.64	7.650
1160.65	7.650
1165.66	7.650
1170.68	7.650
1175.69	7.649
1180.71	7.649
1185.72	7.649
1190.74	7.649
1195.75	7.648
1200.77	7.648
1205.78	7.648
1210.79	7.648
1215.81	7.648
1220.82	7.647
1225.84	7.647
1230.85	7.647
1235.87	7.647
1240.88	7.646
1245.89	7.646
1250.91	7.646
1255.93	7.646
1260.94	7.646
1265.95	7.645
1270.97	7.645
1275.98	7.645
1281.00	7.645
1286.01	7.645
1291.03	7.644
1296.04	7.644
1301.06	7.644
1306.07	7.644
1311.09	7.643
1316.10	7.643
1321.11	7.643
1326.13	7.643
1331.15	7.643
1336.16	7.642
1341.17	7.642
1346.19	7.642
1351.21	7.642
1356.22	7.641
1361.23	7.641
1366.25	7.641
1371.26	7.641
1376.28	7.641
1381.29	7.640
1386.31	7.640
1391.32	7.640
1396.33	7.640
1401.35	7.640
1406.36	7.639
1411.38	7.639
1416.39	7.639
1421.41	7.639
1426.42	7.638
1431.44	7.638
1436.45	7.638
1441.47	7.638
1446.49	7.638
1451.50	7.637
1456.51	7.637
1461.53	7.637
1466.54	7.637
1471.55	7.637
1476.57	7.636
1481.58	7.636
1486.60	7.636
1491.61	7.636
1496.63	7.636
1501.64	7.635
1506.66	7.635
1511.67	7.635
1516.68	7.635
1521.70	7.634
1526.71	7.634
1531.73	7.634
1536.74	7.634
1541.76	7.633
1546.77	7.633
1551.78	7.633
1556.80	7.633
1561.81	7.632
1566.83	7.632
1571.84	7.632
1576.86	7.632
1581.87	7.632
1586.88	7.632
1591.90	7.632
1596.91	7.631
1601.93	7.631
1606.94	7.630
1611.96	7.630
1616.97	7.630
1621.98	7.630
1626.99	7.630
1632.00	7.630
1637.01	7.629
1642.03	7.629
1647.04	7.629
1652.05	7.629
1657.06	7.628
1662.07	7.628
1667.08	7.628
1672.10	7.628
1677.11	7.628
1682.12	7.628
1687.13	7.627
1692.14	7.627
1697.16	7.627
1702.17	7.626
1707.18	7.626
1712.20	7.626
1717.21	7.626
1722.23	7.626
1727.24	7.625
1732.25	7.625
1737.27	7.625
1742.29	7.625
1747.30	7.624
1752.31	7.624
1757.33	7.624
1762.34	7.624
1767.36	7.624
1772.37	7.624
1777.39	7.623
1782.40	7.623
1787.42	7.623
1792.43	7.623
1797.45	7.622
1802.46	7.622
1807.48	7.622
1812.49	7.622
1817.51	7.622
1822.52	7.622
1827.53	7.621
1832.55	7.621
1837.56	7.621
1842.58	7.621
1847.59	7.620
1852.61	7.620
1857.62	7.620
1862.63	7.620
1867.65	7.619
1872.66	7.619
1877.68	7.619
1882.69	7.619
1887.70	7.619
1892.72	7.619
1897.73	7.619
1902.75	7.618
1907.77	7.618
1912.78	7.618
1917.80	7.618
1922.81	7.617
1927.82	7.617
1932.84	7.617
1937.85	7.617
1942.86	7.617
1947.88	7.616
1952.89	7.616
1957.90	7.616
1962.92	7.616
1967.93	7.615
1972.94	7.615
1977.96	7.615
1982.97	7.615
1987.99	7.614
1993.00	7.614
1998.02	7.614
2003.03	7.614
2008.05	7.614
2013.06	7.613
2018.07	7.613
2023.09	7.613
2028.10	7.613
2033.12	7.613
2038.14	7.613
2043.15	7.613
2048.16	7.613
2053.18	7.612
2058.19	7.612
2063.20	7.612
2068.22	7.611
2073.24	7.612
2078.25	7.611
2083.26	7.611
2088.28	7.611
2093.29	7.611
2098.31	7.611
2103.32	7.610
2108.34	7.610
2113.35	7.610
2118.37	7.610
2123.38	7.609
2128.40	7.609
2133.41	7.609
2138.43	7.609
2143.44	7.608
2148.45	7.608
2153.47	7.608
2158.48	7.608
2163.50	7.608
2168.52	7.607
2173.53	7.607
2178.54	7.607
2183.56	7.607
2188.57	7.607
2193.59	7.606
2198.60	7.606
2203.61	7.606
2208.63	7.606
2213.65	7.605
2218.66	7.605
2223.67	7.605
2228.68	7.605
2233.70	7.605
2238.71	7.605
2243.73	7.604
2248.74	7.604
2253.76	7.604
2258.77	7.604
2263.79	7.604
2268.80	7.603
2273.82	7.603
2278.83	7.603
2283.85	7.603
2288.86	7.603
2293.88	7.603
2298.89	7.602
2303.90	7.602
2308.92	7.602
2313.93	7.602
2318.95	7.601
2323.96	7.601
2328.98	7.601
2333.99	7.601
2339.01	7.600
2344.02	7.601
2349.04	7.600
2354.05	7.600
2359.07	7.600
2364.08	7.600
2369.09	7.600
2374.11	7.599
2379.12	7.599
2384.13	7.599
2389.14	7.599
2394.15	7.598
2399.16	7.598
2404.17	7.598
2409.19	7.598
2414.20	7.598
2419.21	7.597
2424.22	7.597
2429.23	7.597
2434.24	7.597
2439.26	7.597
2444.27	7.596
2449.28	7.596
2454.30	7.596
2459.31	7.596
2464.33	7.596
2469.34	7.596
2474.35	7.595
2479.36	7.595
2484.38	7.595
2489.39	7.595
2494.40	7.594
2499.41	7.594
2504.42	7.594
2509.44	7.594
2514.45	7.594
2519.46	7.594
2524.47	7.593
2529.49	7.593
2534.50	7.593
2539.51	7.593
2544.53	7.592
2549.55	7.592
2554.56	7.592
2559.57	7.592
2564.59	7.592
2569.61	7.591
2574.62	7.591
2579.64	7.591
2584.65	7.591
2589.67	7.591
2594.68	7.591
2599.69	7.591
2604.71	7.590
2609.72	7.590
2614.74	7.590
2619.75	7.589
2624.77	7.589
2629.78	7.589
2634.80	7.589
2639.81	7.589
2644.82	7.589
2649.84	7.588
2654.86	7.588
2659.87	7.588
2664.88	7.588
2669.90	7.588
2674.91	7.587
2679.93	7.587
2684.94	7.587
2689.95	7.587
2694.97	7.587
2699.98	7.586
2705.00	7.586
2710.01	7.586
2715.03	7.586
2720.04	7.585
2725.06	7.585
2730.07	7.585
2735.09	7.585
2740.10	7.585
2745.11	7.584
2750.12	7.584
2755.13	7.584
2760.14	7.584
2765.16	7.584
2770.17	7.584
2775.18	7.583
2780.20	7.583
2785.21	7.583
2790.23	7.583
2795.24	7.582
2800.26	7.582
2805.27	7.582
2810.28	7.582
2815.30	7.582
2820.31	7.581
2825.33	7.581
2830.34	7.581
2835.36	7.581
2840.37	7.581
2845.38	7.580
2850.40	7.580
2855.41	7.580
2860.42	7.580
2865.45	7.580
2870.46	7.580
2875.47	7.579
2880.48	7.579
2885.49	7.579
2890.51	7.578
2895.52	7.578
2900.54	7.578
2905.56	7.578
2910.57	7.578
2915.58	7.578
2920.60	7.578
2925.61	7.578
2930.63	7.577
2935.64	7.577
2940.66	7.577
2945.67	7.577
2950.69	7.577
2955.70	7.576
2960.72	7.576
2965.73	7.576
2970.74	7.576
2975.76	7.576
2980.77	7.575
2985.79	7.575
2990.80	7.575
2995.82	7.575
3000.83	7.575
3005.85	7.574
3010.86	7.574
3015.87	7.574
3020.89	7.574
3025.90	7.573
3030.91	7.573
3035.93	7.573
3040.94	7.573
3045.96	7.573
3050.97	7.573
3055.99	7.573
3061.00	7.572
3066.02	7.572
3071.03	7.572
3076.05	7.572
3081.06	7.571
3086.07	7.571
3091.09	7.571
3096.10	7.571
3101.12	7.571
3106.13	7.570
3111.14	7.570
3116.16	7.570
3121.18	7.570
3126.19	7.569
3131.20	7.569
3136.21	7.569
3141.22	7.569
3146.23	7.569
3151.25	7.569
3156.26	7.569
3161.27	7.569
3166.28	7.568
3171.30	7.568
3176.31	7.568
3181.33	7.567
3186.34	7.567
3191.36	7.567
3196.37	7.567
3201.39	7.567
3206.40	7.567
3211.41	7.566
3216.43	7.566
3221.45	7.566
3226.46	7.566
3231.47	7.566
3236.49	7.565
3241.50	7.565
3246.52	7.565
3251.53	7.565
3256.55	7.565
3261.56	7.564
3266.58	7.564
3271.59	7.564
3276.61	7.564
3281.62	7.564
3286.63	7.564
3291.65	7.563
3296.66	7.563
3301.68	7.563
3306.69	7.563
3311.71	7.563
3316.72	7.562
3321.73	7.562
3326.75	7.562
3331.76	7.562
3336.78	7.562
3341.79	7.561
3346.80	7.561
3351.82	7.561
3356.83	7.561
3361.85	7.561
3366.86	7.560
3371.87	7.560
3376.88	7.560
3381.89	7.560
3386.91	7.559
3391.92	7.559
3396.94	7.559
3401.95	7.559
3406.97	7.559
3411.98	7.558
3417.00	7.558
3422.01	7.558
3427.03	7.558
3432.04	7.558
3437.06	7.558
3442.07	7.557
3447.09	7.557
3452.11	7.557
3457.12	7.556
3462.14	7.557
3467.16	7.556
3472.17	7.556
3477.18	7.556
3482.19	7.556
3487.20	7.556
3492.21	7.555
3497.23	7.555
3502.24	7.555
3507.25	7.555
3512.26	7.554
3517.27	7.554
3522.28	7.554
3527.30	7.554
3532.31	7.554
3537.32	7.553
3542.33	7.553
3547.34	7.553
3552.35	7.553
3557.36	7.553
3562.38	7.553
3567.39	7.552
3572.40	7.552
3577.41	7.552
3582.42	7.552
3587.44	7.551
3592.46	7.551
3597.47	7.551
3602.48	7.551
3607.50	7.550
3612.51	7.550
3617.53	7.550
3622.54	7.550
3627.55	7.550
3632.57	7.550
3637.59	7.549
3642.60	7.549
3647.61	7.549
3652.63	7.549
3657.65	7.548
3662.66	7.548
3667.68	7.548
3672.69	7.548
3677.71	7.548
3682.72	7.547
3687.74	7.548
3692.75	7.547
3697.77	7.547
3702.78	7.547
3707.79	7.547
3712.81	7.546
3717.83	7.546
3722.84	7.546
3727.85	7.546
3732.87	7.545
3737.88	7.545
3742.90	7.545
3747.91	7.545
3752.93	7.544
3757.94	7.544
3762.96	7.544
3767.97	7.544
3772.99	7.544
3778.00	7.544
3783.01	7.543
3788.03	7.543
3793.04	7.543
3798.06	7.543
3803.07	7.542
3808.09	7.542
3813.10	7.542
3818.12	7.542
3823.13	7.541
3828.14	7.541
3833.16	7.541
3838.17	7.541
3843.19	7.541
3848.20	7.540
3853.22	7.540
3858.23	7.540
3863.24	7.540
3868.26	7.540
3873.27	7.540
3878.28	7.539
3883.30	7.539
3888.31	7.539
3893.32	7.538
3898.34	7.538
3903.35	7.538
3908.36	7.538
3913.37	7.538
3918.38	7.537
3923.39	7.537
3928.41	7.537
3933.42	7.537
3938.43	7.537
3943.44	7.536
3948.45	7.536
3953.46	7.536
3958.48	7.536
3963.49	7.535
3968.50	7.535
3973.51	7.535
3978.52	7.535
3983.53	7.535
3988.54	7.534
3993.56	7.534
3998.57	7.534
4003.58	7.534
4008.59	7.533
4013.60	7.533
4018.61	7.533
4023.63	7.533
4028.64	7.533
4033.65	7.533
4038.66	7.532
4043.67	7.532
4048.68	7.532
4053.70	7.531
4058.71	7.531
4063.72	7.531
4068.73	7.531
4073.74	7.530
4078.75	7.530
4083.76	7.530
4088.78	7.530
4093.79	7.530
4098.80	7.529
4103.81	7.529
4108.82	7.529
4113.83	7.529
4118.85	7.529
4123.86	7.528
4128.87	7.528
4133.88	7.528
4138.89	7.528
4143.91	7.527
4148.92	7.527
4153.94	7.527
4158.95	7.527
4163.97	7.526
4168.98	7.526
4174.00	7.526
4179.01	7.526
4184.02	7.525
4189.04	7.525
4194.05	7.525
4199.07	7.525
4204.08	7.525
4209.10	7.524
4214.11	7.524
4219.12	7.524
4224.14	7.524
4229.15	7.523
4234.16	7.523
4239.18	7.523
4244.19	7.523
4249.21	7.523
4254.22	7.522
4259.24	7.522
4264.25	7.522
4269.26	7.522
4274.28	7.521
4279.29	7.521
4284.31	7.521
4289.32	7.521
4294.34	7.520
4299.35	7.520
4304.36	7.520
4309.38	7.520
4314.39	7.520
4319.40	7.520
4324.41	7.519
4329.42	7.519
4334.44	7.519
4339.45	7.518
4344.46	7.518
4349.47	7.518
4354.48	7.518
4359.49	7.518
4364.50	7.517
4369.52	7.517
4374.53	7.517
4379.54	7.516
4384.55	7.516
4389.56	7.516
4394.57	7.516
4399.59	7.516
4404.60	7.515
4409.61	7.515
4414.62	7.515
4419.63	7.515
4424.64	7.514
4429.66	7.514
4434.67	7.514
4439.68	7.514
4444.70	7.514
4449.71	7.513
4454.72	7.513
4459.73	7.513
4464.75	7.513
4469.76	7.512
4474.77	7.512
4479.79	7.512
4484.80	7.512
4489.81	7.511
4494.83	7.511
4499.84	7.511
4504.86	7.511
4509.87	7.510
4514.89	7.510
4519.90	7.510
4524.92	7.510
4529.93	7.509
4534.95	7.509
4539.96	7.509
4544.97	7.509
4549.99	7.509
4555.00	7.508
4560.02	7.508
4565.03	7.508
4570.05	7.508
4575.06	7.507
4580.07	7.507
4585.09	7.507
4590.10	7.507
4595.12	7.506
4600.13	7.506
4605.14	7.506
4610.16	7.506
4615.18	7.505
4620.19	7.505
4625.20	7.505
4630.22	7.505
4635.23	7.504
4640.25	7.504
4645.26	7.504
4650.27	7.504
4655.29	7.503
4660.30	7.503
4665.32	7.503
4670.33	7.503
4675.35	7.502
4680.36	7.502
4685.38	7.502
4690.39	7.502
4695.40	7.501
4700.42	7.501
4705.43	7.501
4710.45	7.500
4715.47	7.500
4720.48	7.500
4725.49	7.500
4730.51	7.499
4735.53	7.499
4740.54	7.499
4745.56	7.499
4750.57	7.499
4755.58	7.498
4760.60	7.498
4765.61	7.498
4770.63	7.497
4775.64	7.497
4780.65	7.497
4785.67	7.497
4790.69	7.497
4795.70	7.496
4800.72	7.496
4805.73	7.496
4810.74	7.496
4815.76	7.495
4820.77	7.495
4825.79	7.495
4830.80	7.495
4835.82	7.495
4840.83	7.494
4845.85	7.494
4850.86	7.494
4855.88	7.494
4860.89	7.493
4865.91	7.493
4870.92	7.493
4875.94	7.493
4880.95	7.492
4885.96	7.492
4890.98	7.492
4895.99	7.492
4901.01	7.491
4906.05	7.491
4911.06	7.491
4916.08	7.491
4921.09	7.491
4926.10	7.490
4931.12	7.490
4936.13	7.490
4941.14	7.489
4946.15	7.489
4951.16	7.489
4956.17	7.489
4961.18	7.488
4966.20	7.488
4971.21	7.488
4976.22	7.488
4981.23	7.487
4986.24	7.487
4991.25	7.487
4996.27	7.487
5001.28	7.486
5006.29	7.486
5011.30	7.486
5016.31	7.486
5021.32	7.485
5026.34	7.485
5031.35	7.485
5036.36	7.485
5041.37	7.484
5046.38	7.484
5051.40	7.484
5056.41	7.484
5061.42	7.483
5066.43	7.483
5071.44	7.483
5076.45	7.483
5081.47	7.482
5086.48	7.482
5091.49	7.482
5096.50	7.482
5101.51	7.482
5106.52	7.481
5111.54	7.481
5116.55	7.481
5121.56	7.481
5126.57	7.481
5131.58	7.480
5136.59	7.480
5141.60	7.480
5146.62	7.479
5151.63	7.479
5156.64	7.479
5161.65	7.479
5166.66	7.479
5171.67	7.478
5176.69	7.478
5181.70	7.478
5186.71	7.478
5191.72	7.477
5196.73	7.477
5201.74	7.477
5206.76	7.477
5211.77	7.476
5216.78	7.476
5221.79	7.476
5226.80	7.475
5231.82	7.475
5236.83	7.475
5241.84	7.475
5246.85	7.475
5251.86	7.474
5256.87	7.474
5261.89	7.474
5266.90	7.474
5271.91	7.473
5276.92	7.473
5281.93	7.473
5286.94	7.473
5291.96	7.472
5296.97	7.472
5301.98	7.472
5306.99	7.472
5312.00	7.471
5317.01	7.471
5322.02	7.471
5327.04	7.471
5332.05	7.471
5337.06	7.470
5342.07	7.470
5347.08	7.469
5352.10	7.469
5357.12	7.469
5362.13	7.469
5367.14	7.469
5372.16	7.468
5377.17	7.468
5382.18	7.468
5387.19	7.468
5392.20	7.467
5397.21	7.467
5402.22	7.467
5407.23	7.467
5412.25	7.466
5417.26	7.466
5422.27	7.466
5427.28	7.466
5432.29	7.465
5437.30	7.465
5442.31	7.465
5447.33	7.465
5452.34	7.464
5457.35	7.464
5462.36	7.464
5467.37	7.464
5472.38	7.463
5477.40	7.463
5482.41	7.463
5487.42	7.463
5492.43	7.462
5497.45	7.462
5502.47	7.462
5507.48	7.462
5512.50	7.462
5517.52	7.461
5522.53	7.461
5527.54	7.461
5532.56	7.460
5537.57	7.460
5542.59	7.460
5547.60	7.460
5552.62	7.460
5557.63	7.459
5562.64	7.459
5567.66	7.459
5572.67	7.458
5577.68	7.458
5582.69	7.458
5587.71	7.458
5592.72	7.458
5597.73	7.457
5602.74	7.457
5607.75	7.457
5612.76	7.456
5617.78	7.456
5622.79	7.456
5627.80	7.456
5632.81	7.456
5637.82	7.455
5642.83	7.455
5647.84	7.455
5652.85	7.454
5657.87	7.454
5662.88	7.454
5667.89	7.453
5672.91	7.453
5677.92	7.453
5682.94	7.453
5687.95	7.453
5692.96	7.452
5697.98	7.452
5702.99	7.452
5708.01	7.451
5713.02	7.451
5718.04	7.451
5723.05	7.451
5728.06	7.451
5733.08	7.450
5738.09	7.450
5743.11	7.450
5748.12	7.449
5753.13	7.449
5758.14	7.449
5763.15	7.449
5768.16	7.449
5773.18	7.448
5778.19	7.448
5783.20	7.448
5788.21	7.448
5793.23	7.447
5798.24	7.447
5803.25	7.447
5808.27	7.446
5813.28	7.446
5818.29	7.446
5823.30	7.445
5828.31	7.445
5833.33	7.445
5838.34	7.445
5843.35	7.445
5848.36	7.444
5853.37	7.444
5858.38	7.444
5863.39	7.443
5868.40	7.443
5873.42	7.443
5878.43	7.443
5883.44	7.443
5888.45	7.442
5893.46	7.442
5898.47	7.441
5903.49	7.441
5908.50	7.441
5913.51	7.441
5918.52	7.441
5923.53	7.440
5928.55	7.440
5933.56	7.440
5938.58	7.439
5943.59	7.439
5948.61	7.439
5953.62	7.439
5958.63	7.438
5963.64	7.438
5968.65	7.438
5973.67	7.438
5978.68	7.437
5983.69	7.437
5988.70	7.437
5993.71	7.436
5998.72	7.436
6003.74	7.436
6008.75	7.436
6013.76	7.435
6018.77	7.435
6023.78	7.435
6028.79	7.434
6033.81	7.434
6038.82	7.434
6043.83	7.434
6048.84	7.433
6053.85	7.433
6058.86	7.433
6063.87	7.432
6068.89	7.432
6073.90	7.432
6078.91	7.432
6083.92	7.432
6088.93	7.432
6093.94	7.431
6098.96	7.431
6103.97	7.431
6108.98	7.430
6113.99	7.430
6119.00	7.430
6124.01	7.430
6129.03	7.429
6134.04	7.429
6139.05	7.429
6144.06	7.429
6149.07	7.428
6154.08	7.428
6159.09	7.428
6164.11	7.428
6169.12	7.427
6174.13	7.427
6179.14	7.427
6184.15	7.427
6189.16	7.426
6194.18	7.426
6199.19	7.426
6204.20	7.425
6209.21	7.425
6214.22	7.425
6219.23	7.425
6224.25	7.425
6229.26	7.424
6234.27	7.424
6239.28	7.424
6244.29	7.423
6249.30	7.423
6254.31	7.423
6259.33	7.422
6264.34	7.422
6269.35	7.422
6274.36	7.422
6279.37	7.422
6284.38	7.421
6289.40	7.421
6294.41	7.421
6299.42	7.421
6304.43	7.420
6309.44	7.420
6314.45	7.420
6319.46	7.420
6324.48	7.419
6329.49	7.419
6334.50	7.419
6339.51	7.419
6344.52	7.419
6349.53	7.418
6354.55	7.418
6359.56	7.418
6364.57	7.418
6369.58	7.418
6374.59	7.417
6379.60	7.417
6384.62	7.417
6389.63	7.416
6394.64	7.416
6399.65	7.416
6404.66	7.416
6409.67	7.416
6414.68	7.415
6419.70	7.415
6424.71	7.415
6429.72	7.415
6434.73	7.414
6439.74	7.414
6444.75	7.414
6449.77	7.414
6454.78	7.414
6459.79	7.413
6464.80	7.413
6469.81	7.413
6474.83	7.413
6479.84	7.413
6484.85	7.412
6489.86	7.412
6494.87	7.412
6499.88	7.412
6504.90	7.411
6509.91	7.411
6514.92	7.411
6519.93	7.411
6524.94	7.411
6529.95	7.411
6534.97	7.410
6539.98	7.410
6545.00	7.410
6550.01	7.409
6555.02	7.409
6560.04	7.409
6565.05	7.409
6570.06	7.409
6575.07	7.409
6580.08	7.408
6585.09	7.408
6590.11	7.408
6595.12	7.408
6600.13	7.408
6605.14	7.408
6610.15	7.407
6615.16	7.407
6620.17	7.407
6625.19	7.407
6630.20	7.407
6635.21	7.407
6640.22	7.406
6645.23	7.406
6650.24	7.406
6655.26	7.406
6660.27	7.406
6665.28	7.406
6670.29	7.405
6675.30	7.405
6680.31	7.405
6685.33	7.405
6690.34	7.404
6695.35	7.404
6700.36	7.404
6705.37	7.404
6710.38	7.404
6715.40	7.404
6720.41	7.404
6725.42	7.404
6730.43	7.403
6735.44	7.403
6740.45	7.403
6745.46	7.402
6750.48	7.402
6755.49	7.402
6760.50	7.402
6765.51	7.402
6770.52	7.402
6775.53	7.402
6780.55	7.401
6785.56	7.401
6790.57	7.401
6795.58	7.401
6800.59	7.401
6805.60	7.401
6810.62	7.401
6815.63	7.401
6820.64	7.400
6825.65	7.400
6830.66	7.400
6835.67	7.400
6840.68	7.400
6845.70	7.400
6850.71	7.399
6855.72	7.399
6860.73	7.399
6865.74	7.399
6870.75	7.399
6875.77	7.399
6880.78	7.399
6885.79	7.399
6890.80	7.398
6895.81	7.398
6900.82	7.398
6905.83	7.398
6910.85	7.398
6915.86	7.397
6920.88	7.397
6925.89	7.397
6930.90	7.397
6935.91	7.397
6940.92	7.397
6945.94	7.397
6950.95	7.397
6955.96	7.397
6960.98	7.396
6965.99	7.396
6971.01	7.396
6976.02	7.396
6981.03	7.396
6986.05	7.396
6991.06	7.396
6996.07	7.396
7001.09	7.395
7006.10	7.395
7011.12	7.395
7016.14	7.395
7021.15	7.395
7026.16	7.395
7031.17	7.395
7036.18	7.395
7041.19	7.395
7046.21	7.394
7051.22	7.394
7056.23	7.394
7061.24	7.394
7066.25	7.394
7071.27	7.394
7076.28	7.394
7081.30	7.394
7086.31	7.394
7091.33	7.393
7096.34	7.393
7101.35	7.393
7106.36	7.393
7111.37	7.393
7116.39	7.393
7121.40	7.393
7126.41	7.393
7131.42	7.393
7136.44	7.393
7141.45	7.392
7146.47	7.392
7151.48	7.392
7156.49	7.392
7161.50	7.392
7166.51	7.392
7171.52	7.392
7176.54	7.392
7181.56	7.391
7186.57	7.391
7191.58	7.391
7196.60	7.391
7201.62	7.391
7206.63	7.391
7211.64	7.391
7216.65	7.391
7221.66	7.391
7226.67	7.391
7231.69	7.391
7236.70	7.390
7241.71	7.390
7246.72	7.390
7251.73	7.390
7256.74	7.390
7261.75	7.390
7266.77	7.390
7271.78	7.390
7276.79	7.390
7281.80	7.389
7286.81	7.389
7291.82	7.389
7296.84	7.389
7301.85	7.389
7306.86	7.389
7311.87	7.389
7316.88	7.389
7321.89	7.389
7326.91	7.389
7331.92	7.389
7336.93	7.388
7341.94	7.388
7346.95	7.388
7351.96	7.388
7356.97	7.388
7361.99	7.388
7367.00	7.388
7372.01	7.388
7377.02	7.388
7382.03	7.388
7387.04	7.388
7392.06	7.387
7397.07	7.387
7402.08	7.387
7407.09	7.387
7412.10	7.387
7417.11	7.387
7422.12	7.387
7427.14	7.387
7432.15	7.387
7437.16	7.386
7442.17	7.386
7447.18	7.386
7452.19	7.386
7457.21	7.386
7462.22	7.386
7467.23	7.386
7472.24	7.386
7477.25	7.386
7482.26	7.386
7487.27	7.386
7492.29	7.385
7497.30	7.385
7502.31	7.385
7507.32	7.385
7512.33	7.385
7517.34	7.385
7522.36	7.385
7527.37	7.385
7532.38	7.385
7537.39	7.385
7542.40	7.385
7547.41	7.385
7552.43	7.385
7557.45	7.385
7562.46	7.384
7567.48	7.384
7572.49	7.384
7577.50	7.384
7582.51	7.384
7587.53	7.384
7592.54	7.384
7597.55	7.384
7602.56	7.384
7607.57	7.384
7612.58	7.383
7617.60	7.383
7622.61	7.383
7627.62	7.383
7632.63	7.383
7637.64	7.383
7642.65	7.383
7647.67	7.383
7652.68	7.383
7657.69	7.383
7662.70	7.382
7667.71	7.382
7672.72	7.382
7677.74	7.382
7682.75	7.382
7687.76	7.382
7692.77	7.382
7697.78	7.382
7702.79	7.382
7707.80	7.381
7712.82	7.381
7717.83	7.381
7722.84	7.381
7727.85	7.381
7732.86	7.381
7737.87	7.381
7742.88	7.381
7747.90	7.381
7752.91	7.381
7757.92	7.381
7762.93	7.381
7767.94	7.381
7772.95	7.381
7777.97	7.380
7782.98	7.380
7787.99	7.380
7793.00	7.380
7798.01	7.380
7803.02	7.380
7808.04	7.380
7813.05	7.380
7818.06	7.380
7823.07	7.380
7828.08	7.380
7833.09	7.380
7838.11	7.380
7843.12	7.380
7848.13	7.380
7853.14	7.379
7858.15	7.379
7863.16	7.379
7868.17	7.379
7873.19	7.379
7878.20	7.379
7883.21	7.379
7888.22	7.378
7893.23	7.378
7898.24	7.378
7903.26	7.378
7908.27	7.378
7913.28	7.378
7918.29	7.378
7923.30	7.378
7928.31	7.378
7933.33	7.378
7938.34	7.378
7943.35	7.377
7948.37	7.377
7953.38	7.377
7958.39	7.377
7963.41	7.377
7968.42	7.377
7973.44	7.377
7978.45	7.377
7983.46	7.377
7988.47	7.377
7993.48	7.377
7998.50	7.377
8003.51	7.377
8008.52	7.377
8013.53	7.377
8018.54	7.376
8023.56	7.376
8028.57	7.376
8033.58	7.376
8038.59	7.376
8043.60	7.376
8048.61	7.376
8053.63	7.376
8058.64	7.376
8063.65	7.376
8068.66	7.376
8073.67	7.375
8078.68	7.375
8083.70	7.375
8088.71	7.375
8093.72	7.375
8098.73	7.375
8103.74	7.375
8108.75	7.375
8113.76	7.375
8118.78	7.375
8123.79	7.375
8128.80	7.375
8133.81	7.375
8138.82	7.375
8143.83	7.374
8148.85	7.374
8153.86	7.374
8158.87	7.374
8163.88	7.374
8168.89	7.374
8173.90	7.374
8178.92	7.374
8183.93	7.373
8188.94	7.373
8193.95	7.373
8198.96	7.373
8203.97	7.373
8208.98	7.373
8214.00	7.373
8219.01	7.373
8224.02	7.373
8229.03	7.372
8234.04	7.372
8239.05	7.373
8244.07	7.372
8249.08	7.372
8254.09	7.372
8259.10	7.372
8264.11	7.372
8269.12	7.372
8274.14	7.372
8279.15	7.372
8284.16	7.372
8289.17	7.372
8294.18	7.372
8299.19	7.371
8304.20	7.371
8309.22	7.371
8314.23	7.372
8319.24	7.371
8324.25	7.371
8329.27	7.371
8334.28	7.371
8339.30	7.371
8344.31	7.371
8349.33	7.371
8354.34	7.370
8359.36	7.371
8364.37	7.370
8369.39	7.370
8374.40	7.370
8379.42	7.370
8384.43	7.370
8389.44	7.370
8394.46	7.369
8399.48	7.369
8404.49	7.370
8409.50	7.369
8414.52	7.370
8419.53	7.369
8424.55	7.369
8429.56	7.369
8434.57	7.369
8439.58	7.369
8444.59	7.369
8449.60	7.369
8454.62	7.369
8459.63	7.369
8464.64	7.369
8469.65	7.369
8474.67	7.369
8479.68	7.369
8484.69	7.369
8489.71	7.368
8494.72	7.368
8499.74	7.368
8504.75	7.368
8509.76	7.368
8514.78	7.368
8519.80	7.368
8524.81	7.368
8529.82	7.368
8534.84	7.367
8539.85	7.367
8544.87	7.367
8549.88	7.367
8554.90	7.367
8559.91	7.367
8564.92	7.367
8569.94	7.367
8574.95	7.367
8579.97	7.367
8584.98	7.367
8590.00	7.367
8595.01	7.366
8600.02	7.366
8605.04	7.366
8610.05	7.366
8615.07	7.366
8620.08	7.366
8625.09	7.366
8630.11	7.366
8635.13	7.366
8640.14	7.366
8645.16	7.366
8650.17	7.365
8655.18	7.365
8660.20	7.365
8665.21	7.365
8670.23	7.365
8675.24	7.365
8680.26	7.365
8685.27	7.365
8690.29	7.365
8695.30	7.365
8700.32	7.365
8705.33	7.365
8710.35	7.365
8715.36	7.364
8720.37	7.364
8725.39	7.364
8730.40	7.364
8735.42	7.364
8740.43	7.364
8745.45	7.364
8750.46	7.364
8755.47	7.364
8760.49	7.364
8765.51	7.364
8770.52	7.363
8775.53	7.363
8780.55	7.363
8785.56	7.363
8790.58	7.363
8795.59	7.363
8800.61	7.363
8805.62	7.363
8810.64	7.363
8815.65	7.363
8820.66	7.363
8825.68	7.363
8830.70	7.363
8835.71	7.363
8840.73	7.362
8845.74	7.362
8850.75	7.362
8855.77	7.362
8860.78	7.362
8865.79	7.362
8870.80	7.362
8875.82	7.361
8880.83	7.361
8885.84	7.362
8890.85	7.361
8895.86	7.361
8900.87	7.361
8905.89	7.361
8910.90	7.361
8915.91	7.361
8920.92	7.361
8925.93	7.361
8930.94	7.360
8935.96	7.360
8940.97	7.360
8945.98	7.360
8950.99	7.360
8956.01	7.360
8961.02	7.360
8966.03	7.360
8971.05	7.360
8976.06	7.360
8981.08	7.360
8986.09	7.360
8991.10	7.360
8996.12	7.360
9001.13	7.359
9006.14	7.359
9011.15	7.359
9016.16	7.359
9021.17	7.359
9026.19	7.359
9031.20	7.358
9036.21	7.359
9041.22	7.359
9046.23	7.358
9051.24	7.358
9056.26	7.358
9061.27	7.358
9066.28	7.358
9071.29	7.358
9076.30	7.358
9081.31	7.358
9086.32	7.358
9091.34	7.357
9096.35	7.357
9101.36	7.357
9106.37	7.357
9111.38	7.357
9116.39	7.357
9121.40	7.357
9126.42	7.357
9131.43	7.357
9136.44	7.357
9141.45	7.356
9146.46	7.356
9151.47	7.356
9156.49	7.356
9161.50	7.356
9166.51	7.356
9171.52	7.356
9176.53	7.356
9181.54	7.356
9186.56	7.356
9191.57	7.355
9196.58	7.355
9201.59	7.355
9206.60	7.355
9211.61	7.355
9216.63	7.355
9221.64	7.355
9226.65	7.355
9231.66	7.355
9236.67	7.354
9241.68	7.355
9246.70	7.355
9251.71	7.355
9256.72	7.354
9261.73	7.354
9266.74	7.354
9271.75	7.354
9276.76	7.354
9281.78	7.354
9286.79	7.354
9291.80	7.354
9296.81	7.354
9301.82	7.354
9306.83	7.353
9311.85	7.353
9316.86	7.353
9321.87	7.353
9326.88	7.353
9331.89	7.353
9336.90	7.353
9341.91	7.353
9346.93	7.353
9351.94	7.353
9356.95	7.353
9361.96	7.352
9366.97	7.352
9371.98	7.352
9376.99	7.352
9382.01	7.352
9387.02	7.352
9392.03	7.352
9397.04	7.352
9402.05	7.352
9407.06	7.351
9412.08	7.351
9417.09	7.351
9422.10	7.351
9427.11	7.351
9432.12	7.351
9437.14	7.351
9442.15	7.350
9447.17	7.350
9452.18	7.350
9457.20	7.350
9462.21	7.350
9467.22	7.350
9472.23	7.350
9477.24	7.350
9482.25	7.350
9487.27	7.350
9492.28	7.350
9497.29	7.349
9502.30	7.349
9507.31	7.349
9512.32	7.349
9517.34	7.349
9522.35	7.349
9527.36	7.349
9532.37	7.349
9537.38	7.349
9542.39	7.348
9547.41	7.349
9552.42	7.348
9557.43	7.348
9562.44	7.348
9567.45	7.348
9572.46	7.348
9577.47	7.348
9582.49	7.348
9587.50	7.348
9592.51	7.348
9597.53	7.348
9602.54	7.347
9607.56	7.347
9612.58	7.347
9617.59	7.347
9622.60	7.347
9627.62	7.346
9632.63	7.347
9637.64	7.346
9642.66	7.346
9647.67	7.346
9652.68	7.346
9657.69	7.346
9662.70	7.346
9667.72	7.346
9672.73	7.346
9677.74	7.346
9682.75	7.345
9687.77	7.345
9692.78	7.345
9697.79	7.345
9702.80	7.345
9707.81	7.345
9712.82	7.345
9717.84	7.345
9722.85	7.344
9727.86	7.344
9732.87	7.344
9737.88	7.344
9742.89	7.344
9747.91	7.344
9752.92	7.344
9757.93	7.344
9762.94	7.344
9767.95	7.343
9772.96	7.343
9777.97	7.343
9782.99	7.343
9788.00	7.343
9793.01	7.343
9798.02	7.342
9803.03	7.343
9808.04	7.342
9813.06	7.342
9818.07	7.342
9823.08	7.342
9828.09	7.342
9833.10	7.341
9838.11	7.342
9843.13	7.342
9848.14	7.341
9853.15	7.341
9858.16	7.341
9863.17	7.341
9868.18	7.341
9873.20	7.341
9878.21	7.340
9883.22	7.340
9888.23	7.340
9893.24	7.340
9898.25	7.340
9903.27	7.340
9908.28	7.340
9913.29	7.340
9918.30	7.340
9923.31	7.339
9928.32	7.339
9933.34	7.339
9938.35	7.339
9943.36	7.339
9948.37	7.339
9953.38	7.339
9958.39	7.338
9963.41	7.338
9968.42	7.338
9973.43	7.338
9978.44	7.338
9983.45	7.338
9988.46	7.338
9993.47	7.337
9998.49	7.337
10003.50	7.337
10008.51	7.337
10013.52	7.337
10018.53	7.337
10023.54	7.337
10028.56	7.336
10033.57	7.336
10038.58	7.336
10043.59	7.336
10048.60	7.336
10053.61	7.336
10058.62	7.335
10063.64	7.335
10068.65	7.335
10073.66	7.335
10078.67	7.335
10083.68	7.335
10088.69	7.335
10093.71	7.334
10098.72	7.334
10103.73	7.334
10108.74	7.334
10113.75	7.334
10118.76	7.334
10123.78	7.334
10128.79	7.333
10133.80	7.333
10138.81	7.333
10143.82	7.333
10148.83	7.333
10153.85	7.333
10158.86	7.332
10163.87	7.332
10168.88	7.332
10173.90	7.332
10178.91	7.332
10183.93	7.331
10188.94	7.331
10193.95	7.331
10198.96	7.331
10203.97	7.331
10208.99	7.331
10214.00	7.330
10219.01	7.330
10224.02	7.330
10229.03	7.330
10234.04	7.330
10239.06	7.330
10244.07	7.330
10249.08	7.329
10254.09	7.329
10259.10	7.329
10264.11	7.329
10269.13	7.329
10274.14	7.328
10279.15	7.328
10284.16	7.328
10289.17	7.328
10294.18	7.328
10299.20	7.328
10304.21	7.327
10309.22	7.327
10314.23	7.327
10319.24	7.327
10324.25	7.327
10329.26	7.326
10334.28	7.326
10339.29	7.326
10344.30	7.326
10349.31	7.326
10354.32	7.325
10359.33	7.325
10364.35	7.325
10369.36	7.325
10374.37	7.324
10379.38	7.324
10384.40	7.324
10389.41	7.324
10394.43	7.324
10399.44	7.323
10404.45	7.323
10409.46	7.323
10414.47	7.323
10419.48	7.323
10424.50	7.322
10429.51	7.322
10434.52	7.322
10439.53	7.322
10444.54	7.321
10449.55	7.321
10454.57	7.321
10459.58	7.321
10464.59	7.320
10469.60	7.320
10474.61	7.320
10479.62	7.320
10484.64	7.320
10489.65	7.319
10494.66	7.319
10499.67	7.319
10504.68	7.319
10509.69	7.318
10514.70	7.318
10519.72	7.318
10524.73	7.318
10529.74	7.317
10534.75	7.317
10539.76	7.317
10544.77	7.316
10549.79	7.316
10554.80	7.316
10559.81	7.316
10564.82	7.315
10569.83	7.315
10574.84	7.315
10579.86	7.315
10584.87	7.315
10589.88	7.314
10594.89	7.314
10599.91	7.314
10604.92	7.313
10609.94	7.313
10614.95	7.313
10619.96	7.313
10624.97	7.312
10629.98	7.312
10634.99	7.312
10640.01	7.311
10645.02	7.311
10650.03	7.311
10655.04	7.311
10660.05	7.310
10665.06	7.310
10670.08	7.310
10675.09	7.309
10680.10	7.309
10685.11	7.308
10690.12	7.308
10695.13	7.308
10700.15	7.308
10705.16	7.308
10710.17	7.307
10715.18	7.307
10720.19	7.306
10725.20	7.306
10730.21	7.305
10735.23	7.305
10740.24	7.305
10745.25	7.305
10750.26	7.305
10755.27	7.304
10760.28	7.304
10765.30	7.303
10770.31	7.303
10775.32	7.303
10780.33	7.302
10785.34	7.302
10790.35	7.301
10795.37	7.301
10800.38	7.301
10805.39	7.300
10810.40	7.300
10815.42	7.300
10820.43	7.299
10825.45	7.299
10830.46	7.299
10835.47	7.298
10840.48	7.298
10845.49	7.297
10850.50	7.297
10855.52	7.297
10860.53	7.296
10865.54	7.296
10870.55	7.295
10875.56	7.295
10880.57	7.295
10885.59	7.294
10890.60	7.294
10895.61	7.293
10900.62	7.293
10905.63	7.293
10910.64	7.292
10915.66	7.292
10920.67	7.291
10925.68	7.291
10930.69	7.290
10935.70	7.290
10940.71	7.290
10945.72	7.289
10950.74	7.289
10955.75	7.288
10960.76	7.288
10965.77	7.288
10970.78	7.287
10975.79	7.286
10980.81	7.286
10985.82	7.286
10990.83	7.285
10995.84	7.285
11000.85	7.284
11005.86	7.284
11010.88	7.283
11015.89	7.283
11020.90	7.282
11025.92	7.282
11030.93	7.282
11035.95	7.281
11040.96	7.281
11045.97	7.280
11050.98	7.280
11055.99	7.279
11061.00	7.279
11066.01	7.278
11071.03	7.277
11076.04	7.277
11081.05	7.277
11086.06	7.276
11091.07	7.275
11096.08	7.275
11101.10	7.275
11106.11	7.274
11111.12	7.274
11116.13	7.273
11121.14	7.273
11126.15	7.272
11131.16	7.272
11136.18	7.271
11141.19	7.270
11146.20	7.270
11151.21	7.269
11156.22	7.269
11161.23	7.268
11166.25	7.268
11171.26	7.267
11176.27	7.267
11181.28	7.266
11186.29	7.266
11191.30	7.265
11196.32	7.265
11201.33	7.264
11206.34	7.264
11211.35	7.263
11216.36	7.263
11221.37	7.262
11226.39	7.261
11231.40	7.261
11236.41	7.260
11241.42	7.260
11246.43	7.259
11251.45	7.259
11256.46	7.258
11261.47	7.257
11266.48	7.257
11271.49	7.256
11276.50	7.256
11281.52	7.255
11286.53	7.255
11291.54	7.254
11296.55	7.253
11301.56	7.253
11306.57	7.252
11311.59	7.251
11316.60	7.251
11321.61	7.250
11326.62	7.250
11331.63	7.249
11336.64	7.248
11341.66	7.248
11346.67	7.247
11351.68	7.247
11356.69	7.246
11361.70	7.245
11366.71	7.245
11371.73	7.244
11376.74	7.243
11381.75	7.243
11386.76	7.242
11391.77	7.242
11396.78	7.241
11401.79	7.240
11406.81	7.240
11411.82	7.239
11416.83	7.238
11421.84	7.238
11426.85	7.237
11431.87	7.236
11436.88	7.236
11441.89	7.235
11446.90	7.234
11451.91	7.234
11456.93	7.233
11461.94	7.232
11466.95	7.232
11471.96	7.231
11476.97	7.231
11481.98	7.230
11486.99	7.229
11492.01	7.229
11497.02	7.228
11502.03	7.227
11507.04	7.227
11512.05	7.226
11517.06	7.225
11522.08	7.225
11527.09	7.224
11532.10	7.223
11537.11	7.222
11542.12	7.222
11547.13	7.221
11552.15	7.220
11557.16	7.220
11562.17	7.219
11567.18	7.218
11572.19	7.218
11577.20	7.217
11582.22	7.216
11587.23	7.216
11592.24	7.215
11597.25	7.214
11602.26	7.213
11607.27	7.213
11612.29	7.212
11617.30	7.211
11622.31	7.211
11627.32	7.210
11632.34	7.209
11637.35	7.209
11642.37	7.208
11647.38	7.208
11652.39	7.207
11657.40	7.206
11662.41	7.205
11667.42	7.204
11672.43	7.204
11677.45	7.203
11682.46	7.202
11687.47	7.202
11692.48	7.201
11697.49	7.200
11702.50	7.200
11707.52	7.199
11712.53	7.198
11717.54	7.197
11722.55	7.196
11727.56	7.195
11732.57	7.195
11737.59	7.194
11742.60	7.193
11747.61	7.192
11752.62	7.192
11757.63	7.191
11762.64	7.190
11767.66	7.190
11772.67	7.189
11777.68	7.188
11782.69	7.187
11787.70	7.187
11792.71	7.186
11797.72	7.185
11802.74	7.185
11807.75	7.184
11812.76	7.183
11817.77	7.182
11822.78	7.181
11827.79	7.181
11832.81	7.180
11837.82	7.179
11842.83	7.178
11847.85	7.178
11852.86	7.177
11857.88	7.176
11862.89	7.175
11867.90	7.174
11872.91	7.174
11877.92	7.173
11882.93	7.172
11887.95	7.171
11892.96	7.171
11897.97	7.170
11902.98	7.169
11907.99	7.168
11913.00	7.168
11918.02	7.167
11923.03	7.166
11928.04	7.165
11933.05	7.165
11938.06	7.164
11943.07	7.163
11948.09	7.162
11953.10	7.161
11958.11	7.161
11963.12	7.160
11968.13	7.159
11973.14	7.158
11978.16	7.157
11983.17	7.157
11988.18	7.156
11993.19	7.155
11998.20	7.154
12003.21	7.153
12008.23	7.152
12013.24	7.151
12018.25	7.151
12023.26	7.150
12028.27	7.149
12033.28	7.149
12038.29	7.148
12043.31	7.147
12048.32	7.146
12053.33	7.145
12058.35	7.145
12063.36	7.144
12068.38	7.143
12073.39	7.142
12078.40	7.141
12083.41	7.141
12088.42	7.140
12093.43	7.139
12098.45	7.138
12103.46	7.137
12108.47	7.136
12113.48	7.136
12118.49	7.135
12123.50	7.134
12128.52	7.133
12133.53	7.132
12138.54	7.131
12143.55	7.131
12148.56	7.130
12153.57	7.129
12158.59	7.128
12163.60	7.127
12168.61	7.127
12173.62	7.126
12178.63	7.125
12183.64	7.124
12188.66	7.123
12193.67	7.122
12198.68	7.121
12203.69	7.120
12208.70	7.120
12213.71	7.119
12218.72	7.118
12223.74	7.117
12228.75	7.116
12233.76	7.115
12238.77	7.115
12243.78	7.114
12248.79	7.113
12253.81	7.112
12258.82	7.111
12263.83	7.110
12268.84	7.109
12273.86	7.109
12278.87	7.108
12283.89	7.107
12288.90	7.106
12293.91	7.105
12298.93	7.104
12303.94	7.103
12308.95	7.102
12313.96	7.102
12318.97	7.101
12323.98	7.100
12328.99	7.099
12334.01	7.098
12339.02	7.097
12344.03	7.096
12349.04	7.095
12354.05	7.095
12359.06	7.094
12364.08	7.093
12369.09	7.092
12374.10	7.091
12379.11	7.090
12384.12	7.089
12389.13	7.088
12394.15	7.087
12399.16	7.087
12404.17	7.086
12409.18	7.085
12414.19	7.084
12419.20	7.083
12424.22	7.082
12429.23	7.081
12434.24	7.080
12439.25	7.079
12444.26	7.079
12449.27	7.078
12454.28	7.077
12459.30	7.076
12464.31	7.075
12469.32	7.074
12474.33	7.073
12479.35	7.072
12484.36	7.071
12489.37	7.070
12494.39	7.069
12499.40	7.069
12504.41	7.067
12509.43	7.067
12514.44	7.066
12519.45	7.065
12524.46	7.064
12529.47	7.063
12534.48	7.062
12539.49	7.061
12544.51	7.060
12549.52	7.059
12554.53	7.058
12559.54	7.057
12564.55	7.056
12569.56	7.056
12574.58	7.055
12579.59	7.054
12584.60	7.053
12589.61	7.052
12594.62	7.051
12599.63	7.050
12604.64	7.049
12609.66	7.048
12614.67	7.047
12619.68	7.046
12624.69	7.045
12629.70	7.044
12634.71	7.043
12639.73	7.042
12644.74	7.041
12649.75	7.041
12654.76	7.040
12659.77	7.039
12664.78	7.038
12669.80	7.037
12674.81	7.036
12679.82	7.035
12684.83	7.034
12689.84	7.033
12694.86	7.032
12699.87	7.031
12704.88	7.030
12709.90	7.029
12714.91	7.028
12719.92	7.027
12724.93	7.026
12729.95	7.025
12734.96	7.024
12739.97	7.023
12744.98	7.022
12749.99	7.021
12755.00	7.020
12760.02	7.019
12765.03	7.018
12770.04	7.017
12775.05	7.016
12780.06	7.015
12785.07	7.014
12790.08	7.014
12795.10	7.013
12800.11	7.012
12805.12	7.011
12810.13	7.010
12815.14	7.009
12820.15	7.008
12825.17	7.007
12830.18	7.006
12835.19	7.005
12840.20	7.004
12845.21	7.003
12850.22	7.001
12855.24	7.001
12860.25	7.000
12865.26	6.999
12870.27	6.998
12875.28	6.997
12880.29	6.995
12885.31	6.995
12890.32	6.994
12895.33	6.992
12900.34	6.991
12905.35	6.990
12910.37	6.989
12915.38	6.988
12920.40	6.987
12925.41	6.986
12930.42	6.985
12935.43	6.984
12940.45	6.983
12945.46	6.982
12950.47	6.981
12955.48	6.980
12960.49	6.979
12965.50	6.978
12970.51	6.977
12975.53	6.976
12980.54	6.975
12985.55	6.974
12990.56	6.973
12995.57	6.972
13000.58	6.971
13005.60	6.970
13010.61	6.969
13015.62	6.968
13020.63	6.967
13025.64	6.966
13030.65	6.964
13035.67	6.963
13040.68	6.963
13045.69	6.962
13050.70	6.961
13055.71	6.959
13060.72	6.959
13065.74	6.957
13070.75	6.956
13075.76	6.955
13080.77	6.954
13085.78	6.953
13090.79	6.952
13095.81	6.951
13100.82	6.950
13105.83	6.949
13110.84	6.948
13115.85	6.947
13120.86	6.946
13125.88	6.945
13130.89	6.943
13135.91	6.942
13140.92	6.941
13145.93	6.940
13150.94	6.939
13155.95	6.938
13160.97	6.937
13165.98	6.936
13170.99	6.935
13176.00	6.934
13181.01	6.932
13186.02	6.931
13191.04	6.930
13196.05	6.929
13201.06	6.928
13206.07	6.927
13211.08	6.926
13216.09	6.925
13221.11	6.924
13226.12	6.923
13231.13	6.922
13236.14	6.920
13241.15	6.919
13246.16	6.918
13251.17	6.917
13256.19	6.916
13261.20	6.915
13266.21	6.914
13271.22	6.912
13276.23	6.911
13281.24	6.910
13286.26	6.909
13291.27	6.908
13296.28	6.907
13301.29	6.906
13306.30	6.904
13311.31	6.904
13316.32	6.902
13321.34	6.901
13326.35	6.900
13331.36	6.899
13336.38	6.898
13341.39	6.897
13346.41	6.896
13351.42	6.894
13356.43	6.893
13361.44	6.892
13366.46	6.891
13371.47	6.890
13376.48	6.889
13381.49	6.887
13386.50	6.886
13391.51	6.885
13396.53	6.884
13401.54	6.883
13406.55	6.882
13411.56	6.880
13416.57	6.879
13421.58	6.878
13426.60	6.877
13431.61	6.876
13436.62	6.875
13441.63	6.873
13446.64	6.872
13451.65	6.871
13456.67	6.870
13461.68	6.869
13466.69	6.867
13471.70	6.866
13476.71	6.865
13481.72	6.864
13486.74	6.863
13491.75	6.861
13496.76	6.860
13501.77	6.859
13506.78	6.858
13511.79	6.857
13516.80	6.855
13521.82	6.855
13526.83	6.853
13531.84	6.852
13536.85	6.851
13541.86	6.850
13546.88	6.848
13551.89	6.847
13556.90	6.846
13561.91	6.845
13566.93	6.843
13571.94	6.842
13576.95	6.841
13581.96	6.840
13586.97	6.839
13591.98	6.837
13596.99	6.836
13602.01	6.835
13607.02	6.834
13612.03	6.832
13617.04	6.831
13622.05	6.830
13627.06	6.828
13632.08	6.827
13637.09	6.826
13642.10	6.825
13647.11	6.824
13652.12	6.822
13657.13	6.821
13662.15	6.820
13667.16	6.819
13672.17	6.817
13677.18	6.816
13682.19	6.815
13687.20	6.814
13692.22	6.812
13697.23	6.811
13702.24	6.810
13707.25	6.809
13712.26	6.807
13717.27	6.806
13722.28	6.805
13727.29	6.804
13732.31	6.802
13737.32	6.801
13742.33	6.800
13747.35	6.798
13752.36	6.797
13757.37	6.796
13762.38	6.794
13767.39	6.793
13772.40	6.792
13777.41	6.791
13782.43	6.789
13787.44	6.788
13792.45	6.787
13797.46	6.785
13802.47	6.784
13807.48	6.783
13812.50	6.782
13817.51	6.780
13822.52	6.779
13827.53	6.777
13832.54	6.776
13837.55	6.775
13842.57	6.773
13847.58	6.772
13852.59	6.771
13857.60	6.770
13862.61	6.768
13867.62	6.767
13872.64	6.766
13877.65	6.764
13882.66	6.763
13887.67	6.762
13892.68	6.760
13897.69	6.759
13902.71	6.758
13907.72	6.756
13912.73	6.755
13917.74	6.754
13922.75	6.752
13927.76	6.751
13932.77	6.749
13937.79	6.748
13942.80	6.747
13947.82	6.745
13952.83	6.744
13957.85	6.743
13962.86	6.741
13967.87	6.740
13972.88	6.739
13977.89	6.737
13982.90	6.736
13987.91	6.735
13992.93	6.733
13997.94	6.732
14002.95	6.731
14007.96	6.729
14012.97	6.728
14017.98	6.726
14023.00	6.725
14028.01	6.724
14033.02	6.722
14038.03	6.721
14043.04	6.719
14048.05	6.718
14053.07	6.717
14058.08	6.715
14063.09	6.714
14068.10	6.712
14073.11	6.711
14078.12	6.710
14083.13	6.708
14088.15	6.707
14093.16	6.705
14098.17	6.704
14103.18	6.703
14108.19	6.701
14113.20	6.700
14118.22	6.698
14123.23	6.697
14128.24	6.695
14133.25	6.694
14138.26	6.692
14143.27	6.691
14148.29	6.689
14153.30	6.688
14158.31	6.687
14163.32	6.685
14168.34	6.684
14173.35	6.682
14178.37	6.681
14183.38	6.679
14188.39	6.678
14193.40	6.676
14198.41	6.675
14203.42	6.673
14208.43	6.672
14213.45	6.671
14218.46	6.669
14223.47	6.667
14228.48	6.666
14233.49	6.664
14238.50	6.663
14243.52	6.662
14248.53	6.660
14253.54	6.659
14258.55	6.657
14263.56	6.656
14268.57	6.654
14273.58	6.652
14278.60	6.651
14283.61	6.650
14288.62	6.648
14293.63	6.647
14298.64	6.645
14303.65	6.644
14308.67	6.642
14313.68	6.641
14318.69	6.639
14323.70	6.638
14328.71	6.636
14333.72	6.635
14338.74	6.633
14343.75	6.632
14348.76	6.630
14353.77	6.628
14358.78	6.627
14363.79	6.626
14368.80	6.624
14373.82	6.622
14378.83	6.621
14383.85	6.619
14388.86	6.618
14393.87	6.616
14398.88	6.615
14403.90	6.613
14408.91	6.612
14413.92	6.610
14418.93	6.608
14423.94	6.607
14428.95	6.605
14433.96	6.604
14438.98	6.602
14443.99	6.601
14449.00	6.599
14454.01	6.597
14459.02	6.596
14464.03	6.594
14469.05	6.593
14474.06	6.591
14479.07	6.589
14484.08	6.588
14489.09	6.586
14494.10	6.585
14499.11	6.583
14504.12	6.581
14509.13	6.580
14514.14	6.578
14519.15	6.577
14524.15	6.575
14529.16	6.573
14534.18	6.572
14539.19	6.570
14544.19	6.568
14549.20	6.567
14554.21	6.565
14559.22	6.563
14564.23	6.562
14569.24	6.560
14574.25	6.558
14579.25	6.557
14584.26	6.555
14589.27	6.553
14594.28	6.552
14599.29	6.550
14604.30	6.548
14609.31	6.547
14614.31	6.545
14619.32	6.543
14624.33	6.542
14629.34	6.540
14634.35	6.538
14639.36	6.536
14644.37	6.535
14649.38	6.533
14654.39	6.531
14659.39	6.530
14664.40	6.528
14669.41	6.526
14674.42	6.525
14679.43	6.523
14684.44	6.521
14689.44	6.519
14694.45	6.518
14699.46	6.516
14704.47	6.514
14709.48	6.512
14714.49	6.511
14719.50	6.509
14724.51	6.507
14729.52	6.505
14734.53	6.504
14739.54	6.502
14744.55	6.500
14749.55	6.498
14754.56	6.497
14759.57	6.495
14764.58	6.493
14769.59	6.491
14774.60	6.489
14779.61	6.488
14784.61	6.486
14789.62	6.484
14794.63	6.482
14799.64	6.480
14804.65	6.479
14809.66	6.477
14814.67	6.475
14819.68	6.473
14824.68	6.471
14829.69	6.470
14834.70	6.468
14839.71	6.466
14844.72	6.464
14849.73	6.462
14854.74	6.460
14859.74	6.459
14864.75	6.457
14869.76	6.455
14874.77	6.453
14879.78	6.451
14884.79	6.449
14889.79	6.447
14894.80	6.445
14899.81	6.444
14904.83	6.442
14909.84	6.440
14914.84	6.438
14919.85	6.436
14924.86	6.434
14929.87	6.432
14934.88	6.430
14939.89	6.428
14944.89	6.427
14949.90	6.425
14954.91	6.423
14959.92	6.421
14964.93	6.419
14969.94	6.417
14974.94	6.415
14979.95	6.413
14984.96	6.411
14989.97	6.409
14994.98	6.407
14999.99	6.405
15005.00	6.403
15010.01	6.401
15015.02	6.399
15020.03	6.397
15025.03	6.395
15030.04	6.394
15035.05	6.391
15040.06	6.389
15045.07	6.388
15050.08	6.385
15055.08	6.383
15060.09	6.381
15065.10	6.380
15070.11	6.377
15075.12	6.375
15080.13	6.373
15085.14	6.371
15090.15	6.369
15095.16	6.367
15100.17	6.365
15105.18	6.363
15110.18	6.361
15115.19	6.359
15120.20	6.357
15125.21	6.355
15130.22	6.353
15135.23	6.351
15140.24	6.349
15145.24	6.347
15150.25	6.345
15155.26	6.343
15160.27	6.340
15165.28	6.338
15170.29	6.336
15175.30	6.334
15180.30	6.332
15185.32	6.330
15190.33	6.328
15195.33	6.325
15200.34	6.323
15205.35	6.321
15210.36	6.319
15215.37	6.317
15220.38	6.315
15225.39	6.313
15230.39	6.311
15235.40	6.309
15240.41	6.306
15245.42	6.304
15250.43	6.302
15255.44	6.300
15260.44	6.298
15265.45	6.296
15270.46	6.294
15275.47	6.292
15280.48	6.289
15285.49	6.287
15290.50	6.285
15295.50	6.283
15300.51	6.281
15305.52	6.279
15310.53	6.276
15315.54	6.274
15320.55	6.272
15325.56	6.270
15330.56	6.268
15335.57	6.265
15340.58	6.263
15345.59	6.261
15350.60	6.259
15355.61	6.257
15360.62	6.254
15365.62	6.252
15370.63	6.250
15375.64	6.248
15380.65	6.246
15385.66	6.243
15390.67	6.241
15395.68	6.239
15400.68	6.237
15405.69	6.235
15410.70	6.232
15415.71	6.230
15420.72	6.228
15425.73	6.226
15430.73	6.223
15435.74	6.221
15440.75	6.219
15445.76	6.216
15450.77	6.214
15455.78	6.212
15460.79	6.210
15465.80	6.208
15470.81	6.206
15475.82	6.203
15480.82	6.201
15485.83	6.199
15490.84	6.196
15495.85	6.194
15500.86	6.192
15505.87	6.190
15510.88	6.187
15515.88	6.185
15520.89	6.183
15525.90	6.180
15530.91	6.178
15535.92	6.176
15540.93	6.174
15545.94	6.171
15550.94	6.169
15555.95	6.167
15560.96	6.165
15565.97	6.162
15570.98	6.160
15575.99	6.157
15580.99	6.155
15586.00	6.153
15591.01	6.151
15596.02	6.148
15601.03	6.146
15606.04	6.144
15611.05	6.141
15616.05	6.139
15621.06	6.137
15626.07	6.134
15631.08	6.132
15636.09	6.130
15641.10	6.128
15646.11	6.125
15651.12	6.123
15656.13	6.121
15661.14	6.118
15666.14	6.116
15671.15	6.113
15676.16	6.111
15681.17	6.109
15686.18	6.107
15691.19	6.104
15696.20	6.102
15701.20	6.100
15706.21	6.097
15711.22	6.095
15716.23	6.093
15721.24	6.090
15726.25	6.088
15731.25	6.086
15736.26	6.083
15741.27	6.081
15746.28	6.079
15751.29	6.076
15756.30	6.074
15761.31	6.072
15766.31	6.069
15771.32	6.067
15776.33	6.065
15781.34	6.063
15786.35	6.060
15791.36	6.058
15796.37	6.056
15801.38	6.054
15806.39	6.051
15811.39	6.049
15816.40	6.046
15821.41	6.044
15826.42	6.042
15831.43	6.040
15836.44	6.037
15841.45	6.035
15846.45	6.033
15851.46	6.030
15856.47	6.028
15861.48	6.026
15866.49	6.023
15871.50	6.021
15876.51	6.019
15881.51	6.017
15886.52	6.015
15891.53	6.012
15896.54	6.010
15901.55	6.008
15906.56	6.005
15911.57	6.003
15916.58	6.001
15921.59	5.999
15926.59	5.997
15931.60	5.994
15936.61	5.992
15941.62	5.990
15946.63	5.988
15951.64	5.985
15956.65	5.983
15961.65	5.981
15966.66	5.979
15971.67	5.976
15976.68	5.974
15981.69	5.972
