0.00	7.917
5.01	7.914
10.02	7.914
15.04	7.914
20.05	7.914
25.06	7.914
30.07	7.914
35.08	7.914
40.10	7.914
45.11	7.914
50.12	7.914
55.13	7.913
60.14	7.677
65.15	7.694
70.16	7.699
75.18	7.702
80.19	7.703
85.20	7.705
90.21	7.706
95.22	7.707
100.23	7.707
105.25	7.707
110.26	7.707
115.27	7.707
120.28	7.706
125.29	7.706
130.30	7.706
135.32	7.705
140.33	7.705
145.34	7.704
150.35	7.704
155.36	7.703
160.37	7.703
165.38	7.703
170.40	7.702
175.41	7.702
180.42	7.701
185.43	7.701
190.44	7.701
195.45	7.700
200.47	7.700
205.48	7.699
210.49	7.699
215.50	7.699
220.51	7.698
225.52	7.698
230.53	7.698
235.55	7.697
240.56	7.697
245.57	7.697
250.58	7.696
255.59	7.696
260.60	7.696
265.61	7.695
270.63	7.695
275.64	7.695
280.65	7.695
285.66	7.694
290.67	7.694
295.68	7.694
300.69	7.693
305.71	7.693
310.72	7.693
315.73	7.693
320.74	7.692
325.75	7.692
330.76	7.692
335.78	7.692
340.79	7.691
345.80	7.691
350.81	7.691
355.82	7.691
360.83	7.690
365.84	7.690
370.86	7.690
375.87	7.690
380.88	7.689
385.89	7.689
390.90	7.690
395.91	7.689
400.93	7.689
405.94	7.689
410.95	7.689
415.96	7.688
420.97	7.688
425.98	7.688
430.99	7.687
436.01	7.687
441.02	7.687
446.03	7.687
451.04	7.686
456.05	7.686
461.06	7.686
466.08	7.686
471.09	7.686
476.10	7.685
481.11	7.685
486.12	7.685
491.13	7.684
496.14	7.684
501.15	7.684
506.17	7.684
511.18	7.684
516.19	7.684
521.20	7.683
526.21	7.683
531.22	7.683
536.24	7.683
541.25	7.682
546.26	7.682
551.27	7.682
556.28	7.682
561.29	7.681
566.30	7.681
571.32	7.681
576.33	7.681
581.34	7.681
586.35	7.680
591.36	7.680
596.37	7.680
601.39	7.680
606.40	7.680
611.41	7.679
616.42	7.679
621.43	7.679
626.44	7.679
631.46	7.679
636.47	7.678
641.48	7.678
646.49	7.678
651.50	7.678
656.51	7.678
661.52	7.677
666.54	7.677
671.55	7.677
676.56	7.676
681.57	7.676
686.58	7.676
691.59	7.676
696.60	7.676
701.61	7.675
706.63	7.675
711.64	7.675
716.65	7.675
721.66	7.675
726.67	7.674
731.68	7.674
736.70	7.674
741.71	7.674
746.72	7.673
751.73	7.673
756.74	7.673
761.75	7.673
766.76	7.673
771.78	7.672
776.79	7.672
781.80	7.672
786.81	7.672
791.82	7.672
796.83	7.672
801.84	7.671
806.86	7.671
811.87	7.671
816.88	7.670
821.89	7.670
826.91	7.670
831.92	7.670
836.93	7.670
841.94	7.670
846.95	7.670
851.96	7.669
856.98	7.669
861.99	7.669
867.00	7.669
872.02	7.668
877.03	7.668
882.04	7.668
887.05	7.668
892.07	7.668
897.09	7.668
902.10	7.668
907.11	7.667
912.13	7.667
917.14	7.667
922.15	7.667
927.16	7.666
932.17	7.666
937.18	7.666
942.20	7.666
947.21	7.666
952.22	7.665
957.23	7.665
962.24	7.665
967.25	7.665
972.27	7.665
977.28	7.665
982.29	7.664
987.30	7.664
992.31	7.664
997.32	7.664
1002.33	7.663
1007.35	7.663
1012.36	7.663
1017.37	7.663
1022.38	7.663
1027.40	7.662
1032.41	7.662
1037.42	7.662
1042.43	7.662
1047.44	7.662
1052.45	7.661
1057.47	7.661
1062.48	7.661
1067.49	7.661
1072.50	7.661
1077.51	7.660
1082.52	7.660
1087.53	7.660
1092.55	7.660
1097.56	7.660
1102.57	7.659
1107.58	7.659
1112.59	7.659
1117.60	7.659
1122.62	7.659
1127.63	7.658
1132.64	7.658
1137.65	7.658
1142.66	7.658
1147.67	7.658
1152.69	7.658
1157.70	7.657
1162.71	7.657
1167.72	7.657
1172.73	7.657
1177.74	7.656
1182.76	7.656
1187.77	7.656
1192.78	7.656
1197.79	7.656
1202.80	7.655
1207.81	7.655
1212.82	7.655
1217.84	7.655
1222.85	7.655
1227.86	7.655
1232.87	7.654
1237.88	7.654
1242.89	7.654
1247.91	7.654
1252.92	7.654
1257.93	7.653
1262.94	7.653
1267.95	7.653
1272.96	7.653
1277.97	7.652
1282.99	7.652
1288.00	7.652
1293.01	7.652
1298.02	7.651
1303.03	7.651
1308.04	7.651
1313.06	7.651
1318.07	7.651
1323.08	7.651
1328.09	7.651
1333.10	7.650
1338.11	7.650
1343.12	7.650
1348.14	7.650
1353.15	7.649
1358.16	7.649
1363.17	7.649
1368.18	7.649
1373.20	7.649
1378.21	7.648
1383.22	7.648
1388.24	7.648
1393.25	7.647
1398.26	7.647
1403.27	7.647
1408.28	7.647
1413.29	7.647
1418.30	7.647
1423.31	7.646
1428.33	7.646
1433.34	7.646
1438.35	7.646
1443.36	7.645
1448.37	7.645
1453.38	7.645
1458.39	7.645
1463.41	7.645
1468.42	7.644
1473.43	7.644
1478.44	7.644
1483.45	7.644
1488.46	7.644
1493.47	7.643
1498.49	7.643
1503.50	7.643
1508.51	7.643
1513.52	7.642
1518.53	7.642
1523.54	7.642
1528.56	7.642
1533.57	7.642
1538.58	7.641
1543.59	7.641
1548.60	7.641
1553.61	7.641
1558.62	7.641
1563.64	7.640
1568.65	7.640
1573.66	7.640
1578.67	7.640
1583.68	7.640
1588.69	7.640
1593.70	7.639
1598.72	7.639
1603.73	7.639
1608.74	7.639
1613.75	7.638
1618.76	7.638
1623.77	7.638
1628.79	7.638
1633.81	7.638
1638.82	7.638
1643.84	7.637
1648.85	7.637
1653.87	7.637
1658.88	7.637
1663.89	7.637
1668.90	7.637
1673.91	7.636
1678.92	7.636
1683.94	7.635
1688.95	7.635
1693.96	7.635
1698.98	7.635
1703.99	7.634
1709.00	7.634
1714.01	7.634
1719.03	7.634
1724.04	7.634
1729.06	7.634
1734.07	7.633
1739.08	7.633
1744.09	7.633
1749.11	7.633
1754.12	7.633
1759.13	7.632
1764.14	7.632
1769.16	7.632
1774.18	7.632
1779.19	7.631
1784.21	7.631
1789.22	7.631
1794.23	7.631
1799.24	7.630
1804.25	7.630
1809.27	7.630
1814.28	7.630
1819.29	7.630
1824.30	7.630
1829.32	7.629
1834.33	7.629
1839.34	7.628
1844.35	7.628
1849.36	7.628
1854.37	7.628
1859.39	7.628
1864.40	7.628
1869.41	7.628
1874.42	7.627
1879.43	7.627
1884.44	7.627
1889.46	7.626
1894.47	7.626
1899.48	7.626
1904.49	7.626
1909.50	7.625
1914.51	7.625
1919.53	7.625
1924.54	7.625
1929.55	7.624
1934.56	7.624
1939.57	7.624
1944.58	7.624
1949.59	7.623
1954.61	7.623
1959.62	7.623
1964.63	7.623
1969.64	7.623
1974.65	7.622
1979.66	7.622
1984.67	7.622
1989.69	7.622
1994.70	7.621
1999.71	7.621
2004.72	7.621
2009.73	7.621
2014.74	7.621
2019.76	7.621
2024.77	7.620
2029.78	7.620
2034.79	7.620
2039.80	7.620
2044.81	7.619
2049.83	7.619
2054.84	7.619
2059.85	7.619
2064.86	7.618
2069.87	7.618
2074.88	7.618
2079.89	7.618
2084.91	7.617
2089.92	7.617
2094.93	7.617
2099.94	7.617
2104.95	7.616
2109.96	7.616
2114.98	7.616
2119.99	7.616
2125.00	7.615
2130.01	7.615
2135.02	7.615
2140.03	7.615
2145.04	7.615
2150.06	7.615
2155.07	7.614
2160.08	7.614
2165.10	7.614
2170.11	7.613
2175.13	7.613
2180.14	7.613
2185.15	7.613
2190.16	7.613
2195.18	7.612
2200.19	7.612
2205.20	7.612
2210.22	7.612
2215.23	7.611
2220.25	7.611
2225.26	7.611
2230.28	7.611
2235.29	7.610
2240.30	7.610
2245.31	7.610
2250.32	7.609
2255.33	7.609
2260.35	7.609
2265.36	7.609
2270.38	7.609
2275.39	7.609
2280.41	7.608
2285.42	7.608
2290.43	7.608
2295.44	7.608
2300.45	7.607
2305.47	7.607
2310.48	7.607
2315.49	7.606
2320.51	7.606
2325.52	7.606
2330.54	7.606
2335.56	7.606
2340.57	7.605
2345.58	7.605
2350.59	7.605
2355.61	7.605
2360.62	7.605
2365.63	7.604
2370.64	7.604
2375.65	7.604
2380.66	7.604
2385.67	7.603
2390.69	7.603
2395.70	7.603
2400.71	7.602
2405.72	7.602
2410.73	7.602
2415.74	7.602
2420.76	7.601
2425.77	7.601
2430.78	7.601
2435.79	7.601
2440.80	7.600
2445.81	7.600
2450.82	7.600
2455.84	7.600
2460.85	7.600
2465.86	7.599
2470.87	7.599
2475.88	7.599
2480.89	7.599
2485.91	7.598
2490.92	7.598
2495.93	7.598
2500.94	7.598
2505.95	7.597
2510.96	7.597
2515.98	7.597
2520.99	7.597
2526.00	7.596
2531.01	7.596
2536.02	7.596
2541.03	7.595
2546.04	7.595
2551.06	7.595
2556.07	7.595
2561.08	7.595
2566.09	7.594
2571.10	7.594
2576.11	7.594
2581.13	7.594
2586.14	7.593
2591.15	7.593
2596.16	7.593
2601.17	7.593
2606.18	7.592
2611.19	7.592
2616.20	7.592
2621.21	7.592
2626.22	7.592
2631.24	7.592
2636.25	7.591
2641.26	7.591
2646.28	7.590
2651.29	7.590
2656.30	7.590
2661.31	7.590
2666.32	7.589
2671.33	7.589
2676.34	7.589
2681.36	7.588
2686.37	7.588
2691.38	7.588
2696.39	7.588
2701.40	7.587
2706.42	7.588
2711.43	7.587
2716.45	7.587
2721.46	7.586
2726.48	7.586
2731.50	7.586
2736.51	7.586
2741.52	7.585
2746.53	7.585
2751.55	7.585
2756.56	7.585
2761.57	7.584
2766.58	7.584
2771.59	7.584
2776.60	7.584
2781.61	7.583
2786.63	7.583
2791.64	7.583
2796.66	7.583
2801.67	7.582
2806.68	7.582
2811.69	7.582
2816.70	7.581
2821.72	7.581
2826.73	7.581
2831.74	7.581
2836.75	7.580
2841.76	7.580
2846.77	7.580
2851.78	7.580
2856.80	7.580
2861.81	7.579
2866.82	7.579
2871.83	7.579
2876.84	7.578
2881.85	7.578
2886.87	7.578
2891.88	7.578
2896.89	7.577
2901.90	7.577
2906.91	7.577
2911.92	7.576
2916.94	7.576
2921.95	7.576
2926.96	7.575
2931.97	7.575
2936.98	7.575
2941.99	7.575
2947.00	7.575
2952.02	7.574
2957.03	7.574
2962.04	7.574
2967.05	7.574
2972.06	7.574
2977.07	7.573
2982.09	7.573
2987.10	7.573
2992.11	7.572
2997.12	7.572
3002.13	7.572
3007.14	7.571
3012.16	7.571
3017.17	7.571
3022.18	7.571
3027.19	7.570
3032.20	7.570
3037.21	7.570
3042.22	7.570
3047.24	7.570
3052.25	7.569
3057.26	7.569
3062.27	7.569
3067.28	7.569
3072.29	7.568
3077.30	7.568
3082.31	7.568
3087.33	7.567
3092.34	7.567
3097.35	7.567
3102.36	7.567
3107.38	7.566
3112.39	7.566
3117.41	7.566
3122.42	7.566
3127.43	7.565
3132.44	7.565
3137.46	7.565
3142.47	7.564
3147.48	7.564
3152.49	7.564
3157.50	7.564
3162.51	7.564
3167.52	7.563
3172.54	7.563
3177.55	7.563
3182.56	7.562
3187.57	7.562
3192.58	7.562
3197.59	7.561
3202.60	7.561
3207.62	7.561
3212.63	7.561
3217.64	7.560
3222.65	7.560
3227.66	7.560
3232.67	7.560
3237.69	7.559
3242.70	7.559
3247.71	7.559
3252.72	7.559
3257.73	7.558
3262.74	7.558
3267.76	7.558
3272.77	7.557
3277.78	7.557
3282.79	7.557
3287.80	7.557
3292.81	7.556
3297.83	7.556
3302.84	7.556
3307.85	7.555
3312.86	7.555
3317.87	7.555
3322.88	7.554
3327.89	7.554
3332.91	7.554
3337.92	7.554
3342.93	7.554
3347.94	7.554
3352.95	7.553
3357.96	7.553
3362.97	7.553
3367.99	7.552
3373.00	7.552
3378.01	7.552
3383.02	7.552
3388.03	7.551
3393.04	7.551
3398.06	7.550
3403.07	7.550
3408.08	7.550
3413.09	7.550
3418.10	7.549
3423.11	7.549
3428.12	7.549
3433.13	7.549
3438.15	7.548
3443.16	7.548
3448.18	7.548
3453.19	7.548
3458.20	7.547
3463.22	7.547
3468.23	7.547
3473.24	7.546
3478.26	7.546
3483.27	7.546
3488.28	7.546
3493.30	7.545
3498.31	7.545
3503.32	7.545
3508.34	7.545
3513.35	7.544
3518.36	7.544
3523.37	7.544
3528.38	7.543
3533.40	7.543
3538.42	7.543
3543.43	7.543
3548.44	7.542
3553.46	7.542
3558.47	7.542
3563.49	7.542
3568.50	7.541
3573.51	7.541
3578.52	7.541
3583.53	7.541
3588.55	7.540
3593.56	7.540
3598.57	7.540
3603.59	7.539
3608.60	7.539
3613.61	7.539
3618.63	7.539
3623.64	7.538
3628.66	7.538
3633.67	7.538
3638.68	7.537
3643.69	7.537
3648.71	7.537
3653.72	7.536
3658.73	7.536
3663.74	7.536
3668.75	7.536
3673.77	7.535
3678.78	7.535
3683.80	7.535
3688.82	7.534
3693.83	7.534
3698.85	7.534
3703.86	7.533
3708.87	7.533
3713.88	7.533
3718.89	7.533
3723.90	7.532
3728.92	7.532
3733.93	7.532
3738.94	7.532
3743.95	7.531
3748.96	7.531
3753.97	7.531
3758.98	7.531
3764.00	7.531
3769.01	7.530
3774.02	7.530
3779.03	7.530
3784.04	7.529
3789.05	7.529
3794.07	7.528
3799.08	7.528
3804.09	7.528
3809.10	7.528
3814.11	7.527
3819.12	7.527
3824.13	7.527
3829.15	7.527
3834.16	7.526
3839.17	7.526
3844.18	7.526
3849.19	7.526
3854.20	7.525
3859.22	7.525
3864.23	7.525
3869.24	7.524
3874.25	7.524
3879.26	7.524
3884.27	7.524
3889.28	7.523
3894.30	7.523
3899.31	7.523
3904.32	7.522
3909.33	7.522
3914.34	7.522
3919.35	7.522
3924.37	7.522
3929.38	7.521
3934.39	7.521
3939.40	7.521
3944.41	7.520
3949.42	7.520
3954.43	7.520
3959.45	7.519
3964.46	7.519
3969.47	7.519
3974.48	7.519
3979.49	7.518
3984.50	7.518
3989.52	7.518
3994.53	7.517
3999.54	7.517
4004.55	7.517
4009.56	7.516
4014.58	7.516
4019.59	7.516
4024.60	7.515
4029.61	7.515
4034.62	7.515
4039.63	7.515
4044.65	7.515
4049.66	7.514
4054.67	7.514
4059.68	7.514
4064.69	7.513
4069.70	7.513
4074.72	7.513
4079.74	7.513
4084.76	7.512
4089.77	7.512
4094.79	7.512
4099.80	7.511
4104.82	7.511
4109.83	7.511
4114.84	7.511
4119.85	7.510
4124.86	7.510
4129.88	7.510
4134.89	7.510
4139.90	7.509
4144.91	7.509
4149.92	7.508
4154.93	7.508
4159.95	7.508
4164.96	7.507
4169.97	7.507
4174.98	7.507
4179.99	7.507
4185.01	7.506
4190.02	7.506
4195.04	7.506
4200.05	7.506
4205.06	7.505
4210.08	7.505
4215.09	7.505
4220.10	7.505
4225.12	7.504
4230.13	7.504
4235.14	7.504
4240.16	7.503
4245.17	7.503
4250.18	7.503
4255.20	7.503
4260.22	7.503
4265.23	7.502
4270.25	7.501
4275.26	7.501
4280.27	7.501
4285.28	7.501
4290.29	7.500
4295.30	7.501
4300.31	7.500
4305.33	7.500
4310.34	7.499
4315.35	7.499
4320.37	7.499
4325.38	7.499
4330.40	7.498
4335.41	7.498
4340.43	7.498
4345.44	7.497
4350.46	7.497
4355.47	7.497
4360.48	7.496
4365.49	7.496
4370.50	7.496
4375.51	7.496
4380.53	7.496
4385.54	7.495
4390.55	7.495
4395.56	7.494
4400.57	7.494
4405.59	7.494
4410.60	7.493
4415.62	7.493
4420.63	7.493
4425.65	7.493
4430.66	7.492
4435.68	7.492
4440.69	7.492
4445.70	7.491
4450.71	7.491
4455.73	7.491
4460.74	7.491
4465.76	7.490
4470.77	7.490
4475.78	7.490
4480.79	7.490
4485.80	7.489
4490.81	7.489
4495.82	7.489
4500.84	7.488
4505.85	7.488
4510.86	7.488
4515.87	7.488
4520.88	7.487
4525.89	7.487
4530.91	7.487
4535.92	7.487
4540.93	7.486
4545.94	7.486
4550.95	7.486
4555.96	7.485
4560.97	7.485
4565.99	7.485
4571.00	7.485
4576.01	7.484
4581.02	7.484
4586.03	7.484
4591.04	7.483
4596.06	7.483
4601.07	7.483
4606.08	7.483
4611.09	7.483
4616.10	7.482
4621.11	7.482
4626.13	7.482
4631.14	7.481
4636.15	7.481
4641.16	7.481
4646.17	7.481
4651.18	7.480
4656.20	7.480
4661.21	7.480
4666.22	7.480
4671.23	7.480
4676.24	7.479
4681.25	7.479
4686.27	7.479
4691.28	7.479
4696.29	7.478
4701.30	7.478
4706.31	7.478
4711.32	7.477
4716.33	7.477
4721.35	7.477
4726.36	7.476
4731.37	7.476
4736.38	7.476
4741.39	7.476
4746.40	7.475
4751.42	7.475
4756.43	7.475
4761.44	7.474
4766.45	7.474
4771.46	7.474
4776.47	7.474
4781.48	7.474
4786.49	7.473
4791.51	7.473
4796.52	7.473
4801.53	7.473
4806.54	7.472
4811.55	7.472
4816.56	7.472
4821.58	7.472
4826.59	7.472
4831.60	7.471
4836.62	7.471
4841.63	7.471
4846.64	7.470
4851.66	7.470
4856.67	7.470
4861.69	7.470
4866.70	7.470
4871.72	7.469
4876.73	7.469
4881.75	7.469
4886.76	7.469
4891.77	7.468
4896.78	7.468
4901.79	7.468
4906.80	7.468
4911.82	7.467
4916.83	7.467
4921.84	7.467
4926.85	7.467
4931.87	7.467
4936.89	7.466
4941.90	7.466
4946.92	7.466
4951.93	7.466
4956.95	7.465
4961.96	7.465
4966.98	7.465
4972.00	7.464
4977.01	7.464
4982.02	7.464
4987.03	7.464
4992.05	7.463
4997.06	7.463
5002.07	7.463
5007.08	7.464
5012.09	7.463
5017.10	7.463
5022.11	7.462
5027.13	7.462
5032.14	7.462
5037.15	7.462
5042.16	7.461
5047.17	7.461
5052.19	7.461
5057.20	7.460
5062.21	7.460
5067.22	7.460
5072.23	7.460
5077.25	7.460
5082.26	7.460
5087.28	7.459
5092.29	7.459
5097.31	7.459
5102.32	7.459
5107.34	7.459
5112.35	7.458
5117.37	7.458
5122.38	7.458
5127.40	7.458
5132.41	7.457
5137.42	7.457
5142.43	7.457
5147.44	7.457
5152.45	7.457
5157.47	7.457
5162.48	7.457
5167.49	7.456
5172.50	7.456
5177.51	7.456
5182.52	7.455
5187.53	7.455
5192.55	7.455
5197.57	7.455
5202.59	7.454
5207.60	7.454
5212.61	7.454
5217.63	7.454
5222.65	7.454
5227.66	7.453
5232.68	7.453
5237.69	7.453
5242.70	7.453
5247.71	7.453
5252.72	7.453
5257.73	7.452
5262.75	7.452
5267.76	7.452
5272.77	7.452
5277.78	7.452
5282.79	7.451
5287.80	7.451
5292.81	7.451
5297.83	7.451
5302.85	7.451
5307.86	7.450
5312.88	7.450
5317.89	7.450
5322.90	7.450
5327.92	7.450
5332.93	7.450
5337.95	7.449
5342.97	7.449
5347.98	7.449
5352.99	7.449
5358.00	7.448
5363.01	7.448
5368.03	7.448
5373.04	7.448
5378.05	7.448
5383.06	7.447
5388.07	7.447
5393.08	7.447
5398.09	7.447
5403.11	7.447
5408.12	7.447
5413.13	7.447
5418.14	7.446
5423.15	7.446
5428.16	7.446
5433.18	7.446
5438.19	7.445
5443.20	7.445
5448.21	7.445
5453.22	7.445
5458.24	7.445
5463.25	7.445
5468.26	7.445
5473.27	7.445
5478.28	7.444
5483.29	7.444
5488.31	7.444
5493.32	7.444
5498.33	7.444
5503.34	7.443
5508.35	7.443
5513.36	7.443
5518.38	7.443
5523.39	7.443
5528.40	7.443
5533.41	7.443
5538.42	7.443
5543.43	7.442
5548.44	7.442
5553.46	7.442
5558.47	7.442
5563.48	7.441
5568.49	7.441
5573.50	7.441
5578.51	7.441
5583.53	7.441
5588.54	7.441
5593.55	7.441
5598.56	7.440
5603.57	7.440
5608.58	7.440
5613.60	7.440
5618.61	7.440
5623.62	7.440
5628.63	7.439
5633.64	7.439
5638.65	7.439
5643.66	7.439
5648.68	7.439
5653.69	7.439
5658.70	7.439
5663.71	7.439
5668.72	7.438
5673.73	7.438
5678.75	7.438
5683.76	7.438
5688.77	7.438
5693.78	7.437
5698.79	7.437
5703.80	7.437
5708.82	7.437
5713.83	7.437
5718.84	7.437
5723.85	7.436
5728.86	7.436
5733.88	7.436
5738.89	7.436
5743.90	7.436
5748.92	7.436
5753.93	7.435
5758.95	7.435
5763.97	7.435
5768.98	7.435
5774.00	7.435
5779.01	7.435
5784.03	7.435
5789.04	7.434
5794.05	7.434
5799.06	7.434
5804.07	7.434
5809.08	7.434
5814.10	7.434
5819.11	7.433
5824.12	7.434
5829.13	7.433
5834.15	7.433
5839.16	7.433
5844.17	7.433
5849.18	7.432
5854.19	7.432
5859.20	7.432
5864.22	7.432
5869.24	7.432
5874.25	7.432
5879.27	7.432
5884.28	7.432
5889.30	7.431
5894.31	7.431
5899.33	7.431
5904.34	7.431
5909.35	7.430
5914.36	7.430
5919.37	7.430
5924.39	7.430
5929.40	7.430
5934.41	7.430
5939.42	7.430
5944.43	7.430
5949.44	7.429
5954.46	7.429
5959.47	7.429
5964.48	7.429
5969.49	7.429
5974.50	7.429
5979.51	7.429
5984.53	7.428
5989.54	7.428
5994.55	7.428
5999.56	7.428
6004.57	7.428
6009.58	7.428
6014.59	7.428
6019.61	7.427
6024.62	7.427
6029.63	7.427
6034.64	7.427
6039.65	7.427
6044.67	7.427
6049.69	7.427
6054.70	7.427
6059.71	7.426
6064.72	7.426
6069.73	7.426
6074.74	7.426
6079.75	7.426
6084.77	7.426
6089.78	7.426
6094.79	7.426
6099.80	7.425
6104.81	7.425
6109.82	7.425
6114.83	7.425
6119.85	7.425
6124.86	7.424
6129.87	7.425
6134.88	7.425
6139.89	7.425
6144.90	7.424
6149.92	7.424
6154.93	7.424
6159.94	7.424
6164.95	7.424
6169.96	7.424
6174.97	7.423
6179.98	7.423
6185.00	7.423
6190.01	7.423
6195.02	7.423
6200.03	7.423
6205.04	7.423
6210.05	7.423
6215.07	7.422
6220.08	7.422
6225.09	7.422
6230.10	7.422
6235.11	7.422
6240.12	7.422
6245.13	7.422
6250.15	7.422
6255.16	7.421
6260.17	7.421
6265.18	7.421
6270.20	7.421
6275.21	7.421
6280.22	7.421
6285.23	7.421
6290.24	7.420
6295.25	7.420
6300.27	7.420
6305.28	7.420
6310.29	7.420
6315.30	7.420
6320.31	7.420
6325.32	7.420
6330.34	7.420
6335.35	7.419
6340.36	7.419
6345.37	7.419
6350.38	7.419
6355.39	7.419
6360.40	7.419
6365.42	7.419
6370.43	7.419
6375.44	7.418
6380.45	7.418
6385.46	7.418
6390.47	7.418
6395.49	7.418
6400.50	7.418
6405.51	7.418
6410.52	7.418
6415.53	7.417
6420.54	7.417
6425.55	7.417
6430.57	7.417
6435.58	7.417
6440.59	7.417
6445.60	7.416
6450.61	7.416
6455.62	7.416
6460.63	7.416
6465.65	7.416
6470.66	7.416
6475.67	7.416
6480.68	7.416
6485.69	7.416
6490.70	7.416
6495.72	7.415
6500.73	7.415
6505.74	7.415
6510.75	7.415
6515.76	7.415
6520.77	7.415
6525.79	7.414
6530.80	7.414
6535.81	7.414
6540.82	7.414
6545.83	7.414
6550.84	7.414
6555.85	7.414
6560.87	7.414
6565.88	7.414
6570.89	7.413
6575.90	7.413
6580.91	7.413
6585.92	7.413
6590.94	7.413
6595.95	7.413
6600.96	7.413
6605.97	7.412
6610.98	7.412
6615.99	7.412
6621.01	7.412
6626.03	7.412
6631.04	7.412
6636.05	7.412
6641.06	7.412
6646.08	7.412
6651.09	7.412
6656.10	7.411
6661.12	7.411
6666.13	7.411
6671.14	7.411
6676.15	7.410
6681.17	7.410
6686.18	7.411
6691.20	7.410
6696.21	7.410
6701.23	7.410
6706.24	7.410
6711.25	7.410
6716.26	7.410
6721.27	7.410
6726.28	7.409
6731.30	7.409
6736.31	7.409
6741.33	7.409
6746.34	7.409
6751.35	7.409
6756.36	7.409
6761.38	7.409
6766.39	7.409
6771.40	7.408
6776.41	7.408
6781.42	7.408
6786.44	7.408
6791.45	7.408
6796.46	7.407
6801.47	7.408
6806.48	7.407
6811.49	7.407
6816.50	7.407
6821.52	7.407
6826.53	7.407
6831.54	7.407
6836.55	7.407
6841.56	7.407
6846.57	7.407
6851.59	7.407
6856.60	7.406
6861.61	7.406
6866.62	7.406
6871.63	7.406
6876.64	7.406
6881.65	7.406
6886.67	7.406
6891.68	7.406
6896.69	7.406
6901.71	7.405
6906.72	7.405
6911.73	7.405
6916.74	7.405
6921.75	7.405
6926.76	7.405
6931.78	7.405
6936.79	7.405
6941.80	7.404
6946.81	7.404
6951.82	7.404
6956.83	7.404
6961.85	7.404
6966.86	7.404
6971.87	7.403
6976.89	7.403
6981.90	7.403
6986.91	7.403
6991.92	7.403
6996.93	7.403
7001.94	7.403
7006.96	7.403
7011.97	7.403
7016.98	7.403
7021.99	7.402
7027.00	7.402
7032.01	7.402
7037.03	7.402
7042.04	7.402
7047.05	7.402
7052.06	7.402
7057.07	7.401
7062.08	7.401
7067.09	7.402
7072.11	7.401
7077.12	7.401
7082.13	7.401
7087.14	7.401
7092.15	7.401
7097.16	7.401
7102.18	7.400
7107.19	7.400
7112.20	7.400
7117.21	7.400
7122.22	7.400
7127.23	7.400
7132.25	7.400
7137.26	7.400
7142.27	7.400
7147.28	7.399
7152.29	7.399
7157.30	7.399
7162.32	7.399
7167.33	7.399
7172.34	7.399
7177.36	7.398
7182.37	7.398
7187.38	7.398
7192.40	7.398
7197.41	7.398
7202.43	7.398
7207.44	7.398
7212.45	7.398
7217.47	7.398
7222.48	7.397
7227.49	7.398
7232.51	7.397
7237.52	7.397
7242.53	7.397
7247.54	7.397
7252.55	7.397
7257.56	7.397
7262.58	7.397
7267.59	7.397
7272.60	7.397
7277.61	7.396
7282.62	7.397
7287.63	7.396
7292.64	7.396
7297.66	7.396
7302.67	7.396
7307.68	7.396
7312.69	7.396
7317.70	7.396
7322.71	7.396
7327.73	7.395
7332.74	7.395
7337.75	7.395
7342.76	7.395
7347.77	7.395
7352.78	7.395
7357.80	7.394
7362.81	7.394
7367.82	7.394
7372.83	7.394
7377.84	7.394
7382.85	7.394
7387.86	7.394
7392.88	7.394
7397.89	7.394
7402.90	7.393
7407.91	7.393
7412.92	7.393
7417.93	7.393
7422.95	7.393
7427.96	7.393
7432.98	7.393
7437.99	7.393
7443.00	7.393
7448.01	7.392
7453.03	7.392
7458.04	7.392
7463.05	7.392
7468.06	7.392
7473.07	7.392
7478.08	7.392
7483.09	7.391
7488.11	7.391
7493.12	7.391
7498.13	7.391
7503.14	7.391
7508.15	7.391
7513.16	7.391
7518.18	7.391
7523.19	7.391
7528.20	7.390
7533.21	7.390
7538.22	7.390
7543.23	7.390
7548.25	7.390
7553.26	7.390
7558.27	7.390
7563.28	7.390
7568.29	7.389
7573.30	7.390
7578.32	7.389
7583.33	7.389
7588.34	7.389
7593.35	7.389
7598.36	7.389
7603.37	7.389
7608.39	7.389
7613.40	7.388
7618.41	7.388
7623.42	7.388
7628.43	7.388
7633.45	7.388
7638.46	7.388
7643.48	7.388
7648.49	7.388
7653.50	7.388
7658.52	7.387
7663.53	7.387
7668.54	7.387
7673.55	7.387
7678.56	7.387
7683.57	7.387
7688.58	7.387
7693.60	7.387
7698.61	7.387
7703.62	7.386
7708.63	7.386
7713.64	7.386
7718.65	7.386
7723.67	7.386
7728.68	7.386
7733.69	7.386
7738.70	7.386
7743.71	7.385
7748.72	7.385
7753.74	7.385
7758.75	7.385
7763.76	7.385
7768.77	7.385
7773.78	7.385
7778.79	7.384
7783.80	7.384
7788.82	7.384
7793.83	7.384
7798.84	7.384
7803.85	7.384
7808.86	7.384
7813.87	7.384
7818.89	7.383
7823.90	7.383
7828.91	7.383
7833.92	7.383
7838.93	7.383
7843.94	7.383
7848.95	7.383
7853.96	7.382
7858.98	7.382
7863.99	7.382
7869.00	7.382
7874.01	7.382
7879.02	7.382
7884.03	7.382
7889.05	7.382
7894.06	7.382
7899.07	7.381
7904.08	7.381
7909.09	7.381
7914.10	7.381
7919.12	7.381
7924.13	7.381
7929.14	7.381
7934.15	7.380
7939.16	7.380
7944.17	7.380
7949.18	7.380
7954.20	7.380
7959.21	7.380
7964.22	7.380
7969.23	7.380
7974.24	7.379
7979.25	7.379
7984.27	7.379
7989.28	7.379
7994.29	7.379
7999.30	7.379
8004.31	7.379
8009.32	7.379
8014.34	7.379
8019.35	7.379
8024.36	7.378
8029.38	7.378
8034.39	7.378
8039.41	7.378
8044.42	7.378
8049.44	7.377
8054.45	7.377
8059.47	7.377
8064.48	7.377
8069.49	7.377
8074.51	7.377
8079.52	7.377
8084.53	7.376
8089.54	7.376
8094.55	7.376
8099.56	7.376
8104.58	7.376
8109.59	7.376
8114.60	7.376
8119.61	7.376
8124.62	7.375
8129.63	7.375
8134.65	7.375
8139.66	7.375
8144.67	7.375
8149.68	7.375
8154.69	7.375
8159.70	7.374
8164.72	7.374
8169.73	7.374
8174.74	7.374
8179.75	7.374
8184.76	7.374
8189.77	7.374
8194.79	7.374
8199.80	7.373
8204.81	7.373
8209.82	7.373
8214.83	7.373
8219.84	7.373
8224.85	7.373
8229.87	7.373
8234.88	7.372
8239.89	7.372
8244.90	7.372
8249.91	7.372
8254.92	7.372
8259.94	7.372
8264.95	7.372
8269.96	7.371
8274.98	7.371
8279.99	7.371
8285.00	7.371
8290.01	7.371
8295.02	7.371
8300.04	7.371
8305.05	7.370
8310.06	7.370
8315.07	7.370
8320.08	7.370
8325.09	7.370
8330.11	7.370
8335.12	7.369
8340.13	7.369
8345.14	7.369
8350.15	7.369
8355.16	7.369
8360.17	7.369
8365.19	7.369
8370.20	7.369
8375.21	7.368
8380.22	7.368
8385.23	7.368
8390.24	7.368
8395.26	7.367
8400.27	7.367
8405.28	7.367
8410.29	7.367
8415.30	7.367
8420.31	7.367
8425.33	7.367
8430.34	7.367
8435.35	7.366
8440.36	7.366
8445.37	7.366
8450.38	7.366
8455.40	7.365
8460.41	7.365
8465.42	7.365
8470.43	7.365
8475.45	7.365
8480.46	7.364
8485.47	7.364
8490.48	7.364
8495.49	7.364
8500.50	7.364
8505.51	7.364
8510.53	7.364
8515.54	7.364
8520.55	7.363
8525.56	7.363
8530.57	7.363
8535.58	7.363
8540.60	7.363
8545.61	7.362
8550.62	7.362
8555.63	7.362
8560.64	7.362
8565.65	7.362
8570.67	7.362
8575.68	7.361
8580.69	7.361
8585.70	7.361
8590.71	7.361
8595.72	7.361
8600.73	7.361
8605.75	7.361
8610.76	7.360
8615.77	7.360
8620.78	7.360
8625.79	7.360
8630.80	7.359
8635.82	7.359
8640.83	7.359
8645.84	7.359
8650.85	7.359
8655.86	7.359
8660.87	7.358
8665.89	7.358
8670.90	7.358
8675.91	7.358
8680.92	7.358
8685.93	7.357
8690.94	7.357
8695.95	7.357
8700.97	7.357
8705.98	7.357
8710.99	7.357
8716.00	7.356
8721.01	7.356
8726.02	7.356
8731.04	7.356
8736.05	7.355
8741.06	7.355
8746.07	7.355
8751.08	7.355
8756.09	7.355
8761.10	7.354
8766.12	7.355
8771.13	7.354
8776.14	7.354
8781.15	7.353
8786.16	7.353
8791.17	7.353
8796.18	7.353
8801.20	7.353
8806.21	7.353
8811.22	7.352
8816.23	7.352
8821.24	7.352
8826.25	7.352
8831.27	7.352
8836.28	7.351
8841.29	7.351
8846.30	7.351
8851.32	7.351
8856.33	7.350
8861.35	7.350
8866.36	7.350
8871.37	7.350
8876.38	7.349
8881.40	7.349
8886.41	7.349
8891.42	7.349
8896.43	7.348
8901.44	7.348
8906.45	7.348
8911.47	7.348
8916.48	7.348
8921.49	7.347
8926.50	7.347
8931.51	7.347
8936.52	7.347
8941.54	7.346
8946.55	7.346
8951.56	7.346
8956.57	7.346
8961.58	7.346
8966.59	7.345
8971.60	7.345
8976.62	7.345
8981.63	7.345
8986.64	7.345
8991.65	7.344
8996.66	7.344
9001.67	7.344
9006.68	7.343
9011.70	7.343
9016.71	7.343
9021.72	7.343
9026.73	7.343
9031.74	7.342
9036.75	7.342
9041.77	7.342
9046.78	7.341
9051.79	7.341
9056.80	7.341
9061.82	7.340
9066.83	7.340
9071.84	7.340
9076.86	7.340
9081.87	7.339
9086.89	7.339
9091.90	7.339
9096.91	7.339
9101.92	7.338
9106.93	7.338
9111.94	7.338
9116.96	7.337
9121.97	7.337
9126.98	7.337
9131.99	7.337
9137.00	7.337
9142.01	7.336
9147.03	7.336
9152.04	7.336
9157.05	7.336
9162.06	7.335
9167.07	7.335
9172.08	7.335
9177.09	7.334
9182.11	7.334
9187.12	7.334
9192.13	7.333
9197.14	7.333
9202.15	7.333
9207.16	7.332
9212.18	7.332
9217.19	7.332
9222.20	7.332
9227.21	7.331
9232.22	7.331
9237.23	7.331
9242.25	7.330
9247.26	7.330
9252.27	7.330
9257.28	7.329
9262.29	7.329
9267.31	7.329
9272.32	7.328
9277.33	7.328
9282.35	7.328
9287.36	7.328
9292.37	7.327
9297.39	7.327
9302.40	7.327
9307.41	7.327
9312.42	7.326
9317.43	7.326
9322.44	7.325
9327.46	7.325
9332.47	7.325
9337.48	7.325
9342.49	7.325
9347.50	7.325
9352.51	7.324
9357.53	7.323
9362.54	7.323
9367.55	7.323
9372.56	7.322
9377.57	7.322
9382.58	7.322
9387.59	7.321
9392.61	7.320
9397.62	7.320
9402.63	7.320
9407.64	7.319
9412.65	7.319
9417.66	7.319
9422.68	7.318
9427.69	7.318
9432.70	7.317
9437.71	7.317
9442.72	7.317
9447.73	7.316
9452.75	7.316
9457.76	7.315
9462.77	7.315
9467.78	7.315
9472.79	7.314
9477.80	7.314
9482.81	7.313
9487.82	7.313
9492.84	7.312
9497.85	7.312
9502.87	7.312
9507.88	7.311
9512.89	7.311
9517.90	7.311
9522.92	7.310
9527.93	7.310
9532.94	7.309
9537.95	7.309
9542.96	7.309
9547.97	7.308
9552.99	7.308
9558.00	7.307
9563.01	7.307
9568.02	7.307
9573.03	7.306
9578.04	7.306
9583.05	7.305
9588.07	7.305
9593.08	7.305
9598.09	7.304
9603.10	7.303
9608.11	7.303
9613.12	7.302
9618.14	7.302
9623.15	7.302
9628.16	7.301
9633.17	7.301
9638.18	7.300
9643.19	7.300
9648.20	7.299
9653.22	7.299
9658.23	7.299
9663.24	7.298
9668.25	7.298
9673.26	7.297
9678.27	7.297
9683.29	7.296
9688.30	7.296
9693.31	7.295
9698.32	7.295
9703.34	7.294
9708.35	7.294
9713.37	7.293
9718.38	7.293
9723.39	7.292
9728.40	7.292
9733.42	7.291
9738.43	7.290
9743.44	7.290
9748.45	7.290
9753.46	7.289
9758.47	7.288
9763.48	7.288
9768.50	7.287
9773.51	7.287
9778.52	7.286
9783.53	7.286
9788.54	7.285
9793.56	7.285
9798.57	7.284
9803.58	7.284
9808.59	7.283
9813.60	7.283
9818.61	7.282
9823.63	7.281
9828.64	7.281
9833.65	7.280
9838.66	7.280
9843.67	7.279
9848.68	7.279
9853.70	7.278
9858.71	7.277
9863.72	7.277
9868.73	7.276
9873.74	7.276
9878.75	7.275
9883.77	7.275
9888.78	7.275
9893.79	7.274
9898.80	7.273
9903.81	7.273
9908.82	7.272
9913.83	7.271
9918.85	7.270
9923.86	7.270
9928.87	7.269
9933.89	7.269
9938.90	7.268
9943.91	7.268
9948.92	7.267
9953.93	7.266
9958.94	7.266
9963.96	7.265
9968.97	7.264
9973.98	7.264
9978.99	7.263
9984.00	7.263
9989.01	7.262
9994.02	7.261
9999.04	7.261
10004.05	7.260
10009.06	7.259
10014.07	7.259
10019.08	7.258
10024.09	7.257
10029.10	7.257
10034.12	7.256
10039.13	7.255
10044.14	7.255
10049.15	7.254
10054.16	7.253
10059.17	7.253
10064.19	7.252
10069.20	7.252
10074.21	7.251
10079.22	7.251
10084.23	7.250
10089.24	7.249
10094.26	7.248
10099.27	7.248
10104.28	7.247
10109.29	7.247
10114.30	7.246
10119.31	7.245
10124.32	7.245
10129.34	7.244
10134.35	7.243
10139.37	7.243
10144.38	7.242
10149.39	7.241
10154.40	7.240
10159.41	7.240
10164.43	7.239
10169.44	7.238
10174.45	7.237
10179.46	7.237
10184.47	7.236
10189.48	7.235
10194.50	7.235
10199.51	7.234
10204.52	7.233
10209.53	7.233
10214.54	7.232
10219.55	7.232
10224.56	7.231
10229.58	7.230
10234.59	7.230
10239.60	7.229
10244.61	7.228
10249.62	7.227
10254.63	7.226
10259.65	7.226
10264.66	7.225
10269.67	7.224
10274.68	7.224
10279.70	7.223
10284.71	7.222
10289.72	7.222
10294.73	7.221
10299.74	7.220
10304.75	7.219
10309.77	7.219
10314.78	7.218
10319.79	7.217
10324.80	7.216
10329.81	7.215
10334.82	7.215
10339.84	7.214
10344.85	7.213
10349.86	7.212
10354.88	7.212
10359.89	7.211
10364.90	7.210
10369.91	7.210
10374.92	7.209
10379.94	7.208
10384.95	7.207
10389.96	7.206
10394.97	7.206
10399.98	7.205
10404.99	7.204
10410.00	7.203
10415.02	7.203
10420.03	7.202
10425.04	7.201
10430.05	7.200
10435.06	7.199
10440.07	7.199
10445.09	7.198
10450.10	7.197
10455.11	7.197
10460.12	7.196
10465.13	7.195
10470.14	7.195
10475.15	7.194
10480.17	7.193
10485.18	7.192
10490.19	7.191
10495.20	7.190
10500.21	7.189
10505.22	7.189
10510.24	7.188
10515.25	7.187
10520.26	7.186
10525.27	7.185
10530.28	7.185
10535.29	7.184
10540.30	7.183
10545.31	7.183
10550.33	7.182
10555.34	7.181
10560.35	7.180
10565.36	7.180
10570.37	7.179
10575.38	7.178
10580.40	7.177
10585.41	7.176
10590.42	7.176
10595.43	7.175
10600.44	7.174
10605.45	7.173
10610.47	7.172
10615.48	7.171
10620.49	7.171
10625.50	7.170
10630.51	7.169
10635.53	7.168
10640.54	7.167
10645.55	7.167
10650.56	7.166
10655.57	7.165
10660.58	7.164
10665.59	7.164
10670.61	7.163
10675.62	7.162
10680.63	7.161
10685.64	7.161
10690.65	7.160
10695.66	7.159
10700.67	7.158
10705.69	7.157
10710.70	7.156
10715.71	7.155
10720.72	7.154
10725.73	7.154
10730.74	7.153
10735.76	7.152
10740.77	7.151
10745.78	7.150
10750.80	7.149
10755.81	7.148
10760.82	7.148
10765.83	7.147
10770.85	7.146
10775.86	7.145
10780.87	7.144
10785.88	7.144
10790.89	7.143
10795.90	7.142
10800.91	7.141
10805.93	7.140
10810.94	7.139
10815.95	7.138
10820.96	7.138
10825.97	7.137
10830.98	7.136
10836.00	7.135
10841.01	7.134
10846.02	7.133
10851.03	7.133
10856.04	7.132
10861.05	7.131
10866.07	7.130
10871.08	7.129
10876.09	7.129
10881.10	7.128
10886.11	7.127
10891.12	7.126
10896.13	7.125
10901.15	7.124
10906.16	7.123
10911.17	7.122
10916.18	7.122
10921.19	7.121
10926.20	7.120
10931.22	7.119
10936.23	7.118
10941.24	7.117
10946.25	7.116
10951.27	7.115
10956.28	7.114
10961.30	7.113
10966.31	7.113
10971.32	7.112
10976.33	7.111
10981.35	7.110
10986.36	7.109
10991.37	7.108
10996.38	7.107
11001.39	7.105
11006.40	7.105
11011.41	7.104
11016.43	7.103
11021.44	7.102
11026.45	7.101
11031.46	7.100
11036.47	7.099
11041.48	7.098
11046.50	7.097
11051.51	7.096
11056.52	7.095
11061.53	7.094
11066.54	7.093
11071.55	7.093
11076.57	7.092
11081.58	7.091
11086.59	7.090
11091.60	7.089
11096.61	7.088
11101.62	7.087
11106.63	7.086
11111.65	7.086
11116.66	7.085
11121.67	7.084
11126.68	7.083
11131.69	7.082
11136.70	7.081
11141.71	7.080
11146.73	7.079
11151.74	7.078
11156.75	7.077
11161.77	7.076
11166.78	7.075
11171.79	7.074
11176.81	7.074
11181.82	7.073
11186.83	7.072
11191.84	7.071
11196.86	7.070
11201.87	7.069
11206.88	7.068
11211.89	7.067
11216.90	7.066
11221.91	7.065
11226.93	7.064
11231.94	7.063
11236.95	7.062
11241.96	7.062
11246.97	7.061
11251.98	7.060
11257.00	7.059
11262.01	7.058
11267.02	7.057
11272.03	7.056
11277.04	7.055
11282.05	7.054
11287.07	7.053
11292.08	7.052
11297.09	7.051
11302.10	7.050
11307.11	7.049
11312.12	7.048
11317.13	7.047
11322.15	7.046
11327.16	7.046
11332.17	7.045
11337.18	7.043
11342.19	7.043
11347.20	7.041
11352.22	7.041
11357.23	7.040
11362.24	7.039
11367.25	7.038
11372.27	7.037
11377.28	7.036
11382.29	7.035
11387.31	7.034
11392.32	7.033
11397.33	7.032
11402.35	7.031
11407.36	7.030
11412.37	7.028
11417.38	7.027
11422.39	7.027
11427.40	7.026
11432.41	7.025
11437.43	7.024
11442.44	7.023
11447.45	7.022
11452.46	7.021
11457.47	7.020
11462.48	7.019
11467.50	7.018
11472.51	7.017
11477.52	7.016
11482.53	7.015
11487.54	7.014
11492.55	7.013
11497.56	7.012
11502.58	7.010
11507.59	7.010
11512.60	7.009
11517.61	7.008
11522.62	7.007
11527.63	7.006
11532.65	7.005
11537.66	7.004
11542.67	7.003
11547.68	7.002
11552.69	7.001
11557.70	7.000
11562.72	6.999
11567.73	6.998
11572.74	6.997
11577.75	6.996
11582.76	6.994
11587.77	6.993
11592.78	6.992
11597.80	6.991
11602.81	6.990
11607.82	6.989
11612.83	6.988
11617.84	6.987
11622.85	6.986
11627.86	6.985
11632.88	6.984
11637.89	6.983
11642.90	6.982
11647.91	6.981
11652.92	6.980
11657.93	6.979
11662.95	6.978
11667.96	6.977
11672.97	6.976
11677.98	6.975
11682.99	6.974
11688.00	6.973
11693.02	6.972
11698.03	6.970
11703.04	6.969
11708.05	6.968
11713.06	6.967
11718.07	6.966
11723.09	6.965
11728.10	6.964
11733.11	6.963
11738.12	6.962
11743.13	6.961
11748.14	6.960
11753.15	6.959
11758.17	6.958
11763.18	6.957
11768.19	6.956
11773.21	6.955
11778.22	6.954
11783.24	6.952
11788.25	6.951
11793.26	6.950
11798.27	6.949
11803.28	6.948
11808.29	6.947
11813.31	6.946
11818.32	6.945
11823.33	6.944
11828.34	6.943
11833.35	6.941
11838.36	6.940
11843.37	6.939
11848.39	6.938
11853.40	6.937
11858.41	6.936
11863.42	6.935
11868.43	6.934
11873.44	6.933
11878.46	6.932
11883.47	6.930
11888.48	6.929
11893.49	6.928
11898.50	6.927
11903.51	6.926
11908.53	6.925
11913.54	6.924
11918.55	6.922
11923.56	6.921
11928.57	6.921
11933.58	6.919
11938.59	6.918
11943.61	6.917
11948.62	6.916
11953.63	6.915
11958.64	6.914
11963.65	6.913
11968.66	6.911
11973.68	6.910
11978.69	6.909
11983.70	6.908
11988.71	6.907
11993.73	6.905
11998.74	6.904
12003.76	6.903
12008.77	6.902
12013.78	6.901
12018.80	6.900
12023.81	6.899
12028.83	6.897
12033.84	6.896
12038.85	6.895
12043.86	6.894
12048.88	6.893
12053.89	6.892
12058.90	6.891
12063.91	6.889
12068.92	6.888
12073.93	6.887
12078.94	6.886
12083.96	6.885
12088.97	6.884
12093.98	6.882
12098.99	6.881
12104.00	6.880
12109.01	6.879
12114.03	6.878
12119.04	6.876
12124.05	6.875
12129.06	6.874
12134.07	6.873
12139.08	6.872
12144.10	6.871
12149.11	6.869
12154.12	6.868
12159.13	6.867
12164.14	6.866
12169.15	6.865
12174.16	6.863
12179.18	6.862
12184.19	6.861
12189.20	6.860
12194.21	6.858
12199.22	6.857
12204.24	6.856
12209.25	6.855
12214.26	6.854
12219.27	6.852
12224.28	6.851
12229.30	6.850
12234.31	6.849
12239.33	6.848
12244.34	6.846
12249.35	6.845
12254.36	6.844
12259.37	6.843
12264.38	6.842
12269.40	6.840
12274.41	6.839
12279.42	6.838
12284.43	6.837
12289.44	6.835
12294.45	6.834
12299.46	6.833
12304.48	6.832
12309.49	6.830
12314.50	6.829
12319.51	6.828
12324.52	6.827
12329.53	6.825
12334.55	6.824
12339.56	6.823
12344.57	6.822
12349.58	6.820
12354.59	6.819
12359.60	6.818
12364.62	6.817
12369.63	6.815
12374.64	6.814
12379.65	6.813
12384.66	6.812
12389.67	6.810
12394.68	6.809
12399.70	6.808
12404.71	6.806
12409.72	6.805
12414.73	6.804
12419.74	6.802
12424.75	6.801
12429.77	6.800
12434.78	6.799
12439.79	6.797
12444.80	6.796
12449.82	6.795
12454.83	6.793
12459.85	6.792
12464.86	6.791
12469.87	6.790
12474.88	6.788
12479.89	6.787
12484.90	6.786
12489.91	6.784
12494.93	6.783
12499.94	6.781
12504.95	6.780
12509.96	6.779
12514.97	6.778
12519.98	6.776
12525.00	6.775
12530.01	6.773
12535.02	6.772
12540.03	6.771
12545.04	6.770
12550.05	6.768
12555.06	6.767
12560.08	6.766
12565.09	6.764
12570.10	6.763
12575.11	6.761
12580.12	6.760
12585.13	6.759
12590.15	6.758
12595.16	6.756
12600.17	6.755
12605.18	6.753
12610.19	6.752
12615.20	6.751
12620.22	6.750
12625.23	6.748
12630.24	6.747
12635.25	6.745
12640.26	6.744
12645.27	6.743
12650.28	6.741
12655.30	6.740
12660.31	6.738
12665.32	6.737
12670.34	6.735
12675.35	6.734
12680.36	6.733
12685.37	6.731
12690.38	6.730
12695.39	6.728
12700.41	6.727
12705.42	6.725
12710.43	6.724
12715.44	6.723
12720.45	6.722
12725.46	6.720
12730.47	6.719
12735.49	6.717
12740.50	6.716
12745.51	6.714
12750.52	6.713
12755.53	6.712
12760.54	6.710
12765.56	6.709
12770.57	6.708
12775.58	6.707
12780.59	6.705
12785.60	6.703
12790.61	6.702
12795.62	6.700
12800.64	6.699
12805.65	6.697
12810.66	6.696
12815.67	6.694
12820.68	6.693
12825.69	6.692
12830.71	6.690
12835.72	6.689
12840.73	6.687
12845.74	6.686
12850.75	6.684
12855.76	6.683
12860.77	6.681
12865.79	6.680
12870.80	6.678
12875.81	6.677
12880.82	6.675
12885.83	6.674
12890.84	6.672
12895.86	6.671
12900.87	6.669
12905.88	6.668
12910.89	6.666
12915.90	6.665
12920.91	6.663
12925.93	6.662
12930.94	6.661
12935.96	6.659
12940.97	6.658
12945.99	6.656
12951.00	6.654
12956.02	6.653
12961.03	6.651
12966.04	6.650
12971.05	6.648
12976.06	6.647
12981.07	6.645
12986.09	6.643
12991.10	6.642
12996.11	6.641
13001.12	6.639
13006.13	6.638
13011.14	6.636
13016.16	6.635
13021.17	6.633
13026.18	6.631
13031.19	6.630
13036.20	6.628
13041.21	6.627
13046.22	6.625
13051.24	6.624
13056.25	6.622
13061.26	6.620
13066.27	6.619
13071.28	6.617
13076.29	6.616
13081.31	6.614
13086.32	6.613
13091.33	6.611
13096.34	6.610
13101.35	6.608
13106.36	6.606
13111.38	6.605
13116.39	6.603
13121.40	6.602
13126.41	6.600
13131.42	6.599
13136.43	6.597
13141.44	6.595
13146.46	6.594
13151.47	6.592
13156.48	6.590
13161.49	6.589
13166.50	6.587
13171.51	6.586
13176.53	6.584
13181.54	6.582
13186.55	6.581
13191.56	6.579
13196.57	6.578
13201.58	6.576
13206.60	6.574
13211.61	6.573
13216.62	6.571
13221.63	6.570
13226.64	6.568
13231.65	6.567
13236.67	6.565
13241.68	6.563
13246.69	6.561
13251.70	6.560
13256.71	6.558
13261.72	6.556
13266.73	6.555
13271.75	6.553
13276.76	6.551
13281.77	6.550
13286.78	6.548
13291.79	6.547
13296.80	6.545
13301.82	6.543
13306.83	6.542
13311.84	6.540
13316.85	6.538
13321.86	6.536
13326.87	6.535
13331.89	6.533
13336.90	6.531
13341.91	6.530
13346.92	6.528
13351.93	6.526
13356.94	6.525
13361.95	6.523
13366.97	6.521
13371.98	6.520
13376.99	6.518
13382.00	6.516
13387.01	6.515
13392.02	6.513
13397.04	6.511
13402.05	6.510
13407.06	6.508
13412.07	6.506
13417.08	6.504
13422.09	6.503
13427.10	6.501
13432.11	6.499
13437.13	6.497
13442.14	6.496
13447.15	6.494
13452.16	6.492
13457.17	6.490
13462.18	6.489
13467.20	6.487
13472.21	6.485
13477.22	6.483
13482.23	6.481
13487.24	6.480
13492.25	6.478
13497.27	6.476
13502.28	6.474
13507.29	6.473
13512.30	6.471
13517.31	6.469
13522.32	6.467
13527.33	6.466
13532.35	6.464
13537.36	6.462
13542.37	6.460
13547.38	6.459
13552.39	6.457
13557.40	6.455
13562.42	6.453
13567.43	6.451
13572.44	6.449
13577.45	6.448
13582.46	6.446
13587.47	6.444
13592.49	6.442
13597.50	6.440
13602.51	6.439
13607.52	6.437
13612.53	6.435
13617.54	6.433
13622.56	6.431
13627.57	6.429
13632.58	6.428
13637.59	6.426
13642.60	6.424
13647.62	6.422
13652.63	6.420
13657.64	6.418
13662.65	6.416
13667.67	6.414
13672.68	6.413
13677.70	6.410
13682.71	6.409
13687.72	6.407
13692.73	6.405
13697.74	6.403
13702.75	6.401
13707.77	6.399
13712.78	6.397
13717.79	6.395
13722.80	6.393
13727.81	6.391
13732.82	6.390
13737.84	6.388
13742.85	6.386
13747.86	6.384
13752.87	6.382
13757.88	6.380
13762.89	6.378
13767.90	6.375
13772.92	6.373
13777.93	6.371
13782.94	6.369
13787.95	6.368
13792.96	6.365
13797.97	6.363
13802.99	6.361
13808.00	6.359
13813.01	6.357
13818.02	6.355
13823.03	6.353
13828.04	6.351
13833.06	6.349
13838.07	6.347
13843.08	6.345
13848.09	6.343
13853.10	6.341
13858.11	6.339
13863.13	6.337
13868.14	6.335
13873.15	6.333
13878.16	6.330
13883.17	6.329
13888.19	6.326
13893.20	6.324
13898.21	6.322
13903.22	6.320
13908.23	6.318
13913.24	6.315
13918.25	6.313
13923.27	6.311
13928.28	6.309
13933.29	6.307
13938.30	6.305
13943.31	6.302
13948.32	6.300
13953.34	6.298
13958.35	6.296
13963.36	6.294
13968.37	6.291
13973.38	6.289
13978.39	6.287
13983.40	6.285
13988.42	6.282
13993.43	6.280
13998.44	6.278
14003.45	6.276
14008.46	6.273
14013.47	6.271
14018.49	6.269
14023.50	6.267
14028.51	6.264
14033.52	6.262
14038.53	6.260
14043.54	6.258
14048.56	6.255
14053.57	6.253
14058.58	6.251
14063.59	6.249
14068.61	6.246
14073.62	6.244
14078.63	6.242
14083.64	6.240
14088.65	6.237
14093.66	6.235
14098.67	6.233
14103.69	6.231
14108.70	6.228
14113.71	6.226
14118.72	6.223
14123.73	6.221
14128.74	6.219
14133.76	6.217
14138.77	6.215
14143.78	6.212
14148.79	6.210
14153.80	6.208
14158.81	6.205
14163.83	6.203
14168.84	6.201
14173.85	6.199
14178.86	6.196
14183.87	6.194
14188.88	6.192
14193.89	6.189
14198.91	6.187
14203.92	6.185
14208.93	6.182
14213.94	6.180
14218.95	6.178
14223.96	6.176
14228.98	6.173
14233.99	6.171
14239.00	6.169
14244.01	6.167
14249.02	6.164
14254.03	6.162
14259.05	6.160
14264.06	6.157
14269.08	6.155
14274.09	6.152
14279.11	6.150
14284.12	6.148
14289.13	6.146
14294.14	6.144
14299.15	6.141
14304.16	6.139
14309.17	6.137
14314.19	6.134
14319.20	6.132
14324.21	6.130
14329.22	6.128
14334.23	6.125
14339.24	6.123
14344.26	6.121
14349.27	6.118
14354.28	6.116
14359.29	6.114
14364.30	6.112
14369.31	6.110
14374.33	6.107
14379.34	6.105
14384.35	6.103
14389.36	6.100
14394.37	6.098
14399.38	6.096
14404.39	6.094
14409.40	6.092
14414.42	6.089
14419.43	6.087
14424.44	6.085
14429.45	6.082
14434.47	6.080
14439.48	6.078
14444.49	6.076
14449.50	6.073
14454.51	6.071
14459.52	6.069
14464.54	6.067
14469.55	6.064
14474.56	6.062
14479.58	6.060
14484.59	6.057
14489.61	6.055
14494.62	6.053
14499.63	6.051
14504.64	6.049
14509.65	6.047
14514.67	6.044
14519.68	6.042
14524.69	6.040
14529.70	6.038
14534.71	6.035
14539.72	6.033
14544.73	6.031
14549.75	6.029
14554.76	6.027
14559.77	6.024
14564.78	6.022
14569.79	6.020
14574.80	6.018
14579.82	6.016
14584.83	6.014
14589.84	6.011
14594.85	6.009
14599.86	6.007
14604.87	6.005
14609.89	6.003
14614.90	6.001
14619.91	5.998
14624.92	5.996
14629.93	5.994
14634.94	5.992
14639.95	5.990
14644.97	5.988
14649.98	5.986
14654.99	5.983
14660.00	5.981
14665.01	5.979
14670.02	5.977
14675.04	5.975
14680.05	5.973
