0.00	7.917
5.01	7.914
10.02	7.914
15.04	7.914
20.05	7.914
25.06	7.914
30.07	7.914
35.08	7.914
40.09	7.913
45.10	7.914
50.12	7.913
55.13	7.913
60.14	7.659
65.15	7.677
70.16	7.683
75.17	7.686
80.19	7.689
85.20	7.690
90.21	7.691
95.22	7.692
100.23	7.692
105.24	7.692
110.26	7.692
115.27	7.693
120.28	7.693
125.29	7.692
130.30	7.692
135.31	7.692
140.32	7.691
145.34	7.691
150.35	7.690
155.36	7.690
160.37	7.689
165.39	7.689
170.40	7.689
175.41	7.689
180.43	7.688
185.44	7.688
190.45	7.688
195.46	7.687
200.47	7.687
205.48	7.686
210.49	7.686
215.51	7.686
220.52	7.685
225.53	7.685
230.54	7.685
235.55	7.684
240.56	7.684
245.58	7.684
250.59	7.683
255.60	7.683
260.61	7.683
265.62	7.682
270.63	7.682
275.64	7.682
280.66	7.682
285.67	7.681
290.68	7.681
295.69	7.681
300.70	7.680
305.71	7.680
310.73	7.680
315.74	7.680
320.75	7.680
325.76	7.679
330.77	7.679
335.78	7.679
340.80	7.679
345.81	7.679
350.82	7.678
355.83	7.678
360.84	7.678
365.85	7.677
370.87	7.677
375.88	7.677
380.89	7.677
385.90	7.676
390.91	7.676
395.92	7.676
400.93	7.676
405.95	7.676
410.96	7.676
415.97	7.675
420.98	7.675
425.99	7.675
431.00	7.674
436.02	7.674
441.03	7.674
446.04	7.673
451.05	7.673
456.06	7.673
461.07	7.673
466.08	7.672
471.10	7.672
476.11	7.672
481.12	7.672
486.13	7.672
491.14	7.671
496.15	7.671
501.16	7.671
506.18	7.671
511.19	7.671
516.20	7.670
521.21	7.670
526.22	7.670
531.23	7.670
536.25	7.669
541.26	7.669
546.27	7.669
551.29	7.669
556.30	7.669
561.32	7.668
566.33	7.668
571.34	7.668
576.35	7.668
581.36	7.667
586.38	7.667
591.39	7.667
596.40	7.667
601.41	7.666
606.42	7.667
611.43	7.666
616.45	7.666
621.46	7.666
626.47	7.666
631.48	7.665
636.49	7.665
641.50	7.665
646.52	7.665
651.53	7.665
656.54	7.664
661.55	7.664
666.56	7.664
671.57	7.664
676.58	7.664
681.60	7.664
686.61	7.663
691.62	7.663
696.63	7.663
701.64	7.663
706.65	7.663
711.67	7.662
716.68	7.662
721.69	7.662
726.70	7.662
731.71	7.661
736.72	7.661
741.74	7.661
746.75	7.661
751.76	7.661
756.77	7.660
761.79	7.660
766.80	7.660
771.82	7.660
776.83	7.659
781.84	7.659
786.85	7.659
791.87	7.659
796.88	7.659
801.89	7.658
806.90	7.658
811.91	7.658
816.92	7.658
821.93	7.658
826.95	7.657
831.96	7.657
836.97	7.657
841.98	7.657
846.99	7.656
852.00	7.656
857.02	7.656
862.03	7.656
867.04	7.656
872.05	7.656
877.06	7.655
882.07	7.655
887.08	7.655
892.10	7.655
897.11	7.654
902.12	7.654
907.13	7.654
912.14	7.654
917.15	7.654
922.17	7.653
927.18	7.653
932.19	7.653
937.20	7.653
942.21	7.653
947.22	7.652
952.24	7.652
957.25	7.652
962.26	7.652
967.27	7.652
972.28	7.651
977.29	7.651
982.31	7.651
987.32	7.651
992.33	7.650
997.34	7.650
1002.35	7.650
1007.36	7.650
1012.38	7.649
1017.39	7.649
1022.40	7.649
1027.41	7.649
1032.42	7.649
1037.43	7.649
1042.45	7.649
1047.46	7.648
1052.47	7.648
1057.48	7.648
1062.49	7.648
1067.50	7.647
1072.52	7.647
1077.53	7.647
1082.54	7.647
1087.55	7.647
1092.56	7.647
1097.57	7.647
1102.58	7.646
1107.60	7.646
1112.61	7.646
1117.62	7.645
1122.63	7.645
1127.64	7.645
1132.65	7.645
1137.67	7.644
1142.68	7.644
1147.69	7.644
1152.70	7.644
1157.72	7.643
1162.73	7.643
1167.75	7.643
1172.76	7.643
1177.77	7.642
1182.78	7.642
1187.80	7.642
1192.81	7.642
1197.82	7.642
1202.83	7.641
1207.84	7.641
1212.85	7.641
1217.86	7.641
1222.88	7.641
1227.89	7.640
1232.90	7.640
1237.91	7.640
1242.92	7.640
1247.93	7.640
1252.95	7.639
1257.96	7.639
1262.97	7.639
1267.98	7.639
1272.99	7.639
1278.00	7.638
1283.02	7.638
1288.03	7.638
1293.04	7.638
1298.05	7.637
1303.06	7.637
1308.07	7.637
1313.09	7.637
1318.10	7.637
1323.11	7.636
1328.12	7.636
1333.13	7.636
1338.14	7.636
1343.15	7.636
1348.17	7.635
1353.18	7.635
1358.19	7.635
1363.20	7.635
1368.21	7.634
1373.23	7.634
1378.24	7.634
1383.26	7.634
1388.27	7.634
1393.28	7.633
1398.29	7.633
1403.30	7.633
1408.32	7.633
1413.33	7.632
1418.34	7.632
1423.35	7.632
1428.36	7.632
1433.37	7.631
1438.39	7.631
1443.40	7.631
1448.41	7.631
1453.43	7.631
1458.44	7.630
1463.45	7.630
1468.46	7.630
1473.47	7.630
1478.48	7.630
1483.50	7.629
1488.51	7.629
1493.52	7.629
1498.53	7.629
1503.54	7.628
1508.55	7.628
1513.57	7.628
1518.58	7.627
1523.59	7.627
1528.60	7.627
1533.61	7.627
1538.62	7.627
1543.64	7.627
1548.65	7.626
1553.66	7.626
1558.67	7.626
1563.68	7.626
1568.69	7.625
1573.71	7.625
1578.72	7.625
1583.73	7.625
1588.74	7.624
1593.76	7.624
1598.77	7.624
1603.78	7.624
1608.79	7.624
1613.80	7.623
1618.82	7.623
1623.83	7.623
1628.84	7.623
1633.85	7.622
1638.86	7.622
1643.87	7.622
1648.89	7.622
1653.90	7.622
1658.91	7.621
1663.92	7.621
1668.93	7.621
1673.94	7.620
1678.96	7.620
1683.97	7.620
1688.98	7.620
1693.99	7.620
1699.00	7.619
1704.01	7.619
1709.02	7.619
1714.04	7.619
1719.05	7.618
1724.06	7.618
1729.07	7.618
1734.08	7.618
1739.09	7.617
1744.11	7.617
1749.12	7.617
1754.13	7.617
1759.14	7.617
1764.15	7.616
1769.16	7.616
1774.18	7.616
1779.19	7.616
1784.20	7.616
1789.21	7.615
1794.23	7.615
1799.24	7.615
1804.25	7.615
1809.27	7.614
1814.28	7.614
1819.30	7.614
1824.31	7.613
1829.32	7.613
1834.33	7.613
1839.34	7.613
1844.35	7.613
1849.36	7.612
1854.38	7.612
1859.39	7.612
1864.40	7.612
1869.41	7.612
1874.42	7.611
1879.43	7.611
1884.45	7.611
1889.46	7.610
1894.47	7.610
1899.48	7.610
1904.49	7.610
1909.50	7.610
1914.52	7.609
1919.53	7.609
1924.54	7.609
1929.55	7.608
1934.56	7.608
1939.57	7.608
1944.59	7.608
1949.60	7.608
1954.61	7.608
1959.62	7.607
1964.63	7.607
1969.64	7.607
1974.65	7.606
1979.67	7.606
1984.68	7.606
1989.69	7.606
1994.70	7.605
1999.71	7.605
2004.73	7.605
2009.74	7.605
2014.75	7.605
2019.77	7.604
2024.78	7.604
2029.79	7.603
2034.81	7.603
2039.82	7.603
2044.83	7.603
2049.84	7.603
2054.85	7.603
2059.86	7.602
2064.88	7.602
2069.89	7.602
2074.90	7.602
2079.91	7.601
2084.92	7.601
2089.93	7.601
2094.94	7.600
2099.96	7.600
2104.97	7.600
2109.98	7.600
2114.99	7.599
2120.00	7.599
2125.01	7.599
2130.03	7.598
2135.04	7.598
2140.05	7.598
2145.06	7.598
2150.07	7.598
2155.08	7.597
2160.10	7.597
2165.11	7.597
2170.12	7.597
2175.13	7.597
2180.14	7.596
2185.15	7.596
2190.17	7.596
2195.18	7.596
2200.19	7.596
2205.20	7.595
2210.21	7.595
2215.22	7.595
2220.24	7.594
2225.25	7.594
2230.26	7.594
2235.28	7.594
2240.29	7.593
2245.30	7.593
2250.31	7.593
2255.33	7.593
2260.34	7.592
2265.35	7.592
2270.36	7.592
2275.37	7.592
2280.38	7.591
2285.40	7.591
2290.41	7.591
2295.42	7.591
2300.43	7.590
2305.44	7.590
2310.45	7.590
2315.46	7.589
2320.48	7.589
2325.49	7.588
2330.50	7.589
2335.51	7.588
2340.52	7.588
2345.53	7.588
2350.55	7.587
2355.56	7.587
2360.57	7.587
2365.58	7.587
2370.59	7.587
2375.60	7.586
2380.61	7.586
2385.62	7.586
2390.64	7.586
2395.65	7.585
2400.66	7.585
2405.67	7.584
2410.68	7.584
2415.69	7.584
2420.70	7.584
2425.72	7.584
2430.73	7.583
2435.74	7.583
2440.75	7.583
2445.76	7.583
2450.77	7.583
2455.79	7.582
2460.80	7.582
2465.81	7.582
2470.82	7.581
2475.83	7.581
2480.84	7.581
2485.85	7.581
2490.87	7.581
2495.88	7.580
2500.89	7.580
2505.90	7.580
2510.91	7.579
2515.92	7.579
2520.94	7.579
2525.95	7.579
2530.96	7.579
2535.97	7.578
2540.98	7.578
2545.99	7.578
2551.01	7.578
2556.02	7.577
2561.03	7.577
2566.04	7.577
2571.05	7.576
2576.06	7.576
2581.08	7.576
2586.09	7.576
2591.10	7.575
2596.11	7.575
2601.12	7.575
2606.13	7.574
2611.14	7.574
2616.16	7.574
2621.17	7.574
2626.18	7.573
2631.20	7.573
2636.21	7.573
2641.22	7.573
2646.23	7.573
2651.25	7.572
2656.26	7.572
2661.27	7.572
2666.28	7.572
2671.29	7.571
2676.30	7.571
2681.32	7.570
2686.33	7.570
2691.34	7.570
2696.35	7.569
2701.36	7.569
2706.37	7.569
2711.38	7.569
2716.40	7.568
2721.41	7.568
2726.42	7.568
2731.43	7.568
2736.44	7.568
2741.45	7.567
2746.47	7.567
2751.48	7.567
2756.49	7.566
2761.50	7.566
2766.51	7.566
2771.52	7.566
2776.54	7.565
2781.55	7.565
2786.56	7.565
2791.57	7.564
2796.58	7.564
2801.59	7.564
2806.60	7.564
2811.62	7.564
2816.63	7.563
2821.64	7.563
2826.65	7.563
2831.67	7.562
2836.68	7.562
2841.70	7.562
2846.71	7.562
2851.72	7.562
2856.73	7.561
2861.74	7.561
2866.75	7.561
2871.76	7.560
2876.78	7.560
2881.79	7.560
2886.80	7.560
2891.81	7.559
2896.82	7.559
2901.83	7.559
2906.84	7.558
2911.86	7.558
2916.87	7.558
2921.88	7.558
2926.89	7.557
2931.90	7.557
2936.91	7.557
2941.93	7.556
2946.94	7.556
2951.95	7.556
2956.96	7.556
2961.97	7.555
2966.98	7.555
2972.00	7.555
2977.01	7.555
2982.02	7.554
2987.03	7.554
2992.04	7.554
2997.05	7.554
3002.06	7.553
3007.08	7.553
3012.09	7.553
3017.10	7.553
3022.11	7.552
3027.12	7.552
3032.13	7.552
3037.15	7.552
3042.16	7.551
3047.17	7.551
3052.19	7.551
3057.20	7.550
3062.21	7.550
3067.23	7.550
3072.24	7.550
3077.25	7.549
3082.26	7.549
3087.27	7.549
3092.28	7.548
3097.30	7.548
3102.31	7.548
3107.32	7.548
3112.33	7.547
3117.34	7.547
3122.35	7.547
3127.37	7.547
3132.38	7.546
3137.39	7.546
3142.40	7.546
3147.41	7.545
3152.42	7.545
3157.43	7.545
3162.45	7.545
3167.46	7.544
3172.47	7.544
3177.48	7.544
3182.49	7.544
3187.50	7.543
3192.52	7.543
3197.53	7.543
3202.54	7.542
3207.55	7.542
3212.56	7.542
3217.57	7.541
3222.59	7.541
3227.60	7.541
3232.61	7.541
3237.62	7.540
3242.63	7.540
3247.64	7.540
3252.66	7.539
3257.67	7.539
3262.68	7.539
3267.70	7.538
3272.71	7.538
3277.72	7.538
3282.74	7.538
3287.75	7.537
3292.76	7.537
3297.77	7.537
3302.78	7.536
3307.79	7.536
3312.81	7.536
3317.82	7.536
3322.83	7.536
3327.84	7.535
3332.85	7.535
3337.86	7.534
3342.87	7.534
3347.89	7.534
3352.90	7.534
3357.91	7.534
3362.92	7.534
3367.93	7.533
3372.94	7.533
3377.96	7.532
3382.97	7.532
3387.98	7.532
3392.99	7.531
3398.00	7.531
3403.01	7.531
3408.02	7.531
3413.04	7.530
3418.05	7.530
3423.06	7.530
3428.07	7.530
3433.08	7.529
3438.09	7.529
3443.11	7.529
3448.12	7.529
3453.13	7.528
3458.14	7.528
3463.16	7.528
3468.17	7.527
3473.18	7.527
3478.19	7.527
3483.21	7.526
3488.23	7.526
3493.24	7.526
3498.25	7.525
3503.26	7.525
3508.27	7.525
3513.28	7.525
3518.29	7.524
3523.31	7.524
3528.32	7.524
3533.33	7.524
3538.34	7.524
3543.35	7.523
3548.36	7.523
3553.38	7.523
3558.39	7.522
3563.40	7.522
3568.41	7.522
3573.42	7.522
3578.43	7.521
3583.45	7.521
3588.46	7.521
3593.47	7.520
3598.48	7.520
3603.49	7.520
3608.50	7.519
3613.51	7.519
3618.53	7.519
3623.54	7.518
3628.55	7.518
3633.56	7.518
3638.57	7.518
3643.58	7.518
3648.60	7.517
3653.61	7.517
3658.62	7.517
3663.63	7.516
3668.64	7.516
3673.66	7.516
3678.67	7.515
3683.69	7.515
3688.70	7.515
3693.71	7.515
3698.73	7.514
3703.74	7.514
3708.75	7.514
3713.76	7.513
3718.77	7.513
3723.78	7.513
3728.80	7.513
3733.81	7.513
3738.82	7.512
3743.83	7.512
3748.84	7.512
3753.85	7.511
3758.87	7.511
3763.88	7.511
3768.89	7.510
3773.90	7.510
3778.91	7.510
3783.92	7.510
3788.93	7.509
3793.95	7.509
3798.96	7.509
3803.97	7.508
3808.98	7.508
3813.99	7.508
3819.00	7.508
3824.02	7.507
3829.03	7.507
3834.04	7.507
3839.05	7.506
3844.06	7.506
3849.07	7.506
3854.08	7.506
3859.10	7.505
3864.11	7.505
3869.12	7.505
3874.13	7.505
3879.14	7.504
3884.15	7.504
3889.16	7.504
3894.18	7.504
3899.19	7.503
3904.20	7.503
3909.21	7.503
3914.22	7.502
3919.23	7.502
3924.24	7.502
3929.26	7.501
3934.27	7.501
3939.28	7.501
3944.29	7.500
3949.30	7.500
3954.31	7.500
3959.32	7.500
3964.34	7.499
3969.35	7.499
3974.36	7.499
3979.37	7.499
3984.38	7.499
3989.39	7.498
3994.41	7.498
3999.42	7.498
4004.43	7.498
4009.44	7.497
4014.45	7.497
4019.46	7.497
4024.47	7.496
4029.49	7.496
4034.50	7.496
4039.51	7.495
4044.52	7.495
4049.53	7.495
4054.54	7.495
4059.56	7.494
4064.57	7.494
4069.58	7.494
4074.59	7.493
4079.60	7.493
4084.62	7.493
4089.63	7.492
4094.64	7.492
4099.65	7.492
4104.66	7.492
4109.67	7.491
4114.69	7.491
4119.70	7.491
4124.71	7.491
4129.72	7.490
4134.73	7.490
4139.74	7.490
4144.76	7.489
4149.77	7.489
4154.78	7.489
4159.79	7.488
4164.80	7.488
4169.81	7.488
4174.82	7.488
4179.84	7.487
4184.85	7.487
4189.86	7.487
4194.87	7.487
4199.88	7.486
4204.89	7.486
4209.91	7.486
4214.92	7.486
4219.93	7.485
4224.94	7.485
4229.95	7.485
4234.96	7.484
4239.98	7.484
4244.99	7.484
4250.00	7.484
4255.01	7.483
4260.03	7.483
4265.04	7.483
4270.05	7.483
4275.07	7.482
4280.08	7.482
4285.09	7.482
4290.11	7.482
4295.12	7.482
4300.13	7.481
4305.14	7.481
4310.15	7.481
4315.16	7.480
4320.18	7.480
4325.19	7.480
4330.20	7.480
4335.21	7.479
4340.22	7.479
4345.23	7.479
4350.24	7.479
4355.26	7.478
4360.27	7.478
4365.28	7.478
4370.29	7.477
4375.30	7.478
4380.31	7.478
4385.33	7.477
4390.34	7.476
4395.35	7.476
4400.36	7.476
4405.37	7.476
4410.38	7.476
4415.40	7.475
4420.41	7.475
4425.42	7.475
4430.43	7.475
4435.44	7.474
4440.45	7.474
4445.47	7.474
4450.48	7.474
4455.49	7.474
4460.50	7.473
4465.51	7.473
4470.53	7.473
4475.54	7.472
4480.55	7.472
4485.57	7.472
4490.59	7.472
4495.60	7.471
4500.61	7.471
4505.62	7.471
4510.63	7.471
4515.64	7.471
4520.65	7.470
4525.67	7.470
4530.68	7.470
4535.69	7.470
4540.70	7.469
4545.71	7.469
4550.72	7.469
4555.74	7.469
4560.75	7.468
4565.76	7.468
4570.77	7.468
4575.78	7.468
4580.79	7.467
4585.80	7.467
4590.82	7.467
4595.83	7.466
4600.84	7.466
4605.85	7.466
4610.86	7.466
4615.87	7.465
4620.89	7.465
4625.90	7.465
4630.91	7.465
4635.92	7.465
4640.93	7.464
4645.94	7.464
4650.96	7.464
4655.97	7.463
4660.98	7.463
4665.99	7.463
4671.00	7.463
4676.01	7.463
4681.02	7.463
4686.04	7.462
4691.05	7.462
4696.06	7.462
4701.08	7.461
4706.09	7.461
4711.10	7.461
4716.11	7.461
4721.13	7.461
4726.14	7.460
4731.15	7.460
4736.16	7.460
4741.17	7.460
4746.18	7.460
4751.20	7.459
4756.21	7.459
4761.22	7.459
4766.23	7.459
4771.24	7.458
4776.25	7.458
4781.26	7.458
4786.28	7.458
4791.29	7.457
4796.30	7.457
4801.31	7.457
4806.32	7.457
4811.33	7.457
4816.35	7.456
4821.36	7.456
4826.37	7.456
4831.38	7.456
4836.39	7.456
4841.40	7.455
4846.41	7.455
4851.43	7.455
4856.44	7.454
4861.45	7.454
4866.46	7.454
4871.47	7.454
4876.48	7.453
4881.50	7.453
4886.51	7.453
4891.52	7.453
4896.53	7.453
4901.55	7.453
4906.56	7.453
4911.58	7.452
4916.59	7.452
4921.60	7.452
4926.61	7.451
4931.63	7.451
4936.64	7.451
4941.65	7.451
4946.66	7.451
4951.67	7.451
4956.68	7.450
4961.70	7.450
4966.71	7.450
4971.72	7.450
4976.73	7.450
4981.74	7.449
4986.75	7.449
4991.77	7.449
4996.78	7.449
5001.79	7.448
5006.80	7.448
5011.81	7.448
5016.82	7.448
5021.83	7.448
5026.85	7.448
5031.86	7.447
5036.87	7.447
5041.88	7.447
5046.89	7.447
5051.90	7.447
5056.92	7.446
5061.93	7.446
5066.94	7.446
5071.95	7.446
5076.96	7.446
5081.97	7.446
5086.99	7.445
5092.00	7.445
5097.01	7.445
5102.02	7.445
5107.03	7.444
5112.04	7.444
5117.06	7.444
5122.07	7.444
5127.08	7.444
5132.09	7.444
5137.11	7.443
5142.12	7.443
5147.13	7.443
5152.14	7.443
5157.15	7.442
5162.16	7.442
5167.18	7.442
5172.19	7.442
5177.20	7.442
5182.21	7.441
5187.22	7.441
5192.23	7.441
5197.24	7.441
5202.26	7.440
5207.27	7.440
5212.28	7.440
5217.29	7.440
5222.30	7.440
5227.31	7.440
5232.33	7.440
5237.34	7.439
5242.35	7.439
5247.36	7.439
5252.37	7.439
5257.38	7.438
5262.40	7.438
5267.41	7.438
5272.42	7.438
5277.43	7.438
5282.44	7.437
5287.45	7.438
5292.46	7.437
5297.48	7.437
5302.49	7.437
5307.50	7.436
5312.52	7.436
5317.53	7.436
5322.54	7.436
5327.55	7.436
5332.56	7.436
5337.57	7.436
5342.59	7.435
5347.60	7.435
5352.61	7.435
5357.62	7.435
5362.63	7.435
5367.64	7.435
5372.65	7.435
5377.67	7.434
5382.68	7.434
5387.69	7.434
5392.70	7.434
5397.71	7.433
5402.72	7.433
5407.74	7.433
5412.75	7.433
5417.76	7.433
5422.77	7.433
5427.78	7.433
5432.79	7.432
5437.81	7.432
5442.82	7.432
5447.83	7.432
5452.84	7.432
5457.85	7.431
5462.86	7.431
5467.87	7.431
5472.89	7.431
5477.90	7.430
5482.91	7.430
5487.92	7.430
5492.93	7.430
5497.94	7.430
5502.96	7.430
5507.97	7.430
5512.99	7.430
5518.00	7.430
5523.02	7.429
5528.03	7.429
5533.04	7.429
5538.05	7.429
5543.06	7.428
5548.07	7.428
5553.09	7.428
5558.10	7.428
5563.11	7.428
5568.12	7.428
5573.13	7.428
5578.14	7.427
5583.15	7.427
5588.17	7.427
5593.18	7.427
5598.19	7.427
5603.20	7.427
5608.21	7.427
5613.22	7.426
5618.24	7.426
5623.25	7.426
5628.26	7.426
5633.27	7.425
5638.28	7.425
5643.29	7.425
5648.31	7.425
5653.32	7.425
5658.33	7.425
5663.34	7.425
5668.35	7.424
5673.36	7.424
5678.37	7.424
5683.39	7.424
5688.40	7.424
5693.41	7.424
5698.42	7.424
5703.43	7.423
5708.44	7.423
5713.46	7.423
5718.47	7.423
5723.48	7.423
5728.49	7.422
5733.51	7.423
5738.52	7.422
5743.53	7.422
5748.54	7.422
5753.55	7.422
5758.57	7.422
5763.58	7.421
5768.59	7.421
5773.60	7.421
5778.61	7.421
5783.62	7.421
5788.64	7.421
5793.65	7.421
5798.66	7.420
5803.67	7.421
5808.68	7.420
5813.69	7.420
5818.70	7.420
5823.72	7.420
5828.73	7.420
5833.74	7.419
5838.75	7.419
5843.76	7.419
5848.77	7.419
5853.79	7.419
5858.80	7.419
5863.81	7.418
5868.82	7.419
5873.83	7.418
5878.84	7.418
5883.86	7.418
5888.87	7.418
5893.88	7.418
5898.89	7.418
5903.90	7.417
5908.91	7.417
5913.93	7.417
5918.94	7.417
5923.95	7.417
5928.96	7.417
5933.97	7.416
5938.99	7.417
5944.00	7.416
5949.02	7.416
5954.03	7.416
5959.04	7.416
5964.05	7.416
5969.06	7.416
5974.07	7.416
5979.09	7.416
5984.10	7.415
5989.11	7.415
5994.12	7.415
5999.13	7.415
6004.14	7.415
6009.15	7.414
6014.17	7.414
6019.18	7.414
6024.19	7.414
6029.20	7.414
6034.21	7.414
6039.22	7.414
6044.24	7.413
6049.25	7.413
6054.26	7.413
6059.27	7.413
6064.28	7.413
6069.29	7.412
6074.31	7.412
6079.32	7.412
6084.33	7.412
6089.34	7.412
6094.35	7.412
6099.36	7.412
6104.37	7.412
6109.39	7.412
6114.40	7.411
6119.41	7.411
6124.42	7.411
6129.43	7.411
6134.44	7.411
6139.46	7.411
6144.47	7.411
6149.48	7.410
6154.49	7.410
6159.51	7.410
6164.52	7.410
6169.54	7.410
6174.55	7.410
6179.56	7.410
6184.57	7.409
6189.58	7.409
6194.59	7.409
6199.61	7.409
6204.62	7.409
6209.63	7.409
6214.64	7.409
6219.65	7.409
6224.66	7.408
6229.67	7.408
6234.69	7.408
6239.70	7.408
6244.71	7.408
6249.72	7.408
6254.73	7.407
6259.74	7.407
6264.76	7.407
6269.77	7.407
6274.78	7.407
6279.79	7.407
6284.80	7.406
6289.81	7.406
6294.82	7.406
6299.84	7.406
6304.85	7.406
6309.86	7.406
6314.87	7.406
6319.88	7.406
6324.89	7.406
6329.91	7.405
6334.92	7.405
6339.93	7.405
6344.94	7.405
6349.95	7.405
6354.97	7.405
6359.98	7.405
6364.99	7.405
6370.00	7.404
6375.02	7.404
6380.03	7.404
6385.04	7.404
6390.05	7.404
6395.06	7.404
6400.08	7.404
6405.09	7.404
6410.11	7.403
6415.12	7.403
6420.14	7.403
6425.15	7.403
6430.16	7.403
6435.18	7.403
6440.19	7.402
6445.21	7.402
6450.22	7.402
6455.24	7.402
6460.25	7.402
6465.27	7.402
6470.28	7.402
6475.29	7.401
6480.31	7.401
6485.33	7.401
6490.34	7.401
6495.35	7.401
6500.37	7.401
6505.38	7.401
6510.40	7.400
6515.41	7.400
6520.42	7.400
6525.44	7.400
6530.45	7.400
6535.47	7.400
6540.48	7.400
6545.50	7.400
6550.51	7.400
6555.52	7.399
6560.54	7.399
6565.55	7.399
6570.57	7.399
6575.58	7.399
6580.60	7.399
6585.61	7.399
6590.62	7.399
6595.64	7.399
6600.65	7.398
6605.66	7.398
6610.68	7.398
6615.69	7.398
6620.71	7.398
6625.72	7.398
6630.74	7.398
6635.75	7.398
6640.77	7.397
6645.78	7.397
6650.80	7.397
6655.81	7.397
6660.83	7.397
6665.84	7.397
6670.86	7.396
6675.87	7.396
6680.88	7.396
6685.90	7.396
6690.91	7.396
6695.93	7.396
6700.94	7.396
6705.96	7.396
6710.97	7.396
6715.99	7.395
6721.00	7.395
6726.01	7.395
6731.03	7.395
6736.04	7.395
6741.06	7.395
6746.07	7.395
6751.09	7.394
6756.10	7.395
6761.11	7.394
6766.13	7.394
6771.14	7.394
6776.16	7.394
6781.17	7.394
6786.19	7.393
6791.20	7.394
6796.22	7.393
6801.23	7.393
6806.24	7.393
6811.26	7.393
6816.27	7.393
6821.29	7.393
6826.30	7.393
6831.32	7.392
6836.33	7.393
6841.34	7.392
6846.36	7.392
6851.37	7.392
6856.39	7.392
6861.40	7.392
6866.42	7.391
6871.43	7.392
6876.45	7.391
6881.46	7.391
6886.48	7.391
6891.49	7.391
6896.50	7.391
6901.52	7.391
6906.53	7.390
6911.55	7.391
6916.56	7.390
6921.58	7.390
6926.59	7.390
6931.61	7.390
6936.62	7.390
6941.64	7.390
6946.65	7.389
6951.66	7.389
6956.68	7.389
6961.69	7.389
6966.71	7.389
6971.72	7.389
6976.74	7.389
6981.75	7.389
6986.76	7.389
6991.78	7.389
6996.79	7.388
7001.81	7.389
7006.82	7.388
7011.84	7.388
7016.85	7.388
7021.87	7.388
7026.88	7.387
7031.89	7.387
7036.91	7.387
7041.92	7.387
7046.93	7.387
7051.95	7.387
7056.96	7.387
7061.98	7.387
7066.99	7.387
7072.01	7.386
7077.02	7.386
7082.03	7.386
7087.05	7.386
7092.07	7.386
7097.08	7.386
7102.09	7.386
7107.11	7.386
7112.12	7.385
7117.14	7.385
7122.15	7.385
7127.17	7.385
7132.18	7.385
7137.20	7.385
7142.21	7.385
7147.23	7.384
7152.24	7.385
7157.25	7.384
7162.27	7.384
7167.28	7.384
7172.30	7.384
7177.31	7.384
7182.33	7.384
7187.34	7.383
7192.36	7.383
7197.37	7.383
7202.38	7.383
7207.40	7.383
7212.42	7.383
7217.43	7.383
7222.45	7.383
7227.46	7.383
7232.47	7.382
7237.49	7.382
7242.50	7.382
7247.52	7.382
7252.53	7.382
7257.55	7.382
7262.56	7.382
7267.58	7.382
7272.59	7.381
7277.60	7.381
7282.62	7.381
7287.63	7.381
7292.64	7.381
7297.66	7.381
7302.67	7.381
7307.69	7.380
7312.70	7.380
7317.72	7.380
7322.73	7.380
7327.74	7.380
7332.76	7.380
7337.78	7.380
7342.79	7.379
7347.80	7.379
7352.81	7.379
7357.83	7.379
7362.85	7.379
7367.86	7.379
7372.87	7.379
7377.89	7.379
7382.91	7.379
7387.92	7.378
7392.93	7.378
7397.95	7.378
7402.96	7.378
7407.98	7.378
7412.99	7.378
7418.01	7.377
7423.02	7.377
7428.04	7.377
7433.05	7.377
7438.07	7.377
7443.08	7.377
7448.10	7.376
7453.11	7.376
7458.13	7.377
7463.14	7.376
7468.15	7.376
7473.17	7.376
7478.18	7.376
7483.20	7.376
7488.21	7.375
7493.23	7.375
7498.24	7.375
7503.25	7.375
7508.27	7.375
7513.28	7.375
7518.30	7.375
7523.31	7.375
7528.32	7.375
7533.34	7.374
7538.35	7.374
7543.37	7.374
7548.38	7.374
7553.40	7.374
7558.41	7.374
7563.43	7.374
7568.44	7.373
7573.45	7.373
7578.47	7.373
7583.49	7.373
7588.50	7.373
7593.51	7.373
7598.53	7.373
7603.54	7.372
7608.56	7.372
7613.57	7.372
7618.58	7.372
7623.60	7.372
7628.61	7.372
7633.63	7.371
7638.64	7.371
7643.65	7.371
7648.66	7.371
7653.67	7.371
7658.69	7.371
7663.70	7.371
7668.71	7.370
7673.72	7.370
7678.73	7.370
7683.75	7.370
7688.76	7.370
7693.77	7.370
7698.79	7.370
7703.80	7.369
7708.81	7.369
7713.83	7.369
7718.84	7.369
7723.86	7.369
7728.87	7.369
7733.89	7.369
7738.90	7.368
7743.92	7.368
7748.93	7.368
7753.95	7.368
7758.96	7.368
7763.97	7.368
7768.99	7.368
7774.00	7.367
7779.02	7.367
7784.04	7.367
7789.05	7.367
7794.06	7.367
7799.08	7.367
7804.09	7.366
7809.10	7.366
7814.11	7.366
7819.12	7.366
7824.14	7.366
7829.15	7.366
7834.16	7.366
7839.17	7.366
7844.18	7.365
7849.19	7.365
7854.21	7.365
7859.22	7.365
7864.23	7.365
7869.24	7.365
7874.25	7.364
7879.26	7.364
7884.28	7.364
7889.29	7.364
7894.30	7.364
7899.31	7.363
7904.32	7.363
7909.33	7.363
7914.34	7.363
7919.36	7.363
7924.37	7.363
7929.39	7.363
7934.40	7.362
7939.42	7.362
7944.43	7.362
7949.44	7.362
7954.46	7.362
7959.47	7.362
7964.49	7.361
7969.51	7.361
7974.52	7.361
7979.53	7.361
7984.54	7.361
7989.56	7.360
7994.57	7.360
7999.58	7.360
8004.59	7.360
8009.60	7.360
8014.61	7.360
8019.62	7.360
8024.64	7.360
8029.65	7.359
8034.66	7.359
8039.67	7.359
8044.68	7.359
8049.69	7.359
8054.71	7.359
8059.72	7.359
8064.73	7.358
8069.74	7.358
8074.75	7.358
8079.76	7.358
8084.78	7.358
8089.79	7.357
8094.80	7.357
8099.81	7.357
8104.82	7.357
8109.83	7.357
8114.84	7.356
8119.86	7.356
8124.87	7.356
8129.88	7.356
8134.89	7.356
8139.90	7.356
8144.91	7.355
8149.93	7.355
8154.94	7.355
8159.95	7.355
8164.96	7.355
8169.97	7.355
8174.98	7.355
8179.99	7.354
8185.01	7.354
8190.02	7.354
8195.03	7.354
8200.04	7.354
8205.06	7.353
8210.07	7.353
8215.09	7.353
8220.10	7.353
8225.12	7.353
8230.13	7.353
8235.15	7.352
8240.16	7.352
8245.18	7.352
8250.19	7.352
8255.20	7.351
8260.22	7.351
8265.23	7.351
8270.25	7.351
8275.26	7.351
8280.27	7.350
8285.28	7.350
8290.29	7.350
8295.31	7.350
8300.32	7.350
8305.33	7.350
8310.34	7.349
8315.35	7.349
8320.36	7.349
8325.38	7.349
8330.39	7.349
8335.41	7.349
8340.42	7.349
8345.44	7.348
8350.45	7.348
8355.47	7.348
8360.48	7.347
8365.49	7.347
8370.51	7.347
8375.52	7.347
8380.54	7.347
8385.55	7.346
8390.57	7.346
8395.58	7.346
8400.59	7.346
8405.61	7.346
8410.62	7.345
8415.64	7.345
8420.65	7.345
8425.66	7.345
8430.67	7.344
8435.69	7.344
8440.70	7.344
8445.71	7.344
8450.72	7.344
8455.73	7.343
8460.75	7.343
8465.76	7.343
8470.77	7.343
8475.78	7.342
8480.79	7.342
8485.80	7.342
8490.81	7.342
8495.83	7.342
8500.84	7.342
8505.85	7.342
8510.86	7.341
8515.87	7.341
8520.88	7.341
8525.90	7.340
8530.91	7.340
8535.92	7.340
8540.93	7.340
8545.94	7.339
8550.95	7.340
8555.96	7.339
8560.98	7.339
8565.99	7.339
8571.00	7.338
8576.01	7.338
8581.02	7.338
8586.03	7.338
8591.05	7.337
8596.06	7.337
8601.07	7.337
8606.09	7.337
8611.10	7.337
8616.12	7.336
8621.13	7.336
8626.14	7.336
8631.16	7.336
8636.17	7.335
8641.19	7.335
8646.21	7.335
8651.22	7.335
8656.24	7.334
8661.25	7.334
8666.27	7.334
8671.28	7.334
8676.29	7.334
8681.31	7.334
8686.32	7.333
8691.34	7.333
8696.35	7.333
8701.37	7.332
8706.38	7.332
8711.39	7.332
8716.40	7.331
8721.41	7.331
8726.42	7.331
8731.44	7.331
8736.45	7.330
8741.46	7.330
8746.47	7.330
8751.48	7.330
8756.49	7.329
8761.51	7.329
8766.53	7.329
8771.54	7.329
8776.55	7.328
8781.57	7.328
8786.58	7.328
8791.60	7.327
8796.61	7.327
8801.62	7.327
8806.63	7.326
8811.65	7.326
8816.66	7.326
8821.67	7.326
8826.68	7.326
8831.69	7.325
8836.70	7.325
8841.71	7.325
8846.73	7.324
8851.74	7.324
8856.76	7.324
8861.77	7.323
8866.79	7.323
8871.80	7.323
8876.81	7.322
8881.82	7.322
8886.83	7.322
8891.85	7.322
8896.86	7.321
8901.88	7.321
8906.89	7.321
8911.90	7.320
8916.92	7.320
8921.94	7.320
8926.95	7.320
8931.97	7.319
8936.98	7.319
8942.00	7.319
8947.01	7.318
8952.02	7.318
8957.04	7.318
8962.06	7.317
8967.07	7.318
8972.08	7.317
8977.09	7.317
8982.11	7.317
8987.12	7.316
8992.13	7.316
8997.14	7.316
9002.15	7.315
9007.17	7.315
9012.18	7.315
9017.20	7.314
9022.21	7.314
9027.22	7.313
9032.23	7.313
9037.24	7.313
9042.26	7.312
9047.27	7.312
9052.28	7.312
9057.29	7.311
9062.30	7.311
9067.31	7.311
9072.32	7.310
9077.34	7.310
9082.35	7.310
9087.36	7.309
9092.37	7.309
9097.38	7.309
9102.39	7.308
9107.41	7.308
9112.42	7.307
9117.43	7.307
9122.44	7.307
9127.46	7.306
9132.47	7.306
9137.49	7.306
9142.50	7.305
9147.52	7.305
9152.53	7.304
9157.55	7.304
9162.56	7.304
9167.58	7.303
9172.59	7.303
9177.60	7.302
9182.62	7.302
9187.63	7.302
9192.64	7.301
9197.66	7.301
9202.67	7.301
9207.68	7.300
9212.69	7.300
9217.70	7.300
9222.71	7.299
9227.73	7.299
9232.74	7.298
9237.75	7.298
9242.76	7.297
9247.77	7.297
9252.78	7.296
9257.79	7.296
9262.81	7.296
9267.82	7.295
9272.83	7.295
9277.84	7.294
9282.85	7.294
9287.86	7.293
9292.87	7.293
9297.89	7.293
9302.90	7.293
9307.91	7.292
9312.92	7.291
9317.93	7.291
9322.94	7.291
9327.96	7.290
9332.97	7.290
9337.98	7.289
9342.99	7.289
9348.00	7.288
9353.01	7.288
9358.02	7.288
9363.04	7.287
9368.05	7.287
9373.06	7.286
9378.07	7.286
9383.08	7.285
9388.09	7.285
9393.10	7.284
9398.12	7.284
9403.13	7.283
9408.14	7.283
9413.15	7.282
9418.16	7.282
9423.17	7.281
9428.19	7.281
9433.20	7.281
9438.21	7.280
9443.22	7.280
9448.23	7.279
9453.24	7.279
9458.25	7.278
9463.27	7.277
9468.28	7.277
9473.29	7.276
9478.30	7.276
9483.31	7.275
9488.32	7.275
9493.33	7.274
9498.35	7.274
9503.36	7.273
9508.37	7.273
9513.38	7.272
9518.39	7.272
9523.40	7.271
9528.42	7.271
9533.43	7.270
9538.44	7.270
9543.45	7.269
9548.46	7.268
9553.47	7.268
9558.48	7.267
9563.50	7.267
9568.51	7.266
9573.52	7.266
9578.53	7.265
9583.54	7.265
9588.56	7.264
9593.57	7.264
9598.59	7.263
9603.60	7.263
9608.61	7.262
9613.63	7.261
9618.64	7.261
9623.66	7.260
9628.67	7.260
9633.68	7.259
9638.70	7.259
9643.71	7.258
9648.72	7.258
9653.73	7.257
9658.75	7.256
9663.76	7.256
9668.77	7.255
9673.78	7.254
9678.79	7.254
9683.80	7.253
9688.81	7.253
9693.83	7.252
9698.84	7.252
9703.85	7.251
9708.86	7.251
9713.87	7.250
9718.88	7.249
9723.89	7.249
9728.91	7.248
9733.92	7.247
9738.93	7.247
9743.94	7.246
9748.95	7.246
9753.96	7.245
9758.97	7.244
9763.99	7.244
9769.00	7.243
9774.01	7.242
9779.02	7.241
9784.03	7.241
9789.04	7.241
9794.06	7.240
9799.07	7.239
9804.08	7.239
9809.09	7.238
9814.10	7.237
9819.11	7.236
9824.12	7.236
9829.14	7.235
9834.15	7.235
9839.16	7.234
9844.17	7.233
9849.18	7.233
9854.19	7.232
9859.21	7.231
9864.22	7.231
9869.23	7.230
9874.24	7.230
9879.25	7.229
9884.26	7.228
9889.27	7.228
9894.29	7.227
9899.30	7.226
9904.31	7.226
9909.32	7.225
9914.33	7.224
9919.34	7.223
9924.36	7.223
9929.37	7.222
9934.38	7.221
9939.39	7.220
9944.40	7.220
9949.41	7.219
9954.42	7.219
9959.44	7.218
9964.45	7.217
9969.46	7.216
9974.47	7.216
9979.48	7.215
9984.49	7.215
9989.50	7.213
9994.52	7.213
9999.53	7.213
10004.55	7.211
10009.57	7.211
10014.58	7.210
10019.60	7.209
10024.61	7.209
10029.62	7.208
10034.63	7.207
10039.64	7.207
10044.66	7.206
10049.67	7.205
10054.68	7.204
10059.69	7.204
10064.71	7.203
10069.72	7.202
10074.73	7.201
10079.74	7.200
10084.75	7.200
10089.76	7.199
10094.78	7.198
10099.80	7.198
10104.81	7.197
10109.83	7.196
10114.84	7.196
10119.85	7.195
10124.87	7.194
10129.89	7.193
10134.90	7.193
10139.91	7.192
10144.93	7.191
10149.94	7.190
10154.95	7.190
10159.96	7.189
10164.97	7.188
10169.99	7.187
10175.00	7.186
10180.01	7.186
10185.02	7.185
10190.03	7.184
10195.04	7.183
10200.05	7.183
10205.07	7.182
10210.08	7.181
10215.09	7.180
10220.10	7.180
10225.11	7.179
10230.12	7.178
10235.14	7.177
10240.15	7.176
10245.16	7.176
10250.17	7.175
10255.18	7.174
10260.19	7.173
10265.20	7.173
10270.22	7.172
10275.23	7.171
10280.24	7.170
10285.25	7.169
10290.26	7.168
10295.27	7.168
10300.29	7.167
10305.30	7.166
10310.31	7.165
10315.32	7.165
10320.33	7.164
10325.34	7.163
10330.36	7.163
10335.37	7.162
10340.38	7.161
10345.39	7.160
10350.40	7.159
10355.41	7.158
10360.42	7.157
10365.44	7.157
10370.45	7.156
10375.46	7.155
10380.47	7.154
10385.48	7.153
10390.49	7.153
10395.50	7.152
10400.52	7.151
10405.53	7.150
10410.54	7.149
10415.55	7.149
10420.56	7.148
10425.57	7.147
10430.59	7.146
10435.60	7.145
10440.61	7.144
10445.62	7.143
10450.63	7.143
10455.64	7.142
10460.65	7.141
10465.67	7.140
10470.68	7.139
10475.69	7.138
10480.70	7.138
10485.71	7.137
10490.72	7.136
10495.74	7.135
10500.75	7.134
10505.76	7.133
10510.77	7.133
10515.78	7.132
10520.79	7.131
10525.80	7.130
10530.82	7.129
10535.83	7.129
10540.84	7.128
10545.85	7.127
10550.86	7.126
10555.87	7.125
10560.89	7.124
10565.90	7.123
10570.91	7.123
10575.92	7.122
10580.93	7.121
10585.94	7.120
10590.96	7.119
10595.97	7.118
10600.98	7.118
10605.99	7.117
10611.00	7.116
10616.01	7.115
10621.02	7.114
10626.04	7.113
10631.05	7.112
10636.06	7.111
10641.07	7.111
10646.08	7.110
10651.09	7.109
10656.11	7.108
10661.12	7.107
10666.13	7.106
10671.14	7.105
10676.15	7.104
10681.16	7.103
10686.17	7.103
10691.19	7.102
10696.20	7.101
10701.21	7.100
10706.22	7.099
10711.23	7.098
10716.24	7.098
10721.26	7.096
10726.27	7.096
10731.28	7.095
10736.29	7.094
10741.30	7.093
10746.31	7.092
10751.32	7.091
10756.34	7.090
10761.35	7.089
10766.36	7.089
10771.37	7.087
10776.38	7.087
10781.39	7.086
10786.41	7.085
10791.42	7.084
10796.43	7.083
10801.44	7.082
10806.45	7.081
10811.46	7.080
10816.48	7.079
10821.49	7.078
10826.50	7.078
10831.51	7.077
10836.52	7.076
10841.53	7.075
10846.54	7.074
10851.56	7.073
10856.57	7.072
10861.58	7.071
10866.59	7.070
10871.60	7.070
10876.61	7.069
10881.63	7.068
10886.64	7.067
10891.65	7.066
10896.66	7.065
10901.67	7.064
10906.68	7.063
10911.69	7.062
10916.71	7.061
10921.72	7.060
10926.73	7.059
10931.74	7.058
10936.75	7.057
10941.76	7.056
10946.78	7.055
10951.79	7.054
10956.80	7.054
10961.81	7.053
10966.82	7.052
10971.83	7.051
10976.84	7.050
10981.85	7.049
10986.87	7.048
10991.88	7.047
10996.89	7.046
11001.90	7.045
11006.91	7.044
11011.92	7.043
11016.94	7.042
11021.95	7.041
11026.96	7.040
11031.97	7.039
11036.98	7.038
11041.99	7.038
11047.01	7.036
11052.02	7.035
11057.03	7.034
11062.04	7.034
11067.05	7.033
11072.06	7.032
11077.07	7.031
11082.09	7.030
11087.10	7.029
11092.11	7.028
11097.12	7.027
11102.13	7.026
11107.14	7.025
11112.16	7.024
11117.17	7.023
11122.18	7.022
11127.19	7.021
11132.20	7.020
11137.21	7.019
11142.22	7.018
11147.24	7.017
11152.25	7.016
11157.26	7.015
11162.27	7.014
11167.28	7.013
11172.29	7.012
11177.31	7.011
11182.32	7.010
11187.33	7.009
11192.34	7.008
11197.35	7.007
11202.36	7.006
11207.37	7.005
11212.39	7.004
11217.40	7.003
11222.41	7.002
11227.42	7.001
11232.43	7.000
11237.44	6.999
11242.45	6.998
11247.47	6.997
11252.48	6.996
11257.49	6.995
11262.50	6.994
11267.51	6.993
11272.52	6.992
11277.54	6.991
11282.55	6.990
11287.56	6.989
11292.57	6.988
11297.58	6.987
11302.59	6.986
11307.60	6.985
11312.62	6.984
11317.63	6.983
11322.64	6.982
11327.65	6.981
11332.66	6.980
11337.67	6.979
11342.69	6.978
11347.70	6.977
11352.71	6.976
11357.72	6.974
11362.73	6.973
11367.74	6.972
11372.76	6.971
11377.77	6.970
11382.78	6.969
11387.79	6.968
11392.80	6.967
11397.81	6.966
11402.83	6.965
11407.84	6.964
11412.85	6.963
11417.86	6.962
11422.87	6.961
11427.89	6.960
11432.90	6.959
11437.91	6.958
11442.92	6.957
11447.93	6.956
11452.94	6.954
11457.95	6.953
11462.97	6.952
11467.98	6.951
11472.99	6.950
11478.00	6.949
11483.01	6.948
11488.02	6.947
11493.04	6.946
11498.05	6.945
11503.06	6.944
11508.07	6.943
11513.08	6.942
11518.09	6.941
11523.10	6.939
11528.12	6.938
11533.13	6.937
11538.14	6.936
11543.15	6.935
11548.16	6.934
11553.17	6.933
11558.19	6.932
11563.20	6.931
11568.21	6.930
11573.22	6.929
11578.23	6.927
11583.24	6.926
11588.25	6.925
11593.27	6.924
11598.28	6.923
11603.29	6.922
11608.30	6.921
11613.31	6.920
11618.32	6.918
11623.34	6.917
11628.35	6.916
11633.36	6.915
11638.37	6.914
11643.38	6.913
11648.39	6.912
11653.40	6.910
11658.42	6.909
11663.43	6.908
11668.44	6.907
11673.45	6.906
11678.46	6.905
11683.47	6.904
11688.49	6.902
11693.50	6.902
11698.51	6.900
11703.52	6.899
11708.53	6.898
11713.55	6.897
11718.56	6.896
11723.57	6.895
11728.58	6.894
11733.59	6.892
11738.60	6.891
11743.61	6.890
11748.63	6.889
11753.64	6.888
11758.65	6.886
11763.66	6.885
11768.67	6.884
11773.68	6.883
11778.70	6.882
11783.71	6.881
11788.72	6.879
11793.73	6.878
11798.75	6.877
11803.76	6.876
11808.78	6.875
11813.79	6.874
11818.80	6.873
11823.81	6.871
11828.83	6.870
11833.84	6.869
11838.85	6.868
11843.86	6.867
11848.88	6.866
11853.89	6.865
11858.91	6.863
11863.92	6.862
11868.94	6.861
11873.95	6.859
11878.97	6.858
11883.98	6.857
11888.99	6.856
11894.01	6.855
11899.02	6.854
11904.04	6.852
11909.05	6.851
11914.06	6.850
11919.08	6.849
11924.09	6.847
11929.10	6.846
11934.11	6.845
11939.12	6.844
11944.13	6.843
11949.14	6.841
11954.16	6.840
11959.17	6.839
11964.18	6.838
11969.19	6.836
11974.20	6.835
11979.22	6.834
11984.23	6.833
11989.24	6.832
11994.25	6.830
11999.27	6.829
12004.28	6.828
12009.29	6.826
12014.31	6.825
12019.32	6.824
12024.33	6.823
12029.34	6.821
12034.36	6.820
12039.37	6.819
12044.39	6.818
12049.40	6.816
12054.42	6.815
12059.43	6.814
12064.45	6.813
12069.46	6.811
12074.47	6.810
12079.48	6.809
12084.49	6.807
12089.50	6.806
12094.52	6.805
12099.53	6.804
12104.55	6.802
12109.56	6.801
12114.58	6.800
12119.59	6.799
12124.61	6.798
12129.62	6.796
12134.63	6.795
12139.65	6.794
12144.66	6.792
12149.68	6.791
12154.69	6.790
12159.70	6.788
12164.72	6.787
12169.73	6.786
12174.75	6.784
12179.76	6.783
12184.77	6.782
12189.79	6.780
12194.80	6.779
12199.81	6.778
12204.82	6.776
12209.83	6.775
12214.84	6.773
12219.86	6.772
12224.87	6.771
12229.88	6.770
12234.89	6.768
12239.91	6.767
12244.92	6.766
12249.93	6.764
12254.94	6.763
12259.95	6.762
12264.96	6.760
12269.98	6.759
12274.99	6.758
12280.00	6.756
12285.02	6.755
12290.03	6.754
12295.05	6.752
12300.06	6.751
12305.07	6.750
12310.09	6.748
12315.10	6.747
12320.11	6.746
12325.12	6.744
12330.13	6.743
12335.14	6.742
12340.16	6.740
12345.18	6.739
12350.19	6.738
12355.21	6.736
12360.22	6.735
12365.24	6.733
12370.25	6.732
12375.26	6.731
12380.27	6.729
12385.28	6.728
12390.29	6.726
12395.31	6.725
12400.32	6.724
12405.33	6.722
12410.34	6.721
12415.35	6.720
12420.37	6.718
12425.38	6.717
12430.39	6.715
12435.41	6.714
12440.42	6.713
12445.44	6.711
12450.45	6.710
12455.46	6.709
12460.48	6.707
12465.49	6.706
12470.51	6.704
12475.52	6.703
12480.54	6.701
12485.55	6.700
12490.56	6.698
12495.58	6.697
12500.59	6.696
12505.60	6.694
12510.61	6.693
12515.62	6.691
12520.64	6.690
12525.65	6.689
12530.66	6.687
12535.67	6.686
12540.68	6.684
12545.69	6.683
12550.71	6.681
12555.72	6.680
12560.73	6.678
12565.74	6.677
12570.75	6.676
12575.76	6.674
12580.77	6.672
12585.78	6.671
12590.80	6.669
12595.81	6.668
12600.82	6.667
12605.83	6.665
12610.84	6.664
12615.85	6.662
12620.87	6.661
12625.88	6.659
12630.89	6.658
12635.90	6.656
12640.91	6.655
12645.92	6.653
12650.93	6.652
12655.95	6.650
12660.96	6.649
12665.97	6.647
12670.98	6.646
12675.99	6.644
12681.00	6.643
12686.02	6.641
12691.03	6.639
12696.04	6.638
12701.05	6.636
12706.06	6.635
12711.07	6.633
12716.08	6.632
12721.10	6.630
12726.11	6.629
12731.12	6.628
12736.13	6.626
12741.14	6.624
12746.15	6.623
12751.17	6.621
12756.18	6.620
12761.19	6.618
12766.20	6.617
12771.21	6.615
12776.22	6.614
12781.23	6.612
12786.25	6.610
12791.26	6.609
12796.27	6.607
12801.28	6.606
12806.29	6.604
12811.30	6.603
12816.32	6.601
12821.33	6.599
12826.34	6.598
12831.35	6.596
12836.36	6.595
12841.37	6.593
12846.38	6.591
12851.40	6.590
12856.41	6.588
12861.42	6.587
12866.43	6.585
12871.44	6.584
12876.45	6.582
12881.47	6.580
12886.48	6.579
12891.50	6.577
12896.51	6.576
12901.53	6.574
12906.54	6.572
12911.56	6.571
12916.57	6.569
12921.59	6.568
12926.60	6.566
12931.61	6.565
12936.63	6.563
12941.64	6.561
12946.66	6.560
12951.67	6.558
12956.69	6.556
12961.70	6.555
12966.71	6.553
12971.73	6.551
12976.74	6.550
12981.75	6.548
12986.76	6.546
12991.77	6.545
12996.78	6.543
13001.80	6.541
13006.81	6.540
13011.82	6.538
13016.83	6.536
13021.84	6.535
13026.85	6.533
13031.87	6.531
13036.88	6.530
13041.89	6.528
13046.90	6.526
13051.91	6.525
13056.93	6.523
13061.94	6.521
13066.96	6.519
13071.98	6.518
13076.99	6.516
13082.00	6.515
13087.02	6.513
13092.03	6.511
13097.04	6.509
13102.06	6.508
13107.07	6.506
13112.08	6.504
13117.09	6.503
13122.10	6.501
13127.11	6.499
13132.12	6.497
13137.14	6.495
13142.15	6.494
13147.16	6.492
13152.17	6.490
13157.19	6.488
13162.21	6.487
13167.22	6.485
13172.23	6.483
13177.25	6.481
13182.26	6.480
13187.28	6.478
13192.29	6.476
13197.31	6.474
13202.32	6.472
13207.33	6.471
13212.35	6.469
13217.36	6.467
13222.37	6.465
13227.39	6.463
13232.40	6.462
13237.41	6.460
13242.42	6.458
13247.43	6.456
13252.44	6.454
13257.46	6.452
13262.47	6.451
13267.48	6.449
13272.49	6.447
13277.50	6.445
13282.51	6.443
13287.53	6.441
13292.54	6.439
13297.55	6.438
13302.57	6.436
13307.58	6.434
13312.60	6.432
13317.61	6.430
13322.63	6.428
13327.64	6.426
13332.65	6.424
13337.67	6.423
13342.69	6.421
13347.70	6.419
13352.72	6.417
13357.73	6.415
13362.75	6.413
13367.76	6.411
13372.77	6.409
13377.78	6.407
13382.79	6.405
13387.81	6.403
13392.82	6.401
13397.83	6.399
13402.84	6.397
13407.85	6.395
13412.86	6.393
13417.87	6.391
13422.89	6.389
13427.90	6.387
13432.91	6.385
13437.92	6.383
13442.94	6.381
13447.95	6.379
13452.96	6.377
13457.97	6.375
13462.98	6.373
13467.99	6.371
13473.00	6.369
13478.02	6.368
13483.03	6.366
13488.04	6.364
13493.05	6.362
13498.06	6.360
13503.07	6.358
13508.09	6.356
13513.10	6.354
13518.11	6.352
13523.12	6.350
13528.13	6.348
13533.14	6.346
13538.15	6.344
13543.17	6.341
13548.18	6.339
13553.19	6.337
13558.20	6.335
13563.21	6.333
13568.22	6.331
13573.24	6.329
13578.25	6.327
13583.26	6.325
13588.27	6.323
13593.28	6.321
13598.29	6.319
13603.31	6.317
13608.32	6.315
13613.33	6.313
13618.34	6.310
13623.35	6.308
13628.36	6.306
13633.37	6.304
13638.39	6.302
13643.40	6.300
13648.41	6.298
13653.42	6.296
13658.43	6.294
13663.44	6.292
13668.46	6.290
13673.47	6.288
13678.48	6.286
13683.49	6.283
13688.50	6.281
13693.51	6.280
13698.53	6.277
13703.54	6.275
13708.55	6.273
13713.56	6.271
13718.57	6.269
13723.58	6.267
13728.59	6.265
13733.61	6.263
13738.62	6.260
13743.63	6.258
13748.64	6.256
13753.65	6.254
13758.66	6.252
13763.68	6.250
13768.69	6.248
13773.70	6.246
13778.71	6.244
13783.72	6.241
13788.73	6.239
13793.75	6.237
13798.76	6.235
13803.77	6.233
13808.78	6.231
13813.79	6.228
13818.80	6.226
13823.81	6.224
13828.83	6.222
13833.84	6.220
13838.85	6.217
13843.86	6.215
13848.87	6.213
13853.88	6.211
13858.90	6.209
13863.91	6.207
13868.92	6.205
13873.93	6.203
13878.94	6.201
13883.95	6.198
13888.96	6.196
13893.98	6.194
13898.99	6.192
13904.00	6.190
13909.01	6.187
13914.02	6.185
13919.03	6.183
13924.05	6.181
13929.06	6.179
13934.07	6.176
13939.08	6.174
13944.09	6.172
13949.10	6.170
13954.11	6.168
13959.13	6.165
13964.14	6.163
13969.15	6.161
13974.16	6.159
13979.17	6.157
13984.18	6.155
13989.20	6.152
13994.21	6.150
13999.22	6.148
14004.23	6.146
14009.24	6.143
14014.25	6.141
14019.26	6.139
14024.28	6.137
14029.29	6.135
14034.30	6.133
14039.31	6.130
14044.32	6.128
14049.33	6.126
14054.35	6.124
14059.36	6.121
14064.37	6.119
14069.38	6.117
14074.39	6.115
14079.40	6.113
14084.42	6.110
14089.43	6.108
14094.44	6.106
14099.45	6.104
14104.47	6.102
14109.48	6.099
14114.49	6.097
14119.50	6.095
14124.51	6.093
14129.53	6.091
14134.54	6.089
14139.55	6.086
14144.56	6.084
14149.58	6.082
14154.59	6.080
14159.60	6.078
14164.62	6.076
14169.63	6.073
14174.65	6.071
14179.66	6.069
14184.67	6.067
14189.69	6.064
14194.70	6.063
14199.71	6.061
14204.72	6.058
14209.73	6.056
14214.74	6.054
14219.76	6.052
14224.77	6.050
14229.78	6.047
14234.79	6.045
14239.80	6.043
14244.81	6.041
14249.82	6.039
14254.84	6.037
14259.85	6.035
14264.86	6.033
14269.87	6.031
14274.88	6.028
14279.89	6.026
14284.91	6.024
14289.92	6.022
14294.93	6.020
14299.94	6.018
14304.95	6.016
14309.96	6.014
14314.97	6.012
14319.99	6.010
14325.00	6.008
14330.01	6.005
14335.02	6.003
14340.03	6.001
14345.04	5.999
14350.06	5.997
14355.07	5.995
14360.08	5.993
14365.09	5.991
14370.10	5.989
14375.11	5.987
14380.12	5.984
14385.14	5.983
14390.15	5.980
14395.16	5.978
14400.17	5.976
14405.18	5.974
