2.51	7.912
7.52	7.912
12.53	7.912
17.54	7.911
22.56	7.911
27.57	7.911
32.58	7.911
37.60	7.911
42.61	7.911
47.62	7.911
52.63	7.911
57.64	7.911
62.65	7.720
67.67	7.725
72.68	7.729
77.69	7.731
82.70	7.732
87.71	7.732
92.72	7.733
97.74	7.733
102.75	7.733
107.76	7.733
112.77	7.732
117.78	7.732
122.79	7.732
127.80	7.731
132.82	7.731
137.83	7.730
142.84	7.730
147.85	7.729
152.87	7.729
157.88	7.729
162.89	7.728
167.90	7.728
172.91	7.728
177.92	7.727
182.93	7.727
187.95	7.727
192.96	7.726
197.97	7.726
202.98	7.726
207.99	7.725
213.00	7.725
218.01	7.724
223.03	7.724
228.04	7.724
233.05	7.723
238.06	7.723
243.07	7.723
248.08	7.722
253.10	7.722
258.11	7.722
263.12	7.721
268.13	7.721
273.14	7.721
278.15	7.721
283.17	7.720
288.18	7.720
293.19	7.720
298.20	7.720
303.21	7.719
308.22	7.718
313.24	7.718
318.25	7.718
323.26	7.718
328.27	7.718
333.28	7.718
338.29	7.717
343.30	7.717
348.32	7.716
353.33	7.716
358.34	7.716
363.35	7.716
368.36	7.716
373.37	7.715
378.39	7.715
383.40	7.715
388.41	7.715
393.42	7.714
398.43	7.714
403.44	7.714
408.46	7.714
413.47	7.714
418.48	7.713
423.49	7.713
428.50	7.713
433.51	7.713
438.52	7.712
443.54	7.712
448.55	7.712
453.56	7.712
458.57	7.712
463.58	7.711
468.59	7.711
473.61	7.711
478.62	7.711
483.63	7.711
488.64	7.710
493.65	7.710
498.66	7.710
503.68	7.710
508.69	7.709
513.70	7.709
518.71	7.709
523.72	7.709
528.73	7.708
533.74	7.708
538.76	7.708
543.77	7.708
548.78	7.708
553.79	7.707
558.80	7.707
563.81	7.707
568.83	7.707
573.84	7.706
578.85	7.706
583.86	7.706
588.87	7.706
593.88	7.705
598.90	7.705
603.91	7.705
608.92	7.704
613.93	7.704
618.94	7.704
623.95	7.704
628.96	7.704
633.98	7.704
638.99	7.703
644.00	7.703
649.01	7.703
654.02	7.703
659.03	7.703
664.05	7.702
669.06	7.702
674.07	7.702
679.08	7.702
684.09	7.702
689.10	7.701
694.12	7.701
699.13	7.701
704.14	7.701
709.15	7.701
714.16	7.700
719.17	7.700
724.18	7.700
729.20	7.700
734.21	7.700
739.22	7.699
744.23	7.699
749.24	7.699
754.25	7.699
759.26	7.698
764.28	7.698
769.29	7.698
774.30	7.698
779.31	7.698
784.32	7.697
789.33	7.697
794.34	7.697
799.36	7.697
804.37	7.697
809.38	7.696
814.39	7.696
819.40	7.696
824.41	7.696
829.43	7.696
834.44	7.695
839.45	7.695
844.46	7.695
849.47	7.695
854.48	7.695
859.49	7.694
864.51	7.694
869.52	7.694
874.53	7.694
879.54	7.694
884.55	7.693
889.56	7.693
894.58	7.693
899.59	7.693
904.60	7.692
909.61	7.692
914.62	7.692
919.63	7.692
924.64	7.692
929.66	7.692
934.67	7.691
939.68	7.691
944.69	7.691
949.70	7.691
954.71	7.691
959.73	7.690
964.74	7.690
969.75	7.690
974.76	7.689
979.77	7.689
984.78	7.689
989.80	7.689
994.81	7.689
999.82	7.688
1004.83	7.688
1009.84	7.688
1014.85	7.688
1019.87	7.688
1024.88	7.687
1029.89	7.687
1034.90	7.687
1039.91	7.687
1044.92	7.687
1049.94	7.686
1054.95	7.686
1059.96	7.686
1064.97	7.686
1069.98	7.686
1074.99	7.685
1080.00	7.685
1085.02	7.685
1090.03	7.685
1095.04	7.685
1100.05	7.684
1105.06	7.684
1110.07	7.684
1115.09	7.684
1120.10	7.684
1125.11	7.683
1130.12	7.683
1135.13	7.683
1140.14	7.683
1145.16	7.683
1150.17	7.682
1155.18	7.682
1160.19	7.682
1165.20	7.682
1170.21	7.682
1175.23	7.682
1180.24	7.681
1185.25	7.681
1190.26	7.681
1195.27	7.681
1200.28	7.681
1205.29	7.680
1210.31	7.680
1215.32	7.680
1220.34	7.679
1225.35	7.679
1230.37	7.679
1235.39	7.679
1240.40	7.679
1245.41	7.678
1250.42	7.678
1255.43	7.678
1260.45	7.678
1265.46	7.678
1270.47	7.677
1275.48	7.677
1280.49	7.677
1285.51	7.677
1290.52	7.677
1295.54	7.676
1300.55	7.676
1305.57	7.676
1310.59	7.676
1315.60	7.675
1320.61	7.675
1325.62	7.675
1330.63	7.675
1335.64	7.674
1340.66	7.674
1345.67	7.674
1350.68	7.674
1355.69	7.674
1360.70	7.674
1365.72	7.673
1370.73	7.673
1375.75	7.673
1380.76	7.673
1385.77	7.672
1390.79	7.672
1395.80	7.672
1400.82	7.672
1405.83	7.672
1410.84	7.671
1415.85	7.671
1420.86	7.671
1425.88	7.670
1430.89	7.670
1435.90	7.670
1440.92	7.670
1445.93	7.670
1450.94	7.669
1455.96	7.669
1460.97	7.669
1465.99	7.668
1471.01	7.668
1476.02	7.668
1481.04	7.668
1486.05	7.668
1491.06	7.668
1496.07	7.667
1501.08	7.667
1506.09	7.667
1511.11	7.667
1516.12	7.666
1521.13	7.666
1526.14	7.666
1531.16	7.666
1536.17	7.666
1541.18	7.665
1546.19	7.665
1551.21	7.665
1556.22	7.665
1561.24	7.665
1566.26	7.664
1571.27	7.664
1576.29	7.664
1581.30	7.664
1586.31	7.664
1591.33	7.663
1596.34	7.663
1601.35	7.663
1606.36	7.663
1611.37	7.662
1616.38	7.662
1621.40	7.662
1626.41	7.662
1631.42	7.661
1636.43	7.661
1641.44	7.661
1646.45	7.661
1651.47	7.661
1656.48	7.660
1661.49	7.660
1666.50	7.660
1671.51	7.660
1676.52	7.659
1681.53	7.659
1686.55	7.659
1691.56	7.658
1696.57	7.658
1701.58	7.658
1706.59	7.658
1711.60	7.657
1716.61	7.657
1721.63	7.657
1726.64	7.657
1731.65	7.657
1736.66	7.656
1741.67	7.656
1746.68	7.656
1751.70	7.656
1756.71	7.656
1761.72	7.656
1766.73	7.655
1771.74	7.655
1776.75	7.655
1781.76	7.655
1786.78	7.654
1791.79	7.654
1796.80	7.654
1801.81	7.654
1806.82	7.653
1811.83	7.653
1816.85	7.653
1821.86	7.653
1826.87	7.652
1831.88	7.652
1836.89	7.652
1841.90	7.652
1846.91	7.651
1851.93	7.651
1856.94	7.651
1861.95	7.650
1866.96	7.650
1871.97	7.650
1876.98	7.650
1882.00	7.650
1887.01	7.650
1892.02	7.649
1897.03	7.649
1902.04	7.649
1907.05	7.649
1912.07	7.648
1917.08	7.648
1922.09	7.648
1927.10	7.648
1932.11	7.647
1937.12	7.647
1942.14	7.647
1947.15	7.646
1952.16	7.646
1957.17	7.646
1962.19	7.646
1967.20	7.646
1972.22	7.645
1977.23	7.645
1982.25	7.645
1987.26	7.645
1992.27	7.644
1997.28	7.644
2002.29	7.644
2007.30	7.644
2012.31	7.643
2017.33	7.643
2022.34	7.643
2027.35	7.643
2032.36	7.642
2037.37	7.642
2042.38	7.642
2047.40	7.642
2052.41	7.641
2057.42	7.641
2062.43	7.641
2067.44	7.641
2072.45	7.641
2077.47	7.640
2082.48	7.640
2087.49	7.640
2092.50	7.639
2097.51	7.639
2102.52	7.639
2107.54	7.638
2112.55	7.638
2117.56	7.638
2122.57	7.638
2127.58	7.638
2132.59	7.637
2137.61	7.637
2142.62	7.637
2147.63	7.637
2152.64	7.637
2157.65	7.636
2162.66	7.636
2167.67	7.636
2172.69	7.636
2177.70	7.635
2182.71	7.635
2187.72	7.635
2192.73	7.634
2197.74	7.634
2202.76	7.634
2207.77	7.634
2212.78	7.634
2217.79	7.633
2222.80	7.633
2227.81	7.633
2232.83	7.632
2237.84	7.632
2242.85	7.632
2247.86	7.632
2252.87	7.632
2257.88	7.631
2262.90	7.631
2267.91	7.631
2272.92	7.630
2277.93	7.630
2282.94	7.630
2287.96	7.630
2292.97	7.629
2297.98	7.629
2302.99	7.629
2308.00	7.629
2313.01	7.629
2318.03	7.628
2323.04	7.628
2328.05	7.628
2333.06	7.628
2338.07	7.627
2343.08	7.627
2348.10	7.627
2353.11	7.627
2358.12	7.626
2363.13	7.626
2368.14	7.626
2373.15	7.625
2378.17	7.625
2383.18	7.625
2388.19	7.625
2393.20	7.625
2398.21	7.624
2403.22	7.624
2408.23	7.624
2413.25	7.623
2418.26	7.623
2423.27	7.623
2428.28	7.623
2433.29	7.622
2438.30	7.622
2443.32	7.622
2448.33	7.622
2453.34	7.621
2458.35	7.621
2463.36	7.621
2468.37	7.620
2473.38	7.620
2478.40	7.620
2483.41	7.619
2488.42	7.619
2493.43	7.619
2498.44	7.619
2503.45	7.619
2508.47	7.618
2513.48	7.618
2518.49	7.618
2523.50	7.618
2528.51	7.617
2533.52	7.617
2538.53	7.617
2543.55	7.617
2548.56	7.616
2553.58	7.616
2558.60	7.616
2563.61	7.615
2568.62	7.615
2573.63	7.615
2578.64	7.615
2583.65	7.614
2588.67	7.614
2593.68	7.614
2598.69	7.614
2603.70	7.614
2608.71	7.613
2613.72	7.613
2618.74	7.613
2623.75	7.613
2628.76	7.612
2633.77	7.612
2638.78	7.612
2643.79	7.611
2648.81	7.611
2653.82	7.611
2658.83	7.610
2663.84	7.610
2668.85	7.610
2673.86	7.610
2678.88	7.610
2683.89	7.609
2688.90	7.609
2693.91	7.609
2698.92	7.608
2703.93	7.608
2708.94	7.608
2713.96	7.608
2718.97	7.607
2723.98	7.607
2728.99	7.607
2734.00	7.606
2739.02	7.606
2744.03	7.606
2749.05	7.606
2754.06	7.605
2759.07	7.605
2764.08	7.605
2769.10	7.605
2774.12	7.605
2779.13	7.604
2784.14	7.604
2789.15	7.603
2794.16	7.603
2799.18	7.603
2804.19	7.603
2809.20	7.602
2814.21	7.602
2819.22	7.602
2824.23	7.602
2829.25	7.601
2834.26	7.601
2839.27	7.601
2844.28	7.601
2849.29	7.600
2854.30	7.600
2859.31	7.600
2864.33	7.599
2869.34	7.599
2874.35	7.599
2879.36	7.599
2884.37	7.598
2889.38	7.598
2894.40	7.598
2899.41	7.598
2904.42	7.597
2909.43	7.597
2914.44	7.596
2919.45	7.596
2924.47	7.596
2929.48	7.596
2934.49	7.596
2939.50	7.595
2944.51	7.595
2949.52	7.595
2954.53	7.595
2959.55	7.594
2964.56	7.594
2969.57	7.594
2974.58	7.593
2979.60	7.593
2984.61	7.593
2989.62	7.593
2994.64	7.592
2999.65	7.592
3004.66	7.592
3009.67	7.591
3014.68	7.591
3019.69	7.591
3024.71	7.591
3029.72	7.590
3034.73	7.590
3039.74	7.590
3044.75	7.590
3049.76	7.589
3054.78	7.589
3059.79	7.589
3064.80	7.588
3069.81	7.588
3074.82	7.588
3079.84	7.588
3084.85	7.587
3089.86	7.587
3094.88	7.587
3099.89	7.586
3104.91	7.586
3109.92	7.586
3114.93	7.586
3119.94	7.585
3124.95	7.585
3129.96	7.585
3134.98	7.585
3139.99	7.584
3145.00	7.584
3150.01	7.584
3155.02	7.584
3160.03	7.583
3165.04	7.583
3170.06	7.582
3175.07	7.582
3180.08	7.582
3185.09	7.582
3190.10	7.581
3195.11	7.581
3200.13	7.581
3205.14	7.580
3210.15	7.580
3215.16	7.580
3220.17	7.580
3225.18	7.579
3230.20	7.579
3235.21	7.579
3240.22	7.579
3245.23	7.578
3250.24	7.578
3255.25	7.578
3260.26	7.578
3265.28	7.577
3270.29	7.577
3275.30	7.577
3280.31	7.576
3285.32	7.576
3290.33	7.576
3295.34	7.576
3300.36	7.575
3305.37	7.575
3310.38	7.574
3315.40	7.574
3320.41	7.574
3325.42	7.574
3330.44	7.573
3335.45	7.573
3340.46	7.573
3345.47	7.573
3350.48	7.572
3355.49	7.572
3360.51	7.572
3365.52	7.572
3370.53	7.571
3375.54	7.571
3380.55	7.571
3385.56	7.570
3390.57	7.570
3395.59	7.570
3400.60	7.570
3405.61	7.569
3410.62	7.569
3415.63	7.569
3420.64	7.568
3425.65	7.568
3430.67	7.568
3435.68	7.568
3440.69	7.567
3445.70	7.567
3450.71	7.567
3455.72	7.567
3460.74	7.566
3465.75	7.566
3470.76	7.565
3475.77	7.565
3480.78	7.565
3485.79	7.565
3490.81	7.564
3495.82	7.564
3500.83	7.564
3505.84	7.563
3510.86	7.563
3515.87	7.563
3520.88	7.562
3525.90	7.562
3530.91	7.562
3535.92	7.562
3540.94	7.561
3545.95	7.561
3550.96	7.561
3555.97	7.561
3560.98	7.560
3565.99	7.560
3571.01	7.560
3576.02	7.559
3581.03	7.559
3586.04	7.559
3591.05	7.559
3596.06	7.558
3601.08	7.558
3606.09	7.558
3611.10	7.557
3616.11	7.557
3621.12	7.557
3626.13	7.557
3631.14	7.556
3636.15	7.556
3641.17	7.556
3646.18	7.555
3651.19	7.555
3656.20	7.555
3661.21	7.555
3666.22	7.554
3671.24	7.554
3676.25	7.554
3681.26	7.553
3686.27	7.553
3691.28	7.553
3696.29	7.552
3701.31	7.552
3706.32	7.552
3711.33	7.552
3716.34	7.551
3721.36	7.551
3726.37	7.551
3731.38	7.551
3736.39	7.551
3741.41	7.550
3746.42	7.550
3751.44	7.549
3756.45	7.549
3761.46	7.549
3766.47	7.548
3771.48	7.548
3776.49	7.548
3781.51	7.548
3786.52	7.547
3791.53	7.547
3796.54	7.547
3801.55	7.546
3806.56	7.546
3811.58	7.545
3816.59	7.545
3821.60	7.545
3826.61	7.544
3831.62	7.544
3836.63	7.544
3841.65	7.544
3846.66	7.544
3851.67	7.543
3856.68	7.543
3861.69	7.542
3866.70	7.542
3871.72	7.542
3876.73	7.542
3881.74	7.542
3886.75	7.542
3891.76	7.541
3896.77	7.541
3901.79	7.540
3906.80	7.540
3911.81	7.540
3916.82	7.539
3921.83	7.539
3926.84	7.539
3931.86	7.538
3936.87	7.538
3941.89	7.538
3946.90	7.538
3951.91	7.537
3956.92	7.537
3961.93	7.537
3966.94	7.537
3971.96	7.536
3976.97	7.536
3981.98	7.536
3986.99	7.536
3992.00	7.535
3997.01	7.535
4002.03	7.535
4007.04	7.534
4012.05	7.534
4017.06	7.534
4022.07	7.533
4027.08	7.533
4032.10	7.533
4037.11	7.532
4042.12	7.532
4047.13	7.532
4052.14	7.531
4057.15	7.531
4062.16	7.531
4067.18	7.531
4072.19	7.530
4077.20	7.530
4082.21	7.530
4087.22	7.530
4092.23	7.529
4097.25	7.529
4102.26	7.528
4107.27	7.528
4112.28	7.528
4117.29	7.528
4122.30	7.528
4127.32	7.527
4132.33	7.527
4137.34	7.527
4142.35	7.526
4147.36	7.526
4152.37	7.526
4157.39	7.525
4162.40	7.525
4167.41	7.525
4172.42	7.525
4177.43	7.524
4182.44	7.524
4187.46	7.523
4192.47	7.523
4197.48	7.523
4202.49	7.523
4207.50	7.522
4212.51	7.522
4217.52	7.522
4222.54	7.522
4227.55	7.522
4232.56	7.521
4237.57	7.521
4242.58	7.520
4247.59	7.520
4252.61	7.520
4257.62	7.520
4262.63	7.520
4267.64	7.519
4272.65	7.519
4277.66	7.519
4282.67	7.518
4287.69	7.518
4292.70	7.518
4297.71	7.517
4302.72	7.517
4307.73	7.517
4312.74	7.516
4317.76	7.516
4322.77	7.516
4327.78	7.515
4332.79	7.515
4337.80	7.515
4342.81	7.515
4347.83	7.514
4352.84	7.514
4357.85	7.514
4362.86	7.514
4367.87	7.514
4372.88	7.513
4377.90	7.513
4382.91	7.513
4387.92	7.512
4392.93	7.512
4397.94	7.511
4402.95	7.511
4407.97	7.511
4412.98	7.511
4417.99	7.511
4423.00	7.511
4428.01	7.510
4433.02	7.510
4438.03	7.510
4443.05	7.510
4448.06	7.509
4453.07	7.509
4458.08	7.509
4463.09	7.509
4468.10	7.508
4473.12	7.508
4478.13	7.508
4483.14	7.508
4488.15	7.507
4493.16	7.507
4498.17	7.507
4503.19	7.506
4508.20	7.506
4513.21	7.506
4518.22	7.506
4523.24	7.505
4528.25	7.505
4533.27	7.505
4538.28	7.505
4543.29	7.504
4548.30	7.504
4553.31	7.504
4558.33	7.503
4563.34	7.503
4568.35	7.503
4573.36	7.503
4578.37	7.503
4583.38	7.502
4588.40	7.502
4593.41	7.502
4598.42	7.502
4603.43	7.501
4608.44	7.501
4613.45	7.501
4618.47	7.501
4623.48	7.500
4628.49	7.500
4633.50	7.500
4638.51	7.500
4643.52	7.499
4648.53	7.499
4653.55	7.499
4658.56	7.499
4663.57	7.498
4668.58	7.498
4673.59	7.498
4678.60	7.498
4683.62	7.498
4688.63	7.497
4693.64	7.497
4698.65	7.497
4703.66	7.497
4708.68	7.496
4713.69	7.496
4718.70	7.496
4723.71	7.495
4728.72	7.495
4733.73	7.495
4738.75	7.495
4743.76	7.495
4748.77	7.494
4753.78	7.494
4758.79	7.494
4763.80	7.494
4768.82	7.493
4773.83	7.493
4778.84	7.493
4783.85	7.493
4788.86	7.492
4793.87	7.492
4798.88	7.492
4803.90	7.492
4808.91	7.492
4813.92	7.492
4818.93	7.491
4823.94	7.491
4828.95	7.491
4833.97	7.491
4838.98	7.490
4843.99	7.490
4849.00	7.490
4854.01	7.490
4859.02	7.490
4864.04	7.489
4869.05	7.489
4874.06	7.489
4879.07	7.488
4884.08	7.488
4889.09	7.488
4894.10	7.488
4899.12	7.488
4904.13	7.488
4909.14	7.487
4914.15	7.487
4919.16	7.487
4924.17	7.487
4929.18	7.486
4934.20	7.486
4939.21	7.486
4944.22	7.486
4949.23	7.486
4954.24	7.485
4959.26	7.485
4964.27	7.485
4969.28	7.484
4974.29	7.484
4979.30	7.484
4984.31	7.484
4989.32	7.484
4994.34	7.483
4999.35	7.483
5004.36	7.483
5009.37	7.483
5014.38	7.483
5019.39	7.483
5024.41	7.483
5029.42	7.482
5034.43	7.482
5039.44	7.482
5044.45	7.482
5049.46	7.481
5054.48	7.481
5059.49	7.481
5064.50	7.481
5069.51	7.480
5074.52	7.480
5079.53	7.480
5084.55	7.480
5089.56	7.480
5094.57	7.480
5099.59	7.480
5104.60	7.479
5109.62	7.479
5114.63	7.479
5119.64	7.479
5124.65	7.478
5129.66	7.478
5134.67	7.478
5139.69	7.478
5144.70	7.477
5149.71	7.477
5154.72	7.477
5159.73	7.477
5164.74	7.477
5169.76	7.477
5174.77	7.476
5179.78	7.476
5184.79	7.476
5189.80	7.476
5194.81	7.476
5199.82	7.476
5204.84	7.475
5209.85	7.475
5214.86	7.475
5219.87	7.475
5224.88	7.475
5229.89	7.474
5234.91	7.474
5239.92	7.474
5244.93	7.474
5249.94	7.474
5254.95	7.473
5259.96	7.473
5264.98	7.473
5269.99	7.473
5275.00	7.473
5280.01	7.473
5285.02	7.472
5290.03	7.472
5295.05	7.472
5300.06	7.472
5305.07	7.472
5310.08	7.471
5315.09	7.471
5320.10	7.471
5325.12	7.471
5330.13	7.471
5335.14	7.471
5340.15	7.470
5345.16	7.470
5350.17	7.470
5355.19	7.470
5360.20	7.469
5365.21	7.469
5370.22	7.469
5375.23	7.469
5380.24	7.468
5385.25	7.468
5390.27	7.468
5395.28	7.469
5400.29	7.468
5405.30	7.468
5410.31	7.468
5415.32	7.468
5420.34	7.467
5425.35	7.467
5430.36	7.467
5435.37	7.467
5440.38	7.467
5445.39	7.467
5450.41	7.467
5455.42	7.466
5460.43	7.466
5465.44	7.466
5470.45	7.466
5475.46	7.466
5480.48	7.466
5485.49	7.465
5490.50	7.465
5495.52	7.465
5500.53	7.465
5505.55	7.465
5510.56	7.465
5515.57	7.465
5520.58	7.464
5525.59	7.464
5530.60	7.464
5535.62	7.463
5540.63	7.464
5545.64	7.463
5550.65	7.463
5555.66	7.463
5560.67	7.463
5565.69	7.463
5570.70	7.463
5575.71	7.463
5580.72	7.462
5585.73	7.462
5590.74	7.462
5595.76	7.462
5600.77	7.462
5605.78	7.461
5610.79	7.461
5615.80	7.461
5620.81	7.461
5625.83	7.461
5630.84	7.461
5635.85	7.460
5640.86	7.460
5645.87	7.460
5650.88	7.460
5655.90	7.460
5660.91	7.459
5665.92	7.460
5670.93	7.460
5675.94	7.460
5680.95	7.459
5685.96	7.459
5690.98	7.459
5695.99	7.459
5701.00	7.459
5706.01	7.459
5711.03	7.458
5716.04	7.458
5721.06	7.458
5726.07	7.458
5731.08	7.458
5736.09	7.457
5741.10	7.457
5746.12	7.457
5751.13	7.457
5756.14	7.457
5761.15	7.457
5766.16	7.456
5771.17	7.456
5776.19	7.456
5781.20	7.456
5786.21	7.456
5791.22	7.456
5796.23	7.456
5801.24	7.455
5806.25	7.455
5811.27	7.455
5816.28	7.455
5821.29	7.455
5826.30	7.455
5831.31	7.455
5836.32	7.454
5841.34	7.454
5846.35	7.454
5851.36	7.454
5856.37	7.454
5861.38	7.454
5866.39	7.454
5871.41	7.454
5876.42	7.454
5881.43	7.453
5886.44	7.453
5891.45	7.453
5896.46	7.453
5901.48	7.453
5906.49	7.453
5911.50	7.452
5916.51	7.452
5921.52	7.452
5926.54	7.452
5931.55	7.451
5936.57	7.451
5941.58	7.451
5946.59	7.451
5951.60	7.451
5956.61	7.451
5961.62	7.451
5966.63	7.451
5971.65	7.451
5976.66	7.451
5981.67	7.451
5986.68	7.450
5991.69	7.450
5996.70	7.450
6001.72	7.450
6006.73	7.450
6011.74	7.450
6016.75	7.450
6021.76	7.449
6026.77	7.449
6031.79	7.449
6036.80	7.449
6041.81	7.449
6046.82	7.449
6051.83	7.448
6056.84	7.448
6061.86	7.448
6066.87	7.448
6071.88	7.448
6076.89	7.448
6081.90	7.447
6086.91	7.447
6091.93	7.447
6096.94	7.447
6101.95	7.447
6106.96	7.447
6111.97	7.447
6116.98	7.446
6121.99	7.447
6127.01	7.446
6132.02	7.446
6137.03	7.446
6142.04	7.446
6147.06	7.446
6152.07	7.446
6157.09	7.446
6162.10	7.445
6167.12	7.445
6172.13	7.445
6177.15	7.445
6182.16	7.445
6187.17	7.445
6192.18	7.445
6197.19	7.445
6202.20	7.444
6207.22	7.444
6212.23	7.444
6217.24	7.444
6222.25	7.444
6227.26	7.444
6232.27	7.444
6237.29	7.444
6242.30	7.443
6247.31	7.443
6252.32	7.443
6257.34	7.443
6262.35	7.443
6267.37	7.443
6272.39	7.443
6277.40	7.442
6282.42	7.442
6287.43	7.442
6292.45	7.442
6297.46	7.441
6302.48	7.442
6307.49	7.441
6312.51	7.441
6317.52	7.441
6322.54	7.441
6327.55	7.441
6332.57	7.441
6337.58	7.441
6342.60	7.440
6347.62	7.440
6352.63	7.440
6357.65	7.440
6362.66	7.440
6367.67	7.440
6372.68	7.440
6377.70	7.440
6382.71	7.439
6387.73	7.439
6392.74	7.439
6397.76	7.439
6402.77	7.439
6407.79	7.439
6412.80	7.439
6417.81	7.439
6422.83	7.439
6427.84	7.439
6432.85	7.438
6437.86	7.438
6442.88	7.438
6447.89	7.438
6452.90	7.438
6457.91	7.437
6462.92	7.437
6467.93	7.437
6472.95	7.437
6477.96	7.437
6482.97	7.437
6487.98	7.437
6492.99	7.436
6498.00	7.436
6503.01	7.436
6508.03	7.436
6513.04	7.436
6518.06	7.436
6523.07	7.436
6528.09	7.436
6533.10	7.436
6538.11	7.435
6543.13	7.435
6548.14	7.435
6553.16	7.435
6558.18	7.435
6563.19	7.435
6568.21	7.435
6573.22	7.435
6578.24	7.435
6583.25	7.435
6588.27	7.435
6593.28	7.434
6598.30	7.434
6603.31	7.434
6608.33	7.434
6613.34	7.434
6618.36	7.434
6623.38	7.434
6628.40	7.434
6633.41	7.433
6638.43	7.433
6643.44	7.433
6648.46	7.433
6653.48	7.432
6658.49	7.432
6663.51	7.432
6668.52	7.432
6673.53	7.432
6678.54	7.432
6683.55	7.432
6688.56	7.432
6693.58	7.432
6698.59	7.432
6703.60	7.432
6708.61	7.431
6713.62	7.431
6718.63	7.431
6723.65	7.431
6728.66	7.431
6733.67	7.431
6738.68	7.431
6743.69	7.430
6748.70	7.430
6753.71	7.430
6758.73	7.430
6763.74	7.430
6768.75	7.430
6773.76	7.430
6778.77	7.430
6783.78	7.429
6788.79	7.429
6793.81	7.429
6798.82	7.429
6803.83	7.429
6808.84	7.428
6813.85	7.429
6818.86	7.429
6823.88	7.428
6828.89	7.428
6833.90	7.428
6838.91	7.428
6843.92	7.428
6848.94	7.428
6853.95	7.428
6858.97	7.428
6863.98	7.427
6869.00	7.427
6874.02	7.427
6879.03	7.427
6884.04	7.427
6889.06	7.427
6894.08	7.427
6899.09	7.427
6904.11	7.426
6909.12	7.426
6914.14	7.426
6919.15	7.426
6924.17	7.426
6929.18	7.426
6934.20	7.426
6939.21	7.426
6944.23	7.425
6949.24	7.425
6954.26	7.425
6959.27	7.425
6964.29	7.425
6969.30	7.424
6974.32	7.424
6979.34	7.425
6984.35	7.424
6989.37	7.424
6994.38	7.424
6999.40	7.424
7004.41	7.424
7009.43	7.424
7014.44	7.424
7019.45	7.424
7024.47	7.424
7029.48	7.423
7034.50	7.423
7039.51	7.423
7044.53	7.423
7049.55	7.423
7054.56	7.423
7059.58	7.423
7064.59	7.423
7069.61	7.423
7074.62	7.422
7079.64	7.422
7084.65	7.422
7089.66	7.422
7094.67	7.422
7099.69	7.422
7104.70	7.422
7109.71	7.421
7114.72	7.421
7119.74	7.421
7124.75	7.421
7129.77	7.421
7134.78	7.421
7139.80	7.421
7144.81	7.421
7149.83	7.421
7154.84	7.420
7159.86	7.420
7164.87	7.420
7169.89	7.420
7174.91	7.419
7179.92	7.419
7184.94	7.420
7189.95	7.419
7194.97	7.420
7199.98	7.419
7205.00	7.419
7210.01	7.419
7215.03	7.419
7220.04	7.419
7225.06	7.419
7230.07	7.419
7235.08	7.418
7240.09	7.418
7245.10	7.419
7250.12	7.418
7255.14	7.418
7260.15	7.418
7265.16	7.418
7270.18	7.418
7275.20	7.417
7280.21	7.417
7285.23	7.417
7290.24	7.417
7295.25	7.417
7300.27	7.417
7305.28	7.417
7310.29	7.416
7315.30	7.417
7320.31	7.416
7325.32	7.416
7330.34	7.416
7335.35	7.416
7340.36	7.416
7345.37	7.415
7350.39	7.415
7355.41	7.415
7360.42	7.415
7365.44	7.415
7370.45	7.415
7375.46	7.415
7380.47	7.415
7385.48	7.414
7390.50	7.414
7395.51	7.414
7400.52	7.414
7405.53	7.414
7410.55	7.414
7415.56	7.414
7420.58	7.414
7425.59	7.413
7430.61	7.413
7435.62	7.413
7440.64	7.413
7445.65	7.413
7450.67	7.413
7455.68	7.413
7460.70	7.412
7465.71	7.412
7470.72	7.412
7475.74	7.412
7480.75	7.412
7485.77	7.412
7490.78	7.412
7495.80	7.411
7500.81	7.411
7505.83	7.411
7510.85	7.411
7515.86	7.411
7520.88	7.411
7525.89	7.410
7530.91	7.411
7535.92	7.410
7540.94	7.410
7545.95	7.410
7550.97	7.410
7555.98	7.410
7561.00	7.410
7566.01	7.410
7571.03	7.409
7576.05	7.409
7581.06	7.409
7586.08	7.409
7591.09	7.409
7596.11	7.409
7601.13	7.408
7606.14	7.408
7611.16	7.408
7616.17	7.408
7621.18	7.408
7626.20	7.408
7631.22	7.408
7636.23	7.408
7641.25	7.408
7646.27	7.407
7651.28	7.407
7656.30	7.407
7661.31	7.407
7666.33	7.407
7671.34	7.407
7676.36	7.407
7681.37	7.406
7686.38	7.407
7691.40	7.407
7696.42	7.406
7701.43	7.406
7706.45	7.406
7711.46	7.406
7716.48	7.405
7721.50	7.405
7726.51	7.405
7731.52	7.405
7736.54	7.405
7741.55	7.405
7746.57	7.405
7751.58	7.405
7756.59	7.405
7761.60	7.404
7766.61	7.404
7771.63	7.404
7776.64	7.404
7781.65	7.404
7786.66	7.404
7791.67	7.404
7796.68	7.403
7801.70	7.403
7806.71	7.403
7811.72	7.403
7816.74	7.403
7821.75	7.402
7826.76	7.402
7831.77	7.402
7836.78	7.402
7841.80	7.402
7846.81	7.401
7851.83	7.401
7856.84	7.401
7861.86	7.401
7866.87	7.401
7871.89	7.401
7876.90	7.401
7881.91	7.400
7886.93	7.400
7891.94	7.400
7896.95	7.400
7901.96	7.400
7906.97	7.400
7911.99	7.400
7917.00	7.400
7922.02	7.399
7927.03	7.399
7932.05	7.399
7937.06	7.399
7942.07	7.399
7947.09	7.399
7952.11	7.399
7957.12	7.398
7962.14	7.398
7967.15	7.398
7972.16	7.397
7977.18	7.398
7982.19	7.398
7987.20	7.397
7992.21	7.397
7997.23	7.397
8002.25	7.397
8007.26	7.397
8012.28	7.397
8017.29	7.396
8022.31	7.396
8027.32	7.396
8032.34	7.396
8037.35	7.396
8042.36	7.396
8047.38	7.396
8052.39	7.395
8057.40	7.395
8062.41	7.395
8067.43	7.395
8072.44	7.395
8077.46	7.395
8082.47	7.394
8087.49	7.394
8092.50	7.394
8097.52	7.394
8102.53	7.393
8107.55	7.393
8112.56	7.393
8117.58	7.393
8122.59	7.393
8127.60	7.393
8132.62	7.392
8137.63	7.392
8142.64	7.392
8147.65	7.392
8152.67	7.392
8157.68	7.392
8162.69	7.392
8167.70	7.392
8172.71	7.391
8177.72	7.391
8182.74	7.391
8187.75	7.391
8192.76	7.391
8197.77	7.390
8202.79	7.390
8207.80	7.390
8212.82	7.390
8217.83	7.390
8222.85	7.390
8227.86	7.389
8232.87	7.389
8237.89	7.389
8242.90	7.389
8247.92	7.388
8252.94	7.388
8257.95	7.388
8262.96	7.388
8267.98	7.388
8272.99	7.387
8278.01	7.387
8283.02	7.387
8288.04	7.387
8293.05	7.387
8298.06	7.386
8303.08	7.386
8308.09	7.386
8313.11	7.386
8318.12	7.386
8323.14	7.386
8328.15	7.386
8333.17	7.385
8338.18	7.385
8343.19	7.385
8348.21	7.385
8353.23	7.385
8358.24	7.384
8363.25	7.384
8368.26	7.384
8373.28	7.384
8378.29	7.384
8383.30	7.383
8388.32	7.383
8393.33	7.383
8398.35	7.383
8403.36	7.383
8408.37	7.382
8413.38	7.382
8418.40	7.382
8423.41	7.382
8428.42	7.381
8433.43	7.381
8438.44	7.381
8443.45	7.381
8448.47	7.381
8453.49	7.380
8458.51	7.380
8463.52	7.380
8468.54	7.380
8473.55	7.379
8478.57	7.379
8483.58	7.379
8488.60	7.379
8493.62	7.379
8498.63	7.379
8503.64	7.378
8508.66	7.378
8513.68	7.378
8518.69	7.378
8523.71	7.377
8528.72	7.377
8533.74	7.377
8538.75	7.377
8543.77	7.376
8548.79	7.376
8553.80	7.376
8558.81	7.376
8563.83	7.375
8568.84	7.375
8573.86	7.375
8578.87	7.375
8583.89	7.374
8588.90	7.374
8593.91	7.374
8598.93	7.374
8603.94	7.374
8608.95	7.373
8613.97	7.373
8618.98	7.373
8623.99	7.373
8629.00	7.372
8634.02	7.372
8639.03	7.372
8644.04	7.371
8649.06	7.371
8654.07	7.371
8659.09	7.371
8664.10	7.371
8669.12	7.370
8674.14	7.370
8679.15	7.370
8684.16	7.369
8689.18	7.369
8694.19	7.369
8699.21	7.369
8704.22	7.368
8709.24	7.368
8714.25	7.368
8719.26	7.368
8724.28	7.367
8729.30	7.367
8734.31	7.367
8739.32	7.367
8744.34	7.366
8749.35	7.366
8754.37	7.366
8759.38	7.365
8764.40	7.365
8769.41	7.365
8774.43	7.364
8779.44	7.364
8784.45	7.364
8789.47	7.364
8794.48	7.363
8799.50	7.363
8804.51	7.363
8809.53	7.363
8814.54	7.362
8819.55	7.362
8824.57	7.362
8829.58	7.362
8834.60	7.362
8839.61	7.361
8844.63	7.360
8849.64	7.360
8854.66	7.360
8859.67	7.359
8864.69	7.359
8869.70	7.358
8874.72	7.358
8879.73	7.358
8884.74	7.358
8889.76	7.357
8894.77	7.357
8899.79	7.357
8904.81	7.356
8909.82	7.356
8914.84	7.356
8919.85	7.356
8924.87	7.355
8929.89	7.355
8934.90	7.354
8939.92	7.354
8944.93	7.354
8949.95	7.354
8954.96	7.353
8959.98	7.353
8964.99	7.353
8970.01	7.353
8975.03	7.352
8980.04	7.352
8985.05	7.351
8990.07	7.351
8995.09	7.351
9000.10	7.350
9005.12	7.350
9010.13	7.350
9015.15	7.349
9020.16	7.349
9025.18	7.348
9030.20	7.348
9035.21	7.348
9040.23	7.347
9045.24	7.347
9050.25	7.347
9055.28	7.346
9060.37	7.346
9065.38	7.346
9070.40	7.345
9075.41	7.345
9080.42	7.344
9085.44	7.344
9090.46	7.344
9095.47	7.343
9100.49	7.343
9105.50	7.343
9110.51	7.342
9115.53	7.342
9120.55	7.342
9125.56	7.341
9130.58	7.341
9135.59	7.341
9140.61	7.340
9145.62	7.340
9150.64	7.339
9155.65	7.338
9160.67	7.338
9165.68	7.338
9170.70	7.338
9175.71	7.337
9180.73	7.336
9185.74	7.336
9190.76	7.336
9195.78	7.335
9200.79	7.335
9205.81	7.334
9210.82	7.334
9215.84	7.334
9220.85	7.333
9225.87	7.333
9230.88	7.332
9235.90	7.332
9240.91	7.331
9245.93	7.331
9250.94	7.330
9255.96	7.330
9260.98	7.330
9265.99	7.329
9271.01	7.329
9276.02	7.329
9281.04	7.328
9286.05	7.327
9291.07	7.327
9296.08	7.326
9301.10	7.326
9306.11	7.325
9311.13	7.325
9316.14	7.325
9321.16	7.324
9326.18	7.323
9331.19	7.323
9336.21	7.322
9341.22	7.321
9346.23	7.321
9351.25	7.321
9356.26	7.320
9361.28	7.320
9366.30	7.319
9371.31	7.319
9376.33	7.318
9381.34	7.318
9386.35	7.317
9391.37	7.317
9396.39	7.316
9401.41	7.316
9406.42	7.315
9411.44	7.314
9416.45	7.314
9421.46	7.314
9426.48	7.313
9431.49	7.313
9436.50	7.312
9441.52	7.312
9446.53	7.311
9451.55	7.311
9456.56	7.310
9461.58	7.309
9466.59	7.309
9471.61	7.308
9476.62	7.308
9481.64	7.307
9486.65	7.307
9491.66	7.306
9496.67	7.305
9501.68	7.305
9506.69	7.304
9511.71	7.303
9516.72	7.303
9521.74	7.303
9526.75	7.302
9531.77	7.301
9536.78	7.300
9541.80	7.300
9546.81	7.299
9551.82	7.299
9556.84	7.299
9561.85	7.298
9566.87	7.297
9571.88	7.297
9576.89	7.296
9581.91	7.296
9586.92	7.295
9591.93	7.295
9596.94	7.294
9601.95	7.293
9606.96	7.292
9611.97	7.292
9616.98	7.291
9622.00	7.291
9627.01	7.290
9632.03	7.289
9637.04	7.289
9642.06	7.288
9647.07	7.288
9652.08	7.287
9657.10	7.286
9662.11	7.286
9667.13	7.285
9672.14	7.284
9677.16	7.284
9682.17	7.283
9687.19	7.282
9692.21	7.282
9697.22	7.281
9702.24	7.281
9707.25	7.280
9712.26	7.279
9717.28	7.278
9722.29	7.278
9727.30	7.277
9732.31	7.276
9737.32	7.275
9742.33	7.275
9747.35	7.274
9752.36	7.274
9757.37	7.273
9762.38	7.272
9767.40	7.272
9772.41	7.271
9777.43	7.270
9782.44	7.269
9787.46	7.269
9792.47	7.268
9797.49	7.268
9802.51	7.267
9807.52	7.266
9812.54	7.265
9817.55	7.265
9822.57	7.264
9827.59	7.263
9832.60	7.262
9837.62	7.262
9842.63	7.261
9847.65	7.260
9852.66	7.259
9857.68	7.259
9862.69	7.258
9867.71	7.258
9872.73	7.257
9877.74	7.256
9882.76	7.255
9887.77	7.255
9892.79	7.254
9897.80	7.253
9902.82	7.252
9907.84	7.252
9912.85	7.251
9917.87	7.250
9922.88	7.250
9927.90	7.249
9932.91	7.248
9937.93	7.247
9942.95	7.247
9947.96	7.246
9952.98	7.245
9957.99	7.244
9963.00	7.243
9968.02	7.243
9973.03	7.242
9978.04	7.241
9983.06	7.241
9988.07	7.240
9993.09	7.239
9998.10	7.238
10003.12	7.238
10008.13	7.237
10013.14	7.236
10018.17	7.235
10023.18	7.235
10028.20	7.234
10033.21	7.233
10038.23	7.233
10043.24	7.232
10048.26	7.231
10053.27	7.230
10058.29	7.229
10063.30	7.228
10068.31	7.228
10073.33	7.227
10078.34	7.227
10083.36	7.226
10088.37	7.225
10093.39	7.224
10098.40	7.223
10103.42	7.222
10108.43	7.222
10113.45	7.221
10118.46	7.220
10123.47	7.219
10128.49	7.218
10133.50	7.218
10138.52	7.217
10143.53	7.216
10148.55	7.216
10153.57	7.215
10158.58	7.214
10163.59	7.213
10168.61	7.212
10173.63	7.211
10178.64	7.210
10183.65	7.209
10188.67	7.209
10193.68	7.208
10198.70	7.207
10203.71	7.206
10208.72	7.205
10213.74	7.205
10218.75	7.204
10223.77	7.203
10228.78	7.202
10233.80	7.202
10238.81	7.201
10243.83	7.200
10248.84	7.199
10253.86	7.198
10258.87	7.198
10263.88	7.197
10268.90	7.196
10273.92	7.195
10278.93	7.194
10283.94	7.193
10288.96	7.193
10293.98	7.192
10298.99	7.191
10304.00	7.190
10309.02	7.189
10314.03	7.188
10319.05	7.187
10324.06	7.187
10329.08	7.186
10334.09	7.185
10339.11	7.184
10344.12	7.183
10349.14	7.182
10354.15	7.181
10359.17	7.181
10364.18	7.180
10369.20	7.179
10374.21	7.178
10379.23	7.177
10384.24	7.176
10389.26	7.175
10394.27	7.174
10399.28	7.174
10404.30	7.173
10409.31	7.172
10414.33	7.171
10419.34	7.171
10424.36	7.170
10429.37	7.169
10434.39	7.168
10439.40	7.167
10444.41	7.166
10449.43	7.165
10454.45	7.165
10459.46	7.164
10464.47	7.163
10469.50	7.162
10474.51	7.161
10479.53	7.160
10484.54	7.160
10489.55	7.159
10494.57	7.158
10499.58	7.157
10504.60	7.156
10509.61	7.155
10514.63	7.154
10519.64	7.153
10524.66	7.152
10529.67	7.151
10534.69	7.150
10539.70	7.149
10544.72	7.149
10549.73	7.148
10554.75	7.147
10559.76	7.146
10564.78	7.145
10569.79	7.144
10574.81	7.143
10579.82	7.142
10584.83	7.141
10589.85	7.141
10594.87	7.140
10599.88	7.139
10604.90	7.138
10609.91	7.137
10614.92	7.136
10619.94	7.135
10624.96	7.134
10629.97	7.133
10634.98	7.132
10639.99	7.131
10645.00	7.130
10650.01	7.129
10655.03	7.128
10660.04	7.127
10665.05	7.127
10670.06	7.126
10675.07	7.125
10680.09	7.124
10685.10	7.123
10690.11	7.122
10695.13	7.121
10700.14	7.120
10705.16	7.119
10710.18	7.119
10715.19	7.118
10720.20	7.117
10725.21	7.116
10730.22	7.115
10735.23	7.114
10740.25	7.113
10745.26	7.112
10750.27	7.111
10755.28	7.110
10760.29	7.109
10765.31	7.109
10770.32	7.107
10775.34	7.106
10780.35	7.105
10785.37	7.105
10790.38	7.104
10795.40	7.103
10800.41	7.102
10805.42	7.101
10810.44	7.100
10815.45	7.099
10820.47	7.098
10825.48	7.097
10830.50	7.096
10835.51	7.095
10840.53	7.095
10845.54	7.093
10850.56	7.092
10855.57	7.091
10860.59	7.090
10865.60	7.089
10870.62	7.089
10875.63	7.088
10880.65	7.087
10885.66	7.086
10890.68	7.085
10895.69	7.084
10900.71	7.083
10905.72	7.082
10910.74	7.081
10915.75	7.080
10920.76	7.079
10925.78	7.078
10930.79	7.077
10935.81	7.075
10940.82	7.075
10945.84	7.073
10950.85	7.073
10955.87	7.072
10960.88	7.071
10965.90	7.069
10970.91	7.069
10975.93	7.067
10980.94	7.066
10985.95	7.065
10990.97	7.064
10995.98	7.063
11001.00	7.062
11006.01	7.061
11011.03	7.061
11016.04	7.059
11021.06	7.058
11026.07	7.057
11031.09	7.057
11036.10	7.055
11041.12	7.054
11046.14	7.053
11051.15	7.052
11056.17	7.052
11061.18	7.050
11066.20	7.049
11071.22	7.049
11076.23	7.048
11081.25	7.047
11086.26	7.045
11091.28	7.044
11096.30	7.043
11101.31	7.042
11106.33	7.041
11111.34	7.040
11116.36	7.039
11121.37	7.038
11126.39	7.037
11131.41	7.036
11136.42	7.035
11141.43	7.034
11146.44	7.033
11151.45	7.032
11156.46	7.031
11161.48	7.030
11166.49	7.029
11171.50	7.028
11176.51	7.027
11181.53	7.026
11186.54	7.025
11191.56	7.024
11196.58	7.023
11201.59	7.022
11206.61	7.021
11211.62	7.020
11216.64	7.018
11221.66	7.017
11226.67	7.016
11231.69	7.015
11236.70	7.014
11241.72	7.013
11246.74	7.012
11251.76	7.011
11256.77	7.010
11261.79	7.009
11266.80	7.008
11271.82	7.007
11276.83	7.006
11281.84	7.005
11286.86	7.004
11291.87	7.003
11296.89	7.001
11301.90	7.001
11306.92	6.999
11311.93	6.998
11316.94	6.997
11321.95	6.996
11326.96	6.995
11331.97	6.994
11336.98	6.993
11342.00	6.992
11347.01	6.991
11352.02	6.990
11357.03	6.988
11362.04	6.987
11367.05	6.986
11372.07	6.985
11377.08	6.984
11382.09	6.983
11387.10	6.982
11392.11	6.981
11397.12	6.980
11402.14	6.979
11407.15	6.977
11412.16	6.976
11417.17	6.975
11422.18	6.974
11427.19	6.973
11432.21	6.971
11437.22	6.970
11442.23	6.969
11447.24	6.968
11452.25	6.967
11457.26	6.966
11462.28	6.965
11467.29	6.964
11472.30	6.963
11477.31	6.961
11482.32	6.960
11487.33	6.959
11492.35	6.958
11497.37	6.957
11502.38	6.956
11507.40	6.955
11512.41	6.953
11517.43	6.952
11522.44	6.951
11527.46	6.950
11532.47	6.948
11537.49	6.947
11542.50	6.946
11547.52	6.945
11552.54	6.944
11557.56	6.943
11562.57	6.941
11567.59	6.940
11572.60	6.939
11577.62	6.938
11582.64	6.937
11587.65	6.936
11592.66	6.935
11597.68	6.934
11602.69	6.932
11607.71	6.931
11612.73	6.930
11617.74	6.929
11622.76	6.928
11627.77	6.926
11632.79	6.925
11637.81	6.924
11642.82	6.923
11647.84	6.921
11652.85	6.920
11657.87	6.919
11662.88	6.918
11667.90	6.917
11672.92	6.916
11677.93	6.914
11682.94	6.913
11687.96	6.912
11692.97	6.911
11697.99	6.909
11703.00	6.908
11708.01	6.907
11713.03	6.906
11718.04	6.904
11723.05	6.903
11728.06	6.902
11733.07	6.901
11738.08	6.900
11743.10	6.898
11748.11	6.897
11753.13	6.896
11758.14	6.895
11763.16	6.894
11768.18	6.893
11773.19	6.891
11778.21	6.890
11783.22	6.889
11788.24	6.887
11793.26	6.886
11798.27	6.885
11803.29	6.884
11808.32	6.883
11813.33	6.881
11818.35	6.880
11823.36	6.879
11828.38	6.878
11833.39	6.876
11838.41	6.875
11843.42	6.874
11848.44	6.873
11853.46	6.871
11858.47	6.870
11863.49	6.869
11868.50	6.867
11873.52	6.866
11878.53	6.865
11883.55	6.864
11888.56	6.863
11893.58	6.861
11898.59	6.860
11903.61	6.858
11908.63	6.857
11913.64	6.856
11918.66	6.854
11923.67	6.853
11928.68	6.852
11933.69	6.851
11938.70	6.850
11943.71	6.849
11948.72	6.847
11953.74	6.846
11958.75	6.845
11963.76	6.843
11968.77	6.842
11973.78	6.841
11978.79	6.839
11983.81	6.838
11988.83	6.837
11993.84	6.835
11998.85	6.834
12003.87	6.833
12008.88	6.831
12013.90	6.830
12018.91	6.828
12023.93	6.827
12028.95	6.826
12033.96	6.824
12038.98	6.823
12043.99	6.822
12049.01	6.820
12054.02	6.819
12059.04	6.818
12064.06	6.816
12069.07	6.815
12074.09	6.814
12079.10	6.812
12084.12	6.811
12089.14	6.810
12094.15	6.808
12099.17	6.807
12104.18	6.806
12109.20	6.804
12114.21	6.803
12119.23	6.801
12124.25	6.800
12129.26	6.799
12134.27	6.797
12139.29	6.796
12144.30	6.795
12149.32	6.793
12154.33	6.792
12159.35	6.791
12164.36	6.789
12169.38	6.788
12174.39	6.786
12179.41	6.785
12184.42	6.784
12189.44	6.782
12194.46	6.781
12199.47	6.780
12204.49	6.778
12209.50	6.777
12214.52	6.776
12219.53	6.774
12224.55	6.772
12229.57	6.771
12234.58	6.769
12239.60	6.768
12244.61	6.767
12249.63	6.765
12254.64	6.764
12259.66	6.762
12264.67	6.761
12269.69	6.759
12274.71	6.758
12279.72	6.757
12284.74	6.755
12289.75	6.754
12294.77	6.752
12299.78	6.751
12304.80	6.749
12309.82	6.748
12314.83	6.746
12319.85	6.745
12324.86	6.744
12329.88	6.742
12334.90	6.741
12339.91	6.739
12344.93	6.738
12349.94	6.737
12354.96	6.735
12359.97	6.734
12364.99	6.732
12370.00	6.731
12375.01	6.729
12380.02	6.728
12385.03	6.726
12390.05	6.725
12395.06	6.723
12400.07	6.721
12405.08	6.720
12410.10	6.718
12415.11	6.717
12420.13	6.716
12425.14	6.714
12430.15	6.712
12435.17	6.711
12440.18	6.709
12445.20	6.708
12450.21	6.706
12455.23	6.705
12460.25	6.703
12465.26	6.702
12470.28	6.700
12475.29	6.699
12480.30	6.697
12485.32	6.696
12490.34	6.694
12495.35	6.693
12500.37	6.691
12505.38	6.690
12510.40	6.688
12515.41	6.687
12520.43	6.685
12525.45	6.684
12530.46	6.682
12535.48	6.681
12540.49	6.679
12545.51	6.677
12550.52	6.676
12555.54	6.674
12560.55	6.673
12565.57	6.671
12570.59	6.670
12575.60	6.668
12580.62	6.666
12585.63	6.665
12590.65	6.663
12595.67	6.662
12600.68	6.660
12605.70	6.658
12610.71	6.657
12615.73	6.655
12620.74	6.654
12625.76	6.652
12630.78	6.650
12635.79	6.649
12640.81	6.647
12645.82	6.646
12650.84	6.644
12655.85	6.643
12660.87	6.641
12665.89	6.639
12670.90	6.638
12675.92	6.636
12680.93	6.634
12685.95	6.633
12690.96	6.631
12695.98	6.629
12700.99	6.628
12706.01	6.626
12711.02	6.624
12716.04	6.623
12721.05	6.621
12726.07	6.620
12731.08	6.618
12736.10	6.617
12741.12	6.615
12746.13	6.613
12751.15	6.612
12756.16	6.610
12761.18	6.608
12766.20	6.607
12771.21	6.605
12776.23	6.603
12781.24	6.602
12786.26	6.600
12791.28	6.598
12796.29	6.597
12801.31	6.595
12806.33	6.593
12811.34	6.592
12816.36	6.590
12821.37	6.588
12826.39	6.587
12831.41	6.585
12836.42	6.583
12841.44	6.582
12846.45	6.580
12851.47	6.578
12856.48	6.576
12861.50	6.575
12866.51	6.573
12871.52	6.571
12876.54	6.569
12881.55	6.568
12886.57	6.566
12891.59	6.565
12896.60	6.563
12901.61	6.561
12906.63	6.559
12911.64	6.558
12916.66	6.556
12921.67	6.554
12926.69	6.553
12931.70	6.550
12936.72	6.549
12941.74	6.547
12946.75	6.545
12951.77	6.543
12956.78	6.542
12961.80	6.540
12966.81	6.538
12971.82	6.536
12976.84	6.535
12981.86	6.533
12986.87	6.531
12991.89	6.529
12996.90	6.527
13001.91	6.526
13006.93	6.524
13011.94	6.522
13016.96	6.520
13021.97	6.519
13026.98	6.517
13032.00	6.515
13037.01	6.513
13042.03	6.511
13047.04	6.510
13052.06	6.508
13057.07	6.506
13062.09	6.504
13067.10	6.503
13072.12	6.501
13077.13	6.499
13082.14	6.497
13087.16	6.495
13092.17	6.493
13097.18	6.491
13102.19	6.490
13107.21	6.488
13112.22	6.486
13117.24	6.484
13122.26	6.482
13127.27	6.480
13132.29	6.478
13137.30	6.476
13142.32	6.475
13147.33	6.473
13152.35	6.471
13157.36	6.469
13162.38	6.467
13167.39	6.465
13172.41	6.463
13177.43	6.462
13182.44	6.459
13187.46	6.457
13192.47	6.456
13197.49	6.454
13202.50	6.452
13207.52	6.450
13212.53	6.448
13217.55	6.446
13222.56	6.444
13227.58	6.442
13232.60	6.440
13237.61	6.438
13242.63	6.436
13247.64	6.434
13252.66	6.432
13257.67	6.430
13262.69	6.428
13267.70	6.426
13272.72	6.424
13277.73	6.422
13282.75	6.420
13287.76	6.418
13292.77	6.416
13297.79	6.414
13302.80	6.412
13307.82	6.410
13312.84	6.408
13317.85	6.406
13322.86	6.404
13327.88	6.402
13332.89	6.400
13337.91	6.398
13342.92	6.396
13347.93	6.394
13352.95	6.392
13357.97	6.389
13362.98	6.388
13368.00	6.386
13373.01	6.384
13378.02	6.381
13383.04	6.379
13388.05	6.377
13393.06	6.375
13398.07	6.373
13403.08	6.371
13408.09	6.369
13413.11	6.366
13418.12	6.364
13423.14	6.362
13428.15	6.360
13433.16	6.357
13438.25	6.355
13443.27	6.353
13448.28	6.351
13453.29	6.349
13458.31	6.347
13463.32	6.344
13468.34	6.342
13473.35	6.340
13478.37	6.338
13483.38	6.335
13488.40	6.333
13493.41	6.331
13498.43	6.329
13503.44	6.326
13508.46	6.324
13513.47	6.322
13518.48	6.320
13523.50	6.318
13528.51	6.315
13533.53	6.313
13538.54	6.311
13543.56	6.309
13548.57	6.307
13553.59	6.304
13558.60	6.302
13563.61	6.300
13568.63	6.298
13573.64	6.295
13578.66	6.293
13583.67	6.291
13588.69	6.288
13593.71	6.286
13598.72	6.283
13603.74	6.281
13608.75	6.279
13613.76	6.277
13618.78	6.275
13623.80	6.272
13628.81	6.270
13633.83	6.267
13638.84	6.265
13643.86	6.263
13648.88	6.261
13653.90	6.258
13658.91	6.256
13663.93	6.253
13668.94	6.251
13673.96	6.249
13678.97	6.246
13683.99	6.244
13689.00	6.242
13694.02	6.239
13699.04	6.237
13704.05	6.235
13709.06	6.232
13714.08	6.230
13719.10	6.227
13724.11	6.225
13729.13	6.223
13734.14	6.220
13739.16	6.218
13744.17	6.216
13749.19	6.214
13754.21	6.211
13759.22	6.209
13764.23	6.207
13769.24	6.204
13774.25	6.202
13779.27	6.199
13784.28	6.197
13789.30	6.194
13794.31	6.192
13799.33	6.190
13804.34	6.188
13809.35	6.185
13814.36	6.180
13819.38	6.177
13824.39	6.175
13829.41	6.173
13834.42	6.170
13839.43	6.168
13844.44	6.166
13849.46	6.163
13854.47	6.161
13859.48	6.159
13864.49	6.156
13869.50	6.154
13874.51	6.152
13879.52	6.149
13884.54	6.147
13889.56	6.144
13894.57	6.142
13899.58	6.140
13904.60	6.137
13909.62	6.135
13914.63	6.133
13919.64	6.131
13924.66	6.128
13929.67	6.126
13934.68	6.124
13939.69	6.121
13944.71	6.119
13949.72	6.116
13954.74	6.114
13959.76	6.112
13964.77	6.110
13969.78	6.107
13974.80	6.105
13979.82	6.103
13984.83	6.101
13989.85	6.098
13994.86	6.096
13999.88	6.094
14004.89	6.091
14009.91	6.089
14014.93	6.087
14019.94	6.085
14024.95	6.082
14029.97	6.080
14034.99	6.078
14040.00	6.075
14045.02	6.073
14050.03	6.071
14055.05	6.069
14060.06	6.067
14065.08	6.064
14070.09	6.062
14075.11	6.059
14080.13	6.057
14085.14	6.055
14090.16	6.053
14095.17	6.050
14100.18	6.048
14105.20	6.046
14110.22	6.044
14115.23	6.041
14120.25	6.039
14125.26	6.037
14130.28	6.034
14135.29	6.032
14140.31	6.030
14145.32	6.028
14150.33	6.026
14155.34	6.024
14160.35	6.021
14165.37	6.019
14170.38	6.017
14175.39	6.015
14180.41	6.013
14185.43	6.010
14190.44	6.008
14195.46	6.006
14200.47	6.004
14205.49	6.002
14210.50	5.999
14215.53	5.997
14220.54	5.995
14225.55	5.993
14230.56	5.991
14235.58	5.989
14240.59	5.986
14245.60	5.984
14250.62	5.982
14255.63	5.980
14260.64	5.978
14265.65	5.976
14270.66	5.974
