0.00	7.916
5.01	7.911
10.02	7.911
15.03	7.911
20.05	7.911
25.06	7.911
30.07	7.911
35.08	7.911
40.09	7.911
45.10	7.911
50.12	7.911
55.13	7.911
60.14	7.688
65.15	7.703
70.16	7.708
75.18	7.711
80.19	7.713
85.20	7.714
90.21	7.714
95.22	7.715
100.23	7.715
105.25	7.715
110.26	7.715
115.27	7.714
120.28	7.714
125.29	7.714
130.30	7.714
135.31	7.713
140.33	7.713
145.34	7.712
150.35	7.712
155.36	7.712
160.37	7.711
165.38	7.711
170.40	7.710
175.41	7.710
180.42	7.709
185.43	7.709
190.44	7.708
195.45	7.708
200.47	7.708
205.48	7.707
210.49	7.707
215.50	7.707
220.51	7.706
225.53	7.706
230.54	7.705
235.56	7.705
240.58	7.704
245.59	7.704
250.60	7.704
255.62	7.704
260.63	7.704
265.65	7.703
270.66	7.703
275.67	7.703
280.68	7.703
285.69	7.702
290.70	7.702
295.71	7.702
300.72	7.701
305.74	7.701
310.75	7.701
315.76	7.701
320.77	7.700
325.78	7.700
330.79	7.700
335.81	7.700
340.82	7.700
345.83	7.699
350.84	7.699
355.85	7.699
360.86	7.698
365.88	7.698
370.89	7.698
375.90	7.698
380.91	7.698
385.92	7.697
390.93	7.697
395.94	7.697
400.96	7.697
405.97	7.696
410.98	7.696
415.99	7.696
421.00	7.696
426.01	7.696
431.03	7.695
436.04	7.695
441.05	7.695
446.06	7.695
451.07	7.694
456.08	7.694
461.10	7.694
466.11	7.694
471.12	7.693
476.13	7.693
481.14	7.693
486.15	7.693
491.16	7.692
496.18	7.692
501.19	7.692
506.20	7.692
511.21	7.692
516.22	7.692
521.23	7.691
526.24	7.691
531.26	7.691
536.27	7.691
541.28	7.691
546.29	7.691
551.30	7.691
556.31	7.690
561.33	7.690
566.34	7.690
571.35	7.689
576.36	7.689
581.37	7.689
586.38	7.689
591.39	7.689
596.41	7.688
601.42	7.688
606.43	7.688
611.44	7.688
616.45	7.688
621.46	7.687
626.48	7.687
631.49	7.687
636.50	7.687
641.51	7.687
646.52	7.687
651.53	7.686
656.54	7.686
661.56	7.686
666.57	7.686
671.58	7.685
676.59	7.685
681.60	7.685
686.61	7.684
691.63	7.684
696.64	7.684
701.65	7.683
706.66	7.684
711.67	7.684
716.68	7.683
721.70	7.683
726.71	7.683
731.72	7.683
736.73	7.682
741.74	7.682
746.75	7.682
751.76	7.682
756.78	7.682
761.79	7.681
766.80	7.681
771.81	7.681
776.82	7.681
781.83	7.681
786.85	7.680
791.86	7.680
796.87	7.680
801.88	7.680
806.89	7.680
811.90	7.680
816.91	7.679
821.93	7.679
826.94	7.679
831.95	7.679
836.96	7.679
841.97	7.679
846.98	7.678
852.00	7.678
857.01	7.678
862.02	7.678
867.03	7.677
872.04	7.677
877.05	7.677
882.07	7.677
887.08	7.676
892.09	7.676
897.10	7.676
902.11	7.676
907.12	7.676
912.14	7.675
917.15	7.675
922.16	7.675
927.17	7.675
932.18	7.674
937.19	7.674
942.21	7.674
947.22	7.674
952.23	7.674
957.24	7.673
962.25	7.673
967.27	7.673
972.28	7.673
977.30	7.673
982.31	7.672
987.33	7.672
992.34	7.672
997.36	7.672
1002.37	7.671
1007.38	7.671
1012.40	7.671
1017.41	7.671
1022.42	7.671
1027.43	7.671
1032.44	7.670
1037.45	7.670
1042.46	7.670
1047.48	7.670
1052.49	7.669
1057.50	7.669
1062.52	7.669
1067.53	7.669
1072.54	7.668
1077.56	7.668
1082.57	7.668
1087.58	7.668
1092.59	7.668
1097.61	7.668
1102.62	7.667
1107.63	7.667
1112.64	7.667
1117.66	7.667
1122.67	7.666
1127.69	7.667
1132.70	7.666
1137.71	7.666
1142.73	7.666
1147.74	7.665
1152.75	7.665
1157.77	7.665
1162.78	7.665
1167.79	7.664
1172.80	7.664
1177.81	7.664
1182.83	7.664
1187.84	7.664
1192.85	7.663
1197.86	7.663
1202.87	7.663
1207.88	7.663
1212.90	7.662
1217.91	7.662
1222.92	7.662
1227.93	7.662
1232.94	7.662
1237.96	7.662
1242.97	7.661
1247.98	7.661
1252.99	7.661
1258.00	7.661
1263.01	7.660
1268.02	7.660
1273.04	7.660
1278.05	7.660
1283.06	7.660
1288.07	7.659
1293.08	7.659
1298.09	7.659
1303.11	7.659
1308.12	7.658
1313.13	7.658
1318.14	7.657
1323.15	7.657
1328.16	7.657
1333.17	7.657
1338.19	7.656
1343.20	7.656
1348.21	7.656
1353.22	7.656
1358.23	7.656
1363.24	7.656
1368.25	7.656
1373.27	7.655
1378.28	7.655
1383.29	7.655
1388.30	7.654
1393.31	7.654
1398.32	7.654
1403.34	7.654
1408.35	7.654
1413.36	7.653
1418.37	7.653
1423.38	7.653
1428.39	7.653
1433.40	7.652
1438.42	7.652
1443.43	7.652
1448.44	7.652
1453.45	7.652
1458.46	7.652
1463.47	7.652
1468.49	7.652
1473.50	7.651
1478.51	7.651
1483.52	7.651
1488.53	7.650
1493.54	7.650
1498.55	7.650
1503.57	7.650
1508.58	7.650
1513.59	7.649
1518.60	7.649
1523.62	7.649
1528.63	7.649
1533.64	7.649
1538.65	7.648
1543.66	7.648
1548.67	7.648
1553.69	7.648
1558.70	7.647
1563.71	7.647
1568.72	7.647
1573.73	7.647
1578.74	7.646
1583.76	7.646
1588.77	7.646
1593.78	7.646
1598.79	7.646
1603.80	7.645
1608.81	7.645
1613.82	7.645
1618.84	7.645
1623.85	7.645
1628.86	7.644
1633.87	7.644
1638.88	7.644
1643.89	7.644
1648.91	7.644
1653.92	7.643
1658.93	7.643
1663.94	7.643
1668.95	7.642
1673.96	7.642
1678.97	7.642
1683.99	7.642
1689.00	7.641
1694.01	7.641
1699.02	7.641
1704.03	7.641
1709.04	7.641
1714.05	7.641
1719.07	7.640
1724.08	7.640
1729.09	7.640
1734.10	7.639
1739.11	7.639
1744.12	7.639
1749.14	7.639
1754.15	7.639
1759.16	7.638
1764.17	7.638
1769.18	7.638
1774.19	7.638
1779.21	7.637
1784.22	7.637
1789.23	7.637
1794.24	7.636
1799.25	7.636
1804.26	7.636
1809.27	7.636
1814.29	7.636
1819.30	7.636
1824.31	7.636
1829.32	7.635
1834.33	7.635
1839.34	7.635
1844.36	7.635
1849.37	7.634
1854.38	7.634
1859.39	7.634
1864.40	7.633
1869.41	7.633
1874.43	7.633
1879.44	7.633
1884.45	7.633
1889.46	7.632
1894.47	7.632
1899.48	7.632
1904.49	7.632
1909.51	7.631
1914.52	7.631
1919.53	7.631
1924.54	7.630
1929.55	7.630
1934.56	7.630
1939.57	7.630
1944.59	7.630
1949.60	7.629
1954.61	7.629
1959.62	7.629
1964.63	7.628
1969.65	7.628
1974.66	7.628
1979.67	7.628
1984.68	7.628
1989.69	7.628
1994.70	7.627
1999.72	7.627
2004.73	7.627
2009.74	7.626
2014.75	7.626
2019.76	7.626
2024.77	7.626
2029.78	7.626
2034.80	7.625
2039.81	7.625
2044.82	7.625
2049.83	7.625
2054.84	7.624
2059.85	7.624
2064.87	7.624
2069.88	7.623
2074.89	7.623
2079.90	7.623
2084.91	7.622
2089.92	7.623
2094.94	7.622
2099.95	7.622
2104.96	7.621
2109.97	7.621
2114.98	7.621
2119.99	7.621
2125.01	7.621
2130.02	7.621
2135.03	7.620
2140.04	7.620
2145.05	7.619
2150.06	7.619
2155.07	7.619
2160.09	7.619
2165.10	7.619
2170.11	7.618
2175.12	7.618
2180.13	7.618
2185.14	7.618
2190.16	7.618
2195.17	7.617
2200.18	7.617
2205.19	7.616
2210.21	7.616
2215.22	7.616
2220.24	7.616
2225.25	7.616
2230.26	7.615
2235.28	7.615
2240.29	7.615
2245.30	7.615
2250.31	7.615
2255.32	7.614
2260.33	7.614
2265.35	7.614
2270.36	7.613
2275.38	7.613
2280.40	7.613
2285.41	7.613
2290.43	7.613
2295.44	7.612
2300.45	7.612
2305.46	7.611
2310.47	7.611
2315.48	7.611
2320.50	7.611
2325.51	7.611
2330.52	7.611
2335.53	7.610
2340.54	7.610
2345.55	7.610
2350.57	7.609
2355.58	7.609
2360.59	7.609
2365.60	7.609
2370.61	7.608
2375.62	7.608
2380.63	7.608
2385.65	7.607
2390.66	7.607
2395.67	7.607
2400.68	7.607
2405.69	7.607
2410.70	7.606
2415.72	7.606
2420.73	7.605
2425.74	7.606
2430.75	7.605
2435.76	7.605
2440.77	7.605
2445.78	7.604
2450.80	7.604
2455.81	7.604
2460.82	7.604
2465.83	7.603
2470.84	7.603
2475.85	7.603
2480.87	7.603
2485.88	7.602
2490.89	7.602
2495.90	7.602
2500.91	7.602
2505.92	7.601
2510.93	7.601
2515.95	7.601
2520.96	7.601
2525.97	7.600
2530.98	7.600
2535.99	7.600
2541.00	7.600
2546.01	7.599
2551.03	7.599
2556.04	7.599
2561.05	7.598
2566.06	7.598
2571.07	7.598
2576.08	7.598
2581.10	7.598
2586.11	7.597
2591.12	7.597
2596.13	7.597
2601.14	7.596
2606.15	7.596
2611.17	7.596
2616.18	7.596
2621.19	7.596
2626.20	7.595
2631.21	7.595
2636.22	7.595
2641.23	7.594
2646.25	7.594
2651.26	7.594
2656.27	7.593
2661.28	7.593
2666.29	7.593
2671.30	7.593
2676.31	7.593
2681.33	7.593
2686.34	7.592
2691.35	7.592
2696.36	7.591
2701.37	7.591
2706.38	7.591
2711.40	7.590
2716.41	7.590
2721.42	7.590
2726.43	7.590
2731.44	7.590
2736.45	7.590
2741.46	7.589
2746.48	7.589
2751.49	7.588
2756.50	7.588
2761.51	7.588
2766.52	7.588
2771.53	7.588
2776.55	7.587
2781.56	7.587
2786.57	7.587
2791.58	7.586
2796.59	7.586
2801.60	7.586
2806.61	7.586
2811.63	7.585
2816.64	7.585
2821.65	7.585
2826.66	7.585
2831.67	7.584
2836.68	7.584
2841.70	7.584
2846.71	7.583
2851.72	7.583
2856.73	7.583
2861.74	7.583
2866.75	7.582
2871.77	7.582
2876.78	7.582
2881.79	7.582
2886.80	7.581
2891.81	7.581
2896.82	7.580
2901.83	7.580
2906.84	7.580
2911.85	7.580
2916.87	7.579
2921.88	7.579
2926.89	7.579
2931.90	7.579
2936.91	7.578
2941.92	7.578
2946.93	7.578
2951.95	7.578
2956.96	7.578
2961.97	7.577
2966.98	7.577
2971.99	7.576
2977.00	7.576
2982.01	7.576
2987.03	7.576
2992.04	7.575
2997.05	7.575
3002.06	7.575
3007.07	7.575
3012.08	7.574
3017.10	7.574
3022.11	7.574
3027.12	7.573
3032.14	7.573
3037.15	7.573
3042.16	7.573
3047.18	7.573
3052.19	7.572
3057.21	7.572
3062.22	7.572
3067.23	7.571
3072.25	7.571
3077.26	7.571
3082.27	7.571
3087.28	7.570
3092.29	7.570
3097.30	7.570
3102.32	7.569
3107.34	7.569
3112.35	7.569
3117.36	7.568
3122.38	7.568
3127.39	7.568
3132.40	7.568
3137.41	7.567
3142.42	7.567
3147.43	7.567
3152.44	7.567
3157.45	7.566
3162.47	7.566
3167.48	7.566
3172.49	7.565
3177.50	7.565
3182.51	7.565
3187.52	7.565
3192.54	7.564
3197.55	7.564
3202.56	7.564
3207.57	7.564
3212.58	7.563
3217.59	7.563
3222.60	7.563
3227.62	7.563
3232.63	7.562
3237.64	7.562
3242.65	7.562
3247.66	7.562
3252.67	7.561
3257.69	7.561
3262.70	7.561
3267.71	7.560
3272.72	7.560
3277.73	7.560
3282.74	7.560
3287.76	7.559
3292.77	7.559
3297.78	7.559
3302.79	7.558
3307.80	7.558
3312.81	7.558
3317.82	7.558
3322.84	7.557
3327.85	7.557
3332.86	7.557
3337.87	7.556
3342.88	7.556
3347.89	7.556
3352.90	7.555
3357.92	7.555
3362.93	7.555
3367.94	7.555
3372.95	7.554
3377.96	7.554
3382.97	7.554
3387.99	7.554
3393.01	7.553
3398.02	7.553
3403.03	7.553
3408.05	7.553
3413.06	7.552
3418.07	7.552
3423.09	7.552
3428.10	7.551
3433.11	7.551
3438.12	7.551
3443.13	7.551
3448.14	7.550
3453.16	7.550
3458.17	7.550
3463.18	7.549
3468.19	7.549
3473.21	7.549
3478.22	7.548
3483.23	7.548
3488.24	7.548
3493.26	7.547
3498.27	7.547
3503.28	7.547
3508.29	7.547
3513.30	7.546
3518.31	7.546
3523.33	7.546
3528.34	7.545
3533.35	7.545
3538.36	7.545
3543.37	7.545
3548.38	7.544
3553.39	7.544
3558.41	7.544
3563.42	7.544
3568.43	7.543
3573.44	7.543
3578.45	7.542
3583.46	7.542
3588.47	7.542
3593.49	7.542
3598.50	7.541
3603.51	7.541
3608.52	7.541
3613.53	7.541
3618.54	7.540
3623.55	7.540
3628.57	7.540
3633.58	7.539
3638.59	7.539
3643.60	7.539
3648.62	7.539
3653.63	7.538
3658.64	7.538
3663.65	7.538
3668.66	7.537
3673.67	7.537
3678.69	7.537
3683.70	7.536
3688.71	7.536
3693.72	7.536
3698.73	7.536
3703.74	7.535
3708.76	7.535
3713.77	7.535
3718.78	7.534
3723.79	7.534
3728.80	7.534
3733.81	7.534
3738.82	7.533
3743.84	7.533
3748.85	7.533
3753.86	7.532
3758.87	7.532
3763.88	7.532
3768.89	7.531
3773.91	7.531
3778.92	7.531
3783.93	7.531
3788.94	7.530
3793.95	7.530
3798.96	7.530
3803.98	7.529
3808.99	7.529
3814.00	7.529
3819.01	7.529
3824.02	7.528
3829.03	7.528
3834.05	7.527
3839.06	7.527
3844.08	7.527
3849.09	7.527
3854.10	7.527
3859.12	7.527
3864.13	7.526
3869.14	7.526
3874.16	7.525
3879.17	7.525
3884.18	7.525
3889.20	7.524
3894.21	7.524
3899.22	7.524
3904.23	7.524
3909.24	7.523
3914.25	7.523
3919.27	7.523
3924.28	7.522
3929.29	7.522
3934.30	7.522
3939.31	7.521
3944.32	7.521
3949.33	7.521
3954.35	7.521
3959.36	7.520
3964.37	7.520
3969.38	7.520
3974.39	7.519
3979.40	7.519
3984.42	7.519
3989.43	7.518
3994.44	7.518
3999.45	7.518
4004.46	7.518
4009.47	7.517
4014.48	7.517
4019.50	7.517
4024.51	7.516
4029.52	7.516
4034.53	7.516
4039.54	7.515
4044.55	7.515
4049.57	7.515
4054.58	7.515
4059.59	7.514
4064.60	7.514
4069.61	7.514
4074.62	7.514
4079.64	7.514
4084.65	7.513
4089.67	7.513
4094.68	7.512
4099.69	7.512
4104.70	7.512
4109.71	7.512
4114.72	7.511
4119.74	7.511
4124.75	7.511
4129.76	7.510
4134.77	7.510
4139.78	7.510
4144.79	7.510
4149.81	7.510
4154.82	7.509
4159.83	7.509
4164.84	7.508
4169.85	7.508
4174.86	7.508
4179.87	7.508
4184.89	7.507
4189.90	7.507
4194.91	7.507
4199.92	7.506
4204.93	7.506
4209.94	7.506
4214.96	7.506
4219.97	7.505
4224.98	7.505
4229.99	7.505
4235.00	7.505
4240.01	7.504
4245.03	7.504
4250.04	7.504
4255.05	7.503
4260.06	7.503
4265.07	7.503
4270.08	7.503
4275.09	7.502
4280.11	7.502
4285.12	7.502
4290.13	7.501
4295.14	7.501
4300.15	7.500
4305.17	7.500
4310.18	7.500
4315.19	7.500
4320.20	7.500
4325.21	7.499
4330.22	7.499
4335.24	7.499
4340.25	7.499
4345.26	7.498
4350.27	7.498
4355.28	7.498
4360.29	7.498
4365.30	7.497
4370.32	7.497
4375.33	7.497
4380.34	7.497
4385.35	7.496
4390.36	7.496
4395.37	7.496
4400.39	7.496
4405.40	7.495
4410.41	7.495
4415.42	7.495
4420.43	7.495
4425.44	7.495
4430.45	7.494
4435.47	7.494
4440.48	7.494
4445.49	7.493
4450.50	7.493
4455.51	7.493
4460.52	7.492
4465.54	7.492
4470.55	7.492
4475.56	7.492
4480.57	7.491
4485.59	7.491
4490.60	7.491
4495.61	7.491
4500.62	7.490
4505.63	7.490
4510.65	7.490
4515.66	7.490
4520.67	7.490
4525.68	7.489
4530.69	7.489
4535.70	7.489
4540.71	7.488
4545.72	7.488
4550.74	7.488
4555.75	7.488
4560.76	7.488
4565.77	7.487
4570.78	7.487
4575.79	7.487
4580.81	7.487
4585.82	7.486
4590.83	7.486
4595.84	7.486
4600.85	7.485
4605.86	7.485
4610.87	7.485
4615.89	7.485
4620.90	7.484
4625.91	7.484
4630.92	7.484
4635.93	7.484
4640.94	7.484
4645.96	7.483
4650.97	7.483
4655.98	7.483
4660.99	7.483
4666.00	7.482
4671.01	7.482
4676.02	7.482
4681.04	7.482
4686.05	7.482
4691.06	7.481
4696.07	7.481
4701.08	7.481
4706.09	7.480
4711.10	7.480
4716.12	7.480
4721.13	7.480
4726.14	7.480
4731.15	7.479
4736.16	7.479
4741.17	7.479
4746.19	7.479
4751.20	7.478
4756.21	7.478
4761.22	7.478
4766.23	7.478
4771.24	7.478
4776.25	7.478
4781.27	7.477
4786.28	7.477
4791.29	7.477
4796.30	7.477
4801.31	7.476
4806.32	7.476
4811.34	7.476
4816.35	7.476
4821.36	7.476
4826.37	7.475
4831.38	7.475
4836.39	7.475
4841.41	7.475
4846.42	7.475
4851.43	7.474
4856.44	7.474
4861.45	7.474
4866.47	7.474
4871.48	7.473
4876.49	7.473
4881.51	7.473
4886.52	7.473
4891.53	7.473
4896.55	7.472
4901.56	7.472
4906.57	7.472
4911.58	7.472
4916.59	7.472
4921.60	7.471
4926.61	7.471
4931.63	7.471
4936.64	7.471
4941.65	7.470
4946.66	7.470
4951.67	7.470
4956.68	7.470
4961.70	7.470
4966.71	7.470
4971.72	7.469
4976.73	7.469
4981.74	7.469
4986.75	7.469
4991.77	7.469
4996.78	7.468
5001.79	7.468
5006.80	7.468
5011.81	7.468
5016.82	7.468
5021.83	7.468
5026.85	7.467
5031.86	7.467
5036.87	7.467
5041.88	7.466
5046.89	7.466
5051.90	7.466
5056.92	7.466
5061.93	7.466
5066.94	7.466
5071.95	7.466
5076.96	7.465
5081.98	7.465
5086.99	7.464
5092.00	7.464
5097.02	7.464
5102.03	7.464
5107.04	7.464
5112.05	7.464
5117.06	7.464
5122.07	7.463
5127.09	7.463
5132.10	7.463
5137.11	7.463
5142.12	7.463
5147.13	7.462
5152.14	7.462
5157.15	7.462
5162.17	7.462
5167.18	7.462
5172.19	7.461
5177.20	7.461
5182.21	7.461
5187.22	7.461
5192.24	7.460
5197.25	7.460
5202.26	7.460
5207.27	7.460
5212.28	7.460
5217.29	7.460
5222.31	7.459
5227.32	7.459
5232.33	7.459
5237.34	7.459
5242.35	7.459
5247.36	7.458
5252.38	7.459
5257.39	7.458
5262.40	7.458
5267.41	7.458
5272.42	7.458
5277.43	7.457
5282.44	7.457
5287.46	7.457
5292.47	7.457
5297.48	7.457
5302.49	7.456
5307.51	7.456
5312.52	7.456
5317.54	7.456
5322.55	7.456
5327.56	7.456
5332.57	7.455
5337.58	7.455
5342.59	7.455
5347.61	7.455
5352.62	7.455
5357.63	7.455
5362.64	7.454
5367.65	7.454
5372.66	7.454
5377.67	7.454
5382.68	7.454
5387.70	7.454
5392.71	7.454
5397.72	7.453
5402.73	7.453
5407.74	7.453
5412.75	7.452
5417.77	7.452
5422.78	7.452
5427.79	7.452
5432.80	7.452
5437.81	7.452
5442.82	7.452
5447.84	7.452
5452.85	7.451
5457.86	7.451
5462.87	7.451
5467.88	7.451
5472.89	7.451
5477.90	7.451
5482.92	7.450
5487.93	7.450
5492.94	7.450
5497.95	7.450
5502.96	7.450
5507.98	7.450
5512.99	7.449
5518.01	7.449
5523.02	7.449
5528.03	7.449
5533.04	7.449
5538.06	7.449
5543.07	7.449
5548.08	7.448
5553.09	7.448
5558.10	7.448
5563.11	7.448
5568.13	7.448
5573.14	7.448
5578.15	7.448
5583.16	7.448
5588.17	7.447
5593.18	7.447
5598.19	7.447
5603.21	7.447
5608.22	7.447
5613.23	7.447
5618.24	7.446
5623.25	7.446
5628.26	7.446
5633.28	7.446
5638.29	7.445
5643.30	7.445
5648.31	7.445
5653.32	7.445
5658.33	7.445
5663.34	7.445
5668.36	7.445
5673.37	7.445
5678.38	7.445
5683.39	7.444
5688.40	7.444
5693.41	7.444
5698.43	7.444
5703.44	7.443
5708.45	7.444
5713.46	7.443
5718.47	7.443
5723.49	7.443
5728.50	7.443
5733.52	7.443
5738.53	7.443
5743.54	7.442
5748.55	7.442
5753.57	7.442
5758.58	7.442
5763.59	7.442
5768.60	7.441
5773.61	7.441
5778.62	7.441
5783.63	7.441
5788.65	7.441
5793.66	7.441
5798.67	7.441
5803.68	7.441
5808.69	7.440
5813.70	7.440
5818.72	7.440
5823.73	7.440
5828.74	7.440
5833.75	7.440
5838.76	7.439
5843.77	7.439
5848.78	7.439
5853.80	7.439
5858.81	7.439
5863.82	7.439
5868.83	7.439
5873.84	7.439
5878.85	7.439
5883.87	7.438
5888.88	7.438
5893.89	7.438
5898.90	7.438
5903.91	7.438
5908.92	7.438
5913.94	7.437
5918.95	7.437
5923.96	7.437
5928.97	7.437
5933.99	7.437
5939.00	7.437
5944.02	7.436
5949.03	7.436
5954.04	7.436
5959.05	7.436
5964.06	7.436
5969.07	7.436
5974.08	7.436
5979.10	7.435
5984.11	7.435
5989.12	7.435
5994.13	7.435
5999.14	7.435
6004.15	7.435
6009.17	7.435
6014.18	7.435
6019.19	7.434
6024.20	7.434
6029.21	7.434
6034.22	7.434
6039.23	7.434
6044.25	7.434
6049.26	7.434
6054.27	7.434
6059.28	7.434
6064.29	7.433
6069.30	7.433
6074.32	7.433
6079.33	7.433
6084.34	7.433
6089.35	7.433
6094.36	7.433
6099.37	7.432
6104.38	7.432
6109.40	7.432
6114.41	7.432
6119.42	7.432
6124.43	7.432
6129.44	7.431
6134.45	7.431
6139.47	7.431
6144.48	7.431
6149.49	7.431
6154.50	7.431
6159.51	7.430
6164.52	7.430
6169.54	7.430
6174.55	7.430
6179.56	7.430
6184.57	7.430
6189.58	7.430
6194.59	7.430
6199.60	7.430
6204.62	7.429
6209.63	7.429
6214.64	7.429
6219.65	7.429
6224.66	7.429
6229.67	7.429
6234.69	7.429
6239.70	7.428
6244.71	7.428
6249.72	7.428
6254.73	7.428
6259.74	7.428
6264.76	7.427
6269.77	7.428
6274.78	7.427
6279.79	7.427
6284.80	7.427
6289.81	7.427
6294.83	7.427
6299.84	7.427
6304.85	7.427
6309.86	7.426
6314.87	7.426
6319.89	7.426
6324.90	7.426
6329.91	7.426
6334.92	7.426
6339.94	7.426
6344.95	7.426
6349.96	7.426
6354.98	7.426
6359.99	7.426
6365.00	7.425
6370.01	7.425
6375.02	7.425
6380.03	7.425
6385.04	7.425
6390.06	7.425
6395.07	7.424
6400.08	7.424
6405.09	7.424
6410.10	7.424
6415.11	7.424
6420.13	7.424
6425.14	7.423
6430.15	7.423
6435.16	7.423
6440.17	7.423
6445.18	7.423
6450.20	7.423
6455.21	7.423
6460.22	7.422
6465.23	7.422
6470.24	7.423
6475.25	7.423
6480.27	7.422
6485.28	7.422
6490.29	7.422
6495.30	7.422
6500.31	7.422
6505.32	7.422
6510.33	7.421
6515.35	7.421
6520.36	7.421
6525.37	7.421
6530.38	7.421
6535.39	7.421
6540.41	7.421
6545.42	7.420
6550.43	7.420
6555.45	7.420
6560.46	7.420
6565.47	7.420
6570.49	7.420
6575.50	7.420
6580.51	7.420
6585.52	7.419
6590.53	7.419
6595.54	7.419
6600.56	7.419
6605.57	7.419
6610.58	7.419
6615.59	7.419
6620.60	7.418
6625.61	7.419
6630.62	7.418
6635.64	7.418
6640.65	7.418
6645.66	7.418
6650.67	7.418
6655.68	7.418
6660.69	7.418
6665.71	7.417
6670.72	7.418
6675.73	7.417
6680.74	7.417
6685.75	7.417
6690.76	7.417
6695.77	7.417
6700.79	7.416
6705.80	7.416
6710.81	7.417
6715.82	7.416
6720.83	7.416
6725.84	7.416
6730.86	7.416
6735.87	7.416
6740.88	7.416
6745.89	7.416
6750.90	7.415
6755.91	7.415
6760.92	7.415
6765.94	7.415
6770.95	7.415
6775.96	7.415
6780.97	7.415
6785.98	7.415
6790.99	7.414
6796.00	7.414
6801.02	7.414
6806.03	7.414
6811.04	7.414
6816.05	7.414
6821.06	7.414
6826.07	7.414
6831.08	7.414
6836.10	7.413
6841.11	7.413
6846.12	7.413
6851.13	7.413
6856.14	7.413
6861.15	7.413
6866.17	7.413
6871.18	7.412
6876.19	7.412
6881.20	7.412
6886.21	7.412
6891.22	7.412
6896.23	7.412
6901.25	7.412
6906.26	7.411
6911.27	7.411
6916.28	7.411
6921.29	7.411
6926.30	7.411
6931.31	7.411
6936.33	7.411
6941.34	7.411
6946.35	7.411
6951.37	7.410
6956.38	7.410
6961.39	7.410
6966.40	7.410
6971.41	7.410
6976.42	7.410
6981.44	7.410
6986.45	7.410
6991.46	7.410
6996.47	7.409
7001.48	7.409
7006.49	7.409
7011.50	7.409
7016.52	7.409
7021.53	7.409
7026.54	7.408
7031.55	7.408
7036.56	7.408
7041.57	7.408
7046.58	7.408
7051.60	7.408
7056.61	7.408
7061.62	7.408
7066.63	7.408
7071.64	7.408
7076.65	7.407
7081.66	7.407
7086.68	7.407
7091.69	7.407
7096.70	7.407
7101.71	7.407
7106.72	7.407
7111.73	7.406
7116.75	7.406
7121.76	7.406
7126.77	7.406
7131.78	7.406
7136.79	7.406
7141.81	7.406
7146.82	7.406
7151.83	7.406
7156.85	7.405
7161.86	7.405
7166.87	7.405
7171.89	7.405
7176.90	7.405
7181.91	7.404
7186.92	7.404
7191.93	7.404
7196.94	7.404
7201.96	7.404
7206.97	7.404
7211.98	7.404
7216.99	7.404
7222.00	7.403
7227.01	7.403
7232.03	7.403
7237.04	7.403
7242.05	7.403
7247.06	7.403
7252.07	7.403
7257.08	7.403
7262.09	7.402
7267.11	7.402
7272.12	7.402
7277.13	7.402
7282.14	7.402
7287.15	7.401
7292.16	7.401
7297.18	7.402
7302.19	7.401
7307.20	7.402
7312.21	7.401
7317.22	7.401
7322.23	7.401
7327.24	7.401
7332.26	7.401
7337.27	7.400
7342.28	7.400
7347.29	7.400
7352.30	7.400
7357.31	7.400
7362.33	7.400
7367.34	7.400
7372.35	7.400
7377.37	7.399
7382.38	7.400
7387.39	7.399
7392.41	7.399
7397.42	7.399
7402.43	7.399
7407.44	7.399
7412.45	7.399
7417.46	7.399
7422.48	7.399
7427.49	7.399
7432.50	7.398
7437.51	7.398
7442.52	7.398
7447.53	7.397
7452.54	7.397
7457.56	7.397
7462.57	7.397
7467.58	7.397
7472.59	7.397
7477.60	7.397
7482.61	7.397
7487.63	7.396
7492.64	7.396
7497.65	7.396
7502.66	7.396
7507.67	7.396
7512.68	7.396
7517.70	7.395
7522.71	7.395
7527.72	7.395
7532.73	7.395
7537.74	7.395
7542.75	7.395
7547.76	7.395
7552.78	7.395
7557.79	7.394
7562.80	7.394
7567.81	7.395
7572.82	7.394
7577.84	7.394
7582.85	7.394
7587.86	7.394
7592.87	7.394
7597.89	7.393
7602.90	7.393
7607.91	7.393
7612.92	7.393
7617.93	7.393
7622.94	7.393
7627.96	7.393
7632.97	7.393
7637.98	7.393
7642.99	7.393
7648.00	7.392
7653.01	7.392
7658.02	7.392
7663.04	7.392
7668.05	7.392
7673.06	7.392
7678.07	7.391
7683.08	7.391
7688.09	7.391
7693.11	7.391
7698.12	7.391
7703.13	7.390
7708.14	7.390
7713.15	7.390
7718.16	7.390
7723.18	7.390
7728.19	7.390
7733.20	7.390
7738.21	7.390
7743.22	7.389
7748.23	7.389
7753.24	7.389
7758.26	7.389
7763.27	7.389
7768.28	7.388
7773.29	7.388
7778.30	7.388
7783.32	7.388
7788.33	7.388
7793.34	7.388
7798.35	7.388
7803.36	7.388
7808.37	7.387
7813.38	7.387
7818.40	7.387
7823.41	7.387
7828.42	7.387
7833.43	7.387
7838.44	7.386
7843.45	7.387
7848.47	7.386
7853.48	7.386
7858.49	7.386
7863.50	7.386
7868.51	7.386
7873.52	7.385
7878.53	7.386
7883.55	7.386
7888.56	7.385
7893.57	7.385
7898.58	7.385
7903.59	7.385
7908.60	7.384
7913.62	7.384
7918.63	7.384
7923.64	7.384
7928.65	7.384
7933.66	7.384
7938.67	7.384
7943.69	7.383
7948.70	7.383
7953.71	7.383
7958.72	7.383
7963.73	7.383
7968.74	7.383
7973.76	7.383
7978.77	7.382
7983.78	7.382
7988.79	7.382
7993.80	7.382
7998.81	7.382
8003.82	7.381
8008.83	7.381
8013.85	7.381
8018.86	7.381
8023.87	7.381
8028.88	7.381
8033.89	7.380
8038.90	7.380
8043.92	7.380
8048.93	7.380
8053.94	7.380
8058.95	7.380
8063.96	7.380
8068.97	7.379
8073.99	7.379
8079.00	7.379
8084.01	7.379
8089.02	7.379
8094.03	7.378
8099.04	7.378
8104.05	7.378
8109.07	7.378
8114.08	7.378
8119.09	7.378
8124.10	7.377
8129.11	7.377
8134.12	7.377
8139.14	7.377
8144.15	7.377
8149.16	7.377
8154.17	7.376
8159.19	7.376
8164.20	7.376
8169.22	7.376
8174.23	7.376
8179.24	7.375
8184.25	7.375
8189.26	7.375
8194.27	7.375
8199.29	7.375
8204.30	7.375
8209.31	7.375
8214.32	7.374
8219.33	7.374
8224.34	7.374
8229.35	7.374
8234.37	7.374
8239.38	7.373
8244.39	7.373
8249.40	7.373
8254.41	7.372
8259.42	7.373
8264.44	7.372
8269.45	7.372
8274.46	7.372
8279.47	7.372
8284.48	7.372
8289.49	7.372
8294.51	7.371
8299.52	7.371
8304.53	7.371
8309.54	7.371
8314.55	7.371
8319.56	7.371
8324.57	7.370
8329.59	7.370
8334.60	7.370
8339.61	7.369
8344.62	7.369
8349.63	7.369
8354.64	7.369
8359.66	7.368
8364.67	7.368
8369.68	7.368
8374.70	7.368
8379.72	7.368
8384.73	7.368
8389.74	7.368
8394.75	7.367
8399.76	7.367
8404.77	7.367
8409.78	7.366
8414.80	7.366
8419.81	7.366
8424.82	7.366
8429.83	7.365
8434.84	7.365
8439.85	7.365
8444.87	7.365
8449.88	7.364
8454.89	7.364
8459.90	7.364
8464.91	7.364
8469.92	7.364
8474.93	7.363
8479.95	7.363
8484.96	7.363
8489.97	7.363
8494.98	7.363
8499.99	7.362
8505.00	7.362
8510.02	7.362
8515.03	7.362
8520.04	7.361
8525.05	7.361
8530.06	7.361
8535.07	7.361
8540.09	7.361
8545.10	7.360
8550.11	7.360
8555.12	7.360
8560.13	7.359
8565.14	7.359
8570.15	7.359
8575.17	7.359
8580.18	7.358
8585.20	7.358
8590.21	7.358
8595.23	7.358
8600.24	7.358
8605.25	7.357
8610.26	7.357
8615.27	7.357
8620.28	7.357
8625.29	7.356
8630.31	7.356
8635.32	7.356
8640.33	7.356
8645.34	7.355
8650.35	7.355
8655.36	7.355
8660.38	7.354
8665.39	7.354
8670.40	7.354
8675.41	7.354
8680.42	7.353
8685.43	7.353
8690.45	7.353
8695.46	7.353
8700.47	7.352
8705.48	7.352
8710.49	7.352
8715.50	7.351
8720.51	7.351
8725.53	7.351
8730.54	7.351
8735.55	7.351
8740.56	7.350
8745.57	7.350
8750.58	7.349
8755.60	7.349
8760.61	7.349
8765.62	7.349
8770.63	7.348
8775.64	7.348
8780.65	7.348
8785.67	7.348
8790.68	7.347
8795.70	7.347
8800.71	7.346
8805.73	7.346
8810.74	7.346
8815.75	7.346
8820.76	7.345
8825.77	7.345
8830.79	7.345
8835.80	7.344
8840.82	7.344
8845.83	7.344
8850.85	7.344
8855.87	7.343
8860.88	7.343
8865.90	7.343
8870.91	7.342
8875.93	7.342
8880.94	7.342
8885.96	7.341
8890.97	7.341
8895.98	7.341
8901.00	7.340
8906.01	7.340
8911.03	7.340
8916.04	7.339
8921.06	7.339
8926.07	7.338
8931.09	7.338
8936.10	7.338
8941.11	7.337
8946.13	7.337
8951.14	7.337
8956.16	7.336
8961.17	7.336
8966.18	7.336
8971.20	7.335
8976.22	7.335
8981.24	7.335
8986.26	7.334
8991.27	7.334
8996.29	7.334
9001.30	7.333
9006.32	7.333
9011.33	7.333
9016.35	7.332
9021.36	7.331
9026.37	7.331
9031.39	7.331
9036.40	7.331
9041.42	7.331
9046.43	7.330
9051.45	7.330
9056.46	7.329
9061.48	7.329
9066.49	7.328
9071.50	7.328
9076.52	7.327
9081.53	7.327
9086.54	7.327
9091.56	7.326
9096.58	7.326
9101.59	7.326
9106.60	7.325
9111.62	7.325
9116.63	7.325
9121.65	7.324
9126.66	7.324
9131.68	7.324
9136.69	7.323
9141.70	7.323
9146.72	7.322
9151.73	7.322
9156.75	7.321
9161.76	7.321
9166.78	7.320
9171.79	7.320
9176.80	7.320
9181.82	7.319
9186.83	7.319
9191.84	7.318
9196.85	7.318
9201.86	7.318
9206.88	7.317
9211.89	7.317
9216.90	7.316
9221.92	7.316
9226.93	7.315
9231.95	7.315
9236.96	7.314
9241.97	7.314
9246.99	7.314
9252.00	7.313
9257.01	7.312
9262.02	7.312
9267.04	7.312
9272.05	7.311
9277.07	7.311
9282.08	7.310
9287.09	7.310
9292.11	7.309
9297.12	7.309
9302.14	7.308
9307.15	7.308
9312.17	7.307
9317.18	7.307
9322.19	7.306
9327.21	7.306
9332.22	7.306
9337.24	7.305
9342.25	7.304
9347.27	7.304
9352.28	7.303
9357.30	7.303
9362.31	7.303
9367.33	7.302
9372.34	7.302
9377.35	7.301
9382.37	7.301
9387.38	7.300
9392.39	7.300
9397.41	7.299
9402.43	7.298
9407.44	7.298
9412.45	7.297
9417.47	7.297
9422.48	7.296
9427.50	7.296
9432.51	7.295
9437.53	7.295
9442.54	7.294
9447.56	7.293
9452.57	7.293
9457.59	7.292
9462.60	7.292
9467.62	7.291
9472.63	7.291
9477.65	7.290
9482.66	7.290
9487.67	7.289
9492.69	7.289
9497.70	7.288
9502.72	7.288
9507.73	7.287
9512.74	7.287
9517.76	7.286
9522.78	7.286
9527.79	7.285
9532.81	7.284
9537.82	7.284
9542.83	7.283
9547.85	7.283
9552.86	7.282
9557.88	7.281
9562.89	7.281
9567.91	7.281
9572.92	7.280
9577.94	7.279
9582.95	7.279
9587.97	7.278
9592.98	7.277
9597.99	7.277
9603.01	7.276
9608.03	7.275
9613.04	7.275
9618.05	7.274
9623.07	7.273
9628.08	7.273
9633.10	7.272
9638.11	7.272
9643.13	7.271
9648.15	7.270
9653.16	7.270
9658.18	7.269
9663.19	7.268
9668.20	7.268
9673.22	7.267
9678.23	7.266
9683.24	7.266
9688.26	7.265
9693.27	7.265
9698.29	7.264
9703.30	7.263
9708.31	7.263
9713.33	7.262
9718.34	7.262
9723.36	7.261
9728.37	7.260
9733.39	7.259
9738.40	7.259
9743.42	7.258
9748.43	7.257
9753.45	7.257
9758.46	7.256
9763.48	7.255
9768.49	7.255
9773.51	7.254
9778.52	7.253
9783.53	7.253
9788.55	7.252
9793.56	7.252
9798.58	7.251
9803.59	7.250
9808.61	7.249
9813.62	7.249
9818.64	7.248
9823.65	7.247
9828.67	7.247
9833.68	7.246
9838.70	7.246
9843.71	7.245
9848.72	7.244
9853.74	7.243
9858.75	7.243
9863.77	7.242
9868.78	7.241
9873.80	7.240
9878.81	7.240
9883.83	7.239
9888.84	7.238
9893.85	7.237
9898.87	7.237
9903.88	7.236
9908.90	7.235
9913.91	7.235
9918.92	7.234
9923.94	7.233
9928.95	7.232
9933.97	7.232
9938.98	7.231
9944.00	7.230
9949.01	7.229
9954.03	7.229
9959.04	7.228
9964.05	7.228
9969.07	7.227
9974.08	7.226
9979.10	7.225
9984.11	7.224
9989.12	7.224
9994.14	7.223
9999.16	7.222
10004.17	7.221
10009.18	7.221
10014.20	7.220
10019.21	7.219
10024.23	7.218
10029.24	7.218
10034.26	7.217
10039.28	7.216
10044.29	7.215
10049.31	7.215
10054.32	7.214
10059.34	7.214
10064.35	7.213
10069.37	7.212
10074.38	7.211
10079.40	7.210
10084.41	7.209
10089.43	7.208
10094.44	7.208
10099.45	7.207
10104.47	7.206
10109.48	7.205
10114.49	7.205
10119.51	7.204
10124.53	7.203
10129.54	7.202
10134.55	7.201
10139.57	7.200
10144.58	7.200
10149.60	7.199
10154.61	7.198
10159.63	7.197
10164.64	7.197
10169.65	7.196
10174.67	7.195
10179.68	7.194
10184.70	7.193
10189.71	7.193
10194.73	7.192
10199.74	7.191
10204.75	7.190
10209.77	7.190
10214.78	7.189
10219.80	7.188
10224.81	7.187
10229.82	7.186
10234.84	7.185
10239.85	7.185
10244.87	7.184
10249.89	7.183
10254.90	7.182
10259.92	7.181
10264.93	7.181
10269.94	7.180
10274.96	7.179
10279.97	7.178
10284.98	7.177
10290.00	7.177
10295.01	7.176
10300.03	7.175
10305.04	7.174
10310.06	7.173
10315.07	7.173
10320.08	7.172
10325.10	7.171
10330.11	7.170
10335.13	7.169
10340.14	7.168
10345.16	7.167
10350.17	7.167
10355.19	7.166
10360.20	7.165
10365.22	7.164
10370.23	7.163
10375.25	7.163
10380.26	7.162
10385.27	7.161
10390.29	7.160
10395.30	7.159
10400.32	7.158
10405.33	7.157
10410.35	7.156
10415.36	7.155
10420.38	7.155
10425.39	7.154
10430.41	7.153
10435.42	7.152
10440.43	7.151
10445.45	7.150
10450.47	7.150
10455.48	7.149
10460.49	7.148
10465.51	7.147
10470.52	7.146
10475.54	7.145
10480.55	7.144
10485.56	7.144
10490.58	7.143
10495.59	7.142
10500.61	7.141
10505.62	7.140
10510.63	7.139
10515.65	7.138
10520.66	7.137
10525.68	7.137
10530.69	7.136
10535.71	7.135
10540.73	7.134
10545.74	7.133
10550.75	7.132
10555.77	7.131
10560.78	7.130
10565.79	7.129
10570.81	7.129
10575.82	7.128
10580.84	7.127
10585.85	7.126
10590.86	7.125
10595.88	7.124
10600.90	7.123
10605.91	7.122
10610.93	7.121
10615.94	7.121
10620.95	7.120
10625.97	7.119
10630.98	7.118
10636.00	7.117
10641.01	7.116
10646.02	7.115
10651.03	7.114
10656.04	7.113
10661.05	7.112
10666.07	7.111
10671.08	7.111
10676.09	7.110
10681.10	7.109
10686.11	7.108
10691.12	7.107
10696.14	7.106
10701.15	7.105
10706.17	7.104
10711.18	7.103
10716.20	7.102
10721.22	7.102
10726.23	7.101
10731.24	7.100
10736.26	7.099
10741.27	7.098
10746.29	7.097
10751.30	7.096
10756.31	7.095
10761.33	7.094
10766.34	7.093
10771.36	7.092
10776.37	7.092
10781.39	7.091
10786.40	7.089
10791.42	7.089
10796.43	7.087
10801.44	7.086
10806.46	7.085
10811.47	7.084
10816.49	7.084
10821.50	7.083
10826.51	7.081
10831.53	7.081
10836.55	7.080
10841.56	7.079
10846.57	7.078
10851.59	7.077
10856.60	7.076
10861.62	7.075
10866.63	7.074
10871.64	7.073
10876.65	7.072
10881.67	7.071
10886.68	7.070
10891.69	7.069
10896.70	7.068
10901.71	7.067
10906.73	7.066
10911.74	7.065
10916.75	7.064
10921.77	7.063
10926.78	7.062
10931.80	7.062
10936.81	7.061
10941.83	7.060
10946.84	7.059
10951.86	7.058
10956.87	7.057
10961.89	7.056
10966.90	7.055
10971.91	7.054
10976.92	7.053
10981.93	7.051
10986.94	7.051
10991.96	7.050
10996.97	7.049
11001.98	7.048
11006.99	7.047
11012.00	7.045
11017.01	7.045
11022.03	7.044
11027.04	7.043
11032.05	7.042
11037.06	7.041
11042.07	7.040
11047.08	7.039
11052.09	7.038
11057.11	7.037
11062.12	7.036
11067.13	7.035
11072.14	7.034
11077.15	7.033
11082.16	7.032
11087.17	7.031
11092.19	7.030
11097.20	7.029
11102.21	7.028
11107.22	7.027
11112.23	7.026
11117.24	7.025
11122.26	7.024
11127.27	7.023
11132.28	7.022
11137.29	7.020
11142.30	7.020
11147.31	7.018
11152.32	7.017
11157.34	7.017
11162.35	7.015
11167.36	7.014
11172.37	7.013
11177.38	7.012
11182.39	7.011
11187.40	7.010
11192.42	7.009
11197.43	7.008
11202.44	7.007
11207.45	7.006
11212.46	7.005
11217.47	7.004
11222.48	7.003
11227.50	7.002
11232.51	7.001
11237.52	7.000
11242.53	6.999
11247.54	6.998
11252.55	6.997
11257.57	6.996
11262.58	6.995
11267.59	6.994
11272.60	6.992
11277.61	6.991
11282.62	6.990
11287.64	6.989
11292.65	6.988
11297.66	6.987
11302.67	6.986
11307.68	6.985
11312.69	6.984
11317.71	6.983
11322.72	6.982
11327.73	6.981
11332.74	6.980
11337.75	6.979
11342.76	6.977
11347.77	6.976
11352.79	6.975
11357.80	6.974
11362.81	6.973
11367.82	6.972
11372.83	6.971
11377.84	6.970
11382.86	6.969
11387.87	6.968
11392.88	6.967
11397.89	6.965
11402.90	6.964
11407.91	6.963
11412.93	6.962
11417.94	6.961
11422.95	6.960
11427.96	6.959
11432.97	6.958
11437.98	6.957
11442.99	6.955
11448.01	6.954
11453.02	6.953
11458.03	6.952
11463.04	6.951
11468.05	6.950
11473.06	6.949
11478.08	6.947
11483.09	6.946
11488.10	6.945
11493.11	6.944
11498.12	6.943
11503.13	6.942
11508.15	6.940
11513.16	6.940
11518.17	6.939
11523.18	6.937
11528.19	6.936
11533.20	6.935
11538.21	6.934
11543.23	6.933
11548.24	6.932
11553.25	6.931
11558.26	6.929
11563.27	6.928
11568.28	6.927
11573.29	6.926
11578.31	6.925
11583.32	6.924
11588.33	6.923
11593.34	6.921
11598.35	6.920
11603.36	6.919
11608.37	6.918
11613.39	6.916
11618.40	6.915
11623.41	6.914
11628.42	6.913
11633.43	6.912
11638.44	6.911
11643.45	6.909
11648.47	6.908
11653.48	6.907
11658.49	6.906
11663.50	6.905
11668.51	6.904
11673.52	6.903
11678.53	6.901
11683.55	6.900
11688.56	6.899
11693.57	6.898
11698.58	6.896
11703.59	6.895
11708.60	6.894
11713.62	6.893
11718.63	6.892
11723.64	6.890
11728.65	6.889
11733.66	6.888
11738.67	6.887
11743.69	6.886
11748.70	6.885
11753.71	6.884
11758.72	6.882
11763.73	6.881
11768.74	6.879
11773.75	6.878
11778.77	6.877
11783.78	6.876
11788.79	6.875
11793.80	6.873
11798.81	6.872
11803.82	6.871
11808.84	6.870
11813.85	6.869
11818.86	6.867
11823.87	6.866
11828.88	6.865
11833.89	6.864
11838.90	6.862
11843.92	6.861
11848.93	6.860
11853.94	6.859
11858.95	6.857
11863.96	6.856
11868.97	6.855
11873.98	6.854
11879.00	6.853
11884.01	6.851
11889.02	6.850
11894.03	6.849
11899.04	6.847
11904.05	6.846
11909.07	6.845
11914.08	6.844
11919.09	6.842
11924.10	6.841
11929.11	6.839
11934.12	6.838
11939.13	6.837
11944.14	6.836
11949.16	6.834
11954.17	6.833
11959.18	6.832
11964.19	6.831
11969.20	6.830
11974.21	6.828
11979.23	6.827
11984.24	6.826
11989.25	6.824
11994.26	6.823
11999.27	6.822
12004.28	6.820
12009.30	6.819
12014.31	6.817
12019.32	6.816
12024.33	6.815
12029.34	6.814
12034.35	6.812
12039.36	6.811
12044.38	6.809
12049.39	6.808
12054.40	6.807
12059.41	6.806
12064.42	6.805
12069.43	6.803
12074.45	6.802
12079.46	6.800
12084.47	6.799
12089.48	6.798
12094.49	6.797
12099.50	6.795
12104.51	6.794
12109.53	6.793
12114.54	6.791
12119.55	6.790
12124.56	6.788
12129.57	6.787
12134.58	6.785
12139.60	6.784
12144.61	6.783
12149.62	6.782
12154.63	6.780
12159.64	6.779
12164.65	6.777
12169.66	6.776
12174.68	6.774
12179.69	6.773
12184.70	6.772
12189.71	6.771
12194.72	6.769
12199.73	6.768
12204.75	6.767
12209.76	6.765
12214.77	6.764
12219.78	6.762
12224.79	6.761
12229.80	6.759
12234.82	6.758
12239.83	6.756
12244.84	6.755
12249.85	6.754
12254.86	6.753
12259.87	6.751
12264.89	6.750
12269.90	6.748
12274.91	6.747
12279.93	6.745
12284.94	6.744
12289.95	6.743
12294.96	6.741
12299.97	6.740
12304.99	6.738
12310.00	6.737
12315.01	6.735
12320.02	6.734
12325.03	6.732
12330.04	6.731
12335.06	6.729
12340.07	6.728
12345.08	6.726
12350.09	6.725
12355.11	6.724
12360.12	6.722
12365.14	6.721
12370.15	6.719
12375.17	6.718
12380.19	6.716
12385.20	6.715
12390.21	6.714
12395.23	6.712
12400.25	6.711
12405.26	6.709
12410.27	6.708
12415.28	6.706
12420.29	6.705
12425.30	6.703
12430.32	6.702
12435.33	6.700
12440.34	6.699
12445.35	6.698
12450.36	6.696
12455.37	6.694
12460.39	6.693
12465.40	6.691
12470.41	6.690
12475.42	6.689
12480.43	6.687
12485.44	6.686
12490.46	6.684
12495.47	6.682
12500.48	6.681
12505.49	6.679
12510.50	6.678
12515.51	6.677
12520.53	6.675
12525.54	6.673
12530.55	6.672
12535.56	6.670
12540.57	6.669
12545.58	6.667
12550.60	6.666
12555.61	6.664
12560.62	6.663
12565.63	6.661
12570.64	6.660
12575.65	6.658
12580.66	6.656
12585.68	6.655
12590.69	6.653
12595.70	6.652
12600.71	6.650
12605.72	6.649
12610.73	6.647
12615.75	6.646
12620.76	6.644
12625.77	6.642
12630.78	6.641
12635.79	6.639
12640.80	6.638
12645.82	6.636
12650.83	6.634
12655.84	6.633
12660.85	6.631
12665.86	6.630
12670.87	6.628
12675.89	6.626
12680.90	6.625
12685.91	6.623
12690.92	6.622
12695.93	6.620
12700.94	6.618
12705.95	6.617
12710.97	6.615
12715.98	6.614
12720.99	6.612
12726.00	6.610
12731.01	6.609
12736.03	6.607
12741.04	6.605
12746.06	6.604
12751.07	6.602
12756.08	6.600
12761.09	6.599
12766.10	6.597
12771.11	6.596
12776.13	6.594
12781.14	6.592
12786.15	6.591
12791.16	6.589
12796.17	6.587
12801.18	6.586
12806.20	6.584
12811.21	6.582
12816.22	6.581
12821.23	6.579
12826.24	6.577
12831.25	6.576
12836.26	6.574
12841.28	6.573
12846.29	6.571
12851.30	6.569
12856.31	6.567
12861.32	6.566
12866.33	6.564
12871.34	6.562
12876.36	6.561
12881.37	6.559
12886.38	6.557
12891.39	6.555
12896.40	6.554
12901.41	6.552
12906.43	6.550
12911.44	6.549
12916.45	6.547
12921.46	6.545
12926.47	6.543
12931.48	6.542
12936.50	6.540
12941.51	6.538
12946.52	6.537
12951.54	6.535
12956.55	6.533
12961.57	6.532
12966.58	6.530
12971.59	6.528
12976.60	6.526
12981.61	6.524
12986.63	6.522
12991.64	6.521
12996.65	6.519
13001.66	6.517
13006.67	6.515
13011.68	6.514
13016.69	6.512
13021.71	6.510
13026.72	6.508
13031.73	6.507
13036.74	6.505
13041.75	6.503
13046.76	6.501
13051.78	6.500
13056.79	6.498
13061.81	6.496
13066.82	6.494
13071.83	6.492
13076.84	6.491
13081.85	6.489
13086.86	6.487
13091.87	6.485
13096.89	6.483
13101.90	6.481
13106.91	6.479
13111.92	6.478
13116.93	6.476
13121.94	6.474
13126.96	6.472
13131.97	6.470
13136.98	6.468
13141.99	6.467
13147.00	6.465
13152.01	6.463
13157.02	6.461
13162.04	6.459
13167.05	6.457
13172.07	6.455
13177.08	6.454
13182.09	6.452
13187.10	6.450
13192.11	6.448
13197.12	6.446
13202.14	6.444
13207.15	6.442
13212.16	6.440
13217.17	6.438
13222.18	6.436
13227.19	6.434
13232.20	6.432
13237.22	6.431
13242.23	6.429
13247.24	6.426
13252.25	6.425
13257.26	6.423
13262.27	6.421
13267.29	6.419
13272.30	6.416
13277.31	6.415
13282.32	6.413
13287.33	6.411
13292.34	6.408
13297.36	6.406
13302.37	6.404
13307.38	6.402
13312.39	6.400
13317.40	6.398
13322.41	6.396
13327.42	6.394
13332.44	6.392
13337.45	6.391
13342.46	6.388
13347.47	6.386
13352.48	6.384
13357.49	6.382
13362.51	6.380
13367.52	6.378
13372.53	6.376
13377.55	6.374
13382.56	6.372
13387.58	6.370
13392.59	6.368
13397.60	6.366
13402.61	6.364
13407.62	6.361
13412.64	6.359
13417.65	6.357
13422.66	6.355
13427.67	6.353
13432.68	6.351
13437.69	6.349
13442.71	6.346
13447.72	6.344
13452.73	6.342
13457.74	6.340
13462.75	6.338
13467.76	6.336
13472.77	6.334
13477.79	6.332
13482.80	6.329
13487.81	6.327
13492.82	6.325
13497.83	6.323
13502.84	6.321
13507.86	6.319
13512.87	6.317
13517.88	6.315
13522.89	6.312
13527.90	6.310
13532.91	6.308
13537.93	6.306
13542.94	6.303
13547.95	6.302
13552.96	6.299
13557.97	6.297
13562.98	6.295
13567.99	6.292
13573.01	6.290
13578.02	6.288
13583.03	6.285
13588.04	6.283
13593.06	6.281
13598.07	6.279
13603.09	6.277
13608.10	6.275
13613.11	6.273
13618.12	6.270
13623.13	6.268
13628.14	6.266
13633.16	6.263
13638.17	6.261
13643.18	6.259
13648.19	6.257
13653.20	6.255
13658.21	6.252
13663.23	6.250
13668.24	6.248
13673.25	6.246
13678.26	6.243
13683.27	6.241
13688.28	6.239
13693.29	6.237
13698.31	6.234
13703.32	6.232
13708.33	6.230
13713.34	6.227
13718.35	6.225
13723.36	6.223
13728.38	6.221
13733.39	6.218
13738.40	6.216
13743.41	6.214
13748.42	6.212
13753.43	6.209
13758.45	6.207
13763.46	6.205
13768.47	6.202
13773.48	6.200
13778.49	6.198
13783.50	6.195
13788.51	6.193
13793.52	6.191
13798.54	6.189
13803.55	6.186
13808.56	6.184
13813.58	6.182
13818.59	6.180
13823.60	6.177
13828.61	6.175
13833.62	6.173
13838.63	6.170
13843.65	6.168
13848.66	6.166
13853.67	6.163
13858.68	6.161
13863.69	6.159
13868.70	6.156
13873.72	6.154
13878.73	6.152
13883.74	6.149
13888.75	6.147
13893.76	6.145
13898.77	6.143
13903.79	6.140
13908.80	6.138
13913.81	6.136
13918.82	6.134
13923.83	6.131
13928.84	6.129
13933.85	6.127
13938.87	6.124
13943.88	6.122
13948.89	6.120
13953.90	6.118
13958.91	6.115
13963.92	6.113
13968.94	6.111
13973.95	6.109
13978.96	6.106
13983.97	6.104
13988.98	6.102
13993.99	6.099
13999.00	6.097
14004.02	6.095
14009.03	6.093
14014.04	6.090
14019.05	6.088
14024.06	6.086
14029.07	6.084
14034.08	6.081
14039.10	6.079
14044.11	6.077
14049.12	6.074
14054.13	6.072
14059.14	6.070
14064.15	6.068
14069.17	6.065
14074.18	6.063
14079.19	6.061
14084.20	6.059
14089.21	6.056
14094.22	6.054
14099.24	6.052
14104.25	6.050
14109.26	6.047
14114.27	6.045
14119.28	6.043
14124.29	6.041
14129.30	6.039
14134.32	6.036
14139.33	6.034
14144.34	6.032
14149.35	6.030
14154.36	6.028
14159.37	6.025
14164.39	6.023
14169.40	6.021
14174.41	6.019
14179.42	6.017
14184.43	6.014
14189.44	6.012
14194.46	6.010
14199.47	6.008
14204.48	6.006
14209.50	6.004
14214.51	6.002
14219.52	6.000
14224.53	5.998
14229.54	5.995
14234.55	5.993
14239.56	5.991
14244.58	5.989
14249.59	5.987
14254.60	5.985
14259.61	5.983
14264.62	5.981
14269.63	5.978
14274.64	5.976
14279.65	5.974
