2.51	7.912
7.52	7.912
12.53	7.912
17.54	7.912
22.55	7.912
27.56	7.912
32.58	7.912
37.59	7.912
42.60	7.912
47.61	7.912
52.62	7.912
57.63	7.912
62.65	7.700
67.66	7.706
72.67	7.709
77.68	7.711
82.70	7.713
87.71	7.714
92.72	7.715
97.73	7.715
102.75	7.715
107.76	7.715
112.78	7.715
117.79	7.715
122.80	7.714
127.81	7.714
132.82	7.714
137.83	7.713
142.84	7.713
147.86	7.713
152.87	7.712
157.88	7.712
162.89	7.712
167.90	7.711
172.91	7.711
177.92	7.711
182.94	7.710
187.95	7.710
192.96	7.710
197.97	7.710
202.98	7.709
207.99	7.709
213.00	7.709
218.02	7.708
223.03	7.708
228.04	7.708
233.05	7.707
238.06	7.707
243.07	7.707
248.09	7.706
253.10	7.706
258.11	7.706
263.12	7.705
268.13	7.705
273.14	7.705
278.15	7.705
283.16	7.704
288.18	7.704
293.19	7.704
298.20	7.704
303.22	7.704
308.23	7.703
313.25	7.703
318.26	7.703
323.28	7.702
328.29	7.702
333.30	7.702
338.31	7.702
343.32	7.701
348.33	7.701
353.34	7.701
358.36	7.701
363.37	7.700
368.38	7.700
373.39	7.700
378.40	7.700
383.41	7.700
388.42	7.700
393.43	7.699
398.45	7.699
403.46	7.699
408.47	7.699
413.48	7.698
418.49	7.698
423.50	7.698
428.52	7.698
433.53	7.698
438.54	7.697
443.55	7.697
448.56	7.697
453.57	7.697
458.58	7.696
463.60	7.696
468.61	7.695
473.62	7.695
478.63	7.695
483.64	7.695
488.65	7.695
493.67	7.695
498.68	7.694
503.69	7.694
508.70	7.694
513.71	7.694
518.73	7.693
523.74	7.693
528.75	7.693
533.76	7.693
538.77	7.693
543.78	7.693
548.80	7.692
553.81	7.692
558.82	7.692
563.83	7.692
568.84	7.692
573.85	7.691
578.86	7.691
583.88	7.691
588.89	7.691
593.90	7.691
598.91	7.690
603.92	7.690
608.93	7.690
613.95	7.690
618.96	7.690
623.97	7.689
628.98	7.689
633.99	7.689
639.00	7.689
644.02	7.689
649.03	7.688
654.04	7.688
659.05	7.688
664.06	7.688
669.07	7.688
674.08	7.687
679.10	7.687
684.11	7.687
689.12	7.687
694.13	7.687
699.14	7.687
704.15	7.686
709.17	7.686
714.18	7.686
719.19	7.686
724.20	7.685
729.21	7.685
734.22	7.685
739.23	7.685
744.25	7.685
749.26	7.684
754.27	7.684
759.28	7.684
764.29	7.684
769.31	7.684
774.32	7.683
779.33	7.683
784.34	7.683
789.35	7.683
794.36	7.682
799.38	7.682
804.39	7.682
809.40	7.682
814.41	7.682
819.42	7.682
824.43	7.681
829.45	7.681
834.46	7.681
839.47	7.680
844.48	7.680
849.49	7.680
854.50	7.680
859.51	7.680
864.53	7.680
869.54	7.680
874.55	7.679
879.56	7.679
884.57	7.679
889.58	7.678
894.59	7.678
899.60	7.678
904.62	7.678
909.63	7.678
914.64	7.678
919.65	7.677
924.66	7.677
929.67	7.677
934.69	7.677
939.70	7.677
944.71	7.676
949.72	7.676
954.73	7.676
959.74	7.676
964.76	7.676
969.77	7.675
974.78	7.675
979.79	7.675
984.80	7.675
989.82	7.675
994.83	7.674
999.85	7.674
1004.86	7.674
1009.88	7.674
1014.89	7.674
1019.91	7.673
1024.92	7.673
1029.93	7.673
1034.94	7.673
1039.95	7.673
1044.96	7.672
1049.98	7.672
1054.99	7.672
1060.00	7.672
1065.01	7.671
1070.02	7.671
1075.03	7.671
1080.05	7.671
1085.06	7.671
1090.07	7.670
1095.08	7.671
1100.09	7.670
1105.10	7.670
1110.11	7.670
1115.13	7.669
1120.14	7.669
1125.15	7.669
1130.16	7.669
1135.17	7.669
1140.18	7.668
1145.20	7.668
1150.21	7.668
1155.22	7.668
1160.23	7.668
1165.24	7.668
1170.25	7.667
1175.26	7.667
1180.28	7.667
1185.29	7.667
1190.30	7.667
1195.31	7.666
1200.32	7.666
1205.33	7.666
1210.35	7.665
1215.36	7.665
1220.37	7.665
1225.38	7.665
1230.39	7.665
1235.40	7.664
1240.42	7.664
1245.43	7.664
1250.44	7.664
1255.45	7.664
1260.46	7.663
1265.47	7.663
1270.49	7.663
1275.50	7.663
1280.51	7.663
1285.53	7.663
1290.54	7.662
1295.56	7.662
1300.57	7.662
1305.58	7.662
1310.59	7.661
1315.60	7.661
1320.61	7.661
1325.62	7.661
1330.64	7.661
1335.65	7.661
1340.66	7.660
1345.67	7.660
1350.68	7.660
1355.69	7.659
1360.70	7.659
1365.72	7.659
1370.73	7.659
1375.74	7.659
1380.75	7.659
1385.76	7.658
1390.77	7.658
1395.78	7.658
1400.80	7.658
1405.81	7.658
1410.82	7.657
1415.83	7.657
1420.84	7.657
1425.85	7.657
1430.86	7.656
1435.88	7.656
1440.89	7.656
1445.90	7.656
1450.91	7.656
1455.92	7.655
1460.93	7.655
1465.95	7.655
1470.96	7.655
1475.97	7.655
1480.98	7.654
1485.99	7.654
1491.00	7.654
1496.02	7.654
1501.03	7.654
1506.04	7.653
1511.05	7.653
1516.06	7.653
1521.07	7.653
1526.08	7.653
1531.10	7.653
1536.11	7.652
1541.12	7.652
1546.13	7.652
1551.14	7.652
1556.16	7.651
1561.17	7.651
1566.18	7.651
1571.19	7.651
1576.20	7.650
1581.21	7.650
1586.23	7.650
1591.24	7.650
1596.25	7.650
1601.26	7.649
1606.27	7.649
1611.28	7.649
1616.29	7.649
1621.30	7.649
1626.32	7.648
1631.33	7.648
1636.34	7.648
1641.35	7.648
1646.36	7.648
1651.37	7.648
1656.38	7.647
1661.40	7.647
1666.41	7.647
1671.42	7.646
1676.43	7.646
1681.44	7.646
1686.45	7.646
1691.47	7.646
1696.48	7.646
1701.49	7.645
1706.50	7.645
1711.51	7.645
1716.52	7.645
1721.54	7.645
1726.55	7.644
1731.56	7.644
1736.57	7.644
1741.58	7.644
1746.59	7.643
1751.60	7.643
1756.62	7.643
1761.63	7.643
1766.64	7.642
1771.65	7.642
1776.66	7.642
1781.67	7.642
1786.69	7.642
1791.70	7.641
1796.72	7.641
1801.73	7.641
1806.75	7.641
1811.76	7.641
1816.77	7.640
1821.79	7.640
1826.80	7.640
1831.81	7.640
1836.82	7.640
1841.84	7.639
1846.86	7.639
1851.87	7.639
1856.89	7.639
1861.90	7.639
1866.91	7.638
1871.93	7.638
1876.94	7.638
1881.95	7.637
1886.96	7.637
1891.98	7.637
1896.99	7.637
1902.00	7.637
1907.01	7.636
1912.02	7.636
1917.03	7.636
1922.05	7.636
1927.06	7.635
1932.07	7.635
1937.08	7.635
1942.09	7.635
1947.10	7.635
1952.11	7.634
1957.13	7.634
1962.14	7.634
1967.15	7.634
1972.16	7.634
1977.17	7.633
1982.18	7.633
1987.20	7.633
1992.21	7.633
1997.22	7.632
2002.23	7.632
2007.24	7.632
2012.25	7.632
2017.27	7.631
2022.28	7.631
2027.29	7.631
2032.30	7.631
2037.31	7.630
2042.32	7.630
2047.33	7.630
2052.35	7.630
2057.36	7.630
2062.37	7.629
2067.38	7.629
2072.39	7.629
2077.40	7.629
2082.42	7.629
2087.43	7.628
2092.44	7.628
2097.45	7.628
2102.46	7.628
2107.47	7.627
2112.49	7.627
2117.50	7.627
2122.51	7.627
2127.52	7.627
2132.53	7.626
2137.54	7.626
2142.56	7.626
2147.57	7.626
2152.58	7.625
2157.59	7.625
2162.60	7.625
2167.61	7.625
2172.62	7.624
2177.64	7.624
2182.65	7.624
2187.66	7.624
2192.67	7.623
2197.68	7.623
2202.69	7.623
2207.71	7.623
2212.72	7.622
2217.73	7.622
2222.74	7.622
2227.75	7.622
2232.76	7.621
2237.78	7.621
2242.79	7.621
2247.80	7.621
2252.81	7.620
2257.82	7.620
2262.83	7.620
2267.84	7.620
2272.86	7.620
2277.87	7.619
2282.88	7.619
2287.89	7.619
2292.90	7.619
2297.91	7.618
2302.92	7.618
2307.93	7.618
2312.95	7.618
2317.96	7.618
2322.97	7.617
2327.98	7.617
2332.99	7.617
2338.01	7.617
2343.02	7.616
2348.03	7.616
2353.04	7.616
2358.05	7.615
2363.07	7.615
2368.08	7.615
2373.09	7.615
2378.10	7.614
2383.11	7.614
2388.12	7.614
2393.14	7.614
2398.15	7.614
2403.16	7.613
2408.17	7.613
2413.18	7.613
2418.19	7.613
2423.21	7.612
2428.22	7.612
2433.23	7.612
2438.24	7.612
2443.25	7.612
2448.26	7.611
2453.28	7.611
2458.29	7.611
2463.30	7.610
2468.31	7.610
2473.32	7.610
2478.33	7.610
2483.34	7.610
2488.36	7.609
2493.37	7.609
2498.38	7.609
2503.39	7.609
2508.40	7.608
2513.41	7.608
2518.43	7.607
2523.44	7.608
2528.45	7.607
2533.46	7.607
2538.47	7.607
2543.48	7.606
2548.49	7.606
2553.51	7.606
2558.52	7.606
2563.53	7.605
2568.54	7.605
2573.55	7.605
2578.56	7.605
2583.58	7.605
2588.60	7.604
2593.61	7.604
2598.63	7.604
2603.64	7.603
2608.65	7.603
2613.66	7.603
2618.67	7.603
2623.68	7.602
2628.70	7.602
2633.71	7.602
2638.72	7.602
2643.73	7.601
2648.74	7.601
2653.75	7.601
2658.77	7.601
2663.78	7.601
2668.79	7.600
2673.80	7.600
2678.81	7.600
2683.82	7.599
2688.83	7.599
2693.85	7.599
2698.86	7.599
2703.87	7.598
2708.88	7.598
2713.89	7.598
2718.90	7.597
2723.92	7.597
2728.93	7.597
2733.94	7.597
2738.95	7.597
2743.96	7.596
2748.97	7.596
2753.98	7.596
2759.00	7.595
2764.01	7.595
2769.02	7.595
2774.03	7.595
2779.04	7.594
2784.05	7.594
2789.07	7.594
2794.08	7.594
2799.09	7.594
2804.10	7.593
2809.11	7.593
2814.13	7.593
2819.14	7.593
2824.15	7.592
2829.17	7.592
2834.18	7.592
2839.19	7.592
2844.20	7.591
2849.21	7.591
2854.22	7.590
2859.23	7.590
2864.25	7.590
2869.26	7.590
2874.27	7.589
2879.28	7.589
2884.29	7.589
2889.30	7.589
2894.32	7.588
2899.33	7.588
2904.34	7.588
2909.35	7.588
2914.36	7.587
2919.38	7.587
2924.39	7.587
2929.40	7.587
2934.41	7.586
2939.42	7.586
2944.43	7.586
2949.45	7.585
2954.46	7.585
2959.47	7.585
2964.48	7.585
2969.49	7.584
2974.50	7.584
2979.52	7.584
2984.53	7.584
2989.54	7.583
2994.55	7.583
2999.56	7.583
3004.57	7.582
3009.58	7.582
3014.60	7.582
3019.61	7.582
3024.62	7.581
3029.63	7.581
3034.64	7.581
3039.65	7.581
3044.66	7.580
3049.68	7.580
3054.69	7.580
3059.70	7.580
3064.71	7.579
3069.72	7.579
3074.73	7.579
3079.75	7.578
3084.76	7.578
3089.77	7.578
3094.78	7.578
3099.79	7.578
3104.80	7.578
3109.82	7.577
3114.84	7.577
3119.85	7.577
3124.86	7.576
3129.87	7.576
3134.89	7.576
3139.90	7.576
3144.91	7.575
3149.92	7.575
3154.93	7.575
3159.94	7.574
3164.96	7.574
3169.97	7.574
3174.98	7.574
3179.99	7.573
3185.00	7.573
3190.01	7.573
3195.03	7.572
3200.04	7.572
3205.05	7.572
3210.06	7.572
3215.07	7.571
3220.08	7.571
3225.09	7.571
3230.11	7.570
3235.12	7.570
3240.13	7.570
3245.14	7.570
3250.15	7.569
3255.16	7.569
3260.18	7.569
3265.19	7.569
3270.20	7.568
3275.21	7.568
3280.22	7.568
3285.23	7.568
3290.24	7.567
3295.26	7.567
3300.27	7.567
3305.28	7.567
3310.29	7.566
3315.30	7.566
3320.31	7.566
3325.33	7.566
3330.34	7.565
3335.35	7.565
3340.36	7.565
3345.37	7.565
3350.38	7.564
3355.40	7.564
3360.41	7.564
3365.42	7.563
3370.43	7.563
3375.44	7.563
3380.45	7.562
3385.46	7.562
3390.48	7.562
3395.49	7.562
3400.50	7.562
3405.51	7.561
3410.52	7.561
3415.53	7.561
3420.55	7.560
3425.56	7.560
3430.57	7.560
3435.58	7.559
3440.59	7.559
3445.60	7.559
3450.62	7.559
3455.63	7.559
3460.64	7.558
3465.65	7.558
3470.66	7.558
3475.67	7.557
3480.68	7.557
3485.70	7.557
3490.71	7.557
3495.72	7.556
3500.73	7.556
3505.74	7.556
3510.75	7.556
3515.77	7.555
3520.78	7.555
3525.79	7.555
3530.80	7.554
3535.81	7.554
3540.82	7.554
3545.84	7.554
3550.85	7.553
3555.86	7.553
3560.87	7.553
3565.88	7.552
3570.89	7.552
3575.91	7.552
3580.92	7.552
3585.93	7.551
3590.94	7.551
3595.95	7.551
3600.96	7.550
3605.98	7.550
3610.99	7.550
3616.00	7.550
3621.01	7.549
3626.02	7.549
3631.03	7.549
3636.04	7.548
3641.06	7.548
3646.07	7.548
3651.08	7.548
3656.09	7.547
3661.10	7.547
3666.11	7.547
3671.13	7.546
3676.14	7.546
3681.15	7.546
3686.16	7.546
3691.17	7.545
3696.18	7.545
3701.20	7.545
3706.21	7.544
3711.23	7.544
3716.25	7.544
3721.26	7.544
3726.27	7.543
3731.29	7.543
3736.30	7.543
3741.32	7.543
3746.33	7.542
3751.34	7.542
3756.36	7.542
3761.37	7.541
3766.39	7.541
3771.40	7.541
3776.41	7.541
3781.42	7.540
3786.43	7.540
3791.45	7.540
3796.46	7.539
3801.47	7.539
3806.48	7.539
3811.49	7.539
3816.50	7.538
3821.52	7.538
3826.53	7.538
3831.54	7.538
3836.55	7.537
3841.56	7.537
3846.57	7.537
3851.58	7.536
3856.60	7.536
3861.61	7.536
3866.62	7.535
3871.63	7.535
3876.64	7.535
3881.65	7.535
3886.67	7.534
3891.68	7.534
3896.69	7.534
3901.70	7.533
3906.71	7.533
3911.72	7.533
3916.74	7.533
3921.75	7.532
3926.76	7.532
3931.77	7.532
3936.78	7.532
3941.79	7.532
3946.80	7.531
3951.82	7.531
3956.83	7.530
3961.84	7.530
3966.85	7.530
3971.86	7.530
3976.87	7.530
3981.89	7.529
3986.90	7.529
3991.91	7.528
3996.92	7.528
4001.93	7.528
4006.94	7.527
4011.95	7.527
4016.97	7.527
4021.98	7.527
4026.99	7.526
4032.00	7.526
4037.01	7.526
4042.02	7.525
4047.04	7.525
4052.05	7.525
4057.06	7.525
4062.07	7.524
4067.08	7.524
4072.09	7.524
4077.11	7.523
4082.12	7.523
4087.13	7.523
4092.14	7.523
4097.15	7.522
4102.16	7.522
4107.17	7.521
4112.18	7.521
4117.20	7.521
4122.21	7.521
4127.22	7.520
4132.24	7.520
4137.26	7.520
4142.27	7.520
4147.28	7.519
4152.30	7.519
4157.31	7.519
4162.32	7.518
4167.33	7.518
4172.34	7.518
4177.35	7.517
4182.36	7.517
4187.38	7.517
4192.39	7.517
4197.40	7.517
4202.41	7.516
4207.42	7.516
4212.43	7.516
4217.45	7.515
4222.46	7.515
4227.47	7.515
4232.49	7.514
4237.50	7.514
4242.52	7.514
4247.53	7.514
4252.55	7.513
4257.56	7.513
4262.58	7.513
4267.59	7.512
4272.61	7.512
4277.62	7.512
4282.64	7.511
4287.65	7.511
4292.66	7.511
4297.67	7.511
4302.69	7.510
4307.70	7.510
4312.71	7.510
4317.72	7.509
4322.73	7.509
4327.74	7.509
4332.75	7.509
4337.77	7.508
4342.78	7.508
4347.79	7.508
4352.80	7.507
4357.81	7.507
4362.82	7.507
4367.84	7.506
4372.85	7.506
4377.86	7.506
4382.87	7.506
4387.88	7.505
4392.89	7.505
4397.91	7.505
4402.92	7.505
4407.93	7.504
4412.94	7.504
4417.95	7.504
4422.96	7.503
4427.97	7.503
4432.99	7.503
4438.00	7.503
4443.01	7.502
4448.02	7.502
4453.03	7.502
4458.04	7.501
4463.06	7.501
4468.07	7.501
4473.08	7.501
4478.09	7.500
4483.10	7.500
4488.12	7.500
4493.13	7.499
4498.14	7.499
4503.15	7.499
4508.16	7.499
4513.17	7.498
4518.18	7.498
4523.20	7.498
4528.21	7.497
4533.22	7.497
4538.23	7.497
4543.24	7.496
4548.25	7.496
4553.27	7.496
4558.28	7.495
4563.29	7.495
4568.30	7.495
4573.31	7.495
4578.32	7.495
4583.34	7.494
4588.35	7.494
4593.36	7.494
4598.37	7.493
4603.38	7.493
4608.39	7.493
4613.40	7.493
4618.42	7.493
4623.43	7.492
4628.44	7.492
4633.45	7.492
4638.46	7.491
4643.47	7.491
4648.49	7.491
4653.50	7.490
4658.51	7.490
4663.52	7.490
4668.53	7.489
4673.54	7.489
4678.56	7.489
4683.57	7.489
4688.58	7.488
4693.59	7.488
4698.60	7.488
4703.61	7.487
4708.62	7.487
4713.64	7.487
4718.65	7.487
4723.66	7.486
4728.67	7.486
4733.68	7.486
4738.69	7.486
4743.70	7.485
4748.72	7.485
4753.73	7.485
4758.74	7.485
4763.76	7.484
4768.77	7.484
4773.79	7.484
4778.80	7.484
4783.81	7.483
4788.83	7.483
4793.85	7.483
4798.86	7.483
4803.88	7.482
4808.89	7.482
4813.90	7.482
4818.91	7.481
4823.92	7.481
4828.93	7.481
4833.95	7.481
4838.96	7.480
4843.97	7.480
4848.98	7.480
4853.99	7.480
4859.00	7.480
4864.02	7.479
4869.04	7.479
4874.05	7.479
4879.06	7.478
4884.08	7.478
4889.09	7.478
4894.11	7.477
4899.12	7.477
4904.13	7.477
4909.14	7.477
4914.15	7.477
4919.16	7.477
4924.18	7.476
4929.19	7.476
4934.20	7.476
4939.22	7.475
4944.23	7.475
4949.24	7.475
4954.25	7.474
4959.27	7.474
4964.29	7.474
4969.30	7.474
4974.31	7.473
4979.32	7.473
4984.34	7.473
4989.35	7.473
4994.36	7.472
4999.37	7.472
5004.38	7.472
5009.39	7.472
5014.40	7.472
5019.42	7.471
5024.43	7.471
5029.44	7.471
5034.45	7.470
5039.46	7.470
5044.47	7.470
5049.49	7.470
5054.50	7.470
5059.51	7.470
5064.52	7.469
5069.53	7.469
5074.54	7.469
5079.56	7.469
5084.57	7.468
5089.58	7.468
5094.59	7.468
5099.60	7.468
5104.61	7.467
5109.62	7.467
5114.64	7.467
5119.65	7.467
5124.66	7.466
5129.67	7.466
5134.68	7.466
5139.69	7.466
5144.71	7.465
5149.72	7.466
5154.73	7.465
5159.74	7.465
5164.75	7.465
5169.76	7.465
5174.78	7.464
5179.79	7.464
5184.80	7.464
5189.81	7.464
5194.82	7.463
5199.83	7.463
5204.84	7.463
5209.86	7.463
5214.87	7.463
5219.88	7.462
5224.89	7.462
5229.90	7.462
5234.91	7.461
5239.93	7.461
5244.94	7.461
5249.95	7.461
5254.96	7.461
5259.97	7.460
5264.98	7.460
5269.99	7.460
5275.01	7.460
5280.02	7.460
5285.03	7.460
5290.04	7.459
5295.05	7.459
5300.06	7.459
5305.07	7.459
5310.09	7.458
5315.10	7.458
5320.11	7.458
5325.12	7.458
5330.13	7.458
5335.14	7.458
5340.16	7.457
5345.17	7.457
5350.18	7.457
5355.19	7.457
5360.20	7.457
5365.21	7.457
5370.23	7.456
5375.24	7.456
5380.25	7.456
5385.26	7.456
5390.27	7.456
5395.28	7.455
5400.30	7.455
5405.31	7.455
5410.32	7.455
5415.33	7.455
5420.34	7.454
5425.35	7.454
5430.37	7.454
5435.38	7.454
5440.39	7.454
5445.40	7.454
5450.41	7.453
5455.42	7.453
5460.43	7.453
5465.45	7.452
5470.46	7.452
5475.47	7.452
5480.48	7.452
5485.49	7.452
5490.50	7.452
5495.52	7.452
5500.53	7.451
5505.54	7.451
5510.55	7.451
5515.56	7.451
5520.57	7.451
5525.59	7.450
5530.60	7.450
5535.61	7.450
5540.62	7.450
5545.63	7.450
5550.64	7.449
5555.66	7.449
5560.67	7.449
5565.68	7.449
5570.69	7.449
5575.70	7.449
5580.71	7.448
5585.72	7.448
5590.74	7.448
5595.75	7.448
5600.76	7.448
5605.77	7.448
5610.78	7.447
5615.79	7.447
5620.81	7.447
5625.82	7.447
5630.83	7.447
5635.84	7.446
5640.85	7.446
5645.86	7.446
5650.88	7.446
5655.89	7.446
5660.90	7.446
5665.91	7.445
5670.92	7.445
5675.93	7.445
5680.94	7.445
5685.95	7.445
5690.97	7.445
5695.98	7.445
5700.99	7.444
5706.00	7.444
5711.01	7.444
5716.02	7.444
5721.04	7.444
5726.05	7.444
5731.06	7.443
5736.07	7.443
5741.08	7.443
5746.09	7.443
5751.10	7.443
5756.12	7.442
5761.13	7.442
5766.14	7.442
5771.15	7.442
5776.16	7.442
5781.17	7.441
5786.19	7.442
5791.20	7.441
5796.21	7.441
5801.22	7.441
5806.23	7.441
5811.24	7.441
5816.26	7.441
5821.27	7.440
5826.28	7.440
5831.29	7.440
5836.30	7.440
5841.31	7.440
5846.33	7.440
5851.34	7.439
5856.35	7.439
5861.36	7.439
5866.37	7.439
5871.38	7.439
5876.39	7.439
5881.41	7.439
5886.42	7.439
5891.43	7.438
5896.44	7.438
5901.45	7.438
5906.46	7.438
5911.48	7.438
5916.49	7.437
5921.50	7.437
5926.51	7.437
5931.52	7.437
5936.53	7.437
5941.55	7.437
5946.56	7.437
5951.57	7.436
5956.59	7.436
5961.60	7.436
5966.62	7.436
5971.63	7.436
5976.64	7.436
5981.65	7.436
5986.67	7.436
5991.68	7.435
5996.69	7.435
6001.70	7.435
6006.71	7.435
6011.72	7.435
6016.74	7.434
6021.75	7.434
6026.76	7.434
6031.77	7.434
6036.78	7.434
6041.79	7.434
6046.80	7.433
6051.82	7.433
6056.83	7.433
6061.84	7.433
6066.85	7.433
6071.86	7.433
6076.87	7.433
6081.89	7.433
6086.90	7.433
6091.91	7.432
6096.92	7.432
6101.93	7.432
6106.94	7.432
6111.96	7.432
6116.97	7.432
6121.98	7.432
6126.99	7.432
6132.00	7.431
6137.01	7.431
6142.02	7.431
6147.04	7.430
6152.05	7.430
6157.06	7.431
6162.07	7.431
6167.08	7.431
6172.09	7.431
6177.11	7.430
6182.12	7.430
6187.13	7.430
6192.14	7.430
6197.15	7.430
6202.16	7.429
6207.17	7.429
6212.18	7.429
6217.20	7.429
6222.21	7.429
6227.22	7.429
6232.23	7.429
6237.24	7.428
6242.25	7.428
6247.27	7.428
6252.28	7.428
6257.29	7.428
6262.30	7.428
6267.31	7.428
6272.32	7.428
6277.34	7.428
6282.35	7.427
6287.36	7.427
6292.38	7.427
6297.39	7.427
6302.40	7.427
6307.42	7.427
6312.43	7.427
6317.44	7.426
6322.46	7.426
6327.47	7.426
6332.48	7.426
6337.50	7.426
6342.51	7.426
6347.53	7.426
6352.54	7.425
6357.56	7.425
6362.57	7.425
6367.58	7.425
6372.59	7.425
6377.60	7.425
6382.62	7.425
6387.63	7.425
6392.64	7.425
6397.66	7.424
6402.67	7.424
6407.68	7.424
6412.69	7.424
6417.71	7.424
6422.73	7.424
6427.74	7.423
6432.75	7.423
6437.76	7.423
6442.78	7.423
6447.79	7.423
6452.80	7.423
6457.82	7.423
6462.83	7.423
6467.84	7.423
6472.86	7.423
6477.87	7.423
6482.88	7.422
6487.89	7.422
6492.90	7.422
6497.91	7.422
6502.93	7.422
6507.94	7.422
6512.95	7.421
6517.96	7.421
6522.97	7.421
6527.98	7.421
6533.00	7.421
6538.01	7.421
6543.02	7.421
6548.03	7.420
6553.04	7.420
6558.05	7.420
6563.07	7.420
6568.08	7.420
6573.09	7.420
6578.10	7.420
6583.11	7.420
6588.12	7.420
6593.13	7.420
6598.15	7.419
6603.16	7.419
6608.17	7.419
6613.18	7.419
6618.19	7.419
6623.20	7.419
6628.22	7.419
6633.23	7.418
6638.24	7.419
6643.25	7.418
6648.26	7.418
6653.27	7.418
6658.29	7.418
6663.30	7.418
6668.31	7.418
6673.32	7.418
6678.33	7.417
6683.34	7.417
6688.35	7.418
6693.37	7.417
6698.38	7.417
6703.39	7.417
6708.40	7.417
6713.41	7.417
6718.42	7.417
6723.44	7.416
6728.45	7.417
6733.46	7.416
6738.47	7.416
6743.48	7.416
6748.49	7.416
6753.51	7.416
6758.52	7.416
6763.53	7.415
6768.54	7.415
6773.55	7.415
6778.56	7.415
6783.58	7.415
6788.59	7.415
6793.60	7.415
6798.61	7.415
6803.62	7.414
6808.63	7.414
6813.65	7.414
6818.66	7.414
6823.67	7.414
6828.68	7.414
6833.69	7.413
6838.70	7.414
6843.72	7.414
6848.73	7.413
6853.74	7.413
6858.75	7.413
6863.76	7.413
6868.77	7.413
6873.78	7.413
6878.80	7.413
6883.81	7.413
6888.82	7.413
6893.83	7.412
6898.84	7.412
6903.85	7.412
6908.86	7.412
6913.88	7.412
6918.89	7.412
6923.90	7.412
6928.91	7.412
6933.92	7.411
6938.93	7.411
6943.95	7.411
6948.96	7.411
6953.97	7.411
6958.98	7.411
6963.99	7.411
6969.00	7.411
6974.02	7.410
6979.03	7.411
6984.04	7.410
6989.05	7.410
6994.06	7.410
6999.07	7.410
7004.09	7.410
7009.10	7.410
7014.11	7.410
7019.12	7.410
7024.13	7.409
7029.14	7.409
7034.15	7.409
7039.17	7.409
7044.18	7.409
7049.19	7.409
7054.20	7.409
7059.21	7.408
7064.22	7.408
7069.24	7.408
7074.25	7.408
7079.26	7.408
7084.27	7.408
7089.28	7.408
7094.29	7.408
7099.30	7.408
7104.32	7.407
7109.33	7.407
7114.34	7.407
7119.35	7.407
7124.37	7.407
7129.38	7.407
7134.40	7.407
7139.41	7.407
7144.42	7.406
7149.44	7.406
7154.45	7.406
7159.46	7.406
7164.47	7.406
7169.48	7.406
7174.49	7.406
7179.50	7.406
7184.52	7.406
7189.53	7.406
7194.54	7.405
7199.55	7.405
7204.56	7.405
7209.57	7.405
7214.58	7.405
7219.60	7.405
7224.61	7.405
7229.62	7.405
7234.63	7.405
7239.64	7.404
7244.65	7.404
7249.67	7.404
7254.68	7.404
7259.69	7.404
7264.70	7.404
7269.71	7.404
7274.72	7.404
7279.74	7.404
7284.75	7.403
7289.76	7.403
7294.77	7.403
7299.78	7.403
7304.79	7.403
7309.80	7.403
7314.82	7.403
7319.83	7.403
7324.84	7.402
7329.85	7.402
7334.86	7.402
7339.87	7.402
7344.89	7.402
7349.90	7.402
7354.91	7.402
7359.92	7.402
7364.93	7.401
7369.94	7.401
7374.95	7.401
7379.97	7.401
7384.98	7.401
7389.99	7.401
7395.00	7.401
7400.01	7.401
7405.02	7.401
7410.03	7.401
7415.05	7.401
7420.06	7.400
7425.07	7.400
7430.08	7.400
7435.09	7.400
7440.10	7.400
7445.12	7.400
7450.13	7.399
7455.14	7.399
7460.15	7.399
7465.16	7.399
7470.17	7.399
7475.19	7.399
7480.20	7.399
7485.21	7.399
7490.22	7.399
7495.24	7.399
7500.26	7.399
7505.27	7.398
7510.28	7.398
7515.30	7.398
7520.31	7.398
7525.32	7.398
7530.33	7.398
7535.34	7.398
7540.36	7.397
7545.37	7.397
7550.39	7.397
7555.40	7.397
7560.41	7.397
7565.43	7.397
7570.44	7.396
7575.45	7.397
7580.46	7.397
7585.47	7.396
7590.49	7.396
7595.51	7.396
7600.52	7.396
7605.53	7.396
7610.54	7.396
7615.55	7.396
7620.57	7.395
7625.58	7.395
7630.59	7.395
7635.60	7.395
7640.62	7.395
7645.63	7.395
7650.64	7.395
7655.65	7.395
7660.66	7.395
7665.68	7.394
7670.69	7.394
7675.70	7.394
7680.71	7.394
7685.72	7.394
7690.73	7.394
7695.74	7.394
7700.76	7.394
7705.77	7.394
7710.78	7.393
7715.79	7.393
7720.80	7.393
7725.81	7.393
7730.83	7.393
7735.84	7.393
7740.85	7.393
7745.86	7.393
7750.87	7.392
7755.88	7.392
7760.90	7.392
7765.91	7.392
7770.92	7.392
7775.93	7.392
7780.94	7.392
7785.95	7.391
7790.96	7.392
7795.98	7.391
7800.99	7.391
7806.00	7.391
7811.01	7.391
7816.02	7.391
7821.03	7.391
7826.05	7.391
7831.06	7.391
7836.07	7.390
7841.08	7.390
7846.09	7.390
7851.10	7.390
7856.12	7.390
7861.13	7.390
7866.14	7.390
7871.15	7.389
7876.16	7.389
7881.17	7.389
7886.18	7.389
7891.20	7.389
7896.21	7.389
7901.22	7.389
7906.23	7.389
7911.24	7.388
7916.25	7.388
7921.27	7.388
7926.28	7.388
7931.29	7.388
7936.30	7.388
7941.31	7.388
7946.32	7.387
7951.34	7.387
7956.35	7.387
7961.36	7.387
7966.37	7.387
7971.38	7.387
7976.39	7.387
7981.41	7.387
7986.42	7.386
7991.43	7.386
7996.44	7.386
8001.45	7.386
8006.46	7.386
8011.47	7.386
8016.49	7.386
8021.50	7.386
8026.51	7.385
8031.52	7.385
8036.53	7.385
8041.54	7.385
8046.56	7.385
8051.57	7.385
8056.58	7.385
8061.59	7.385
8066.60	7.385
8071.61	7.384
8076.63	7.384
8081.64	7.384
8086.65	7.384
8091.66	7.384
8096.67	7.384
8101.68	7.383
8106.69	7.383
8111.71	7.383
8116.72	7.383
8121.73	7.383
8126.74	7.383
8131.75	7.383
8136.76	7.382
8141.78	7.382
8146.79	7.382
8151.80	7.382
8156.81	7.382
8161.82	7.382
8166.83	7.381
8171.84	7.381
8176.86	7.381
8181.87	7.381
8186.88	7.381
8191.89	7.381
8196.90	7.381
8201.91	7.381
8206.93	7.381
8211.94	7.380
8216.95	7.380
8221.96	7.380
8226.97	7.380
8231.98	7.380
8237.00	7.380
8242.01	7.380
8247.02	7.379
8252.03	7.379
8257.04	7.379
8262.05	7.379
8267.06	7.379
8272.08	7.379
8277.09	7.379
8282.10	7.379
8287.11	7.378
8292.12	7.378
8297.13	7.378
8302.15	7.378
8307.16	7.378
8312.17	7.378
8317.18	7.377
8322.19	7.377
8327.20	7.377
8332.22	7.377
8337.23	7.377
8342.24	7.377
8347.25	7.377
8352.26	7.376
8357.27	7.376
8362.29	7.376
8367.30	7.376
8372.31	7.376
8377.32	7.376
8382.33	7.375
8387.34	7.375
8392.35	7.375
8397.37	7.375
8402.38	7.375
8407.39	7.375
8412.40	7.374
8417.41	7.374
8422.42	7.374
8427.43	7.374
8432.45	7.374
8437.46	7.374
8442.47	7.374
8447.48	7.374
8452.49	7.374
8457.50	7.374
8462.52	7.373
8467.53	7.373
8472.54	7.373
8477.55	7.373
8482.56	7.372
8487.57	7.372
8492.58	7.372
8497.60	7.372
8502.61	7.372
8507.62	7.372
8512.63	7.372
8517.64	7.371
8522.65	7.371
8527.67	7.371
8532.68	7.371
8537.69	7.371
8542.70	7.371
8547.71	7.371
8552.72	7.370
8557.74	7.370
8562.75	7.370
8567.76	7.370
8572.77	7.369
8577.78	7.369
8582.79	7.369
8587.81	7.369
8592.82	7.369
8597.83	7.369
8602.84	7.368
8607.85	7.368
8612.86	7.368
8617.87	7.368
8622.89	7.368
8627.90	7.368
8632.91	7.368
8637.92	7.367
8642.93	7.367
8647.94	7.367
8652.96	7.367
8657.97	7.366
8662.98	7.366
8667.99	7.366
8673.00	7.366
8678.01	7.366
8683.03	7.365
8688.04	7.365
8693.05	7.365
8698.06	7.365
8703.07	7.365
8708.08	7.365
8713.09	7.364
8718.11	7.364
8723.12	7.364
8728.13	7.364
8733.14	7.364
8738.15	7.364
8743.16	7.363
8748.18	7.364
8753.19	7.363
8758.20	7.363
8763.21	7.363
8768.22	7.363
8773.23	7.362
8778.25	7.362
8783.26	7.362
8788.27	7.362
8793.28	7.362
8798.29	7.361
8803.30	7.361
8808.31	7.361
8813.32	7.361
8818.34	7.360
8823.35	7.360
8828.36	7.360
8833.37	7.360
8838.38	7.360
8843.39	7.359
8848.41	7.359
8853.42	7.359
8858.43	7.359
8863.44	7.359
8868.45	7.358
8873.46	7.358
8878.47	7.358
8883.49	7.358
8888.50	7.357
8893.51	7.357
8898.52	7.357
8903.53	7.357
8908.54	7.357
8913.55	7.356
8918.57	7.356
8923.58	7.356
8928.59	7.356
8933.60	7.356
8938.61	7.356
8943.62	7.355
8948.64	7.355
8953.65	7.355
8958.66	7.355
8963.67	7.354
8968.68	7.354
8973.69	7.354
8978.71	7.354
8983.72	7.353
8988.73	7.353
8993.74	7.353
8998.75	7.353
9003.76	7.352
9008.77	7.352
9013.78	7.352
9018.80	7.352
9023.81	7.351
9028.82	7.351
9033.83	7.351
9038.84	7.351
9043.85	7.351
9048.87	7.350
9053.88	7.350
9058.89	7.350
9063.90	7.350
9068.91	7.349
9073.92	7.349
9078.94	7.349
9083.95	7.349
9088.96	7.348
9093.97	7.348
9098.98	7.348
9103.99	7.348
9109.00	7.347
9114.02	7.347
9119.03	7.347
9124.04	7.346
9129.05	7.346
9134.06	7.346
9139.07	7.346
9144.09	7.345
9149.10	7.345
9154.11	7.345
9159.12	7.344
9164.13	7.344
9169.14	7.344
9174.15	7.344
9179.17	7.343
9184.18	7.343
9189.19	7.343
9194.20	7.343
9199.21	7.342
9204.22	7.342
9209.24	7.342
9214.25	7.341
9219.26	7.341
9224.27	7.341
9229.28	7.340
9234.29	7.340
9239.30	7.340
9244.32	7.339
9249.33	7.339
9254.34	7.339
9259.35	7.339
9264.36	7.339
9269.37	7.338
9274.38	7.338
9279.40	7.338
9284.41	7.337
9289.42	7.337
9294.43	7.336
9299.44	7.336
9304.45	7.336
9309.47	7.335
9314.48	7.335
9319.49	7.335
9324.50	7.335
9329.51	7.334
9334.52	7.334
9339.53	7.334
9344.55	7.333
9349.56	7.333
9354.57	7.332
9359.58	7.332
9364.59	7.332
9369.60	7.331
9374.62	7.331
9379.63	7.331
9384.64	7.330
9389.65	7.330
9394.66	7.330
9399.67	7.329
9404.68	7.329
9409.70	7.329
9414.71	7.328
9419.72	7.328
9424.73	7.327
9429.74	7.327
9434.75	7.327
9439.76	7.326
9444.78	7.326
9449.79	7.325
9454.80	7.325
9459.81	7.325
9464.82	7.324
9469.83	7.324
9474.84	7.324
9479.86	7.323
9484.87	7.323
9489.88	7.323
9494.89	7.322
9499.90	7.322
9504.91	7.321
9509.93	7.321
9514.94	7.320
9519.95	7.320
9524.96	7.320
9529.97	7.319
9534.98	7.319
9540.00	7.318
9545.01	7.318
9550.02	7.318
9555.03	7.317
9560.04	7.317
9565.05	7.316
9570.07	7.316
9575.08	7.315
9580.09	7.315
9585.10	7.314
9590.11	7.314
9595.12	7.314
9600.14	7.313
9605.15	7.313
9610.16	7.312
9615.17	7.312
9620.18	7.311
9625.19	7.311
9630.21	7.310
9635.22	7.310
9640.23	7.309
9645.24	7.309
9650.25	7.308
9655.26	7.308
9660.27	7.307
9665.29	7.307
9670.30	7.307
9675.31	7.306
9680.32	7.306
9685.33	7.305
9690.34	7.305
9695.36	7.304
9700.37	7.304
9705.38	7.303
9710.39	7.303
9715.40	7.302
9720.41	7.302
9725.42	7.301
9730.44	7.301
9735.45	7.300
9740.46	7.300
9745.47	7.299
9750.48	7.299
9755.49	7.298
9760.50	7.298
9765.52	7.297
9770.53	7.296
9775.54	7.296
9780.55	7.296
9785.56	7.295
9790.57	7.294
9795.59	7.294
9800.60	7.293
9805.61	7.293
9810.62	7.292
9815.63	7.292
9820.64	7.291
9825.66	7.290
9830.67	7.290
9835.68	7.289
9840.70	7.289
9845.71	7.288
9850.72	7.288
9855.74	7.287
9860.76	7.286
9865.77	7.285
9870.78	7.285
9875.79	7.284
9880.81	7.284
9885.82	7.283
9890.83	7.283
9895.84	7.282
9900.85	7.282
9905.86	7.281
9910.87	7.280
9915.89	7.280
9920.90	7.279
9925.91	7.279
9930.92	7.278
9935.93	7.277
9940.94	7.277
9945.96	7.276
9950.97	7.276
9955.98	7.275
9960.99	7.274
9966.00	7.274
9971.01	7.273
9976.03	7.272
9981.04	7.272
9986.05	7.271
9991.06	7.271
9996.07	7.270
10001.08	7.270
10006.10	7.269
10011.11	7.268
10016.13	7.268
10021.14	7.267
10026.15	7.266
10031.16	7.265
10036.17	7.265
10041.18	7.264
10046.20	7.264
10051.21	7.263
10056.22	7.262
10061.23	7.262
10066.24	7.261
10071.25	7.260
10076.27	7.260
10081.28	7.259
10086.29	7.258
10091.30	7.258
10096.31	7.257
10101.32	7.256
10106.34	7.256
10111.35	7.255
10116.36	7.254
10121.37	7.253
10126.38	7.253
10131.39	7.252
10136.40	7.252
10141.42	7.251
10146.43	7.250
10151.44	7.249
10156.45	7.249
10161.46	7.248
10166.47	7.247
10171.49	7.246
10176.50	7.246
10181.51	7.245
10186.52	7.244
10191.53	7.244
10196.54	7.243
10201.56	7.242
10206.57	7.241
10211.58	7.241
10216.59	7.240
10221.60	7.239
10226.61	7.236
10231.62	7.236
10236.64	7.235
10241.65	7.235
10246.66	7.234
10251.67	7.233
10256.69	7.233
10261.70	7.232
10266.72	7.231
10271.73	7.230
10276.75	7.230
10281.76	7.229
10286.77	7.228
10291.78	7.228
10296.80	7.227
10301.81	7.226
10306.82	7.225
10311.83	7.225
10316.85	7.224
10321.87	7.223
10326.88	7.223
10331.90	7.222
10336.91	7.221
10341.93	7.220
10346.94	7.220
10351.95	7.219
10356.96	7.218
10361.98	7.217
10366.99	7.217
10372.00	7.216
10377.01	7.215
10382.02	7.214
10387.03	7.213
10392.05	7.213
10397.06	7.212
10402.07	7.211
10407.08	7.211
10412.09	7.210
10417.11	7.209
10422.12	7.208
10427.13	7.207
10432.15	7.207
10437.17	7.206
10442.18	7.205
10447.19	7.204
10452.20	7.204
10457.22	7.203
10462.23	7.202
10467.24	7.201
10472.25	7.200
10477.26	7.200
10482.27	7.199
10487.29	7.198
10492.30	7.197
10497.32	7.196
10502.34	7.196
10507.36	7.195
10512.38	7.194
10517.39	7.193
10522.40	7.192
10527.41	7.192
10532.42	7.191
10537.44	7.190
10542.45	7.189
10547.46	7.189
10552.47	7.188
10557.48	7.187
10562.49	7.186
10567.51	7.185
10572.52	7.184
10577.53	7.184
10582.54	7.183
10587.55	7.182
10592.56	7.181
10597.58	7.181
10602.59	7.180
10607.60	7.179
10612.61	7.178
10617.62	7.177
10622.63	7.177
10627.64	7.176
10632.66	7.175
10637.67	7.174
10642.68	7.173
10647.69	7.173
10652.70	7.172
10657.71	7.171
10662.73	7.170
10667.74	7.169
10672.75	7.168
10677.76	7.168
10682.77	7.167
10687.78	7.166
10692.80	7.165
10697.81	7.164
10702.82	7.163
10707.83	7.162
10712.84	7.162
10717.85	7.161
10722.86	7.160
10727.88	7.159
10732.89	7.158
10737.90	7.158
10742.91	7.157
10747.92	7.156
10752.93	7.155
10757.95	7.154
10762.96	7.153
10767.97	7.152
10772.98	7.152
10777.99	7.151
10783.00	7.150
10788.02	7.149
10793.03	7.148
10798.04	7.147
10803.05	7.146
10808.06	7.146
10813.07	7.145
10818.08	7.144
10823.10	7.143
10828.11	7.142
10833.12	7.141
10838.13	7.140
10843.14	7.140
10848.15	7.139
10853.17	7.138
10858.18	7.137
10863.19	7.136
10868.20	7.135
10873.21	7.134
10878.22	7.133
10883.24	7.133
10888.25	7.132
10893.26	7.131
10898.27	7.130
10903.28	7.129
10908.29	7.128
10913.30	7.127
10918.32	7.127
10923.33	7.126
10928.34	7.125
10933.35	7.124
10938.37	7.123
10943.39	7.122
10948.40	7.121
10953.42	7.120
10958.43	7.119
10963.45	7.118
10968.46	7.117
10973.47	7.117
10978.48	7.116
10983.49	7.115
10988.50	7.114
10993.52	7.113
10998.53	7.112
11003.54	7.111
11008.55	7.110
11013.56	7.110
11018.58	7.108
11023.59	7.108
11028.61	7.107
11033.62	7.106
11038.64	7.105
11043.65	7.104
11048.66	7.103
11053.67	7.102
11058.68	7.101
11063.70	7.100
11068.71	7.099
11073.72	7.099
11078.73	7.098
11083.74	7.097
11088.76	7.096
11093.77	7.095
11098.78	7.094
11103.79	7.093
11108.81	7.092
11113.82	7.091
11118.83	7.090
11123.84	7.089
11128.85	7.088
11133.86	7.087
11138.88	7.086
11143.89	7.085
11148.90	7.085
11153.91	7.084
11158.92	7.083
11163.93	7.082
11168.94	7.081
11173.96	7.080
11178.97	7.079
11183.98	7.078
11188.99	7.077
11194.00	7.076
11199.01	7.075
11204.02	7.074
11209.04	7.073
11214.05	7.072
11219.06	7.072
11224.07	7.070
11229.08	7.070
11234.09	7.069
11239.11	7.068
11244.12	7.067
11249.13	7.066
11254.14	7.065
11259.15	7.064
11264.16	7.063
11269.18	7.062
11274.19	7.061
11279.20	7.060
11284.21	7.059
11289.22	7.058
11294.23	7.057
11299.24	7.056
11304.26	7.055
11309.27	7.054
11314.28	7.053
11319.29	7.052
11324.30	7.051
11329.31	7.050
11334.33	7.049
11339.34	7.048
11344.35	7.047
11349.36	7.046
11354.38	7.045
11359.39	7.044
11364.40	7.043
11369.41	7.042
11374.42	7.041
11379.43	7.040
11384.45	7.040
11389.46	7.039
11394.47	7.038
11399.48	7.037
11404.49	7.036
11409.50	7.034
11414.52	7.034
11419.53	7.033
11424.54	7.032
11429.55	7.030
11434.56	7.029
11439.57	7.029
11444.58	7.028
11449.60	7.027
11454.61	7.026
11459.62	7.024
11464.63	7.023
11469.64	7.022
11474.65	7.021
11479.67	7.020
11484.68	7.019
11489.69	7.018
11494.70	7.017
11499.71	7.016
11504.72	7.015
11509.74	7.014
11514.75	7.013
11519.76	7.012
11524.78	7.011
11529.79	7.010
11534.81	7.009
11539.82	7.008
11544.83	7.007
11549.84	7.006
11554.86	7.005
11559.87	7.004
11564.88	7.003
11569.90	7.002
11574.91	7.001
11579.92	7.000
11584.93	6.999
11589.94	6.997
11594.95	6.996
11599.97	6.995
11604.98	6.994
11609.99	6.993
11615.00	6.992
11620.01	6.991
11625.02	6.990
11630.04	6.989
11635.05	6.988
11640.06	6.987
11645.07	6.986
11650.08	6.985
11655.09	6.984
11660.11	6.983
11665.12	6.981
11670.13	6.980
11675.14	6.979
11680.15	6.978
11685.16	6.977
11690.18	6.976
11695.19	6.975
11700.20	6.974
11705.21	6.973
11710.22	6.972
11715.23	6.971
11720.25	6.970
11725.26	6.968
11730.27	6.967
11735.28	6.966
11740.29	6.965
11745.30	6.964
11750.32	6.963
11755.33	6.962
11760.34	6.961
11765.36	6.960
11770.37	6.959
11775.39	6.958
11780.40	6.957
11785.41	6.955
11790.42	6.954
11795.43	6.953
11800.44	6.952
11805.46	6.951
11810.47	6.950
11815.48	6.949
11820.49	6.948
11825.50	6.947
11830.51	6.945
11835.53	6.944
11840.54	6.943
11845.55	6.942
11850.56	6.941
11855.57	6.940
11860.58	6.939
11865.59	6.938
11870.61	6.936
11875.62	6.935
11880.63	6.934
11885.64	6.933
11890.65	6.932
11895.66	6.931
11900.68	6.930
11905.69	6.928
11910.70	6.927
11915.71	6.926
11920.72	6.925
11925.73	6.924
11930.75	6.923
11935.76	6.922
11940.77	6.920
11945.78	6.919
11950.79	6.918
11955.80	6.917
11960.82	6.916
11965.83	6.915
11970.84	6.914
11975.86	6.912
11980.87	6.911
11985.89	6.910
11990.90	6.909
11995.91	6.908
12000.92	6.907
12005.93	6.905
12010.94	6.904
12015.96	6.903
12020.97	6.902
12025.98	6.901
12030.99	6.900
12036.00	6.898
12041.01	6.897
12046.02	6.896
12051.04	6.895
12056.05	6.894
12061.06	6.892
12066.07	6.891
12071.08	6.890
12076.09	6.889
12081.11	6.888
12086.12	6.886
12091.13	6.885
12096.14	6.884
12101.15	6.883
12106.16	6.881
12111.18	6.880
12116.19	6.879
12121.20	6.878
12126.21	6.877
12131.22	6.875
12136.23	6.874
12141.24	6.873
12146.26	6.872
12151.27	6.870
12156.28	6.869
12161.29	6.868
12166.30	6.867
12171.31	6.866
12176.33	6.864
12181.34	6.863
12186.36	6.862
12191.37	6.861
12196.39	6.859
12201.40	6.858
12206.41	6.857
12211.42	6.856
12216.43	6.854
12221.45	6.853
12226.46	6.852
12231.47	6.851
12236.48	6.849
12241.49	6.848
12246.50	6.847
12251.51	6.846
12256.52	6.844
12261.54	6.843
12266.55	6.842
12271.56	6.841
12276.57	6.839
12281.58	6.838
12286.59	6.837
12291.61	6.836
12296.62	6.834
12301.63	6.833
12306.64	6.832
12311.65	6.831
12316.66	6.829
12321.68	6.828
12326.69	6.827
12331.70	6.825
12336.71	6.824
12341.72	6.823
12346.73	6.821
12351.75	6.820
12356.76	6.819
12361.77	6.817
12366.78	6.816
12371.79	6.815
12376.80	6.813
12381.81	6.812
12386.83	6.811
12391.84	6.810
12396.85	6.809
12401.86	6.807
12406.87	6.806
12411.88	6.805
12416.90	6.803
12421.91	6.802
12426.92	6.800
12431.93	6.799
12436.94	6.798
12441.95	6.796
12446.97	6.795
12451.98	6.794
12456.99	6.793
12462.00	6.791
12467.01	6.790
12472.02	6.789
12477.03	6.787
12482.05	6.786
12487.06	6.784
12492.07	6.783
12497.08	6.782
12502.09	6.780
12507.10	6.779
12512.11	6.778
12517.13	6.776
12522.14	6.775
12527.15	6.774
12532.16	6.772
12537.17	6.771
12542.18	6.769
12547.20	6.768
12552.21	6.767
12557.22	6.765
12562.23	6.764
12567.24	6.762
12572.26	6.761
12577.27	6.760
12582.28	6.758
12587.29	6.757
12592.30	6.756
12597.32	6.754
12602.33	6.753
12607.34	6.751
12612.35	6.750
12617.36	6.748
12622.37	6.747
12627.38	6.746
12632.40	6.744
12637.41	6.743
12642.42	6.741
12647.43	6.740
12652.44	6.739
12657.45	6.737
12662.47	6.736
12667.48	6.735
12672.49	6.733
12677.50	6.732
12682.51	6.730
12687.52	6.729
12692.54	6.727
12697.55	6.726
12702.56	6.724
12707.57	6.723
12712.58	6.722
12717.59	6.720
12722.61	6.719
12727.62	6.717
12732.63	6.716
12737.64	6.714
12742.65	6.713
12747.66	6.711
12752.67	6.710
12757.69	6.709
12762.70	6.707
12767.71	6.706
12772.72	6.704
12777.73	6.703
12782.74	6.701
12787.76	6.700
12792.77	6.698
12797.78	6.697
12802.79	6.695
12807.80	6.694
12812.81	6.692
12817.83	6.691
12822.84	6.689
12827.85	6.688
12832.86	6.686
12837.87	6.685
12842.88	6.683
12847.89	6.682
12852.91	6.680
12857.92	6.679
12862.93	6.677
12867.94	6.676
12872.95	6.674
12877.96	6.673
12882.98	6.671
12887.99	6.670
12893.00	6.668
12898.01	6.667
12903.02	6.665
12908.03	6.664
12913.05	6.662
12918.06	6.661
12923.07	6.659
12928.08	6.658
12933.09	6.656
12938.10	6.654
12943.11	6.653
12948.12	6.651
12953.14	6.650
12958.15	6.649
12963.16	6.647
12968.17	6.645
12973.18	6.644
12978.19	6.642
12983.21	6.640
12988.22	6.639
12993.23	6.637
12998.24	6.636
13003.25	6.634
13008.26	6.632
13013.28	6.631
13018.29	6.629
13023.30	6.628
13028.31	6.626
13033.32	6.625
13038.33	6.623
13043.34	6.622
13048.36	6.620
13053.37	6.618
13058.38	6.617
13063.39	6.615
13068.40	6.614
13073.41	6.612
13078.43	6.610
13083.44	6.609
13088.45	6.607
13093.46	6.606
13098.47	6.604
13103.48	6.602
13108.50	6.601
13113.51	6.599
13118.52	6.597
13123.53	6.596
13128.54	6.594
13133.55	6.593
13138.57	6.591
13143.58	6.589
13148.59	6.587
13153.60	6.586
13158.61	6.584
13163.62	6.583
13168.63	6.581
13173.65	6.580
13178.66	6.578
13183.67	6.576
13188.68	6.575
13193.69	6.573
13198.70	6.571
13203.72	6.569
13208.73	6.568
13213.74	6.566
13218.75	6.564
13223.76	6.563
13228.77	6.561
13233.78	6.559
13238.80	6.558
13243.81	6.556
13248.82	6.554
13253.83	6.553
13258.84	6.551
13263.85	6.549
13268.86	6.548
13273.87	6.546
13278.89	6.544
13283.90	6.543
13288.91	6.541
13293.92	6.539
13298.93	6.537
13303.94	6.536
13308.96	6.534
13313.97	6.532
13318.98	6.530
13323.99	6.529
13329.00	6.527
13334.01	6.525
13339.03	6.523
13344.04	6.522
13349.05	6.520
13354.06	6.518
13359.07	6.517
13364.08	6.515
13369.10	6.513
13374.11	6.511
13379.12	6.510
13384.13	6.508
13389.14	6.506
13394.15	6.504
13399.16	6.503
13404.18	6.501
13409.19	6.499
13414.20	6.497
13419.21	6.496
13424.22	6.494
13429.23	6.492
13434.25	6.490
13439.26	6.488
13444.27	6.487
13449.28	6.485
13454.29	6.483
13459.30	6.481
13464.32	6.479
13469.33	6.477
13474.34	6.476
13479.35	6.474
13484.36	6.472
13489.37	6.470
13494.38	6.469
13499.40	6.467
13504.41	6.465
13509.42	6.463
13514.43	6.461
13519.45	6.459
13524.46	6.457
13529.47	6.456
13534.49	6.454
13539.50	6.452
13544.51	6.450
13549.53	6.448
13554.54	6.446
13559.55	6.445
13564.56	6.443
13569.57	6.441
13574.58	6.439
13579.59	6.437
13584.61	6.435
13589.62	6.433
13594.63	6.431
13599.64	6.429
13604.65	6.428
13609.66	6.426
13614.67	6.424
13619.69	6.422
13624.70	6.420
13629.71	6.418
13634.72	6.416
13639.73	6.414
13644.75	6.412
13649.76	6.410
13654.77	6.408
13659.78	6.406
13664.79	6.404
13669.80	6.402
13674.82	6.400
13679.83	6.398
13684.84	6.397
13689.85	6.395
13694.86	6.393
13699.87	6.391
13704.89	6.389
13709.90	6.387
13714.91	6.384
13719.92	6.382
13724.93	6.380
13729.94	6.378
13734.96	6.376
13739.97	6.374
13744.98	6.372
13749.99	6.370
13755.00	6.368
13760.01	6.366
13765.02	6.364
13770.04	6.362
13775.05	6.360
13780.06	6.358
13785.07	6.356
13790.08	6.354
13795.09	6.351
13800.10	6.349
13805.11	6.347
13810.12	6.345
13815.14	6.343
13820.15	6.341
13825.16	6.339
13830.17	6.336
13835.18	6.334
13840.19	6.332
13845.21	6.330
13850.22	6.328
13855.23	6.326
13860.24	6.323
13865.25	6.321
13870.26	6.319
13875.28	6.317
13880.29	6.314
13885.30	6.312
13890.31	6.310
13895.33	6.308
13900.34	6.306
13905.36	6.304
13910.37	6.301
13915.39	6.299
13920.40	6.297
13925.41	6.295
13930.42	6.292
13935.44	6.290
13940.45	6.288
13945.46	6.285
13950.47	6.283
13955.48	6.281
13960.49	6.279
13965.51	6.276
13970.52	6.274
13975.54	6.272
13980.55	6.269
13985.57	6.267
13990.58	6.265
13995.59	6.263
14000.61	6.260
14005.62	6.258
14010.64	6.256
14015.65	6.253
14020.67	6.251
14025.68	6.249
14030.70	6.246
14035.71	6.244
14040.72	6.242
14045.73	6.240
14050.74	6.237
14055.75	6.235
14060.77	6.232
14065.78	6.230
14070.79	6.228
14075.80	6.225
14080.81	6.223
14085.82	6.221
14090.83	6.218
14095.85	6.216
14100.86	6.214
14105.88	6.211
14110.89	6.209
14115.91	6.207
14120.92	6.204
14125.93	6.202
14130.95	6.200
14135.96	6.197
14140.98	6.195
14145.99	6.193
14151.01	6.190
14156.02	6.188
14161.04	6.186
14166.05	6.183
14171.06	6.181
14176.07	6.179
14181.08	6.176
14186.09	6.174
14191.10	6.172
14196.12	6.169
14201.13	6.167
14206.14	6.165
14211.15	6.162
14216.16	6.160
14221.17	6.158
14226.19	6.155
14231.20	6.153
14236.21	6.151
14241.22	6.148
14246.23	6.146
14251.24	6.144
14256.26	6.141
14261.27	6.139
14266.28	6.137
14271.29	6.135
14276.30	6.132
14281.31	6.130
14286.32	6.127
14291.34	6.125
14296.35	6.123
14301.36	6.121
14306.37	6.118
14311.38	6.116
14316.39	6.114
14321.41	6.111
14326.42	6.109
14331.43	6.107
14336.44	6.105
14341.45	6.102
14346.46	6.100
14351.48	6.098
14356.49	6.095
14361.50	6.093
14366.51	6.091
14371.52	6.089
14376.53	6.086
14381.55	6.084
14386.56	6.082
14391.57	6.079
14396.58	6.077
14401.59	6.075
14406.60	6.073
14411.62	6.070
14416.63	6.068
14421.64	6.066
14426.65	6.064
14431.66	6.061
14436.67	6.059
14441.68	6.057
14446.70	6.054
14451.71	6.052
14456.72	6.050
14461.73	6.048
14466.74	6.045
14471.75	6.043
14476.77	6.041
14481.78	6.038
14486.79	6.037
14491.80	6.034
14496.81	6.032
14501.82	6.030
14506.83	6.027
14511.85	6.025
14516.86	6.023
14521.87	6.021
14526.88	6.019
14531.89	6.017
14536.90	6.014
14541.92	6.012
14546.93	6.010
14551.94	6.008
14556.95	6.005
14561.96	6.003
14566.97	6.001
14571.99	5.999
14577.00	5.997
14582.02	5.994
14587.03	5.992
14592.04	5.990
14597.05	5.988
14602.05	5.986
14607.06	5.984
14612.07	5.981
14617.08	5.979
14622.09	5.977
14627.10	5.975
14632.11	5.973
