2.51	7.893
7.52	7.893
12.53	7.894
17.54	7.894
22.55	7.894
27.56	7.894
32.58	7.894
37.59	7.893
42.60	7.893
47.61	7.893
52.62	7.893
57.63	7.893
62.64	7.675
67.66	7.681
72.67	7.685
77.68	7.688
82.69	7.690
87.70	7.690
92.71	7.691
97.73	7.692
102.74	7.692
107.75	7.692
112.76	7.692
117.77	7.692
122.78	7.692
127.80	7.691
132.81	7.691
137.82	7.691
142.83	7.690
147.84	7.690
152.86	7.689
157.87	7.689
162.88	7.688
167.90	7.688
172.91	7.688
177.92	7.688
182.93	7.687
187.94	7.687
192.95	7.687
197.97	7.686
202.98	7.686
207.99	7.686
213.00	7.685
218.01	7.685
223.02	7.685
228.04	7.684
233.05	7.684
238.06	7.684
243.07	7.684
248.08	7.684
253.09	7.683
258.10	7.683
263.12	7.682
268.13	7.682
273.14	7.682
278.15	7.682
283.16	7.682
288.17	7.681
293.19	7.681
298.20	7.681
303.21	7.680
308.22	7.680
313.23	7.680
318.24	7.679
323.26	7.679
328.27	7.679
333.28	7.679
338.29	7.679
343.30	7.679
348.31	7.678
353.32	7.678
358.34	7.678
363.35	7.677
368.36	7.677
373.37	7.677
378.38	7.677
383.39	7.676
388.41	7.676
393.42	7.676
398.43	7.676
403.44	7.676
408.45	7.675
413.46	7.675
418.48	7.675
423.49	7.675
428.50	7.674
433.51	7.674
438.52	7.674
443.53	7.673
448.54	7.673
453.56	7.673
458.57	7.673
463.58	7.672
468.59	7.672
473.60	7.672
478.61	7.672
483.62	7.671
488.64	7.671
493.65	7.671
498.66	7.671
503.67	7.670
508.68	7.670
513.69	7.670
518.71	7.670
523.72	7.669
528.73	7.669
533.74	7.669
538.76	7.668
543.77	7.669
548.78	7.668
553.79	7.668
558.81	7.668
563.83	7.668
568.84	7.667
573.85	7.667
578.86	7.667
583.87	7.667
588.88	7.666
593.89	7.666
598.91	7.666
603.92	7.666
608.93	7.665
613.94	7.665
618.95	7.665
623.96	7.665
628.97	7.664
633.99	7.664
639.00	7.664
644.01	7.664
649.02	7.664
654.03	7.663
659.04	7.663
664.06	7.663
669.07	7.662
674.08	7.662
679.09	7.662
684.10	7.662
689.11	7.662
694.13	7.661
699.14	7.661
704.15	7.661
709.16	7.661
714.17	7.660
719.18	7.660
724.20	7.660
729.21	7.660
734.22	7.659
739.23	7.659
744.24	7.659
749.25	7.659
754.27	7.659
759.28	7.658
764.30	7.658
769.31	7.658
774.33	7.657
779.34	7.657
784.35	7.657
789.36	7.657
794.37	7.657
799.38	7.657
804.39	7.656
809.41	7.656
814.42	7.656
819.43	7.655
824.44	7.655
829.45	7.655
834.46	7.655
839.48	7.654
844.49	7.654
849.50	7.654
854.51	7.654
859.52	7.654
864.53	7.653
869.54	7.653
874.56	7.653
879.57	7.653
884.58	7.653
889.59	7.652
894.60	7.652
899.61	7.652
904.63	7.652
909.64	7.651
914.65	7.651
919.66	7.651
924.67	7.651
929.68	7.651
934.70	7.651
939.71	7.650
944.72	7.650
949.73	7.650
954.74	7.650
959.75	7.649
964.77	7.649
969.78	7.649
974.79	7.649
979.80	7.648
984.81	7.648
989.82	7.648
994.83	7.648
999.85	7.647
1004.86	7.647
1009.87	7.647
1014.88	7.647
1019.89	7.646
1024.90	7.646
1029.92	7.646
1034.93	7.646
1039.94	7.646
1044.95	7.645
1049.96	7.645
1054.97	7.645
1059.99	7.645
1065.00	7.645
1070.01	7.644
1075.02	7.644
1080.03	7.644
1085.04	7.644
1090.06	7.644
1095.07	7.644
1100.08	7.643
1105.09	7.643
1110.10	7.643
1115.11	7.643
1120.12	7.642
1125.14	7.642
1130.15	7.642
1135.16	7.642
1140.17	7.641
1145.18	7.641
1150.20	7.641
1155.21	7.641
1160.22	7.640
1165.24	7.640
1170.25	7.640
1175.27	7.640
1180.28	7.640
1185.29	7.639
1190.30	7.639
1195.31	7.639
1200.32	7.639
1205.34	7.639
1210.35	7.638
1215.36	7.638
1220.37	7.638
1225.38	7.638
1230.39	7.638
1235.41	7.637
1240.42	7.637
1245.43	7.637
1250.44	7.637
1255.45	7.636
1260.46	7.636
1265.48	7.636
1270.49	7.636
1275.50	7.636
1280.51	7.635
1285.52	7.635
1290.53	7.635
1295.54	7.635
1300.56	7.635
1305.57	7.634
1310.58	7.634
1315.59	7.634
1320.60	7.634
1325.61	7.634
1330.63	7.633
1335.64	7.633
1340.65	7.633
1345.66	7.633
1350.67	7.632
1355.68	7.632
1360.70	7.632
1365.71	7.632
1370.72	7.632
1375.74	7.631
1380.75	7.631
1385.76	7.631
1390.78	7.631
1395.79	7.630
1400.80	7.630
1405.81	7.630
1410.82	7.630
1415.83	7.629
1420.85	7.629
1425.86	7.629
1430.87	7.629
1435.89	7.629
1440.90	7.629
1445.91	7.628
1450.92	7.628
1455.93	7.628
1460.94	7.628
1465.96	7.627
1470.97	7.627
1475.98	7.627
1480.99	7.627
1486.00	7.627
1491.01	7.627
1496.03	7.626
1501.04	7.626
1506.05	7.626
1511.06	7.625
1516.07	7.625
1521.08	7.625
1526.09	7.625
1531.11	7.625
1536.12	7.624
1541.13	7.624
1546.14	7.624
1551.15	7.624
1556.16	7.624
1561.18	7.623
1566.19	7.623
1571.20	7.623
1576.21	7.623
1581.22	7.622
1586.23	7.622
1591.25	7.622
1596.26	7.622
1601.28	7.622
1606.29	7.622
1611.30	7.621
1616.31	7.621
1621.32	7.621
1626.33	7.621
1631.35	7.620
1636.36	7.620
1641.37	7.620
1646.38	7.620
1651.39	7.620
1656.40	7.620
1661.41	7.619
1666.43	7.619
1671.44	7.619
1676.45	7.618
1681.46	7.618
1686.47	7.618
1691.48	7.618
1696.50	7.617
1701.51	7.617
1706.52	7.617
1711.53	7.617
1716.54	7.617
1721.55	7.617
1726.57	7.616
1731.58	7.616
1736.59	7.616
1741.60	7.616
1746.61	7.615
1751.62	7.615
1756.64	7.615
1761.65	7.615
1766.66	7.615
1771.67	7.614
1776.68	7.614
1781.69	7.614
1786.71	7.614
1791.72	7.614
1796.74	7.613
1801.75	7.613
1806.77	7.613
1811.78	7.613
1816.79	7.612
1821.80	7.612
1826.81	7.612
1831.82	7.612
1836.84	7.612
1841.85	7.611
1846.86	7.611
1851.87	7.611
1856.88	7.611
1861.89	7.611
1866.90	7.610
1871.92	7.610
1876.93	7.610
1881.94	7.610
1886.95	7.609
1891.96	7.609
1896.97	7.609
1901.99	7.609
1907.00	7.609
1912.01	7.608
1917.02	7.608
1922.03	7.608
1927.04	7.608
1932.06	7.607
1937.07	7.607
1942.08	7.607
1947.09	7.607
1952.10	7.607
1957.11	7.607
1962.13	7.606
1967.14	7.606
1972.15	7.606
1977.16	7.606
1982.17	7.606
1987.18	7.605
1992.20	7.605
1997.21	7.605
2002.22	7.605
2007.23	7.604
2012.25	7.604
2017.26	7.604
2022.28	7.604
2027.29	7.603
2032.30	7.603
2037.31	7.603
2042.32	7.603
2047.34	7.603
2052.35	7.603
2057.36	7.602
2062.37	7.602
2067.38	7.602
2072.39	7.602
2077.40	7.601
2082.42	7.601
2087.43	7.601
2092.44	7.600
2097.45	7.600
2102.46	7.600
2107.47	7.600
2112.49	7.600
2117.50	7.599
2122.51	7.599
2127.52	7.599
2132.53	7.599
2137.54	7.599
2142.56	7.598
2147.57	7.598
2152.58	7.598
2157.59	7.597
2162.60	7.598
2167.61	7.597
2172.62	7.597
2177.64	7.597
2182.65	7.597
2187.66	7.597
2192.67	7.596
2197.68	7.596
2202.69	7.596
2207.71	7.596
2212.72	7.595
2217.73	7.595
2222.74	7.595
2227.76	7.595
2232.77	7.595
2237.79	7.594
2242.80	7.594
2247.81	7.594
2252.82	7.594
2257.83	7.593
2262.84	7.593
2267.85	7.593
2272.87	7.593
2277.88	7.593
2282.89	7.592
2287.90	7.592
2292.91	7.592
2297.92	7.592
2302.94	7.592
2307.95	7.591
2312.96	7.591
2317.97	7.591
2322.98	7.591
2327.99	7.590
2333.01	7.590
2338.02	7.590
2343.03	7.590
2348.04	7.590
2353.05	7.589
2358.06	7.589
2363.07	7.589
2368.08	7.589
2373.10	7.588
2378.11	7.588
2383.12	7.588
2388.13	7.588
2393.14	7.588
2398.15	7.587
2403.17	7.587
2408.18	7.587
2413.19	7.587
2418.20	7.587
2423.21	7.586
2428.22	7.586
2433.23	7.586
2438.24	7.586
2443.26	7.586
2448.27	7.585
2453.28	7.585
2458.29	7.585
2463.30	7.585
2468.31	7.584
2473.33	7.584
2478.34	7.584
2483.35	7.584
2488.36	7.583
2493.37	7.583
2498.38	7.583
2503.40	7.583
2508.41	7.583
2513.42	7.582
2518.43	7.582
2523.44	7.582
2528.45	7.582
2533.47	7.582
2538.48	7.581
2543.49	7.581
2548.50	7.581
2553.51	7.581
2558.52	7.580
2563.54	7.580
2568.55	7.580
2573.56	7.580
2578.57	7.579
2583.58	7.579
2588.59	7.579
2593.60	7.579
2598.62	7.579
2603.63	7.578
2608.64	7.578
2613.65	7.578
2618.66	7.578
2623.68	7.578
2628.69	7.577
2633.71	7.577
2638.72	7.577
2643.73	7.576
2648.74	7.576
2653.75	7.576
2658.76	7.576
2663.78	7.576
2668.79	7.575
2673.80	7.575
2678.81	7.575
2683.82	7.575
2688.83	7.574
2693.84	7.574
2698.86	7.574
2703.87	7.574
2708.88	7.574
2713.89	7.573
2718.90	7.573
2723.91	7.573
2728.93	7.573
2733.94	7.572
2738.95	7.572
2743.96	7.572
2748.97	7.572
2753.98	7.571
2758.99	7.571
2764.01	7.571
2769.02	7.571
2774.03	7.571
2779.04	7.570
2784.05	7.570
2789.06	7.570
2794.08	7.570
2799.09	7.569
2804.10	7.569
2809.11	7.569
2814.12	7.569
2819.13	7.569
2824.14	7.568
2829.16	7.568
2834.17	7.568
2839.18	7.568
2844.20	7.567
2849.21	7.567
2854.22	7.567
2859.24	7.567
2864.25	7.567
2869.26	7.567
2874.27	7.566
2879.28	7.566
2884.29	7.566
2889.30	7.565
2894.32	7.565
2899.33	7.565
2904.34	7.565
2909.35	7.564
2914.36	7.564
2919.37	7.564
2924.39	7.564
2929.40	7.563
2934.41	7.563
2939.42	7.563
2944.43	7.563
2949.44	7.563
2954.45	7.562
2959.47	7.562
2964.48	7.562
2969.49	7.562
2974.50	7.561
2979.51	7.561
2984.52	7.561
2989.54	7.561
2994.55	7.560
2999.56	7.560
3004.57	7.560
3009.58	7.560
3014.59	7.559
3019.61	7.559
3024.62	7.559
3029.63	7.559
3034.64	7.559
3039.65	7.559
3044.67	7.558
3049.68	7.558
3054.70	7.558
3059.71	7.557
3064.72	7.557
3069.73	7.557
3074.74	7.557
3079.75	7.557
3084.77	7.556
3089.78	7.556
3094.79	7.556
3099.80	7.555
3104.81	7.555
3109.82	7.555
3114.84	7.555
3119.85	7.554
3124.86	7.554
3129.87	7.554
3134.88	7.554
3139.89	7.554
3144.91	7.553
3149.92	7.553
3154.93	7.553
3159.94	7.553
3164.95	7.552
3169.96	7.552
3174.98	7.552
3179.99	7.552
3185.00	7.551
3190.01	7.551
3195.02	7.551
3200.03	7.551
3205.04	7.550
3210.06	7.550
3215.07	7.550
3220.08	7.550
3225.09	7.549
3230.10	7.549
3235.11	7.549
3240.13	7.548
3245.14	7.548
3250.15	7.548
3255.16	7.548
3260.18	7.548
3265.19	7.547
3270.21	7.547
3275.22	7.547
3280.23	7.547
3285.24	7.546
3290.25	7.546
3295.26	7.546
3300.28	7.546
3305.29	7.545
3310.30	7.545
3315.31	7.545
3320.32	7.545
3325.33	7.544
3330.35	7.544
3335.36	7.544
3340.37	7.544
3345.38	7.543
3350.39	7.543
3355.40	7.543
3360.42	7.543
3365.43	7.543
3370.44	7.542
3375.45	7.542
3380.46	7.542
3385.47	7.541
3390.48	7.541
3395.50	7.541
3400.51	7.541
3405.52	7.540
3410.53	7.540
3415.54	7.540
3420.55	7.540
3425.57	7.540
3430.58	7.539
3435.59	7.539
3440.60	7.539
3445.61	7.538
3450.62	7.538
3455.63	7.538
3460.65	7.538
3465.66	7.538
3470.68	7.537
3475.69	7.537
3480.71	7.537
3485.72	7.536
3490.73	7.536
3495.74	7.536
3500.75	7.536
3505.77	7.535
3510.78	7.535
3515.79	7.535
3520.80	7.535
3525.81	7.535
3530.82	7.534
3535.84	7.534
3540.85	7.534
3545.86	7.534
3550.87	7.533
3555.88	7.533
3560.89	7.533
3565.90	7.533
3570.92	7.532
3575.93	7.532
3580.94	7.532
3585.95	7.532
3590.96	7.531
3595.97	7.531
3600.99	7.531
3606.00	7.531
3611.01	7.530
3616.02	7.530
3621.03	7.530
3626.04	7.529
3631.06	7.529
3636.07	7.529
3641.08	7.528
3646.09	7.528
3651.10	7.528
3656.11	7.528
3661.12	7.528
3666.14	7.527
3671.15	7.527
3676.16	7.527
3681.17	7.527
3686.19	7.526
3691.20	7.526
3696.22	7.526
3701.23	7.526
3706.24	7.525
3711.26	7.525
3716.27	7.525
3721.28	7.524
3726.29	7.524
3731.30	7.524
3736.31	7.524
3741.33	7.523
3746.34	7.523
3751.35	7.523
3756.36	7.523
3761.37	7.523
3766.38	7.522
3771.39	7.522
3776.41	7.522
3781.42	7.522
3786.43	7.521
3791.44	7.521
3796.45	7.521
3801.46	7.521
3806.48	7.520
3811.49	7.520
3816.50	7.520
3821.51	7.520
3826.52	7.519
3831.53	7.519
3836.54	7.519
3841.56	7.519
3846.57	7.519
3851.58	7.518
3856.59	7.518
3861.60	7.518
3866.61	7.517
3871.62	7.517
3876.64	7.517
3881.65	7.517
3886.66	7.516
3891.67	7.516
3896.68	7.516
3901.69	7.516
3906.71	7.515
3911.72	7.515
3916.73	7.515
3921.74	7.515
3926.75	7.514
3931.76	7.514
3936.77	7.514
3941.78	7.513
3946.80	7.513
3951.81	7.513
3956.82	7.513
3961.83	7.513
3966.84	7.512
3971.85	7.512
3976.86	7.512
3981.88	7.511
3986.89	7.511
3991.90	7.511
3996.91	7.511
4001.92	7.511
4006.93	7.510
4011.95	7.510
4016.96	7.510
4021.97	7.510
4026.98	7.509
4031.99	7.509
4037.00	7.509
4042.02	7.508
4047.03	7.509
4052.04	7.508
4057.05	7.508
4062.06	7.507
4067.08	7.507
4072.09	7.507
4077.10	7.507
4082.11	7.506
4087.12	7.506
4092.13	7.506
4097.14	7.505
4102.16	7.505
4107.17	7.505
4112.18	7.505
4117.19	7.505
4122.20	7.504
4127.21	7.504
4132.23	7.504
4137.24	7.503
4142.25	7.503
4147.26	7.503
4152.27	7.503
4157.28	7.503
4162.30	7.502
4167.31	7.502
4172.32	7.502
4177.33	7.502
4182.34	7.501
4187.35	7.501
4192.37	7.501
4197.38	7.501
4202.39	7.500
4207.40	7.500
4212.41	7.500
4217.42	7.500
4222.43	7.499
4227.45	7.499
4232.46	7.499
4237.47	7.498
4242.48	7.498
4247.49	7.498
4252.51	7.498
4257.52	7.498
4262.53	7.497
4267.55	7.497
4272.56	7.497
4277.58	7.496
4282.59	7.496
4287.60	7.496
4292.61	7.496
4297.62	7.496
4302.63	7.495
4307.65	7.495
4312.66	7.495
4317.67	7.495
4322.68	7.494
4327.69	7.494
4332.70	7.494
4337.72	7.493
4342.73	7.493
4347.74	7.493
4352.75	7.493
4357.76	7.493
4362.77	7.492
4367.79	7.492
4372.80	7.492
4377.81	7.492
4382.82	7.491
4387.83	7.491
4392.84	7.491
4397.86	7.491
4402.87	7.490
4407.88	7.490
4412.89	7.490
4417.90	7.490
4422.91	7.489
4427.92	7.489
4432.94	7.489
4437.95	7.488
4442.96	7.488
4447.97	7.488
4452.98	7.488
4457.99	7.488
4463.01	7.487
4468.02	7.487
4473.03	7.487
4478.05	7.487
4483.06	7.486
4488.08	7.486
4493.09	7.486
4498.10	7.485
4503.11	7.485
4508.13	7.485
4513.14	7.485
4518.15	7.485
4523.16	7.484
4528.17	7.484
4533.18	7.484
4538.19	7.483
4543.21	7.483
4548.22	7.483
4553.23	7.482
4558.24	7.482
4563.25	7.482
4568.26	7.482
4573.28	7.482
4578.29	7.481
4583.30	7.481
4588.31	7.481
4593.32	7.480
4598.33	7.480
4603.35	7.480
4608.36	7.480
4613.37	7.479
4618.38	7.479
4623.39	7.479
4628.40	7.478
4633.42	7.478
4638.43	7.478
4643.44	7.478
4648.45	7.477
4653.46	7.477
4658.47	7.477
4663.48	7.476
4668.49	7.476
4673.51	7.476
4678.52	7.476
4683.53	7.476
4688.54	7.475
4693.56	7.475
4698.57	7.475
4703.59	7.474
4708.60	7.474
4713.61	7.474
4718.62	7.474
4723.63	7.473
4728.64	7.473
4733.65	7.473
4738.67	7.472
4743.68	7.472
4748.69	7.472
4753.70	7.472
4758.71	7.472
4763.72	7.471
4768.74	7.471
4773.75	7.471
4778.76	7.470
4783.77	7.470
4788.78	7.470
4793.79	7.469
4798.80	7.469
4803.82	7.469
4808.83	7.469
4813.84	7.469
4818.85	7.469
4823.86	7.468
4828.87	7.468
4833.89	7.467
4838.90	7.467
4843.91	7.467
4848.92	7.467
4853.93	7.466
4858.94	7.466
4863.96	7.466
4868.97	7.465
4873.98	7.465
4878.99	7.465
4884.00	7.464
4889.01	7.464
4894.03	7.464
4899.04	7.464
4904.05	7.464
4909.07	7.463
4914.08	7.463
4919.10	7.463
4924.11	7.462
4929.12	7.462
4934.13	7.462
4939.14	7.462
4944.15	7.461
4949.17	7.461
4954.18	7.461
4959.19	7.461
4964.20	7.460
4969.21	7.460
4974.22	7.460
4979.24	7.460
4984.25	7.459
4989.26	7.459
4994.27	7.458
4999.28	7.458
5004.29	7.458
5009.31	7.458
5014.32	7.458
5019.33	7.457
5024.34	7.457
5029.35	7.457
5034.36	7.456
5039.38	7.456
5044.39	7.456
5049.40	7.456
5054.41	7.455
5059.42	7.455
5064.43	7.455
5069.44	7.454
5074.46	7.454
5079.47	7.454
5084.48	7.454
5089.49	7.453
5094.50	7.453
5099.51	7.453
5104.53	7.452
5109.54	7.452
5114.55	7.452
5119.57	7.452
5124.58	7.452
5129.59	7.451
5134.60	7.451
5139.61	7.451
5144.62	7.450
5149.63	7.450
5154.65	7.450
5159.66	7.450
5164.67	7.449
5169.68	7.449
5174.69	7.449
5179.70	7.449
5184.72	7.448
5189.73	7.448
5194.74	7.448
5199.75	7.447
5204.76	7.447
5209.77	7.447
5214.79	7.447
5219.80	7.446
5224.81	7.446
5229.82	7.446
5234.83	7.445
5239.84	7.445
5244.86	7.445
5249.87	7.445
5254.88	7.444
5259.89	7.444
5264.90	7.444
5269.91	7.444
5274.92	7.443
5279.94	7.443
5284.95	7.443
5289.96	7.443
5294.97	7.442
5299.98	7.442
5304.99	7.442
5310.01	7.441
5315.02	7.441
5320.03	7.441
5325.05	7.441
5330.06	7.440
5335.07	7.440
5340.08	7.440
5345.09	7.439
5350.10	7.439
5355.11	7.439
5360.13	7.439
5365.14	7.439
5370.15	7.438
5375.16	7.438
5380.17	7.438
5385.18	7.437
5390.20	7.437
5395.21	7.437
5400.22	7.437
5405.23	7.437
5410.24	7.436
5415.25	7.436
5420.26	7.436
5425.28	7.435
5430.29	7.435
5435.30	7.435
5440.31	7.435
5445.32	7.434
5450.33	7.434
5455.35	7.434
5460.36	7.433
5465.37	7.433
5470.38	7.433
5475.39	7.433
5480.40	7.432
5485.41	7.432
5490.43	7.432
5495.44	7.432
5500.45	7.432
5505.46	7.431
5510.48	7.431
5515.49	7.431
5520.51	7.431
5525.52	7.431
5530.53	7.430
5535.54	7.430
5540.56	7.430
5545.57	7.429
5550.58	7.429
5555.59	7.429
5560.60	7.429
5565.61	7.428
5570.63	7.428
5575.64	7.428
5580.65	7.428
5585.66	7.427
5590.67	7.427
5595.68	7.427
5600.69	7.427
5605.71	7.427
5610.72	7.426
5615.73	7.426
5620.74	7.426
5625.75	7.426
5630.76	7.425
5635.78	7.425
5640.79	7.425
5645.80	7.424
5650.81	7.424
5655.82	7.424
5660.83	7.424
5665.85	7.424
5670.86	7.424
5675.87	7.423
5680.88	7.423
5685.89	7.423
5690.90	7.423
5695.91	7.423
5700.93	7.422
5705.94	7.422
5710.95	7.422
5715.96	7.422
5720.97	7.422
5725.99	7.421
5731.00	7.421
5736.01	7.421
5741.03	7.421
5746.04	7.421
5751.05	7.420
5756.06	7.420
5761.07	7.420
5766.08	7.420
5771.09	7.420
5776.11	7.419
5781.12	7.419
5786.13	7.419
5791.14	7.419
5796.15	7.419
5801.16	7.418
5806.18	7.418
5811.19	7.418
5816.20	7.418
5821.21	7.418
5826.22	7.417
5831.23	7.417
5836.25	7.417
5841.26	7.417
5846.27	7.417
5851.28	7.416
5856.29	7.416
5861.30	7.416
5866.31	7.416
5871.33	7.416
5876.34	7.416
5881.35	7.415
5886.36	7.415
5891.37	7.415
5896.38	7.415
5901.40	7.415
5906.41	7.414
5911.42	7.414
5916.43	7.414
5921.44	7.414
5926.45	7.414
5931.47	7.413
5936.48	7.413
5941.49	7.413
5946.51	7.413
5951.52	7.413
5956.53	7.412
5961.55	7.413
5966.56	7.413
5971.57	7.412
5976.58	7.412
5981.59	7.412
5986.60	7.411
5991.61	7.411
5996.63	7.411
6001.64	7.411
6006.65	7.411
6011.66	7.411
6016.67	7.410
6021.68	7.410
6026.70	7.410
6031.71	7.410
6036.72	7.410
6041.73	7.410
6046.74	7.410
6051.75	7.409
6056.77	7.409
6061.78	7.409
6066.79	7.409
6071.80	7.409
6076.81	7.408
6081.82	7.408
6086.83	7.408
6091.85	7.408
6096.86	7.408
6101.87	7.408
6106.88	7.408
6111.89	7.408
6116.90	7.407
6121.92	7.407
6126.93	7.407
6131.94	7.407
6136.95	7.407
6141.96	7.407
6146.97	7.406
6151.99	7.406
6157.00	7.406
6162.02	7.406
6167.03	7.406
6172.04	7.406
6177.05	7.405
6182.06	7.405
6187.08	7.405
6192.09	7.405
6197.10	7.405
6202.11	7.405
6207.12	7.405
6212.13	7.404
6217.15	7.404
6222.16	7.404
6227.17	7.404
6232.18	7.404
6237.19	7.404
6242.20	7.403
6247.22	7.403
6252.23	7.403
6257.24	7.403
6262.25	7.403
6267.26	7.403
6272.27	7.403
6277.28	7.402
6282.30	7.402
6287.31	7.402
6292.32	7.402
6297.33	7.402
6302.34	7.402
6307.35	7.402
6312.36	7.402
6317.38	7.401
6322.39	7.401
6327.40	7.401
6332.41	7.401
6337.42	7.401
6342.43	7.401
6347.44	7.401
6352.46	7.400
6357.47	7.400
6362.49	7.400
6367.50	7.400
6372.51	7.400
6377.52	7.400
6382.53	7.400
6387.54	7.400
6392.56	7.399
6397.57	7.400
6402.59	7.399
6407.60	7.399
6412.62	7.399
6417.63	7.399
6422.64	7.399
6427.66	7.399
6432.67	7.398
6437.68	7.398
6442.70	7.398
6447.72	7.398
6452.73	7.398
6457.75	7.398
6462.76	7.398
6467.78	7.398
6472.79	7.397
6477.80	7.397
6482.82	7.397
6487.83	7.397
6492.85	7.397
6497.86	7.397
6502.88	7.397
6507.89	7.396
6512.91	7.397
6517.92	7.396
6522.93	7.396
6527.95	7.396
6532.96	7.396
6537.98	7.396
6542.99	7.396
6548.00	7.395
6553.02	7.395
6558.03	7.395
6563.05	7.395
6568.06	7.395
6573.07	7.395
6578.09	7.395
6583.10	7.395
6588.11	7.395
6593.13	7.395
6598.14	7.395
6603.16	7.394
6608.17	7.394
6613.18	7.394
6618.20	7.394
6623.22	7.394
6628.23	7.394
6633.24	7.394
6638.26	7.394
6643.27	7.393
6648.29	7.393
6653.31	7.393
6658.32	7.393
6663.33	7.393
6668.35	7.393
6673.36	7.393
6678.38	7.392
6683.39	7.392
6688.40	7.392
6693.42	7.392
6698.43	7.392
6703.45	7.392
6708.46	7.392
6713.48	7.392
6718.49	7.392
6723.51	7.392
6728.52	7.392
6733.53	7.391
6738.55	7.392
6743.56	7.391
6748.58	7.391
6753.59	7.391
6758.61	7.391
6763.62	7.391
6768.63	7.391
6773.65	7.390
6778.67	7.390
6783.68	7.390
6788.69	7.390
6793.71	7.390
6798.72	7.390
6803.74	7.390
6808.75	7.390
6813.76	7.390
6818.78	7.389
6823.79	7.389
6828.81	7.389
6833.82	7.389
6838.84	7.389
6843.85	7.389
6848.86	7.389
6853.88	7.389
6858.89	7.389
6863.91	7.389
6868.92	7.389
6873.94	7.388
6878.95	7.388
6883.97	7.388
6888.98	7.388
6894.00	7.388
6899.01	7.388
6904.02	7.388
6909.04	7.388
6914.06	7.388
6919.07	7.387
6924.08	7.388
6929.10	7.387
6934.11	7.387
6939.13	7.387
6944.14	7.387
6949.16	7.387
6954.17	7.387
6959.18	7.387
6964.20	7.387
6969.21	7.386
6974.23	7.386
6979.24	7.386
6984.26	7.386
6989.27	7.386
6994.28	7.386
6999.30	7.386
7004.31	7.386
7009.33	7.386
7014.34	7.386
7019.36	7.385
7024.37	7.385
7029.38	7.385
7034.40	7.385
7039.41	7.385
7044.43	7.385
7049.44	7.385
7054.45	7.385
7059.47	7.385
7064.48	7.384
7069.50	7.384
7074.51	7.384
7079.53	7.384
7084.54	7.384
7089.56	7.384
7094.57	7.384
7099.59	7.384
7104.60	7.384
7109.61	7.384
7114.63	7.384
7119.64	7.383
7124.66	7.383
7129.67	7.383
7134.69	7.383
7139.70	7.383
7144.72	7.383
7149.73	7.383
7154.75	7.383
7159.76	7.383
7164.77	7.383
7169.79	7.383
7174.80	7.382
7179.82	7.382
7184.83	7.382
7189.85	7.382
7194.86	7.382
7199.88	7.382
7204.89	7.382
7209.91	7.382
7214.92	7.382
7219.94	7.382
7224.95	7.382
7229.97	7.382
7234.98	7.381
7239.99	7.381
7245.01	7.381
7250.02	7.381
7255.04	7.381
7260.05	7.381
7265.07	7.381
7270.08	7.381
7275.09	7.381
7280.11	7.381
7285.12	7.381
7290.14	7.380
7295.15	7.380
7300.16	7.380
7305.18	7.380
7310.20	7.380
7315.21	7.380
7320.22	7.380
7325.24	7.380
7330.25	7.379
7335.26	7.379
7340.28	7.379
7345.29	7.379
7350.31	7.379
7355.32	7.379
7360.34	7.379
7365.36	7.379
7370.37	7.379
7375.38	7.379
7380.40	7.378
7385.41	7.378
7390.43	7.378
7395.44	7.378
7400.46	7.378
7405.47	7.378
7410.49	7.378
7415.50	7.378
7420.52	7.378
7425.53	7.378
7430.55	7.377
7435.56	7.377
7440.58	7.377
7445.59	7.377
7450.61	7.377
7455.62	7.377
7460.63	7.377
7465.65	7.377
7470.66	7.377
7475.68	7.377
7480.69	7.376
7485.71	7.376
7490.72	7.376
7495.73	7.376
7500.75	7.376
7505.76	7.376
7510.78	7.376
7515.79	7.376
7520.80	7.376
7525.82	7.376
7530.83	7.376
7535.85	7.376
7540.86	7.376
7545.88	7.375
7550.89	7.375
7555.91	7.375
7560.92	7.375
7565.93	7.375
7570.95	7.375
7575.96	7.375
7580.98	7.375
7585.99	7.375
7591.01	7.375
7596.02	7.375
7601.04	7.374
7606.05	7.374
7611.07	7.374
7616.08	7.374
7621.09	7.374
7626.11	7.374
7631.12	7.374
7636.13	7.374
7641.15	7.373
7646.16	7.373
7651.17	7.373
7656.18	7.373
7661.19	7.373
7666.20	7.373
7671.21	7.373
7676.23	7.373
7681.24	7.373
7686.25	7.373
7691.26	7.372
7696.28	7.372
7701.29	7.372
7706.31	7.372
7711.32	7.372
7716.33	7.372
7721.35	7.372
7726.37	7.372
7731.38	7.372
7736.40	7.372
7741.41	7.372
7746.42	7.372
7751.44	7.372
7756.45	7.372
7761.47	7.371
7766.48	7.371
7771.49	7.371
7776.51	7.371
7781.52	7.371
7786.54	7.371
7791.56	7.371
7796.57	7.371
7801.58	7.370
7806.60	7.370
7811.61	7.370
7816.62	7.370
7821.63	7.370
7826.64	7.370
7831.65	7.370
7836.67	7.370
7841.68	7.370
7846.69	7.370
7851.70	7.370
7856.71	7.370
7861.72	7.369
7866.73	7.369
7871.75	7.369
7876.76	7.369
7881.77	7.369
7886.78	7.369
7891.79	7.369
7896.80	7.369
7901.82	7.369
7906.83	7.368
7911.84	7.369
7916.85	7.368
7921.86	7.368
7926.88	7.368
7931.89	7.368
7936.91	7.368
7941.92	7.368
7946.94	7.368
7951.95	7.368
7956.97	7.368
7961.98	7.368
7967.00	7.368
7972.01	7.367
7977.03	7.367
7982.04	7.367
7987.05	7.367
7992.06	7.367
7997.07	7.367
8002.08	7.367
8007.10	7.367
8012.11	7.367
8017.12	7.366
8022.13	7.367
8027.14	7.367
8032.15	7.366
8037.17	7.366
8042.18	7.366
8047.19	7.366
8052.20	7.366
8057.21	7.366
8062.22	7.366
8067.24	7.366
8072.25	7.366
8077.26	7.366
8082.27	7.366
8087.28	7.365
8092.29	7.365
8097.30	7.365
8102.32	7.365
8107.33	7.365
8112.34	7.365
8117.35	7.365
8122.36	7.365
8127.37	7.364
8132.38	7.365
8137.40	7.364
8142.41	7.364
8147.42	7.364
8152.43	7.364
8157.44	7.364
8162.45	7.364
8167.47	7.364
8172.48	7.364
8177.49	7.364
8182.50	7.364
8187.51	7.363
8192.52	7.363
8197.54	7.363
8202.55	7.363
8207.57	7.363
8212.58	7.363
8217.60	7.363
8222.61	7.363
8227.63	7.363
8232.64	7.363
8237.66	7.362
8242.67	7.362
8247.68	7.362
8252.70	7.362
8257.71	7.362
8262.73	7.362
8267.74	7.362
8272.75	7.362
8277.76	7.362
8282.78	7.362
8287.79	7.361
8292.80	7.361
8297.81	7.361
8302.82	7.361
8307.83	7.361
8312.85	7.361
8317.86	7.361
8322.87	7.361
8327.89	7.361
8332.90	7.360
8337.92	7.361
8342.93	7.361
8347.95	7.361
8352.96	7.360
8357.97	7.360
8362.99	7.360
8368.00	7.360
8373.01	7.360
8378.03	7.360
8383.05	7.360
8388.06	7.359
8393.08	7.359
8398.09	7.359
8403.10	7.359
8408.12	7.359
8413.13	7.359
8418.15	7.359
8423.16	7.359
8428.17	7.359
8433.18	7.359
8438.19	7.358
8443.20	7.358
8448.22	7.358
8453.23	7.358
8458.24	7.358
8463.25	7.358
8468.26	7.358
8473.27	7.358
8478.29	7.357
8483.30	7.357
8488.31	7.357
8493.32	7.357
8498.33	7.357
8503.34	7.357
8508.36	7.357
8513.37	7.357
8518.38	7.357
8523.39	7.357
8528.40	7.357
8533.41	7.356
8538.42	7.356
8543.44	7.356
8548.45	7.356
8553.46	7.356
8558.47	7.356
8563.48	7.356
8568.49	7.355
8573.50	7.356
8578.52	7.356
8583.53	7.356
8588.54	7.355
8593.55	7.355
8598.57	7.355
8603.58	7.355
8608.60	7.355
8613.61	7.355
8618.62	7.355
8623.64	7.355
8628.65	7.355
8633.67	7.355
8638.68	7.354
8643.70	7.354
8648.72	7.354
8653.73	7.354
8658.75	7.354
8663.76	7.354
8668.77	7.354
8673.78	7.353
8678.80	7.354
8683.81	7.354
8688.83	7.353
8693.84	7.353
8698.86	7.353
8703.87	7.353
8708.88	7.353
8713.89	7.353
8718.91	7.353
8723.92	7.352
8728.93	7.352
8733.94	7.352
8738.95	7.352
8743.96	7.352
8748.98	7.352
8753.99	7.352
8759.00	7.352
8764.02	7.352
8769.03	7.351
8774.05	7.351
8779.06	7.351
8784.07	7.351
8789.09	7.351
8794.10	7.351
8799.12	7.351
8804.13	7.351
8809.14	7.351
8814.15	7.350
8819.16	7.350
8824.17	7.350
8829.19	7.350
8834.20	7.350
8839.21	7.350
8844.22	7.350
8849.23	7.349
8854.25	7.350
8859.27	7.349
8864.28	7.349
8869.29	7.349
8874.30	7.349
8879.32	7.349
8884.33	7.349
8889.34	7.349
8894.35	7.348
8899.37	7.348
8904.38	7.348
8909.40	7.348
8914.41	7.348
8919.43	7.348
8924.44	7.348
8929.46	7.348
8934.47	7.347
8939.49	7.348
8944.50	7.347
8949.51	7.347
8954.53	7.347
8959.55	7.347
8964.56	7.347
8969.58	7.347
8974.59	7.347
8979.60	7.346
8984.61	7.346
8989.62	7.346
8994.63	7.346
8999.65	7.346
9004.66	7.346
9009.67	7.346
9014.69	7.346
9019.70	7.346
9024.72	7.346
9029.73	7.345
9034.74	7.345
9039.75	7.345
9044.76	7.345
9049.77	7.345
9054.78	7.345
9059.80	7.345
9064.81	7.344
9069.82	7.344
9074.83	7.344
9079.84	7.344
9084.85	7.344
9089.87	7.344
9094.88	7.344
9099.89	7.343
9104.90	7.343
9109.91	7.343
9114.92	7.343
9119.93	7.343
9124.95	7.343
9129.97	7.343
9134.98	7.342
9140.00	7.342
9145.01	7.342
9150.03	7.342
9155.04	7.342
9160.06	7.342
9165.07	7.342
9170.09	7.341
9175.10	7.341
9180.11	7.341
9185.13	7.341
9190.14	7.341
9195.15	7.341
9200.16	7.340
9205.17	7.340
9210.18	7.340
9215.20	7.340
9220.21	7.340
9225.22	7.340
9230.23	7.340
9235.24	7.340
9240.25	7.339
9245.26	7.339
9250.28	7.339
9255.29	7.339
9260.30	7.339
9265.31	7.339
9270.32	7.338
9275.33	7.338
9280.35	7.338
9285.36	7.338
9290.37	7.338
9295.38	7.338
9300.39	7.338
9305.40	7.337
9310.41	7.337
9315.43	7.337
9320.44	7.337
9325.45	7.337
9330.46	7.336
9335.47	7.336
9340.48	7.336
9345.50	7.336
9350.51	7.336
9355.52	7.336
9360.53	7.336
9365.54	7.335
9370.55	7.335
9375.56	7.335
9380.58	7.335
9385.59	7.335
9390.60	7.335
9395.61	7.335
9400.62	7.335
9405.63	7.334
9410.65	7.334
9415.66	7.334
9420.67	7.334
9425.68	7.334
9430.69	7.333
9435.70	7.333
9440.71	7.333
9445.73	7.333
9450.74	7.333
9455.75	7.332
9460.76	7.332
9465.77	7.332
9470.78	7.332
9475.79	7.331
9480.81	7.332
9485.82	7.331
9490.83	7.331
9495.84	7.331
9500.85	7.331
9505.86	7.331
9510.87	7.330
9515.89	7.330
9520.90	7.330
9525.91	7.329
9530.92	7.330
9535.93	7.329
9540.94	7.329
9545.96	7.329
9550.97	7.329
9555.98	7.329
9560.99	7.328
9566.00	7.328
9571.01	7.328
9576.02	7.328
9581.04	7.328
9586.05	7.328
9591.06	7.327
9596.08	7.327
9601.09	7.327
9606.10	7.327
9611.12	7.326
9616.13	7.326
9621.15	7.326
9626.16	7.326
9631.18	7.326
9636.19	7.325
9641.20	7.325
9646.22	7.325
9651.23	7.325
9656.24	7.325
9661.25	7.324
9666.26	7.324
9671.27	7.324
9676.29	7.324
9681.30	7.323
9686.31	7.323
9691.32	7.323
9696.33	7.323
9701.34	7.323
9706.36	7.323
9711.37	7.322
9716.38	7.322
9721.39	7.322
9726.40	7.322
9731.41	7.321
9736.42	7.321
9741.43	7.321
9746.45	7.320
9751.46	7.320
9756.47	7.320
9761.48	7.320
9766.49	7.319
9771.50	7.319
9776.51	7.319
9781.53	7.319
9786.54	7.318
9791.55	7.318
9796.56	7.318
9801.57	7.318
9806.58	7.317
9811.60	7.317
9816.61	7.317
9821.62	7.316
9826.63	7.316
9831.64	7.316
9836.65	7.316
9841.66	7.316
9846.68	7.315
9851.69	7.315
9856.70	7.315
9861.71	7.315
9866.72	7.314
9871.73	7.314
9876.75	7.314
9881.76	7.313
9886.77	7.313
9891.78	7.313
9896.79	7.313
9901.80	7.312
9906.81	7.312
9911.83	7.312
9916.84	7.311
9921.85	7.311
9926.86	7.311
9931.87	7.310
9936.88	7.310
9941.90	7.310
9946.91	7.310
9951.92	7.309
9956.93	7.309
9961.94	7.309
9966.95	7.308
9971.97	7.308
9976.98	7.308
9981.99	7.308
9987.00	7.307
9992.01	7.307
9997.03	7.307
10002.04	7.306
10007.05	7.306
10012.07	7.306
10017.09	7.305
10022.10	7.305
10027.11	7.305
10032.13	7.304
10037.14	7.304
10042.15	7.304
10047.16	7.303
10052.18	7.303
10057.19	7.303
10062.20	7.302
10067.21	7.302
10072.22	7.301
10077.24	7.301
10082.25	7.301
10087.26	7.300
10092.28	7.300
10097.29	7.300
10102.31	7.299
10107.32	7.299
10112.33	7.299
10117.35	7.298
10122.36	7.298
10127.38	7.298
10132.39	7.297
10137.41	7.297
10142.42	7.297
10147.43	7.296
10152.45	7.296
10157.46	7.296
10162.47	7.295
10167.48	7.295
10172.49	7.294
10177.50	7.294
10182.52	7.293
10187.53	7.293
10192.54	7.293
10197.55	7.292
10202.56	7.292
10207.57	7.292
10212.58	7.291
10217.59	7.291
10222.61	7.290
10227.62	7.290
10232.63	7.289
10237.64	7.289
10242.65	7.289
10247.66	7.288
10252.68	7.288
10257.69	7.288
10262.70	7.287
10267.71	7.286
10272.72	7.286
10277.73	7.286
10282.75	7.285
10287.76	7.285
10292.77	7.285
10297.78	7.284
10302.79	7.283
10307.80	7.283
10312.81	7.283
10317.83	7.282
10322.84	7.282
10327.85	7.281
10332.86	7.281
10337.87	7.280
10342.88	7.280
10347.90	7.279
10352.91	7.279
10357.92	7.278
10362.93	7.278
10367.94	7.278
10372.95	7.277
10377.96	7.277
10382.98	7.276
10387.99	7.276
10393.00	7.275
10398.01	7.275
10403.02	7.274
10408.03	7.274
10413.04	7.273
10418.06	7.273
10423.07	7.272
10428.08	7.272
10433.09	7.271
10438.10	7.271
10443.11	7.270
10448.13	7.270
10453.14	7.269
10458.15	7.269
10463.16	7.268
10468.17	7.268
10473.18	7.267
10478.19	7.267
10483.21	7.266
10488.22	7.266
10493.23	7.265
10498.24	7.264
10503.25	7.264
10508.26	7.263
10513.28	7.263
10518.29	7.262
10523.30	7.262
10528.31	7.261
10533.32	7.261
10538.33	7.260
10543.35	7.260
10548.36	7.259
10553.37	7.258
10558.38	7.258
10563.39	7.257
10568.40	7.257
10573.41	7.256
10578.43	7.256
10583.44	7.255
10588.45	7.254
10593.46	7.254
10598.47	7.253
10603.48	7.253
10608.50	7.252
10613.51	7.252
10618.52	7.251
10623.53	7.251
10628.54	7.250
10633.55	7.249
10638.56	7.249
10643.58	7.248
10648.59	7.247
10653.60	7.247
10658.61	7.246
10663.62	7.246
10668.63	7.245
10673.65	7.244
10678.66	7.244
10683.67	7.243
10688.68	7.243
10693.69	7.242
10698.70	7.241
10703.72	7.241
10708.73	7.240
10713.74	7.240
10718.75	7.239
10723.76	7.238
10728.77	7.238
10733.78	7.237
10738.80	7.236
10743.81	7.236
10748.82	7.235
10753.83	7.234
10758.84	7.234
10763.85	7.233
10768.87	7.232
10773.88	7.232
10778.89	7.231
10783.90	7.231
10788.91	7.230
10793.92	7.229
10798.93	7.229
10803.95	7.228
10808.96	7.227
10813.97	7.227
10818.98	7.226
10823.99	7.225
10829.00	7.225
10834.02	7.224
10839.03	7.223
10844.04	7.223
10849.05	7.222
10854.06	7.221
10859.07	7.221
10864.08	7.220
10869.10	7.219
10874.11	7.219
10879.12	7.218
10884.13	7.217
10889.14	7.217
10894.15	7.216
10899.17	7.215
10904.18	7.214
10909.19	7.214
10914.20	7.213
10919.21	7.212
10924.22	7.212
10929.23	7.211
10934.25	7.210
10939.26	7.209
10944.27	7.209
10949.28	7.208
10954.29	7.207
10959.30	7.207
10964.31	7.206
10969.33	7.205
10974.34	7.205
10979.35	7.204
10984.36	7.203
10989.37	7.202
10994.38	7.202
10999.39	7.201
11004.41	7.200
11009.42	7.199
11014.43	7.198
11019.44	7.198
11024.45	7.197
11029.46	7.197
11034.48	7.196
11039.49	7.195
11044.50	7.194
11049.51	7.194
11054.52	7.193
11059.53	7.192
11064.55	7.191
11069.56	7.191
11074.57	7.190
11079.58	7.189
11084.59	7.189
11089.60	7.188
11094.61	7.187
11099.63	7.186
11104.64	7.185
11109.65	7.185
11114.66	7.184
11119.67	7.183
11124.68	7.183
11129.70	7.182
11134.71	7.181
11139.72	7.180
11144.73	7.180
11149.74	7.179
11154.75	7.178
11159.76	7.177
11164.78	7.176
11169.79	7.176
11174.80	7.175
11179.81	7.174
11184.82	7.173
11189.83	7.173
11194.85	7.172
11199.86	7.171
11204.87	7.170
11209.88	7.169
11214.89	7.169
11219.90	7.168
11224.91	7.167
11229.93	7.167
11234.94	7.166
11239.95	7.165
11244.96	7.164
11249.97	7.163
11254.98	7.162
11260.00	7.162
11265.01	7.161
11270.02	7.160
11275.03	7.159
11280.04	7.158
11285.05	7.158
11290.06	7.157
11295.08	7.156
11300.09	7.155
11305.10	7.154
11310.11	7.154
11315.12	7.153
11320.13	7.152
11325.15	7.152
11330.16	7.151
11335.17	7.150
11340.18	7.149
11345.19	7.148
11350.20	7.147
11355.22	7.147
11360.23	7.146
11365.24	7.145
11370.25	7.144
11375.26	7.143
11380.27	7.143
11385.28	7.142
11390.30	7.141
11395.31	7.140
11400.32	7.139
11405.33	7.138
11410.34	7.137
11415.35	7.136
11420.37	7.136
11425.38	7.135
11430.39	7.134
11435.40	7.133
11440.41	7.133
11445.43	7.132
11450.44	7.131
11455.45	7.130
11460.46	7.129
11465.47	7.128
11470.48	7.128
11475.49	7.127
11480.51	7.126
11485.52	7.125
11490.53	7.124
11495.54	7.123
11500.55	7.122
11505.56	7.122
11510.58	7.121
11515.59	7.120
11520.60	7.119
11525.61	7.118
11530.62	7.117
11535.63	7.117
11540.64	7.116
11545.66	7.115
11550.67	7.114
11555.68	7.113
11560.69	7.112
11565.70	7.111
11570.71	7.111
11575.73	7.110
11580.74	7.109
11585.75	7.108
11590.76	7.107
11595.77	7.106
11600.78	7.105
11605.79	7.104
11610.81	7.104
11615.82	7.103
11620.83	7.102
11625.84	7.101
11630.85	7.100
11635.86	7.099
11640.88	7.098
11645.89	7.098
11650.90	7.097
11655.91	7.096
11660.92	7.095
11665.93	7.094
11670.95	7.093
11675.96	7.092
11680.97	7.091
11685.98	7.090
11690.99	7.089
11696.00	7.089
11701.02	7.088
11706.03	7.087
11711.04	7.086
11716.05	7.085
11721.06	7.084
11726.07	7.083
11731.09	7.083
11736.10	7.081
11741.11	7.081
11746.12	7.080
11751.13	7.079
11756.14	7.078
11761.16	7.077
11766.17	7.076
11771.18	7.075
11776.19	7.074
11781.20	7.073
11786.21	7.073
11791.22	7.071
11796.24	7.071
11801.25	7.070
11806.27	7.069
11811.28	7.068
11816.30	7.067
11821.31	7.066
11826.32	7.065
11831.33	7.064
11836.34	7.064
11841.35	7.063
11846.37	7.062
11851.39	7.061
11856.40	7.060
11861.41	7.059
11866.43	7.058
11871.44	7.057
11876.46	7.056
11881.47	7.055
11886.49	7.054
11891.50	7.053
11896.51	7.052
11901.53	7.051
11906.54	7.050
11911.56	7.050
11916.57	7.049
11921.58	7.048
11926.59	7.047
11931.60	7.046
11936.61	7.045
11941.63	7.044
11946.64	7.043
11951.65	7.042
11956.66	7.041
11961.67	7.040
11966.68	7.039
11971.70	7.038
11976.71	7.037
11981.72	7.036
11986.74	7.035
11991.75	7.034
11996.76	7.033
12001.78	7.032
12006.79	7.031
12011.80	7.030
12016.81	7.029
12021.82	7.028
12026.84	7.027
12031.85	7.027
12036.86	7.026
12041.88	7.025
12046.89	7.023
12051.91	7.022
12056.92	7.021
12061.94	7.021
12066.95	7.020
12071.97	7.019
12076.98	7.018
12081.99	7.017
12087.00	7.016
12092.01	7.015
12097.02	7.014
12102.04	7.013
12107.05	7.012
12112.07	7.011
12117.08	7.010
12122.10	7.009
12127.11	7.008
12132.13	7.007
12137.14	7.006
12142.15	7.005
12147.17	7.004
12152.18	7.003
12157.19	7.002
12162.21	7.001
12167.22	7.000
12172.24	6.999
12177.25	6.998
12182.27	6.997
12187.28	6.996
12192.29	6.995
12197.30	6.994
12202.32	6.992
12207.33	6.992
12212.34	6.991
12217.35	6.990
12222.36	6.988
12227.38	6.988
12232.39	6.986
12237.40	6.985
12242.41	6.984
12247.42	6.983
12252.43	6.982
12257.45	6.981
12262.46	6.980
12267.47	6.979
12272.48	6.978
12277.50	6.977
12282.51	6.976
12287.53	6.975
12292.54	6.974
12297.56	6.973
12302.57	6.972
12307.58	6.971
12312.59	6.970
12317.60	6.969
12322.62	6.968
12327.63	6.967
12332.64	6.966
12337.65	6.965
12342.67	6.964
12347.68	6.963
12352.70	6.962
12357.71	6.961
12362.73	6.959
12367.74	6.959
12372.75	6.957
12377.77	6.956
12382.78	6.955
12387.79	6.954
12392.80	6.953
12397.81	6.952
12402.82	6.951
12407.84	6.950
12412.85	6.949
12417.86	6.948
12422.88	6.947
12427.89	6.946
12432.90	6.945
12437.92	6.943
12442.93	6.943
12447.94	6.941
12452.96	6.940
12457.97	6.939
12462.99	6.938
12468.00	6.937
12473.02	6.936
12478.03	6.935
12483.04	6.933
12488.06	6.933
12493.07	6.931
12498.08	6.930
12503.10	6.929
12508.11	6.928
12513.12	6.927
12518.13	6.926
12523.14	6.925
12528.15	6.924
12533.16	6.923
12538.18	6.921
12543.19	6.921
12548.20	6.919
12553.21	6.918
12558.22	6.917
12563.23	6.916
12568.24	6.915
12573.26	6.914
12578.27	6.913
12583.28	6.912
12588.29	6.910
12593.30	6.909
12598.31	6.908
12603.32	6.907
12608.34	6.906
12613.35	6.904
12618.36	6.904
12623.37	6.902
12628.38	6.901
12633.39	6.900
12638.41	6.899
12643.42	6.898
12648.43	6.897
12653.44	6.895
12658.45	6.894
12663.46	6.893
12668.47	6.892
12673.49	6.891
12678.50	6.890
12683.51	6.888
12688.52	6.887
12693.53	6.886
12698.54	6.885
12703.56	6.884
12708.57	6.883
12713.58	6.882
12718.59	6.880
12723.60	6.879
12728.61	6.878
12733.62	6.877
12738.64	6.876
12743.65	6.874
12748.66	6.873
12753.67	6.872
12758.68	6.871
12763.69	6.870
12768.71	6.869
12773.72	6.868
12778.73	6.866
12783.74	6.865
12788.75	6.864
12793.76	6.863
12798.77	6.861
12803.79	6.860
12808.80	6.859
12813.81	6.858
12818.82	6.857
12823.83	6.855
12828.84	6.854
12833.86	6.853
12838.87	6.852
12843.88	6.851
12848.89	6.849
12853.90	6.848
12858.91	6.847
12863.93	6.846
12868.94	6.844
12873.95	6.843
12878.96	6.842
12883.98	6.841
12888.99	6.840
12894.01	6.838
12899.02	6.837
12904.04	6.836
12909.05	6.835
12914.07	6.834
12919.08	6.832
12924.09	6.831
12929.11	6.830
12934.12	6.829
12939.14	6.827
12944.15	6.826
12949.17	6.825
12954.18	6.824
12959.19	6.822
12964.21	6.821
12969.22	6.820
12974.23	6.819
12979.24	6.817
12984.26	6.816
12989.27	6.815
12994.28	6.813
12999.29	6.812
13004.30	6.811
13009.31	6.810
13014.32	6.808
13019.34	6.807
13024.35	6.806
13029.36	6.805
13034.37	6.803
13039.38	6.802
13044.39	6.801
13049.40	6.800
13054.42	6.798
13059.44	6.797
13064.45	6.796
13069.47	6.794
13074.48	6.793
13079.50	6.792
13084.51	6.791
13089.52	6.789
13094.54	6.788
13099.55	6.787
13104.56	6.785
13109.57	6.784
13114.58	6.783
13119.60	6.781
13124.61	6.780
13129.62	6.779
13134.63	6.777
13139.64	6.776
13144.65	6.775
13149.66	6.773
13154.68	6.772
13159.70	6.771
13164.71	6.769
13169.73	6.768
13174.74	6.767
13179.76	6.766
13184.77	6.764
13189.79	6.763
13194.80	6.761
13199.81	6.760
13204.83	6.759
13209.84	6.757
13214.86	6.756
13219.87	6.755
13224.88	6.753
13229.89	6.752
13234.90	6.750
13239.91	6.749
13244.93	6.748
13249.94	6.746
13254.95	6.745
13259.96	6.744
13264.97	6.742
13269.98	6.741
13275.00	6.740
13280.01	6.738
13285.02	6.737
13290.03	6.736
13295.05	6.734
13300.06	6.733
13305.08	6.731
13310.09	6.730
13315.11	6.728
13320.12	6.727
13325.13	6.726
13330.15	6.724
13335.16	6.723
13340.18	6.722
13345.19	6.720
13350.21	6.719
13355.23	6.717
13360.24	6.716
13365.25	6.714
13370.26	6.713
13375.28	6.712
13380.29	6.710
13385.30	6.709
13390.31	6.708
13395.32	6.706
13400.33	6.705
13405.35	6.703
13410.36	6.702
13415.37	6.700
13420.38	6.699
13425.39	6.697
13430.40	6.696
13435.41	6.694
13440.43	6.693
13445.44	6.692
13450.45	6.690
13455.46	6.689
13460.48	6.687
13465.49	6.686
13470.50	6.684
13475.51	6.683
13480.52	6.681
13485.53	6.680
13490.55	6.678
13495.56	6.677
13500.57	6.676
13505.58	6.674
13510.59	6.673
13515.60	6.671
13520.61	6.670
13525.63	6.668
13530.64	6.667
13535.65	6.665
13540.66	6.664
13545.67	6.662
13550.68	6.661
13555.70	6.659
13560.71	6.658
13565.72	6.656
13570.73	6.655
13575.74	6.653
13580.75	6.652
13585.76	6.650
13590.78	6.649
13595.79	6.647
13600.80	6.645
13605.81	6.644
13610.82	6.643
13615.83	6.641
13620.85	6.639
13625.86	6.638
13630.87	6.636
13635.88	6.635
13640.89	6.633
13645.90	6.632
13650.92	6.630
13655.93	6.629
13660.94	6.627
13665.95	6.626
13670.96	6.624
13675.97	6.623
13680.99	6.621
13686.00	6.619
13691.01	6.618
13696.02	6.617
13701.03	6.615
13706.04	6.613
13711.05	6.612
13716.07	6.610
13721.08	6.608
13726.09	6.607
13731.10	6.605
13736.11	6.604
13741.12	6.602
13746.14	6.601
13751.15	6.599
13756.16	6.597
13761.17	6.596
13766.18	6.594
13771.19	6.593
13776.20	6.591
13781.22	6.590
13786.23	6.588
13791.24	6.586
13796.25	6.585
13801.26	6.583
13806.27	6.582
13811.29	6.580
13816.30	6.578
13821.31	6.577
13826.32	6.575
13831.33	6.573
13836.34	6.572
13841.36	6.570
13846.37	6.569
13851.38	6.567
13856.39	6.565
13861.40	6.564
13866.41	6.562
13871.42	6.560
13876.44	6.559
13881.45	6.557
13886.46	6.555
13891.47	6.554
13896.48	6.552
13901.49	6.550
13906.51	6.549
13911.52	6.547
13916.53	6.546
13921.54	6.544
13926.55	6.542
13931.56	6.540
13936.58	6.539
13941.59	6.537
13946.60	6.535
13951.61	6.534
13956.62	6.532
13961.63	6.530
13966.64	6.529
13971.65	6.527
13976.67	6.525
13981.68	6.524
13986.69	6.522
13991.70	6.520
13996.71	6.519
14001.72	6.517
14006.74	6.515
14011.75	6.513
14016.76	6.512
14021.77	6.510
14026.78	6.508
14031.79	6.507
14036.81	6.505
14041.82	6.503
14046.83	6.501
14051.84	6.500
14056.85	6.498
14061.86	6.496
14066.87	6.494
14071.89	6.493
14076.90	6.491
14081.91	6.489
14086.92	6.487
14091.94	6.486
14096.95	6.484
14101.96	6.482
14106.97	6.480
14111.98	6.478
14116.99	6.477
14122.01	6.475
14127.02	6.473
14132.03	6.471
14137.04	6.470
14142.06	6.468
14147.07	6.466
14152.08	6.464
14157.10	6.463
14162.11	6.461
14167.12	6.459
14172.14	6.457
14177.15	6.455
14182.17	6.454
14187.18	6.452
14192.19	6.450
14197.20	6.448
14202.22	6.446
14207.23	6.444
14212.24	6.443
14217.25	6.441
14222.26	6.439
14227.27	6.437
14232.28	6.435
14237.30	6.433
14242.31	6.431
14247.32	6.430
14252.33	6.428
14257.34	6.426
14262.35	6.424
14267.36	6.422
14272.38	6.420
14277.39	6.418
14282.40	6.417
14287.41	6.415
14292.42	6.413
14297.43	6.411
14302.45	6.409
14307.46	6.407
14312.47	6.405
14317.48	6.403
14322.49	6.401
14327.50	6.399
14332.51	6.397
14337.53	6.396
14342.54	6.394
14347.55	6.392
14352.56	6.390
14357.57	6.388
14362.58	6.386
14367.60	6.384
14372.61	6.382
14377.62	6.380
14382.63	6.378
14387.64	6.376
14392.65	6.374
14397.67	6.372
14402.68	6.370
14407.69	6.368
14412.70	6.366
14417.71	6.364
14422.71	6.362
14427.72	6.360
14432.73	6.358
14437.74	6.356
14442.75	6.354
14447.76	6.352
14452.77	6.350
14457.77	6.348
14462.78	6.346
14467.79	6.343
14472.80	6.341
14477.81	6.303
14482.82	6.336
14487.82	6.334
14492.83	6.332
14497.84	6.330
14502.85	6.328
14507.86	6.325
14512.87	6.323
14517.88	6.321
14522.88	6.319
14527.89	6.317
14532.90	6.315
14537.91	6.313
14542.91	6.311
14547.92	6.308
14552.93	6.306
14557.94	6.304
14562.95	6.301
14567.96	6.299
14572.97	6.297
14577.97	6.294
14582.98	6.292
14587.99	6.290
14593.00	6.288
14598.01	6.285
14603.02	6.283
14608.03	6.281
14613.03	6.279
14618.04	6.276
14623.05	6.274
14628.06	6.272
14633.07	6.269
14638.08	6.267
14643.08	6.265
14648.09	6.262
14653.10	6.260
14658.11	6.258
14663.12	6.255
14668.13	6.253
14673.14	6.250
14678.14	6.248
14683.15	6.246
14688.16	6.243
14693.17	6.241
14698.18	6.239
14703.19	6.236
14708.20	6.234
14713.20	6.232
14718.21	6.229
14723.22	6.227
14728.23	6.224
14733.24	6.222
14738.25	6.220
14743.26	6.217
14748.26	6.215
14753.27	6.212
14758.28	6.210
14763.29	6.208
14768.30	6.205
14773.31	6.203
14778.31	6.200
14783.32	6.198
14788.33	6.196
14793.34	6.193
14798.35	6.191
14803.36	6.188
14808.37	6.186
14813.37	6.184
14818.38	6.181
14823.39	6.179
14828.40	6.176
14833.41	6.174
14838.42	6.171
14843.42	6.169
14848.43	6.167
14853.44	6.164
14858.45	6.162
14863.46	6.159
14868.47	6.157
14873.47	6.155
14878.48	6.152
14883.49	6.150
14888.50	6.147
14893.51	6.145
14898.51	6.142
14903.52	6.140
14908.53	6.138
14913.54	6.135
14918.55	6.133
14923.56	6.130
14928.57	6.128
14933.57	6.125
14938.58	6.123
14943.59	6.121
14948.60	6.118
14953.61	6.116
14958.62	6.113
14963.62	6.111
14968.63	6.109
14973.64	6.106
14978.65	6.104
14983.66	6.102
14988.67	6.099
14993.68	6.097
14998.68	6.094
15003.69	6.092
15008.70	6.090
15013.71	6.087
15018.72	6.085
15023.73	6.082
15028.74	6.080
15033.74	6.078
15038.75	6.075
15043.76	6.073
15048.77	6.070
15053.78	6.068
15058.79	6.066
15063.80	6.063
15068.80	6.061
15073.81	6.059
15078.82	6.056
15083.83	6.054
15088.84	6.052
15093.85	6.049
15098.86	6.047
15103.86	6.044
15108.87	6.042
15113.88	6.040
15118.89	6.037
15123.90	6.035
15128.91	6.033
15133.91	6.030
15138.92	6.028
15143.93	6.026
15148.94	6.023
15153.95	6.021
15158.96	6.019
15163.97	6.016
15168.97	6.014
15173.98	6.012
15178.99	6.009
15184.00	6.007
15189.01	6.005
15194.02	6.002
15199.03	6.000
15204.03	5.998
15209.04	5.995
15214.05	5.993
15219.06	5.991
15224.07	5.989
15229.08	5.986
15234.09	5.984
15239.09	5.982
15244.10	5.979
15249.11	5.977
15254.12	5.975
15259.13	5.973
15264.14	5.971
