2.51	7.900
7.52	7.900
12.53	7.899
17.54	7.899
22.55	7.899
27.56	7.899
32.58	7.899
37.59	7.899
42.60	7.899
47.61	7.899
52.62	7.899
57.63	7.899
62.65	7.689
67.66	7.694
72.67	7.698
77.68	7.700
82.69	7.701
87.70	7.702
92.72	7.703
97.73	7.703
102.74	7.704
107.75	7.703
112.76	7.703
117.77	7.704
122.78	7.703
127.80	7.703
132.81	7.703
137.82	7.702
142.83	7.702
147.84	7.702
152.85	7.701
157.86	7.701
162.88	7.701
167.89	7.701
172.90	7.700
177.91	7.700
182.92	7.699
187.93	7.699
192.95	7.699
197.96	7.698
202.97	7.698
207.98	7.697
212.99	7.697
218.00	7.697
223.01	7.697
228.03	7.696
233.04	7.696
238.05	7.696
243.06	7.696
248.07	7.695
253.08	7.695
258.10	7.694
263.11	7.694
268.12	7.694
273.13	7.694
278.14	7.693
283.15	7.693
288.17	7.693
293.18	7.692
298.19	7.692
303.20	7.692
308.21	7.692
313.22	7.691
318.23	7.691
323.25	7.690
328.26	7.690
333.27	7.690
338.28	7.690
343.29	7.690
348.30	7.689
353.32	7.689
358.33	7.689
363.34	7.689
368.35	7.689
373.36	7.688
378.37	7.688
383.38	7.688
388.40	7.688
393.41	7.688
398.42	7.687
403.43	7.687
408.44	7.687
413.45	7.687
418.47	7.686
423.48	7.686
428.49	7.686
433.50	7.686
438.51	7.686
443.52	7.685
448.54	7.685
453.55	7.685
458.56	7.685
463.57	7.684
468.58	7.684
473.59	7.684
478.61	7.684
483.62	7.684
488.63	7.683
493.64	7.683
498.65	7.683
503.66	7.682
508.67	7.682
513.69	7.682
518.70	7.682
523.71	7.681
528.72	7.681
533.73	7.681
538.75	7.681
543.76	7.680
548.78	7.680
553.79	7.680
558.81	7.680
563.82	7.680
568.84	7.679
573.85	7.679
578.86	7.679
583.88	7.678
588.89	7.678
593.91	7.678
598.92	7.678
603.94	7.677
608.95	7.677
613.96	7.677
618.97	7.676
623.98	7.676
628.99	7.676
634.00	7.676
639.02	7.676
644.03	7.676
649.04	7.675
654.05	7.675
659.06	7.675
664.07	7.675
669.09	7.674
674.10	7.674
679.12	7.674
684.13	7.673
689.14	7.673
694.16	7.673
699.17	7.673
704.19	7.673
709.20	7.672
714.21	7.672
719.22	7.672
724.23	7.672
729.25	7.672
734.26	7.671
739.27	7.671
744.28	7.671
749.29	7.671
754.31	7.671
759.33	7.670
764.34	7.670
769.35	7.670
774.37	7.670
779.38	7.670
784.39	7.670
789.41	7.669
794.42	7.669
799.43	7.669
804.44	7.668
809.45	7.668
814.46	7.668
819.48	7.668
824.49	7.668
829.50	7.667
834.52	7.667
839.53	7.667
844.54	7.667
849.55	7.666
854.56	7.666
859.57	7.666
864.59	7.666
869.60	7.665
874.61	7.665
879.62	7.665
884.63	7.665
889.64	7.664
894.65	7.664
899.67	7.664
904.68	7.664
909.69	7.664
914.70	7.664
919.71	7.663
924.73	7.663
929.74	7.663
934.75	7.662
939.76	7.662
944.77	7.662
949.78	7.662
954.79	7.662
959.81	7.662
964.82	7.661
969.83	7.661
974.84	7.661
979.85	7.661
984.86	7.661
989.88	7.661
994.89	7.660
999.90	7.660
1004.91	7.660
1009.92	7.660
1014.93	7.659
1019.95	7.659
1024.96	7.659
1029.97	7.658
1034.98	7.658
1039.99	7.658
1045.00	7.658
1050.01	7.658
1055.03	7.658
1060.04	7.657
1065.05	7.657
1070.06	7.657
1075.07	7.657
1080.08	7.657
1085.10	7.656
1090.11	7.656
1095.12	7.656
1100.13	7.656
1105.14	7.655
1110.15	7.655
1115.17	7.655
1120.18	7.655
1125.19	7.655
1130.20	7.655
1135.21	7.654
1140.22	7.654
1145.23	7.654
1150.25	7.653
1155.26	7.653
1160.27	7.653
1165.28	7.653
1170.29	7.653
1175.30	7.652
1180.32	7.652
1185.33	7.652
1190.34	7.652
1195.35	7.651
1200.36	7.651
1205.37	7.651
1210.39	7.651
1215.40	7.651
1220.41	7.650
1225.42	7.650
1230.43	7.650
1235.44	7.650
1240.45	7.650
1245.47	7.649
1250.48	7.649
1255.49	7.649
1260.50	7.649
1265.51	7.649
1270.52	7.648
1275.54	7.648
1280.55	7.648
1285.56	7.648
1290.57	7.647
1295.58	7.647
1300.59	7.647
1305.61	7.647
1310.62	7.647
1315.63	7.646
1320.64	7.646
1325.65	7.646
1330.66	7.646
1335.67	7.645
1340.69	7.645
1345.70	7.645
1350.71	7.645
1355.72	7.645
1360.73	7.645
1365.74	7.644
1370.76	7.644
1375.77	7.644
1380.78	7.643
1385.79	7.643
1390.80	7.643
1395.81	7.643
1400.83	7.643
1405.84	7.643
1410.85	7.642
1415.86	7.642
1420.87	7.642
1425.88	7.642
1430.89	7.641
1435.91	7.641
1440.92	7.641
1445.93	7.641
1450.94	7.640
1455.95	7.640
1460.96	7.640
1465.98	7.640
1470.99	7.639
1476.00	7.639
1481.01	7.639
1486.02	7.639
1491.03	7.639
1496.05	7.639
1501.06	7.638
1506.07	7.638
1511.08	7.638
1516.09	7.638
1521.10	7.638
1526.12	7.637
1531.13	7.637
1536.14	7.637
1541.15	7.637
1546.16	7.637
1551.18	7.636
1556.19	7.636
1561.20	7.636
1566.22	7.636
1571.23	7.635
1576.24	7.636
1581.25	7.635
1586.27	7.635
1591.28	7.635
1596.30	7.635
1601.31	7.634
1606.32	7.634
1611.33	7.634
1616.35	7.634
1621.37	7.633
1626.38	7.633
1631.40	7.633
1636.41	7.633
1641.42	7.633
1646.43	7.632
1651.44	7.632
1656.46	7.632
1661.47	7.632
1666.48	7.631
1671.49	7.631
1676.51	7.631
1681.53	7.631
1686.54	7.631
1691.55	7.631
1696.57	7.630
1701.58	7.630
1706.59	7.630
1711.60	7.630
1716.62	7.629
1721.63	7.629
1726.64	7.629
1731.65	7.629
1736.67	7.629
1741.68	7.628
1746.69	7.628
1751.71	7.628
1756.72	7.628
1761.73	7.627
1766.74	7.627
1771.75	7.627
1776.77	7.627
1781.78	7.627
1786.79	7.626
1791.80	7.626
1796.81	7.626
1801.82	7.626
1806.84	7.625
1811.85	7.625
1816.86	7.625
1821.87	7.625
1826.88	7.625
1831.89	7.625
1836.91	7.624
1841.92	7.624
1846.93	7.624
1851.94	7.624
1856.95	7.624
1861.96	7.623
1866.97	7.623
1871.98	7.623
1877.00	7.623
1882.01	7.623
1887.02	7.622
1892.03	7.622
1897.04	7.622
1902.05	7.622
1907.07	7.621
1912.08	7.621
1917.09	7.621
1922.10	7.621
1927.11	7.621
1932.12	7.620
1937.14	7.620
1942.15	7.620
1947.16	7.620
1952.17	7.620
1957.18	7.620
1962.19	7.619
1967.21	7.619
1972.22	7.619
1977.23	7.619
1982.24	7.618
1987.25	7.618
1992.26	7.618
1997.27	7.618
2002.29	7.618
2007.30	7.617
2012.31	7.617
2017.32	7.617
2022.33	7.617
2027.34	7.617
2032.36	7.617
2037.37	7.616
2042.38	7.616
2047.39	7.616
2052.40	7.616
2057.41	7.615
2062.43	7.615
2067.44	7.615
2072.45	7.615
2077.46	7.615
2082.47	7.614
2087.48	7.614
2092.49	7.614
2097.51	7.614
2102.52	7.614
2107.53	7.614
2112.55	7.613
2117.56	7.613
2122.58	7.613
2127.59	7.613
2132.60	7.612
2137.62	7.612
2142.63	7.612
2147.64	7.612
2152.65	7.611
2157.66	7.611
2162.67	7.611
2167.69	7.611
2172.70	7.611
2177.71	7.611
2182.72	7.610
2187.73	7.610
2192.74	7.610
2197.75	7.610
2202.77	7.610
2207.78	7.610
2212.79	7.609
2217.80	7.609
2222.81	7.609
2227.82	7.609
2232.84	7.609
2237.85	7.608
2242.86	7.608
2247.87	7.608
2252.88	7.608
2257.89	7.607
2262.91	7.607
2267.92	7.607
2272.93	7.607
2277.94	7.607
2282.95	7.607
2287.96	7.606
2292.98	7.606
2297.99	7.606
2303.00	7.606
2308.01	7.606
2313.02	7.606
2318.03	7.605
2323.04	7.605
2328.06	7.605
2333.07	7.605
2338.08	7.604
2343.09	7.604
2348.10	7.604
2353.11	7.604
2358.13	7.604
2363.14	7.603
2368.15	7.603
2373.16	7.603
2378.17	7.602
2383.18	7.602
2388.20	7.602
2393.21	7.602
2398.22	7.602
2403.23	7.602
2408.24	7.601
2413.25	7.601
2418.26	7.601
2423.28	7.601
2428.29	7.601
2433.30	7.600
2438.31	7.600
2443.32	7.600
2448.33	7.600
2453.35	7.600
2458.36	7.600
2463.37	7.599
2468.38	7.599
2473.39	7.599
2478.40	7.599
2483.42	7.599
2488.43	7.598
2493.45	7.598
2498.46	7.598
2503.47	7.598
2508.49	7.598
2513.50	7.597
2518.52	7.597
2523.53	7.597
2528.55	7.597
2533.56	7.596
2538.57	7.596
2543.59	7.596
2548.60	7.596
2553.61	7.596
2558.62	7.596
2563.64	7.596
2568.65	7.595
2573.66	7.595
2578.67	7.595
2583.68	7.594
2588.70	7.594
2593.71	7.594
2598.72	7.594
2603.74	7.594
2608.75	7.594
2613.77	7.593
2618.78	7.593
2623.79	7.593
2628.81	7.592
2633.82	7.592
2638.84	7.592
2643.85	7.592
2648.86	7.592
2653.87	7.592
2658.88	7.591
2663.89	7.591
2668.91	7.591
2673.92	7.591
2678.93	7.591
2683.94	7.591
2688.95	7.590
2693.96	7.590
2698.98	7.590
2703.99	7.590
2709.00	7.590
2714.01	7.589
2719.02	7.589
2724.03	7.589
2729.04	7.589
2734.06	7.589
2739.07	7.588
2744.08	7.588
2749.09	7.588
2754.10	7.588
2759.11	7.587
2764.13	7.587
2769.14	7.587
2774.15	7.587
2779.16	7.586
2784.17	7.586
2789.18	7.586
2794.19	7.586
2799.21	7.586
2804.22	7.585
2809.23	7.586
2814.24	7.585
2819.25	7.585
2824.26	7.585
2829.28	7.584
2834.29	7.584
2839.30	7.584
2844.31	7.584
2849.32	7.584
2854.33	7.583
2859.35	7.583
2864.36	7.583
2869.37	7.583
2874.38	7.583
2879.39	7.583
2884.40	7.582
2889.42	7.582
2894.43	7.582
2899.44	7.582
2904.45	7.582
2909.46	7.581
2914.47	7.581
2919.49	7.581
2924.50	7.581
2929.51	7.580
2934.52	7.580
2939.53	7.580
2944.54	7.580
2949.56	7.579
2954.57	7.579
2959.58	7.579
2964.59	7.579
2969.60	7.579
2974.61	7.578
2979.62	7.578
2984.64	7.578
2989.65	7.578
2994.66	7.578
2999.67	7.577
3004.68	7.577
3009.69	7.577
3014.71	7.577
3019.73	7.577
3024.74	7.577
3029.76	7.576
3034.77	7.576
3039.79	7.576
3044.80	7.575
3049.82	7.575
3054.83	7.575
3059.84	7.575
3064.86	7.575
3069.87	7.575
3074.89	7.574
3079.90	7.574
3084.91	7.574
3089.92	7.574
3094.93	7.573
3099.95	7.573
3104.96	7.573
3109.97	7.573
3114.98	7.573
3119.99	7.573
3125.00	7.572
3130.02	7.572
3135.03	7.572
3140.04	7.572
3145.05	7.571
3150.06	7.571
3155.07	7.571
3160.09	7.571
3165.11	7.571
3170.12	7.571
3175.14	7.570
3180.15	7.570
3185.17	7.570
3190.18	7.570
3195.19	7.569
3200.21	7.569
3205.22	7.569
3210.23	7.569
3215.25	7.569
3220.26	7.568
3225.27	7.568
3230.29	7.568
3235.30	7.568
3240.31	7.568
3245.32	7.568
3250.33	7.567
3255.34	7.567
3260.36	7.567
3265.37	7.567
3270.38	7.566
3275.39	7.566
3280.41	7.566
3285.42	7.566
3290.44	7.566
3295.45	7.565
3300.47	7.565
3305.48	7.565
3310.49	7.565
3315.51	7.565
3320.52	7.564
3325.54	7.564
3330.55	7.564
3335.57	7.564
3340.58	7.563
3345.59	7.563
3350.60	7.563
3355.61	7.563
3360.63	7.563
3365.64	7.562
3370.65	7.562
3375.66	7.562
3380.67	7.562
3385.68	7.562
3390.70	7.561
3395.71	7.561
3400.72	7.561
3405.74	7.561
3410.75	7.561
3415.77	7.560
3420.78	7.560
3425.80	7.560
3430.81	7.560
3435.82	7.560
3440.84	7.559
3445.85	7.559
3450.87	7.559
3455.88	7.559
3460.89	7.558
3465.90	7.558
3470.92	7.558
3475.93	7.558
3480.94	7.558
3485.95	7.557
3490.96	7.557
3495.97	7.557
3500.99	7.557
3506.00	7.557
3511.01	7.556
3516.02	7.556
3521.03	7.556
3526.04	7.556
3531.05	7.556
3536.07	7.555
3541.08	7.555
3546.09	7.555
3551.10	7.555
3556.11	7.554
3561.12	7.554
3566.14	7.554
3571.15	7.554
3576.16	7.554
3581.17	7.554
3586.18	7.553
3591.19	7.553
3596.21	7.553
3601.22	7.552
3606.23	7.552
3611.24	7.552
3616.25	7.552
3621.26	7.552
3626.27	7.552
3631.29	7.551
3636.30	7.551
3641.31	7.551
3646.32	7.550
3651.33	7.550
3656.34	7.550
3661.35	7.550
3666.37	7.550
3671.38	7.550
3676.39	7.549
3681.40	7.549
3686.41	7.549
3691.43	7.549
3696.44	7.548
3701.46	7.548
3706.47	7.548
3711.48	7.548
3716.49	7.548
3721.50	7.547
3726.51	7.547
3731.53	7.547
3736.54	7.547
3741.55	7.546
3746.56	7.546
3751.57	7.546
3756.58	7.546
3761.60	7.546
3766.61	7.545
3771.62	7.545
3776.63	7.545
3781.64	7.545
3786.65	7.545
3791.66	7.544
3796.67	7.544
3801.69	7.544
3806.70	7.544
3811.71	7.543
3816.72	7.543
3821.73	7.543
3826.74	7.543
3831.75	7.543
3836.77	7.542
3841.78	7.542
3846.79	7.542
3851.80	7.542
3856.81	7.541
3861.83	7.541
3866.84	7.541
3871.86	7.541
3876.87	7.541
3881.89	7.540
3886.90	7.540
3891.91	7.540
3896.93	7.540
3901.94	7.539
3906.95	7.539
3911.96	7.539
3916.97	7.539
3921.98	7.539
3926.99	7.538
3932.01	7.538
3937.02	7.538
3942.03	7.537
3947.04	7.537
3952.05	7.537
3957.06	7.537
3962.08	7.537
3967.09	7.536
3972.10	7.536
3977.11	7.536
3982.12	7.536
3987.13	7.536
3992.15	7.535
3997.16	7.535
4002.17	7.535
4007.18	7.535
4012.19	7.534
4017.20	7.534
4022.21	7.534
4027.23	7.534
4032.24	7.533
4037.25	7.533
4042.26	7.533
4047.27	7.533
4052.28	7.532
4057.29	7.532
4062.31	7.532
4067.32	7.532
4072.33	7.532
4077.34	7.531
4082.35	7.531
4087.36	7.531
4092.38	7.530
4097.39	7.530
4102.40	7.530
4107.41	7.530
4112.42	7.530
4117.43	7.529
4122.45	7.529
4127.46	7.529
4132.47	7.529
4137.48	7.528
4142.49	7.528
4147.50	7.528
4152.51	7.527
4157.53	7.527
4162.54	7.527
4167.55	7.527
4172.56	7.527
4177.57	7.526
4182.58	7.526
4187.59	7.526
4192.60	7.526
4197.62	7.526
4202.63	7.525
4207.64	7.525
4212.65	7.525
4217.66	7.525
4222.67	7.525
4227.69	7.524
4232.70	7.524
4237.71	7.524
4242.72	7.524
4247.74	7.523
4252.75	7.523
4257.76	7.523
4262.78	7.523
4267.79	7.522
4272.80	7.522
4277.81	7.522
4282.82	7.522
4287.83	7.521
4292.85	7.521
4297.86	7.521
4302.87	7.520
4307.88	7.520
4312.89	7.520
4317.90	7.520
4322.92	7.519
4327.93	7.519
4332.94	7.519
4337.95	7.519
4342.96	7.518
4347.97	7.518
4352.98	7.518
4358.00	7.518
4363.01	7.517
4368.02	7.517
4373.03	7.517
4378.04	7.517
4383.05	7.517
4388.07	7.517
4393.08	7.517
4398.09	7.516
4403.10	7.516
4408.11	7.516
4413.12	7.515
4418.14	7.515
4423.15	7.515
4428.16	7.515
4433.17	7.514
4438.18	7.514
4443.19	7.514
4448.20	7.514
4453.22	7.513
4458.23	7.513
4463.24	7.513
4468.26	7.513
4473.27	7.513
4478.28	7.512
4483.29	7.512
4488.30	7.512
4493.32	7.511
4498.33	7.511
4503.34	7.511
4508.35	7.511
4513.36	7.510
4518.37	7.510
4523.38	7.510
4528.39	7.510
4533.41	7.509
4538.42	7.509
4543.43	7.509
4548.44	7.509
4553.45	7.508
4558.46	7.508
4563.48	7.508
4568.49	7.508
4573.50	7.508
4578.51	7.507
4583.52	7.507
4588.53	7.507
4593.55	7.507
4598.56	7.506
4603.57	7.506
4608.58	7.506
4613.59	7.506
4618.60	7.506
4623.62	7.505
4628.63	7.505
4633.64	7.505
4638.65	7.504
4643.66	7.504
4648.67	7.504
4653.69	7.504
4658.70	7.504
4663.71	7.503
4668.72	7.503
4673.74	7.502
4678.75	7.502
4683.76	7.502
4688.77	7.502
4693.78	7.502
4698.79	7.502
4703.80	7.501
4708.82	7.501
4713.83	7.501
4718.84	7.500
4723.85	7.500
4728.86	7.500
4733.87	7.500
4738.89	7.500
4743.90	7.500
4748.91	7.499
4753.92	7.499
4758.93	7.499
4763.94	7.498
4768.95	7.498
4773.97	7.498
4778.98	7.498
4783.99	7.497
4789.00	7.497
4794.01	7.497
4799.02	7.497
4804.03	7.497
4809.05	7.496
4814.06	7.496
4819.07	7.496
4824.08	7.496
4829.09	7.495
4834.10	7.495
4839.12	7.495
4844.13	7.495
4849.14	7.494
4854.15	7.494
4859.16	7.494
4864.18	7.494
4869.19	7.493
4874.20	7.493
4879.21	7.493
4884.23	7.493
4889.24	7.493
4894.25	7.492
4899.26	7.492
4904.27	7.492
4909.28	7.492
4914.29	7.492
4919.31	7.491
4924.32	7.491
4929.33	7.491
4934.34	7.490
4939.35	7.490
4944.36	7.490
4949.38	7.490
4954.39	7.489
4959.40	7.489
4964.41	7.489
4969.42	7.489
4974.43	7.488
4979.45	7.488
4984.46	7.488
4989.47	7.488
4994.48	7.488
4999.49	7.487
5004.50	7.487
5009.51	7.487
5014.53	7.487
5019.54	7.486
5024.55	7.486
5029.56	7.486
5034.57	7.485
5039.59	7.485
5044.60	7.485
5049.61	7.485
5054.62	7.484
5059.63	7.484
5064.64	7.484
5069.65	7.484
5074.67	7.484
5079.68	7.483
5084.69	7.483
5089.70	7.483
5094.71	7.483
5099.72	7.482
5104.73	7.482
5109.75	7.482
5114.76	7.482
5119.77	7.481
5124.78	7.481
5129.79	7.481
5134.80	7.481
5139.81	7.480
5144.83	7.480
5149.84	7.480
5154.85	7.480
5159.86	7.480
5164.87	7.479
5169.88	7.479
5174.89	7.479
5179.91	7.479
5184.92	7.478
5189.93	7.478
5194.94	7.478
5199.95	7.478
5204.96	7.477
5209.98	7.477
5214.99	7.477
5220.00	7.477
5225.01	7.476
5230.02	7.476
5235.03	7.476
5240.04	7.476
5245.06	7.475
5250.07	7.475
5255.08	7.475
5260.09	7.475
5265.11	7.474
5270.12	7.474
5275.13	7.474
5280.14	7.474
5285.15	7.473
5290.16	7.473
5295.17	7.473
5300.19	7.473
5305.20	7.472
5310.21	7.472
5315.22	7.472
5320.23	7.472
5325.24	7.471
5330.26	7.471
5335.27	7.471
5340.28	7.470
5345.29	7.470
5350.30	7.470
5355.31	7.470
5360.33	7.469
5365.34	7.469
5370.35	7.469
5375.36	7.469
5380.37	7.468
5385.38	7.468
5390.39	7.468
5395.40	7.468
5400.42	7.467
5405.43	7.467
5410.44	7.467
5415.45	7.467
5420.46	7.467
5425.47	7.466
5430.49	7.466
5435.50	7.466
5440.51	7.465
5445.52	7.465
5450.53	7.465
5455.54	7.464
5460.55	7.464
5465.57	7.464
5470.58	7.464
5475.59	7.463
5480.60	7.463
5485.61	7.463
5490.62	7.463
5495.64	7.463
5500.65	7.462
5505.66	7.462
5510.67	7.462
5515.68	7.461
5520.69	7.461
5525.70	7.461
5530.72	7.461
5535.73	7.460
5540.74	7.460
5545.75	7.460
5550.76	7.459
5555.77	7.459
5560.79	7.459
5565.80	7.458
5570.81	7.458
5575.82	7.458
5580.83	7.458
5585.84	7.457
5590.86	7.457
5595.87	7.457
5600.88	7.457
5605.89	7.456
5610.91	7.456
5615.92	7.456
5620.94	7.456
5625.95	7.456
5630.96	7.456
5635.98	7.455
5640.99	7.455
5646.00	7.455
5651.01	7.454
5656.03	7.454
5661.04	7.454
5666.05	7.453
5671.06	7.453
5676.08	7.453
5681.09	7.452
5686.11	7.452
5691.12	7.452
5696.14	7.452
5701.15	7.451
5706.17	7.451
5711.18	7.451
5716.20	7.451
5721.21	7.450
5726.22	7.450
5731.23	7.450
5736.24	7.450
5741.25	7.449
5746.26	7.449
5751.28	7.449
5756.29	7.449
5761.30	7.448
5766.31	7.448
5771.32	7.448
5776.33	7.448
5781.35	7.447
5786.36	7.447
5791.37	7.447
5796.38	7.446
5801.39	7.446
5806.40	7.446
5811.42	7.446
5816.43	7.445
5821.44	7.445
5826.45	7.445
5831.46	7.445
5836.47	7.444
5841.48	7.444
5846.50	7.443
5851.51	7.443
5856.52	7.443
5861.53	7.443
5866.54	7.443
5871.55	7.442
5876.57	7.442
5881.58	7.442
5886.59	7.442
5891.60	7.441
5896.61	7.441
5901.62	7.441
5906.63	7.441
5911.65	7.440
5916.66	7.440
5921.67	7.440
5926.68	7.440
5931.70	7.439
5936.71	7.439
5941.73	7.439
5946.74	7.439
5951.76	7.438
5956.77	7.438
5961.79	7.438
5966.80	7.438
5971.81	7.437
5976.83	7.437
5981.84	7.437
5986.86	7.436
5991.88	7.436
5996.89	7.436
6001.90	7.436
6006.92	7.435
6011.93	7.435
6016.95	7.435
6021.96	7.435
6026.98	7.434
6031.99	7.434
6037.01	7.434
6042.02	7.434
6047.03	7.433
6052.05	7.433
6057.06	7.433
6062.08	7.433
6067.09	7.433
6072.11	7.432
6077.12	7.432
6082.14	7.432
6087.15	7.432
6092.16	7.431
6097.17	7.431
6102.18	7.431
6107.20	7.430
6112.22	7.430
6117.23	7.430
6122.25	7.430
6127.27	7.430
6132.28	7.429
6137.30	7.429
6142.31	7.429
6147.33	7.428
6152.34	7.428
6157.35	7.428
6162.37	7.428
6167.38	7.428
6172.40	7.427
6177.41	7.427
6182.42	7.427
6187.43	7.427
6192.45	7.426
6197.46	7.426
6202.47	7.426
6207.49	7.426
6212.50	7.426
6217.52	7.425
6222.53	7.425
6227.55	7.425
6232.56	7.425
6237.58	7.425
6242.59	7.424
6247.60	7.424
6252.62	7.424
6257.63	7.424
6262.65	7.423
6267.66	7.423
6272.67	7.423
6277.68	7.423
6282.69	7.422
6287.70	7.422
6292.72	7.422
6297.74	7.422
6302.75	7.422
6307.77	7.421
6312.78	7.421
6317.80	7.421
6322.81	7.421
6327.82	7.421
6332.84	7.420
6337.85	7.420
6342.87	7.420
6347.88	7.420
6352.90	7.420
6357.92	7.419
6362.93	7.419
6367.94	7.419
6372.96	7.419
6377.97	7.419
6382.99	7.418
6388.00	7.418
6393.02	7.418
6398.03	7.418
6403.05	7.418
6408.06	7.418
6413.07	7.417
6418.09	7.417
6423.10	7.417
6428.12	7.417
6433.13	7.417
6438.15	7.416
6443.16	7.416
6448.17	7.416
6453.19	7.416
6458.20	7.416
6463.22	7.415
6468.23	7.415
6473.25	7.415
6478.26	7.415
6483.28	7.415
6488.29	7.415
6493.31	7.414
6498.32	7.414
6503.33	7.414
6508.35	7.414
6513.36	7.414
6518.38	7.414
6523.39	7.413
6528.41	7.413
6533.42	7.413
6538.44	7.413
6543.45	7.413
6548.47	7.413
6553.48	7.412
6558.50	7.412
6563.51	7.412
6568.52	7.412
6573.54	7.412
6578.56	7.411
6583.57	7.411
6588.58	7.411
6593.60	7.411
6598.62	7.411
6603.63	7.411
6608.64	7.411
6613.66	7.411
6618.67	7.410
6623.69	7.410
6628.70	7.410
6633.71	7.410
6638.73	7.410
6643.74	7.410
6648.76	7.410
6653.77	7.409
6658.79	7.409
6663.80	7.409
6668.81	7.409
6673.83	7.409
6678.84	7.409
6683.86	7.409
6688.87	7.409
6693.88	7.408
6698.90	7.408
6703.91	7.408
6708.93	7.408
6713.94	7.408
6718.96	7.407
6723.97	7.407
6728.98	7.407
6734.00	7.407
6739.01	7.407
6744.03	7.407
6749.04	7.407
6754.06	7.407
6759.07	7.406
6764.08	7.406
6769.10	7.406
6774.12	7.406
6779.13	7.406
6784.14	7.406
6789.16	7.405
6794.17	7.405
6799.19	7.405
6804.20	7.405
6809.21	7.405
6814.23	7.405
6819.24	7.405
6824.26	7.405
6829.27	7.405
6834.29	7.404
6839.30	7.404
6844.32	7.404
6849.33	7.404
6854.35	7.404
6859.36	7.404
6864.38	7.404
6869.39	7.404
6874.41	7.403
6879.42	7.404
6884.43	7.403
6889.45	7.403
6894.47	7.403
6899.48	7.403
6904.49	7.403
6909.51	7.403
6914.52	7.403
6919.54	7.403
6924.55	7.402
6929.57	7.402
6934.58	7.402
6939.60	7.402
6944.62	7.402
6949.63	7.402
6954.65	7.402
6959.66	7.402
6964.67	7.401
6969.69	7.401
6974.70	7.401
6979.72	7.401
6984.73	7.401
6989.74	7.401
6994.76	7.401
6999.77	7.400
7004.78	7.400
7009.80	7.400
7014.82	7.400
7019.83	7.400
7024.85	7.400
7029.86	7.400
7034.87	7.400
7039.89	7.400
7044.90	7.400
7049.92	7.399
7054.93	7.399
7059.95	7.399
7064.96	7.399
7069.98	7.399
7074.99	7.399
7080.01	7.399
7085.02	7.399
7090.04	7.399
7095.05	7.398
7100.07	7.398
7105.08	7.398
7110.10	7.398
7115.11	7.398
7120.13	7.398
7125.14	7.398
7130.15	7.397
7135.17	7.397
7140.18	7.397
7145.20	7.397
7150.21	7.397
7155.23	7.397
7160.24	7.397
7165.25	7.397
7170.27	7.397
7175.28	7.397
7180.29	7.396
7185.31	7.396
7190.32	7.396
7195.34	7.396
7200.35	7.396
7205.37	7.396
7210.38	7.396
7215.40	7.396
7220.41	7.396
7225.42	7.396
7230.44	7.396
7235.45	7.396
7240.47	7.396
7245.48	7.395
7250.49	7.395
7255.51	7.395
7260.53	7.395
7265.54	7.395
7270.55	7.395
7275.57	7.395
7280.58	7.394
7285.60	7.394
7290.61	7.394
7295.62	7.394
7300.64	7.394
7305.65	7.394
7310.67	7.394
7315.68	7.394
7320.70	7.394
7325.71	7.394
7330.72	7.394
7335.74	7.393
7340.75	7.393
7345.77	7.393
7350.78	7.393
7355.80	7.393
7360.81	7.393
7365.82	7.393
7370.84	7.393
7375.85	7.393
7380.87	7.392
7385.88	7.393
7390.90	7.392
7395.91	7.392
7400.93	7.392
7405.94	7.392
7410.95	7.392
7415.97	7.392
7420.98	7.392
7426.00	7.392
7431.01	7.392
7436.03	7.392
7441.04	7.391
7446.06	7.391
7451.07	7.392
7456.08	7.391
7461.10	7.391
7466.11	7.391
7471.13	7.391
7476.14	7.391
7481.15	7.391
7486.17	7.391
7491.18	7.390
7496.20	7.390
7501.21	7.390
7506.23	7.390
7511.24	7.390
7516.26	7.390
7521.27	7.390
7526.29	7.390
7531.30	7.390
7536.31	7.390
7541.33	7.389
7546.35	7.389
7551.36	7.389
7556.38	7.389
7561.39	7.389
7566.41	7.389
7571.42	7.389
7576.43	7.389
7581.45	7.389
7586.46	7.389
7591.48	7.389
7596.49	7.388
7601.51	7.388
7606.52	7.388
7611.53	7.388
7616.55	7.388
7621.56	7.388
7626.58	7.388
7631.59	7.388
7636.60	7.388
7641.61	7.387
7646.62	7.387
7651.63	7.387
7656.65	7.387
7661.66	7.387
7666.67	7.387
7671.68	7.387
7676.69	7.387
7681.71	7.387
7686.73	7.387
7691.74	7.387
7696.76	7.387
7701.77	7.387
7706.78	7.387
7711.80	7.386
7716.81	7.386
7721.83	7.386
7726.84	7.386
7731.86	7.386
7736.87	7.386
7741.89	7.386
7746.90	7.386
7751.91	7.386
7756.93	7.386
7761.94	7.386
7766.96	7.385
7771.97	7.385
7776.99	7.385
7782.00	7.385
7787.02	7.385
7792.03	7.385
7797.05	7.385
7802.07	7.385
7807.08	7.385
7812.10	7.385
7817.11	7.385
7822.13	7.384
7827.14	7.384
7832.15	7.384
7837.17	7.384
7842.18	7.384
7847.20	7.384
7852.21	7.384
7857.22	7.384
7862.24	7.384
7867.25	7.384
7872.27	7.384
7877.28	7.384
7882.30	7.383
7887.31	7.383
7892.32	7.383
7897.34	7.383
7902.35	7.383
7907.37	7.383
7912.38	7.383
7917.40	7.383
7922.41	7.383
7927.43	7.383
7932.44	7.383
7937.45	7.382
7942.47	7.382
7947.48	7.382
7952.50	7.382
7957.51	7.382
7962.52	7.382
7967.54	7.382
7972.55	7.382
7977.57	7.382
7982.58	7.382
7987.60	7.382
7992.61	7.382
7997.62	7.382
8002.64	7.381
8007.65	7.381
8012.67	7.381
8017.68	7.381
8022.69	7.381
8027.71	7.381
8032.73	7.381
8037.74	7.381
8042.76	7.381
8047.77	7.381
8052.78	7.381
8057.80	7.380
8062.81	7.380
8067.83	7.380
8072.84	7.380
8077.85	7.380
8082.86	7.380
8087.87	7.380
8092.89	7.380
8097.90	7.380
8102.91	7.380
8107.92	7.380
8112.93	7.379
8117.94	7.379
8122.96	7.379
8127.97	7.379
8132.99	7.379
8138.00	7.379
8143.02	7.379
8148.04	7.379
8153.05	7.379
8158.06	7.379
8163.07	7.379
8168.09	7.379
8173.10	7.379
8178.11	7.378
8183.13	7.379
8188.15	7.378
8193.16	7.378
8198.17	7.378
8203.19	7.378
8208.20	7.378
8213.22	7.378
8218.23	7.378
8223.25	7.378
8228.26	7.378
8233.27	7.378
8238.29	7.377
8243.30	7.377
8248.31	7.377
8253.33	7.377
8258.35	7.377
8263.36	7.377
8268.38	7.377
8273.39	7.377
8278.40	7.377
8283.42	7.377
8288.44	7.376
8293.45	7.376
8298.47	7.376
8303.48	7.376
8308.50	7.376
8313.51	7.376
8318.52	7.376
8323.54	7.376
8328.55	7.376
8333.56	7.376
8338.58	7.376
8343.60	7.376
8348.61	7.376
8353.62	7.375
8358.64	7.375
8363.65	7.375
8368.66	7.375
8373.68	7.375
8378.69	7.375
8383.70	7.375
8388.71	7.375
8393.72	7.374
8398.74	7.374
8403.76	7.375
8408.77	7.374
8413.79	7.375
8418.80	7.374
8423.81	7.374
8428.83	7.374
8433.84	7.374
8438.85	7.374
8443.86	7.374
8448.88	7.374
8453.89	7.374
8458.90	7.374
8463.91	7.373
8468.92	7.373
8473.93	7.373
8478.95	7.373
8483.96	7.373
8488.97	7.373
8493.99	7.373
8499.00	7.373
8504.01	7.373
8509.03	7.373
8514.04	7.372
8519.05	7.372
8524.06	7.372
8529.07	7.372
8534.09	7.372
8539.10	7.372
8544.12	7.372
8549.13	7.372
8554.15	7.372
8559.16	7.372
8564.17	7.372
8569.19	7.372
8574.20	7.371
8579.22	7.371
8584.23	7.371
8589.25	7.371
8594.26	7.371
8599.27	7.371
8604.29	7.371
8609.30	7.371
8614.32	7.371
8619.33	7.371
8624.35	7.371
8629.36	7.370
8634.38	7.371
8639.39	7.370
8644.41	7.370
8649.42	7.370
8654.43	7.370
8659.45	7.370
8664.46	7.370
8669.48	7.370
8674.49	7.370
8679.51	7.370
8684.52	7.370
8689.54	7.370
8694.55	7.369
8699.57	7.369
8704.58	7.369
8709.60	7.369
8714.61	7.369
8719.62	7.369
8724.64	7.369
8729.65	7.369
8734.67	7.369
8739.68	7.369
8744.70	7.369
8749.71	7.369
8754.73	7.368
8759.74	7.368
8764.76	7.368
8769.77	7.368
8774.79	7.368
8779.80	7.368
8784.82	7.368
8789.83	7.368
8794.84	7.368
8799.86	7.367
8804.87	7.367
8809.89	7.367
8814.91	7.367
8819.92	7.367
8824.94	7.367
8829.95	7.367
8834.96	7.367
8839.98	7.367
8844.99	7.367
8850.01	7.367
8855.02	7.366
8860.04	7.366
8865.05	7.366
8870.07	7.366
8875.08	7.366
8880.10	7.366
8885.12	7.366
8890.13	7.366
8895.15	7.366
8900.16	7.366
8905.18	7.366
8910.19	7.365
8915.20	7.365
8920.22	7.365
8925.23	7.365
8930.25	7.365
8935.26	7.365
8940.28	7.365
8945.29	7.365
8950.30	7.365
8955.32	7.364
8960.33	7.364
8965.35	7.364
8970.36	7.364
8975.37	7.364
8980.39	7.364
8985.40	7.364
8990.42	7.364
8995.43	7.364
9000.45	7.364
9005.46	7.363
9010.48	7.363
9015.49	7.363
9020.50	7.363
9025.52	7.363
9030.53	7.363
9035.55	7.363
9040.56	7.363
9045.58	7.363
9050.59	7.363
9055.60	7.363
9060.61	7.362
9065.63	7.362
9070.64	7.362
9075.65	7.362
9080.67	7.362
9085.68	7.362
9090.69	7.362
9095.71	7.362
9100.72	7.362
9105.74	7.362
9110.75	7.362
9115.76	7.361
9120.78	7.361
9125.79	7.361
9130.81	7.361
9135.82	7.361
9140.84	7.361
9145.85	7.361
9150.86	7.361
9155.88	7.361
9160.89	7.361
9165.91	7.360
9170.92	7.360
9175.93	7.360
9180.95	7.360
9185.96	7.360
9190.98	7.360
9195.99	7.360
9201.01	7.360
9206.02	7.360
9211.04	7.360
9216.05	7.359
9221.06	7.359
9226.08	7.359
9231.09	7.359
9236.11	7.359
9241.13	7.359
9246.14	7.359
9251.15	7.359
9256.17	7.359
9261.18	7.359
9266.20	7.359
9271.21	7.358
9276.23	7.358
9281.24	7.358
9286.25	7.358
9291.27	7.358
9296.28	7.358
9301.30	7.358
9306.31	7.358
9311.33	7.357
9316.34	7.357
9321.36	7.357
9326.38	7.357
9331.39	7.357
9336.40	7.357
9341.42	7.357
9346.43	7.357
9351.45	7.357
9356.46	7.357
9361.48	7.356
9366.49	7.356
9371.51	7.356
9376.52	7.356
9381.54	7.356
9386.55	7.356
9391.57	7.356
9396.58	7.356
9401.60	7.356
9406.61	7.355
9411.62	7.355
9416.64	7.355
9421.65	7.355
9426.67	7.355
9431.68	7.355
9436.70	7.355
9441.71	7.355
9446.73	7.354
9451.74	7.354
9456.76	7.355
9461.77	7.354
9466.78	7.354
9471.80	7.354
9476.81	7.354
9481.83	7.354
9486.84	7.354
9491.86	7.353
9496.87	7.353
9501.88	7.353
9506.90	7.353
9511.92	7.353
9516.93	7.353
9521.95	7.353
9526.96	7.353
9531.97	7.353
9536.99	7.352
9542.00	7.352
9547.02	7.352
9552.04	7.352
9557.05	7.352
9562.06	7.352
9567.08	7.352
9572.09	7.351
9577.11	7.351
9582.12	7.351
9587.13	7.351
9592.15	7.351
9597.16	7.351
9602.18	7.351
9607.19	7.351
9612.21	7.351
9617.22	7.351
9622.23	7.351
9627.25	7.351
9632.26	7.351
9637.28	7.350
9642.29	7.350
9647.30	7.350
9652.32	7.350
9657.34	7.350
9662.35	7.350
9667.36	7.349
9672.38	7.349
9677.39	7.349
9682.41	7.349
9687.42	7.349
9692.43	7.349
9697.45	7.349
9702.46	7.348
9707.48	7.348
9712.49	7.348
9717.51	7.348
9722.52	7.348
9727.54	7.348
9732.55	7.347
9737.56	7.347
9742.58	7.347
9747.59	7.347
9752.61	7.347
9757.62	7.347
9762.63	7.347
9767.65	7.347
9772.67	7.347
9777.68	7.347
9782.70	7.346
9787.71	7.346
9792.72	7.346
9797.74	7.346
9802.75	7.346
9807.76	7.346
9812.78	7.346
9817.80	7.346
9822.81	7.345
9827.82	7.345
9832.84	7.345
9837.85	7.345
9842.87	7.344
9847.88	7.344
9852.90	7.344
9857.91	7.344
9862.93	7.344
9867.94	7.344
9872.96	7.344
9877.97	7.344
9882.98	7.343
9888.00	7.343
9893.01	7.343
9898.03	7.343
9903.04	7.343
9908.06	7.342
9913.07	7.342
9918.08	7.342
9923.09	7.342
9928.10	7.342
9933.12	7.342
9938.14	7.342
9943.16	7.342
9948.17	7.341
9953.18	7.341
9958.20	7.341
9963.21	7.341
9968.23	7.341
9973.24	7.341
9978.26	7.341
9983.27	7.340
9988.29	7.340
9993.30	7.340
9998.31	7.340
10003.33	7.340
10008.34	7.340
10013.36	7.340
10018.37	7.339
10023.39	7.339
10028.40	7.339
10033.41	7.339
10038.43	7.339
10043.44	7.338
10048.45	7.338
10053.47	7.338
10058.48	7.338
10063.50	7.338
10068.51	7.338
10073.52	7.337
10078.54	7.337
10083.55	7.337
10088.57	7.337
10093.58	7.337
10098.60	7.337
10103.62	7.336
10108.63	7.336
10113.65	7.336
10118.66	7.336
10123.68	7.336
10128.69	7.336
10133.70	7.335
10138.72	7.335
10143.73	7.335
10148.75	7.335
10153.76	7.335
10158.77	7.334
10163.78	7.334
10168.79	7.334
10173.80	7.334
10178.82	7.334
10183.83	7.334
10188.84	7.333
10193.86	7.333
10198.87	7.333
10203.88	7.333
10208.90	7.332
10213.91	7.332
10218.93	7.332
10223.94	7.332
10228.96	7.332
10233.97	7.331
10238.99	7.331
10244.00	7.331
10249.01	7.331
10254.03	7.331
10259.05	7.330
10264.06	7.330
10269.08	7.330
10274.09	7.330
10279.10	7.329
10284.12	7.329
10289.13	7.329
10294.15	7.329
10299.16	7.329
10304.17	7.329
10309.19	7.328
10314.20	7.328
10319.22	7.328
10324.23	7.327
10329.25	7.327
10334.26	7.327
10339.28	7.327
10344.29	7.327
10349.31	7.326
10354.32	7.326
10359.34	7.326
10364.35	7.326
10369.37	7.325
10374.38	7.325
10379.40	7.325
10384.41	7.325
10389.42	7.324
10394.44	7.324
10399.45	7.324
10404.47	7.324
10409.48	7.323
10414.50	7.323
10419.51	7.323
10424.52	7.323
10429.54	7.322
10434.55	7.322
10439.57	7.322
10444.58	7.322
10449.60	7.322
10454.61	7.321
10459.63	7.321
10464.64	7.321
10469.65	7.320
10474.67	7.320
10479.68	7.320
10484.70	7.319
10489.71	7.319
10494.73	7.319
10499.74	7.319
10504.76	7.319
10509.77	7.318
10514.79	7.318
10519.80	7.318
10524.82	7.317
10529.83	7.317
10534.84	7.317
10539.86	7.316
10544.87	7.316
10549.89	7.316
10554.90	7.315
10559.92	7.315
10564.93	7.315
10569.94	7.315
10574.96	7.314
10579.97	7.314
10584.99	7.314
10590.00	7.313
10595.02	7.313
10600.03	7.313
10605.04	7.312
10610.06	7.312
10615.08	7.312
10620.09	7.312
10625.10	7.311
10630.12	7.311
10635.13	7.311
10640.15	7.310
10645.16	7.310
10650.18	7.310
10655.19	7.309
10660.21	7.309
10665.22	7.309
10670.23	7.308
10675.25	7.308
10680.26	7.308
10685.28	7.307
10690.29	7.307
10695.31	7.306
10700.32	7.306
10705.34	7.306
10710.35	7.305
10715.37	7.305
10720.38	7.305
10725.39	7.304
10730.41	7.304
10735.42	7.304
10740.44	7.303
10745.45	7.303
10750.47	7.303
10755.48	7.302
10760.50	7.302
10765.51	7.301
10770.52	7.301
10775.54	7.301
10780.55	7.300
10785.57	7.300
10790.58	7.299
10795.60	7.299
10800.61	7.299
10805.63	7.298
10810.64	7.298
10815.66	7.298
10820.68	7.297
10825.69	7.297
10830.70	7.296
10835.72	7.296
10840.73	7.296
10845.75	7.295
10850.76	7.295
10855.78	7.294
10860.80	7.294
10865.81	7.293
10870.83	7.293
10875.84	7.293
10880.86	7.292
10885.87	7.292
10890.88	7.291
10895.89	7.291
10900.90	7.290
10905.92	7.290
10910.93	7.290
10915.94	7.289
10920.95	7.289
10925.96	7.289
10930.97	7.288
10935.98	7.288
10941.00	7.287
10946.02	7.287
10951.03	7.286
10956.05	7.286
10961.06	7.285
10966.08	7.285
10971.09	7.284
10976.10	7.284
10981.12	7.283
10986.14	7.283
10991.15	7.282
10996.16	7.282
11001.18	7.281
11006.19	7.281
11011.21	7.280
11016.22	7.280
11021.23	7.279
11026.25	7.279
11031.26	7.278
11036.28	7.278
11041.29	7.277
11046.32	7.277
11051.33	7.276
11056.35	7.276
11061.36	7.275
11066.38	7.275
11071.39	7.274
11076.40	7.273
11081.42	7.273
11086.43	7.272
11091.45	7.272
11096.46	7.271
11101.48	7.271
11106.49	7.270
11111.51	7.270
11116.52	7.269
11121.53	7.269
11126.55	7.268
11131.56	7.268
11136.58	7.267
11141.59	7.267
11146.61	7.266
11151.62	7.266
11156.64	7.265
11161.65	7.264
11166.67	7.264
11171.68	7.263
11176.69	7.263
11181.71	7.262
11186.72	7.262
11191.74	7.261
11196.75	7.260
11201.77	7.260
11206.78	7.259
11211.80	7.259
11216.82	7.258
11221.84	7.257
11226.85	7.257
11231.87	7.256
11236.88	7.255
11241.90	7.255
11246.91	7.254
11251.93	7.254
11256.94	7.253
11261.95	7.252
11266.97	7.252
11271.98	7.251
11277.00	7.251
11282.01	7.250
11287.03	7.249
11292.04	7.249
11297.06	7.248
11302.07	7.248
11307.09	7.247
11312.10	7.246
11317.12	7.246
11322.13	7.245
11327.14	7.245
11332.16	7.244
11337.17	7.243
11342.19	7.242
11347.20	7.242
11352.22	7.241
11357.23	7.240
11362.25	7.240
11367.26	7.239
11372.28	7.239
11377.29	7.238
11382.30	7.237
11387.32	7.236
11392.33	7.236
11397.35	7.235
11402.36	7.235
11407.38	7.234
11412.39	7.233
11417.41	7.232
11422.42	7.232
11427.43	7.231
11432.45	7.231
11437.46	7.230
11442.48	7.229
11447.49	7.229
11452.51	7.228
11457.52	7.227
11462.54	7.227
11467.55	7.226
11472.57	7.225
11477.58	7.224
11482.60	7.224
11487.61	7.223
11492.63	7.222
11497.64	7.222
11502.65	7.221
11507.67	7.220
11512.68	7.220
11517.70	7.219
11522.71	7.219
11527.73	7.218
11532.74	7.217
11537.75	7.216
11542.77	7.216
11547.78	7.215
11552.80	7.214
11557.81	7.213
11562.82	7.213
11567.84	7.212
11572.85	7.211
11577.87	7.211
11582.88	7.210
11587.90	7.209
11592.91	7.208
11597.93	7.208
11602.94	7.207
11607.95	7.206
11612.97	7.205
11617.98	7.205
11623.00	7.204
11628.01	7.203
11633.02	7.202
11638.04	7.202
11643.06	7.201
11648.07	7.200
11653.08	7.200
11658.10	7.199
11663.11	7.198
11668.13	7.197
11673.14	7.197
11678.16	7.196
11683.17	7.195
11688.19	7.194
11693.20	7.194
11698.22	7.193
11703.23	7.192
11708.24	7.192
11713.26	7.191
11718.28	7.190
11723.29	7.189
11728.30	7.188
11733.32	7.188
11738.34	7.187
11743.35	7.186
11748.36	7.185
11753.38	7.184
11758.39	7.184
11763.41	7.183
11768.42	7.182
11773.44	7.181
11778.45	7.180
11783.47	7.180
11788.48	7.179
11793.49	7.178
11798.51	7.177
11803.52	7.177
11808.54	7.176
11813.55	7.175
11818.57	7.175
11823.58	7.174
11828.60	7.173
11833.61	7.172
11838.62	7.172
11843.63	7.171
11848.65	7.170
11853.66	7.169
11858.68	7.168
11863.69	7.168
11868.70	7.167
11873.72	7.166
11878.73	7.165
11883.74	7.164
11888.75	7.164
11893.76	7.163
11898.77	7.162
11903.79	7.161
11908.81	7.160
11913.82	7.160
11918.84	7.159
11923.85	7.158
11928.86	7.157
11933.88	7.156
11938.89	7.156
11943.91	7.155
11948.93	7.154
11953.94	7.153
11958.95	7.152
11963.97	7.152
11968.98	7.151
11974.00	7.150
11979.01	7.149
11984.02	7.148
11989.04	7.148
11994.05	7.147
11999.07	7.146
12004.08	7.145
12009.10	7.144
12014.11	7.143
12019.12	7.143
12024.14	7.142
12029.15	7.141
12034.17	7.140
12039.18	7.139
12044.19	7.139
12049.21	7.138
12054.22	7.137
12059.24	7.136
12064.25	7.135
12069.26	7.134
12074.28	7.134
12079.29	7.133
12084.30	7.132
12089.31	7.131
12094.32	7.130
12099.33	7.130
12104.35	7.129
12109.36	7.128
12114.38	7.127
12119.39	7.126
12124.41	7.125
12129.42	7.124
12134.43	7.124
12139.45	7.123
12144.46	7.122
12149.48	7.121
12154.49	7.120
12159.51	7.120
12164.52	7.119
12169.53	7.118
12174.55	7.117
12179.56	7.116
12184.57	7.115
12189.58	7.114
12194.59	7.114
12199.61	7.113
12204.62	7.112
12209.64	7.111
12214.65	7.110
12219.66	7.109
12224.68	7.108
12229.69	7.107
12234.71	7.107
12239.72	7.106
12244.74	7.105
12249.75	7.104
12254.76	7.103
12259.77	7.102
12264.78	7.101
12269.79	7.100
12274.81	7.100
12279.82	7.099
12284.83	7.098
12289.84	7.097
12294.85	7.096
12299.86	7.095
12304.88	7.094
12309.89	7.094
12314.90	7.092
12319.91	7.092
12324.92	7.091
12329.93	7.090
12334.95	7.089
12339.96	7.088
12344.97	7.087
12349.98	7.086
12354.99	7.085
12360.01	7.085
12365.03	7.084
12370.05	7.083
12375.06	7.082
12380.08	7.081
12385.09	7.080
12390.11	7.079
12395.12	7.078
12400.14	7.077
12405.15	7.076
12410.17	7.076
12415.18	7.075
12420.19	7.074
12425.21	7.073
12430.22	7.072
12435.24	7.071
12440.25	7.070
12445.26	7.069
12450.27	7.068
12455.28	7.067
12460.30	7.066
12465.31	7.065
12470.32	7.065
12475.34	7.064
12480.35	7.063
12485.37	7.062
12490.38	7.061
12495.40	7.060
12500.41	7.059
12505.42	7.058
12510.44	7.057
12515.45	7.056
12520.47	7.055
12525.48	7.054
12530.49	7.053
12535.51	7.052
12540.52	7.052
12545.54	7.051
12550.55	7.050
12555.57	7.048
12560.58	7.048
12565.60	7.047
12570.61	7.046
12575.62	7.045
12580.64	7.044
12585.65	7.043
12590.67	7.042
12595.68	7.041
12600.70	7.040
12605.71	7.039
12610.72	7.038
12615.74	7.037
12620.75	7.036
12625.77	7.035
12630.78	7.034
12635.79	7.033
12640.81	7.033
12645.83	7.031
12650.84	7.030
12655.85	7.029
12660.87	7.029
12665.88	7.027
12670.90	7.027
12675.91	7.026
12680.93	7.025
12685.94	7.024
12690.96	7.023
12695.97	7.022
12700.99	7.021
12706.00	7.020
12711.01	7.019
12716.03	7.018
12721.04	7.017
12726.06	7.016
12731.07	7.015
12736.09	7.014
12741.10	7.013
12746.11	7.012
12751.13	7.011
12756.14	7.010
12761.16	7.009
12766.17	7.008
12771.19	7.007
12776.20	7.006
12781.22	7.005
12786.23	7.004
12791.25	7.003
12796.26	7.002
12801.28	7.001
12806.29	7.000
12811.31	6.999
12816.32	6.998
12821.34	6.997
12826.35	6.996
12831.36	6.995
12836.38	6.994
12841.40	6.993
12846.41	6.992
12851.42	6.991
12856.43	6.990
12861.45	6.989
12866.46	6.988
12871.48	6.987
12876.49	6.986
12881.50	6.985
12886.52	6.984
12891.53	6.983
12896.55	6.982
12901.56	6.981
12906.58	6.980
12911.59	6.979
12916.60	6.978
12921.62	6.976
12926.63	6.976
12931.65	6.974
12936.66	6.973
12941.68	6.972
12946.69	6.971
12951.70	6.970
12956.72	6.969
12961.73	6.968
12966.75	6.967
12971.76	6.966
12976.78	6.965
12981.79	6.964
12986.81	6.963
12991.82	6.962
12996.83	6.961
13001.85	6.960
13006.86	6.959
13011.87	6.958
13016.89	6.956
13021.91	6.955
13026.92	6.954
13031.94	6.953
13036.95	6.952
13041.96	6.951
13046.98	6.950
13051.99	6.949
13057.01	6.948
13062.02	6.947
13067.04	6.945
13072.05	6.944
13077.07	6.943
13082.08	6.942
13087.10	6.941
13092.11	6.940
13097.12	6.939
13102.14	6.938
13107.15	6.937
13112.17	6.936
13117.18	6.935
13122.20	6.934
13127.21	6.932
13132.22	6.931
13137.24	6.930
13142.26	6.929
13147.27	6.928
13152.28	6.927
13157.30	6.926
13162.31	6.925
13167.33	6.924
13172.35	6.923
13177.36	6.922
13182.37	6.920
13187.39	6.919
13192.40	6.918
13197.42	6.917
13202.43	6.916
13207.45	6.915
13212.46	6.914
13217.48	6.912
13222.49	6.911
13227.51	6.910
13232.52	6.909
13237.54	6.908
13242.55	6.907
13247.56	6.906
13252.58	6.905
13257.59	6.904
13262.61	6.903
13267.63	6.901
13272.64	6.900
13277.65	6.899
13282.67	6.898
13287.68	6.897
13292.69	6.896
13297.71	6.894
13302.73	6.893
13307.74	6.892
13312.76	6.891
13317.77	6.890
13322.78	6.889
13327.80	6.888
13332.81	6.886
13337.83	6.885
13342.84	6.884
13347.86	6.883
13352.87	6.882
13357.89	6.881
13362.90	6.879
13367.92	6.878
13372.93	6.877
13377.94	6.876
13382.96	6.875
13387.97	6.874
13392.99	6.872
13398.00	6.871
13403.01	6.870
13408.03	6.869
13413.04	6.868
13418.06	6.866
13423.07	6.865
13428.09	6.864
13433.10	6.863
13438.12	6.862
13443.13	6.861
13448.15	6.859
13453.16	6.858
13458.17	6.857
13463.19	6.856
13468.21	6.854
13473.22	6.853
13478.23	6.852
13483.25	6.851
13488.26	6.849
13493.28	6.848
13498.29	6.847
13503.31	6.846
13508.32	6.845
13513.34	6.843
13518.35	6.842
13523.36	6.841
13528.38	6.840
13533.39	6.838
13538.41	6.837
13543.42	6.836
13548.44	6.835
13553.45	6.834
13558.47	6.833
13563.48	6.831
13568.50	6.830
13573.51	6.829
13578.53	6.828
13583.54	6.826
13588.56	6.825
13593.57	6.824
13598.58	6.823
13603.60	6.821
13608.61	6.820
13613.63	6.819
13618.64	6.817
13623.66	6.816
13628.67	6.815
13633.69	6.814
13638.70	6.813
13643.71	6.811
13648.72	6.810
13653.73	6.809
13658.74	6.808
13663.75	6.806
13668.77	6.805
13673.78	6.804
13678.79	6.802
13683.80	6.801
13688.81	6.800
13693.83	6.798
13698.85	6.797
13703.86	6.796
13708.87	6.795
13713.89	6.793
13718.90	6.792
13723.92	6.791
13728.93	6.789
13733.94	6.788
13738.96	6.787
13743.98	6.785
13748.99	6.784
13754.00	6.783
13759.02	6.782
13764.03	6.780
13769.05	6.779
13774.06	6.778
13779.08	6.777
13784.09	6.775
13789.10	6.774
13794.12	6.773
13799.14	6.771
13804.15	6.770
13809.17	6.768
13814.18	6.767
13819.19	6.766
13824.21	6.765
13829.22	6.763
13834.24	6.762
13839.25	6.761
13844.27	6.759
13849.28	6.758
13854.29	6.756
13859.31	6.755
13864.33	6.754
13869.34	6.753
13874.36	6.751
13879.37	6.750
13884.39	6.748
13889.40	6.747
13894.42	6.746
13899.43	6.744
13904.44	6.743
13909.46	6.742
13914.47	6.740
13919.49	6.739
13924.50	6.738
13929.52	6.736
13934.53	6.735
13939.55	6.733
13944.56	6.732
13949.58	6.731
13954.59	6.729
13959.60	6.728
13964.62	6.726
13969.63	6.725
13974.65	6.724
13979.66	6.722
13984.68	6.721
13989.69	6.719
13994.71	6.718
13999.72	6.717
14004.73	6.715
14009.75	6.714
14014.76	6.712
14019.78	6.711
14024.79	6.709
14029.80	6.708
14034.82	6.706
14039.83	6.705
14044.85	6.704
14049.86	6.702
14054.88	6.701
14059.89	6.699
14064.91	6.698
14069.92	6.697
14074.93	6.695
14079.95	6.694
14084.96	6.692
14089.98	6.691
14094.99	6.689
14100.01	6.688
14105.03	6.687
14110.04	6.685
14115.05	6.684
14120.07	6.682
14125.08	6.681
14130.10	6.679
14135.11	6.678
14140.13	6.676
14145.14	6.675
14150.15	6.674
14155.17	6.672
14160.19	6.671
14165.20	6.669
14170.21	6.668
14175.23	6.666
14180.24	6.665
14185.26	6.663
14190.27	6.662
14195.28	6.660
14200.30	6.659
14205.31	6.657
14210.33	6.656
14215.34	6.654
14220.36	6.653
14225.37	6.651
14230.39	6.650
14235.40	6.648
14240.42	6.647
14245.43	6.645
14250.44	6.644
14255.46	6.642
14260.47	6.641
14265.49	6.639
14270.50	6.638
14275.52	6.636
14280.53	6.634
14285.55	6.633
14290.56	6.631
14295.57	6.630
14300.59	6.628
14305.60	6.627
14310.62	6.625
14315.63	6.624
14320.64	6.622
14325.66	6.621
14330.67	6.619
14335.69	6.618
14340.71	6.616
14345.72	6.614
14350.73	6.613
14355.75	6.611
14360.76	6.610
14365.78	6.609
14370.79	6.607
14375.81	6.605
14380.82	6.604
14385.84	6.602
14390.85	6.600
14395.86	6.599
14400.88	6.597
14405.89	6.596
14410.91	6.594
14415.93	6.592
14420.94	6.591
14425.96	6.589
14430.97	6.588
14435.99	6.586
14441.00	6.585
14446.02	6.583
14451.03	6.581
14456.05	6.580
14461.06	6.578
14466.07	6.577
14471.08	6.575
14476.09	6.573
14481.10	6.572
14486.12	6.570
14491.13	6.568
14496.14	6.567
14501.15	6.565
14506.16	6.564
14511.17	6.562
14516.18	6.560
14521.19	6.559
14526.21	6.557
14531.22	6.555
14536.23	6.554
14541.24	6.552
14546.25	6.550
14551.26	6.549
14556.28	6.547
14561.28	6.545
14566.29	6.544
14571.30	6.542
14576.31	6.540
14581.32	6.539
14586.33	6.537
14591.34	6.535
14596.34	6.533
14601.35	6.532
14606.36	6.530
14611.37	6.528
14616.38	6.526
14621.39	6.525
14626.40	6.523
14631.41	6.521
14636.42	6.520
14641.43	6.518
14646.45	6.516
14651.46	6.514
14656.47	6.512
14661.48	6.511
14666.49	6.509
14671.50	6.507
14676.51	6.506
14681.52	6.504
14686.53	6.502
14691.54	6.500
14696.56	6.498
14701.57	6.497
14706.58	6.495
14711.58	6.493
14716.59	6.491
14721.60	6.490
14726.61	6.488
14731.62	6.486
14736.64	6.484
14741.65	6.483
14746.66	6.481
14751.68	6.479
14756.69	6.477
14761.70	6.475
14766.71	6.474
14771.72	6.472
14776.73	6.470
14781.74	6.468
14786.75	6.467
14791.75	6.465
14796.76	6.463
14801.77	6.461
14806.78	6.459
14811.79	6.457
14816.80	6.456
14821.81	6.454
14826.81	6.452
14831.82	6.450
14836.83	6.448
14841.84	6.446
14846.86	6.445
14851.86	6.443
14856.87	6.441
14861.88	6.439
14866.89	6.437
14871.90	6.436
14876.91	6.434
14881.91	6.432
14886.92	6.430
14891.93	6.428
14896.94	6.426
14901.95	6.424
14906.96	6.422
14911.97	6.421
14916.97	6.419
14921.98	6.417
14926.99	6.415
14932.00	6.413
14937.01	6.411
14942.02	6.409
14947.03	6.407
14952.03	6.405
14957.04	6.403
14962.05	6.402
14967.06	6.400
14972.07	6.398
14977.08	6.396
14982.08	6.394
14987.09	6.392
14992.10	6.390
14997.11	6.388
15002.12	6.386
15007.13	6.384
15012.14	6.382
15017.14	6.380
15022.15	6.378
15027.16	6.376
15032.17	6.374
15037.18	6.372
15042.19	6.370
15047.20	6.368
15052.20	6.366
15057.21	6.364
15062.22	6.362
15067.23	6.360
15072.24	6.358
15077.25	6.356
15082.25	6.354
15087.26	6.352
15092.27	6.350
15097.28	6.348
15102.29	6.346
15107.30	6.344
15112.31	6.342
15117.31	6.340
15122.32	6.338
15127.33	6.336
15132.34	6.333
15137.35	6.331
15142.36	6.329
15147.37	6.327
15152.37	6.325
15157.38	6.323
15162.39	6.321
15167.40	6.319
15172.41	6.316
15177.42	6.314
15182.43	6.312
15187.43	6.310
15192.44	6.308
15197.45	6.305
15202.46	6.303
15207.47	6.301
15212.48	6.299
15217.48	6.297
15222.49	6.294
15227.50	6.292
15232.51	6.290
15237.52	6.288
15242.53	6.286
15247.54	6.283
15252.54	6.281
15257.55	6.279
15262.56	6.276
15267.57	6.274
15272.58	6.272
15277.59	6.270
15282.60	6.268
15287.60	6.265
15292.61	6.263
15297.62	6.261
15302.63	6.258
15307.64	6.256
15312.65	6.254
15317.66	6.252
15322.66	6.249
15327.67	6.247
15332.68	6.245
15337.69	6.242
15342.70	6.240
15347.71	6.238
15352.72	6.235
15357.72	6.233
15362.73	6.231
15367.74	6.228
15372.75	6.226
15377.76	6.224
15382.77	6.221
15387.77	6.219
15392.78	6.217
15397.79	6.214
15402.80	6.212
15407.82	6.210
15412.83	6.207
15417.85	6.205
15422.86	6.202
15427.87	6.200
15432.88	6.198
15437.89	6.195
15442.90	6.193
15447.91	6.191
15452.92	6.188
15457.93	6.186
15462.94	6.183
15467.95	6.181
15472.96	6.179
15477.98	6.176
15482.99	6.174
15488.00	6.172
15493.01	6.169
15498.02	6.167
15503.03	6.165
15508.05	6.162
15513.05	6.160
15518.06	6.157
15523.07	6.155
15528.08	6.153
15533.09	6.150
15538.10	6.148
15543.11	6.146
15548.11	6.143
15553.12	6.141
15558.13	6.139
15563.14	6.136
15568.15	6.134
15573.16	6.131
15578.17	6.129
15583.17	6.127
15588.18	6.124
15593.19	6.122
15598.20	6.119
15603.21	6.117
15608.21	6.115
15613.22	6.113
15618.23	6.110
15623.24	6.108
15628.25	6.106
15633.26	6.103
15638.27	6.101
15643.27	6.098
15648.28	6.096
15653.29	6.094
15658.30	6.091
15663.31	6.089
15668.32	6.087
15673.33	6.084
15678.33	6.082
15683.34	6.079
15688.35	6.077
15693.36	6.075
15698.37	6.073
15703.38	6.070
15708.38	6.068
15713.39	6.066
15718.40	6.063
15723.41	6.061
15728.42	6.059
15733.43	6.056
15738.44	6.054
15743.45	6.052
15748.46	6.049
15753.47	6.047
15758.48	6.045
15763.49	6.042
15768.50	6.040
15773.52	6.038
15778.52	6.036
15783.53	6.033
15788.54	6.031
15793.55	6.029
15798.56	6.026
15803.57	6.024
15808.58	6.021
15813.59	6.019
15818.60	6.017
15823.62	6.015
15828.63	6.012
15833.64	6.010
15838.65	6.008
15843.66	6.005
15848.68	6.003
15853.69	6.001
15858.70	5.999
15863.71	5.996
15868.72	5.994
15873.73	5.992
15878.74	5.989
15883.76	5.987
15888.77	5.985
15893.78	5.983
15898.79	5.981
15903.80	5.978
15908.81	5.976
15913.82	5.974
15918.83	5.972
