2.51	7.899
7.52	7.899
12.53	7.899
17.54	7.899
22.55	7.899
27.56	7.899
32.57	7.899
37.59	7.899
42.60	7.899
47.61	7.899
52.62	7.899
57.63	7.899
62.64	7.710
67.66	7.715
72.67	7.718
77.68	7.720
82.69	7.721
87.70	7.722
92.71	7.722
97.73	7.723
102.74	7.723
107.75	7.723
112.76	7.723
117.77	7.722
122.78	7.722
127.79	7.722
132.81	7.721
137.82	7.721
142.83	7.720
147.84	7.720
152.85	7.719
157.86	7.719
162.88	7.718
167.89	7.718
172.90	7.717
177.91	7.717
182.92	7.717
187.93	7.716
192.94	7.716
197.96	7.716
202.97	7.716
207.98	7.715
212.99	7.715
218.00	7.715
223.01	7.714
228.02	7.714
233.04	7.713
238.05	7.713
243.06	7.713
248.07	7.713
253.08	7.713
258.09	7.712
263.11	7.712
268.12	7.712
273.13	7.712
278.14	7.711
283.15	7.711
288.16	7.711
293.18	7.710
298.19	7.710
303.20	7.710
308.21	7.709
313.22	7.709
318.23	7.709
323.25	7.709
328.26	7.708
333.28	7.708
338.29	7.708
343.31	7.708
348.32	7.708
353.33	7.707
358.35	7.707
363.37	7.707
368.38	7.706
373.39	7.706
378.41	7.706
383.42	7.705
388.44	7.705
393.45	7.705
398.47	7.705
403.48	7.704
408.49	7.704
413.51	7.704
418.52	7.704
423.54	7.703
428.55	7.703
433.56	7.703
438.58	7.703
443.59	7.702
448.60	7.702
453.62	7.702
458.64	7.702
463.65	7.702
468.66	7.701
473.68	7.701
478.69	7.701
483.70	7.701
488.71	7.700
493.72	7.700
498.73	7.700
503.75	7.700
508.76	7.699
513.77	7.700
518.78	7.699
523.79	7.699
528.80	7.699
533.81	7.698
538.83	7.698
543.84	7.698
548.85	7.698
553.86	7.697
558.87	7.697
563.88	7.697
568.90	7.697
573.91	7.696
578.93	7.696
583.94	7.696
588.95	7.696
593.97	7.696
598.98	7.695
604.00	7.695
609.01	7.695
614.02	7.695
619.04	7.694
624.05	7.694
629.06	7.694
634.07	7.694
639.08	7.693
644.10	7.693
649.11	7.693
654.12	7.693
659.13	7.692
664.14	7.692
669.15	7.692
674.16	7.692
679.18	7.692
684.19	7.691
689.21	7.691
694.23	7.691
699.24	7.691
704.25	7.690
709.27	7.690
714.28	7.690
719.29	7.690
724.31	7.689
729.32	7.689
734.34	7.689
739.35	7.689
744.37	7.689
749.38	7.688
754.39	7.688
759.41	7.688
764.42	7.688
769.44	7.688
774.45	7.688
779.47	7.687
784.48	7.687
789.50	7.687
794.51	7.687
799.52	7.686
804.53	7.686
809.54	7.686
814.56	7.686
819.57	7.685
824.58	7.685
829.59	7.685
834.60	7.685
839.61	7.684
844.62	7.684
849.64	7.684
854.65	7.684
859.66	7.683
864.67	7.683
869.68	7.683
874.69	7.683
879.70	7.683
884.72	7.682
889.73	7.682
894.74	7.682
899.75	7.682
904.76	7.682
909.78	7.681
914.80	7.681
919.81	7.681
924.83	7.681
929.84	7.681
934.86	7.680
939.87	7.680
944.88	7.680
949.90	7.680
954.91	7.679
959.92	7.679
964.93	7.679
969.94	7.679
974.96	7.678
979.97	7.678
984.98	7.678
989.99	7.678
995.00	7.677
1000.01	7.677
1005.02	7.677
1010.04	7.677
1015.05	7.676
1020.06	7.676
1025.07	7.676
1030.08	7.676
1035.09	7.675
1040.11	7.675
1045.12	7.675
1050.13	7.675
1055.14	7.675
1060.15	7.674
1065.16	7.674
1070.17	7.674
1075.18	7.674
1080.20	7.674
1085.21	7.674
1090.22	7.673
1095.23	7.673
1100.24	7.673
1105.25	7.672
1110.26	7.672
1115.28	7.672
1120.29	7.672
1125.30	7.672
1130.31	7.671
1135.32	7.671
1140.33	7.671
1145.34	7.671
1150.36	7.671
1155.37	7.670
1160.38	7.670
1165.39	7.670
1170.40	7.670
1175.41	7.670
1180.43	7.669
1185.44	7.669
1190.45	7.669
1195.46	7.669
1200.47	7.668
1205.48	7.668
1210.49	7.668
1215.51	7.668
1220.52	7.668
1225.53	7.667
1230.54	7.667
1235.55	7.667
1240.56	7.667
1245.57	7.666
1250.58	7.666
1255.60	7.666
1260.61	7.666
1265.62	7.665
1270.63	7.665
1275.64	7.665
1280.65	7.665
1285.67	7.665
1290.68	7.664
1295.69	7.664
1300.70	7.664
1305.71	7.664
1310.72	7.663
1315.74	7.663
1320.75	7.663
1325.76	7.663
1330.77	7.663
1335.78	7.662
1340.79	7.662
1345.80	7.662
1350.82	7.662
1355.83	7.662
1360.84	7.661
1365.85	7.661
1370.86	7.661
1375.87	7.661
1380.89	7.660
1385.90	7.660
1390.91	7.660
1395.92	7.660
1400.93	7.660
1405.94	7.659
1410.95	7.659
1415.97	7.659
1420.98	7.658
1425.99	7.658
1431.00	7.658
1436.01	7.658
1441.02	7.658
1446.04	7.658
1451.05	7.658
1456.06	7.658
1461.07	7.657
1466.08	7.657
1471.09	7.657
1476.11	7.656
1481.12	7.656
1486.13	7.656
1491.14	7.655
1496.15	7.655
1501.16	7.655
1506.17	7.655
1511.19	7.654
1516.20	7.654
1521.21	7.654
1526.22	7.654
1531.23	7.654
1536.24	7.653
1541.26	7.653
1546.27	7.653
1551.28	7.653
1556.29	7.653
1561.30	7.653
1566.31	7.653
1571.32	7.652
1576.34	7.652
1581.35	7.652
1586.36	7.652
1591.37	7.652
1596.38	7.651
1601.39	7.651
1606.41	7.651
1611.42	7.651
1616.43	7.650
1621.45	7.650
1626.46	7.650
1631.48	7.650
1636.49	7.650
1641.50	7.650
1646.52	7.650
1651.53	7.649
1656.54	7.649
1661.56	7.649
1666.57	7.649
1671.58	7.648
1676.59	7.648
1681.60	7.648
1686.61	7.648
1691.63	7.647
1696.65	7.647
1701.66	7.647
1706.67	7.647
1711.69	7.647
1716.70	7.647
1721.72	7.646
1726.73	7.646
1731.74	7.646
1736.75	7.646
1741.76	7.645
1746.78	7.645
1751.79	7.645
1756.80	7.645
1761.81	7.644
1766.82	7.644
1771.83	7.644
1776.85	7.644
1781.86	7.644
1786.87	7.644
1791.88	7.643
1796.89	7.643
1801.90	7.643
1806.91	7.643
1811.93	7.643
1816.94	7.643
1821.95	7.642
1826.96	7.642
1831.97	7.642
1836.98	7.642
1841.99	7.641
1847.01	7.641
1852.02	7.641
1857.03	7.641
1862.04	7.641
1867.05	7.640
1872.06	7.640
1877.07	7.640
1882.09	7.640
1887.10	7.640
1892.11	7.639
1897.12	7.639
1902.13	7.639
1907.14	7.639
1912.16	7.638
1917.17	7.638
1922.18	7.638
1927.19	7.638
1932.20	7.638
1937.21	7.638
1942.22	7.637
1947.24	7.637
1952.25	7.637
1957.26	7.637
1962.27	7.636
1967.28	7.636
1972.29	7.636
1977.31	7.636
1982.32	7.636
1987.33	7.635
1992.34	7.635
1997.35	7.635
2002.36	7.635
2007.37	7.635
2012.39	7.635
2017.40	7.635
2022.41	7.634
2027.42	7.634
2032.43	7.634
2037.44	7.634
2042.46	7.633
2047.47	7.633
2052.48	7.633
2057.49	7.633
2062.50	7.632
2067.51	7.632
2072.52	7.632
2077.55	7.632
2082.56	7.632
2087.57	7.632
2092.59	7.631
2097.61	7.631
2102.62	7.631
2107.63	7.631
2112.64	7.630
2117.65	7.630
2122.66	7.630
2127.68	7.630
2132.69	7.630
2137.70	7.630
2142.71	7.629
2147.72	7.629
2152.73	7.629
2157.75	7.629
2162.77	7.629
2167.78	7.628
2172.80	7.628
2177.81	7.628
2182.82	7.628
2187.84	7.628
2192.85	7.627
2197.86	7.627
2202.87	7.627
2207.88	7.627
2212.89	7.626
2217.91	7.626
2222.93	7.626
2227.94	7.626
2232.95	7.626
2237.97	7.626
2242.98	7.625
2247.99	7.625
2253.00	7.625
2258.02	7.625
2263.03	7.625
2268.04	7.624
2273.05	7.624
2278.07	7.624
2283.09	7.624
2288.10	7.624
2293.11	7.624
2298.13	7.623
2303.14	7.623
2308.16	7.623
2313.17	7.623
2318.18	7.622
2323.19	7.622
2328.20	7.622
2333.21	7.622
2338.23	7.622
2343.24	7.621
2348.25	7.621
2353.26	7.621
2358.27	7.621
2363.28	7.621
2368.30	7.620
2373.31	7.620
2378.32	7.620
2383.33	7.620
2388.34	7.620
2393.36	7.619
2398.37	7.619
2403.38	7.619
2408.39	7.619
2413.40	7.619
2418.41	7.618
2423.43	7.618
2428.44	7.618
2433.45	7.618
2438.46	7.618
2443.47	7.617
2448.48	7.617
2453.50	7.617
2458.51	7.617
2463.52	7.616
2468.53	7.616
2473.54	7.616
2478.55	7.616
2483.57	7.616
2488.58	7.615
2493.59	7.615
2498.60	7.615
2503.61	7.615
2508.62	7.614
2513.63	7.614
2518.65	7.614
2523.66	7.614
2528.67	7.614
2533.68	7.613
2538.69	7.613
2543.70	7.613
2548.72	7.613
2553.73	7.613
2558.74	7.613
2563.75	7.612
2568.76	7.612
2573.77	7.612
2578.79	7.612
2583.80	7.612
2588.81	7.612
2593.82	7.611
2598.83	7.611
2603.85	7.611
2608.86	7.611
2613.87	7.610
2618.88	7.610
2623.89	7.610
2628.90	7.610
2633.92	7.609
2638.93	7.609
2643.94	7.609
2648.95	7.609
2653.96	7.609
2658.97	7.609
2663.98	7.608
2669.00	7.608
2674.01	7.608
2679.03	7.608
2684.05	7.608
2689.06	7.607
2694.07	7.607
2699.09	7.607
2704.10	7.607
2709.12	7.607
2714.13	7.607
2719.14	7.606
2724.16	7.606
2729.17	7.606
2734.18	7.605
2739.19	7.605
2744.21	7.605
2749.22	7.605
2754.23	7.605
2759.24	7.605
2764.25	7.605
2769.26	7.604
2774.27	7.604
2779.29	7.604
2784.30	7.604
2789.31	7.604
2794.32	7.603
2799.33	7.603
2804.34	7.603
2809.36	7.603
2814.37	7.602
2819.38	7.602
2824.39	7.602
2829.40	7.602
2834.41	7.602
2839.43	7.601
2844.44	7.601
2849.45	7.601
2854.46	7.601
2859.47	7.601
2864.49	7.600
2869.50	7.600
2874.52	7.600
2879.53	7.599
2884.54	7.600
2889.55	7.599
2894.56	7.599
2899.57	7.599
2904.58	7.599
2909.60	7.599
2914.61	7.599
2919.62	7.598
2924.63	7.598
2929.64	7.598
2934.65	7.597
2939.66	7.597
2944.67	7.597
2949.69	7.597
2954.70	7.597
2959.71	7.596
2964.72	7.596
2969.73	7.596
2974.74	7.596
2979.75	7.596
2984.76	7.595
2989.78	7.595
2994.79	7.595
2999.80	7.595
3004.81	7.595
3009.82	7.594
3014.84	7.594
3019.85	7.594
3024.86	7.594
3029.87	7.594
3034.88	7.593
3039.89	7.593
3044.90	7.593
3049.92	7.593
3054.93	7.593
3059.94	7.592
3064.95	7.592
3069.96	7.592
3074.97	7.592
3079.99	7.592
3085.00	7.591
3090.01	7.591
3095.02	7.591
3100.03	7.591
3105.04	7.591
3110.05	7.590
3115.07	7.590
3120.08	7.590
3125.09	7.590
3130.10	7.589
3135.12	7.589
3140.13	7.589
3145.15	7.589
3150.16	7.589
3155.18	7.588
3160.19	7.588
3165.20	7.588
3170.21	7.588
3175.22	7.588
3180.24	7.587
3185.25	7.587
3190.26	7.587
3195.28	7.587
3200.29	7.586
3205.31	7.586
3210.32	7.586
3215.34	7.586
3220.35	7.586
3225.36	7.585
3230.37	7.585
3235.38	7.585
3240.39	7.585
3245.41	7.585
3250.42	7.584
3255.44	7.584
3260.45	7.584
3265.46	7.584
3270.48	7.584
3275.50	7.583
3280.51	7.583
3285.52	7.583
3290.53	7.583
3295.54	7.582
3300.55	7.582
3305.57	7.582
3310.58	7.582
3315.59	7.582
3320.60	7.581
3325.61	7.581
3330.62	7.581
3335.64	7.581
3340.65	7.581
3345.67	7.581
3350.68	7.580
3355.69	7.580
3360.71	7.580
3365.72	7.580
3370.73	7.579
3375.74	7.579
3380.75	7.579
3385.76	7.579
3390.77	7.579
3395.79	7.578
3400.80	7.578
3405.81	7.578
3410.82	7.578
3415.83	7.577
3420.84	7.577
3425.86	7.577
3430.87	7.577
3435.88	7.576
3440.89	7.576
3445.90	7.576
3450.91	7.576
3455.93	7.576
3460.94	7.575
3465.95	7.575
3470.96	7.575
3475.97	7.575
3480.98	7.575
3485.99	7.574
3491.00	7.574
3496.02	7.574
3501.03	7.574
3506.04	7.573
3511.05	7.573
3516.06	7.573
3521.07	7.573
3526.08	7.573
3531.10	7.572
3536.11	7.572
3541.12	7.572
3546.13	7.572
3551.14	7.571
3556.15	7.571
3561.17	7.571
3566.18	7.571
3571.19	7.571
3576.20	7.571
3581.21	7.570
3586.22	7.570
3591.24	7.570
3596.25	7.570
3601.26	7.569
3606.27	7.569
3611.28	7.569
3616.29	7.569
3621.30	7.568
3626.32	7.568
3631.33	7.568
3636.34	7.568
3641.35	7.568
3646.36	7.567
3651.37	7.567
3656.39	7.567
3661.40	7.567
3666.41	7.567
3671.42	7.566
3676.43	7.566
3681.44	7.566
3686.45	7.566
3691.46	7.565
3696.48	7.565
3701.49	7.565
3706.50	7.565
3711.51	7.565
3716.53	7.565
3721.54	7.564
3726.56	7.564
3731.57	7.564
3736.59	7.563
3741.60	7.563
3746.62	7.563
3751.63	7.563
3756.64	7.562
3761.65	7.562
3766.66	7.562
3771.67	7.562
3776.69	7.562
3781.70	7.561
3786.71	7.561
3791.72	7.561
3796.74	7.561
3801.75	7.561
3806.77	7.560
3811.78	7.560
3816.80	7.560
3821.81	7.560
3826.83	7.560
3831.84	7.559
3836.85	7.559
3841.86	7.559
3846.87	7.558
3851.88	7.558
3856.89	7.558
3861.91	7.558
3866.92	7.557
3871.93	7.557
3876.94	7.557
3881.95	7.557
3886.96	7.557
3891.98	7.556
3896.99	7.556
3902.00	7.556
3907.01	7.556
3912.02	7.556
3917.03	7.555
3922.05	7.555
3927.06	7.555
3932.07	7.555
3937.08	7.555
3942.09	7.554
3947.10	7.554
3952.11	7.554
3957.13	7.553
3962.14	7.553
3967.15	7.553
3972.16	7.553
3977.17	7.553
3982.18	7.552
3987.20	7.552
3992.21	7.552
3997.22	7.552
4002.23	7.551
4007.24	7.551
4012.25	7.551
4017.26	7.551
4022.28	7.550
4027.29	7.550
4032.30	7.550
4037.31	7.550
4042.32	7.550
4047.33	7.549
4052.35	7.549
4057.36	7.549
4062.37	7.549
4067.38	7.548
4072.39	7.548
4077.40	7.548
4082.41	7.548
4087.43	7.548
4092.44	7.547
4097.45	7.547
4102.46	7.547
4107.47	7.547
4112.49	7.546
4117.50	7.546
4122.51	7.546
4127.52	7.545
4132.53	7.545
4137.54	7.545
4142.55	7.545
4147.57	7.545
4152.58	7.544
4157.59	7.544
4162.60	7.544
4167.61	7.544
4172.62	7.543
4177.64	7.543
4182.65	7.543
4187.66	7.542
4192.67	7.542
4197.68	7.542
4202.69	7.542
4207.70	7.542
4212.72	7.542
4217.73	7.542
4222.74	7.541
4227.75	7.541
4232.76	7.540
4237.77	7.540
4242.79	7.540
4247.80	7.540
4252.81	7.539
4257.82	7.539
4262.83	7.539
4267.84	7.539
4272.85	7.538
4277.86	7.538
4282.88	7.538
4287.89	7.538
4292.90	7.538
4297.91	7.538
4302.92	7.537
4307.93	7.537
4312.95	7.537
4317.96	7.537
4322.97	7.536
4327.98	7.536
4332.99	7.536
4338.00	7.535
4343.02	7.535
4348.03	7.535
4353.04	7.535
4358.05	7.535
4363.06	7.534
4368.07	7.534
4373.08	7.534
4378.10	7.534
4383.11	7.533
4388.12	7.533
4393.13	7.533
4398.14	7.532
4403.15	7.532
4408.16	7.532
4413.18	7.532
4418.19	7.532
4423.20	7.531
4428.21	7.531
4433.22	7.531
4438.23	7.531
4443.25	7.530
4448.26	7.530
4453.27	7.530
4458.28	7.530
4463.29	7.529
4468.30	7.529
4473.31	7.529
4478.33	7.528
4483.34	7.528
4488.35	7.528
4493.36	7.528
4498.37	7.528
4503.38	7.528
4508.40	7.527
4513.41	7.527
4518.42	7.527
4523.44	7.526
4528.45	7.526
4533.46	7.526
4538.48	7.526
4543.50	7.526
4548.51	7.525
4553.52	7.525
4558.54	7.525
4563.55	7.525
4568.56	7.524
4573.57	7.524
4578.58	7.524
4583.59	7.524
4588.61	7.524
4593.62	7.523
4598.63	7.523
4603.65	7.523
4608.66	7.523
4613.67	7.522
4618.68	7.522
4623.69	7.522
4628.71	7.522
4633.72	7.521
4638.73	7.521
4643.74	7.521
4648.76	7.521
4653.78	7.521
4658.80	7.520
4663.81	7.520
4668.82	7.520
4673.84	7.520
4678.85	7.519
4683.86	7.519
4688.87	7.519
4693.88	7.518
4698.90	7.518
4703.91	7.518
4708.92	7.518
4713.93	7.518
4718.94	7.518
4723.95	7.517
4728.97	7.517
4733.98	7.517
4738.99	7.516
4744.00	7.516
4749.01	7.516
4754.02	7.516
4759.03	7.515
4764.05	7.515
4769.06	7.515
4774.07	7.515
4779.08	7.514
4784.09	7.514
4789.10	7.514
4794.12	7.514
4799.13	7.513
4804.14	7.513
4809.15	7.513
4814.16	7.513
4819.17	7.513
4824.18	7.512
4829.19	7.512
4834.21	7.512
4839.22	7.512
4844.23	7.511
4849.24	7.511
4854.25	7.511
4859.26	7.511
4864.28	7.510
4869.29	7.510
4874.30	7.510
4879.31	7.510
4884.32	7.510
4889.33	7.509
4894.35	7.509
4899.36	7.509
4904.37	7.509
4909.38	7.508
4914.39	7.508
4919.40	7.508
4924.42	7.508
4929.43	7.507
4934.44	7.507
4939.45	7.507
4944.46	7.507
4949.47	7.506
4954.48	7.506
4959.50	7.506
4964.51	7.506
4969.52	7.505
4974.53	7.505
4979.54	7.505
4984.55	7.505
4989.57	7.504
4994.58	7.504
4999.59	7.504
5004.60	7.504
5009.61	7.503
5014.62	7.503
5019.64	7.503
5024.65	7.503
5029.66	7.502
5034.67	7.502
5039.68	7.502
5044.69	7.502
5049.70	7.502
5054.72	7.501
5059.73	7.501
5064.74	7.501
5069.75	7.500
5074.76	7.500
5079.77	7.500
5084.79	7.500
5089.80	7.500
5094.81	7.499
5099.82	7.499
5104.83	7.499
5109.84	7.499
5114.85	7.498
5119.87	7.498
5124.88	7.498
5129.89	7.497
5134.90	7.497
5139.91	7.497
5144.92	7.497
5149.94	7.497
5154.95	7.496
5159.96	7.496
5164.97	7.496
5169.98	7.496
5174.99	7.495
5180.00	7.495
5185.02	7.495
5190.03	7.495
5195.04	7.494
5200.05	7.494
5205.06	7.494
5210.07	7.494
5215.09	7.494
5220.10	7.493
5225.11	7.493
5230.12	7.493
5235.13	7.492
5240.14	7.492
5245.16	7.492
5250.17	7.491
5255.18	7.491
5260.19	7.491
5265.20	7.491
5270.21	7.491
5275.23	7.490
5280.24	7.490
5285.25	7.490
5290.26	7.489
5295.27	7.489
5300.28	7.489
5305.29	7.488
5310.31	7.488
5315.32	7.488
5320.33	7.488
5325.34	7.488
5330.35	7.487
5335.36	7.487
5340.38	7.487
5345.39	7.487
5350.40	7.486
5355.41	7.486
5360.42	7.486
5365.43	7.486
5370.45	7.485
5375.46	7.485
5380.47	7.485
5385.48	7.484
5390.49	7.484
5395.50	7.484
5400.51	7.483
5405.53	7.483
5410.54	7.483
5415.55	7.483
5420.56	7.483
5425.57	7.483
5430.58	7.482
5435.60	7.482
5440.61	7.482
5445.62	7.482
5450.63	7.481
5455.64	7.481
5460.65	7.481
5465.66	7.480
5470.68	7.480
5475.69	7.480
5480.70	7.480
5485.71	7.479
5490.72	7.479
5495.73	7.479
5500.75	7.479
5505.76	7.478
5510.77	7.478
5515.78	7.478
5520.79	7.478
5525.80	7.477
5530.81	7.477
5535.83	7.477
5540.84	7.477
5545.85	7.476
5550.86	7.476
5555.87	7.476
5560.88	7.476
5565.89	7.475
5570.90	7.475
5575.92	7.475
5580.93	7.474
5585.94	7.474
5590.95	7.474
5595.96	7.474
5600.97	7.473
5605.99	7.473
5611.00	7.473
5616.01	7.473
5621.02	7.472
5626.03	7.472
5631.04	7.472
5636.06	7.471
5641.07	7.471
5646.08	7.471
5651.09	7.471
5656.10	7.470
5661.11	7.470
5666.12	7.470
5671.14	7.470
5676.15	7.469
5681.16	7.469
5686.17	7.469
5691.18	7.468
5696.19	7.468
5701.21	7.468
5706.22	7.468
5711.23	7.467
5716.24	7.467
5721.25	7.467
5726.26	7.467
5731.28	7.466
5736.29	7.466
5741.30	7.466
5746.31	7.466
5751.32	7.465
5756.33	7.465
5761.34	7.465
5766.36	7.465
5771.37	7.464
5776.38	7.464
5781.39	7.464
5786.40	7.464
5791.41	7.463
5796.43	7.463
5801.44	7.463
5806.45	7.463
5811.46	7.462
5816.47	7.462
5821.48	7.462
5826.49	7.462
5831.51	7.461
5836.52	7.461
5841.53	7.461
5846.54	7.460
5851.55	7.460
5856.56	7.460
5861.58	7.460
5866.59	7.459
5871.60	7.459
5876.61	7.459
5881.62	7.459
5886.63	7.458
5891.65	7.458
5896.66	7.458
5901.67	7.457
5906.68	7.457
5911.69	7.457
5916.70	7.456
5921.72	7.456
5926.73	7.456
5931.74	7.456
5936.75	7.455
5941.76	7.455
5946.77	7.455
5951.78	7.455
5956.80	7.455
5961.81	7.454
5966.82	7.454
5971.83	7.454
5976.84	7.454
5981.85	7.453
5986.87	7.453
5991.88	7.453
5996.89	7.453
6001.90	7.452
6006.91	7.452
6011.92	7.452
6016.93	7.452
6021.95	7.451
6026.96	7.451
6031.97	7.451
6036.98	7.451
6041.99	7.450
6047.00	7.450
6052.02	7.450
6057.03	7.450
6062.04	7.450
6067.05	7.449
6072.06	7.449
6077.07	7.449
6082.09	7.449
6087.10	7.448
6092.11	7.448
6097.12	7.448
6102.13	7.448
6107.14	7.447
6112.16	7.447
6117.17	7.447
6122.18	7.447
6127.19	7.446
6132.20	7.446
6137.21	7.446
6142.22	7.446
6147.24	7.445
6152.25	7.445
6157.26	7.445
6162.27	7.445
6167.28	7.444
6172.29	7.444
6177.31	7.444
6182.32	7.444
6187.33	7.444
6192.34	7.443
6197.35	7.443
6202.36	7.443
6207.37	7.443
6212.39	7.443
6217.40	7.443
6222.42	7.442
6227.43	7.442
6232.44	7.442
6237.45	7.442
6242.46	7.442
6247.48	7.442
6252.49	7.441
6257.50	7.441
6262.51	7.441
6267.52	7.440
6272.53	7.440
6277.54	7.440
6282.56	7.440
6287.57	7.439
6292.58	7.439
6297.59	7.439
6302.60	7.439
6307.61	7.439
6312.62	7.439
6317.64	7.438
6322.65	7.438
6327.66	7.438
6332.67	7.438
6337.68	7.438
6342.69	7.437
6347.70	7.437
6352.72	7.437
6357.73	7.437
6362.74	7.437
6367.75	7.437
6372.76	7.436
6377.77	7.436
6382.79	7.436
6387.80	7.436
6392.81	7.436
6397.82	7.436
6402.83	7.435
6407.84	7.435
6412.85	7.435
6417.87	7.435
6422.88	7.435
6427.89	7.434
6432.90	7.434
6437.91	7.434
6442.92	7.434
6447.94	7.434
6452.95	7.434
6457.96	7.434
6462.97	7.433
6467.98	7.433
6472.99	7.433
6478.01	7.432
6483.02	7.432
6488.03	7.432
6493.04	7.432
6498.05	7.432
6503.06	7.432
6508.08	7.432
6513.09	7.432
6518.10	7.431
6523.11	7.431
6528.12	7.431
6533.13	7.431
6538.14	7.430
6543.16	7.431
6548.17	7.430
6553.18	7.430
6558.19	7.430
6563.20	7.430
6568.21	7.430
6573.22	7.430
6578.24	7.429
6583.25	7.429
6588.26	7.429
6593.27	7.429
6598.29	7.429
6603.30	7.429
6608.31	7.428
6613.33	7.428
6618.34	7.428
6623.36	7.428
6628.37	7.428
6633.38	7.428
6638.39	7.428
6643.40	7.428
6648.41	7.427
6653.42	7.427
6658.44	7.427
6663.45	7.427
6668.46	7.427
6673.47	7.427
6678.48	7.426
6683.49	7.426
6688.51	7.426
6693.52	7.426
6698.53	7.426
6703.54	7.426
6708.55	7.426
6713.56	7.426
6718.58	7.425
6723.59	7.426
6728.60	7.425
6733.61	7.425
6738.62	7.425
6743.63	7.425
6748.64	7.425
6753.66	7.425
6758.67	7.425
6763.68	7.424
6768.69	7.424
6773.70	7.424
6778.71	7.424
6783.73	7.424
6788.74	7.424
6793.75	7.424
6798.76	7.424
6803.77	7.424
6808.78	7.423
6813.80	7.423
6818.81	7.423
6823.82	7.423
6828.84	7.423
6833.85	7.423
6838.86	7.423
6843.87	7.423
6848.89	7.423
6853.90	7.422
6858.91	7.422
6863.92	7.422
6868.93	7.422
6873.94	7.422
6878.96	7.422
6883.97	7.422
6888.98	7.421
6893.99	7.421
6899.00	7.421
6904.01	7.421
6909.03	7.421
6914.04	7.421
6919.05	7.421
6924.06	7.421
6929.07	7.420
6934.08	7.420
6939.09	7.420
6944.11	7.420
6949.12	7.420
6954.13	7.420
6959.14	7.420
6964.15	7.420
6969.16	7.420
6974.18	7.419
6979.19	7.419
6984.20	7.419
6989.21	7.419
6994.22	7.419
6999.23	7.419
7004.25	7.419
7009.26	7.419
7014.27	7.419
7019.28	7.419
7024.29	7.419
7029.30	7.418
7034.32	7.418
7039.33	7.418
7044.34	7.418
7049.36	7.418
7054.37	7.418
7059.38	7.418
7064.39	7.418
7069.40	7.417
7074.41	7.417
7079.42	7.417
7084.44	7.417
7089.45	7.417
7094.46	7.417
7099.47	7.417
7104.48	7.417
7109.49	7.416
7114.50	7.417
7119.52	7.416
7124.53	7.416
7129.54	7.416
7134.55	7.416
7139.56	7.416
7144.57	7.416
7149.59	7.416
7154.60	7.416
7159.61	7.415
7164.62	7.415
7169.63	7.415
7174.64	7.415
7179.66	7.415
7184.67	7.415
7189.68	7.415
7194.69	7.415
7199.70	7.415
7204.71	7.415
7209.72	7.415
7214.74	7.415
7219.75	7.414
7224.76	7.414
7229.78	7.414
7234.79	7.414
7239.80	7.414
7244.81	7.414
7249.82	7.414
7254.83	7.414
7259.85	7.414
7264.86	7.413
7269.87	7.413
7274.88	7.413
7279.89	7.413
7284.90	7.413
7289.91	7.413
7294.93	7.413
7299.94	7.413
7304.95	7.413
7309.96	7.413
7314.97	7.413
7319.98	7.412
7325.00	7.412
7330.01	7.412
7335.02	7.412
7340.03	7.412
7345.04	7.412
7350.05	7.412
7355.06	7.411
7360.08	7.412
7365.09	7.411
7370.10	7.411
7375.11	7.411
7380.12	7.411
7385.13	7.411
7390.15	7.411
7395.16	7.411
7400.17	7.411
7405.18	7.411
7410.19	7.411
7415.20	7.411
7420.22	7.411
7425.23	7.411
7430.25	7.410
7435.26	7.410
7440.28	7.410
7445.29	7.410
7450.30	7.410
7455.31	7.410
7460.32	7.410
7465.33	7.410
7470.35	7.410
7475.36	7.409
7480.37	7.410
7485.38	7.410
7490.39	7.409
7495.40	7.409
7500.41	7.409
7505.43	7.409
7510.44	7.409
7515.45	7.409
7520.46	7.409
7525.47	7.409
7530.48	7.408
7535.49	7.408
7540.51	7.408
7545.52	7.408
7550.53	7.408
7555.54	7.408
7560.55	7.408
7565.56	7.408
7570.57	7.408
7575.59	7.408
7580.60	7.408
7585.61	7.407
7590.62	7.407
7595.63	7.407
7600.64	7.407
7605.66	7.407
7610.67	7.407
7615.68	7.407
7620.69	7.407
7625.70	7.407
7630.72	7.407
7635.73	7.406
7640.74	7.407
7645.75	7.406
7650.77	7.406
7655.78	7.406
7660.79	7.406
7665.81	7.406
7670.82	7.406
7675.83	7.406
7680.84	7.406
7685.85	7.406
7690.86	7.406
7695.88	7.406
7700.89	7.406
7705.90	7.405
7710.91	7.405
7715.92	7.405
7720.93	7.405
7725.94	7.405
7730.96	7.405
7735.97	7.405
7740.98	7.405
7745.99	7.405
7751.00	7.405
7756.01	7.404
7761.03	7.405
7766.04	7.405
7771.05	7.404
7776.06	7.404
7781.07	7.404
7786.08	7.404
7791.10	7.404
7796.11	7.404
7801.12	7.404
7806.13	7.404
7811.14	7.403
7816.15	7.403
7821.16	7.403
7826.18	7.403
7831.19	7.403
7836.20	7.403
7841.21	7.403
7846.22	7.403
7851.23	7.403
7856.25	7.403
7861.26	7.403
7866.28	7.403
7871.29	7.403
7876.31	7.402
7881.32	7.402
7886.33	7.402
7891.35	7.402
7896.36	7.402
7901.38	7.402
7906.39	7.402
7911.40	7.402
7916.41	7.402
7921.42	7.402
7926.43	7.401
7931.45	7.401
7936.46	7.401
7941.47	7.401
7946.48	7.401
7951.49	7.401
7956.50	7.401
7961.52	7.401
7966.53	7.401
7971.54	7.401
7976.55	7.401
7981.56	7.401
7986.57	7.401
7991.58	7.400
7996.60	7.400
8001.61	7.400
8006.62	7.400
8011.63	7.400
8016.64	7.400
8021.65	7.400
8026.67	7.400
8031.68	7.400
8036.69	7.400
8041.70	7.399
8046.71	7.399
8051.72	7.399
8056.74	7.399
8061.75	7.399
8066.76	7.399
8071.77	7.399
8076.78	7.399
8081.79	7.399
8086.80	7.398
8091.82	7.398
8096.83	7.398
8101.84	7.398
8106.86	7.398
8111.87	7.398
8116.88	7.398
8121.89	7.398
8126.91	7.398
8131.92	7.398
8136.93	7.397
8141.94	7.397
8146.95	7.397
8151.96	7.397
8156.98	7.397
8161.99	7.397
8167.00	7.397
8172.01	7.397
8177.02	7.397
8182.03	7.397
8187.04	7.397
8192.05	7.397
8197.07	7.396
8202.08	7.396
8207.09	7.396
8212.10	7.396
8217.11	7.396
8222.12	7.396
8227.14	7.396
8232.15	7.396
8237.16	7.396
8242.17	7.396
8247.18	7.396
8252.19	7.396
8257.21	7.396
8262.22	7.395
8267.23	7.395
8272.24	7.395
8277.25	7.395
8282.26	7.395
8287.27	7.395
8292.29	7.395
8297.30	7.395
8302.31	7.395
8307.32	7.394
8312.34	7.394
8317.35	7.394
8322.37	7.394
8327.38	7.394
8332.39	7.394
8337.40	7.394
8342.42	7.394
8347.43	7.394
8352.44	7.394
8357.45	7.394
8362.46	7.394
8367.47	7.394
8372.48	7.393
8377.50	7.394
8382.51	7.393
8387.52	7.393
8392.53	7.393
8397.54	7.393
8402.55	7.393
8407.56	7.393
8412.58	7.393
8417.59	7.393
8422.60	7.393
8427.61	7.393
8432.62	7.393
8437.63	7.392
8442.65	7.392
8447.66	7.392
8452.67	7.392
8457.68	7.392
8462.69	7.392
8467.70	7.392
8472.71	7.392
8477.73	7.392
8482.74	7.392
8487.75	7.392
8492.76	7.391
8497.77	7.391
8502.78	7.391
8507.79	7.391
8512.81	7.391
8517.82	7.391
8522.83	7.391
8527.85	7.391
8532.86	7.391
8537.88	7.391
8542.89	7.391
8547.90	7.391
8552.91	7.391
8557.92	7.391
8562.93	7.390
8567.94	7.390
8572.96	7.390
8577.97	7.390
8582.98	7.390
8587.99	7.390
8593.00	7.390
8598.01	7.390
8603.03	7.390
8608.04	7.390
8613.05	7.390
8618.06	7.389
8623.07	7.389
8628.08	7.389
8633.09	7.389
8638.10	7.389
8643.12	7.389
8648.13	7.389
8653.14	7.389
8658.15	7.389
8663.16	7.389
8668.17	7.388
8673.19	7.388
8678.20	7.388
8683.21	7.388
8688.22	7.388
8693.23	7.388
8698.24	7.388
8703.25	7.388
8708.26	7.388
8713.28	7.388
8718.29	7.387
8723.30	7.387
8728.31	7.387
8733.33	7.387
8738.34	7.387
8743.35	7.387
8748.37	7.387
8753.38	7.387
8758.40	7.387
8763.41	7.387
8768.42	7.387
8773.43	7.387
8778.44	7.387
8783.45	7.386
8788.47	7.386
8793.48	7.386
8798.49	7.386
8803.50	7.386
8808.51	7.386
8813.52	7.386
8818.53	7.386
8823.55	7.386
8828.56	7.385
8833.57	7.385
8838.58	7.386
8843.59	7.385
8848.60	7.385
8853.62	7.385
8858.63	7.385
8863.64	7.385
8868.65	7.385
8873.66	7.385
8878.67	7.385
8883.69	7.385
8888.70	7.385
8893.71	7.385
8898.72	7.385
8903.73	7.384
8908.74	7.384
8913.75	7.384
8918.77	7.384
8923.78	7.384
8928.79	7.384
8933.80	7.384
8938.81	7.384
8943.82	7.383
8948.83	7.383
8953.85	7.383
8958.86	7.383
8963.87	7.383
8968.88	7.383
8973.89	7.383
8978.90	7.383
8983.92	7.383
8988.93	7.383
8993.94	7.382
8998.95	7.382
9003.96	7.382
9008.97	7.382
9013.99	7.382
9019.00	7.382
9024.01	7.382
9029.02	7.382
9034.03	7.382
9039.04	7.382
9044.05	7.381
9049.07	7.382
9054.08	7.381
9059.09	7.381
9064.10	7.381
9069.11	7.381
9074.12	7.381
9079.14	7.381
9084.15	7.381
9089.16	7.381
9094.17	7.381
9099.18	7.380
9104.19	7.380
9109.21	7.380
9114.22	7.380
9119.23	7.380
9124.24	7.380
9129.25	7.380
9134.26	7.380
9139.27	7.380
9144.29	7.379
9149.30	7.379
9154.31	7.379
9159.32	7.379
9164.33	7.379
9169.34	7.379
9174.36	7.379
9179.37	7.379
9184.38	7.379
9189.39	7.379
9194.40	7.379
9199.41	7.378
9204.42	7.378
9209.44	7.378
9214.45	7.378
9219.46	7.378
9224.47	7.378
9229.48	7.378
9234.49	7.378
9239.51	7.378
9244.52	7.378
9249.53	7.378
9254.54	7.378
9259.55	7.377
9264.56	7.377
9269.57	7.377
9274.58	7.377
9279.60	7.377
9284.61	7.377
9289.62	7.377
9294.63	7.377
9299.64	7.376
9304.66	7.376
9309.67	7.376
9314.68	7.376
9319.70	7.376
9324.71	7.376
9329.73	7.376
9334.74	7.376
9339.75	7.376
9344.77	7.375
9349.78	7.375
9354.80	7.375
9359.81	7.375
9364.82	7.375
9369.83	7.375
9374.84	7.375
9379.86	7.375
9384.87	7.375
9389.88	7.375
9394.89	7.374
9399.90	7.374
9404.91	7.374
9409.93	7.374
9414.94	7.374
9419.95	7.374
9424.96	7.374
9429.97	7.374
9434.98	7.373
9439.99	7.373
9445.01	7.373
9450.02	7.373
9455.03	7.373
9460.04	7.373
9465.05	7.373
9470.06	7.373
9475.08	7.372
9480.09	7.372
9485.10	7.372
9490.11	7.372
9495.12	7.372
9500.13	7.372
9505.14	7.372
9510.16	7.372
9515.17	7.371
9520.18	7.371
9525.19	7.371
9530.20	7.371
9535.21	7.371
9540.23	7.371
9545.24	7.371
9550.25	7.371
9555.26	7.370
9560.28	7.370
9565.29	7.371
9570.30	7.370
9575.31	7.370
9580.32	7.370
9585.34	7.370
9590.35	7.369
9595.36	7.369
9600.37	7.369
9605.38	7.369
9610.39	7.369
9615.41	7.369
9620.42	7.369
9625.43	7.369
9630.44	7.369
9635.45	7.369
9640.46	7.368
9645.47	7.368
9650.49	7.368
9655.50	7.368
9660.51	7.368
9665.52	7.368
9670.53	7.367
9675.54	7.367
9680.56	7.367
9685.57	7.367
9690.58	7.367
9695.59	7.367
9700.60	7.367
9705.62	7.367
9710.63	7.367
9715.64	7.367
9720.66	7.366
9725.68	7.366
9730.69	7.366
9735.70	7.366
9740.72	7.366
9745.73	7.365
9750.75	7.365
9755.76	7.365
9760.77	7.365
9765.79	7.365
9770.80	7.365
9775.82	7.365
9780.83	7.365
9785.85	7.364
9790.86	7.364
9795.88	7.364
9800.89	7.364
9805.91	7.364
9810.92	7.364
9815.94	7.364
9820.95	7.363
9825.97	7.363
9830.98	7.363
9835.99	7.363
9841.01	7.363
9846.02	7.363
9851.03	7.362
9856.04	7.362
9861.05	7.362
9866.06	7.362
9871.07	7.362
9876.09	7.362
9881.10	7.362
9886.11	7.362
9891.12	7.361
9896.13	7.361
9901.14	7.361
9906.15	7.361
9911.17	7.361
9916.18	7.361
9921.19	7.360
9926.20	7.360
9931.21	7.360
9936.22	7.360
9941.23	7.360
9946.25	7.360
9951.26	7.359
9956.27	7.359
9961.28	7.359
9966.29	7.359
9971.30	7.359
9976.31	7.359
9981.33	7.358
9986.34	7.358
9991.35	7.358
9996.36	7.358
10001.37	7.358
10006.38	7.358
10011.40	7.358
10016.41	7.357
10021.42	7.357
10026.43	7.357
10031.44	7.357
10036.45	7.357
10041.47	7.357
10046.48	7.356
10051.49	7.356
10056.50	7.356
10061.52	7.356
10066.54	7.356
10071.55	7.355
10076.56	7.355
10081.58	7.355
10086.59	7.355
10091.60	7.355
10096.61	7.355
10101.62	7.354
10106.64	7.354
10111.65	7.354
10116.66	7.354
10121.68	7.354
10126.69	7.353
10131.70	7.353
10136.71	7.353
10141.72	7.353
10146.74	7.352
10151.75	7.352
10156.76	7.352
10161.78	7.352
10166.80	7.352
10171.81	7.351
10176.83	7.351
10181.84	7.351
10186.86	7.351
10191.87	7.351
10196.89	7.350
10201.90	7.350
10206.92	7.350
10211.93	7.350
10216.94	7.350
10221.96	7.350
10226.97	7.349
10231.99	7.349
10237.00	7.349
10242.01	7.348
10247.03	7.348
10252.04	7.348
10257.06	7.348
10262.07	7.348
10267.09	7.347
10272.10	7.347
10277.12	7.347
10282.13	7.346
10287.14	7.346
10292.16	7.346
10297.17	7.346
10302.19	7.346
10307.20	7.346
10312.22	7.345
10317.23	7.345
10322.25	7.345
10327.26	7.345
10332.27	7.344
10337.29	7.344
10342.31	7.344
10347.32	7.344
10352.34	7.343
10357.35	7.343
10362.36	7.343
10367.37	7.343
10372.39	7.342
10377.40	7.342
10382.41	7.342
10387.42	7.341
10392.43	7.341
10397.44	7.341
10402.46	7.341
10407.47	7.341
10412.48	7.340
10417.49	7.340
10422.50	7.340
10427.51	7.339
10432.53	7.339
10437.54	7.339
10442.55	7.339
10447.57	7.338
10452.58	7.338
10457.60	7.338
10462.61	7.338
10467.63	7.337
10472.64	7.337
10477.65	7.337
10482.66	7.336
10487.67	7.336
10492.68	7.336
10497.69	7.336
10502.71	7.335
10507.73	7.335
10512.74	7.335
10517.76	7.334
10522.77	7.334
10527.78	7.334
10532.80	7.334
10537.81	7.333
10542.82	7.333
10547.84	7.332
10552.86	7.332
10557.87	7.332
10562.88	7.332
10567.90	7.331
10572.91	7.331
10577.93	7.331
10582.94	7.330
10587.96	7.330
10592.97	7.330
10597.99	7.329
10603.01	7.329
10608.02	7.329
10613.03	7.328
10618.05	7.328
10623.06	7.327
10628.07	7.327
10633.08	7.327
10638.10	7.326
10643.11	7.326
10648.13	7.326
10653.14	7.325
10658.16	7.325
10663.17	7.325
10668.19	7.324
10673.20	7.324
10678.22	7.324
10683.23	7.323
10688.24	7.323
10693.25	7.323
10698.26	7.322
10703.27	7.322
10708.29	7.321
10713.30	7.321
10718.31	7.321
10723.32	7.320
10728.33	7.320
10733.34	7.319
10738.36	7.319
10743.37	7.319
10748.38	7.318
10753.40	7.318
10758.41	7.318
10763.42	7.317
10768.44	7.317
10773.45	7.316
10778.47	7.316
10783.48	7.315
10788.50	7.315
10793.51	7.315
10798.53	7.314
10803.54	7.314
10808.55	7.313
10813.57	7.313
10818.58	7.313
10823.60	7.312
10828.61	7.312
10833.63	7.311
10838.64	7.311
10843.66	7.310
10848.67	7.310
10853.68	7.310
10858.70	7.309
10863.71	7.309
10868.72	7.308
10873.74	7.308
10878.75	7.307
10883.77	7.307
10888.78	7.307
10893.79	7.306
10898.81	7.306
10903.82	7.305
10908.84	7.305
10913.86	7.304
10918.87	7.303
10923.89	7.303
10928.90	7.303
10933.91	7.302
10938.93	7.301
10943.94	7.301
10948.95	7.301
10953.97	7.300
10958.98	7.300
10963.99	7.299
10969.01	7.299
10974.02	7.298
10979.03	7.298
10984.04	7.297
10989.05	7.297
10994.07	7.296
10999.08	7.295
11004.09	7.295
11009.11	7.295
11014.12	7.294
11019.14	7.294
11024.15	7.293
11029.17	7.293
11034.18	7.292
11039.19	7.292
11044.20	7.291
11049.21	7.291
11054.22	7.290
11059.24	7.289
11064.25	7.289
11069.26	7.288
11074.27	7.288
11079.28	7.287
11084.29	7.287
11089.31	7.286
11094.32	7.285
11099.33	7.285
11104.34	7.284
11109.35	7.284
11114.37	7.283
11119.39	7.283
11124.40	7.282
11129.41	7.282
11134.43	7.281
11139.44	7.280
11144.45	7.280
11149.46	7.279
11154.49	7.279
11159.50	7.278
11164.51	7.278
11169.53	7.277
11174.54	7.276
11179.56	7.276
11184.57	7.275
11189.58	7.274
11194.60	7.274
11199.61	7.273
11204.63	7.273
11209.65	7.272
11214.66	7.271
11219.67	7.271
11224.69	7.270
11229.70	7.270
11234.72	7.269
11239.73	7.268
11244.74	7.267
11249.76	7.267
11254.78	7.266
11259.79	7.266
11264.81	7.265
11269.82	7.264
11274.83	7.264
11279.84	7.263
11284.86	7.263
11289.87	7.262
11294.88	7.261
11299.89	7.261
11304.90	7.260
11309.91	7.259
11314.92	7.259
11319.94	7.258
11324.95	7.257
11329.96	7.257
11334.97	7.256
11339.98	7.255
11344.99	7.255
11350.00	7.254
11355.02	7.254
11360.03	7.253
11365.04	7.252
11370.05	7.252
11375.07	7.251
11380.08	7.250
11385.09	7.250
11390.11	7.249
11395.12	7.248
11400.13	7.247
11405.15	7.247
11410.16	7.246
11415.18	7.245
11420.19	7.245
11425.21	7.244
11430.22	7.243
11435.24	7.243
11440.25	7.242
11445.26	7.241
11450.28	7.241
11455.30	7.240
11460.31	7.239
11465.33	7.239
11470.34	7.238
11475.35	7.237
11480.37	7.237
11485.38	7.236
11490.40	7.235
11495.41	7.234
11500.43	7.234
11505.44	7.233
11510.46	7.232
11515.47	7.232
11520.48	7.231
11525.50	7.230
11530.51	7.229
11535.53	7.229
11540.54	7.228
11545.56	7.227
11550.57	7.226
11555.58	7.226
11560.60	7.225
11565.62	7.224
11570.63	7.223
11575.64	7.223
11580.66	7.222
11585.67	7.221
11590.69	7.220
11595.70	7.220
11600.72	7.219
11605.73	7.218
11610.74	7.217
11615.76	7.217
11620.77	7.216
11625.79	7.215
11630.80	7.214
11635.82	7.214
11640.83	7.213
11645.84	7.212
11650.86	7.212
11655.87	7.211
11660.89	7.210
11665.90	7.209
11670.91	7.209
11675.93	7.208
11680.94	7.207
11685.96	7.206
11690.97	7.206
11695.99	7.205
11701.00	7.204
11706.01	7.203
11711.03	7.203
11716.04	7.202
11721.06	7.201
11726.07	7.200
11731.09	7.199
11736.10	7.199
11741.12	7.198
11746.13	7.197
11751.14	7.196
11756.15	7.196
11761.16	7.195
11766.17	7.194
11771.19	7.193
11776.20	7.192
11781.21	7.192
11786.22	7.191
11791.23	7.190
11796.24	7.189
11801.26	7.189
11806.27	7.188
11811.28	7.187
11816.29	7.186
11821.30	7.185
11826.31	7.185
11831.32	7.184
11836.34	7.183
11841.35	7.182
11846.36	7.182
11851.37	7.181
11856.38	7.180
11861.39	7.179
11866.41	7.178
11871.42	7.178
11876.43	7.177
11881.44	7.176
11886.45	7.175
11891.46	7.174
11896.47	7.173
11901.49	7.173
11906.50	7.172
11911.51	7.171
11916.52	7.170
11921.53	7.169
11926.54	7.169
11931.55	7.168
11936.57	7.167
11941.58	7.166
11946.59	7.165
11951.60	7.165
11956.61	7.164
11961.62	7.163
11966.64	7.162
11971.65	7.161
11976.66	7.160
11981.67	7.160
11986.68	7.159
11991.69	7.158
11996.70	7.157
12001.72	7.156
12006.73	7.156
12011.74	7.155
12016.75	7.154
12021.76	7.153
12026.77	7.152
12031.79	7.151
12036.80	7.151
12041.81	7.150
12046.82	7.149
12051.83	7.148
12056.84	7.147
12061.86	7.146
12066.87	7.146
12071.88	7.145
12076.89	7.144
12081.90	7.143
12086.91	7.142
12091.93	7.141
12096.94	7.141
12101.95	7.140
12106.96	7.139
12111.97	7.138
12116.98	7.137
12122.00	7.136
12127.02	7.136
12132.03	7.135
12137.04	7.134
12142.06	7.133
12147.07	7.132
12152.08	7.131
12157.10	7.130
12162.11	7.130
12167.13	7.129
12172.14	7.128
12177.15	7.127
12182.16	7.126
12187.17	7.125
12192.20	7.124
12197.21	7.124
12202.22	7.123
12207.24	7.122
12212.25	7.121
12217.27	7.120
12222.28	7.119
12227.30	7.118
12232.31	7.118
12237.33	7.117
12242.34	7.116
12247.35	7.115
12252.37	7.114
12257.38	7.113
12262.39	7.112
12267.40	7.112
12272.41	7.110
12277.42	7.110
12282.44	7.109
12287.45	7.108
12292.46	7.107
12297.47	7.106
12302.48	7.105
12307.49	7.104
12312.51	7.103
12317.52	7.103
12322.53	7.102
12327.54	7.101
12332.55	7.100
12337.56	7.099
12342.57	7.098
12347.59	7.097
12352.60	7.096
12357.61	7.095
12362.62	7.094
12367.63	7.094
12372.64	7.093
12377.66	7.092
12382.67	7.091
12387.68	7.090
12392.69	7.089
12397.70	7.088
12402.71	7.087
12407.72	7.086
12412.74	7.085
12417.75	7.084
12422.76	7.083
12427.77	7.082
12432.78	7.081
12437.79	7.081
12442.81	7.080
12447.82	7.079
12452.83	7.078
12457.84	7.077
12462.85	7.076
12467.86	7.075
12472.87	7.074
12477.89	7.073
12482.90	7.072
12487.91	7.071
12492.92	7.070
12497.93	7.069
12502.94	7.068
12507.96	7.068
12512.97	7.067
12517.98	7.066
12523.00	7.065
12528.01	7.064
12533.03	7.063
12538.04	7.062
12543.06	7.061
12548.07	7.060
12553.09	7.059
12558.10	7.058
12563.11	7.057
12568.13	7.056
12573.14	7.055
12578.15	7.054
12583.17	7.053
12588.18	7.052
12593.19	7.051
12598.20	7.050
12603.21	7.049
12608.22	7.048
12613.24	7.048
12618.26	7.047
12623.27	7.046
12628.28	7.045
12633.30	7.044
12638.31	7.043
12643.33	7.042
12648.35	7.041
12653.36	7.040
12658.38	7.039
12663.39	7.038
12668.40	7.037
12673.41	7.036
12678.42	7.035
12683.43	7.034
12688.45	7.033
12693.46	7.032
12698.47	7.031
12703.48	7.030
12708.49	7.029
12713.51	7.028
12718.52	7.027
12723.53	7.026
12728.54	7.025
12733.55	7.024
12738.56	7.023
12743.57	7.022
12748.58	7.021
12753.60	7.020
12758.61	7.019
12763.62	7.018
12768.63	7.017
12773.64	7.016
12778.65	7.015
12783.67	7.014
12788.68	7.013
12793.69	7.012
12798.70	7.011
12803.71	7.010
12808.72	7.009
12813.74	7.008
12818.75	7.007
12823.76	7.006
12828.77	7.005
12833.78	7.004
12838.79	7.003
12843.80	7.002
12848.82	7.001
12853.83	7.000
12858.84	6.998
12863.85	6.998
12868.86	6.996
12873.87	6.996
12878.88	6.994
12883.90	6.993
12888.91	6.992
12893.92	6.991
12898.93	6.990
12903.94	6.989
12908.95	6.988
12913.97	6.987
12918.98	6.986
12923.99	6.985
12929.00	6.984
12934.01	6.983
12939.02	6.982
12944.04	6.981
12949.05	6.980
12954.06	6.979
12959.07	6.978
12964.08	6.976
12969.09	6.976
12974.10	6.974
12979.12	6.973
12984.13	6.972
12989.14	6.971
12994.15	6.970
12999.16	6.969
13004.17	6.968
13009.19	6.967
13014.20	6.966
13019.21	6.965
13024.22	6.964
13029.23	6.963
13034.24	6.962
13039.26	6.961
13044.27	6.960
13049.28	6.958
13054.29	6.957
13059.30	6.956
13064.31	6.955
13069.32	6.954
13074.34	6.953
13079.35	6.952
13084.36	6.951
13089.37	6.950
13094.38	6.949
13099.39	6.948
13104.41	6.946
13109.42	6.945
13114.43	6.944
13119.44	6.943
13124.45	6.942
13129.46	6.941
13134.47	6.940
13139.49	6.939
13144.50	6.937
13149.51	6.936
13154.52	6.935
13159.53	6.934
13164.54	6.933
13169.56	6.932
13174.57	6.931
13179.59	6.930
13184.60	6.929
13189.61	6.927
13194.62	6.926
13199.64	6.925
13204.66	6.924
13209.67	6.923
13214.68	6.922
13219.70	6.921
13224.71	6.920
13229.73	6.918
13234.74	6.917
13239.76	6.916
13244.77	6.915
13249.79	6.914
13254.80	6.913
13259.81	6.912
13264.82	6.910
13269.84	6.909
13274.85	6.908
13279.86	6.907
13284.87	6.906
13289.89	6.905
13294.90	6.904
13299.91	6.902
13304.92	6.901
13309.94	6.900
13314.95	6.899
13319.97	6.898
13324.98	6.897
13329.99	6.895
13335.01	6.894
13340.03	6.893
13345.04	6.892
13350.05	6.891
13355.07	6.890
13360.08	6.888
13365.09	6.887
13370.10	6.886
13375.12	6.885
13380.13	6.884
13385.14	6.882
13390.16	6.881
13395.17	6.880
13400.19	6.879
13405.20	6.878
13410.22	6.877
13415.23	6.875
13420.24	6.874
13425.26	6.873
13430.28	6.872
13435.29	6.871
13440.31	6.869
13445.32	6.868
13450.33	6.867
13455.34	6.866
13460.35	6.864
13465.36	6.863
13470.38	6.862
13475.39	6.861
13480.41	6.860
13485.42	6.858
13490.44	6.857
13495.45	6.856
13500.47	6.855
13505.48	6.854
13510.50	6.852
13515.51	6.851
13520.53	6.850
13525.54	6.849
13530.55	6.848
13535.56	6.846
13540.57	6.845
13545.59	6.844
13550.60	6.843
13555.61	6.841
13560.62	6.840
13565.63	6.839
13570.65	6.837
13575.66	6.836
13580.68	6.835
13585.69	6.834
13590.70	6.832
13595.71	6.831
13600.73	6.830
13605.74	6.829
13610.75	6.827
13615.77	6.826
13620.78	6.825
13625.80	6.824
13630.82	6.823
13635.83	6.821
13640.84	6.820
13645.86	6.819
13650.87	6.817
13655.88	6.816
13660.90	6.815
13665.91	6.814
13670.92	6.812
13675.93	6.811
13680.94	6.810
13685.95	6.808
13690.97	6.807
13695.98	6.806
13700.99	6.805
13706.00	6.803
13711.01	6.802
13716.02	6.801
13721.04	6.799
13726.05	6.798
13731.06	6.797
13736.07	6.795
13741.08	6.794
13746.09	6.793
13751.10	6.792
13756.12	6.790
13761.13	6.789
13766.14	6.787
13771.15	6.786
13776.16	6.785
13781.17	6.783
13786.19	6.782
13791.20	6.781
13796.21	6.780
13801.22	6.778
13806.23	6.777
13811.24	6.776
13816.25	6.774
13821.27	6.773
13826.28	6.772
13831.29	6.770
13836.30	6.769
13841.31	6.767
13846.32	6.766
13851.34	6.765
13856.35	6.764
13861.36	6.762
13866.37	6.761
13871.38	6.759
13876.39	6.758
13881.40	6.756
13886.42	6.755
13891.43	6.754
13896.44	6.753
13901.45	6.751
13906.46	6.750
13911.47	6.748
13916.49	6.747
13921.50	6.746
13926.51	6.744
13931.52	6.743
13936.53	6.742
13941.54	6.740
13946.55	6.739
13951.57	6.737
13956.58	6.736
13961.59	6.735
13966.60	6.733
13971.61	6.732
13976.62	6.730
13981.64	6.729
13986.65	6.727
13991.66	6.726
13996.67	6.725
14001.68	6.723
14006.69	6.722
14011.70	6.720
14016.71	6.719
14021.73	6.718
14026.74	6.716
14031.75	6.715
14036.76	6.713
14041.77	6.712
14046.78	6.711
14051.80	6.709
14056.81	6.708
14061.82	6.706
14066.83	6.705
14071.84	6.703
14076.85	6.702
14081.87	6.700
14086.88	6.699
14091.89	6.698
14096.90	6.696
14101.91	6.695
14106.92	6.693
14111.93	6.692
14116.95	6.690
14121.96	6.689
14126.97	6.687
14131.98	6.686
14136.99	6.684
14142.00	6.683
14147.02	6.681
14152.03	6.680
14157.04	6.679
14162.05	6.677
14167.06	6.676
14172.07	6.674
14177.09	6.673
14182.10	6.671
14187.11	6.670
14192.12	6.668
14197.13	6.666
14202.14	6.665
14207.15	6.664
14212.17	6.662
14217.18	6.661
14222.19	6.659
14227.20	6.658
14232.21	6.656
14237.22	6.654
14242.24	6.653
14247.25	6.651
14252.26	6.650
14257.27	6.648
14262.28	6.647
14267.29	6.645
14272.30	6.644
14277.32	6.642
14282.33	6.641
14287.34	6.639
14292.35	6.638
14297.36	6.636
14302.37	6.635
14307.39	6.633
14312.40	6.632
14317.41	6.630
14322.42	6.628
14327.43	6.627
14332.44	6.625
14337.45	6.624
14342.47	6.622
14347.48	6.621
14352.49	6.619
14357.50	6.618
14362.51	6.616
14367.52	6.614
14372.54	6.613
14377.55	6.611
14382.56	6.610
14387.57	6.608
14392.58	6.606
14397.59	6.605
14402.60	6.603
14407.62	6.602
14412.63	6.600
14417.64	6.599
14422.65	6.597
14427.66	6.595
14432.67	6.594
14437.69	6.592
14442.70	6.591
14447.71	6.589
14452.72	6.587
14457.73	6.586
14462.74	6.584
14467.76	6.582
14472.77	6.581
14477.78	6.579
14482.79	6.578
14487.80	6.576
14492.81	6.574
14497.82	6.573
14502.84	6.571
14507.85	6.570
14512.86	6.568
14517.87	6.566
14522.88	6.565
14527.89	6.563
14532.90	6.561
14537.92	6.560
14542.93	6.558
14547.94	6.557
14552.95	6.555
14557.96	6.553
14562.97	6.552
14567.99	6.550
14573.00	6.548
14578.01	6.546
14583.02	6.545
14588.03	6.543
14593.04	6.541
14598.05	6.540
14603.07	6.538
14608.08	6.536
14613.09	6.535
14618.10	6.533
14623.11	6.531
14628.12	6.530
14633.14	6.528
14638.15	6.526
14643.16	6.525
14648.17	6.523
14653.18	6.521
14658.19	6.519
14663.21	6.518
14668.22	6.516
14673.23	6.514
14678.24	6.512
14683.25	6.511
14688.26	6.509
14693.28	6.507
14698.29	6.506
14703.30	6.504
14708.31	6.502
14713.32	6.500
14718.33	6.499
14723.34	6.497
14728.36	6.495
14733.37	6.493
14738.38	6.492
14743.39	6.490
14748.40	6.488
14753.41	6.486
14758.42	6.485
14763.44	6.483
14768.45	6.481
14773.46	6.479
14778.47	6.478
14783.48	6.476
14788.49	6.474
14793.49	6.472
14798.50	6.471
14803.51	6.469
14808.52	6.467
14813.53	6.465
14818.54	6.463
14823.54	6.462
14828.55	6.460
14833.56	6.458
14838.57	6.456
14843.58	6.454
14848.59	6.453
14853.60	6.451
14858.60	6.449
14863.61	6.447
14868.62	6.445
14873.63	6.443
14878.64	6.441
14883.65	6.440
14888.66	6.438
14893.66	6.436
14898.67	6.434
14903.68	6.432
14908.69	6.430
14913.70	6.428
14918.71	6.426
14923.71	6.424
14928.72	6.423
14933.73	6.421
14938.74	6.419
14943.75	6.417
14948.76	6.415
14953.77	6.413
14958.77	6.411
14963.78	6.409
14968.79	6.407
14973.80	6.405
14978.81	6.403
14983.82	6.401
14988.83	6.399
14993.83	6.398
14998.84	6.395
15003.85	6.393
15008.86	6.391
15013.87	6.389
15018.89	6.387
15023.90	6.385
15028.91	6.383
15033.92	6.382
15038.93	6.380
15043.94	6.377
15048.95	6.375
15053.96	6.373
15058.97	6.371
15063.98	6.369
15068.98	6.367
15073.99	6.365
15079.00	6.363
15084.01	6.361
15089.02	6.359
15094.03	6.357
15099.04	6.355
15104.04	6.353
15109.05	6.351
15114.06	6.349
15119.07	6.347
15124.08	6.344
15129.08	6.342
15134.09	6.340
15139.10	6.338
15144.11	6.336
15149.12	6.334
15154.13	6.332
15159.13	6.330
15164.14	6.327
15169.15	6.325
15174.16	6.323
15179.17	6.321
15184.18	6.319
15189.18	6.317
15194.19	6.314
15199.20	6.312
15204.21	6.310
15209.22	6.308
15214.23	6.306
15219.24	6.303
15224.24	6.301
15229.25	6.299
15234.26	6.297
15239.27	6.294
15244.28	6.292
15249.29	6.290
15254.29	6.288
15259.30	6.285
15264.31	6.283
15269.32	6.281
15274.33	6.279
15279.34	6.276
15284.35	6.274
15289.35	6.272
15294.36	6.270
15299.37	6.267
15304.38	6.265
15309.39	6.263
15314.40	6.261
15319.41	6.258
15324.41	6.256
15329.42	6.254
15334.43	6.251
15339.44	6.249
15344.45	6.246
15349.46	6.244
15354.47	6.242
15359.47	6.240
15364.48	6.237
15369.49	6.235
15374.50	6.232
15379.51	6.230
15384.52	6.228
15389.52	6.225
15394.53	6.223
15399.54	6.221
15404.55	6.219
15409.56	6.216
15414.57	6.214
15419.58	6.212
15424.58	6.209
15429.59	6.207
15434.60	6.204
15439.61	6.202
15444.62	6.200
15449.63	6.197
15454.64	6.195
15459.64	6.193
15464.65	6.190
15469.66	6.188
15474.67	6.186
15479.68	6.183
15484.69	6.181
15489.69	6.179
15494.70	6.176
15499.71	6.174
15504.72	6.172
15509.73	6.170
15514.74	6.167
15519.75	6.165
15524.75	6.162
15529.76	6.160
15534.77	6.158
15539.78	6.155
15544.79	6.153
15549.80	6.151
15554.81	6.148
15559.81	6.146
15564.82	6.144
15569.83	6.141
15574.84	6.139
15579.85	6.137
15584.86	6.134
15589.87	6.132
15594.87	6.130
15599.88	6.127
15604.89	6.125
15609.90	6.123
15614.91	6.121
15619.92	6.118
15624.93	6.116
15629.93	6.114
15634.94	6.111
15639.95	6.109
15644.96	6.107
15649.97	6.104
15654.98	6.102
15659.99	6.099
15664.99	6.097
15670.00	6.095
15675.01	6.093
15680.02	6.090
15685.03	6.088
15690.04	6.086
15695.04	6.083
15700.05	6.081
15705.06	6.079
15710.07	6.077
15715.08	6.074
15720.09	6.072
15725.10	6.070
15730.11	6.067
15735.12	6.065
15740.13	6.063
15745.14	6.061
15750.15	6.058
15755.16	6.056
15760.17	6.054
15765.18	6.051
15770.19	6.049
15775.20	6.047
15780.21	6.045
15785.22	6.042
15790.22	6.040
15795.23	6.038
15800.24	6.036
15805.25	6.033
15810.26	6.031
15815.27	6.029
15820.27	6.027
15825.28	6.024
15830.29	6.022
15835.30	6.020
15840.31	6.018
15845.32	6.015
15850.33	6.013
15855.33	6.011
15860.34	6.009
15865.35	6.007
15870.36	6.004
15875.37	6.002
15880.38	6.000
15885.38	5.998
15890.39	5.996
15895.40	5.993
15900.41	5.991
15905.42	5.989
15910.43	5.987
15915.44	5.985
15920.44	5.982
15925.45	5.980
15930.46	5.978
15935.47	5.976
15940.48	5.974
15945.49	5.972
