0.00	7.916
5.01	7.912
10.02	7.912
15.04	7.912
20.05	7.912
25.06	7.912
30.07	7.912
35.08	7.912
40.09	7.912
45.10	7.911
50.12	7.911
55.13	7.911
60.14	7.678
65.15	7.694
70.16	7.698
75.18	7.701
80.19	7.703
85.20	7.704
90.21	7.705
95.22	7.706
100.24	7.706
105.25	7.706
110.27	7.706
115.28	7.706
120.29	7.706
125.30	7.706
130.32	7.705
135.33	7.705
140.34	7.704
145.35	7.704
150.36	7.704
155.37	7.703
160.38	7.703
165.40	7.703
170.41	7.702
175.42	7.702
180.43	7.702
185.44	7.701
190.45	7.701
195.46	7.700
200.48	7.700
205.49	7.699
210.50	7.699
215.51	7.699
220.52	7.699
225.53	7.698
230.55	7.698
235.56	7.698
240.57	7.697
245.58	7.697
250.59	7.697
255.60	7.697
260.61	7.696
265.63	7.696
270.64	7.696
275.65	7.696
280.66	7.695
285.67	7.695
290.69	7.695
295.70	7.695
300.71	7.695
305.73	7.695
310.74	7.695
315.75	7.694
320.77	7.694
325.78	7.694
330.79	7.693
335.80	7.693
340.82	7.693
345.83	7.693
350.84	7.692
355.85	7.692
360.86	7.692
365.87	7.692
370.88	7.692
375.90	7.691
380.91	7.691
385.92	7.691
390.93	7.691
395.94	7.691
400.95	7.690
405.96	7.690
410.97	7.690
415.99	7.690
421.00	7.689
426.01	7.689
431.02	7.689
436.03	7.689
441.04	7.689
446.06	7.688
451.07	7.688
456.08	7.688
461.09	7.688
466.10	7.687
471.11	7.687
476.13	7.687
481.14	7.687
486.15	7.686
491.16	7.686
496.17	7.686
501.18	7.686
506.20	7.686
511.21	7.686
516.22	7.685
521.23	7.685
526.24	7.685
531.25	7.685
536.27	7.685
541.28	7.685
546.29	7.684
551.30	7.684
556.31	7.684
561.32	7.684
566.34	7.684
571.35	7.684
576.36	7.683
581.37	7.683
586.38	7.683
591.39	7.683
596.41	7.682
601.42	7.682
606.43	7.682
611.44	7.682
616.45	7.682
621.46	7.682
626.48	7.681
631.49	7.681
636.50	7.681
641.51	7.681
646.52	7.680
651.53	7.680
656.54	7.680
661.56	7.680
666.57	7.679
671.58	7.679
676.59	7.679
681.60	7.679
686.61	7.679
691.62	7.679
696.64	7.679
701.65	7.678
706.66	7.678
711.67	7.678
716.68	7.678
721.69	7.677
726.71	7.677
731.72	7.677
736.73	7.677
741.74	7.677
746.75	7.677
751.77	7.676
756.78	7.676
761.79	7.676
766.80	7.676
771.81	7.676
776.82	7.675
781.84	7.675
786.85	7.675
791.86	7.675
796.87	7.674
801.88	7.674
806.89	7.674
811.90	7.674
816.92	7.674
821.93	7.674
826.94	7.673
831.95	7.673
836.96	7.673
841.97	7.673
846.99	7.673
852.00	7.672
857.01	7.672
862.02	7.672
867.03	7.672
872.04	7.672
877.05	7.672
882.06	7.671
887.08	7.671
892.09	7.671
897.10	7.671
902.11	7.670
907.12	7.670
912.13	7.670
917.15	7.670
922.16	7.670
927.17	7.670
932.18	7.670
937.19	7.669
942.20	7.669
947.22	7.669
952.23	7.669
957.24	7.668
962.25	7.668
967.26	7.668
972.27	7.668
977.29	7.668
982.30	7.668
987.31	7.667
992.33	7.667
997.34	7.667
1002.36	7.667
1007.37	7.666
1012.38	7.666
1017.40	7.666
1022.41	7.666
1027.42	7.665
1032.44	7.665
1037.45	7.665
1042.46	7.665
1047.47	7.665
1052.48	7.665
1057.49	7.664
1062.51	7.664
1067.52	7.664
1072.53	7.664
1077.54	7.663
1082.55	7.663
1087.56	7.663
1092.57	7.663
1097.59	7.663
1102.60	7.663
1107.61	7.662
1112.62	7.662
1117.63	7.662
1122.64	7.661
1127.66	7.661
1132.67	7.661
1137.68	7.661
1142.69	7.661
1147.70	7.661
1152.71	7.660
1157.72	7.660
1162.74	7.660
1167.75	7.660
1172.76	7.660
1177.77	7.660
1182.78	7.659
1187.79	7.659
1192.81	7.659
1197.82	7.659
1202.83	7.659
1207.84	7.658
1212.85	7.658
1217.86	7.658
1222.87	7.658
1227.89	7.657
1232.90	7.657
1237.91	7.657
1242.92	7.657
1247.93	7.656
1252.94	7.656
1257.96	7.656
1262.97	7.656
1267.98	7.656
1272.99	7.656
1278.00	7.655
1283.02	7.655
1288.03	7.655
1293.05	7.654
1298.06	7.654
1303.07	7.654
1308.08	7.654
1313.10	7.654
1318.11	7.654
1323.12	7.654
1328.13	7.653
1333.14	7.653
1338.15	7.653
1343.17	7.653
1348.18	7.652
1353.19	7.652
1358.20	7.652
1363.21	7.652
1368.22	7.652
1373.23	7.651
1378.24	7.651
1383.26	7.651
1388.27	7.651
1393.28	7.650
1398.29	7.650
1403.30	7.650
1408.31	7.650
1413.32	7.650
1418.34	7.650
1423.35	7.649
1428.36	7.649
1433.37	7.649
1438.38	7.649
1443.39	7.649
1448.41	7.648
1453.42	7.648
1458.43	7.648
1463.44	7.648
1468.45	7.647
1473.46	7.647
1478.47	7.647
1483.49	7.647
1488.50	7.647
1493.51	7.647
1498.52	7.647
1503.53	7.646
1508.54	7.646
1513.56	7.646
1518.57	7.646
1523.58	7.645
1528.59	7.645
1533.60	7.645
1538.61	7.645
1543.62	7.644
1548.64	7.644
1553.65	7.644
1558.66	7.644
1563.67	7.644
1568.68	7.644
1573.70	7.643
1578.71	7.643
1583.72	7.643
1588.73	7.642
1593.74	7.642
1598.75	7.642
1603.77	7.642
1608.78	7.642
1613.79	7.642
1618.80	7.641
1623.81	7.641
1628.82	7.641
1633.83	7.640
1638.84	7.640
1643.86	7.640
1648.87	7.640
1653.88	7.640
1658.89	7.640
1663.90	7.639
1668.91	7.639
1673.93	7.639
1678.94	7.639
1683.95	7.638
1688.96	7.638
1693.97	7.638
1698.98	7.638
1703.99	7.638
1709.01	7.638
1714.02	7.637
1719.03	7.637
1724.04	7.637
1729.05	7.637
1734.06	7.637
1739.08	7.636
1744.09	7.636
1749.10	7.636
1754.11	7.635
1759.12	7.635
1764.13	7.635
1769.15	7.635
1774.16	7.634
1779.17	7.634
1784.18	7.634
1789.20	7.634
1794.21	7.634
1799.23	7.633
1804.24	7.633
1809.25	7.633
1814.27	7.633
1819.28	7.633
1824.29	7.632
1829.30	7.632
1834.32	7.632
1839.34	7.632
1844.35	7.631
1849.37	7.631
1854.38	7.631
1859.40	7.631
1864.41	7.631
1869.42	7.631
1874.43	7.630
1879.45	7.630
1884.46	7.629
1889.47	7.629
1894.48	7.629
1899.49	7.629
1904.50	7.629
1909.52	7.628
1914.53	7.628
1919.54	7.628
1924.55	7.628
1929.56	7.627
1934.57	7.627
1939.59	7.627
1944.60	7.627
1949.61	7.627
1954.62	7.627
1959.63	7.626
1964.64	7.626
1969.66	7.626
1974.67	7.626
1979.68	7.625
1984.69	7.625
1989.70	7.625
1994.71	7.625
1999.72	7.624
2004.74	7.624
2009.75	7.624
2014.76	7.624
2019.77	7.624
2024.78	7.623
2029.79	7.623
2034.81	7.623
2039.82	7.623
2044.83	7.623
2049.84	7.622
2054.85	7.622
2059.86	7.622
2064.87	7.622
2069.89	7.621
2074.90	7.621
2079.91	7.621
2084.92	7.621
2089.93	7.620
2094.94	7.620
2099.96	7.620
2104.97	7.619
2109.98	7.619
2114.99	7.619
2120.00	7.619
2125.01	7.619
2130.03	7.619
2135.04	7.618
2140.05	7.618
2145.06	7.618
2150.07	7.618
2155.08	7.617
2160.10	7.617
2165.11	7.617
2170.12	7.617
2175.13	7.616
2180.14	7.616
2185.15	7.616
2190.17	7.616
2195.18	7.615
2200.19	7.615
2205.20	7.615
2210.21	7.615
2215.22	7.615
2220.23	7.614
2225.25	7.614
2230.26	7.614
2235.27	7.613
2240.28	7.613
2245.29	7.613
2250.30	7.613
2255.32	7.612
2260.33	7.612
2265.34	7.612
2270.35	7.612
2275.36	7.611
2280.37	7.611
2285.38	7.611
2290.40	7.611
2295.41	7.611
2300.42	7.610
2305.43	7.610
2310.44	7.610
2315.45	7.610
2320.46	7.609
2325.47	7.609
2330.49	7.609
2335.50	7.609
2340.51	7.608
2345.53	7.608
2350.54	7.608
2355.55	7.607
2360.56	7.608
2365.57	7.607
2370.58	7.607
2375.59	7.606
2380.61	7.606
2385.62	7.606
2390.63	7.606
2395.64	7.605
2400.65	7.605
2405.66	7.605
2410.68	7.605
2415.69	7.604
2420.70	7.604
2425.71	7.604
2430.72	7.604
2435.73	7.604
2440.75	7.603
2445.76	7.603
2450.77	7.603
2455.78	7.602
2460.79	7.602
2465.80	7.602
2470.82	7.602
2475.83	7.601
2480.84	7.602
2485.85	7.601
2490.86	7.601
2495.87	7.601
2500.88	7.600
2505.90	7.600
2510.91	7.599
2515.92	7.599
2520.93	7.599
2525.94	7.599
2530.95	7.598
2535.97	7.598
2540.98	7.598
2545.99	7.598
2551.00	7.597
2556.01	7.597
2561.02	7.597
2566.04	7.597
2571.05	7.597
2576.06	7.597
2581.07	7.596
2586.09	7.596
2591.11	7.596
2596.12	7.596
2601.13	7.595
2606.14	7.595
2611.16	7.595
2616.17	7.594
2621.18	7.594
2626.19	7.594
2631.20	7.594
2636.21	7.594
2641.22	7.593
2646.24	7.593
2651.25	7.593
2656.26	7.593
2661.27	7.592
2666.28	7.592
2671.29	7.592
2676.31	7.591
2681.32	7.591
2686.33	7.591
2691.34	7.591
2696.35	7.591
2701.36	7.590
2706.37	7.590
2711.39	7.589
2716.40	7.589
2721.41	7.589
2726.42	7.589
2731.43	7.589
2736.44	7.588
2741.46	7.588
2746.47	7.588
2751.48	7.588
2756.49	7.587
2761.50	7.587
2766.51	7.587
2771.53	7.586
2776.54	7.586
2781.55	7.586
2786.56	7.586
2791.57	7.585
2796.58	7.585
2801.59	7.585
2806.61	7.585
2811.62	7.584
2816.64	7.584
2821.65	7.584
2826.66	7.584
2831.67	7.584
2836.68	7.583
2841.69	7.583
2846.71	7.582
2851.72	7.582
2856.73	7.582
2861.74	7.581
2866.75	7.581
2871.76	7.581
2876.78	7.581
2881.79	7.581
2886.80	7.581
2891.81	7.580
2896.82	7.580
2901.83	7.580
2906.84	7.579
2911.86	7.579
2916.87	7.579
2921.88	7.578
2926.89	7.578
2931.91	7.578
2936.92	7.578
2941.93	7.577
2946.94	7.577
2951.95	7.577
2956.96	7.577
2961.98	7.577
2966.99	7.576
2972.00	7.576
2977.01	7.576
2982.02	7.576
2987.03	7.575
2992.05	7.575
2997.06	7.575
3002.07	7.574
3007.08	7.574
3012.09	7.574
3017.10	7.573
3022.11	7.573
3027.13	7.573
3032.14	7.573
3037.15	7.573
3042.16	7.572
3047.17	7.572
3052.18	7.572
3057.19	7.572
3062.20	7.571
3067.22	7.571
3072.23	7.571
3077.24	7.570
3082.25	7.570
3087.26	7.570
3092.27	7.570
3097.29	7.570
3102.30	7.570
3107.31	7.569
3112.32	7.569
3117.34	7.568
3122.36	7.568
3127.37	7.568
3132.38	7.568
3137.39	7.567
3142.40	7.567
3147.41	7.567
3152.43	7.567
3157.44	7.566
3162.45	7.566
3167.46	7.566
3172.47	7.565
3177.48	7.565
3182.50	7.565
3187.51	7.564
3192.52	7.564
3197.53	7.564
3202.54	7.564
3207.55	7.564
3212.57	7.563
3217.58	7.563
3222.59	7.563
3227.60	7.562
3232.61	7.562
3237.62	7.562
3242.63	7.562
3247.65	7.561
3252.66	7.561
3257.67	7.561
3262.68	7.561
3267.69	7.560
3272.70	7.560
3277.72	7.560
3282.73	7.560
3287.74	7.559
3292.75	7.559
3297.76	7.559
3302.77	7.559
3307.79	7.558
3312.80	7.558
3317.81	7.558
3322.82	7.557
3327.83	7.557
3332.84	7.557
3337.86	7.557
3342.87	7.557
3347.88	7.557
3352.89	7.556
3357.90	7.556
3362.91	7.555
3367.93	7.555
3372.94	7.555
3377.95	7.554
3382.96	7.554
3387.97	7.554
3392.98	7.554
3397.99	7.554
3403.01	7.554
3408.02	7.553
3413.03	7.553
3418.04	7.553
3423.05	7.552
3428.06	7.552
3433.08	7.551
3438.09	7.551
3443.10	7.551
3448.11	7.551
3453.12	7.551
3458.13	7.551
3463.14	7.550
3468.16	7.549
3473.17	7.549
3478.18	7.549
3483.19	7.549
3488.20	7.549
3493.21	7.548
3498.23	7.548
3503.24	7.548
3508.25	7.548
3513.26	7.547
3518.27	7.547
3523.28	7.547
3528.30	7.546
3533.31	7.546
3538.32	7.546
3543.33	7.546
3548.34	7.545
3553.35	7.545
3558.36	7.545
3563.38	7.545
3568.39	7.544
3573.40	7.544
3578.41	7.544
3583.42	7.543
3588.43	7.543
3593.45	7.543
3598.46	7.542
3603.47	7.542
3608.48	7.542
3613.49	7.542
3618.50	7.541
3623.52	7.541
3628.53	7.541
3633.54	7.540
3638.55	7.540
3643.56	7.540
3648.57	7.540
3653.59	7.539
3658.60	7.539
3663.61	7.539
3668.62	7.539
3673.63	7.538
3678.64	7.538
3683.66	7.538
3688.67	7.537
3693.68	7.537
3698.69	7.537
3703.70	7.536
3708.72	7.536
3713.74	7.536
3718.75	7.536
3723.77	7.536
3728.78	7.535
3733.80	7.535
3738.81	7.535
3743.82	7.535
3748.84	7.534
3753.85	7.534
3758.87	7.534
3763.88	7.533
3768.89	7.533
3773.91	7.533
3778.92	7.532
3783.93	7.532
3788.94	7.532
3793.95	7.532
3798.96	7.531
3803.97	7.531
3808.99	7.531
3814.00	7.530
3819.01	7.530
3824.02	7.530
3829.03	7.530
3834.04	7.529
3839.06	7.529
3844.07	7.529
3849.08	7.528
3854.09	7.528
3859.10	7.528
3864.11	7.528
3869.13	7.527
3874.14	7.527
3879.15	7.527
3884.16	7.526
3889.17	7.526
3894.18	7.526
3899.19	7.526
3904.21	7.525
3909.22	7.525
3914.23	7.525
3919.24	7.524
3924.25	7.524
3929.26	7.524
3934.28	7.524
3939.29	7.524
3944.30	7.523
3949.31	7.523
3954.32	7.523
3959.33	7.523
3964.35	7.522
3969.36	7.522
3974.37	7.521
3979.38	7.521
3984.39	7.521
3989.40	7.520
3994.41	7.520
3999.43	7.520
4004.44	7.520
4009.45	7.519
4014.46	7.519
4019.47	7.519
4024.48	7.518
4029.50	7.518
4034.51	7.518
4039.52	7.517
4044.53	7.517
4049.54	7.517
4054.55	7.517
4059.56	7.517
4064.58	7.516
4069.59	7.516
4074.60	7.515
4079.61	7.515
4084.62	7.515
4089.63	7.514
4094.65	7.514
4099.66	7.514
4104.67	7.514
4109.68	7.513
4114.69	7.513
4119.70	7.513
4124.71	7.512
4129.73	7.512
4134.75	7.512
4139.76	7.512
4144.78	7.511
4149.79	7.511
4154.80	7.511
4159.81	7.511
4164.82	7.510
4169.84	7.510
4174.85	7.510
4179.86	7.510
4184.87	7.509
4189.88	7.509
4194.89	7.509
4199.91	7.508
4204.92	7.508
4209.93	7.508
4214.94	7.508
4219.95	7.507
4224.96	7.507
4229.98	7.507
4234.99	7.507
4240.01	7.506
4245.03	7.506
4250.04	7.506
4255.05	7.505
4260.07	7.505
4265.08	7.505
4270.10	7.504
4275.11	7.504
4280.13	7.504
4285.14	7.504
4290.16	7.503
4295.17	7.503
4300.18	7.503
4305.19	7.502
4310.20	7.502
4315.21	7.502
4320.23	7.502
4325.24	7.501
4330.25	7.501
4335.26	7.501
4340.27	7.501
4345.28	7.500
4350.30	7.500
4355.31	7.500
4360.32	7.499
4365.33	7.499
4370.34	7.498
4375.35	7.498
4380.36	7.498
4385.38	7.498
4390.39	7.498
4395.40	7.497
4400.41	7.497
4405.42	7.497
4410.43	7.496
4415.45	7.496
4420.46	7.496
4425.47	7.496
4430.48	7.495
4435.49	7.495
4440.50	7.495
4445.52	7.494
4450.53	7.494
4455.54	7.494
4460.55	7.494
4465.56	7.494
4470.57	7.493
4475.58	7.493
4480.60	7.493
4485.61	7.493
4490.62	7.492
4495.63	7.492
4500.64	7.492
4505.66	7.491
4510.67	7.491
4515.68	7.491
4520.69	7.490
4525.70	7.490
4530.71	7.490
4535.73	7.489
4540.74	7.489
4545.75	7.489
4550.76	7.489
4555.77	7.488
4560.78	7.488
4565.80	7.488
4570.81	7.488
4575.82	7.488
4580.83	7.487
4585.84	7.487
4590.85	7.487
4595.86	7.486
4600.88	7.486
4605.89	7.486
4610.90	7.486
4615.91	7.486
4620.92	7.486
4625.93	7.485
4630.95	7.485
4635.96	7.485
4640.97	7.484
4645.98	7.484
4650.99	7.484
4656.00	7.483
4661.01	7.483
4666.03	7.483
4671.04	7.482
4676.05	7.482
4681.06	7.482
4686.07	7.482
4691.08	7.481
4696.10	7.481
4701.11	7.481
4706.12	7.481
4711.13	7.481
4716.14	7.480
4721.15	7.480
4726.17	7.480
4731.18	7.479
4736.19	7.479
4741.20	7.479
4746.21	7.479
4751.22	7.479
4756.24	7.479
4761.25	7.478
4766.27	7.478
4771.28	7.478
4776.29	7.477
4781.31	7.477
4786.33	7.477
4791.34	7.477
4796.36	7.476
4801.37	7.476
4806.38	7.476
4811.39	7.476
4816.40	7.475
4821.42	7.475
4826.43	7.475
4831.44	7.475
4836.45	7.475
4841.46	7.474
4846.47	7.474
4851.49	7.474
4856.50	7.474
4861.51	7.474
4866.53	7.473
4871.54	7.473
4876.56	7.473
4881.57	7.472
4886.59	7.472
4891.60	7.472
4896.61	7.472
4901.62	7.471
4906.63	7.471
4911.65	7.471
4916.66	7.471
4921.67	7.471
4926.68	7.470
4931.69	7.470
4936.71	7.470
4941.72	7.469
4946.74	7.469
4951.75	7.469
4956.77	7.469
4961.78	7.468
4966.79	7.468
4971.81	7.468
4976.82	7.468
4981.83	7.467
4986.84	7.467
4991.85	7.467
4996.86	7.467
5001.88	7.467
5006.89	7.466
5011.90	7.466
5016.91	7.466
5021.92	7.466
5026.93	7.466
5031.95	7.465
5036.96	7.465
5041.97	7.465
5046.98	7.465
5051.99	7.465
5057.00	7.464
5062.01	7.464
5067.03	7.464
5072.04	7.464
5077.05	7.463
5082.06	7.463
5087.07	7.463
5092.08	7.463
5097.10	7.463
5102.11	7.462
5107.12	7.462
5112.13	7.462
5117.14	7.462
5122.15	7.461
5127.17	7.461
5132.18	7.461
5137.19	7.461
5142.20	7.461
5147.21	7.461
5152.22	7.461
5157.24	7.460
5162.25	7.460
5167.26	7.460
5172.27	7.460
5177.28	7.459
5182.29	7.459
5187.30	7.459
5192.32	7.459
5197.33	7.458
5202.34	7.458
5207.35	7.458
5212.36	7.458
5217.37	7.458
5222.38	7.457
5227.40	7.457
5232.41	7.457
5237.42	7.457
5242.43	7.457
5247.44	7.456
5252.45	7.456
5257.46	7.456
5262.48	7.456
5267.49	7.456
5272.50	7.455
5277.51	7.455
5282.52	7.455
5287.53	7.455
5292.55	7.455
5297.56	7.455
5302.57	7.455
5307.58	7.454
5312.59	7.454
5317.60	7.454
5322.62	7.453
5327.63	7.453
5332.64	7.453
5337.65	7.453
5342.66	7.453
5347.67	7.453
5352.69	7.453
5357.70	7.452
5362.71	7.452
5367.72	7.452
5372.73	7.452
5377.74	7.452
5382.76	7.452
5387.77	7.451
5392.78	7.451
5397.79	7.451
5402.80	7.451
5407.81	7.451
5412.82	7.450
5417.84	7.450
5422.85	7.450
5427.86	7.450
5432.87	7.450
5437.88	7.449
5442.89	7.449
5447.91	7.449
5452.92	7.449
5457.93	7.449
5462.94	7.448
5467.95	7.448
5472.96	7.448
5477.98	7.448
5482.99	7.448
5488.00	7.448
5493.01	7.447
5498.02	7.447
5503.03	7.447
5508.05	7.447
5513.06	7.447
5518.07	7.447
5523.08	7.447
5528.09	7.446
5533.10	7.446
5538.11	7.446
5543.13	7.446
5548.14	7.445
5553.15	7.445
5558.16	7.445
5563.17	7.445
5568.18	7.445
5573.20	7.445
5578.21	7.444
5583.22	7.444
5588.23	7.444
5593.24	7.444
5598.25	7.444
5603.27	7.444
5608.28	7.443
5613.29	7.443
5618.30	7.443
5623.31	7.443
5628.32	7.443
5633.33	7.442
5638.35	7.442
5643.36	7.442
5648.37	7.442
5653.38	7.442
5658.39	7.442
5663.40	7.442
5668.41	7.441
5673.43	7.441
5678.44	7.441
5683.45	7.441
5688.46	7.441
5693.47	7.441
5698.48	7.441
5703.50	7.441
5708.51	7.441
5713.52	7.440
5718.53	7.440
5723.54	7.440
5728.55	7.440
5733.56	7.439
5738.58	7.439
5743.59	7.439
5748.60	7.439
5753.61	7.439
5758.62	7.439
5763.63	7.439
5768.65	7.438
5773.66	7.438
5778.67	7.438
5783.68	7.438
5788.69	7.437
5793.70	7.438
5798.71	7.437
5803.73	7.437
5808.74	7.437
5813.75	7.437
5818.76	7.437
5823.77	7.436
5828.78	7.436
5833.80	7.436
5838.81	7.436
5843.82	7.436
5848.83	7.436
5853.84	7.435
5858.85	7.435
5863.87	7.435
5868.88	7.435
5873.89	7.435
5878.90	7.435
5883.91	7.435
5888.92	7.435
5893.94	7.434
5898.95	7.434
5903.96	7.434
5908.97	7.434
5913.98	7.434
5918.99	7.434
5924.00	7.433
5929.02	7.433
5934.03	7.433
5939.04	7.433
5944.05	7.433
5949.06	7.433
5954.08	7.432
5959.10	7.432
5964.11	7.432
5969.12	7.432
5974.14	7.432
5979.15	7.432
5984.16	7.432
5989.17	7.431
5994.18	7.431
5999.19	7.431
6004.21	7.431
6009.22	7.431
6014.23	7.431
6019.24	7.431
6024.25	7.430
6029.26	7.430
6034.28	7.430
6039.29	7.430
6044.30	7.430
6049.31	7.430
6054.32	7.430
6059.33	7.429
6064.34	7.429
6069.36	7.429
6074.37	7.429
6079.38	7.429
6084.39	7.429
6089.40	7.429
6094.41	7.428
6099.43	7.428
6104.44	7.428
6109.45	7.428
6114.46	7.428
6119.47	7.428
6124.48	7.428
6129.50	7.428
6134.51	7.427
6139.52	7.427
6144.53	7.427
6149.54	7.427
6154.55	7.427
6159.57	7.427
6164.58	7.427
6169.59	7.427
6174.60	7.426
6179.61	7.426
6184.62	7.426
6189.63	7.426
6194.65	7.426
6199.66	7.425
6204.67	7.425
6209.68	7.425
6214.69	7.425
6219.70	7.425
6224.71	7.425
6229.73	7.425
6234.74	7.425
6239.75	7.424
6244.76	7.424
6249.77	7.424
6254.78	7.424
6259.80	7.424
6264.81	7.424
6269.82	7.424
6274.83	7.424
6279.84	7.424
6284.85	7.423
6289.87	7.423
6294.88	7.423
6299.90	7.423
6304.91	7.423
6309.92	7.423
6314.93	7.422
6319.95	7.422
6324.96	7.422
6329.98	7.422
6334.99	7.422
6340.00	7.422
6345.01	7.422
6350.04	7.422
6355.05	7.421
6360.06	7.421
6365.08	7.421
6370.09	7.421
6375.10	7.421
6380.11	7.421
6385.12	7.421
6390.13	7.421
6395.14	7.421
6400.17	7.420
6405.18	7.420
6410.19	7.420
6415.20	7.420
6420.22	7.420
6425.23	7.419
6430.25	7.419
6435.26	7.419
6440.27	7.419
6445.28	7.419
6450.29	7.419
6455.30	7.419
6460.32	7.419
6465.33	7.419
6470.35	7.419
6475.36	7.419
6480.37	7.418
6485.39	7.418
6490.40	7.418
6495.41	7.418
6500.42	7.418
6505.43	7.417
6510.44	7.417
6515.45	7.417
6520.47	7.417
6525.48	7.417
6530.49	7.417
6535.50	7.417
6540.51	7.416
6545.52	7.416
6550.54	7.416
6555.55	7.416
6560.56	7.416
6565.57	7.416
6570.58	7.416
6575.59	7.416
6580.61	7.416
6585.62	7.416
6590.63	7.416
6595.64	7.415
6600.65	7.415
6605.66	7.415
6610.67	7.415
6615.69	7.415
6620.70	7.415
6625.71	7.414
6630.72	7.414
6635.73	7.414
6640.74	7.414
6645.76	7.414
6650.77	7.414
6655.78	7.414
6660.79	7.414
6665.80	7.414
6670.81	7.413
6675.83	7.413
6680.84	7.413
6685.85	7.413
6690.86	7.413
6695.87	7.413
6700.88	7.413
6705.90	7.412
6710.91	7.412
6715.92	7.412
6720.93	7.412
6725.94	7.412
6730.95	7.412
6735.97	7.412
6740.98	7.412
6745.99	7.412
6751.00	7.411
6756.01	7.411
6761.02	7.411
6766.04	7.411
6771.05	7.411
6776.06	7.411
6781.07	7.411
6786.08	7.410
6791.09	7.410
6796.11	7.410
6801.12	7.410
6806.13	7.410
6811.14	7.410
6816.15	7.410
6821.16	7.410
6826.17	7.410
6831.19	7.410
6836.20	7.409
6841.21	7.409
6846.22	7.409
6851.23	7.409
6856.24	7.409
6861.26	7.409
6866.27	7.409
6871.28	7.409
6876.29	7.408
6881.30	7.409
6886.31	7.408
6891.32	7.408
6896.34	7.408
6901.35	7.408
6906.36	7.408
6911.37	7.407
6916.38	7.407
6921.39	7.407
6926.40	7.407
6931.42	7.407
6936.43	7.407
6941.44	7.407
6946.45	7.406
6951.46	7.406
6956.47	7.406
6961.49	7.406
6966.50	7.406
6971.51	7.406
6976.52	7.406
6981.53	7.406
6986.54	7.406
6991.56	7.406
6996.57	7.406
7001.58	7.406
7006.59	7.405
7011.60	7.405
7016.61	7.405
7021.62	7.405
7026.64	7.405
7031.65	7.405
7036.66	7.404
7041.67	7.404
7046.68	7.404
7051.69	7.404
7056.71	7.404
7061.72	7.404
7066.73	7.404
7071.74	7.404
7076.75	7.404
7081.76	7.404
7086.78	7.403
7091.79	7.403
7096.80	7.403
7101.81	7.403
7106.82	7.403
7111.83	7.403
7116.84	7.403
7121.86	7.403
7126.88	7.403
7131.89	7.402
7136.91	7.402
7141.92	7.402
7146.93	7.402
7151.94	7.402
7156.95	7.402
7161.96	7.402
7166.98	7.401
7171.99	7.401
7177.00	7.401
7182.01	7.401
7187.02	7.401
7192.03	7.401
7197.05	7.401
7202.06	7.400
7207.07	7.400
7212.08	7.400
7217.09	7.400
7222.10	7.400
7227.11	7.400
7232.13	7.400
7237.14	7.400
7242.15	7.400
7247.16	7.400
7252.17	7.399
7257.18	7.399
7262.19	7.399
7267.21	7.400
7272.22	7.399
7277.23	7.399
7282.24	7.399
7287.25	7.399
7292.26	7.398
7297.28	7.398
7302.29	7.398
7307.30	7.398
7312.31	7.398
7317.32	7.398
7322.33	7.398
7327.34	7.398
7332.36	7.398
7337.37	7.397
7342.38	7.398
7347.39	7.397
7352.40	7.397
7357.41	7.397
7362.42	7.397
7367.44	7.397
7372.45	7.396
7377.46	7.396
7382.47	7.397
7387.48	7.396
7392.49	7.396
7397.51	7.396
7402.52	7.396
7407.53	7.396
7412.54	7.396
7417.55	7.396
7422.56	7.396
7427.58	7.396
7432.59	7.396
7437.60	7.395
7442.61	7.395
7447.62	7.395
7452.63	7.395
7457.64	7.395
7462.66	7.395
7467.67	7.394
7472.68	7.394
7477.69	7.394
7482.70	7.394
7487.72	7.394
7492.73	7.394
7497.75	7.394
7502.77	7.393
7507.78	7.393
7512.79	7.393
7517.80	7.393
7522.81	7.393
7527.83	7.393
7532.84	7.393
7537.85	7.393
7542.87	7.392
7547.89	7.392
7552.90	7.392
7557.91	7.392
7562.92	7.392
7567.93	7.392
7572.94	7.392
7577.96	7.392
7582.97	7.391
7587.98	7.391
7593.00	7.391
7598.01	7.391
7603.02	7.391
7608.04	7.391
7613.05	7.391
7618.06	7.391
7623.08	7.390
7628.09	7.390
7633.10	7.390
7638.11	7.390
7643.12	7.390
7648.13	7.390
7653.15	7.390
7658.16	7.390
7663.17	7.389
7668.18	7.389
7673.19	7.389
7678.20	7.389
7683.22	7.389
7688.23	7.389
7693.24	7.389
7698.25	7.389
7703.26	7.389
7708.27	7.389
7713.29	7.388
7718.30	7.388
7723.31	7.388
7728.32	7.388
7733.33	7.388
7738.34	7.388
7743.35	7.387
7748.37	7.387
7753.38	7.387
7758.39	7.387
7763.40	7.387
7768.41	7.387
7773.42	7.387
7778.44	7.386
7783.45	7.387
7788.46	7.386
7793.47	7.386
7798.48	7.386
7803.49	7.386
7808.51	7.386
7813.52	7.386
7818.53	7.386
7823.54	7.386
7828.55	7.386
7833.56	7.385
7838.57	7.385
7843.59	7.385
7848.60	7.385
7853.61	7.385
7858.62	7.385
7863.63	7.385
7868.64	7.384
7873.66	7.384
7878.67	7.384
7883.68	7.384
7888.69	7.384
7893.70	7.383
7898.71	7.383
7903.73	7.383
7908.74	7.383
7913.75	7.383
7918.76	7.383
7923.77	7.383
7928.78	7.383
7933.80	7.383
7938.81	7.382
7943.82	7.382
7948.83	7.382
7953.84	7.382
7958.85	7.382
7963.86	7.382
7968.88	7.382
7973.89	7.381
7978.90	7.381
7983.91	7.381
7988.92	7.381
7993.93	7.381
7998.95	7.381
8003.96	7.381
8008.97	7.381
8013.98	7.380
8018.99	7.380
8024.00	7.380
8029.02	7.380
8034.03	7.380
8039.04	7.380
8044.05	7.380
8049.06	7.379
8054.07	7.379
8059.08	7.379
8064.10	7.379
8069.11	7.379
8074.12	7.379
8079.13	7.379
8084.14	7.378
8089.15	7.378
8094.17	7.378
8099.18	7.378
8104.19	7.378
8109.20	7.378
8114.21	7.377
8119.22	7.377
8124.23	7.377
8129.25	7.377
8134.26	7.377
8139.27	7.377
8144.28	7.377
8149.29	7.376
8154.30	7.376
8159.32	7.376
8164.33	7.376
8169.34	7.376
8174.35	7.376
8179.36	7.376
8184.37	7.376
8189.39	7.375
8194.40	7.375
8199.41	7.375
8204.42	7.375
8209.43	7.375
8214.44	7.375
8219.45	7.375
8224.47	7.374
8229.48	7.374
8234.49	7.374
8239.50	7.374
8244.51	7.374
8249.52	7.373
8254.54	7.373
8259.55	7.373
8264.56	7.373
8269.57	7.373
8274.58	7.373
8279.59	7.373
8284.61	7.373
8289.62	7.372
8294.63	7.372
8299.64	7.372
8304.65	7.372
8309.66	7.371
8314.67	7.371
8319.69	7.371
8324.70	7.371
8329.71	7.371
8334.72	7.371
8339.73	7.371
8344.74	7.371
8349.76	7.370
8354.77	7.370
8359.78	7.370
8364.79	7.370
8369.80	7.370
8374.81	7.369
8379.83	7.369
8384.84	7.369
8389.85	7.369
8394.86	7.369
8399.87	7.369
8404.88	7.368
8409.89	7.368
8414.90	7.368
8419.92	7.368
8424.93	7.368
8429.94	7.368
8434.95	7.368
8439.96	7.368
8444.97	7.367
8449.99	7.367
8455.00	7.367
8460.01	7.367
8465.02	7.367
8470.03	7.366
8475.04	7.366
8480.06	7.366
8485.07	7.366
8490.08	7.366
8495.09	7.366
8500.10	7.365
8505.11	7.365
8510.13	7.365
8515.14	7.365
8520.15	7.364
8525.16	7.364
8530.17	7.364
8535.18	7.364
8540.19	7.364
8545.21	7.364
8550.22	7.364
8555.23	7.363
8560.24	7.363
8565.25	7.363
8570.26	7.363
8575.28	7.363
8580.29	7.362
8585.30	7.363
8590.31	7.362
8595.32	7.362
8600.33	7.362
8605.35	7.361
8610.36	7.361
8615.37	7.361
8620.38	7.361
8625.39	7.361
8630.40	7.361
8635.42	7.360
8640.43	7.360
8645.44	7.360
8650.45	7.360
8655.46	7.360
8660.47	7.359
8665.48	7.359
8670.50	7.359
8675.51	7.359
8680.52	7.358
8685.53	7.358
8690.54	7.358
8695.55	7.358
8700.57	7.357
8705.58	7.357
8710.59	7.357
8715.60	7.357
8720.61	7.357
8725.62	7.357
8730.64	7.356
8735.65	7.356
8740.66	7.356
8745.67	7.356
8750.68	7.356
8755.69	7.356
8760.71	7.355
8765.72	7.355
8770.73	7.355
8775.74	7.355
8780.75	7.355
8785.76	7.355
8790.77	7.354
8795.78	7.354
8800.80	7.354
8805.81	7.353
8810.82	7.353
8815.83	7.353
8820.84	7.353
8825.85	7.353
8830.87	7.352
8835.88	7.352
8840.89	7.352
8845.90	7.352
8850.91	7.351
8855.92	7.351
8860.93	7.351
8865.94	7.350
8870.96	7.350
8875.97	7.350
8880.98	7.350
8885.99	7.350
8891.00	7.349
8896.01	7.349
8901.03	7.349
8906.04	7.349
8911.05	7.348
8916.06	7.348
8921.07	7.348
8926.08	7.348
8931.10	7.348
8936.11	7.348
8941.12	7.347
8946.13	7.347
8951.14	7.347
8956.15	7.346
8961.16	7.346
8966.18	7.346
8971.19	7.345
8976.20	7.345
8981.21	7.345
8986.22	7.344
8991.23	7.345
8996.25	7.344
9001.26	7.344
9006.27	7.344
9011.28	7.343
9016.29	7.343
9021.30	7.343
9026.31	7.343
9031.33	7.343
9036.34	7.342
9041.35	7.342
9046.36	7.342
9051.37	7.341
9056.38	7.341
9061.39	7.341
9066.41	7.340
9071.42	7.340
9076.43	7.340
9081.44	7.340
9086.45	7.339
9091.46	7.339
9096.48	7.339
9101.49	7.339
9106.50	7.338
9111.51	7.338
9116.52	7.337
9121.53	7.337
9126.54	7.337
9131.56	7.337
9136.57	7.336
9141.58	7.336
9146.59	7.336
9151.60	7.335
9156.61	7.335
9161.62	7.335
9166.64	7.335
9171.65	7.334
9176.66	7.334
9181.67	7.333
9186.68	7.333
9191.69	7.333
9196.71	7.333
9201.72	7.333
9206.73	7.332
9211.74	7.332
9216.75	7.332
9221.76	7.331
9226.78	7.331
9231.79	7.330
9236.80	7.330
9241.81	7.330
9246.82	7.329
9251.83	7.329
9256.84	7.329
9261.86	7.329
9266.87	7.328
9271.88	7.328
9276.89	7.328
9281.90	7.327
9286.91	7.327
9291.92	7.327
9296.94	7.326
9301.95	7.326
9306.96	7.326
9311.97	7.325
9316.98	7.325
9321.99	7.324
9327.01	7.324
9332.02	7.324
9337.03	7.324
9342.04	7.323
9347.05	7.323
9352.06	7.322
9357.07	7.322
9362.09	7.322
9367.10	7.321
9372.11	7.320
9377.12	7.320
9382.13	7.320
9387.14	7.320
9392.16	7.319
9397.17	7.319
9402.18	7.319
9407.19	7.318
9412.20	7.318
9417.21	7.317
9422.23	7.317
9427.24	7.316
9432.25	7.316
9437.26	7.316
9442.27	7.315
9447.28	7.315
9452.29	7.314
9457.30	7.314
9462.32	7.314
9467.33	7.313
9472.34	7.313
9477.35	7.313
9482.36	7.312
9487.37	7.312
9492.38	7.311
9497.40	7.311
9502.41	7.310
9507.42	7.310
9512.43	7.310
9517.44	7.309
9522.45	7.309
9527.47	7.308
9532.48	7.308
9537.49	7.308
9542.50	7.307
9547.51	7.307
9552.53	7.306
9557.54	7.306
9562.55	7.305
9567.56	7.305
9572.57	7.304
9577.58	7.304
9582.59	7.303
9587.61	7.303
9592.62	7.303
9597.63	7.302
9602.64	7.302
9607.65	7.301
9612.66	7.301
9617.68	7.300
9622.69	7.300
9627.70	7.299
9632.71	7.299
9637.72	7.298
9642.73	7.298
9647.75	7.297
9652.76	7.297
9657.77	7.296
9662.78	7.296
9667.79	7.295
9672.80	7.295
9677.81	7.294
9682.83	7.294
9687.84	7.293
9692.85	7.293
9697.86	7.292
9702.87	7.292
9707.88	7.292
9712.89	7.291
9717.91	7.290
9722.92	7.290
9727.93	7.289
9732.94	7.289
9737.95	7.288
9742.96	7.288
9747.98	7.287
9752.99	7.287
9758.00	7.286
9763.01	7.286
9768.02	7.285
9773.03	7.285
9778.05	7.284
9783.06	7.284
9788.07	7.283
9793.08	7.282
9798.09	7.282
9803.10	7.281
9808.12	7.281
9813.13	7.280
9818.14	7.280
9823.15	7.279
9828.16	7.279
9833.17	7.278
9838.18	7.277
9843.20	7.277
9848.22	7.276
9853.23	7.276
9858.25	7.275
9863.26	7.274
9868.28	7.274
9873.29	7.273
9878.30	7.273
9883.31	7.272
9888.32	7.272
9893.33	7.271
9898.35	7.271
9903.36	7.270
9908.37	7.269
9913.38	7.268
9918.39	7.268
9923.40	7.267
9928.42	7.267
9933.43	7.266
9938.44	7.265
9943.45	7.265
9948.46	7.264
9953.47	7.264
9958.49	7.263
9963.50	7.262
9968.51	7.262
9973.52	7.261
9978.53	7.260
9983.54	7.260
9988.56	7.259
9993.57	7.259
9998.58	7.258
10003.59	7.257
10008.60	7.256
10013.62	7.256
10018.63	7.255
10023.64	7.255
10028.66	7.254
10033.67	7.253
10038.68	7.253
10043.69	7.252
10048.70	7.251
10053.71	7.251
10058.73	7.250
10063.74	7.249
10068.75	7.249
10073.76	7.248
10078.77	7.247
10083.78	7.247
10088.79	7.246
10093.81	7.245
10098.82	7.245
10103.83	7.244
10108.84	7.243
10113.85	7.243
10118.86	7.242
10123.88	7.241
10128.89	7.240
10133.90	7.240
10138.91	7.239
10143.92	7.239
10148.93	7.238
10153.95	7.237
10158.96	7.236
10163.97	7.236
10168.98	7.235
10173.99	7.234
10179.00	7.233
10184.01	7.232
10189.03	7.232
10194.04	7.231
10199.05	7.230
10204.06	7.230
10209.07	7.229
10214.08	7.228
10219.10	7.227
10224.11	7.227
10229.12	7.226
10234.13	7.225
10239.14	7.224
10244.15	7.224
10249.17	7.223
10254.18	7.222
10259.20	7.221
10264.21	7.220
10269.23	7.219
10274.24	7.219
10279.25	7.218
10284.27	7.217
10289.28	7.216
10294.29	7.216
10299.30	7.215
10304.31	7.214
10309.32	7.213
10314.34	7.213
10319.36	7.212
10324.38	7.211
10329.39	7.211
10334.41	7.210
10339.42	7.209
10344.44	7.208
10349.45	7.208
10354.46	7.207
10359.47	7.206
10364.48	7.205
10369.49	7.205
10374.50	7.204
10379.52	7.203
10384.53	7.202
10389.54	7.201
10394.55	7.201
10399.56	7.200
10404.57	7.199
10409.59	7.198
10414.60	7.198
10419.61	7.197
10424.63	7.196
10429.65	7.195
10434.66	7.195
10439.68	7.194
10444.69	7.193
10449.70	7.192
10454.71	7.191
10459.72	7.190
10464.73	7.190
10469.75	7.189
10474.76	7.189
10479.77	7.188
10484.79	7.187
10489.80	7.186
10494.81	7.185
10499.83	7.184
10504.84	7.183
10509.87	7.182
10514.88	7.182
10519.90	7.181
10524.91	7.180
10529.92	7.179
10534.93	7.179
10539.94	7.178
10544.95	7.177
10549.97	7.176
10554.98	7.175
10559.99	7.174
10565.00	7.174
10570.01	7.173
10575.02	7.172
10580.03	7.171
10585.05	7.170
10590.06	7.169
10595.07	7.169
10600.08	7.168
10605.09	7.167
10610.10	7.166
10615.12	7.166
10620.13	7.165
10625.14	7.164
10630.15	7.163
10635.16	7.162
10640.17	7.162
10645.19	7.160
10650.20	7.160
10655.21	7.159
10660.22	7.158
10665.23	7.157
10670.24	7.157
10675.26	7.156
10680.27	7.155
10685.28	7.154
10690.29	7.153
10695.30	7.152
10700.31	7.151
10705.32	7.150
10710.34	7.150
10715.35	7.149
10720.36	7.148
10725.37	7.147
10730.38	7.146
10735.39	7.145
10740.41	7.144
10745.42	7.144
10750.43	7.143
10755.44	7.142
10760.45	7.141
10765.46	7.140
10770.48	7.140
10775.49	7.139
10780.50	7.138
10785.51	7.137
10790.52	7.136
10795.53	7.135
10800.54	7.134
10805.56	7.134
10810.57	7.133
10815.58	7.132
10820.59	7.131
10825.60	7.130
10830.61	7.129
10835.63	7.128
10840.64	7.127
10845.65	7.126
10850.66	7.126
10855.67	7.124
10860.68	7.124
10865.70	7.123
10870.71	7.122
10875.72	7.121
10880.73	7.120
10885.74	7.119
10890.75	7.118
10895.76	7.117
10900.78	7.116
10905.79	7.116
10910.80	7.115
10915.81	7.114
10920.82	7.114
10925.83	7.113
10930.84	7.112
10935.86	7.111
10940.88	7.110
10945.89	7.109
10950.91	7.108
10955.92	7.107
10960.94	7.106
10965.95	7.105
10970.96	7.104
10975.97	7.103
10980.99	7.102
10986.00	7.101
10991.01	7.101
10996.02	7.099
11001.03	7.099
11006.04	7.098
11011.06	7.097
11016.07	7.096
11021.09	7.095
11026.10	7.094
11031.12	7.093
11036.13	7.092
11041.14	7.091
11046.16	7.091
11051.17	7.089
11056.18	7.089
11061.19	7.088
11066.20	7.087
11071.21	7.086
11076.23	7.085
11081.24	7.084
11086.25	7.083
11091.27	7.082
11096.28	7.081
11101.29	7.080
11106.30	7.080
11111.31	7.079
11116.32	7.077
11121.33	7.077
11126.35	7.076
11131.36	7.075
11136.37	7.074
11141.38	7.073
11146.39	7.072
11151.40	7.071
11156.42	7.070
11161.43	7.069
11166.44	7.068
11171.45	7.067
11176.46	7.066
11181.47	7.065
11186.49	7.064
11191.50	7.064
11196.51	7.062
11201.52	7.061
11206.53	7.061
11211.54	7.060
11216.55	7.059
11221.57	7.058
11226.58	7.057
11231.59	7.056
11236.60	7.055
11241.61	7.054
11246.62	7.053
11251.64	7.052
11256.65	7.051
11261.66	7.050
11266.67	7.049
11271.68	7.048
11276.69	7.047
11281.71	7.046
11286.72	7.045
11291.73	7.044
11296.74	7.043
11301.75	7.042
11306.76	7.041
11311.77	7.040
11316.79	7.039
11321.80	7.038
11326.81	7.037
11331.82	7.036
11336.84	7.035
11341.85	7.034
11346.86	7.033
11351.87	7.032
11356.88	7.031
11361.89	7.030
11366.91	7.029
11371.92	7.028
11376.93	7.027
11381.94	7.026
11386.95	7.025
11391.96	7.024
11396.98	7.023
11401.99	7.022
11407.00	7.021
11412.01	7.020
11417.02	7.019
11422.03	7.018
11427.05	7.017
11432.06	7.016
11437.07	7.015
11442.08	7.014
11447.09	7.013
11452.10	7.012
11457.11	7.011
11462.13	7.010
11467.14	7.009
11472.15	7.008
11477.16	7.007
11482.17	7.006
11487.18	7.005
11492.20	7.004
11497.21	7.002
11502.22	7.001
11507.23	7.000
11512.24	6.999
11517.25	6.998
11522.26	6.997
11527.28	6.996
11532.30	6.995
11537.31	6.994
11542.32	6.993
11547.34	6.992
11552.35	6.991
11557.37	6.990
11562.38	6.989
11567.39	6.988
11572.40	6.987
11577.41	6.986
11582.42	6.985
11587.44	6.984
11592.45	6.983
11597.46	6.982
11602.47	6.981
11607.48	6.979
11612.50	6.978
11617.51	6.977
11622.52	6.976
11627.53	6.975
11632.54	6.974
11637.55	6.973
11642.56	6.972
11647.58	6.971
11652.59	6.970
11657.60	6.969
11662.61	6.968
11667.62	6.966
11672.63	6.965
11677.65	6.964
11682.66	6.963
11687.67	6.962
11692.68	6.961
11697.69	6.960
11702.71	6.959
11707.72	6.958
11712.73	6.956
11717.74	6.955
11722.75	6.955
11727.76	6.953
11732.78	6.952
11737.79	6.951
11742.80	6.950
11747.81	6.949
11752.82	6.948
11757.84	6.947
11762.85	6.946
11767.87	6.945
11772.88	6.944
11777.89	6.942
11782.90	6.941
11787.91	6.940
11792.93	6.939
11797.94	6.938
11802.95	6.937
11807.96	6.936
11812.97	6.935
11817.98	6.933
11823.00	6.932
11828.01	6.931
11833.02	6.930
11838.03	6.929
11843.04	6.928
11848.05	6.927
11853.07	6.925
11858.08	6.924
11863.09	6.923
11868.10	6.922
11873.11	6.921
11878.12	6.920
11883.14	6.919
11888.15	6.917
11893.16	6.916
11898.17	6.915
11903.18	6.914
11908.19	6.913
11913.21	6.911
11918.22	6.910
11923.23	6.909
11928.24	6.908
11933.25	6.907
11938.26	6.906
11943.28	6.905
11948.29	6.903
11953.30	6.902
11958.31	6.901
11963.32	6.900
11968.33	6.899
11973.35	6.898
11978.36	6.897
11983.38	6.895
11988.39	6.894
11993.40	6.893
11998.41	6.892
12003.43	6.891
12008.44	6.890
12013.45	6.888
12018.46	6.887
12023.47	6.886
12028.48	6.885
12033.50	6.884
12038.51	6.882
12043.52	6.881
12048.53	6.880
12053.54	6.879
12058.55	6.878
12063.57	6.876
12068.58	6.875
12073.59	6.874
12078.60	6.873
12083.61	6.871
12088.62	6.870
12093.63	6.869
12098.65	6.868
12103.66	6.867
12108.67	6.865
12113.68	6.864
12118.69	6.863
12123.70	6.862
12128.72	6.860
12133.73	6.859
12138.74	6.858
12143.75	6.857
12148.76	6.855
12153.77	6.854
12158.79	6.853
12163.80	6.852
12168.81	6.850
12173.82	6.849
12178.84	6.848
12183.85	6.847
12188.86	6.846
12193.88	6.844
12198.89	6.843
12203.90	6.842
12208.92	6.840
12213.93	6.839
12218.94	6.838
12223.95	6.837
12228.96	6.835
12233.97	6.834
12238.98	6.833
12244.00	6.832
12249.01	6.830
12254.02	6.829
12259.03	6.828
12264.04	6.826
12269.05	6.825
12274.07	6.824
12279.08	6.823
12284.09	6.821
12289.10	6.820
12294.11	6.819
12299.12	6.817
12304.13	6.816
12309.15	6.815
12314.16	6.813
12319.17	6.812
12324.18	6.811
12329.19	6.809
12334.20	6.808
12339.22	6.807
12344.23	6.806
12349.24	6.804
12354.25	6.803
12359.26	6.802
12364.27	6.800
12369.29	6.799
12374.30	6.798
12379.31	6.796
12384.32	6.795
12389.33	6.794
12394.34	6.793
12399.35	6.791
12404.37	6.790
12409.38	6.788
12414.39	6.787
12419.40	6.786
12424.41	6.784
12429.42	6.783
12434.44	6.782
12439.45	6.780
12444.46	6.779
12449.47	6.778
12454.48	6.776
12459.49	6.775
12464.50	6.774
12469.52	6.772
12474.53	6.771
12479.54	6.770
12484.55	6.768
12489.56	6.767
12494.57	6.765
12499.59	6.764
12504.60	6.763
12509.61	6.761
12514.62	6.760
12519.63	6.758
12524.64	6.757
12529.66	6.756
12534.67	6.754
12539.68	6.753
12544.69	6.752
12549.70	6.750
12554.71	6.749
12559.73	6.747
12564.74	6.746
12569.75	6.745
12574.76	6.743
12579.77	6.742
12584.79	6.740
12589.80	6.739
12594.81	6.738
12599.82	6.736
12604.83	6.735
12609.84	6.733
12614.86	6.732
12619.87	6.731
12624.88	6.729
12629.89	6.728
12634.90	6.726
12639.91	6.725
12644.93	6.723
12649.94	6.722
12654.95	6.720
12659.96	6.719
12664.97	6.718
12669.98	6.716
12674.99	6.715
12680.01	6.713
12685.02	6.712
12690.03	6.710
12695.04	6.709
12700.05	6.707
12705.06	6.706
12710.08	6.705
12715.09	6.703
12720.10	6.702
12725.11	6.700
12730.12	6.699
12735.13	6.697
12740.14	6.696
12745.16	6.694
12750.17	6.693
12755.18	6.691
12760.19	6.690
12765.20	6.688
12770.21	6.687
12775.23	6.685
12780.24	6.684
12785.25	6.682
12790.26	6.681
12795.27	6.680
12800.28	6.678
12805.30	6.677
12810.31	6.675
12815.32	6.674
12820.33	6.672
12825.34	6.670
12830.35	6.669
12835.37	6.667
12840.38	6.666
12845.39	6.664
12850.40	6.663
12855.41	6.661
12860.42	6.660
12865.44	6.658
12870.45	6.657
12875.46	6.655
12880.47	6.654
12885.48	6.652
12890.49	6.651
12895.51	6.649
12900.52	6.648
12905.53	6.646
12910.54	6.645
12915.55	6.643
12920.56	6.641
12925.57	6.640
12930.58	6.638
12935.60	6.637
12940.61	6.635
12945.62	6.634
12950.63	6.632
12955.64	6.630
12960.65	6.629
12965.67	6.627
12970.68	6.626
12975.69	6.624
12980.70	6.623
12985.71	6.621
12990.72	6.619
12995.73	6.618
13000.75	6.616
13005.76	6.614
13010.77	6.613
13015.78	6.611
13020.79	6.610
13025.80	6.608
13030.82	6.606
13035.83	6.605
13040.84	6.603
13045.85	6.602
13050.86	6.600
13055.87	6.599
13060.89	6.597
13065.90	6.595
13070.91	6.594
13075.92	6.592
13080.93	6.590
13085.94	6.589
13090.95	6.587
13095.97	6.585
13100.98	6.584
13105.99	6.582
13111.00	6.580
13116.01	6.579
13121.02	6.577
13126.04	6.575
13131.05	6.574
13136.06	6.572
13141.07	6.570
13146.08	6.569
13151.09	6.567
13156.10	6.566
13161.12	6.564
13166.13	6.562
13171.14	6.561
13176.15	6.559
13181.16	6.557
13186.17	6.556
13191.19	6.554
13196.20	6.552
13201.21	6.550
13206.22	6.549
13211.23	6.547
13216.24	6.546
13221.26	6.544
13226.27	6.542
13231.28	6.540
13236.29	6.539
13241.30	6.537
13246.31	6.535
13251.32	6.534
13256.33	6.532
13261.35	6.530
13266.36	6.528
13271.37	6.527
13276.38	6.525
13281.39	6.523
13286.40	6.521
13291.42	6.520
13296.43	6.518
13301.44	6.516
13306.45	6.514
13311.46	6.513
13316.47	6.511
13321.49	6.509
13326.50	6.507
13331.51	6.506
13336.52	6.504
13341.53	6.502
13346.54	6.500
13351.56	6.498
13356.57	6.497
13361.58	6.495
13366.59	6.493
13371.60	6.492
13376.61	6.490
13381.62	6.488
13386.64	6.486
13391.65	6.484
13396.66	6.483
13401.67	6.481
13406.68	6.479
13411.69	6.477
13416.71	6.475
13421.72	6.473
13426.73	6.472
13431.74	6.470
13436.75	6.468
13441.76	6.466
13446.77	6.464
13451.79	6.463
13456.80	6.461
13461.81	6.459
13466.82	6.457
13471.83	6.455
13476.84	6.454
13481.86	6.452
13486.87	6.450
13491.88	6.448
13496.89	6.446
13501.90	6.444
13506.91	6.442
13511.93	6.440
13516.94	6.438
13521.95	6.436
13526.97	6.435
13531.98	6.433
13536.99	6.431
13542.01	6.429
13547.02	6.427
13552.03	6.425
13557.04	6.423
13562.05	6.421
13567.06	6.419
13572.08	6.418
13577.09	6.416
13582.10	6.414
13587.11	6.412
13592.12	6.410
13597.13	6.408
13602.14	6.406
13607.16	6.404
13612.17	6.402
13617.18	6.400
13622.19	6.398
13627.20	6.396
13632.21	6.394
13637.23	6.392
13642.24	6.390
13647.25	6.388
13652.26	6.386
13657.28	6.384
13662.29	6.382
13667.30	6.380
13672.31	6.378
13677.32	6.376
13682.33	6.374
13687.35	6.372
13692.36	6.370
13697.37	6.368
13702.38	6.366
13707.39	6.364
13712.40	6.361
13717.41	6.359
13722.43	6.357
13727.44	6.355
13732.45	6.353
13737.46	6.351
13742.47	6.349
13747.48	6.347
13752.50	6.345
13757.51	6.343
13762.52	6.340
13767.53	6.338
13772.54	6.336
13777.55	6.334
13782.56	6.332
13787.57	6.330
13792.58	6.327
13797.60	6.325
13802.61	6.323
13807.62	6.321
13812.63	6.319
13817.64	6.316
13822.65	6.314
13827.67	6.312
13832.68	6.310
13837.69	6.308
13842.70	6.305
13847.71	6.303
13852.72	6.301
13857.73	6.299
13862.75	6.296
13867.76	6.294
13872.77	6.292
13877.78	6.289
13882.79	6.287
13887.80	6.285
13892.82	6.283
13897.84	6.280
13902.85	6.278
13907.86	6.276
13912.88	6.274
13917.89	6.271
13922.91	6.269
13927.92	6.267
13932.93	6.264
13937.94	6.262
13942.95	6.260
13947.96	6.257
13952.98	6.255
13957.99	6.253
13963.00	6.250
13968.01	6.248
13973.03	6.246
13978.05	6.243
13983.06	6.241
13988.07	6.239
13993.09	6.236
13998.10	6.234
14003.12	6.232
14008.13	6.229
14013.15	6.227
14018.16	6.225
14023.17	6.222
14028.19	6.220
14033.20	6.218
14038.21	6.215
14043.22	6.213
14048.24	6.210
14053.25	6.208
14058.26	6.206
14063.27	6.204
14068.28	6.201
14073.29	6.199
14078.31	6.197
14083.32	6.194
14088.33	6.192
14093.34	6.190
14098.35	6.187
14103.37	6.185
14108.38	6.182
14113.40	6.180
14118.41	6.178
14123.43	6.175
14128.44	6.173
14133.45	6.171
14138.47	6.168
14143.49	6.166
14148.50	6.164
14153.52	6.161
14158.53	6.159
14163.54	6.157
14168.55	6.154
14173.56	6.152
14178.58	6.150
14183.59	6.147
14188.60	6.145
14193.61	6.143
14198.62	6.140
14203.63	6.138
14208.65	6.136
14213.66	6.133
14218.67	6.131
14223.68	6.129
14228.69	6.126
14233.70	6.124
14238.71	6.122
14243.73	6.119
14248.74	6.117
14253.75	6.115
14258.76	6.112
14263.77	6.110
14268.78	6.108
14273.80	6.105
14278.81	6.103
14283.82	6.101
14288.83	6.098
14293.84	6.096
14298.85	6.094
14303.87	6.091
14308.88	6.089
14313.89	6.087
14318.90	6.085
14323.91	6.082
14328.92	6.080
14333.94	6.078
14338.95	6.075
14343.96	6.073
14348.97	6.071
14353.98	6.069
14358.99	6.066
14364.01	6.064
14369.02	6.062
14374.03	6.060
14379.04	6.057
14384.05	6.055
14389.06	6.053
14394.07	6.051
14399.09	6.048
14404.10	6.046
14409.11	6.044
14414.12	6.041
14419.13	6.039
14424.14	6.037
14429.16	6.035
14434.17	6.032
14439.18	6.030
14444.19	6.028
14449.20	6.026
14454.21	6.024
14459.22	6.021
14464.24	6.019
14469.25	6.017
14474.26	6.015
14479.27	6.012
14484.28	6.010
14489.29	6.008
14494.31	6.006
14499.32	6.004
14504.33	6.001
14509.34	5.999
14514.35	5.997
14519.36	5.995
14524.37	5.992
14529.39	5.990
14534.40	5.988
14539.41	5.986
14544.42	5.984
14549.43	5.982
14554.44	5.979
14559.46	5.977
14564.47	5.975
14569.49	5.973
