0.00	7.927
5.01	7.914
10.02	7.914
15.04	7.914
20.05	7.913
25.06	7.914
30.07	7.914
35.08	7.913
40.09	7.913
45.10	7.913
50.12	7.913
55.13	7.913
60.14	7.687
65.15	7.703
70.16	7.707
75.17	7.709
80.19	7.711
85.20	7.712
90.21	7.713
95.22	7.713
100.23	7.713
105.24	7.713
110.26	7.713
115.27	7.714
120.28	7.713
125.29	7.713
130.30	7.713
135.31	7.712
140.33	7.712
145.34	7.712
150.35	7.711
155.36	7.711
160.37	7.710
165.38	7.710
170.39	7.710
175.41	7.709
180.42	7.709
185.43	7.708
190.44	7.708
195.45	7.708
200.46	7.708
205.47	7.707
210.49	7.707
215.50	7.707
220.51	7.706
225.52	7.706
230.53	7.706
235.54	7.705
240.56	7.705
245.57	7.705
250.58	7.704
255.59	7.704
260.60	7.704
265.61	7.704
270.63	7.704
275.64	7.703
280.65	7.703
285.66	7.702
290.67	7.702
295.68	7.702
300.69	7.701
305.71	7.701
310.72	7.701
315.73	7.701
320.74	7.700
325.75	7.700
330.76	7.700
335.77	7.700
340.79	7.699
345.80	7.699
350.81	7.699
355.82	7.699
360.83	7.699
365.84	7.698
370.86	7.698
375.87	7.698
380.88	7.697
385.89	7.697
390.90	7.697
395.91	7.697
400.93	7.697
405.94	7.696
410.95	7.696
415.96	7.696
420.97	7.695
425.98	7.695
430.99	7.695
436.01	7.695
441.02	7.695
446.03	7.694
451.04	7.694
456.05	7.694
461.06	7.694
466.08	7.694
471.09	7.694
476.10	7.693
481.11	7.693
486.12	7.693
491.13	7.693
496.15	7.692
501.16	7.692
506.17	7.692
511.18	7.692
516.19	7.692
521.20	7.691
526.22	7.691
531.23	7.691
536.24	7.691
541.26	7.691
546.27	7.690
551.29	7.690
556.30	7.690
561.32	7.690
566.33	7.690
571.34	7.689
576.36	7.689
581.37	7.689
586.39	7.689
591.40	7.688
596.42	7.688
601.43	7.688
606.44	7.688
611.45	7.688
616.46	7.687
621.48	7.687
626.49	7.687
631.50	7.687
636.51	7.687
641.52	7.686
646.53	7.686
651.55	7.686
656.56	7.686
661.57	7.686
666.58	7.686
671.59	7.685
676.60	7.685
681.62	7.685
686.63	7.684
691.65	7.684
696.66	7.684
701.68	7.684
706.69	7.684
711.70	7.683
716.72	7.683
721.73	7.683
726.74	7.683
731.75	7.682
736.76	7.682
741.77	7.682
746.79	7.682
751.81	7.682
756.82	7.682
761.83	7.681
766.85	7.681
771.86	7.681
776.88	7.681
781.89	7.681
786.90	7.680
791.91	7.680
796.92	7.680
801.94	7.680
806.95	7.680
811.96	7.679
816.97	7.679
821.98	7.679
826.99	7.679
832.01	7.679
837.02	7.678
842.03	7.678
847.05	7.678
852.06	7.678
857.07	7.677
862.08	7.677
867.09	7.677
872.10	7.677
877.11	7.677
882.13	7.677
887.14	7.676
892.15	7.676
897.16	7.676
902.17	7.676
907.18	7.676
912.20	7.676
917.21	7.675
922.22	7.675
927.23	7.675
932.24	7.675
937.25	7.674
942.27	7.674
947.28	7.674
952.29	7.674
957.30	7.674
962.31	7.673
967.32	7.673
972.34	7.673
977.35	7.673
982.36	7.673
987.37	7.673
992.38	7.673
997.39	7.672
1002.40	7.672
1007.42	7.672
1012.43	7.671
1017.44	7.671
1022.45	7.671
1027.46	7.671
1032.47	7.670
1037.49	7.670
1042.50	7.670
1047.51	7.670
1052.52	7.670
1057.53	7.670
1062.54	7.669
1067.56	7.669
1072.57	7.669
1077.58	7.669
1082.59	7.669
1087.60	7.668
1092.61	7.668
1097.63	7.668
1102.64	7.668
1107.65	7.667
1112.66	7.667
1117.67	7.667
1122.68	7.667
1127.69	7.667
1132.71	7.667
1137.72	7.667
1142.73	7.666
1147.74	7.666
1152.75	7.666
1157.76	7.666
1162.78	7.665
1167.79	7.665
1172.80	7.665
1177.81	7.665
1182.82	7.665
1187.83	7.664
1192.84	7.664
1197.86	7.664
1202.87	7.664
1207.88	7.663
1212.89	7.663
1217.90	7.663
1222.91	7.663
1227.93	7.663
1232.94	7.663
1237.95	7.662
1242.96	7.662
1247.97	7.662
1252.98	7.662
1258.00	7.662
1263.01	7.661
1268.02	7.661
1273.03	7.661
1278.04	7.660
1283.05	7.660
1288.06	7.660
1293.08	7.660
1298.09	7.660
1303.10	7.660
1308.11	7.659
1313.12	7.659
1318.13	7.659
1323.15	7.659
1328.16	7.658
1333.17	7.658
1338.18	7.658
1343.19	7.658
1348.20	7.658
1353.22	7.658
1358.23	7.657
1363.24	7.657
1368.25	7.657
1373.26	7.657
1378.27	7.656
1383.28	7.656
1388.30	7.656
1393.31	7.655
1398.32	7.655
1403.33	7.655
1408.34	7.655
1413.35	7.655
1418.37	7.654
1423.38	7.654
1428.39	7.654
1433.40	7.654
1438.41	7.653
1443.42	7.653
1448.44	7.653
1453.45	7.653
1458.46	7.653
1463.47	7.652
1468.48	7.652
1473.49	7.652
1478.50	7.651
1483.52	7.652
1488.53	7.651
1493.54	7.651
1498.55	7.651
1503.56	7.651
1508.57	7.650
1513.59	7.650
1518.60	7.650
1523.61	7.650
1528.62	7.650
1533.63	7.649
1538.65	7.649
1543.66	7.649
1548.67	7.649
1553.68	7.649
1558.70	7.648
1563.71	7.648
1568.72	7.648
1573.74	7.648
1578.75	7.648
1583.76	7.647
1588.77	7.647
1593.79	7.647
1598.80	7.646
1603.81	7.646
1608.83	7.646
1613.84	7.646
1618.86	7.645
1623.87	7.645
1628.89	7.645
1633.90	7.645
1638.91	7.644
1643.93	7.644
1648.94	7.644
1653.95	7.644
1658.96	7.643
1663.97	7.643
1668.98	7.643
1674.00	7.643
1679.02	7.643
1684.03	7.642
1689.05	7.642
1694.06	7.642
1699.07	7.642
1704.09	7.642
1709.10	7.641
1714.11	7.641
1719.12	7.641
1724.13	7.641
1729.15	7.641
1734.16	7.640
1739.17	7.640
1744.19	7.640
1749.20	7.639
1754.21	7.639
1759.23	7.639
1764.24	7.639
1769.25	7.638
1774.26	7.638
1779.27	7.638
1784.28	7.638
1789.30	7.637
1794.31	7.637
1799.32	7.637
1804.33	7.637
1809.34	7.636
1814.35	7.636
1819.36	7.636
1824.38	7.636
1829.39	7.635
1834.40	7.635
1839.41	7.635
1844.42	7.635
1849.43	7.635
1854.45	7.634
1859.46	7.634
1864.47	7.634
1869.48	7.634
1874.49	7.633
1879.50	7.633
1884.51	7.633
1889.53	7.633
1894.54	7.632
1899.55	7.632
1904.56	7.632
1909.57	7.632
1914.58	7.632
1919.60	7.631
1924.61	7.631
1929.62	7.631
1934.63	7.630
1939.64	7.630
1944.65	7.630
1949.67	7.630
1954.68	7.629
1959.69	7.629
1964.70	7.629
1969.71	7.629
1974.72	7.629
1979.73	7.629
1984.75	7.628
1989.76	7.628
1994.77	7.628
1999.78	7.627
2004.79	7.627
2009.80	7.627
2014.82	7.627
2019.83	7.627
2024.84	7.626
2029.85	7.626
2034.86	7.626
2039.87	7.625
2044.88	7.625
2049.90	7.625
2054.91	7.625
2059.92	7.624
2064.93	7.624
2069.94	7.624
2074.95	7.624
2079.97	7.624
2084.98	7.623
2089.99	7.623
2095.00	7.623
2100.01	7.623
2105.02	7.623
2110.04	7.622
2115.06	7.622
2120.07	7.622
2125.08	7.622
2130.10	7.621
2135.11	7.621
2140.12	7.621
2145.13	7.620
2150.14	7.620
2155.16	7.620
2160.17	7.619
2165.18	7.619
2170.19	7.619
2175.20	7.619
2180.21	7.619
2185.23	7.619
2190.24	7.618
2195.25	7.618
2200.26	7.618
2205.27	7.618
2210.28	7.618
2215.30	7.617
2220.31	7.617
2225.32	7.616
2230.33	7.616
2235.34	7.616
2240.35	7.616
2245.37	7.616
2250.38	7.615
2255.39	7.615
2260.40	7.614
2265.41	7.614
2270.42	7.614
2275.43	7.614
2280.45	7.614
2285.46	7.613
2290.47	7.613
2295.48	7.613
2300.49	7.613
2305.50	7.612
2310.52	7.612
2315.53	7.612
2320.54	7.612
2325.55	7.611
2330.56	7.611
2335.57	7.611
2340.59	7.611
2345.60	7.611
2350.61	7.610
2355.62	7.610
2360.63	7.610
2365.64	7.609
2370.66	7.609
2375.67	7.609
2380.68	7.608
2385.69	7.608
2390.70	7.608
2395.71	7.608
2400.72	7.607
2405.74	7.607
2410.75	7.607
2415.76	7.607
2420.77	7.606
2425.78	7.606
2430.79	7.606
2435.81	7.606
2440.82	7.605
2445.83	7.605
2450.84	7.605
2455.85	7.605
2460.86	7.605
2465.87	7.604
2470.89	7.604
2475.90	7.604
2480.91	7.603
2485.92	7.603
2490.93	7.603
2495.95	7.603
2500.97	7.603
2505.98	7.602
2510.99	7.602
2516.01	7.602
2521.02	7.601
2526.04	7.601
2531.05	7.601
2536.07	7.600
2541.08	7.600
2546.09	7.600
2551.11	7.600
2556.12	7.600
2561.13	7.600
2566.14	7.599
2571.15	7.599
2576.16	7.599
2581.18	7.598
2586.19	7.598
2591.20	7.598
2596.22	7.598
2601.23	7.597
2606.24	7.597
2611.26	7.597
2616.27	7.597
2621.29	7.596
2626.30	7.596
2631.31	7.596
2636.33	7.596
2641.34	7.595
2646.35	7.595
2651.36	7.595
2656.38	7.595
2661.39	7.594
2666.40	7.594
2671.41	7.594
2676.42	7.594
2681.43	7.593
2686.45	7.593
2691.46	7.593
2696.47	7.593
2701.48	7.592
2706.49	7.592
2711.50	7.592
2716.52	7.591
2721.53	7.591
2726.54	7.591
2731.55	7.591
2736.56	7.590
2741.57	7.590
2746.58	7.590
2751.60	7.590
2756.61	7.589
2761.62	7.589
2766.63	7.589
2771.64	7.588
2776.65	7.588
2781.67	7.588
2786.68	7.587
2791.69	7.587
2796.70	7.587
2801.71	7.587
2806.72	7.587
2811.73	7.586
2816.75	7.586
2821.76	7.585
2826.77	7.585
2831.78	7.585
2836.79	7.585
2841.81	7.585
2846.82	7.584
2851.83	7.584
2856.84	7.584
2861.85	7.584
2866.86	7.584
2871.88	7.583
2876.89	7.583
2881.90	7.583
2886.91	7.582
2891.92	7.582
2896.93	7.582
2901.95	7.582
2906.96	7.581
2911.97	7.581
2916.98	7.581
2921.99	7.580
2927.00	7.580
2932.01	7.580
2937.03	7.580
2942.04	7.579
2947.05	7.579
2952.06	7.578
2957.07	7.578
2962.08	7.578
2967.10	7.578
2972.11	7.577
2977.12	7.577
2982.13	7.577
2987.14	7.576
2992.15	7.577
2997.17	7.576
3002.18	7.576
3007.19	7.576
3012.20	7.575
3017.22	7.575
3022.23	7.575
3027.25	7.575
3032.26	7.574
3037.28	7.574
3042.29	7.573
3047.31	7.573
3052.32	7.573
3057.34	7.573
3062.35	7.573
3067.36	7.572
3072.38	7.572
3077.39	7.572
3082.41	7.572
3087.42	7.571
3092.43	7.571
3097.44	7.571
3102.45	7.570
3107.46	7.570
3112.48	7.570
3117.49	7.570
3122.50	7.569
3127.51	7.569
3132.52	7.569
3137.53	7.569
3142.55	7.568
3147.56	7.568
3152.57	7.568
3157.59	7.567
3162.60	7.567
3167.61	7.567
3172.63	7.566
3177.65	7.566
3182.66	7.566
3187.67	7.566
3192.69	7.565
3197.70	7.565
3202.71	7.565
3207.73	7.565
3212.75	7.564
3217.76	7.564
3222.77	7.564
3227.78	7.564
3232.79	7.563
3237.80	7.563
3242.82	7.563
3247.83	7.562
3252.84	7.562
3257.85	7.562
3262.86	7.562
3267.87	7.561
3272.88	7.561
3277.90	7.561
3282.92	7.560
3287.93	7.560
3292.95	7.560
3297.96	7.560
3302.97	7.559
3307.99	7.559
3313.00	7.559
3318.02	7.559
3323.03	7.558
3328.05	7.558
3333.06	7.558
3338.07	7.557
3343.09	7.557
3348.10	7.557
3353.11	7.556
3358.12	7.556
3363.13	7.556
3368.14	7.556
3373.15	7.555
3378.17	7.555
3383.18	7.555
3388.19	7.555
3393.20	7.554
3398.22	7.554
3403.23	7.554
3408.25	7.553
3413.26	7.553
3418.28	7.553
3423.29	7.553
3428.30	7.552
3433.32	7.552
3438.33	7.552
3443.35	7.551
3448.36	7.551
3453.37	7.551
3458.39	7.550
3463.40	7.550
3468.41	7.550
3473.42	7.550
3478.43	7.549
3483.44	7.549
3488.46	7.549
3493.47	7.549
3498.48	7.548
3503.49	7.548
3508.50	7.548
3513.51	7.548
3518.53	7.547
3523.54	7.547
3528.55	7.547
3533.56	7.546
3538.57	7.546
3543.58	7.546
3548.60	7.546
3553.61	7.545
3558.62	7.545
3563.63	7.545
3568.64	7.544
3573.65	7.544
3578.67	7.544
3583.68	7.544
3588.69	7.543
3593.70	7.543
3598.71	7.543
3603.72	7.542
3608.73	7.542
3613.75	7.542
3618.76	7.541
3623.77	7.541
3628.78	7.541
3633.79	7.541
3638.80	7.540
3643.82	7.540
3648.82	7.540
3653.84	7.539
3658.85	7.539
3663.86	7.539
3668.87	7.538
3673.88	7.538
3678.89	7.538
3683.91	7.538
3688.92	7.537
3693.93	7.537
3698.95	7.537
3703.96	7.537
3708.97	7.536
3713.98	7.536
3719.00	7.536
3724.01	7.535
3729.02	7.535
3734.03	7.535
3739.04	7.535
3744.05	7.534
3749.07	7.534
3754.08	7.534
3759.09	7.533
3764.10	7.533
3769.11	7.533
3774.12	7.532
3779.14	7.532
3784.15	7.532
3789.16	7.532
3794.17	7.532
3799.18	7.531
3804.19	7.531
3809.20	7.530
3814.21	7.530
3819.23	7.530
3824.24	7.530
3829.25	7.529
3834.26	7.529
3839.27	7.529
3844.28	7.529
3849.30	7.528
3854.31	7.528
3859.32	7.528
3864.34	7.527
3869.35	7.527
3874.37	7.527
3879.38	7.526
3884.40	7.526
3889.41	7.526
3894.42	7.526
3899.43	7.525
3904.44	7.525
3909.45	7.525
3914.47	7.525
3919.48	7.524
3924.49	7.524
3929.50	7.524
3934.51	7.523
3939.52	7.523
3944.54	7.523
3949.55	7.523
3954.56	7.522
3959.57	7.522
3964.58	7.522
3969.59	7.521
3974.60	7.521
3979.62	7.521
3984.63	7.521
3989.64	7.520
3994.65	7.520
3999.66	7.520
4004.67	7.520
4009.69	7.519
4014.70	7.519
4019.71	7.519
4024.72	7.518
4029.73	7.518
4034.74	7.518
4039.76	7.517
4044.77	7.517
4049.78	7.517
4054.79	7.516
4059.80	7.516
4064.81	7.516
4069.82	7.516
4074.84	7.515
4079.85	7.515
4084.86	7.515
4089.87	7.514
4094.88	7.514
4099.89	7.514
4104.91	7.514
4109.92	7.514
4114.93	7.513
4119.94	7.513
4124.95	7.513
4129.96	7.513
4134.97	7.512
4139.99	7.512
4145.00	7.511
4150.01	7.511
4155.02	7.511
4160.03	7.511
4165.04	7.510
4170.06	7.510
4175.06	7.510
4180.08	7.510
4185.09	7.510
4190.10	7.509
4195.11	7.509
4200.12	7.509
4205.13	7.508
4210.15	7.508
4215.16	7.508
4220.17	7.508
4225.18	7.507
4230.19	7.507
4235.20	7.507
4240.22	7.506
4245.23	7.506
4250.24	7.506
4255.26	7.506
4260.27	7.505
4265.28	7.505
4270.29	7.505
4275.31	7.504
4280.32	7.504
4285.33	7.504
4290.34	7.504
4295.35	7.503
4300.36	7.503
4305.37	7.503
4310.39	7.502
4315.40	7.502
4320.41	7.502
4325.42	7.502
4330.43	7.501
4335.44	7.501
4340.46	7.501
4345.47	7.500
4350.48	7.500
4355.49	7.500
4360.50	7.500
4365.51	7.500
4370.53	7.499
4375.54	7.499
4380.55	7.499
4385.56	7.499
4390.57	7.499
4395.58	7.498
4400.59	7.498
4405.61	7.498
4410.62	7.497
4415.63	7.497
4420.64	7.497
4425.65	7.496
4430.66	7.496
4435.68	7.496
4440.69	7.496
4445.70	7.495
4450.71	7.495
4455.72	7.495
4460.73	7.495
4465.75	7.494
4470.76	7.494
4475.77	7.494
4480.79	7.494
4485.80	7.493
4490.81	7.493
4495.82	7.493
4500.83	7.492
4505.84	7.492
4510.85	7.492
4515.87	7.492
4520.88	7.492
4525.89	7.491
4530.90	7.491
4535.91	7.491
4540.92	7.490
4545.94	7.490
4550.95	7.490
4555.96	7.490
4560.97	7.489
4565.98	7.489
4570.99	7.489
4576.01	7.489
4581.02	7.488
4586.03	7.488
4591.04	7.488
4596.05	7.488
4601.06	7.487
4606.07	7.487
4611.09	7.487
4616.10	7.487
4621.11	7.486
4626.12	7.486
4631.13	7.486
4636.14	7.486
4641.16	7.486
4646.17	7.485
4651.18	7.485
4656.19	7.485
4661.20	7.485
4666.22	7.484
4671.23	7.484
4676.24	7.484
4681.25	7.484
4686.26	7.483
4691.28	7.483
4696.29	7.483
4701.30	7.483
4706.31	7.482
4711.32	7.482
4716.33	7.482
4721.35	7.482
4726.36	7.482
4731.37	7.481
4736.38	7.481
4741.39	7.481
4746.40	7.481
4751.42	7.481
4756.43	7.480
4761.44	7.480
4766.45	7.480
4771.46	7.479
4776.47	7.479
4781.48	7.479
4786.49	7.479
4791.51	7.479
4796.52	7.478
4801.53	7.478
4806.54	7.478
4811.55	7.478
4816.56	7.477
4821.58	7.477
4826.59	7.477
4831.60	7.477
4836.61	7.477
4841.62	7.476
4846.63	7.476
4851.64	7.476
4856.66	7.476
4861.67	7.476
4866.69	7.475
4871.70	7.475
4876.71	7.475
4881.72	7.475
4886.73	7.474
4891.74	7.474
4896.75	7.474
4901.77	7.474
4906.78	7.474
4911.79	7.473
4916.80	7.473
4921.81	7.473
4926.82	7.473
4931.84	7.473
4936.85	7.472
4941.86	7.472
4946.87	7.472
4951.88	7.471
4956.89	7.471
4961.90	7.471
4966.92	7.471
4971.93	7.471
4976.94	7.470
4981.95	7.470
4986.96	7.470
4991.97	7.470
4996.99	7.470
5002.00	7.470
5007.01	7.470
5012.02	7.470
5017.03	7.469
5022.04	7.469
5027.06	7.469
5032.07	7.469
5037.08	7.468
5042.09	7.468
5047.10	7.468
5052.11	7.468
5057.13	7.467
5062.14	7.467
5067.15	7.467
5072.16	7.467
5077.17	7.467
5082.18	7.467
5087.19	7.466
5092.21	7.466
5097.22	7.466
5102.23	7.465
5107.24	7.465
5112.25	7.465
5117.26	7.465
5122.27	7.465
5127.29	7.464
5132.30	7.465
5137.31	7.464
5142.32	7.464
5147.33	7.464
5152.34	7.464
5157.35	7.464
5162.37	7.463
5167.38	7.463
5172.39	7.463
5177.40	7.463
5182.41	7.463
5187.42	7.463
5192.44	7.462
5197.45	7.462
5202.46	7.462
5207.47	7.462
5212.48	7.461
5217.49	7.461
5222.50	7.461
5227.52	7.461
5232.53	7.461
5237.54	7.461
5242.55	7.460
5247.56	7.460
5252.57	7.460
5257.59	7.460
5262.60	7.460
5267.61	7.460
5272.62	7.460
5277.63	7.459
5282.65	7.459
5287.66	7.459
5292.67	7.459
5297.68	7.458
5302.69	7.458
5307.70	7.458
5312.72	7.458
5317.73	7.458
5322.74	7.458
5327.75	7.457
5332.76	7.457
5337.77	7.457
5342.78	7.457
5347.80	7.457
5352.81	7.457
5357.82	7.456
5362.83	7.456
5367.84	7.456
5372.85	7.456
5377.86	7.455
5382.88	7.455
5387.89	7.456
5392.90	7.455
5397.91	7.455
5402.92	7.455
5407.93	7.454
5412.95	7.454
5417.96	7.454
5422.97	7.454
5427.98	7.454
5432.99	7.454
5438.00	7.453
5443.01	7.453
5448.02	7.453
5453.04	7.453
5458.05	7.452
5463.06	7.452
5468.07	7.452
5473.08	7.452
5478.09	7.452
5483.11	7.452
5488.12	7.452
5493.13	7.452
5498.14	7.451
5503.15	7.451
5508.16	7.451
5513.18	7.451
5518.19	7.451
5523.20	7.450
5528.21	7.450
5533.22	7.450
5538.23	7.450
5543.25	7.450
5548.26	7.450
5553.27	7.449
5558.28	7.449
5563.29	7.449
5568.30	7.449
5573.31	7.449
5578.33	7.449
5583.34	7.448
5588.35	7.448
5593.36	7.448
5598.37	7.448
5603.38	7.448
5608.40	7.447
5613.41	7.448
5618.43	7.447
5623.44	7.447
5628.46	7.448
5633.47	7.447
5638.48	7.447
5643.49	7.447
5648.50	7.447
5653.52	7.446
5658.53	7.446
5663.54	7.446
5668.55	7.446
5673.57	7.446
5678.58	7.445
5683.60	7.445
5688.62	7.445
5693.63	7.445
5698.65	7.445
5703.66	7.445
5708.68	7.444
5713.69	7.444
5718.70	7.444
5723.71	7.444
5728.72	7.444
5733.74	7.444
5738.75	7.444
5743.76	7.444
5748.77	7.443
5753.78	7.443
5758.79	7.443
5763.81	7.443
5768.82	7.443
5773.83	7.443
5778.84	7.442
5783.85	7.442
5788.86	7.442
5793.87	7.442
5798.89	7.442
5803.90	7.442
5808.91	7.442
5813.92	7.441
5818.93	7.441
5823.94	7.441
5828.96	7.441
5833.97	7.441
5838.98	7.440
5843.99	7.440
5849.00	7.440
5854.01	7.440
5859.03	7.440
5864.04	7.440
5869.05	7.440
5874.06	7.439
5879.07	7.439
5884.08	7.439
5889.09	7.439
5894.11	7.439
5899.12	7.439
5904.13	7.439
5909.14	7.439
5914.15	7.438
5919.16	7.438
5924.18	7.438
5929.19	7.438
5934.21	7.438
5939.22	7.438
5944.24	7.438
5949.25	7.438
5954.27	7.437
5959.28	7.437
5964.29	7.437
5969.31	7.437
5974.32	7.437
5979.34	7.436
5984.35	7.436
5989.37	7.436
5994.38	7.436
5999.40	7.436
6004.41	7.436
6009.43	7.436
6014.44	7.435
6019.46	7.435
6024.47	7.435
6029.49	7.435
6034.50	7.435
6039.51	7.435
6044.53	7.435
6049.54	7.435
6054.56	7.435
6059.57	7.435
6064.59	7.434
6069.60	7.434
6074.62	7.434
6079.63	7.434
6084.64	7.434
6089.65	7.433
6094.67	7.433
6099.68	7.433
6104.69	7.433
6109.71	7.433
6114.73	7.433
6119.74	7.433
6124.76	7.432
6129.77	7.432
6134.79	7.432
6139.81	7.432
6144.82	7.432
6149.83	7.432
6154.85	7.432
6159.86	7.432
6164.88	7.431
6169.89	7.431
6174.90	7.431
6179.92	7.431
6184.93	7.431
6189.94	7.430
6194.95	7.430
6199.96	7.430
6204.98	7.430
6209.99	7.430
6215.01	7.430
6220.02	7.430
6225.04	7.430
6230.05	7.429
6235.07	7.429
6240.08	7.429
6245.10	7.429
6250.11	7.429
6255.12	7.429
6260.14	7.429
6265.15	7.429
6270.16	7.428
6275.18	7.428
6280.19	7.428
6285.20	7.428
6290.21	7.428
6295.23	7.428
6300.24	7.427
6305.26	7.428
6310.28	7.427
6315.29	7.427
6320.30	7.427
6325.32	7.427
6330.33	7.427
6335.35	7.427
6340.36	7.427
6345.38	7.427
6350.39	7.426
6355.41	7.426
6360.42	7.426
6365.44	7.426
6370.45	7.426
6375.47	7.426
6380.48	7.426
6385.50	7.426
6390.51	7.425
6395.53	7.425
6400.54	7.425
6405.55	7.425
6410.57	7.425
6415.58	7.425
6420.60	7.425
6425.61	7.424
6430.63	7.424
6435.64	7.424
6440.65	7.424
6445.67	7.424
6450.68	7.423
6455.69	7.423
6460.71	7.423
6465.72	7.423
6470.74	7.423
6475.75	7.423
6480.77	7.423
6485.78	7.423
6490.80	7.423
6495.81	7.423
6500.82	7.422
6505.84	7.422
6510.85	7.422
6515.87	7.422
6520.88	7.422
6525.90	7.422
6530.91	7.421
6535.93	7.421
6540.94	7.421
6545.95	7.421
6550.97	7.421
6555.99	7.421
6561.00	7.421
6566.01	7.421
6571.03	7.420
6576.05	7.420
6581.06	7.420
6586.08	7.420
6591.09	7.420
6596.11	7.420
6601.12	7.420
6606.14	7.420
6611.15	7.420
6616.16	7.419
6621.18	7.419
6626.19	7.419
6631.21	7.419
6636.22	7.419
6641.23	7.419
6646.25	7.419
6651.26	7.419
6656.28	7.418
6661.29	7.418
6666.31	7.418
6671.32	7.418
6676.33	7.418
6681.35	7.418
6686.36	7.418
6691.37	7.418
6696.39	7.418
6701.41	7.417
6706.42	7.417
6711.43	7.417
6716.45	7.417
6721.46	7.417
6726.48	7.417
6731.49	7.417
6736.51	7.416
6741.52	7.416
6746.53	7.416
6751.55	7.416
6756.56	7.416
6761.58	7.416
6766.59	7.416
6771.60	7.416
6776.62	7.415
6781.64	7.416
6786.65	7.415
6791.66	7.415
6796.68	7.415
6801.69	7.415
6806.71	7.415
6811.72	7.415
6816.74	7.415
6821.75	7.414
6826.76	7.414
6831.78	7.414
6836.80	7.414
6841.81	7.414
6846.82	7.414
6851.84	7.414
6856.85	7.414
6861.87	7.414
6866.88	7.413
6871.90	7.413
6876.91	7.413
6881.93	7.413
6886.94	7.413
6891.96	7.413
6896.97	7.413
6901.99	7.413
6907.00	7.413
6912.01	7.412
6917.03	7.412
6922.05	7.412
6927.06	7.412
6932.07	7.412
6937.09	7.412
6942.11	7.412
6947.12	7.412
6952.14	7.412
6957.15	7.411
6962.17	7.411
6967.18	7.411
6972.19	7.411
6977.21	7.411
6982.22	7.411
6987.24	7.410
6992.25	7.410
6997.26	7.410
7002.28	7.410
7007.29	7.410
7012.31	7.410
7017.32	7.410
7022.34	7.410
7027.35	7.410
7032.37	7.410
7037.38	7.409
7042.39	7.409
7047.41	7.409
7052.42	7.409
7057.44	7.409
7062.45	7.409
7067.47	7.408
7072.48	7.408
7077.50	7.408
7082.51	7.408
7087.52	7.408
7092.54	7.408
7097.56	7.408
7102.57	7.408
7107.59	7.407
7112.60	7.407
7117.62	7.407
7122.63	7.407
7127.64	7.407
7132.66	7.407
7137.68	7.406
7142.69	7.406
7147.70	7.406
7152.72	7.406
7157.73	7.406
7162.75	7.406
7167.76	7.406
7172.77	7.406
7177.79	7.406
7182.80	7.406
7187.82	7.405
7192.83	7.405
7197.85	7.405
7202.86	7.405
7207.87	7.405
7212.89	7.405
7217.90	7.405
7222.91	7.405
7227.93	7.404
7232.94	7.405
7237.96	7.405
7242.97	7.404
7247.99	7.404
7253.00	7.404
7258.02	7.404
7263.03	7.404
7268.05	7.403
7273.06	7.403
7278.07	7.403
7283.09	7.403
7288.10	7.403
7293.12	7.403
7298.13	7.403
7303.14	7.403
7308.16	7.402
7313.17	7.402
7318.19	7.402
7323.20	7.402
7328.22	7.402
7333.23	7.402
7338.24	7.402
7343.26	7.402
7348.27	7.401
7353.29	7.401
7358.30	7.401
7363.32	7.401
7368.33	7.401
7373.34	7.401
7378.36	7.400
7383.37	7.400
7388.39	7.401
7393.40	7.400
7398.42	7.400
7403.43	7.400
7408.44	7.400
7413.46	7.400
7418.47	7.400
7423.49	7.400
7428.50	7.400
7433.52	7.399
7438.54	7.399
7443.55	7.399
7448.56	7.399
7453.58	7.399
7458.59	7.399
7463.60	7.399
7468.62	7.398
7473.63	7.398
7478.65	7.398
7483.66	7.398
7488.68	7.398
7493.69	7.398
7498.71	7.397
7503.72	7.397
7508.74	7.397
7513.75	7.397
7518.77	7.397
7523.78	7.397
7528.79	7.397
7533.81	7.397
7538.82	7.396
7543.84	7.396
7548.85	7.396
7553.87	7.396
7558.88	7.396
7563.90	7.396
7568.91	7.396
7573.93	7.395
7578.94	7.395
7583.96	7.395
7588.97	7.395
7593.99	7.395
7599.00	7.395
7604.01	7.394
7609.03	7.394
7614.04	7.394
7619.06	7.394
7624.07	7.394
7629.08	7.394
7634.09	7.393
7639.10	7.393
7644.12	7.393
7649.13	7.393
7654.14	7.393
7659.15	7.393
7664.16	7.393
7669.18	7.393
7674.19	7.393
7679.20	7.392
7684.22	7.392
7689.23	7.392
7694.25	7.392
7699.26	7.392
7704.28	7.392
7709.29	7.392
7714.30	7.392
7719.32	7.391
7724.33	7.391
7729.35	7.391
7734.36	7.391
7739.38	7.391
7744.39	7.391
7749.41	7.391
7754.42	7.390
7759.43	7.390
7764.45	7.390
7769.47	7.390
7774.48	7.390
7779.49	7.390
7784.51	7.390
7789.52	7.390
7794.54	7.389
7799.56	7.389
7804.57	7.389
7809.59	7.389
7814.60	7.389
7819.62	7.389
7824.63	7.388
7829.65	7.388
7834.66	7.388
7839.67	7.388
7844.69	7.388
7849.70	7.388
7854.71	7.387
7859.73	7.387
7864.74	7.387
7869.76	7.387
7874.77	7.387
7879.79	7.387
7884.80	7.387
7889.82	7.386
7894.83	7.386
7899.84	7.386
7904.86	7.386
7909.87	7.386
7914.89	7.386
7919.90	7.385
7924.92	7.385
7929.93	7.385
7934.94	7.385
7939.96	7.385
7944.97	7.385
7949.99	7.384
7955.00	7.384
7960.02	7.384
7965.03	7.384
7970.04	7.384
7975.06	7.384
7980.07	7.384
7985.09	7.384
7990.10	7.383
7995.12	7.383
8000.13	7.383
8005.14	7.383
8010.16	7.383
8015.17	7.383
8020.19	7.383
8025.20	7.383
8030.22	7.383
8035.23	7.382
8040.25	7.382
8045.26	7.382
8050.28	7.382
8055.29	7.381
8060.30	7.381
8065.32	7.381
8070.33	7.381
8075.35	7.381
8080.36	7.381
8085.37	7.380
8090.38	7.380
8095.39	7.380
8100.40	7.380
8105.42	7.380
8110.43	7.380
8115.44	7.380
8120.45	7.379
8125.47	7.379
8130.48	7.379
8135.49	7.379
8140.51	7.379
8145.52	7.379
8150.54	7.378
8155.55	7.378
8160.57	7.378
8165.58	7.378
8170.59	7.378
8175.61	7.378
8180.63	7.378
8185.64	7.377
8190.65	7.377
8195.67	7.377
8200.68	7.377
8205.70	7.377
8210.71	7.377
8215.72	7.377
8220.74	7.376
8225.75	7.376
8230.77	7.376
8235.78	7.376
8240.79	7.376
8245.81	7.375
8250.82	7.375
8255.83	7.375
8260.85	7.375
8265.87	7.375
8270.88	7.375
8275.89	7.374
8280.91	7.374
8285.92	7.374
8290.94	7.374
8295.95	7.373
8300.97	7.373
8305.99	7.373
8311.00	7.373
8316.01	7.373
8321.03	7.373
8326.04	7.372
8331.06	7.373
8336.07	7.372
8341.09	7.372
8346.10	7.372
8351.12	7.372
8356.13	7.372
8361.14	7.371
8366.16	7.371
8371.17	7.371
8376.18	7.371
8381.19	7.370
8386.20	7.370
8391.22	7.370
8396.24	7.370
8401.25	7.370
8406.26	7.369
8411.28	7.369
8416.29	7.369
8421.31	7.369
8426.32	7.369
8431.33	7.369
8436.35	7.368
8441.36	7.368
8446.37	7.368
8451.38	7.368
8456.39	7.368
8461.40	7.367
8466.42	7.367
8471.43	7.367
8476.44	7.367
8481.45	7.366
8486.46	7.366
8491.48	7.366
8496.49	7.366
8501.51	7.366
8506.52	7.366
8511.53	7.365
8516.54	7.365
8521.56	7.365
8526.57	7.365
8531.58	7.365
8536.59	7.364
8541.61	7.364
8546.63	7.364
8551.64	7.364
8556.65	7.363
8561.67	7.363
8566.68	7.363
8571.70	7.363
8576.71	7.363
8581.73	7.362
8586.74	7.362
8591.76	7.362
8596.77	7.362
8601.78	7.361
8606.80	7.361
8611.81	7.361
8616.82	7.361
8621.84	7.361
8626.86	7.360
8631.87	7.360
8636.89	7.360
8641.90	7.360
8646.91	7.359
8651.93	7.359
8656.94	7.359
8661.96	7.359
8666.97	7.359
8671.99	7.358
8677.00	7.358
8682.02	7.358
8687.03	7.358
8692.04	7.357
8697.06	7.357
8702.08	7.357
8707.09	7.357
8712.11	7.357
8717.12	7.356
8722.13	7.356
8727.14	7.356
8732.16	7.355
8737.17	7.355
8742.19	7.355
8747.20	7.355
8752.22	7.355
8757.23	7.354
8762.25	7.354
8767.26	7.354
8772.28	7.354
8777.29	7.354
8782.31	7.353
8787.32	7.353
8792.34	7.352
8797.35	7.352
8802.37	7.352
8807.38	7.351
8812.40	7.351
8817.41	7.351
8822.43	7.351
8827.44	7.350
8832.45	7.350
8837.47	7.350
8842.48	7.350
8847.50	7.349
8852.51	7.349
8857.53	7.349
8862.54	7.349
8867.56	7.348
8872.57	7.348
8877.59	7.348
8882.61	7.348
8887.62	7.347
8892.64	7.347
8897.65	7.347
8902.67	7.346
8907.68	7.346
8912.70	7.346
8917.71	7.345
8922.72	7.345
8927.74	7.345
8932.75	7.344
8937.77	7.344
8942.78	7.344
8947.80	7.344
8952.81	7.343
8957.82	7.343
8962.84	7.343
8967.85	7.342
8972.87	7.342
8977.88	7.342
8982.89	7.342
8987.91	7.341
8992.92	7.341
8997.94	7.341
9002.95	7.340
9007.97	7.340
9012.98	7.340
9018.00	7.339
9023.01	7.339
9028.02	7.339
9033.04	7.338
9038.06	7.338
9043.07	7.338
9048.08	7.337
9053.10	7.337
9058.11	7.337
9063.12	7.337
9068.14	7.336
9073.15	7.336
9078.16	7.336
9083.17	7.335
9088.19	7.335
9093.20	7.335
9098.22	7.334
9103.23	7.334
9108.24	7.334
9113.26	7.333
9118.27	7.333
9123.29	7.333
9128.30	7.332
9133.32	7.332
9138.33	7.332
9143.34	7.331
9148.36	7.331
9153.37	7.330
9158.39	7.330
9163.40	7.330
9168.42	7.329
9173.43	7.329
9178.44	7.329
9183.46	7.328
9188.47	7.328
9193.49	7.328
9198.50	7.327
9203.52	7.327
9208.53	7.326
9213.54	7.326
9218.56	7.325
9223.57	7.325
9228.59	7.325
9233.60	7.324
9238.62	7.324
9243.63	7.323
9248.65	7.323
9253.66	7.323
9258.68	7.322
9263.69	7.322
9268.71	7.321
9273.72	7.321
9278.74	7.321
9283.75	7.321
9288.76	7.320
9293.78	7.319
9298.79	7.319
9303.81	7.319
9308.82	7.318
9313.84	7.318
9318.85	7.317
9323.87	7.317
9328.88	7.316
9333.90	7.316
9338.91	7.316
9343.93	7.315
9348.94	7.315
9353.96	7.314
9358.97	7.314
9363.99	7.313
9369.00	7.313
9374.02	7.313
9379.03	7.312
9384.04	7.312
9389.06	7.311
9394.07	7.311
9399.09	7.311
9404.10	7.310
9409.12	7.310
9414.13	7.309
9419.15	7.309
9424.16	7.308
9429.18	7.308
9434.19	7.307
9439.21	7.307
9444.22	7.307
9449.23	7.306
9454.25	7.306
9459.26	7.305
9464.28	7.304
9469.29	7.304
9474.31	7.303
9479.32	7.303
9484.34	7.302
9489.35	7.302
9494.37	7.301
9499.38	7.301
9504.40	7.300
9509.41	7.300
9514.43	7.299
9519.44	7.299
9524.46	7.298
9529.47	7.298
9534.48	7.297
9539.50	7.297
9544.52	7.296
9549.53	7.296
9554.55	7.295
9559.56	7.295
9564.57	7.294
9569.59	7.293
9574.60	7.293
9579.62	7.293
9584.63	7.292
9589.64	7.292
9594.66	7.291
9599.67	7.290
9604.69	7.290
9609.70	7.289
9614.71	7.289
9619.73	7.288
9624.74	7.288
9629.76	7.287
9634.77	7.287
9639.79	7.286
9644.80	7.286
9649.81	7.285
9654.83	7.284
9659.85	7.284
9664.86	7.283
9669.87	7.283
9674.88	7.282
9679.90	7.282
9684.91	7.281
9689.92	7.280
9694.94	7.280
9699.95	7.279
9704.97	7.278
9709.98	7.278
9715.00	7.277
9720.01	7.276
9725.03	7.276
9730.04	7.275
9735.06	7.275
9740.07	7.274
9745.08	7.273
9750.10	7.273
9755.11	7.272
9760.13	7.271
9765.14	7.271
9770.15	7.270
9775.17	7.270
9780.19	7.269
9785.20	7.269
9790.21	7.268
9795.23	7.267
9800.24	7.267
9805.26	7.266
9810.27	7.266
9815.29	7.265
9820.30	7.264
9825.32	7.264
9830.33	7.263
9835.34	7.262
9840.36	7.262
9845.37	7.261
9850.39	7.260
9855.40	7.259
9860.42	7.259
9865.43	7.258
9870.45	7.258
9875.46	7.257
9880.48	7.256
9885.49	7.256
9890.50	7.255
9895.52	7.254
9900.53	7.253
9905.55	7.253
9910.56	7.252
9915.57	7.251
9920.59	7.251
9925.60	7.250
9930.61	7.249
9935.62	7.249
9940.65	7.248
9945.66	7.247
9950.68	7.247
9955.69	7.246
9960.71	7.246
9965.72	7.245
9970.73	7.244
9975.75	7.243
9980.76	7.242
9985.78	7.242
9990.79	7.241
9995.81	7.240
10000.82	7.240
10005.84	7.239
10010.85	7.238
10015.86	7.238
10020.88	7.237
10025.89	7.236
10030.91	7.235
10035.92	7.234
10040.93	7.234
10045.94	7.233
10050.96	7.232
10055.98	7.232
10060.99	7.231
10066.00	7.230
10071.02	7.229
10076.03	7.229
10081.05	7.228
10086.06	7.227
10091.08	7.227
10096.09	7.226
10101.11	7.225
10106.13	7.224
10111.14	7.223
10116.16	7.223
10121.17	7.222
10126.18	7.222
10131.20	7.221
10136.22	7.220
10141.23	7.219
10146.24	7.218
10151.25	7.217
10156.26	7.217
10161.27	7.216
10166.29	7.215
10171.30	7.214
10176.31	7.214
10181.32	7.213
10186.34	7.213
10191.35	7.212
10196.36	7.211
10201.38	7.210
10206.39	7.209
10211.40	7.208
10216.42	7.207
10221.43	7.207
10226.45	7.206
10231.46	7.205
10236.48	7.205
10241.49	7.204
10246.51	7.203
10251.52	7.202
10256.54	7.201
10261.55	7.201
10266.57	7.200
10271.58	7.199
10276.60	7.198
10281.61	7.198
10286.62	7.196
10291.64	7.196
10296.65	7.195
10301.67	7.194
10306.68	7.193
10311.69	7.193
10316.71	7.192
10321.72	7.191
10326.74	7.190
10331.75	7.189
10336.77	7.189
10341.78	7.188
10346.80	7.187
10351.81	7.186
10356.83	7.185
10361.84	7.185
10366.86	7.184
10371.87	7.183
10376.89	7.182
10381.90	7.182
10386.92	7.181
10391.93	7.180
10396.95	7.179
10401.96	7.178
10406.97	7.177
10411.99	7.176
10417.00	7.176
10422.02	7.175
10427.03	7.174
10432.04	7.173
10437.06	7.173
10442.08	7.172
10447.09	7.171
10452.10	7.170
10457.12	7.169
10462.13	7.168
10467.15	7.168
10472.16	7.167
10477.18	7.166
10482.19	7.165
10487.20	7.164
10492.22	7.163
10497.23	7.163
10502.25	7.162
10507.26	7.161
10512.28	7.160
10517.29	7.159
10522.31	7.158
10527.32	7.157
10532.33	7.157
10537.35	7.156
10542.36	7.155
10547.38	7.154
10552.39	7.153
10557.41	7.152
10562.42	7.152
10567.44	7.151
10572.45	7.150
10577.47	7.149
10582.48	7.148
10587.49	7.147
10592.51	7.146
10597.52	7.145
10602.54	7.145
10607.55	7.144
10612.57	7.143
10617.58	7.142
10622.60	7.141
10627.61	7.140
10632.62	7.140
10637.64	7.139
10642.65	7.138
10647.67	7.137
10652.68	7.136
10657.70	7.135
10662.71	7.134
10667.73	7.133
10672.74	7.133
10677.75	7.132
10682.77	7.131
10687.78	7.130
10692.80	7.129
10697.82	7.128
10702.83	7.127
10707.84	7.126
10712.86	7.125
10717.87	7.124
10722.89	7.124
10727.90	7.123
10732.91	7.122
10737.93	7.121
10742.95	7.120
10747.96	7.119
10752.97	7.118
10757.99	7.118
10763.00	7.116
10768.02	7.116
10773.03	7.115
10778.04	7.114
10783.06	7.113
10788.07	7.112
10793.09	7.111
10798.10	7.110
10803.12	7.109
10808.13	7.109
10813.15	7.108
10818.16	7.107
10823.18	7.106
10828.19	7.105
10833.21	7.104
10838.23	7.103
10843.24	7.102
10848.25	7.101
10853.27	7.100
10858.28	7.099
10863.30	7.098
10868.32	7.098
10873.33	7.097
10878.35	7.096
10883.36	7.095
10888.37	7.094
10893.39	7.093
10898.40	7.092
10903.41	7.091
10908.42	7.090
10913.43	7.089
10918.44	7.089
10923.46	7.088
10928.47	7.087
10933.48	7.086
10938.49	7.085
10943.51	7.084
10948.52	7.083
10953.54	7.082
10958.55	7.081
10963.56	7.080
10968.58	7.079
10973.60	7.078
10978.61	7.077
10983.63	7.076
10988.64	7.076
10993.65	7.075
10998.67	7.074
11003.68	7.073
11008.70	7.072
11013.71	7.071
11018.73	7.070
11023.74	7.069
11028.76	7.068
11033.77	7.067
11038.78	7.066
11043.80	7.065
11048.82	7.064
11053.84	7.063
11058.85	7.062
11063.87	7.061
11068.88	7.060
11073.90	7.059
11078.91	7.058
11083.92	7.057
11088.94	7.056
11093.95	7.055
11098.96	7.054
11103.98	7.053
11109.00	7.053
11114.01	7.052
11119.03	7.051
11124.04	7.050
11129.05	7.049
11134.07	7.048
11139.08	7.047
11144.10	7.046
11149.11	7.045
11154.13	7.044
11159.14	7.043
11164.16	7.042
11169.17	7.041
11174.19	7.040
11179.20	7.039
11184.22	7.038
11189.23	7.037
11194.25	7.036
11199.26	7.035
11204.27	7.034
11209.29	7.033
11214.30	7.032
11219.33	7.031
11224.35	7.030
11229.36	7.029
11234.37	7.028
11239.39	7.027
11244.40	7.026
11249.42	7.025
11254.43	7.024
11259.45	7.023
11264.46	7.022
11269.48	7.021
11274.49	7.020
11279.51	7.019
11284.52	7.018
11289.53	7.017
11294.55	7.016
11299.56	7.015
11304.58	7.014
11309.59	7.013
11314.61	7.012
11319.62	7.011
11324.64	7.010
11329.65	7.008
11334.66	7.007
11339.68	7.006
11344.69	7.005
11349.71	7.004
11354.72	7.003
11359.74	7.002
11364.75	7.001
11369.77	7.000
11374.78	6.999
11379.80	6.998
11384.81	6.997
11389.82	6.996
11394.84	6.995
11399.86	6.994
11404.87	6.993
11409.88	6.992
11414.90	6.991
11419.91	6.990
11424.93	6.989
11429.94	6.987
11434.95	6.987
11439.97	6.986
11444.98	6.985
11450.00	6.984
11455.01	6.982
11460.03	6.981
11465.04	6.980
11470.06	6.979
11475.07	6.978
11480.09	6.977
11485.10	6.976
11490.12	6.975
11495.13	6.973
11500.15	6.973
11505.16	6.971
11510.17	6.971
11515.19	6.969
11520.20	6.969
11525.22	6.968
11530.23	6.966
11535.25	6.965
11540.26	6.964
11545.27	6.963
11550.29	6.962
11555.30	6.961
11560.32	6.960
11565.33	6.959
11570.34	6.957
11575.36	6.957
11580.38	6.955
11585.39	6.954
11590.40	6.953
11595.42	6.952
11600.43	6.951
11605.45	6.950
11610.46	6.948
11615.47	6.947
11620.49	6.946
11625.50	6.945
11630.51	6.944
11635.53	6.943
11640.55	6.942
11645.56	6.941
11650.58	6.940
11655.59	6.939
11660.60	6.937
11665.62	6.936
11670.63	6.935
11675.65	6.934
11680.66	6.933
11685.68	6.932
11690.69	6.931
11695.71	6.930
11700.72	6.928
11705.74	6.927
11710.75	6.926
11715.77	6.925
11720.78	6.924
11725.80	6.923
11730.81	6.921
11735.82	6.920
11740.84	6.919
11745.86	6.918
11750.87	6.917
11755.88	6.916
11760.90	6.915
11765.91	6.913
11770.93	6.912
11775.94	6.911
11780.96	6.910
11785.97	6.909
11790.99	6.907
11796.00	6.906
11801.01	6.905
11806.03	6.904
11811.04	6.903
11816.06	6.902
11821.07	6.901
11826.09	6.899
11831.10	6.898
11836.11	6.897
11841.13	6.896
11846.14	6.895
11851.15	6.894
11856.17	6.892
11861.19	6.891
11866.20	6.890
11871.21	6.889
11876.22	6.887
11881.23	6.886
11886.24	6.885
11891.26	6.884
11896.27	6.883
11901.28	6.881
11906.30	6.880
11911.31	6.879
11916.33	6.878
11921.34	6.877
11926.35	6.875
11931.37	6.874
11936.38	6.873
11941.40	6.872
11946.42	6.871
11951.43	6.870
11956.45	6.868
11961.46	6.867
11966.47	6.866
11971.49	6.865
11976.50	6.863
11981.52	6.862
11986.53	6.861
11991.54	6.860
11996.56	6.858
12001.57	6.857
12006.59	6.856
12011.60	6.855
12016.62	6.853
12021.63	6.852
12026.64	6.851
12031.66	6.850
12036.67	6.848
12041.69	6.847
12046.70	6.846
12051.71	6.845
12056.73	6.844
12061.75	6.842
12066.76	6.841
12071.77	6.840
12076.78	6.838
12081.79	6.837
12086.81	6.836
12091.82	6.835
12096.83	6.833
12101.84	6.832
12106.86	6.831
12111.87	6.830
12116.88	6.828
12121.90	6.827
12126.92	6.826
12131.93	6.825
12136.94	6.823
12141.96	6.822
12146.97	6.821
12151.99	6.820
12157.00	6.818
12162.01	6.817
12167.03	6.816
12172.04	6.814
12177.05	6.813
12182.06	6.812
12187.08	6.810
12192.09	6.809
12197.10	6.808
12202.12	6.806
12207.13	6.805
12212.14	6.804
12217.16	6.803
12222.17	6.801
12227.19	6.800
12232.20	6.799
12237.22	6.797
12242.23	6.796
12247.24	6.794
12252.25	6.793
12257.27	6.792
12262.28	6.791
12267.29	6.789
12272.30	6.788
12277.31	6.787
12282.32	6.785
12287.34	6.784
12292.35	6.783
12297.36	6.781
12302.37	6.780
12307.38	6.778
12312.39	6.777
12317.41	6.776
12322.42	6.774
12327.43	6.773
12332.44	6.772
12337.45	6.770
12342.46	6.769
12347.47	6.767
12352.49	6.766
12357.51	6.765
12362.53	6.763
12367.54	6.762
12372.55	6.761
12377.57	6.759
12382.59	6.758
12387.60	6.757
12392.62	6.755
12397.63	6.754
12402.64	6.752
12407.66	6.751
12412.67	6.750
12417.69	6.749
12422.70	6.747
12427.72	6.746
12432.73	6.744
12437.74	6.743
12442.75	6.742
12447.77	6.740
12452.78	6.739
12457.79	6.737
12462.80	6.736
12467.82	6.734
12472.83	6.733
12477.85	6.732
12482.86	6.730
12487.88	6.729
12492.89	6.727
12497.91	6.726
12502.92	6.724
12507.93	6.723
12512.95	6.722
12517.96	6.720
12522.97	6.719
12527.99	6.717
12533.00	6.716
12538.01	6.715
12543.03	6.713
12548.04	6.712
12553.06	6.710
12558.08	6.709
12563.09	6.707
12568.10	6.706
12573.12	6.704
12578.13	6.703
12583.15	6.701
12588.16	6.700
12593.17	6.698
12598.19	6.697
12603.21	6.695
12608.22	6.694
12613.23	6.692
12618.25	6.691
12623.26	6.689
12628.27	6.688
12633.29	6.687
12638.30	6.685
12643.32	6.684
12648.33	6.682
12653.35	6.681
12658.36	6.679
12663.38	6.677
12668.39	6.676
12673.41	6.675
12678.42	6.673
12683.44	6.672
12688.45	6.670
12693.46	6.669
12698.48	6.667
12703.49	6.666
12708.51	6.664
12713.52	6.662
12718.54	6.661
12723.55	6.659
12728.57	6.658
12733.58	6.656
12738.60	6.655
12743.61	6.653
12748.62	6.652
12753.64	6.651
12758.65	6.649
12763.66	6.647
12768.68	6.646
12773.69	6.644
12778.71	6.643
12783.73	6.641
12788.74	6.639
12793.76	6.638
12798.77	6.637
12803.79	6.635
12808.80	6.633
12813.82	6.632
12818.83	6.630
12823.84	6.629
12828.86	6.627
12833.87	6.625
12838.89	6.624
12843.90	6.622
12848.92	6.621
12853.93	6.619
12858.94	6.618
12863.95	6.616
12868.97	6.614
12873.98	6.613
12879.00	6.611
12884.01	6.610
12889.02	6.608
12894.04	6.607
12899.05	6.605
12904.07	6.603
12909.08	6.601
12914.10	6.600
12919.11	6.598
12924.12	6.597
12929.14	6.595
12934.15	6.594
12939.17	6.592
12944.18	6.590
12949.20	6.589
12954.21	6.587
12959.22	6.585
12964.24	6.584
12969.25	6.582
12974.27	6.580
12979.28	6.579
12984.30	6.577
12989.31	6.576
12994.32	6.574
12999.34	6.572
13004.35	6.571
13009.37	6.569
13014.38	6.567
13019.40	6.566
13024.41	6.564
13029.43	6.562
13034.44	6.561
13039.46	6.559
13044.47	6.557
13049.48	6.556
13054.50	6.554
13059.51	6.552
13064.53	6.550
13069.54	6.549
13074.56	6.547
13079.57	6.545
13084.59	6.544
13089.60	6.542
13094.62	6.540
13099.63	6.539
13104.64	6.537
13109.66	6.535
13114.67	6.534
13119.69	6.532
13124.70	6.530
13129.71	6.529
13134.73	6.527
13139.74	6.525
13144.76	6.523
13149.78	6.522
13154.79	6.520
13159.80	6.518
13164.82	6.516
13169.84	6.515
13174.85	6.513
13179.87	6.511
13184.88	6.510
13189.89	6.508
13194.91	6.506
13199.92	6.504
13204.94	6.503
13209.96	6.501
13214.97	6.499
13219.98	6.497
13225.00	6.495
13230.01	6.494
13235.03	6.492
13240.04	6.490
13245.06	6.488
13250.07	6.487
13255.08	6.485
13260.10	6.483
13265.12	6.481
13270.13	6.480
13275.15	6.478
13280.16	6.476
13285.17	6.474
13290.19	6.472
13295.20	6.471
13300.21	6.469
13305.23	6.467
13310.25	6.465
13315.26	6.463
13320.27	6.461
13325.29	6.460
13330.30	6.458
13335.32	6.456
13340.33	6.454
13345.35	6.452
13350.36	6.450
13355.38	6.449
13360.39	6.446
13365.41	6.445
13370.42	6.443
13375.43	6.441
13380.45	6.439
13385.46	6.437
13390.48	6.435
13395.49	6.433
13400.51	6.432
13405.52	6.430
13410.54	6.428
13415.55	6.426
13420.56	6.424
13425.58	6.422
13430.59	6.420
13435.61	6.418
13440.62	6.416
13445.64	6.414
13450.65	6.412
13455.67	6.410
13460.68	6.409
13465.70	6.407
13470.71	6.405
13475.73	6.403
13480.74	6.401
13485.75	6.399
13490.77	6.397
13495.78	6.395
13500.79	6.393
13505.81	6.391
13510.83	6.389
13515.84	6.387
13520.85	6.385
13525.87	6.383
13530.88	6.381
13535.90	6.379
13540.91	6.377
13545.93	6.375
13550.94	6.373
13555.96	6.371
13560.97	6.368
13565.99	6.367
13571.01	6.364
13576.02	6.362
13581.03	6.360
13586.05	6.358
13591.06	6.356
13596.08	6.354
13601.09	6.352
13606.10	6.350
13611.12	6.348
13616.13	6.346
13621.15	6.344
13626.17	6.341
13631.18	6.340
13636.19	6.337
13641.20	6.335
13646.21	6.333
13651.23	6.331
13656.24	6.329
13661.25	6.327
13666.26	6.324
13671.27	6.322
13676.28	6.320
13681.29	6.318
13686.31	6.316
13691.32	6.313
13696.34	6.311
13701.35	6.309
13706.37	6.307
13711.38	6.304
13716.40	6.302
13721.41	6.300
13726.43	6.298
13731.44	6.295
13736.45	6.293
13741.47	6.291
13746.49	6.289
13751.50	6.287
13756.51	6.284
13761.53	6.282
13766.54	6.280
13771.56	6.278
13776.57	6.275
13781.58	6.273
13786.60	6.271
13791.61	6.269
13796.63	6.266
13801.65	6.264
13806.66	6.262
13811.67	6.260
13816.69	6.257
13821.70	6.255
13826.71	6.253
13831.73	6.251
13836.75	6.248
13841.76	6.246
13846.77	6.244
13851.79	6.241
13856.80	6.239
13861.82	6.237
13866.84	6.234
13871.85	6.232
13876.87	6.230
13881.88	6.228
13886.90	6.225
13891.91	6.223
13896.92	6.221
13901.94	6.219
13906.95	6.216
13911.97	6.214
13916.98	6.212
13922.00	6.209
13927.01	6.207
13932.03	6.204
13937.04	6.202
13942.06	6.200
13947.07	6.198
13952.09	6.195
13957.10	6.193
13962.11	6.191
13967.13	6.189
13972.14	6.186
13977.16	6.184
13982.17	6.182
13987.19	6.179
13992.20	6.177
13997.21	6.175
14002.23	6.172
14007.24	6.170
14012.26	6.168
14017.27	6.165
14022.28	6.163
14027.30	6.161
14032.31	6.158
14037.32	6.156
14042.34	6.154
14047.35	6.152
14052.37	6.149
14057.38	6.147
14062.40	6.145
14067.41	6.142
14072.43	6.140
14077.44	6.138
14082.45	6.136
14087.47	6.133
14092.48	6.131
14097.50	6.129
14102.52	6.126
14107.53	6.124
14112.55	6.122
14117.56	6.120
14122.58	6.117
14127.59	6.115
14132.60	6.113
14137.62	6.111
14142.63	6.108
14147.65	6.106
14152.66	6.104
14157.67	6.102
14162.69	6.099
14167.71	6.097
14172.72	6.095
14177.73	6.092
14182.75	6.090
14187.76	6.088
14192.77	6.086
14197.79	6.083
14202.81	6.081
14207.82	6.079
14212.83	6.077
14217.85	6.075
14222.86	6.072
14227.88	6.070
14232.89	6.068
14237.90	6.066
14242.92	6.063
14247.94	6.061
14252.95	6.059
14257.96	6.057
14262.98	6.054
14267.99	6.052
14273.01	6.050
14278.02	6.048
14283.04	6.045
14288.05	6.043
14293.07	6.041
14298.08	6.039
14303.09	6.037
14308.11	6.034
14313.12	6.032
14318.14	6.030
14323.15	6.028
14328.16	6.026
14333.18	6.023
14338.19	6.021
14343.21	6.019
14348.23	6.017
14353.24	6.015
14358.25	6.013
14363.27	6.011
14368.28	6.009
14373.29	6.007
14378.31	6.004
14383.33	6.002
14388.34	6.000
14393.36	5.998
14398.37	5.996
14403.39	5.994
14408.40	5.991
14413.42	5.989
14418.43	5.987
14423.45	5.985
14428.46	5.983
14433.48	5.981
14438.49	5.979
14443.51	5.977
14448.52	5.975
14453.54	5.973
