2.51	7.913
7.52	7.913
12.53	7.912
17.54	7.912
22.56	7.912
27.57	7.912
32.58	7.912
37.59	7.912
42.60	7.912
47.61	7.912
52.63	7.912
57.64	7.912
62.65	7.712
67.66	7.717
72.67	7.720
77.68	7.722
82.70	7.724
87.71	7.724
92.72	7.725
97.73	7.725
102.74	7.725
107.75	7.725
112.76	7.725
117.78	7.724
122.79	7.724
127.80	7.724
132.81	7.724
137.82	7.723
142.83	7.723
147.85	7.723
152.86	7.722
157.87	7.722
162.88	7.722
167.89	7.721
172.90	7.721
177.92	7.720
182.93	7.720
187.94	7.720
192.95	7.719
197.96	7.719
202.97	7.719
207.98	7.718
213.00	7.718
218.01	7.718
223.02	7.717
228.03	7.717
233.04	7.717
238.05	7.716
243.07	7.716
248.08	7.716
253.09	7.716
258.10	7.715
263.11	7.715
268.12	7.715
273.13	7.714
278.15	7.714
283.16	7.714
288.17	7.713
293.18	7.713
298.19	7.713
303.20	7.712
308.22	7.712
313.23	7.712
318.24	7.712
323.25	7.711
328.26	7.711
333.27	7.711
338.28	7.711
343.30	7.711
348.31	7.710
353.32	7.710
358.33	7.709
363.34	7.709
368.35	7.709
373.37	7.709
378.38	7.709
383.39	7.708
388.40	7.708
393.41	7.708
398.42	7.708
403.44	7.707
408.45	7.707
413.46	7.707
418.47	7.707
423.48	7.706
428.49	7.706
433.50	7.706
438.52	7.706
443.53	7.706
448.54	7.705
453.55	7.705
458.56	7.705
463.57	7.704
468.59	7.704
473.60	7.704
478.62	7.704
483.63	7.704
488.65	7.703
493.66	7.703
498.67	7.703
503.69	7.702
508.70	7.702
513.71	7.702
518.72	7.702
523.73	7.702
528.75	7.701
533.76	7.701
538.77	7.701
543.78	7.701
548.79	7.700
553.80	7.700
558.81	7.700
563.83	7.699
568.84	7.700
573.85	7.700
578.86	7.699
583.87	7.699
588.88	7.699
593.90	7.698
598.91	7.698
603.92	7.698
608.93	7.698
613.94	7.697
618.95	7.698
623.96	7.698
628.98	7.697
633.99	7.697
639.00	7.697
644.01	7.697
649.02	7.696
654.03	7.696
659.04	7.696
664.05	7.696
669.07	7.695
674.08	7.695
679.09	7.695
684.10	7.694
689.11	7.694
694.12	7.694
699.14	7.694
704.15	7.694
709.16	7.694
714.17	7.693
719.18	7.693
724.19	7.693
729.21	7.693
734.22	7.692
739.23	7.692
744.24	7.692
749.25	7.692
754.27	7.692
759.28	7.692
764.30	7.691
769.31	7.691
774.32	7.691
779.34	7.690
784.35	7.690
789.36	7.690
794.37	7.690
799.38	7.690
804.39	7.689
809.41	7.689
814.42	7.689
819.43	7.689
824.44	7.688
829.45	7.688
834.46	7.688
839.48	7.688
844.49	7.687
849.50	7.687
854.51	7.687
859.52	7.687
864.53	7.687
869.54	7.687
874.56	7.686
879.57	7.686
884.58	7.686
889.59	7.686
894.60	7.686
899.62	7.686
904.63	7.685
909.64	7.685
914.65	7.685
919.66	7.685
924.67	7.684
929.69	7.684
934.70	7.684
939.71	7.684
944.72	7.683
949.73	7.683
954.74	7.683
959.76	7.683
964.77	7.683
969.78	7.682
974.79	7.682
979.80	7.682
984.81	7.682
989.82	7.682
994.84	7.682
999.86	7.682
1004.87	7.682
1009.88	7.681
1014.90	7.681
1019.91	7.681
1024.93	7.681
1029.94	7.680
1034.96	7.680
1039.97	7.680
1044.99	7.680
1050.00	7.679
1055.01	7.679
1060.03	7.679
1065.04	7.679
1070.05	7.679
1075.06	7.678
1080.07	7.678
1085.09	7.678
1090.10	7.678
1095.11	7.678
1100.12	7.677
1105.13	7.677
1110.14	7.677
1115.16	7.677
1120.17	7.676
1125.19	7.676
1130.21	7.676
1135.22	7.676
1140.23	7.676
1145.25	7.675
1150.26	7.675
1155.28	7.675
1160.29	7.675
1165.31	7.674
1170.32	7.674
1175.34	7.674
1180.35	7.674
1185.37	7.673
1190.38	7.673
1195.39	7.673
1200.40	7.673
1205.41	7.673
1210.42	7.673
1215.44	7.673
1220.45	7.672
1225.46	7.672
1230.47	7.671
1235.48	7.671
1240.49	7.671
1245.50	7.671
1250.52	7.671
1255.53	7.670
1260.54	7.670
1265.55	7.670
1270.56	7.670
1275.57	7.670
1280.58	7.670
1285.60	7.670
1290.61	7.670
1295.62	7.669
1300.63	7.669
1305.64	7.669
1310.65	7.669
1315.67	7.669
1320.68	7.668
1325.69	7.668
1330.70	7.668
1335.71	7.668
1340.72	7.668
1345.74	7.667
1350.75	7.667
1355.76	7.667
1360.77	7.667
1365.78	7.666
1370.79	7.666
1375.80	7.666
1380.82	7.666
1385.83	7.665
1390.84	7.665
1395.85	7.665
1400.86	7.665
1405.87	7.664
1410.89	7.664
1415.90	7.664
1420.91	7.664
1425.92	7.664
1430.93	7.664
1435.94	7.663
1440.96	7.663
1445.97	7.663
1450.98	7.663
1455.99	7.663
1461.00	7.662
1466.01	7.662
1471.03	7.662
1476.04	7.662
1481.05	7.661
1486.06	7.661
1491.07	7.661
1496.08	7.661
1501.10	7.661
1506.11	7.660
1511.12	7.660
1516.13	7.660
1521.14	7.660
1526.15	7.660
1531.17	7.660
1536.18	7.659
1541.19	7.659
1546.20	7.659
1551.21	7.659
1556.22	7.658
1561.23	7.658
1566.25	7.658
1571.26	7.658
1576.27	7.657
1581.28	7.657
1586.29	7.657
1591.30	7.657
1596.32	7.657
1601.33	7.656
1606.34	7.656
1611.35	7.656
1616.36	7.656
1621.38	7.656
1626.39	7.656
1631.41	7.655
1636.42	7.655
1641.44	7.655
1646.45	7.654
1651.46	7.655
1656.48	7.654
1661.50	7.654
1666.51	7.654
1671.52	7.654
1676.54	7.653
1681.55	7.653
1686.57	7.653
1691.58	7.653
1696.59	7.652
1701.61	7.652
1706.62	7.652
1711.63	7.652
1716.66	7.652
1721.67	7.652
1726.68	7.651
1731.70	7.651
1736.71	7.651
1741.72	7.651
1746.73	7.650
1751.75	7.650
1756.76	7.650
1761.78	7.650
1766.79	7.649
1771.80	7.649
1776.82	7.649
1781.83	7.649
1786.85	7.648
1791.86	7.648
1796.88	7.648
1801.89	7.648
1806.90	7.648
1811.92	7.647
1816.93	7.647
1821.95	7.647
1826.96	7.647
1831.98	7.647
1836.99	7.647
1842.00	7.646
1847.02	7.646
1852.03	7.645
1857.05	7.645
1862.06	7.645
1867.08	7.645
1872.09	7.645
1877.10	7.644
1882.12	7.644
1887.13	7.644
1892.15	7.644
1897.16	7.643
1902.18	7.643
1907.19	7.643
1912.21	7.643
1917.22	7.642
1922.24	7.642
1927.25	7.642
1932.27	7.642
1937.28	7.642
1942.29	7.641
1947.31	7.641
1952.32	7.641
1957.34	7.641
1962.35	7.641
1967.37	7.640
1972.38	7.640
1977.40	7.640
1982.41	7.640
1987.43	7.640
1992.44	7.639
1997.45	7.639
2002.47	7.639
2007.49	7.639
2012.50	7.638
2017.52	7.638
2022.53	7.638
2027.55	7.638
2032.56	7.638
2037.58	7.637
2042.59	7.637
2047.61	7.637
2052.62	7.637
2057.63	7.637
2062.65	7.637
2067.66	7.636
2072.68	7.636
2077.69	7.636
2082.71	7.635
2087.72	7.635
2092.74	7.635
2097.75	7.635
2102.76	7.635
2107.77	7.634
2112.79	7.634
2117.80	7.634
2122.82	7.633
2127.83	7.633
2132.85	7.633
2137.87	7.633
2142.88	7.633
2147.89	7.632
2152.91	7.632
2157.92	7.632
2162.94	7.632
2167.95	7.631
2172.97	7.631
2177.98	7.631
2182.99	7.631
2188.01	7.631
2193.02	7.630
2198.04	7.630
2203.05	7.629
2208.07	7.629
2213.08	7.629
2218.10	7.629
2223.11	7.629
2228.12	7.629
2233.13	7.628
2238.14	7.628
2243.15	7.628
2248.17	7.628
2253.18	7.627
2258.19	7.627
2263.20	7.627
2268.21	7.627
2273.22	7.626
2278.24	7.626
2283.25	7.626
2288.26	7.626
2293.27	7.625
2298.28	7.625
2303.29	7.625
2308.31	7.625
2313.32	7.624
2318.33	7.624
2323.34	7.624
2328.35	7.624
2333.36	7.624
2338.37	7.623
2343.39	7.623
2348.40	7.623
2353.42	7.623
2358.43	7.622
2363.44	7.622
2368.45	7.622
2373.46	7.622
2378.48	7.621
2383.49	7.621
2388.50	7.621
2393.51	7.621
2398.52	7.620
2403.53	7.620
2408.55	7.620
2413.56	7.619
2418.57	7.619
2423.58	7.619
2428.59	7.619
2433.60	7.619
2438.61	7.618
2443.63	7.618
2448.64	7.618
2453.65	7.617
2458.66	7.617
2463.67	7.617
2468.68	7.617
2473.70	7.617
2478.71	7.616
2483.72	7.616
2488.73	7.616
2493.74	7.616
2498.75	7.615
2503.77	7.615
2508.78	7.615
2513.79	7.615
2518.80	7.615
2523.81	7.614
2528.82	7.614
2533.84	7.614
2538.85	7.613
2543.86	7.613
2548.87	7.613
2553.89	7.613
2558.90	7.613
2563.91	7.612
2568.93	7.612
2573.94	7.612
2578.96	7.611
2583.97	7.611
2588.98	7.611
2593.99	7.611
2599.00	7.610
2604.01	7.610
2609.03	7.610
2614.04	7.609
2619.05	7.610
2624.06	7.609
2629.07	7.609
2634.08	7.609
2639.09	7.608
2644.11	7.608
2649.12	7.608
2654.13	7.607
2659.14	7.607
2664.15	7.607
2669.16	7.607
2674.18	7.606
2679.19	7.606
2684.20	7.606
2689.21	7.606
2694.22	7.605
2699.23	7.605
2704.25	7.605
2709.26	7.605
2714.27	7.605
2719.28	7.604
2724.29	7.604
2729.30	7.604
2734.31	7.604
2739.33	7.603
2744.34	7.603
2749.35	7.603
2754.37	7.603
2759.38	7.602
2764.40	7.602
2769.41	7.602
2774.43	7.602
2779.44	7.602
2784.45	7.601
2789.47	7.601
2794.48	7.601
2799.50	7.600
2804.51	7.600
2809.53	7.600
2814.54	7.600
2819.55	7.600
2824.57	7.599
2829.58	7.599
2834.60	7.599
2839.61	7.599
2844.62	7.598
2849.63	7.598
2854.64	7.598
2859.65	7.597
2864.67	7.597
2869.68	7.597
2874.69	7.597
2879.70	7.596
2884.71	7.596
2889.72	7.596
2894.74	7.596
2899.75	7.595
2904.76	7.595
2909.77	7.595
2914.78	7.595
2919.79	7.594
2924.81	7.594
2929.82	7.594
2934.83	7.593
2939.84	7.593
2944.85	7.593
2949.87	7.593
2954.88	7.592
2959.89	7.592
2964.91	7.592
2969.92	7.592
2974.94	7.592
2979.95	7.591
2984.97	7.591
2989.98	7.591
2994.99	7.590
3000.01	7.590
3005.02	7.590
3010.04	7.589
3015.05	7.589
3020.07	7.589
3025.08	7.589
3030.10	7.588
3035.11	7.588
3040.13	7.588
3045.14	7.588
3050.16	7.587
3055.17	7.587
3060.19	7.587
3065.20	7.587
3070.21	7.587
3075.23	7.586
3080.24	7.586
3085.26	7.586
3090.27	7.586
3095.29	7.585
3100.30	7.585
3105.31	7.585
3110.33	7.584
3115.34	7.584
3120.36	7.584
3125.37	7.583
3130.38	7.583
3135.40	7.583
3140.41	7.583
3145.43	7.582
3150.44	7.582
3155.46	7.582
3160.47	7.582
3165.49	7.581
3170.50	7.581
3175.51	7.581
3180.53	7.580
3185.54	7.580
3190.56	7.580
3195.57	7.580
3200.58	7.580
3205.60	7.579
3210.61	7.579
3215.63	7.579
3220.64	7.579
3225.66	7.578
3230.67	7.578
3235.69	7.578
3240.70	7.577
3245.71	7.577
3250.73	7.577
3255.74	7.577
3260.75	7.576
3265.77	7.576
3270.79	7.576
3275.80	7.575
3280.82	7.575
3285.83	7.575
3290.84	7.575
3295.86	7.574
3300.87	7.574
3305.89	7.574
3310.90	7.574
3315.92	7.573
3320.93	7.573
3325.95	7.572
3330.96	7.573
3335.98	7.572
3340.99	7.572
3346.01	7.572
3351.02	7.571
3356.03	7.571
3361.05	7.571
3366.06	7.571
3371.08	7.570
3376.09	7.570
3381.11	7.570
3386.12	7.569
3391.14	7.569
3396.16	7.569
3401.17	7.569
3406.19	7.569
3411.20	7.568
3416.21	7.568
3421.23	7.568
3426.24	7.568
3431.26	7.567
3436.28	7.567
3441.29	7.567
3446.30	7.566
3451.32	7.566
3456.33	7.566
3461.34	7.565
3466.36	7.565
3471.37	7.565
3476.39	7.565
3481.40	7.564
3486.42	7.564
3491.43	7.564
3496.44	7.563
3501.46	7.563
3506.47	7.563
3511.49	7.563
3516.50	7.562
3521.52	7.562
3526.53	7.562
3531.55	7.562
3536.56	7.562
3541.57	7.561
3546.59	7.561
3551.60	7.561
3556.61	7.560
3561.63	7.560
3566.64	7.560
3571.66	7.560
3576.67	7.559
3581.68	7.559
3586.70	7.559
3591.71	7.558
3596.73	7.558
3601.74	7.558
3606.76	7.558
3611.77	7.557
3616.78	7.557
3621.80	7.557
3626.81	7.557
3631.82	7.556
3636.83	7.556
3641.84	7.556
3646.86	7.555
3651.87	7.555
3656.88	7.555
3661.89	7.555
3666.90	7.554
3671.92	7.554
3676.93	7.554
3681.94	7.554
3686.96	7.554
3691.97	7.553
3696.98	7.553
3702.00	7.553
3707.01	7.552
3712.03	7.552
3717.04	7.552
3722.06	7.552
3727.07	7.551
3732.09	7.551
3737.10	7.551
3742.11	7.550
3747.13	7.550
3752.14	7.550
3757.16	7.550
3762.18	7.549
3767.19	7.549
3772.21	7.549
3777.22	7.548
3782.23	7.548
3787.25	7.548
3792.26	7.548
3797.27	7.547
3802.29	7.547
3807.30	7.547
3812.31	7.546
3817.32	7.546
3822.33	7.546
3827.34	7.546
3832.36	7.545
3837.37	7.545
3842.38	7.544
3847.39	7.544
3852.41	7.544
3857.42	7.544
3862.44	7.543
3867.45	7.543
3872.47	7.543
3877.48	7.543
3882.50	7.542
3887.51	7.542
3892.53	7.542
3897.54	7.541
3902.55	7.541
3907.56	7.541
3912.57	7.541
3917.58	7.540
3922.59	7.540
3927.60	7.540
3932.62	7.540
3937.63	7.539
3942.64	7.539
3947.65	7.539
3952.66	7.539
3957.67	7.538
3962.69	7.538
3967.70	7.538
3972.71	7.537
3977.72	7.537
3982.73	7.537
3987.74	7.537
3992.75	7.536
3997.77	7.536
4002.78	7.536
4007.79	7.535
4012.80	7.535
4017.81	7.535
4022.82	7.534
4027.84	7.534
4032.85	7.534
4037.86	7.534
4042.87	7.533
4047.88	7.533
4052.89	7.533
4057.90	7.533
4062.92	7.532
4067.93	7.532
4072.94	7.532
4077.95	7.531
4082.96	7.531
4087.97	7.531
4092.99	7.531
4098.00	7.531
4103.01	7.530
4108.02	7.530
4113.03	7.529
4118.04	7.529
4123.06	7.529
4128.07	7.528
4133.08	7.528
4138.09	7.528
4143.10	7.528
4148.11	7.527
4153.12	7.527
4158.14	7.527
4163.15	7.527
4168.16	7.526
4173.17	7.526
4178.18	7.525
4183.19	7.525
4188.20	7.525
4193.22	7.525
4198.23	7.524
4203.24	7.524
4208.25	7.524
4213.26	7.523
4218.27	7.523
4223.29	7.523
4228.30	7.522
4233.31	7.522
4238.32	7.522
4243.33	7.522
4248.34	7.521
4253.36	7.521
4258.37	7.521
4263.38	7.521
4268.39	7.520
4273.40	7.520
4278.41	7.519
4283.42	7.519
4288.44	7.519
4293.45	7.519
4298.46	7.518
4303.47	7.518
4308.48	7.518
4313.49	7.518
4318.50	7.517
4323.52	7.517
4328.53	7.517
4333.54	7.516
4338.55	7.516
4343.56	7.516
4348.57	7.516
4353.59	7.516
4358.60	7.515
4363.61	7.515
4368.62	7.515
4373.63	7.515
4378.64	7.515
4383.65	7.514
4388.67	7.514
4393.68	7.514
4398.69	7.513
4403.70	7.513
4408.71	7.512
4413.72	7.512
4418.74	7.512
4423.75	7.511
4428.76	7.511
4433.77	7.511
4438.78	7.511
4443.79	7.511
4448.80	7.510
4453.82	7.510
4458.83	7.510
4463.84	7.509
4468.85	7.509
4473.86	7.509
4478.87	7.508
4483.89	7.508
4488.90	7.508
4493.91	7.507
4498.92	7.507
4503.93	7.507
4508.94	7.507
4513.96	7.507
4518.97	7.506
4523.98	7.506
4528.99	7.506
4534.00	7.506
4539.01	7.505
4544.03	7.505
4549.04	7.505
4554.05	7.504
4559.06	7.504
4564.07	7.504
4569.08	7.503
4574.09	7.503
4579.11	7.503
4584.12	7.503
4589.13	7.502
4594.14	7.502
4599.15	7.502
4604.16	7.501
4609.18	7.501
4614.19	7.501
4619.20	7.500
4624.21	7.500
4629.22	7.500
4634.23	7.500
4639.24	7.500
4644.26	7.500
4649.27	7.499
4654.28	7.499
4659.29	7.499
4664.79	7.498
4669.80	7.498
4674.82	7.498
4679.83	7.498
4684.84	7.497
4689.85	7.497
4694.87	7.496
4699.88	7.496
4704.90	7.496
4709.91	7.496
4714.92	7.495
4719.93	7.495
4724.94	7.495
4729.96	7.494
4734.97	7.494
4739.98	7.494
4744.99	7.494
4750.00	7.493
4755.01	7.493
4760.03	7.493
4765.04	7.492
4770.05	7.492
4775.06	7.492
4780.07	7.492
4785.08	7.492
4790.10	7.491
4795.11	7.491
4800.12	7.491
4805.13	7.490
4810.14	7.490
4815.15	7.490
4820.16	7.490
4825.18	7.489
4830.19	7.489
4835.20	7.489
4840.21	7.489
4845.22	7.488
4850.23	7.488
4855.25	7.488
4860.26	7.488
4865.27	7.487
4870.28	7.487
4875.29	7.487
4880.30	7.487
4885.32	7.487
4890.33	7.486
4895.34	7.486
4900.35	7.486
4905.36	7.485
4910.37	7.485
4915.39	7.485
4920.40	7.484
4925.41	7.484
4930.42	7.484
4935.43	7.484
4940.44	7.484
4945.45	7.483
4950.47	7.483
4955.48	7.483
4960.49	7.482
4965.50	7.482
4970.51	7.482
4975.52	7.482
4980.53	7.482
4985.55	7.481
4990.56	7.481
4995.57	7.481
5000.58	7.480
5005.59	7.480
5010.60	7.480
5015.62	7.480
5020.63	7.479
5025.64	7.479
5030.65	7.479
5035.66	7.479
5040.67	7.479
5045.68	7.479
5050.70	7.478
5055.71	7.478
5060.72	7.478
5065.73	7.478
5070.74	7.477
5075.75	7.477
5080.77	7.477
5085.78	7.476
5090.79	7.476
5095.80	7.476
5100.81	7.476
5105.82	7.476
5110.84	7.475
5115.85	7.475
5120.86	7.475
5125.87	7.475
5130.88	7.474
5135.89	7.474
5140.91	7.474
5145.92	7.474
5150.93	7.473
5155.94	7.473
5160.95	7.473
5165.96	7.473
5170.98	7.473
5175.99	7.472
5181.00	7.472
5186.01	7.472
5191.02	7.472
5196.03	7.472
5201.04	7.471
5206.06	7.471
5211.07	7.471
5216.08	7.471
5221.09	7.470
5226.10	7.470
5231.11	7.470
5236.13	7.470
5241.14	7.470
5246.15	7.469
5251.16	7.469
5256.17	7.469
5261.18	7.469
5266.20	7.469
5271.21	7.468
5276.22	7.468
5281.23	7.468
5286.24	7.468
5291.25	7.467
5296.27	7.467
5301.28	7.467
5306.29	7.467
5311.30	7.467
5316.31	7.466
5321.32	7.466
5326.33	7.466
5331.35	7.465
5336.37	7.465
5341.38	7.465
5346.39	7.465
5351.40	7.465
5356.41	7.465
5361.42	7.464
5366.44	7.464
5371.45	7.464
5376.46	7.464
5381.47	7.464
5386.48	7.463
5391.49	7.463
5396.51	7.463
5401.52	7.463
5406.53	7.462
5411.54	7.462
5416.55	7.462
5421.56	7.462
5426.58	7.461
5431.59	7.461
5436.60	7.460
5441.61	7.460
5446.62	7.460
5451.63	7.459
5456.65	7.460
5461.66	7.459
5466.67	7.459
5471.68	7.459
5476.69	7.459
5481.70	7.459
5486.71	7.459
5491.73	7.458
5496.74	7.458
5501.75	7.458
5506.76	7.458
5511.77	7.458
5516.78	7.457
5521.80	7.457
5526.81	7.457
5531.82	7.457
5536.83	7.457
5541.84	7.456
5546.85	7.456
5551.87	7.456
5556.88	7.456
5561.89	7.456
5566.90	7.456
5571.91	7.456
5576.92	7.456
5581.93	7.455
5586.95	7.455
5591.96	7.455
5596.97	7.455
5601.98	7.455
5606.99	7.454
5612.00	7.454
5617.02	7.454
5622.03	7.454
5627.04	7.453
5632.05	7.454
5637.06	7.453
5642.07	7.453
5647.08	7.453
5652.10	7.453
5657.11	7.453
5662.12	7.452
5667.13	7.452
5672.15	7.452
5677.16	7.452
5682.17	7.452
5687.18	7.452
5692.20	7.451
5697.21	7.451
5702.22	7.451
5707.23	7.451
5712.24	7.451
5717.25	7.451
5722.27	7.450
5727.28	7.450
5732.29	7.450
5737.30	7.450
5742.31	7.450
5747.32	7.449
5752.34	7.449
5757.35	7.449
5762.36	7.449
5767.37	7.449
5772.38	7.449
5777.39	7.448
5782.40	7.448
5787.42	7.448
5792.43	7.448
5797.44	7.448
5802.45	7.448
5807.46	7.447
5812.47	7.447
5817.49	7.447
5822.50	7.447
5827.51	7.447
5832.52	7.447
5837.53	7.446
5842.54	7.446
5847.56	7.446
5852.57	7.446
5857.58	7.446
5862.59	7.446
5867.60	7.446
5872.61	7.445
5877.62	7.445
5882.64	7.445
5887.65	7.445
5892.66	7.445
5897.67	7.445
5902.68	7.445
5907.69	7.444
5912.70	7.444
5917.72	7.444
5922.73	7.444
5927.74	7.444
5932.75	7.444
5937.76	7.444
5942.77	7.443
5947.79	7.443
5952.80	7.443
5957.81	7.443
5962.82	7.443
5967.84	7.442
5972.86	7.443
5977.87	7.442
5982.88	7.442
5987.90	7.442
5992.91	7.442
5997.92	7.442
6002.93	7.442
6007.94	7.442
6012.95	7.442
6017.96	7.441
6022.98	7.441
6027.99	7.441
6033.00	7.441
6038.01	7.441
6043.02	7.440
6048.03	7.440
6053.04	7.440
6058.06	7.440
6063.07	7.440
6068.08	7.440
6073.09	7.439
6078.10	7.440
6083.11	7.439
6088.13	7.439
6093.14	7.439
6098.15	7.439
6103.16	7.439
6108.17	7.439
6113.18	7.439
6118.20	7.438
6123.21	7.438
6128.22	7.438
6133.23	7.438
6138.24	7.438
6143.25	7.438
6148.27	7.437
6153.28	7.438
6158.29	7.437
6163.30	7.437
6168.31	7.437
6173.32	7.437
6178.34	7.437
6183.35	7.437
6188.36	7.436
6193.37	7.436
6198.38	7.436
6203.39	7.436
6208.41	7.436
6213.42	7.436
6218.43	7.436
6223.44	7.435
6228.45	7.435
6233.46	7.435
6238.48	7.435
6243.49	7.435
6248.50	7.435
6253.51	7.434
6258.52	7.434
6263.53	7.434
6268.54	7.434
6273.56	7.434
6278.57	7.434
6283.58	7.434
6288.59	7.434
6293.60	7.433
6298.61	7.433
6303.63	7.433
6308.64	7.433
6313.65	7.433
6318.66	7.433
6323.67	7.432
6328.68	7.432
6333.70	7.432
6338.72	7.432
6343.73	7.432
6348.75	7.432
6353.76	7.432
6358.77	7.431
6363.78	7.431
6368.80	7.431
6373.81	7.431
6378.82	7.431
6383.83	7.431
6388.84	7.431
6393.85	7.430
6398.87	7.430
6403.88	7.430
6408.89	7.430
6413.90	7.430
6418.91	7.430
6423.92	7.430
6428.93	7.430
6433.95	7.430
6438.96	7.429
6443.97	7.429
6448.98	7.429
6453.99	7.429
6459.00	7.429
6464.02	7.429
6469.03	7.429
6474.04	7.429
6479.05	7.428
6484.06	7.428
6489.07	7.428
6494.08	7.428
6499.10	7.428
6504.11	7.428
6509.12	7.428
6514.13	7.428
6519.14	7.427
6524.15	7.427
6529.17	7.427
6534.18	7.427
6539.19	7.427
6544.20	7.427
6549.21	7.427
6554.22	7.427
6559.24	7.427
6564.25	7.427
6569.26	7.427
6574.27	7.426
6579.28	7.426
6584.29	7.426
6589.31	7.426
6594.32	7.425
6599.33	7.425
6604.34	7.425
6609.35	7.425
6614.36	7.425
6619.37	7.425
6624.39	7.425
6629.40	7.425
6634.41	7.425
6639.42	7.424
6644.43	7.424
6649.44	7.424
6654.46	7.425
6659.47	7.424
6664.48	7.424
6669.49	7.424
6674.50	7.424
6679.51	7.424
6684.53	7.424
6689.54	7.423
6694.55	7.423
6699.56	7.423
6704.57	7.423
6709.58	7.423
6714.60	7.423
6719.61	7.423
6724.62	7.423
6729.63	7.423
6734.64	7.422
6739.65	7.422
6744.66	7.422
6749.68	7.422
6754.69	7.422
6759.70	7.422
6764.71	7.422
6769.72	7.421
6774.73	7.421
6779.75	7.421
6784.76	7.421
6789.77	7.421
6794.78	7.421
6799.79	7.421
6804.80	7.421
6809.82	7.421
6814.83	7.420
6819.84	7.420
6824.85	7.420
6829.86	7.420
6834.87	7.420
6839.88	7.420
6844.90	7.420
6849.91	7.419
6854.92	7.419
6859.93	7.419
6864.94	7.419
6869.95	7.419
6874.97	7.419
6879.98	7.419
6884.99	7.419
6890.00	7.419
6895.01	7.419
6900.02	7.418
6905.03	7.418
6910.05	7.418
6915.06	7.418
6920.07	7.418
6925.08	7.418
6930.09	7.418
6935.10	7.418
6940.11	7.418
6945.12	7.418
6950.14	7.417
6955.15	7.418
6960.16	7.417
6965.17	7.417
6970.18	7.417
6975.19	7.417
6980.21	7.417
6985.22	7.417
6990.23	7.416
6995.24	7.416
7000.25	7.416
7005.26	7.416
7010.28	7.416
7015.29	7.416
7020.30	7.415
7025.31	7.415
7030.32	7.415
7035.33	7.415
7040.35	7.415
7045.36	7.415
7050.37	7.415
7055.39	7.415
7060.41	7.415
7065.42	7.415
7070.44	7.414
7075.45	7.414
7080.47	7.414
7085.48	7.414
7090.49	7.414
7095.50	7.414
7100.51	7.413
7105.52	7.413
7110.53	7.413
7115.55	7.413
7120.56	7.413
7125.57	7.413
7130.58	7.413
7135.59	7.413
7140.60	7.413
7145.62	7.413
7150.63	7.413
7155.64	7.413
7160.65	7.413
7165.66	7.412
7170.68	7.412
7175.69	7.412
7180.70	7.412
7185.71	7.412
7190.72	7.412
7195.73	7.412
7200.74	7.411
7205.75	7.411
7210.77	7.411
7215.78	7.411
7220.79	7.411
7225.80	7.411
7230.81	7.411
7235.82	7.410
7240.84	7.410
7245.85	7.410
7250.86	7.410
7255.87	7.410
7260.88	7.410
7265.89	7.410
7270.91	7.410
7275.92	7.410
7280.93	7.410
7285.94	7.410
7290.95	7.410
7295.96	7.409
7300.97	7.409
7305.99	7.409
7311.00	7.409
7316.01	7.409
7321.02	7.409
7326.03	7.408
7331.04	7.408
7336.06	7.408
7341.07	7.408
7346.08	7.408
7351.09	7.408
7356.10	7.408
7361.11	7.408
7366.13	7.408
7371.14	7.407
7376.15	7.407
7381.16	7.407
7386.17	7.407
7391.18	7.407
7396.19	7.407
7401.21	7.407
7406.22	7.406
7411.23	7.406
7416.24	7.406
7421.25	7.406
7426.26	7.406
7431.28	7.406
7436.29	7.406
7441.30	7.406
7446.32	7.405
7451.34	7.405
7456.35	7.405
7461.36	7.405
7466.38	7.405
7471.39	7.405
7476.40	7.405
7481.41	7.405
7486.42	7.405
7491.43	7.405
7496.45	7.405
7501.46	7.405
7506.48	7.405
7511.49	7.404
7516.50	7.404
7521.51	7.404
7526.53	7.404
7531.54	7.404
7536.56	7.404
7541.57	7.404
7546.59	7.403
7551.60	7.403
7556.62	7.403
7561.63	7.403
7566.64	7.403
7571.65	7.403
7576.66	7.403
7581.68	7.403
7586.69	7.402
7591.70	7.402
7596.71	7.402
7601.73	7.402
7606.75	7.402
7611.76	7.402
7616.78	7.402
7621.79	7.402
7626.80	7.402
7631.81	7.402
7636.82	7.402
7641.84	7.401
7646.85	7.401
7651.86	7.401
7656.87	7.400
7661.89	7.400
7666.90	7.400
7671.91	7.400
7676.92	7.400
7681.94	7.400
7686.96	7.400
7691.97	7.400
7696.98	7.400
7701.99	7.400
7707.01	7.399
7712.02	7.399
7717.03	7.399
7722.04	7.399
7727.06	7.399
7732.07	7.399
7737.08	7.399
7742.09	7.399
7747.10	7.399
7752.11	7.399
7757.13	7.399
7762.14	7.399
7767.15	7.398
7772.16	7.398
7777.17	7.398
7782.18	7.398
7787.20	7.398
7792.21	7.397
7797.22	7.398
7802.23	7.397
7807.24	7.398
7812.25	7.397
7817.26	7.397
7822.28	7.397
7827.29	7.397
7832.30	7.397
7837.31	7.397
7842.32	7.396
7847.33	7.396
7852.35	7.396
7857.36	7.396
7862.37	7.396
7867.38	7.396
7872.39	7.396
7877.40	7.396
7882.42	7.396
7887.43	7.396
7892.44	7.395
7897.45	7.395
7902.46	7.395
7907.47	7.395
7912.49	7.395
7917.50	7.394
7922.51	7.394
7927.52	7.394
7932.53	7.394
7937.54	7.394
7942.56	7.394
7947.57	7.394
7952.58	7.393
7957.59	7.393
7962.60	7.393
7967.61	7.393
7972.62	7.393
7977.64	7.393
7982.65	7.393
7987.66	7.392
7992.67	7.393
7997.68	7.392
8002.69	7.392
8007.71	7.392
8012.72	7.392
8017.73	7.392
8022.74	7.392
8027.75	7.392
8032.76	7.391
8037.78	7.391
8042.79	7.391
8047.81	7.391
8052.82	7.391
8057.84	7.391
8062.85	7.391
8067.86	7.391
8072.87	7.391
8077.89	7.390
8082.90	7.390
8087.91	7.390
8092.92	7.390
8097.94	7.390
8102.96	7.390
8107.97	7.389
8112.99	7.389
8118.00	7.389
8123.01	7.389
8128.02	7.389
8133.04	7.389
8138.05	7.389
8143.06	7.389
8148.07	7.388
8153.08	7.388
8158.09	7.388
8163.11	7.388
8168.12	7.388
8173.14	7.388
8178.15	7.388
8183.17	7.388
8188.18	7.388
8193.19	7.387
8198.21	7.387
8203.23	7.387
8208.24	7.387
8213.25	7.387
8218.27	7.387
8223.28	7.386
8228.30	7.386
8233.31	7.386
8238.32	7.386
8243.34	7.386
8248.35	7.386
8253.36	7.386
8258.37	7.386
8263.39	7.385
8268.40	7.385
8273.41	7.385
8278.42	7.385
8283.43	7.385
8288.44	7.385
8293.46	7.384
8298.47	7.384
8303.48	7.384
8308.49	7.384
8313.50	7.384
8318.51	7.384
8323.53	7.384
8328.54	7.384
8333.55	7.384
8338.56	7.383
8343.57	7.383
8348.58	7.383
8353.59	7.383
8358.61	7.383
8363.62	7.383
8368.63	7.382
8373.65	7.382
8378.66	7.382
8383.68	7.382
8388.69	7.382
8393.70	7.381
8398.72	7.381
8403.74	7.381
8408.75	7.381
8413.76	7.381
8418.78	7.380
8423.79	7.381
8428.81	7.380
8433.82	7.380
8438.84	7.380
8443.86	7.380
8448.87	7.380
8453.89	7.380
8458.90	7.380
8463.92	7.380
8468.93	7.379
8473.95	7.379
8478.96	7.379
8483.97	7.379
8488.99	7.379
8494.00	7.379
8499.01	7.378
8504.03	7.378
8509.04	7.378
8514.06	7.378
8519.07	7.378
8524.09	7.378
8529.10	7.377
8534.11	7.377
8539.13	7.377
8544.14	7.377
8549.16	7.377
8554.17	7.377
8559.19	7.377
8564.20	7.376
8569.21	7.376
8574.23	7.376
8579.24	7.376
8584.26	7.376
8589.27	7.375
8594.29	7.375
8599.30	7.375
8604.31	7.375
8609.33	7.375
8614.35	7.375
8619.36	7.375
8624.38	7.374
8629.39	7.374
8634.40	7.374
8639.42	7.374
8644.43	7.374
8649.45	7.373
8654.46	7.373
8659.47	7.373
8664.49	7.373
8669.50	7.373
8674.52	7.372
8679.53	7.373
8684.55	7.372
8689.56	7.372
8694.57	7.372
8699.59	7.372
8704.60	7.372
8709.62	7.371
8714.63	7.371
8719.64	7.371
8724.66	7.371
8729.67	7.370
8734.69	7.370
8739.70	7.370
8744.72	7.370
8749.73	7.370
8754.75	7.370
8759.76	7.370
8764.78	7.369
8769.79	7.369
8774.80	7.369
8779.82	7.369
8784.84	7.369
8789.85	7.368
8794.86	7.368
8799.88	7.368
8804.89	7.368
8809.91	7.368
8814.92	7.367
8819.94	7.367
8824.95	7.367
8829.97	7.367
8834.98	7.367
8840.00	7.367
8845.01	7.366
8850.03	7.366
8855.04	7.366
8860.05	7.366
8865.07	7.365
8870.08	7.365
8875.10	7.365
8880.11	7.365
8885.13	7.364
8890.14	7.364
8895.16	7.364
8900.17	7.364
8905.19	7.363
8910.20	7.363
8915.21	7.363
8920.23	7.363
8925.25	7.362
8930.26	7.362
8935.28	7.362
8940.29	7.362
8945.30	7.362
8950.32	7.362
8955.33	7.362
8960.35	7.361
8965.36	7.361
8970.37	7.360
8975.39	7.361
8980.40	7.360
8985.42	7.360
8990.44	7.360
8995.47	7.359
9000.49	7.360
9005.50	7.359
9010.51	7.359
9015.52	7.359
9020.53	7.358
9025.54	7.358
9030.56	7.358
9035.57	7.358
9040.59	7.358
9045.61	7.357
9050.62	7.357
9055.63	7.357
9060.64	7.357
9065.65	7.356
9070.66	7.356
9075.67	7.356
9080.69	7.355
9085.70	7.355
9090.71	7.355
9095.72	7.355
9100.73	7.354
9105.75	7.354
9110.77	7.354
9115.78	7.354
9120.79	7.353
9125.81	7.353
9130.82	7.353
9135.84	7.353
9140.85	7.352
9145.87	7.352
9150.88	7.352
9155.90	7.352
9160.91	7.351
9165.93	7.351
9170.94	7.351
9175.96	7.350
9180.97	7.350
9185.99	7.350
9191.00	7.350
9196.02	7.349
9201.03	7.349
9206.04	7.349
9211.06	7.349
9216.07	7.348
9221.09	7.348
9226.10	7.348
9231.11	7.347
9236.13	7.347
9241.14	7.347
9246.16	7.346
9251.17	7.346
9256.18	7.345
9261.20	7.345
9266.21	7.345
9271.23	7.345
9276.24	7.344
9281.26	7.344
9286.27	7.344
9291.29	7.344
9296.30	7.343
9301.32	7.343
9306.33	7.343
9311.35	7.342
9316.36	7.342
9321.38	7.342
9326.39	7.341
9331.40	7.341
9336.42	7.340
9341.43	7.340
9346.45	7.340
9351.46	7.340
9356.48	7.339
9361.49	7.339
9366.51	7.339
9371.52	7.338
9376.53	7.338
9381.55	7.338
9386.56	7.337
9391.58	7.337
9396.59	7.337
9401.61	7.337
9406.62	7.336
9411.64	7.336
9416.65	7.335
9421.66	7.335
9426.68	7.334
9431.69	7.334
9436.70	7.334
9441.71	7.334
9446.72	7.333
9451.73	7.333
9456.74	7.333
9461.76	7.332
9466.77	7.332
9471.78	7.331
9476.79	7.331
9481.80	7.331
9486.81	7.330
9491.82	7.330
9496.84	7.329
9501.85	7.329
9506.86	7.329
9511.87	7.328
9516.88	7.328
9521.89	7.328
9526.91	7.327
9531.92	7.327
9536.93	7.326
9541.94	7.326
9546.96	7.326
9551.97	7.325
9556.99	7.325
9562.00	7.324
9567.01	7.324
9572.02	7.324
9577.03	7.323
9582.05	7.323
9587.06	7.322
9592.07	7.322
9597.08	7.321
9602.09	7.321
9607.10	7.320
9612.12	7.320
9617.13	7.320
9622.14	7.319
9627.15	7.319
9632.16	7.318
9637.17	7.318
9642.19	7.317
9647.20	7.317
9652.21	7.317
9657.22	7.316
9662.23	7.315
9667.24	7.315
9672.26	7.314
9677.27	7.314
9682.28	7.313
9687.29	7.313
9692.30	7.313
9697.31	7.312
9702.33	7.311
9707.34	7.311
9712.35	7.311
9717.36	7.310
9722.37	7.309
9727.38	7.309
9732.39	7.308
9737.40	7.308
9742.42	7.308
9747.43	7.307
9752.44	7.306
9757.45	7.306
9762.47	7.306
9767.48	7.305
9772.49	7.305
9777.50	7.304
9782.52	7.304
9787.53	7.304
9792.54	7.303
9797.55	7.302
9802.56	7.302
9807.57	7.301
9812.59	7.301
9817.60	7.300
9822.61	7.299
9827.62	7.299
9832.63	7.298
9837.64	7.298
9842.66	7.297
9847.67	7.297
9852.68	7.296
9857.69	7.295
9862.70	7.295
9867.71	7.294
9872.73	7.294
9877.74	7.293
9882.75	7.293
9887.76	7.292
9892.77	7.292
9897.78	7.291
9902.80	7.290
9907.81	7.290
9912.82	7.289
9917.83	7.289
9922.84	7.288
9927.85	7.287
9932.87	7.287
9937.88	7.286
9942.89	7.286
9947.90	7.285
9952.91	7.285
9957.93	7.284
9962.94	7.284
9967.95	7.283
9972.96	7.282
9977.97	7.282
9982.98	7.281
9987.99	7.280
9993.01	7.280
9998.02	7.279
10003.03	7.278
10008.04	7.278
10013.05	7.277
10018.06	7.276
10023.08	7.276
10028.09	7.275
10033.10	7.275
10038.11	7.274
10043.12	7.274
10048.13	7.273
10053.15	7.272
10058.16	7.271
10063.17	7.271
10068.18	7.270
10073.19	7.269
10078.20	7.269
10083.22	7.268
10088.23	7.267
10093.24	7.267
10098.25	7.266
10103.26	7.265
10108.27	7.265
10113.29	7.264
10118.30	7.263
10123.31	7.263
10128.32	7.262
10133.33	7.261
10138.34	7.261
10143.35	7.260
10148.37	7.260
10153.38	7.259
10158.39	7.258
10163.40	7.257
10168.42	7.257
10173.43	7.256
10178.45	7.255
10183.46	7.254
10188.47	7.254
10193.48	7.253
10198.49	7.252
10203.50	7.252
10208.51	7.251
10213.53	7.250
10218.54	7.249
10223.55	7.249
10228.56	7.248
10233.57	7.247
10238.58	7.247
10243.60	7.246
10248.61	7.245
10253.62	7.244
10258.63	7.244
10263.64	7.243
10268.65	7.242
10273.67	7.242
10278.68	7.241
10283.69	7.240
10288.70	7.239
10293.71	7.239
10298.72	7.238
10303.74	7.237
10308.75	7.237
10313.76	7.236
10318.77	7.235
10323.78	7.235
10328.79	7.234
10333.81	7.233
10338.82	7.232
10343.83	7.232
10348.84	7.231
10353.85	7.230
10358.86	7.229
10363.87	7.229
10368.89	7.228
10373.90	7.227
10378.92	7.226
10383.93	7.225
10388.94	7.225
10393.95	7.224
10398.97	7.223
10403.98	7.222
10409.00	7.222
10414.01	7.221
10419.02	7.220
10424.03	7.219
10429.05	7.218
10434.06	7.218
10439.07	7.217
10444.08	7.216
10449.09	7.215
10454.10	7.214
10459.12	7.214
10464.13	7.213
10469.14	7.212
10474.15	7.211
10479.16	7.211
10484.17	7.210
10489.19	7.209
10494.20	7.208
10499.21	7.207
10504.22	7.207
10509.23	7.206
10514.24	7.205
10519.26	7.204
10524.27	7.204
10529.28	7.203
10534.29	7.202
10539.30	7.201
10544.31	7.200
10549.32	7.200
10554.34	7.198
10559.35	7.198
10564.36	7.197
10569.37	7.196
10574.38	7.195
10579.39	7.194
10584.40	7.194
10589.42	7.193
10594.43	7.192
10599.44	7.191
10604.45	7.190
10609.46	7.189
10614.48	7.189
10619.49	7.188
10624.51	7.187
10629.52	7.186
10634.53	7.186
10639.54	7.185
10644.56	7.184
10649.57	7.183
10654.58	7.182
10659.59	7.181
10664.60	7.181
10669.61	7.180
10674.62	7.179
10679.64	7.178
10684.65	7.177
10689.66	7.177
10694.67	7.175
10699.68	7.174
10704.69	7.173
10709.71	7.173
10714.72	7.172
10719.73	7.171
10724.74	7.170
10729.75	7.169
10734.76	7.169
10739.77	7.168
10744.78	7.167
10749.80	7.166
10754.81	7.165
10759.82	7.164
10764.84	7.164
10769.85	7.163
10774.87	7.162
10779.89	7.161
10784.90	7.160
10789.91	7.160
10794.93	7.159
10799.95	7.158
10804.96	7.157
10809.97	7.156
10814.99	7.155
10820.00	7.154
10825.02	7.153
10830.03	7.152
10835.04	7.151
10840.06	7.151
10845.08	7.150
10850.09	7.149
10855.10	7.148
10860.12	7.147
10865.13	7.147
10870.15	7.146
10875.16	7.145
10880.17	7.144
10885.19	7.143
10890.20	7.142
10895.22	7.141
10900.23	7.140
10905.25	7.139
10910.26	7.138
10915.28	7.137
10920.29	7.137
10925.30	7.136
10930.32	7.135
10935.33	7.134
10940.35	7.133
10945.36	7.132
10950.38	7.132
10955.39	7.131
10960.41	7.130
10965.42	7.129
10970.44	7.128
10975.46	7.127
10980.47	7.126
10985.49	7.125
10990.50	7.124
10995.52	7.123
11000.53	7.122
11005.54	7.121
11010.56	7.120
11015.57	7.119
11020.59	7.118
11025.60	7.117
11030.62	7.116
11035.63	7.115
11040.65	7.115
11045.66	7.114
11050.67	7.113
11055.69	7.112
11060.70	7.111
11065.71	7.110
11070.73	7.109
11075.74	7.108
11080.76	7.107
11085.77	7.106
11090.79	7.106
11095.80	7.105
11100.81	7.104
11105.83	7.103
11110.84	7.102
11115.86	7.101
11120.87	7.100
11125.89	7.099
11130.90	7.098
11135.91	7.097
11140.93	7.096
11145.94	7.095
11150.96	7.094
11155.97	7.093
11160.99	7.092
11166.00	7.091
11171.01	7.090
11176.03	7.090
11181.04	7.089
11186.06	7.088
11191.07	7.087
11196.08	7.086
11201.10	7.085
11206.12	7.084
11211.13	7.083
11216.14	7.082
11221.16	7.081
11226.17	7.080
11231.19	7.079
11236.20	7.078
11241.22	7.077
11246.23	7.076
11251.25	7.075
11256.26	7.074
11261.28	7.073
11266.29	7.072
11271.31	7.071
11276.32	7.070
11281.33	7.069
11286.35	7.068
11291.37	7.067
11296.38	7.066
11301.39	7.065
11306.41	7.064
11311.42	7.063
11316.44	7.062
11321.45	7.061
11326.47	7.060
11331.48	7.059
11336.50	7.058
11341.51	7.057
11346.53	7.056
11351.54	7.055
11356.56	7.054
11361.57	7.053
11366.58	7.052
11371.60	7.051
11376.61	7.050
11381.63	7.049
11386.64	7.048
11391.66	7.047
11396.67	7.046
11401.69	7.045
11406.70	7.044
11411.72	7.043
11416.73	7.042
11421.75	7.041
11426.76	7.040
11431.77	7.039
11436.79	7.038
11441.80	7.037
11446.85	7.036
11451.86	7.035
11456.88	7.034
11461.89	7.033
11466.91	7.032
11471.92	7.031
11476.93	7.030
11481.95	7.029
11486.96	7.028
11491.98	7.026
11496.99	7.025
11502.01	7.024
11507.02	7.023
11512.04	7.022
11517.05	7.021
11522.06	7.020
11527.08	7.019
11532.10	7.018
11537.11	7.017
11542.13	7.016
11547.14	7.015
11552.16	7.014
11557.17	7.013
11562.18	7.012
11567.20	7.011
11572.22	7.010
11577.23	7.008
11582.25	7.008
11587.26	7.006
11592.27	7.005
11597.29	7.004
11602.30	7.003
11607.31	7.002
11612.33	7.001
11617.34	7.000
11622.35	6.999
11627.37	6.998
11632.38	6.997
11637.40	6.996
11642.41	6.995
11647.43	6.994
11652.44	6.993
11657.45	6.992
11662.47	6.991
11667.48	6.989
11672.50	6.989
11677.51	6.987
11682.52	6.986
11687.54	6.985
11692.55	6.984
11697.57	6.983
11702.58	6.982
11707.59	6.980
11712.60	6.979
11717.62	6.978
11722.63	6.977
11727.65	6.976
11732.66	6.975
11737.67	6.974
11742.69	6.973
11747.71	6.971
11752.72	6.970
11757.74	6.969
11762.75	6.968
11767.76	6.967
11772.78	6.966
11777.79	6.965
11782.81	6.964
11787.82	6.963
11792.84	6.961
11797.85	6.960
11802.87	6.959
11807.88	6.958
11812.90	6.957
11817.91	6.956
11822.92	6.954
11827.93	6.953
11832.94	6.953
11837.96	6.951
11842.97	6.950
11847.99	6.949
11853.00	6.948
11858.01	6.947
11863.03	6.945
11868.04	6.944
11873.05	6.943
11878.07	6.942
11883.08	6.941
11888.09	6.940
11893.10	6.939
11898.11	6.938
11903.12	6.936
11908.13	6.935
11913.15	6.934
11918.16	6.933
11923.18	6.931
11928.19	6.930
11933.21	6.929
11938.22	6.928
11943.23	6.927
11948.25	6.926
11953.26	6.925
11958.28	6.923
11963.29	6.922
11968.31	6.921
11973.32	6.920
11978.34	6.918
11983.35	6.917
11988.37	6.916
11993.38	6.915
11998.40	6.914
12003.41	6.912
12008.43	6.911
12013.44	6.910
12018.46	6.909
12023.47	6.908
12028.48	6.906
12033.50	6.905
12038.51	6.904
12043.53	6.903
12048.54	6.902
12053.56	6.901
12058.57	6.899
12063.59	6.898
12068.60	6.897
12073.61	6.896
12078.63	6.895
12083.64	6.893
12088.65	6.892
12093.67	6.891
12098.69	6.890
12103.70	6.888
12108.72	6.887
12113.73	6.886
12118.74	6.885
12123.76	6.883
12128.77	6.882
12133.79	6.881
12138.80	6.880
12143.82	6.878
12148.83	6.877
12153.84	6.876
12158.86	6.875
12163.87	6.873
12168.89	6.872
12173.90	6.871
12178.92	6.869
12183.94	6.868
12188.95	6.867
12193.96	6.866
12198.98	6.864
12203.99	6.863
12209.01	6.862
12214.02	6.861
12219.03	6.860
12224.05	6.858
12229.07	6.857
12234.08	6.856
12239.09	6.854
12244.11	6.853
12249.12	6.852
12254.14	6.850
12259.15	6.849
12264.16	6.848
12269.18	6.847
12274.19	6.845
12279.20	6.844
12284.22	6.843
12289.23	6.841
12294.24	6.840
12299.26	6.838
12304.27	6.837
12309.28	6.836
12314.29	6.835
12319.31	6.833
12324.32	6.832
12329.34	6.831
12334.35	6.830
12339.37	6.828
12344.38	6.827
12349.40	6.826
12354.41	6.824
12359.43	6.823
12364.44	6.821
12369.46	6.820
12374.47	6.819
12379.48	6.818
12384.50	6.816
12389.51	6.815
12394.53	6.814
12399.54	6.812
12404.56	6.811
12409.57	6.809
12414.59	6.808
12419.60	6.807
12424.62	6.805
12429.63	6.804
12434.65	6.802
12439.66	6.801
12444.67	6.800
12449.69	6.799
12454.70	6.797
12459.72	6.796
12464.73	6.795
12469.75	6.793
12474.76	6.792
12479.78	6.790
12484.79	6.789
12489.80	6.787
12494.82	6.786
12499.83	6.785
12504.85	6.783
12509.86	6.782
12514.87	6.780
12519.89	6.779
12524.90	6.778
12529.92	6.776
12534.93	6.775
12539.95	6.774
12544.96	6.772
12549.97	6.771
12554.99	6.769
12560.00	6.768
12565.01	6.767
12570.03	6.765
12575.04	6.764
12580.06	6.762
12585.08	6.761
12590.09	6.759
12595.10	6.758
12600.12	6.756
12605.14	6.755
12610.15	6.754
12615.17	6.752
12620.18	6.751
12625.19	6.749
12630.21	6.748
12635.22	6.746
12640.24	6.745
12645.25	6.744
12650.26	6.742
12655.27	6.740
12660.28	6.739
12665.29	6.738
12670.30	6.736
12675.32	6.735
12680.33	6.733
12685.34	6.732
12690.35	6.730
12695.36	6.729
12700.37	6.727
12705.39	6.726
12710.40	6.724
12715.41	6.723
12720.42	6.721
12725.43	6.720
12730.44	6.718
12735.45	6.717
12740.47	6.715
12745.48	6.714
12750.49	6.712
12755.50	6.711
12760.51	6.709
12765.53	6.708
12770.55	6.706
12775.56	6.705
12780.57	6.703
12785.59	6.702
12790.60	6.700
12795.62	6.699
12800.63	6.697
12805.65	6.696
12810.66	6.694
12815.68	6.693
12820.69	6.691
12825.70	6.690
12830.72	6.688
12835.73	6.687
12840.75	6.685
12845.76	6.684
12850.78	6.682
12855.79	6.680
12860.81	6.679
12865.82	6.677
12870.83	6.675
12875.85	6.674
12880.86	6.672
12885.88	6.671
12890.89	6.669
12895.91	6.667
12900.92	6.666
12905.93	6.664
12910.95	6.663
12915.96	6.661
12920.98	6.660
12925.99	6.658
12931.01	6.656
12936.02	6.655
12941.03	6.653
12946.05	6.652
12951.07	6.650
12956.08	6.648
12961.09	6.647
12966.11	6.645
12971.12	6.644
12976.13	6.642
12981.15	6.640
12986.16	6.639
12991.18	6.637
12996.19	6.636
13001.21	6.634
13006.22	6.632
13011.24	6.631
13016.25	6.629
13021.26	6.628
13026.27	6.626
13031.29	6.624
13036.30	6.623
13041.31	6.621
13046.33	6.619
13051.34	6.618
13056.36	6.616
13061.37	6.615
13066.38	6.613
13071.40	6.611
13076.41	6.609
13081.43	6.608
13086.44	6.606
13091.46	6.605
13096.47	6.603
13101.48	6.601
13106.50	6.600
13111.51	6.598
13116.52	6.596
13121.53	6.594
13126.54	6.593
13131.55	6.591
13136.57	6.590
13141.58	6.588
13146.60	6.586
13151.61	6.584
13156.63	6.583
13161.64	6.581
13166.65	6.579
13171.67	6.577
13176.68	6.575
13181.70	6.573
13186.71	6.572
13191.73	6.570
13196.74	6.569
13201.76	6.567
13206.77	6.565
13211.79	6.563
13216.80	6.562
13221.82	6.560
13226.83	6.559
13231.85	6.557
13236.86	6.555
13241.88	6.553
13246.89	6.552
13251.91	6.550
13256.92	6.548
13261.93	6.546
13266.95	6.545
13271.96	6.543
13276.98	6.541
13281.99	6.539
13287.01	6.537
13292.02	6.536
13297.04	6.534
13302.05	6.532
13307.06	6.530
13312.08	6.528
13317.09	6.527
13322.10	6.525
13327.11	6.523
13332.12	6.522
13337.13	6.520
13342.15	6.518
13347.16	6.516
13352.17	6.514
13357.18	6.512
13362.20	6.511
13367.22	6.509
13372.23	6.507
13377.24	6.505
13382.25	6.503
13387.26	6.501
13392.27	6.499
13397.29	6.498
13402.30	6.496
13407.32	6.494
13412.33	6.492
13417.34	6.490
13422.36	6.489
13427.37	6.487
13432.39	6.485
13437.41	6.483
13442.42	6.481
13447.44	6.479
13452.45	6.478
13457.46	6.476
13462.48	6.474
13467.49	6.472
13472.50	6.470
13477.51	6.468
13482.52	6.466
13487.54	6.464
13492.55	6.462
13497.56	6.461
13502.57	6.459
13507.59	6.457
13512.60	6.455
13517.61	6.453
13522.63	6.451
13527.64	6.449
13532.66	6.447
13537.67	6.445
13542.68	6.443
13547.70	6.441
13552.71	6.439
13557.72	6.437
13562.74	6.435
13567.75	6.433
13572.76	6.431
13577.78	6.429
13582.79	6.428
13587.80	6.426
13592.82	6.423
13597.83	6.421
13602.85	6.419
13607.86	6.417
13612.88	6.415
13617.89	6.413
13622.90	6.412
13627.91	6.410
13632.92	6.408
13637.93	6.405
13642.95	6.403
13647.96	6.401
13652.97	6.399
13657.98	6.397
13662.99	6.395
13668.00	6.393
13673.01	6.391
13678.03	6.389
13683.04	6.387
13688.05	6.384
13693.06	6.382
13698.08	6.380
13703.09	6.378
13708.11	6.376
13713.12	6.374
13718.14	6.372
13723.15	6.370
13728.17	6.368
13733.18	6.365
13738.20	6.363
13743.21	6.361
13748.22	6.359
13753.24	6.357
13758.25	6.354
13763.27	6.352
13768.28	6.350
13773.29	6.348
13778.30	6.345
13783.32	6.343
13788.33	6.341
13793.34	6.339
13798.35	6.337
13803.36	6.334
13808.38	6.332
13813.39	6.330
13818.41	6.328
13823.42	6.326
13828.43	6.323
13833.44	6.321
13838.46	6.319
13843.47	6.316
13848.48	6.314
13853.49	6.312
13858.50	6.309
13863.51	6.307
13868.52	6.305
13873.54	6.302
13878.55	6.300
13883.57	6.298
13888.58	6.295
13893.60	6.293
13898.61	6.290
13903.63	6.288
13908.64	6.286
13913.66	6.283
13918.67	6.281
13923.69	6.279
13928.70	6.276
13933.71	6.274
13938.73	6.272
13943.75	6.269
13948.76	6.267
13953.77	6.264
13958.79	6.262
13963.80	6.260
13968.82	6.257
13973.83	6.255
13978.85	6.252
13983.86	6.250
13988.87	6.247
13993.89	6.245
13998.90	6.243
14003.91	6.240
14008.92	6.238
14013.94	6.236
14018.95	6.233
14023.96	6.231
14028.97	6.228
14033.98	6.226
14038.99	6.223
14044.00	6.221
14049.02	6.218
14054.03	6.216
14059.04	6.213
14064.05	6.211
14069.06	6.209
14074.07	6.206
14079.08	6.204
14084.10	6.201
14089.11	6.199
14094.12	6.197
14099.13	6.194
14104.14	6.192
14109.16	6.189
14114.17	6.187
14119.18	6.185
14124.20	6.182
14129.21	6.180
14134.23	6.177
14139.24	6.175
14144.25	6.172
14149.27	6.170
14154.28	6.168
14159.30	6.165
14164.31	6.163
14169.33	6.160
14174.34	6.158
14179.35	6.156
14184.37	6.153
14189.38	6.151
14194.40	6.148
14199.41	6.146
14204.43	6.143
14209.44	6.141
14214.46	6.138
14219.47	6.136
14224.48	6.134
14229.50	6.131
14234.52	6.129
14239.53	6.126
14244.54	6.124
14249.56	6.122
14254.57	6.119
14259.59	6.117
14264.60	6.115
14269.62	6.112
14274.63	6.110
14279.65	6.107
14284.66	6.105
14289.67	6.102
14294.69	6.100
14299.70	6.098
14304.72	6.095
14309.73	6.093
14314.74	6.090
14319.76	6.088
14324.77	6.086
14329.78	6.083
14334.79	6.081
14339.79	6.078
14344.81	6.076
14349.82	6.074
14354.82	6.071
14359.84	6.069
14364.85	6.067
14369.86	6.064
14374.87	6.062
14379.88	6.059
14384.89	6.057
14389.90	6.055
14394.91	6.052
14399.92	6.050
14404.92	6.048
14409.93	6.045
14414.94	6.043
14419.95	6.041
14424.96	6.038
14429.97	6.036
14434.98	6.034
14439.98	6.031
14444.99	6.029
14450.00	6.027
14455.01	6.024
14460.02	6.022
14465.03	6.020
14470.03	6.017
14475.04	6.015
14480.05	6.012
14485.06	6.010
14490.07	6.008
14495.08	6.005
14500.09	6.003
14505.09	6.000
14510.10	5.998
14515.11	5.996
14520.12	5.994
14525.13	5.991
14530.14	5.989
14535.14	5.987
14540.15	5.985
14545.16	5.982
14550.17	5.980
14555.18	5.978
14560.19	5.975
14565.20	5.973
14570.20	5.971
