2.51	7.911
7.52	7.911
12.53	7.911
17.54	7.911
22.55	7.911
27.56	7.911
32.58	7.911
37.59	7.911
42.60	7.911
47.61	7.911
52.62	7.911
57.63	7.911
62.64	7.705
67.66	7.710
72.67	7.713
77.68	7.716
82.69	7.717
87.70	7.718
92.71	7.718
97.73	7.719
102.74	7.719
107.75	7.719
112.76	7.719
117.77	7.718
122.78	7.718
127.80	7.718
132.81	7.718
137.82	7.717
142.83	7.717
147.84	7.716
152.85	7.716
157.86	7.716
162.88	7.715
167.89	7.715
172.90	7.714
177.91	7.714
182.92	7.714
187.93	7.713
192.95	7.713
197.96	7.713
202.97	7.712
207.98	7.712
212.99	7.712
218.00	7.711
223.01	7.711
228.03	7.711
233.04	7.710
238.05	7.710
243.06	7.710
248.07	7.709
253.08	7.709
258.10	7.709
263.11	7.709
268.12	7.708
273.13	7.708
278.14	7.708
283.15	7.707
288.17	7.707
293.18	7.707
298.19	7.706
303.20	7.706
308.21	7.706
313.22	7.706
318.23	7.705
323.25	7.705
328.26	7.705
333.27	7.705
338.28	7.704
343.30	7.704
348.31	7.704
353.32	7.703
358.33	7.703
363.35	7.703
368.36	7.703
373.37	7.703
378.38	7.702
383.39	7.702
388.40	7.702
393.41	7.702
398.42	7.701
403.44	7.701
408.45	7.701
413.46	7.700
418.47	7.700
423.48	7.700
428.49	7.700
433.50	7.699
438.52	7.699
443.53	7.699
448.54	7.699
453.55	7.699
458.56	7.698
463.58	7.698
468.59	7.698
473.61	7.698
478.62	7.698
483.63	7.697
488.64	7.697
493.65	7.697
498.66	7.697
503.67	7.697
508.69	7.696
513.70	7.696
518.71	7.696
523.72	7.695
528.73	7.695
533.74	7.695
538.76	7.695
543.77	7.695
548.78	7.694
553.79	7.694
558.80	7.694
563.81	7.694
568.83	7.693
573.84	7.693
578.85	7.693
583.86	7.693
588.87	7.693
593.88	7.692
598.90	7.692
603.91	7.692
608.92	7.692
613.93	7.692
618.94	7.691
623.95	7.691
628.96	7.691
633.98	7.691
638.99	7.690
644.00	7.690
649.01	7.690
654.02	7.689
659.03	7.689
664.05	7.689
669.06	7.689
674.07	7.689
679.08	7.689
684.09	7.689
689.10	7.688
694.11	7.688
699.13	7.688
704.14	7.687
709.15	7.687
714.16	7.687
719.17	7.687
724.18	7.687
729.20	7.687
734.21	7.687
739.22	7.686
744.23	7.686
749.24	7.686
754.25	7.686
759.27	7.685
764.28	7.685
769.29	7.685
774.30	7.685
779.31	7.685
784.32	7.684
789.34	7.684
794.35	7.684
799.36	7.684
804.37	7.683
809.38	7.683
814.39	7.683
819.40	7.683
824.42	7.683
829.43	7.683
834.44	7.682
839.45	7.682
844.47	7.682
849.48	7.682
854.50	7.682
859.51	7.681
864.53	7.681
869.54	7.681
874.56	7.681
879.57	7.680
884.58	7.680
889.59	7.680
894.61	7.680
899.62	7.680
904.63	7.679
909.64	7.679
914.65	7.679
919.66	7.679
924.68	7.678
929.69	7.678
934.70	7.678
939.71	7.678
944.72	7.678
949.73	7.678
954.74	7.677
959.76	7.677
964.77	7.677
969.78	7.677
974.79	7.677
979.80	7.676
984.81	7.676
989.83	7.676
994.84	7.676
999.85	7.676
1004.86	7.675
1009.87	7.675
1014.88	7.675
1019.90	7.675
1024.91	7.674
1029.92	7.674
1034.93	7.674
1039.94	7.674
1044.95	7.674
1049.96	7.674
1054.98	7.673
1059.99	7.673
1065.00	7.673
1070.01	7.673
1075.02	7.672
1080.03	7.672
1085.05	7.672
1090.06	7.672
1095.07	7.672
1100.08	7.671
1105.09	7.671
1110.10	7.671
1115.12	7.671
1120.13	7.671
1125.14	7.671
1130.15	7.670
1135.16	7.670
1140.17	7.670
1145.18	7.670
1150.20	7.669
1155.21	7.669
1160.22	7.669
1165.23	7.669
1170.24	7.669
1175.25	7.668
1180.27	7.668
1185.28	7.668
1190.29	7.668
1195.30	7.667
1200.31	7.667
1205.32	7.667
1210.34	7.667
1215.35	7.667
1220.36	7.666
1225.37	7.666
1230.38	7.666
1235.39	7.666
1240.40	7.666
1245.42	7.666
1250.43	7.666
1255.44	7.665
1260.45	7.665
1265.46	7.665
1270.47	7.665
1275.49	7.665
1280.50	7.664
1285.51	7.664
1290.52	7.664
1295.53	7.664
1300.54	7.663
1305.56	7.663
1310.57	7.663
1315.58	7.663
1320.59	7.663
1325.60	7.662
1330.61	7.662
1335.62	7.662
1340.64	7.662
1345.65	7.662
1350.66	7.661
1355.67	7.661
1360.68	7.661
1365.69	7.661
1370.71	7.661
1375.72	7.660
1380.73	7.660
1385.74	7.660
1390.75	7.660
1395.76	7.659
1400.77	7.659
1405.79	7.659
1410.80	7.659
1415.81	7.659
1420.82	7.659
1425.83	7.659
1430.84	7.658
1435.86	7.658
1440.87	7.658
1445.88	7.658
1450.89	7.658
1455.90	7.657
1460.91	7.657
1465.93	7.657
1470.94	7.657
1475.95	7.656
1480.96	7.656
1485.97	7.656
1490.98	7.656
1495.99	7.656
1501.01	7.655
1506.02	7.655
1511.03	7.655
1516.04	7.655
1521.05	7.655
1526.06	7.655
1531.08	7.654
1536.09	7.654
1541.10	7.654
1546.11	7.654
1551.13	7.654
1556.14	7.653
1561.16	7.653
1566.17	7.653
1571.18	7.653
1576.20	7.652
1581.22	7.652
1586.23	7.652
1591.24	7.652
1596.25	7.652
1601.27	7.651
1606.28	7.651
1611.29	7.651
1616.30	7.651
1621.31	7.650
1626.32	7.650
1631.34	7.650
1636.35	7.650
1641.36	7.650
1646.38	7.650
1651.39	7.649
1656.40	7.649
1661.42	7.649
1666.43	7.649
1671.44	7.648
1676.45	7.648
1681.46	7.648
1686.48	7.648
1691.49	7.648
1696.50	7.648
1701.51	7.647
1706.52	7.647
1711.53	7.647
1716.55	7.647
1721.56	7.646
1726.57	7.646
1731.58	7.646
1736.59	7.646
1741.60	7.646
1746.61	7.646
1751.62	7.645
1756.64	7.645
1761.65	7.645
1766.66	7.645
1771.67	7.644
1776.68	7.644
1781.69	7.644
1786.71	7.644
1791.72	7.644
1796.73	7.643
1801.74	7.643
1806.75	7.643
1811.76	7.643
1816.78	7.643
1821.79	7.643
1826.80	7.642
1831.81	7.642
1836.82	7.642
1841.83	7.641
1846.85	7.641
1851.86	7.641
1856.87	7.641
1861.88	7.641
1866.89	7.640
1871.90	7.640
1876.91	7.640
1881.93	7.640
1886.94	7.640
1891.95	7.640
1896.96	7.639
1901.97	7.639
1906.98	7.639
1911.99	7.639
1917.01	7.639
1922.02	7.639
1927.03	7.638
1932.04	7.638
1937.05	7.638
1942.06	7.637
1947.08	7.637
1952.09	7.637
1957.10	7.637
1962.11	7.636
1967.12	7.636
1972.13	7.636
1977.15	7.636
1982.16	7.636
1987.18	7.636
1992.19	7.635
1997.21	7.635
2002.22	7.635
2007.23	7.635
2012.25	7.634
2017.26	7.634
2022.28	7.634
2027.29	7.634
2032.30	7.634
2037.32	7.634
2042.33	7.633
2047.34	7.633
2052.35	7.633
2057.37	7.633
2062.38	7.632
2067.39	7.632
2072.40	7.632
2077.41	7.632
2082.42	7.632
2087.44	7.632
2092.45	7.631
2097.46	7.631
2102.47	7.631
2107.48	7.631
2112.50	7.630
2117.51	7.630
2122.52	7.630
2127.53	7.630
2132.54	7.629
2137.55	7.629
2142.57	7.629
2147.58	7.629
2152.59	7.629
2157.60	7.629
2162.61	7.628
2167.62	7.628
2172.63	7.628
2177.64	7.628
2182.66	7.627
2187.67	7.627
2192.68	7.627
2197.69	7.627
2202.70	7.626
2207.71	7.626
2212.73	7.626
2217.74	7.626
2222.75	7.626
2227.76	7.625
2232.77	7.625
2237.78	7.625
2242.80	7.625
2247.81	7.625
2252.82	7.624
2257.83	7.624
2262.84	7.624
2267.85	7.624
2272.87	7.624
2277.88	7.623
2282.89	7.623
2287.90	7.623
2292.91	7.623
2297.92	7.622
2302.93	7.622
2307.95	7.622
2312.96	7.622
2317.97	7.622
2322.98	7.621
2327.99	7.621
2333.00	7.621
2338.01	7.621
2343.03	7.621
2348.04	7.621
2353.05	7.620
2358.06	7.620
2363.07	7.620
2368.08	7.620
2373.09	7.619
2378.11	7.619
2383.12	7.619
2388.13	7.619
2393.14	7.619
2398.15	7.618
2403.16	7.618
2408.17	7.618
2413.19	7.618
2418.20	7.617
2423.21	7.617
2428.22	7.617
2433.23	7.617
2438.24	7.616
2443.26	7.616
2448.27	7.616
2453.28	7.616
2458.29	7.616
2463.30	7.616
2468.31	7.615
2473.33	7.615
2478.34	7.614
2483.35	7.614
2488.36	7.614
2493.37	7.614
2498.38	7.614
2503.39	7.613
2508.41	7.613
2513.42	7.613
2518.43	7.613
2523.44	7.613
2528.45	7.612
2533.46	7.612
2538.48	7.612
2543.49	7.612
2548.50	7.612
2553.51	7.612
2558.52	7.611
2563.53	7.611
2568.55	7.611
2573.56	7.611
2578.57	7.610
2583.58	7.610
2588.59	7.610
2593.60	7.610
2598.61	7.610
2603.63	7.609
2608.64	7.609
2613.65	7.609
2618.66	7.609
2623.67	7.609
2628.68	7.608
2633.70	7.608
2638.71	7.608
2643.72	7.607
2648.73	7.607
2653.74	7.607
2658.75	7.607
2663.76	7.606
2668.78	7.606
2673.79	7.606
2678.80	7.606
2683.81	7.606
2688.82	7.606
2693.83	7.605
2698.85	7.605
2703.86	7.605
2708.87	7.604
2713.88	7.604
2718.89	7.604
2723.90	7.604
2728.92	7.603
2733.93	7.603
2738.94	7.603
2743.95	7.603
2748.96	7.603
2753.97	7.603
2758.99	7.602
2764.00	7.602
2769.01	7.602
2774.02	7.602
2779.03	7.601
2784.04	7.601
2789.06	7.601
2794.07	7.601
2799.08	7.600
2804.09	7.600
2809.10	7.600
2814.11	7.600
2819.12	7.599
2824.14	7.599
2829.15	7.599
2834.16	7.599
2839.17	7.599
2844.18	7.598
2849.19	7.598
2854.21	7.598
2859.22	7.598
2864.23	7.597
2869.24	7.597
2874.25	7.597
2879.26	7.597
2884.27	7.597
2889.29	7.596
2894.30	7.596
2899.31	7.596
2904.32	7.596
2909.33	7.596
2914.34	7.595
2919.36	7.595
2924.37	7.595
2929.38	7.594
2934.39	7.594
2939.40	7.594
2944.41	7.594
2949.42	7.593
2954.44	7.593
2959.45	7.593
2964.46	7.593
2969.47	7.592
2974.48	7.592
2979.49	7.592
2984.51	7.592
2989.52	7.591
2994.53	7.591
2999.54	7.591
3004.55	7.591
3009.56	7.591
3014.58	7.590
3019.59	7.590
3024.60	7.590
3029.61	7.590
3034.62	7.590
3039.63	7.589
3044.65	7.589
3049.66	7.589
3054.67	7.589
3059.68	7.588
3064.69	7.588
3069.70	7.588
3074.71	7.588
3079.72	7.587
3084.74	7.587
3089.75	7.587
3094.76	7.587
3099.77	7.586
3104.78	7.586
3109.79	7.586
3114.80	7.586
3119.82	7.585
3124.83	7.585
3129.84	7.585
3134.85	7.585
3139.86	7.584
3144.87	7.584
3149.89	7.584
3154.90	7.584
3159.91	7.584
3164.92	7.583
3169.93	7.583
3174.94	7.583
3179.95	7.583
3184.97	7.583
3189.98	7.582
3194.99	7.582
3200.00	7.582
3205.01	7.581
3210.02	7.581
3215.04	7.581
3220.05	7.581
3225.06	7.581
3230.07	7.580
3235.08	7.580
3240.09	7.580
3245.10	7.580
3250.12	7.579
3255.13	7.579
3260.14	7.579
3265.15	7.579
3270.16	7.578
3275.17	7.578
3280.19	7.578
3285.20	7.578
3290.21	7.577
3295.22	7.577
3300.23	7.577
3305.24	7.577
3310.25	7.577
3315.27	7.576
3320.28	7.576
3325.29	7.576
3330.30	7.575
3335.31	7.575
3340.32	7.575
3345.34	7.575
3350.35	7.574
3355.36	7.574
3360.37	7.574
3365.38	7.574
3370.40	7.573
3375.41	7.573
3380.43	7.573
3385.44	7.573
3390.46	7.572
3395.47	7.572
3400.49	7.572
3405.50	7.572
3410.51	7.571
3415.53	7.571
3420.54	7.571
3425.55	7.571
3430.57	7.570
3435.58	7.570
3440.59	7.570
3445.61	7.570
3450.62	7.569
3455.63	7.569
3460.64	7.569
3465.66	7.569
3470.67	7.569
3475.68	7.568
3480.69	7.568
3485.71	7.568
3490.72	7.568
3495.73	7.567
3500.74	7.567
3505.75	7.567
3510.76	7.567
3515.78	7.566
3520.79	7.566
3525.80	7.566
3530.82	7.566
3535.84	7.565
3540.88	7.565
3545.89	7.565
3550.91	7.565
3555.92	7.564
3560.94	7.564
3565.95	7.564
3570.97	7.564
3575.98	7.564
3581.00	7.563
3586.01	7.563
3591.02	7.562
3596.03	7.562
3601.04	7.562
3606.05	7.562
3611.07	7.562
3616.08	7.561
3621.09	7.561
3626.10	7.561
3631.11	7.560
3636.12	7.560
3641.13	7.560
3646.15	7.560
3651.16	7.559
3656.17	7.559
3661.18	7.559
3666.19	7.559
3671.20	7.558
3676.22	7.558
3681.23	7.558
3686.24	7.558
3691.25	7.557
3696.26	7.557
3701.27	7.557
3706.29	7.556
3711.30	7.556
3716.31	7.556
3721.32	7.556
3726.33	7.556
3731.34	7.556
3736.36	7.555
3741.38	7.555
3746.39	7.555
3751.40	7.554
3756.42	7.554
3761.43	7.554
3766.45	7.554
3771.46	7.554
3776.48	7.553
3781.49	7.553
3786.50	7.553
3791.52	7.552
3796.53	7.552
3801.54	7.552
3806.55	7.552
3811.57	7.551
3816.58	7.551
3821.59	7.550
3826.60	7.551
3831.61	7.550
3836.62	7.550
3841.63	7.550
3846.64	7.550
3851.66	7.549
3856.67	7.549
3861.68	7.549
3866.69	7.548
3871.70	7.548
3876.71	7.548
3881.73	7.548
3886.74	7.547
3891.75	7.547
3896.76	7.547
3901.77	7.546
3906.78	7.546
3911.80	7.546
3916.81	7.546
3921.82	7.546
3926.83	7.546
3931.84	7.545
3936.85	7.545
3941.87	7.545
3946.88	7.544
3951.90	7.544
3956.91	7.544
3961.92	7.544
3966.93	7.543
3971.94	7.543
3976.96	7.543
3981.97	7.543
3986.98	7.542
3991.99	7.542
3997.00	7.542
4002.01	7.541
4007.02	7.541
4012.04	7.541
4017.05	7.541
4022.06	7.540
4027.07	7.540
4032.08	7.540
4037.09	7.540
4042.11	7.539
4047.12	7.539
4052.13	7.539
4057.14	7.539
4062.15	7.538
4067.16	7.538
4072.17	7.538
4077.19	7.538
4082.20	7.538
4087.21	7.537
4092.22	7.537
4097.23	7.537
4102.24	7.536
4107.25	7.536
4112.27	7.536
4117.28	7.535
4122.29	7.535
4127.30	7.535
4132.31	7.535
4137.32	7.534
4142.34	7.534
4147.35	7.534
4152.36	7.534
4157.37	7.533
4162.38	7.533
4167.39	7.533
4172.41	7.533
4177.42	7.532
4182.43	7.532
4187.44	7.532
4192.45	7.531
4197.47	7.531
4202.48	7.531
4207.49	7.531
4212.50	7.531
4217.51	7.530
4222.52	7.530
4227.54	7.530
4232.55	7.529
4237.56	7.529
4242.57	7.529
4247.58	7.528
4252.59	7.528
4257.61	7.528
4262.62	7.528
4267.63	7.527
4272.64	7.527
4277.65	7.527
4282.66	7.527
4287.67	7.527
4292.69	7.526
4297.70	7.526
4302.71	7.526
4307.72	7.525
4312.73	7.525
4317.74	7.525
4322.76	7.524
4327.77	7.524
4332.78	7.524
4337.79	7.524
4342.80	7.523
4347.81	7.523
4352.83	7.523
4357.84	7.523
4362.85	7.522
4367.86	7.522
4372.87	7.522
4377.88	7.522
4382.89	7.521
4387.91	7.521
4392.92	7.521
4397.93	7.520
4402.94	7.520
4407.95	7.520
4412.96	7.520
4417.98	7.519
4422.99	7.519
4428.00	7.519
4433.01	7.518
4438.02	7.518
4443.03	7.518
4448.04	7.518
4453.05	7.517
4458.07	7.517
4463.08	7.517
4468.09	7.516
4473.10	7.516
4478.11	7.516
4483.12	7.516
4488.14	7.515
4493.15	7.515
4498.16	7.515
4503.17	7.515
4508.18	7.514
4513.19	7.514
4518.20	7.514
4523.22	7.514
4528.23	7.513
4533.24	7.513
4538.25	7.513
4543.26	7.513
4548.27	7.512
4553.29	7.512
4558.30	7.512
4563.31	7.511
4568.32	7.511
4573.33	7.511
4578.34	7.510
4583.35	7.510
4588.37	7.510
4593.38	7.510
4598.39	7.509
4603.40	7.509
4608.41	7.509
4613.42	7.509
4618.44	7.508
4623.45	7.508
4628.46	7.508
4633.47	7.507
4638.48	7.507
4643.49	7.507
4648.51	7.507
4653.52	7.506
4658.53	7.506
4663.54	7.506
4668.55	7.506
4673.56	7.505
4678.57	7.505
4683.59	7.505
4688.60	7.504
4693.61	7.504
4698.62	7.504
4703.63	7.504
4708.64	7.503
4713.66	7.503
4718.67	7.503
4723.68	7.503
4728.69	7.502
4733.70	7.502
4738.71	7.502
4743.72	7.501
4748.74	7.501
4753.75	7.501
4758.76	7.500
4763.77	7.500
4768.78	7.500
4773.79	7.500
4778.80	7.500
4783.81	7.499
4788.83	7.499
4793.84	7.499
4798.85	7.498
4803.86	7.498
4808.87	7.498
4813.88	7.497
4818.90	7.497
4823.91	7.497
4828.92	7.497
4833.93	7.496
4838.95	7.496
4843.96	7.496
4848.97	7.495
4853.99	7.495
4859.00	7.495
4864.02	7.495
4869.03	7.495
4874.04	7.494
4879.06	7.494
4884.07	7.494
4889.08	7.493
4894.09	7.493
4899.11	7.493
4904.12	7.492
4909.13	7.492
4914.15	7.492
4919.16	7.491
4924.18	7.491
4929.19	7.491
4934.21	7.491
4939.22	7.490
4944.24	7.490
4949.25	7.490
4954.26	7.490
4959.28	7.489
4964.29	7.489
4969.30	7.489
4974.32	7.488
4979.33	7.488
4984.34	7.488
4989.35	7.488
4994.36	7.487
4999.37	7.487
5004.38	7.487
5009.40	7.487
5014.41	7.486
5019.42	7.486
5024.43	7.486
5029.44	7.486
5034.45	7.485
5039.47	7.485
5044.48	7.485
5049.49	7.484
5054.50	7.484
5059.51	7.484
5064.52	7.484
5069.54	7.483
5074.55	7.483
5079.56	7.483
5084.57	7.483
5089.58	7.482
5094.59	7.482
5099.61	7.482
5104.62	7.481
5109.63	7.481
5114.64	7.481
5119.65	7.481
5124.66	7.480
5129.67	7.480
5134.69	7.480
5139.70	7.480
5144.71	7.479
5149.72	7.479
5154.73	7.479
5159.74	7.478
5164.76	7.478
5169.77	7.478
5174.78	7.477
5179.79	7.477
5184.80	7.477
5189.81	7.477
5194.83	7.477
5199.84	7.476
5204.85	7.476
5209.86	7.476
5214.87	7.475
5219.88	7.475
5224.89	7.475
5229.91	7.475
5234.92	7.474
5239.93	7.474
5244.94	7.474
5249.95	7.473
5254.96	7.473
5259.97	7.473
5264.99	7.472
5270.00	7.473
5275.01	7.472
5280.02	7.472
5285.03	7.472
5290.04	7.471
5295.06	7.471
5300.07	7.471
5305.08	7.471
5310.09	7.470
5315.10	7.470
5320.12	7.470
5325.13	7.470
5330.15	7.470
5335.16	7.469
5340.17	7.469
5345.18	7.469
5350.20	7.468
5355.21	7.468
5360.22	7.468
5365.23	7.468
5370.24	7.467
5375.25	7.467
5380.26	7.467
5385.28	7.467
5390.29	7.466
5395.30	7.466
5400.31	7.466
5405.33	7.466
5410.35	7.465
5415.36	7.465
5420.37	7.465
5425.39	7.465
5430.40	7.465
5435.42	7.464
5440.43	7.464
5445.45	7.464
5450.46	7.463
5455.47	7.463
5460.48	7.463
5465.49	7.462
5470.50	7.462
5475.52	7.462
5480.53	7.462
5485.54	7.462
5490.55	7.462
5495.56	7.461
5500.57	7.461
5505.59	7.461
5510.60	7.460
5515.62	7.460
5520.63	7.460
5525.65	7.460
5530.66	7.460
5535.68	7.459
5540.69	7.459
5545.70	7.459
5550.72	7.459
5555.73	7.458
5560.74	7.458
5565.75	7.458
5570.76	7.458
5575.78	7.457
5580.79	7.457
5585.80	7.457
5590.81	7.457
5595.82	7.457
5600.83	7.456
5605.85	7.456
5610.86	7.456
5615.87	7.456
5620.88	7.455
5625.89	7.455
5630.90	7.455
5635.91	7.455
5640.93	7.454
5645.94	7.454
5650.95	7.454
5655.96	7.454
5660.97	7.453
5665.98	7.453
5671.00	7.453
5676.01	7.453
5681.02	7.453
5686.03	7.453
5691.04	7.453
5696.05	7.452
5701.06	7.452
5706.07	7.452
5711.09	7.452
5716.10	7.451
5721.11	7.451
5726.12	7.451
5731.13	7.450
5736.14	7.450
5741.16	7.450
5746.17	7.450
5751.18	7.450
5756.19	7.450
5761.20	7.449
5766.21	7.449
5771.22	7.449
5776.24	7.449
5781.25	7.449
5786.26	7.448
5791.27	7.448
5796.28	7.448
5801.29	7.448
5806.31	7.448
5811.32	7.447
5816.33	7.447
5821.34	7.447
5826.35	7.447
5831.36	7.446
5836.37	7.446
5841.39	7.446
5846.40	7.446
5851.41	7.446
5856.42	7.446
5861.43	7.445
5866.44	7.445
5871.46	7.445
5876.47	7.445
5881.48	7.444
5886.49	7.444
5891.50	7.444
5896.51	7.444
5901.52	7.444
5906.54	7.444
5911.55	7.443
5916.56	7.443
5921.57	7.443
5926.58	7.443
5931.59	7.443
5936.61	7.443
5941.62	7.442
5946.63	7.442
5951.65	7.442
5956.67	7.442
5961.68	7.442
5966.69	7.441
5971.71	7.441
5976.72	7.441
5981.74	7.441
5986.76	7.441
5991.77	7.441
5996.79	7.441
6001.80	7.440
6006.81	7.440
6011.82	7.440
6016.83	7.440
6021.84	7.440
6026.86	7.439
6031.87	7.439
6036.88	7.439
6041.89	7.439
6046.90	7.439
6051.92	7.438
6056.93	7.438
6061.94	7.438
6066.95	7.438
6071.96	7.438
6076.97	7.438
6081.98	7.437
6087.00	7.437
6092.01	7.437
6097.03	7.437
6102.04	7.437
6107.05	7.437
6112.07	7.436
6117.09	7.436
6122.10	7.436
6127.11	7.436
6132.13	7.436
6137.14	7.436
6142.16	7.435
6147.17	7.435
6152.18	7.435
6157.19	7.435
6162.20	7.435
6167.22	7.435
6172.23	7.434
6177.24	7.434
6182.25	7.434
6187.26	7.434
6192.27	7.434
6197.29	7.434
6202.30	7.434
6207.31	7.434
6212.32	7.433
6217.34	7.433
6222.36	7.433
6227.37	7.433
6232.38	7.433
6237.40	7.433
6242.41	7.433
6247.43	7.432
6252.44	7.432
6257.46	7.432
6262.47	7.432
6267.48	7.432
6272.49	7.432
6277.50	7.432
6282.52	7.431
6287.53	7.431
6292.54	7.431
6297.55	7.431
6302.56	7.431
6307.57	7.430
6312.59	7.430
6317.60	7.430
6322.61	7.430
6327.63	7.430
6332.64	7.430
6337.65	7.430
6342.67	7.430
6347.68	7.430
6352.70	7.429
6357.71	7.429
6362.72	7.429
6367.74	7.429
6372.75	7.429
6377.76	7.429
6382.77	7.428
6387.78	7.428
6392.79	7.428
6397.81	7.428
6402.82	7.428
6407.83	7.428
6412.84	7.428
6417.85	7.428
6422.86	7.427
6427.88	7.427
6432.89	7.427
6437.90	7.427
6442.91	7.427
6447.92	7.427
6452.93	7.426
6457.94	7.426
6462.96	7.426
6467.97	7.426
6472.98	7.426
6477.99	7.426
6483.00	7.426
6488.01	7.426
6493.03	7.425
6498.04	7.425
6503.05	7.425
6508.06	7.425
6513.07	7.425
6518.08	7.425
6523.09	7.424
6528.11	7.424
6533.12	7.424
6538.13	7.424
6543.14	7.424
6548.15	7.424
6553.16	7.424
6558.17	7.424
6563.19	7.424
6568.20	7.423
6573.21	7.423
6578.22	7.423
6583.23	7.423
6588.24	7.423
6593.25	7.423
6598.27	7.423
6603.28	7.422
6608.29	7.422
6613.30	7.422
6618.31	7.422
6623.32	7.422
6628.33	7.422
6633.35	7.422
6638.36	7.422
6643.37	7.422
6648.38	7.422
6653.39	7.421
6658.40	7.421
6663.41	7.421
6668.43	7.421
6673.44	7.421
6678.45	7.421
6683.46	7.421
6688.47	7.421
6693.48	7.420
6698.50	7.420
6703.51	7.420
6708.52	7.420
6713.54	7.420
6718.55	7.420
6723.56	7.420
6728.58	7.420
6733.59	7.419
6738.61	7.419
6743.62	7.419
6748.64	7.419
6753.66	7.419
6758.67	7.419
6763.68	7.419
6768.70	7.419
6773.71	7.418
6778.72	7.419
6783.73	7.418
6788.74	7.418
6793.75	7.418
6798.77	7.418
6803.78	7.418
6808.79	7.418
6813.80	7.418
6818.81	7.418
6823.82	7.417
6828.84	7.417
6833.85	7.417
6838.86	7.417
6843.87	7.417
6848.88	7.417
6853.89	7.417
6858.90	7.417
6863.91	7.417
6868.93	7.416
6873.94	7.416
6878.95	7.416
6883.96	7.416
6888.97	7.416
6893.98	7.416
6899.00	7.416
6904.01	7.415
6909.02	7.415
6914.03	7.415
6919.04	7.415
6924.05	7.415
6929.07	7.415
6934.08	7.415
6939.09	7.415
6944.10	7.415
6949.11	7.414
6954.12	7.414
6959.13	7.414
6964.15	7.414
6969.16	7.414
6974.17	7.414
6979.18	7.414
6984.19	7.414
6989.20	7.414
6994.22	7.413
6999.23	7.413
7004.24	7.414
7009.25	7.413
7014.27	7.413
7019.28	7.413
7024.29	7.413
7029.30	7.412
7034.31	7.412
7039.33	7.412
7044.34	7.412
7049.35	7.412
7054.36	7.412
7059.37	7.412
7064.38	7.412
7069.39	7.412
7074.41	7.412
7079.42	7.411
7084.43	7.411
7089.44	7.411
7094.45	7.411
7099.46	7.411
7104.48	7.411
7109.49	7.411
7114.50	7.411
7119.51	7.411
7124.52	7.411
7129.53	7.411
7134.55	7.410
7139.56	7.410
7144.57	7.410
7149.58	7.410
7154.59	7.410
7159.60	7.410
7164.61	7.410
7169.63	7.410
7174.64	7.410
7179.65	7.409
7184.66	7.409
7189.67	7.409
7194.68	7.409
7199.70	7.409
7204.71	7.409
7209.72	7.409
7214.74	7.409
7219.75	7.409
7224.77	7.409
7229.78	7.408
7234.80	7.408
7239.81	7.408
7244.82	7.408
7249.84	7.408
7254.85	7.408
7259.87	7.408
7264.88	7.408
7269.89	7.408
7274.90	7.408
7279.91	7.407
7284.93	7.407
7289.94	7.407
7294.95	7.407
7299.96	7.407
7304.97	7.407
7309.98	7.407
7315.00	7.407
7320.01	7.407
7325.03	7.406
7330.04	7.406
7335.06	7.406
7340.07	7.406
7345.08	7.406
7350.10	7.406
7355.11	7.406
7360.13	7.406
7365.14	7.406
7370.15	7.405
7375.16	7.405
7380.18	7.405
7385.19	7.405
7390.20	7.405
7395.21	7.405
7400.22	7.405
7405.23	7.404
7410.25	7.404
7415.26	7.404
7420.27	7.404
7425.29	7.404
7430.30	7.404
7435.31	7.404
7440.33	7.404
7445.34	7.404
7450.36	7.404
7455.37	7.404
7460.39	7.403
7465.40	7.404
7470.41	7.403
7475.43	7.403
7480.44	7.403
7485.45	7.403
7490.46	7.403
7495.47	7.403
7500.48	7.403
7505.49	7.403
7510.51	7.403
7515.53	7.403
7520.54	7.403
7525.55	7.402
7530.57	7.402
7535.58	7.402
7540.59	7.402
7545.61	7.402
7550.62	7.401
7555.63	7.401
7560.64	7.401
7565.65	7.401
7570.66	7.401
7575.69	7.401
7580.70	7.401
7585.71	7.401
7590.73	7.401
7595.74	7.401
7600.76	7.401
7605.77	7.401
7610.78	7.400
7615.80	7.400
7620.81	7.400
7625.82	7.400
7630.83	7.400
7635.85	7.400
7640.86	7.400
7645.87	7.400
7650.88	7.399
7655.89	7.399
7660.90	7.399
7665.91	7.399
7670.93	7.399
7675.94	7.399
7680.96	7.399
7685.97	7.399
7690.99	7.398
7696.00	7.398
7701.02	7.398
7706.03	7.398
7711.04	7.398
7716.05	7.398
7721.07	7.398
7726.08	7.398
7731.09	7.398
7736.10	7.398
7741.11	7.398
7746.12	7.397
7751.14	7.397
7756.15	7.397
7761.16	7.397
7766.18	7.397
7771.19	7.397
7776.21	7.397
7781.22	7.397
7786.24	7.397
7791.25	7.397
7796.26	7.397
7801.27	7.396
7806.28	7.396
7811.29	7.396
7816.31	7.396
7821.32	7.396
7826.33	7.396
7831.35	7.396
7836.36	7.395
7841.37	7.396
7846.39	7.395
7851.40	7.395
7856.41	7.395
7861.42	7.395
7866.43	7.395
7871.44	7.395
7876.46	7.395
7881.47	7.395
7886.48	7.395
7891.49	7.395
7896.50	7.394
7901.51	7.394
7906.53	7.394
7911.54	7.394
7916.55	7.394
7921.56	7.394
7926.57	7.394
7931.58	7.394
7936.60	7.394
7941.61	7.394
7946.62	7.393
7951.63	7.393
7956.64	7.393
7961.65	7.393
7966.66	7.392
7971.68	7.392
7976.69	7.393
7981.70	7.392
7986.71	7.392
7991.72	7.392
7996.73	7.392
8001.75	7.392
8006.76	7.392
8011.77	7.392
8016.78	7.392
8021.79	7.392
8026.80	7.392
8031.82	7.391
8036.83	7.391
8041.84	7.391
8046.85	7.391
8051.86	7.391
8056.87	7.391
8061.88	7.391
8066.90	7.391
8071.91	7.391
8076.92	7.391
8081.93	7.390
8086.94	7.390
8091.95	7.390
8096.97	7.390
8101.98	7.390
8106.99	7.390
8112.00	7.390
8117.01	7.390
8122.02	7.390
8127.04	7.389
8132.05	7.389
8137.06	7.389
8142.07	7.389
8147.08	7.389
8152.09	7.389
8157.10	7.389
8162.12	7.389
8167.13	7.389
8172.14	7.388
8177.15	7.389
8182.16	7.388
8187.17	7.388
8192.19	7.388
8197.20	7.388
8202.21	7.388
8207.22	7.388
8212.23	7.388
8217.24	7.387
8222.26	7.387
8227.27	7.387
8232.28	7.387
8237.29	7.387
8242.30	7.387
8247.31	7.387
8252.32	7.387
8257.34	7.387
8262.35	7.387
8267.36	7.386
8272.37	7.386
8277.38	7.386
8282.39	7.386
8287.41	7.386
8292.42	7.386
8297.43	7.386
8302.44	7.386
8307.45	7.386
8312.46	7.386
8317.48	7.386
8322.49	7.385
8327.50	7.385
8332.51	7.385
8337.52	7.385
8342.53	7.385
8347.55	7.385
8352.56	7.384
8357.57	7.384
8362.58	7.384
8367.59	7.384
8372.60	7.384
8377.61	7.384
8382.63	7.384
8387.64	7.383
8392.65	7.383
8397.66	7.383
8402.67	7.383
8407.68	7.383
8412.70	7.383
8417.71	7.383
8422.72	7.383
8427.73	7.383
8432.74	7.383
8437.75	7.382
8442.76	7.382
8447.78	7.382
8452.79	7.382
8457.80	7.382
8462.81	7.382
8467.82	7.382
8472.83	7.382
8477.85	7.382
8482.86	7.382
8487.87	7.381
8492.88	7.381
8497.89	7.381
8502.90	7.381
8507.91	7.381
8512.93	7.381
8517.94	7.381
8522.95	7.380
8527.96	7.380
8532.97	7.380
8537.98	7.380
8543.00	7.380
8548.02	7.380
8553.03	7.380
8558.04	7.380
8563.06	7.380
8568.07	7.380
8573.09	7.380
8578.10	7.379
8583.12	7.379
8588.13	7.379
8593.14	7.379
8598.15	7.379
8603.16	7.379
8608.17	7.379
8613.19	7.379
8618.20	7.378
8623.21	7.378
8628.22	7.378
8633.24	7.378
8638.25	7.378
8643.26	7.378
8648.28	7.378
8653.29	7.377
8658.31	7.377
8663.32	7.377
8668.34	7.377
8673.35	7.377
8678.36	7.377
8683.37	7.377
8688.39	7.377
8693.40	7.376
8698.41	7.376
8703.42	7.376
8708.43	7.376
8713.44	7.376
8718.46	7.376
8723.47	7.376
8728.48	7.375
8733.49	7.375
8738.50	7.375
8743.51	7.375
8748.53	7.375
8753.54	7.375
8758.55	7.375
8763.56	7.375
8768.57	7.374
8773.58	7.374
8778.60	7.374
8783.61	7.374
8788.62	7.374
8793.63	7.374
8798.64	7.374
8803.65	7.374
8808.66	7.373
8813.67	7.373
8818.69	7.373
8823.70	7.373
8828.71	7.373
8833.72	7.373
8838.73	7.373
8843.74	7.373
8848.76	7.372
8853.77	7.372
8858.78	7.372
8863.79	7.372
8868.80	7.372
8873.81	7.372
8878.82	7.372
8883.84	7.371
8888.85	7.372
8893.86	7.371
8898.87	7.371
8903.88	7.371
8908.89	7.371
8913.91	7.370
8918.92	7.370
8923.93	7.370
8928.94	7.370
8933.95	7.370
8938.96	7.370
8943.98	7.370
8948.99	7.369
8954.00	7.369
8959.01	7.369
8964.02	7.369
8969.03	7.369
8974.04	7.369
8979.06	7.369
8984.07	7.369
8989.08	7.368
8994.09	7.368
8999.10	7.368
9004.11	7.368
9009.13	7.368
9014.14	7.368
9019.16	7.367
9024.17	7.367
9029.18	7.367
9034.20	7.367
9039.21	7.367
9044.23	7.367
9049.24	7.367
9054.26	7.366
9059.27	7.366
9064.28	7.366
9069.29	7.366
9074.30	7.366
9079.32	7.366
9084.33	7.366
9089.34	7.365
9094.36	7.365
9099.38	7.365
9104.39	7.365
9109.40	7.365
9114.42	7.364
9119.43	7.364
9124.44	7.364
9129.45	7.364
9134.47	7.364
9139.48	7.364
9144.49	7.364
9149.50	7.363
9154.51	7.363
9159.52	7.363
9164.54	7.363
9169.55	7.362
9174.56	7.362
9179.57	7.362
9184.58	7.362
9189.59	7.362
9194.61	7.362
9199.62	7.361
9204.63	7.361
9209.64	7.361
9214.65	7.361
9219.66	7.361
9224.67	7.361
9229.69	7.360
9234.70	7.360
9239.71	7.360
9244.72	7.360
9249.73	7.360
9254.74	7.360
9259.76	7.359
9264.77	7.359
9269.78	7.359
9274.79	7.359
9279.80	7.359
9284.81	7.358
9289.83	7.358
9294.84	7.358
9299.85	7.358
9304.86	7.358
9309.87	7.357
9314.88	7.358
9319.89	7.357
9324.91	7.357
9329.92	7.357
9334.93	7.357
9339.94	7.356
9344.95	7.356
9349.96	7.356
9354.98	7.356
9359.99	7.356
9365.00	7.356
9370.01	7.355
9375.02	7.355
9380.03	7.355
9385.04	7.355
9390.06	7.354
9395.07	7.354
9400.08	7.354
9405.09	7.354
9410.10	7.354
9415.11	7.353
9420.13	7.353
9425.14	7.353
9430.15	7.353
9435.16	7.353
9440.17	7.353
9445.18	7.352
9450.20	7.352
9455.21	7.352
9460.22	7.351
9465.23	7.351
9470.24	7.351
9475.25	7.351
9480.27	7.351
9485.28	7.350
9490.29	7.350
9495.30	7.350
9500.31	7.350
9505.32	7.350
9510.34	7.349
9515.35	7.349
9520.36	7.349
9525.37	7.349
9530.38	7.349
9535.39	7.348
9540.40	7.348
9545.42	7.348
9550.43	7.348
9555.44	7.347
9560.45	7.347
9565.46	7.347
9570.47	7.347
9575.49	7.346
9580.50	7.346
9585.51	7.346
9590.52	7.346
9595.53	7.346
9600.54	7.345
9605.55	7.345
9610.57	7.345
9615.58	7.344
9620.59	7.344
9625.60	7.344
9630.61	7.344
9635.62	7.343
9640.64	7.343
9645.65	7.343
9650.66	7.343
9655.67	7.342
9660.68	7.342
9665.69	7.342
9670.71	7.341
9675.72	7.341
9680.73	7.341
9685.74	7.341
9690.75	7.340
9695.77	7.340
9700.78	7.340
9705.79	7.340
9710.80	7.339
9715.81	7.339
9720.82	7.339
9725.84	7.338
9730.85	7.338
9735.86	7.338
9740.87	7.337
9745.88	7.337
9750.89	7.337
9755.90	7.336
9760.92	7.336
9765.93	7.336
9770.94	7.336
9775.95	7.335
9780.96	7.335
9785.97	7.335
9790.99	7.335
9796.00	7.334
9801.01	7.334
9806.02	7.334
9811.03	7.333
9816.04	7.333
9821.06	7.333
9826.07	7.333
9831.08	7.332
9836.09	7.332
9841.10	7.331
9846.11	7.331
9851.12	7.331
9856.14	7.330
9861.15	7.330
9866.16	7.330
9871.17	7.329
9876.18	7.329
9881.19	7.329
9886.21	7.329
9891.22	7.328
9896.23	7.328
9901.24	7.328
9906.25	7.327
9911.26	7.327
9916.28	7.327
9921.29	7.326
9926.30	7.326
9931.31	7.325
9936.32	7.325
9941.33	7.325
9946.34	7.324
9951.36	7.324
9956.37	7.323
9961.38	7.323
9966.39	7.323
9971.40	7.322
9976.41	7.322
9981.43	7.321
9986.44	7.321
9991.45	7.321
9996.46	7.320
10001.47	7.320
10006.48	7.320
10011.49	7.319
10016.51	7.319
10021.52	7.319
10026.53	7.318
10031.54	7.318
10036.55	7.317
10041.56	7.317
10046.58	7.316
10051.59	7.316
10056.60	7.316
10061.61	7.315
10066.62	7.315
10071.63	7.314
10076.64	7.314
10081.66	7.314
10086.67	7.313
10091.68	7.313
10096.69	7.312
10101.70	7.312
10106.71	7.311
10111.73	7.311
10116.74	7.310
10121.75	7.310
10126.76	7.310
10131.77	7.309
10136.78	7.309
10141.80	7.308
10146.81	7.308
10151.82	7.307
10156.83	7.307
10161.84	7.307
10166.85	7.306
10171.87	7.306
10176.88	7.305
10181.89	7.305
10186.90	7.304
10191.91	7.304
10196.92	7.303
10201.93	7.303
10206.95	7.302
10211.96	7.302
10216.97	7.301
10221.98	7.301
10226.99	7.300
10232.00	7.300
10237.02	7.299
10242.03	7.299
10247.04	7.298
10252.05	7.298
10257.06	7.297
10262.07	7.297
10267.09	7.296
10272.10	7.295
10277.11	7.295
10282.12	7.295
10287.13	7.294
10292.14	7.294
10297.15	7.293
10302.17	7.292
10307.18	7.292
10312.19	7.291
10317.20	7.291
10322.21	7.290
10327.22	7.289
10332.23	7.289
10337.25	7.288
10342.26	7.288
10347.27	7.287
10352.28	7.287
10357.29	7.286
10362.30	7.286
10367.32	7.285
10372.33	7.285
10377.34	7.284
10382.35	7.284
10387.36	7.283
10392.37	7.282
10397.38	7.282
10402.40	7.281
10407.41	7.281
10412.42	7.280
10417.43	7.279
10422.44	7.279
10427.45	7.278
10432.47	7.277
10437.48	7.277
10442.49	7.276
10447.50	7.276
10452.51	7.275
10457.52	7.275
10462.53	7.274
10467.55	7.273
10472.56	7.273
10477.57	7.272
10482.58	7.272
10487.59	7.271
10492.60	7.270
10497.62	7.270
10502.63	7.269
10507.64	7.268
10512.65	7.268
10517.66	7.267
10522.67	7.266
10527.68	7.266
10532.70	7.265
10537.71	7.264
10542.72	7.264
10547.73	7.263
10552.74	7.263
10557.75	7.262
10562.77	7.261
10567.78	7.261
10572.79	7.260
10577.80	7.259
10582.81	7.259
10587.82	7.258
10592.83	7.257
10597.85	7.257
10602.86	7.256
10607.87	7.255
10612.88	7.255
10617.89	7.254
10622.90	7.253
10627.92	7.253
10632.93	7.252
10637.94	7.251
10642.95	7.250
10647.96	7.250
10652.97	7.249
10657.98	7.249
10663.00	7.248
10668.01	7.247
10673.02	7.246
10678.03	7.246
10683.04	7.245
10688.06	7.244
10693.07	7.244
10698.08	7.243
10703.09	7.242
10708.10	7.242
10713.11	7.241
10718.13	7.240
10723.14	7.239
10728.15	7.239
10733.16	7.238
10738.17	7.237
10743.18	7.237
10748.20	7.236
10753.21	7.235
10758.22	7.234
10763.23	7.233
10768.24	7.233
10773.25	7.232
10778.26	7.232
10783.28	7.231
10788.29	7.230
10793.30	7.230
10798.31	7.229
10803.32	7.228
10808.33	7.227
10813.35	7.226
10818.36	7.226
10823.37	7.225
10828.38	7.224
10833.39	7.223
10838.40	7.223
10843.41	7.222
10848.43	7.221
10853.44	7.221
10858.45	7.220
10863.46	7.219
10868.47	7.218
10873.48	7.218
10878.50	7.217
10883.51	7.216
10888.52	7.215
10893.53	7.215
10898.54	7.214
10903.55	7.213
10908.56	7.212
10913.58	7.212
10918.59	7.211
10923.60	7.210
10928.61	7.209
10933.62	7.208
10938.63	7.208
10943.64	7.207
10948.66	7.206
10953.67	7.205
10958.68	7.204
10963.69	7.204
10968.70	7.203
10973.71	7.202
10978.73	7.201
10983.74	7.200
10988.75	7.200
10993.76	7.199
10998.77	7.198
11003.78	7.197
11008.80	7.196
11013.81	7.196
11018.82	7.195
11023.83	7.194
11028.84	7.193
11033.85	7.193
11038.86	7.192
11043.88	7.191
11048.89	7.190
11053.90	7.190
11058.91	7.189
11063.92	7.188
11068.93	7.187
11073.95	7.187
11078.96	7.186
11083.97	7.185
11088.98	7.184
11093.99	7.183
11099.00	7.183
11104.02	7.182
11109.03	7.181
11114.04	7.180
11119.06	7.179
11124.08	7.178
11129.09	7.177
11134.10	7.177
11139.12	7.176
11144.13	7.175
11149.14	7.174
11154.16	7.173
11159.17	7.173
11164.19	7.172
11169.20	7.171
11174.22	7.170
11179.23	7.169
11184.25	7.169
11189.26	7.168
11194.28	7.167
11199.29	7.166
11204.31	7.165
11209.32	7.164
11214.33	7.164
11219.34	7.163
11224.35	7.162
11229.37	7.161
11234.38	7.160
11239.39	7.159
11244.40	7.158
11249.41	7.157
11254.42	7.157
11259.43	7.156
11264.45	7.155
11269.46	7.154
11274.47	7.153
11279.48	7.152
11284.49	7.151
11289.50	7.150
11294.52	7.150
11299.53	7.149
11304.54	7.148
11309.55	7.147
11314.56	7.146
11319.57	7.146
11324.59	7.145
11329.60	7.144
11334.61	7.143
11339.62	7.142
11344.63	7.141
11349.64	7.140
11354.65	7.139
11359.67	7.138
11364.68	7.138
11369.69	7.137
11374.70	7.136
11379.71	7.135
11384.72	7.134
11389.74	7.133
11394.75	7.132
11399.76	7.132
11404.77	7.131
11409.78	7.130
11414.79	7.129
11419.80	7.128
11424.82	7.127
11429.83	7.126
11434.84	7.125
11439.85	7.125
11444.86	7.124
11449.87	7.123
11454.89	7.122
11459.90	7.121
11464.91	7.120
11469.92	7.119
11474.93	7.118
11479.94	7.117
11484.95	7.117
11489.97	7.116
11494.98	7.115
11499.99	7.114
11505.01	7.113
11510.02	7.112
11515.04	7.111
11520.05	7.110
11525.06	7.109
11530.08	7.108
11535.09	7.107
11540.11	7.107
11545.12	7.106
11550.14	7.105
11555.15	7.104
11560.17	7.103
11565.18	7.102
11570.19	7.101
11575.20	7.100
11580.21	7.099
11585.22	7.098
11590.24	7.097
11595.25	7.096
11600.26	7.095
11605.27	7.095
11610.28	7.094
11615.29	7.093
11620.31	7.092
11625.32	7.091
11630.33	7.090
11635.34	7.089
11640.35	7.088
11645.36	7.087
11650.37	7.086
11655.39	7.085
11660.40	7.084
11665.41	7.083
11670.42	7.083
11675.43	7.082
11680.44	7.080
11685.45	7.080
11690.47	7.079
11695.48	7.078
11700.49	7.077
11705.50	7.076
11710.51	7.075
11715.52	7.074
11720.53	7.073
11725.55	7.072
11730.56	7.071
11735.57	7.070
11740.58	7.069
11745.59	7.068
11750.60	7.067
11755.62	7.066
11760.63	7.065
11765.64	7.064
11770.65	7.063
11775.66	7.062
11780.67	7.061
11785.68	7.060
11790.70	7.059
11795.71	7.058
11800.72	7.057
11805.73	7.056
11810.74	7.055
11815.75	7.054
11820.77	7.053
11825.78	7.052
11830.79	7.051
11835.80	7.050
11840.81	7.049
11845.82	7.048
11850.84	7.048
11855.85	7.047
11860.86	7.046
11865.87	7.045
11870.88	7.044
11875.89	7.043
11880.90	7.041
11885.91	7.040
11890.93	7.039
11895.94	7.038
11900.95	7.038
11905.96	7.037
11910.97	7.035
11915.98	7.035
11921.00	7.033
11926.01	7.032
11931.02	7.031
11936.03	7.030
11941.04	7.029
11946.05	7.028
11951.07	7.027
11956.08	7.026
11961.09	7.025
11966.10	7.024
11971.11	7.023
11976.12	7.022
11981.13	7.021
11986.15	7.020
11991.16	7.019
11996.17	7.018
12001.18	7.017
12006.19	7.016
12011.20	7.015
12016.22	7.014
12021.23	7.013
12026.24	7.012
12031.25	7.011
12036.26	7.010
12041.27	7.009
12046.28	7.008
12051.30	7.007
12056.31	7.006
12061.32	7.005
12066.33	7.003
12071.34	7.002
12076.35	7.001
12081.37	7.000
12086.38	6.999
12091.39	6.998
12096.41	6.997
12101.42	6.996
12106.44	6.995
12111.45	6.994
12116.47	6.993
12121.48	6.992
12126.50	6.991
12131.51	6.990
12136.53	6.989
12141.54	6.988
12146.55	6.986
12151.57	6.986
12156.58	6.984
12161.59	6.983
12166.60	6.982
12171.62	6.981
12176.63	6.980
12181.64	6.979
12186.65	6.978
12191.66	6.977
12196.67	6.976
12201.69	6.974
12206.70	6.973
12211.71	6.972
12216.72	6.971
12221.73	6.970
12226.74	6.969
12231.76	6.968
12236.77	6.967
12241.78	6.966
12246.79	6.965
12251.80	6.964
12256.81	6.963
12261.82	6.961
12266.84	6.960
12271.85	6.959
12276.86	6.958
12281.87	6.957
12286.88	6.956
12291.89	6.955
12296.91	6.954
12301.92	6.953
12306.93	6.952
12311.94	6.950
12316.95	6.949
12321.96	6.948
12326.98	6.947
12331.99	6.946
12337.00	6.945
12342.01	6.944
12347.02	6.942
12352.03	6.941
12357.04	6.940
12362.06	6.939
12367.07	6.938
12372.08	6.937
12377.09	6.935
12382.10	6.934
12387.11	6.933
12392.13	6.932
12397.14	6.931
12402.15	6.930
12407.16	6.929
12412.17	6.927
12417.18	6.926
12422.20	6.925
12427.21	6.924
12432.22	6.923
12437.23	6.922
12442.24	6.920
12447.26	6.919
12452.27	6.918
12457.29	6.917
12462.30	6.916
12467.31	6.915
12472.33	6.913
12477.34	6.912
12482.35	6.911
12487.37	6.910
12492.38	6.909
12497.40	6.907
12502.42	6.906
12507.43	6.905
12512.45	6.904
12517.48	6.903
12522.49	6.902
12527.50	6.900
12532.52	6.899
12537.53	6.898
12542.55	6.897
12547.56	6.896
12552.57	6.894
12557.58	6.893
12562.59	6.892
12567.60	6.891
12572.62	6.890
12577.63	6.888
12582.64	6.887
12587.65	6.886
12592.66	6.885
12597.67	6.884
12602.69	6.882
12607.70	6.881
12612.71	6.880
12617.72	6.879
12622.73	6.877
12627.75	6.876
12632.77	6.875
12637.78	6.874
12642.80	6.873
12647.81	6.871
12652.83	6.870
12657.84	6.869
12662.85	6.867
12667.87	6.866
12672.88	6.865
12677.90	6.864
12682.91	6.863
12687.93	6.861
12692.94	6.860
12697.95	6.859
12702.96	6.858
12707.97	6.856
12712.99	6.855
12718.00	6.854
12723.01	6.852
12728.02	6.851
12733.03	6.850
12738.04	6.849
12743.06	6.847
12748.07	6.846
12753.08	6.845
12758.09	6.844
12763.10	6.842
12768.11	6.841
12773.13	6.840
12778.14	6.838
12783.15	6.837
12788.16	6.836
12793.17	6.835
12798.18	6.833
12803.19	6.832
12808.21	6.831
12813.22	6.829
12818.23	6.828
12823.24	6.827
12828.25	6.825
12833.26	6.824
12838.28	6.823
12843.29	6.822
12848.30	6.820
12853.31	6.819
12858.32	6.818
12863.33	6.816
12868.35	6.815
12873.36	6.814
12878.37	6.812
12883.38	6.811
12888.39	6.810
12893.40	6.808
12898.42	6.807
12903.43	6.806
12908.44	6.804
12913.45	6.803
12918.46	6.802
12923.47	6.800
12928.48	6.799
12933.50	6.798
12938.51	6.796
12943.52	6.795
12948.53	6.794
12953.54	6.792
12958.55	6.791
12963.57	6.790
12968.58	6.788
12973.59	6.787
12978.60	6.785
12983.61	6.784
12988.62	6.782
12993.63	6.781
12998.64	6.780
13003.66	6.778
13008.67	6.777
13013.68	6.776
13018.69	6.774
13023.70	6.773
13028.71	6.772
13033.73	6.770
13038.74	6.769
13043.75	6.767
13048.76	6.766
13053.77	6.765
13058.78	6.763
13063.79	6.762
13068.81	6.761
13073.82	6.759
13078.83	6.758
13083.84	6.756
13088.85	6.755
13093.86	6.754
13098.88	6.752
13103.89	6.751
13108.90	6.749
13113.91	6.748
13118.92	6.746
13123.93	6.745
13128.95	6.743
13133.96	6.742
13138.97	6.741
13143.98	6.739
13148.99	6.738
13154.00	6.736
13159.02	6.735
13164.03	6.733
13169.04	6.732
13174.05	6.730
13179.06	6.729
13184.07	6.727
13189.08	6.726
13194.10	6.725
13199.11	6.723
13204.12	6.722
13209.13	6.720
13214.14	6.719
13219.15	6.717
13224.17	6.716
13229.18	6.714
13234.19	6.713
13239.20	6.711
13244.21	6.710
13249.22	6.708
13254.24	6.707
13259.25	6.705
13264.26	6.704
13269.27	6.702
13274.28	6.701
13279.29	6.699
13284.30	6.698
13289.32	6.696
13294.33	6.695
13299.34	6.694
13304.36	6.692
13309.37	6.691
13314.38	6.689
13319.39	6.687
13324.41	6.686
13329.42	6.684
13334.43	6.683
13339.44	6.681
13344.45	6.680
13349.46	6.678
13354.48	6.677
13359.49	6.675
13364.50	6.674
13369.51	6.672
13374.52	6.670
13379.54	6.669
13384.56	6.668
13389.57	6.666
13394.58	6.665
13399.60	6.663
13404.61	6.662
13409.62	6.660
13414.63	6.658
13419.65	6.657
13424.66	6.655
13429.67	6.654
13434.68	6.652
13439.69	6.650
13444.70	6.649
13449.71	6.647
13454.73	6.646
13459.74	6.644
13464.75	6.643
13469.76	6.641
13474.77	6.639
13479.78	6.638
13484.79	6.636
13489.81	6.635
13494.82	6.633
13499.83	6.631
13504.84	6.630
13509.86	6.628
13514.87	6.627
13519.88	6.625
13524.90	6.623
13529.91	6.622
13534.92	6.620
13539.94	6.619
13544.96	6.617
13549.97	6.615
13554.99	6.613
13560.00	6.612
13565.02	6.610
13570.03	6.609
13575.05	6.607
13580.06	6.606
13585.08	6.604
13590.09	6.602
13595.10	6.601
13600.11	6.599
13605.13	6.597
13610.14	6.596
13615.15	6.594
13620.16	6.592
13625.17	6.591
13630.18	6.589
13635.20	6.587
13640.22	6.586
13645.23	6.584
13650.25	6.582
13655.26	6.581
13660.28	6.579
13665.29	6.577
13670.31	6.576
13675.32	6.574
13680.33	6.572
13685.35	6.570
13690.36	6.569
13695.38	6.567
13700.39	6.565
13705.40	6.563
13710.41	6.562
13715.42	6.560
13720.44	6.559
13725.45	6.557
13730.46	6.555
13735.47	6.553
13740.48	6.552
13745.51	6.550
13750.52	6.548
13755.53	6.546
13760.55	6.545
13765.56	6.543
13770.58	6.541
13775.59	6.540
13780.60	6.538
13785.62	6.536
13790.64	6.534
13795.65	6.533
13800.66	6.531
13805.67	6.529
13810.68	6.527
13815.69	6.526
13820.71	6.524
13825.72	6.522
13830.73	6.520
13835.75	6.519
13840.76	6.517
13845.78	6.515
13850.79	6.513
13855.81	6.511
13860.82	6.510
13865.83	6.508
13870.85	6.506
13875.86	6.504
13880.87	6.502
13885.88	6.501
13890.90	6.499
13895.91	6.497
13900.92	6.495
13905.93	6.493
13910.94	6.492
13915.95	6.490
13920.96	6.488
13925.98	6.486
13930.99	6.484
13936.00	6.482
13941.01	6.481
13946.02	6.479
13951.03	6.477
13956.04	6.475
13961.06	6.473
13966.07	6.472
13971.08	6.470
13976.09	6.468
13981.10	6.466
13986.11	6.464
13991.13	6.462
13996.14	6.460
14001.15	6.458
14006.17	6.457
14011.18	6.455
14016.19	6.453
14021.21	6.451
14026.22	6.449
14031.23	6.447
14036.24	6.445
14041.25	6.443
14046.26	6.441
14051.28	6.439
14056.29	6.437
14061.30	6.435
14066.31	6.434
14071.32	6.432
14076.33	6.430
14081.35	6.428
14086.36	6.426
14091.37	6.424
14096.38	6.422
14101.39	6.420
14106.40	6.418
14111.41	6.416
14116.43	6.414
14121.44	6.412
14126.45	6.410
14131.46	6.408
14136.47	6.406
14141.48	6.404
14146.50	6.402
14151.51	6.400
14156.52	6.398
14161.53	6.396
14166.54	6.394
14171.55	6.392
14176.57	6.390
14181.58	6.388
14186.60	6.386
14191.62	6.384
14196.63	6.382
14201.64	6.379
14206.66	6.377
14211.67	6.375
14216.69	6.373
14221.70	6.371
14226.71	6.369
14231.73	6.367
14236.75	6.365
14241.76	6.363
14246.77	6.361
14251.78	6.359
14256.79	6.356
14261.81	6.354
14266.82	6.352
14271.83	6.350
14276.84	6.348
14281.86	6.346
14286.87	6.343
14291.88	6.341
14296.89	6.339
14301.90	6.337
14306.91	6.335
14311.92	6.332
14316.93	6.330
14321.93	6.328
14326.94	6.326
14331.95	6.323
14336.96	6.321
14341.97	6.319
14346.98	6.317
14351.99	6.314
14356.99	6.312
14362.00	6.310
14367.01	6.308
14372.02	6.305
14377.03	6.303
14382.04	6.301
14387.05	6.298
14392.05	6.296
14397.06	6.294
14402.07	6.291
14407.08	6.289
14412.09	6.287
14417.10	6.284
14422.11	6.282
14427.11	6.279
14432.12	6.277
14437.13	6.275
14442.14	6.272
14447.15	6.270
14452.16	6.268
14457.16	6.265
14462.17	6.263
14467.18	6.260
14472.19	6.258
14477.20	6.255
14482.21	6.253
14487.22	6.251
14492.22	6.248
14497.23	6.246
14502.24	6.243
14507.25	6.241
14512.26	6.239
14517.27	6.236
14522.27	6.234
14527.28	6.231
14532.29	6.229
14537.30	6.226
14542.31	6.224
14547.32	6.221
14552.33	6.219
14557.33	6.217
14562.34	6.214
14567.35	6.212
14572.36	6.209
14577.37	6.207
14582.38	6.204
14587.38	6.202
14592.39	6.199
14597.40	6.197
14602.41	6.194
14607.42	6.192
14612.43	6.190
14617.44	6.187
14622.44	6.185
14627.45	6.182
14632.46	6.180
14637.47	6.177
14642.48	6.175
14647.49	6.173
14652.49	6.170
14657.50	6.168
14662.51	6.165
14667.52	6.163
14672.53	6.160
14677.54	6.158
14682.54	6.155
14687.55	6.153
14692.56	6.150
14697.57	6.148
14702.58	6.146
14707.59	6.143
14712.60	6.141
14717.60	6.138
14722.61	6.136
14727.62	6.134
14732.63	6.131
14737.64	6.129
14742.65	6.126
14747.66	6.124
14752.66	6.121
14757.67	6.119
14762.68	6.116
14767.69	6.114
14772.70	6.112
14777.71	6.109
14782.72	6.107
14787.72	6.104
14792.73	6.102
14797.74	6.099
14802.75	6.097
14807.76	6.095
14812.77	6.092
14817.77	6.090
14822.78	6.087
14827.79	6.085
14832.80	6.083
14837.81	6.080
14842.82	6.078
14847.83	6.075
14852.83	6.073
14857.84	6.071
14862.85	6.068
14867.86	6.066
14872.87	6.063
14877.88	6.061
14882.88	6.059
14887.89	6.056
14892.90	6.054
14897.91	6.052
14902.92	6.049
14907.93	6.047
14912.94	6.044
14917.94	6.042
14922.95	6.040
14927.96	6.037
14932.97	6.035
14937.98	6.033
14942.99	6.030
14948.00	6.028
14953.00	6.026
14958.01	6.023
14963.02	6.021
14968.03	6.018
14973.04	6.016
14978.04	6.014
14983.05	6.012
14988.06	6.009
14993.07	6.007
14998.08	6.005
15003.09	6.002
15008.10	6.000
15013.10	5.998
15018.11	5.995
15023.12	5.993
15028.13	5.991
15033.14	5.989
15038.15	5.986
15043.15	5.984
15048.16	5.982
15053.17	5.979
15058.18	5.977
15063.19	5.975
15068.20	5.973
15073.21	5.970
