2.51	7.900
7.52	7.900
12.53	7.900
17.54	7.900
22.56	7.900
27.57	7.900
32.58	7.900
37.59	7.900
42.60	7.900
47.61	7.899
52.62	7.900
57.64	7.899
62.65	7.693
67.66	7.698
72.67	7.701
77.68	7.703
82.69	7.705
87.71	7.706
92.72	7.706
97.73	7.706
102.74	7.706
107.75	7.706
112.76	7.706
117.77	7.706
122.79	7.705
127.80	7.705
132.81	7.705
137.82	7.704
142.83	7.703
147.84	7.703
152.86	7.703
157.87	7.702
162.88	7.702
167.89	7.701
172.90	7.701
177.91	7.700
182.92	7.700
187.94	7.699
192.95	7.699
197.96	7.698
202.97	7.698
207.98	7.698
212.99	7.697
218.01	7.697
223.02	7.696
228.03	7.696
233.04	7.696
238.05	7.696
243.06	7.695
248.07	7.695
253.09	7.694
258.10	7.694
263.11	7.694
268.12	7.694
273.13	7.693
278.14	7.693
283.15	7.693
288.17	7.692
293.18	7.692
298.19	7.692
303.20	7.691
308.21	7.691
313.22	7.691
318.23	7.690
323.25	7.690
328.26	7.690
333.27	7.690
338.28	7.690
343.29	7.689
348.30	7.689
353.32	7.688
358.33	7.688
363.34	7.688
368.35	7.688
373.36	7.687
378.37	7.687
383.38	7.687
388.40	7.687
393.41	7.687
398.42	7.686
403.43	7.686
408.44	7.686
413.45	7.686
418.47	7.685
423.48	7.685
428.49	7.685
433.50	7.685
438.51	7.684
443.52	7.684
448.54	7.684
453.55	7.684
458.56	7.683
463.57	7.683
468.58	7.683
473.59	7.682
478.60	7.682
483.62	7.682
488.63	7.682
493.64	7.681
498.65	7.681
503.66	7.681
508.67	7.681
513.68	7.681
518.69	7.680
523.71	7.680
528.72	7.680
533.73	7.680
538.74	7.679
543.75	7.679
548.76	7.679
553.78	7.678
558.79	7.678
563.80	7.678
568.81	7.678
573.82	7.677
578.83	7.677
583.85	7.677
588.86	7.677
593.87	7.677
598.88	7.676
603.89	7.676
608.90	7.676
613.91	7.676
618.93	7.675
623.94	7.675
628.95	7.675
633.96	7.675
638.97	7.675
643.98	7.674
649.00	7.674
654.01	7.674
659.02	7.674
664.03	7.673
669.04	7.673
674.05	7.673
679.06	7.673
684.08	7.672
689.09	7.672
694.10	7.672
699.11	7.671
704.12	7.671
709.13	7.671
714.14	7.671
719.15	7.671
724.17	7.670
729.18	7.670
734.19	7.670
739.20	7.670
744.21	7.669
749.22	7.669
754.24	7.669
759.25	7.669
764.26	7.668
769.27	7.668
774.28	7.668
779.29	7.667
784.30	7.667
789.32	7.667
794.33	7.667
799.34	7.667
804.35	7.666
809.36	7.666
814.37	7.666
819.39	7.666
824.40	7.666
829.41	7.665
834.42	7.665
839.44	7.665
844.45	7.665
849.46	7.664
854.47	7.664
859.48	7.664
864.49	7.664
869.51	7.663
874.52	7.663
879.53	7.663
884.55	7.663
889.56	7.663
894.58	7.663
899.59	7.662
904.61	7.662
909.62	7.662
914.63	7.661
919.64	7.661
924.66	7.661
929.67	7.661
934.68	7.661
939.69	7.660
944.70	7.660
949.71	7.660
954.72	7.660
959.74	7.660
964.75	7.659
969.76	7.659
974.77	7.659
979.78	7.658
984.79	7.658
989.81	7.658
994.82	7.658
999.83	7.658
1004.84	7.657
1009.85	7.657
1014.87	7.657
1019.88	7.657
1024.89	7.657
1029.90	7.656
1034.91	7.656
1039.93	7.656
1044.94	7.656
1049.95	7.655
1054.96	7.655
1059.97	7.655
1064.98	7.655
1069.99	7.655
1075.01	7.654
1080.02	7.654
1085.03	7.654
1090.04	7.654
1095.05	7.654
1100.06	7.653
1105.08	7.653
1110.09	7.653
1115.10	7.652
1120.11	7.652
1125.12	7.652
1130.13	7.652
1135.14	7.651
1140.16	7.651
1145.17	7.651
1150.18	7.651
1155.19	7.651
1160.20	7.650
1165.21	7.650
1170.23	7.650
1175.24	7.650
1180.25	7.650
1185.26	7.650
1190.27	7.649
1195.28	7.649
1200.30	7.649
1205.31	7.649
1210.32	7.649
1215.33	7.648
1220.34	7.648
1225.35	7.648
1230.36	7.647
1235.38	7.647
1240.39	7.647
1245.40	7.647
1250.41	7.647
1255.42	7.647
1260.43	7.646
1265.45	7.646
1270.46	7.646
1275.47	7.646
1280.48	7.645
1285.49	7.645
1290.50	7.645
1295.52	7.645
1300.53	7.645
1305.54	7.644
1310.55	7.644
1315.56	7.644
1320.57	7.644
1325.58	7.644
1330.60	7.643
1335.61	7.643
1340.62	7.643
1345.63	7.643
1350.64	7.642
1355.65	7.642
1360.67	7.642
1365.68	7.642
1370.69	7.642
1375.71	7.641
1380.72	7.641
1385.73	7.641
1390.74	7.641
1395.75	7.640
1400.76	7.640
1405.78	7.640
1410.79	7.640
1415.80	7.640
1420.81	7.639
1425.82	7.639
1430.83	7.639
1435.84	7.639
1440.85	7.639
1445.87	7.638
1450.88	7.638
1455.89	7.638
1460.90	7.638
1465.91	7.638
1470.92	7.637
1475.93	7.637
1480.95	7.637
1485.96	7.637
1490.97	7.637
1495.98	7.636
1500.99	7.636
1506.00	7.636
1511.01	7.636
1516.03	7.635
1521.04	7.635
1526.05	7.635
1531.06	7.635
1536.07	7.635
1541.08	7.634
1546.09	7.634
1551.11	7.634
1556.12	7.634
1561.13	7.633
1566.14	7.633
1571.15	7.633
1576.16	7.633
1581.18	7.633
1586.19	7.633
1591.20	7.632
1596.21	7.632
1601.22	7.632
1606.23	7.632
1611.25	7.632
1616.26	7.631
1621.27	7.631
1626.29	7.631
1631.30	7.631
1636.32	7.630
1641.33	7.630
1646.35	7.630
1651.36	7.630
1656.37	7.630
1661.38	7.629
1666.40	7.629
1671.41	7.629
1676.42	7.629
1681.43	7.628
1686.44	7.628
1691.45	7.628
1696.46	7.628
1701.48	7.628
1706.49	7.627
1711.50	7.627
1716.52	7.627
1721.53	7.627
1726.55	7.626
1731.56	7.626
1736.58	7.626
1741.59	7.626
1746.60	7.626
1751.61	7.626
1756.62	7.625
1761.64	7.625
1766.65	7.625
1771.67	7.625
1776.68	7.624
1781.70	7.624
1786.71	7.624
1791.72	7.624
1796.74	7.623
1801.75	7.623
1806.76	7.623
1811.77	7.623
1816.78	7.623
1821.79	7.622
1826.81	7.622
1831.82	7.622
1836.83	7.622
1841.85	7.622
1846.86	7.621
1851.87	7.621
1856.88	7.621
1861.89	7.621
1866.90	7.621
1871.92	7.620
1876.93	7.620
1881.94	7.620
1886.95	7.620
1891.96	7.619
1896.97	7.619
1901.98	7.619
1907.00	7.619
1912.01	7.619
1917.02	7.618
1922.03	7.618
1927.04	7.618
1932.05	7.617
1937.07	7.617
1942.08	7.617
1947.09	7.617
1952.10	7.617
1957.11	7.616
1962.12	7.616
1967.13	7.616
1972.15	7.616
1977.16	7.616
1982.17	7.615
1987.18	7.615
1992.19	7.615
1997.20	7.615
2002.22	7.615
2007.23	7.614
2012.24	7.614
2017.25	7.614
2022.26	7.614
2027.27	7.614
2032.29	7.613
2037.30	7.613
2042.31	7.613
2047.32	7.613
2052.33	7.612
2057.34	7.612
2062.35	7.612
2067.37	7.612
2072.38	7.612
2077.39	7.611
2082.40	7.611
2087.41	7.611
2092.42	7.611
2097.44	7.611
2102.45	7.610
2107.46	7.610
2112.47	7.610
2117.48	7.610
2122.49	7.610
2127.50	7.609
2132.52	7.609
2137.53	7.609
2142.54	7.609
2147.55	7.609
2152.56	7.608
2157.57	7.608
2162.59	7.608
2167.60	7.608
2172.62	7.608
2177.63	7.607
2182.65	7.607
2187.66	7.607
2192.67	7.607
2197.68	7.606
2202.70	7.606
2207.71	7.606
2212.73	7.606
2217.74	7.606
2222.76	7.605
2227.77	7.605
2232.78	7.605
2237.79	7.604
2242.80	7.604
2247.82	7.604
2252.83	7.604
2257.84	7.604
2262.86	7.603
2267.87	7.603
2272.89	7.603
2277.90	7.603
2282.91	7.603
2287.92	7.602
2292.94	7.602
2297.95	7.602
2302.96	7.602
2307.97	7.602
2312.98	7.601
2317.99	7.601
2323.01	7.601
2328.03	7.601
2333.04	7.600
2338.06	7.600
2343.08	7.600
2348.09	7.600
2353.10	7.600
2358.11	7.599
2363.12	7.599
2368.13	7.599
2373.15	7.599
2378.16	7.599
2383.17	7.598
2388.18	7.598
2393.19	7.598
2398.20	7.598
2403.21	7.598
2408.23	7.597
2413.24	7.597
2418.25	7.597
2423.26	7.597
2428.27	7.596
2433.28	7.596
2438.30	7.596
2443.31	7.596
2448.32	7.596
2453.33	7.596
2458.34	7.595
2463.35	7.595
2468.37	7.595
2473.38	7.595
2478.39	7.594
2483.40	7.594
2488.41	7.594
2493.42	7.594
2498.43	7.594
2503.45	7.593
2508.46	7.593
2513.47	7.593
2518.48	7.593
2523.49	7.593
2528.50	7.592
2533.52	7.592
2538.53	7.592
2543.54	7.591
2548.55	7.591
2553.56	7.591
2558.57	7.591
2563.59	7.591
2568.60	7.590
2573.61	7.590
2578.62	7.590
2583.63	7.590
2588.64	7.589
2593.65	7.589
2598.66	7.589
2603.68	7.589
2608.69	7.589
2613.70	7.588
2618.71	7.588
2623.72	7.588
2628.73	7.588
2633.75	7.588
2638.76	7.588
2643.77	7.587
2648.78	7.587
2653.79	7.587
2658.80	7.587
2663.82	7.586
2668.83	7.586
2673.84	7.586
2678.85	7.586
2683.86	7.585
2688.87	7.585
2693.89	7.585
2698.90	7.585
2703.91	7.585
2708.93	7.585
2713.94	7.584
2718.96	7.584
2723.97	7.584
2728.99	7.583
2734.01	7.583
2739.02	7.583
2744.03	7.583
2749.04	7.582
2754.05	7.582
2759.06	7.582
2764.08	7.582
2769.09	7.582
2774.10	7.581
2779.11	7.581
2784.13	7.581
2789.14	7.581
2794.15	7.581
2799.16	7.580
2804.17	7.580
2809.19	7.580
2814.20	7.579
2819.21	7.579
2824.22	7.579
2829.23	7.579
2834.24	7.579
2839.26	7.579
2844.27	7.578
2849.28	7.578
2854.29	7.578
2859.30	7.578
2864.31	7.577
2869.33	7.577
2874.34	7.577
2879.35	7.577
2884.36	7.576
2889.37	7.576
2894.38	7.576
2899.39	7.576
2904.41	7.575
2909.42	7.575
2914.43	7.575
2919.44	7.575
2924.45	7.574
2929.46	7.574
2934.48	7.574
2939.49	7.574
2944.50	7.574
2949.51	7.573
2954.52	7.573
2959.53	7.573
2964.55	7.573
2969.56	7.572
2974.57	7.572
2979.58	7.572
2984.59	7.572
2989.60	7.572
2994.61	7.571
2999.63	7.571
3004.64	7.571
3009.65	7.571
3014.66	7.570
3019.67	7.570
3024.68	7.570
3029.70	7.570
3034.71	7.570
3039.72	7.569
3044.73	7.569
3049.74	7.569
3054.75	7.569
3059.76	7.568
3064.78	7.568
3069.79	7.568
3074.80	7.568
3079.81	7.567
3084.82	7.567
3089.83	7.567
3094.84	7.567
3099.85	7.567
3104.87	7.566
3109.89	7.566
3114.90	7.566
3119.92	7.566
3124.93	7.566
3129.94	7.565
3134.95	7.565
3139.96	7.565
3144.97	7.564
3149.98	7.564
3155.00	7.564
3160.01	7.564
3165.02	7.564
3170.03	7.563
3175.04	7.563
3180.05	7.563
3185.06	7.563
3190.08	7.562
3195.09	7.562
3200.10	7.562
3205.11	7.562
3210.12	7.562
3215.13	7.561
3220.15	7.561
3225.16	7.561
3230.17	7.560
3235.18	7.560
3240.19	7.560
3245.20	7.560
3250.22	7.559
3255.23	7.559
3260.24	7.559
3265.25	7.559
3270.26	7.558
3275.27	7.558
3280.29	7.558
3285.30	7.558
3290.31	7.557
3295.32	7.557
3300.33	7.557
3305.34	7.557
3310.35	7.556
3315.36	7.556
3320.38	7.556
3325.39	7.556
3330.40	7.555
3335.41	7.555
3340.42	7.555
3345.43	7.555
3350.45	7.555
3355.46	7.554
3360.47	7.554
3365.48	7.554
3370.49	7.554
3375.50	7.553
3380.52	7.553
3385.53	7.553
3390.54	7.553
3395.55	7.552
3400.56	7.552
3405.57	7.552
3410.58	7.552
3415.60	7.551
3420.61	7.551
3425.62	7.551
3430.63	7.551
3435.64	7.550
3440.66	7.550
3445.67	7.550
3450.68	7.550
3455.69	7.549
3460.71	7.549
3465.72	7.549
3470.73	7.549
3475.75	7.549
3480.76	7.548
3485.78	7.548
3490.80	7.548
3495.81	7.547
3500.82	7.547
3505.83	7.547
3510.84	7.547
3515.85	7.547
3520.87	7.546
3525.88	7.546
3530.89	7.546
3535.90	7.545
3540.92	7.545
3545.94	7.545
3550.95	7.545
3555.96	7.545
3560.98	7.544
3565.99	7.544
3571.00	7.544
3576.02	7.543
3581.03	7.543
3586.04	7.543
3591.05	7.543
3596.06	7.543
3601.07	7.542
3606.09	7.542
3611.11	7.542
3616.12	7.542
3621.14	7.541
3626.15	7.541
3631.16	7.541
3636.18	7.541
3641.19	7.540
3646.20	7.540
3651.21	7.540
3656.22	7.540
3661.23	7.539
3666.25	7.539
3671.26	7.539
3676.28	7.539
3681.29	7.538
3686.30	7.538
3691.32	7.538
3696.34	7.537
3701.35	7.537
3706.36	7.537
3711.37	7.537
3716.39	7.536
3721.40	7.536
3726.41	7.536
3731.42	7.536
3736.43	7.535
3741.44	7.535
3746.46	7.535
3751.47	7.535
3756.48	7.535
3761.49	7.534
3766.50	7.534
3771.51	7.534
3776.52	7.533
3781.54	7.533
3786.55	7.533
3791.56	7.533
3796.57	7.532
3801.58	7.532
3806.59	7.532
3811.61	7.532
3816.62	7.531
3821.63	7.531
3826.64	7.531
3831.65	7.530
3836.66	7.530
3841.68	7.530
3846.69	7.530
3851.70	7.530
3856.71	7.529
3861.72	7.529
3866.73	7.529
3871.74	7.529
3876.76	7.528
3881.77	7.528
3886.78	7.528
3891.79	7.527
3896.80	7.527
3901.81	7.527
3906.83	7.527
3911.84	7.526
3916.85	7.526
3921.86	7.526
3926.87	7.526
3931.88	7.526
3936.89	7.525
3941.91	7.525
3946.92	7.525
3951.93	7.524
3956.94	7.524
3961.95	7.524
3966.96	7.524
3971.98	7.523
3976.99	7.523
3982.00	7.523
3987.01	7.523
3992.02	7.522
3997.03	7.522
4002.04	7.522
4007.05	7.521
4012.07	7.521
4017.08	7.521
4022.09	7.520
4027.10	7.520
4032.12	7.520
4037.13	7.520
4042.14	7.519
4047.15	7.519
4052.16	7.519
4057.17	7.519
4062.19	7.518
4067.20	7.518
4072.21	7.518
4077.23	7.517
4082.25	7.517
4087.26	7.517
4092.28	7.517
4097.29	7.517
4102.31	7.516
4107.32	7.516
4112.34	7.516
4117.35	7.516
4122.36	7.515
4127.37	7.515
4132.38	7.515
4137.39	7.515
4142.41	7.514
4147.42	7.514
4152.43	7.514
4157.44	7.513
4162.45	7.513
4167.46	7.513
4172.48	7.513
4177.49	7.512
4182.50	7.512
4187.52	7.512
4192.53	7.512
4197.55	7.511
4202.56	7.511
4207.57	7.511
4212.58	7.510
4217.59	7.510
4222.60	7.510
4227.62	7.510
4232.64	7.509
4237.65	7.509
4242.66	7.509
4247.68	7.509
4252.69	7.508
4257.71	7.508
4262.72	7.508
4267.74	7.508
4272.75	7.507
4277.76	7.507
4282.77	7.507
4287.79	7.506
4292.80	7.506
4297.81	7.506
4302.82	7.506
4307.83	7.505
4312.84	7.505
4317.86	7.505
4322.88	7.505
4327.89	7.504
4332.91	7.504
4337.93	7.504
4342.94	7.503
4347.95	7.503
4352.96	7.503
4357.97	7.502
4362.98	7.502
4368.00	7.502
4373.01	7.502
4378.02	7.502
4383.03	7.501
4388.04	7.501
4393.05	7.501
4398.07	7.501
4403.08	7.500
4408.09	7.500
4413.11	7.500
4418.12	7.499
4423.14	7.499
4428.16	7.499
4433.17	7.499
4438.19	7.498
4443.20	7.498
4448.21	7.498
4453.22	7.498
4458.24	7.497
4463.25	7.497
4468.26	7.497
4473.27	7.497
4478.28	7.496
4483.30	7.496
4488.31	7.496
4493.32	7.495
4498.33	7.495
4503.34	7.495
4508.35	7.495
4513.36	7.494
4518.38	7.494
4523.39	7.494
4528.40	7.494
4533.41	7.494
4538.42	7.493
4543.43	7.493
4548.45	7.493
4553.46	7.493
4558.47	7.492
4563.48	7.492
4568.49	7.491
4573.50	7.491
4578.52	7.491
4583.53	7.491
4588.54	7.491
4593.55	7.490
4598.56	7.490
4603.57	7.490
4608.58	7.489
4613.60	7.489
4618.61	7.489
4623.62	7.489
4628.63	7.488
4633.64	7.488
4638.65	7.488
4643.67	7.488
4648.68	7.487
4653.69	7.487
4658.70	7.487
4663.71	7.487
4668.72	7.487
4673.74	7.486
4678.75	7.486
4683.76	7.486
4688.77	7.485
4693.78	7.485
4698.80	7.485
4703.81	7.485
4708.82	7.484
4713.83	7.484
4718.84	7.484
4723.85	7.484
4728.86	7.483
4733.87	7.483
4738.89	7.483
4743.90	7.482
4748.91	7.482
4753.92	7.482
4758.93	7.481
4763.94	7.481
4768.96	7.481
4773.97	7.481
4778.98	7.480
4783.99	7.480
4789.00	7.480
4794.01	7.480
4799.02	7.479
4804.03	7.479
4809.05	7.479
4814.06	7.479
4819.07	7.478
4824.08	7.478
4829.10	7.478
4834.11	7.478
4839.12	7.477
4844.14	7.477
4849.15	7.477
4854.17	7.476
4859.18	7.476
4864.20	7.476
4869.21	7.476
4874.23	7.475
4879.24	7.475
4884.25	7.475
4889.26	7.475
4894.28	7.474
4899.29	7.474
4904.30	7.474
4909.31	7.474
4914.32	7.473
4919.33	7.473
4924.35	7.473
4929.36	7.472
4934.38	7.472
4939.39	7.472
4944.41	7.472
4949.42	7.471
4954.44	7.471
4959.45	7.471
4964.47	7.470
4969.49	7.470
4974.50	7.470
4979.52	7.469
4984.53	7.469
4989.54	7.469
4994.55	7.468
4999.56	7.468
5004.57	7.468
5009.59	7.468
5014.60	7.468
5019.61	7.468
5024.62	7.467
5029.63	7.467
5034.64	7.466
5039.65	7.466
5044.67	7.466
5049.68	7.466
5054.69	7.465
5059.71	7.465
5064.72	7.465
5069.73	7.464
5074.74	7.464
5079.76	7.464
5084.77	7.464
5089.79	7.463
5094.80	7.463
5099.82	7.463
5104.83	7.463
5109.85	7.462
5114.86	7.462
5119.88	7.462
5124.89	7.462
5129.90	7.461
5134.91	7.461
5139.92	7.461
5144.94	7.460
5149.95	7.460
5154.96	7.460
5159.97	7.460
5164.98	7.459
5169.99	7.459
5175.01	7.459
5180.02	7.458
5185.03	7.458
5190.05	7.458
5195.06	7.458
5200.07	7.457
5205.09	7.457
5210.11	7.457
5215.12	7.456
5220.13	7.456
5225.15	7.456
5230.17	7.455
5235.18	7.455
5240.19	7.455
5245.20	7.455
5250.22	7.454
5255.23	7.454
5260.24	7.454
5265.25	7.454
5270.26	7.453
5275.27	7.453
5280.29	7.453
5285.30	7.452
5290.31	7.452
5295.32	7.452
5300.34	7.452
5305.36	7.451
5310.37	7.451
5315.39	7.451
5320.40	7.450
5325.41	7.450
5330.43	7.450
5335.44	7.450
5340.46	7.450
5345.47	7.449
5350.49	7.449
5355.50	7.449
5360.51	7.448
5365.52	7.448
5370.53	7.448
5375.54	7.447
5380.55	7.447
5385.57	7.447
5390.58	7.447
5395.59	7.446
5400.60	7.446
5405.61	7.446
5410.62	7.446
5415.64	7.445
5420.65	7.445
5425.66	7.445
5430.67	7.444
5435.68	7.444
5440.69	7.444
5445.70	7.443
5450.72	7.443
5455.73	7.443
5460.74	7.442
5465.76	7.442
5470.77	7.442
5475.78	7.442
5480.79	7.442
5485.80	7.441
5490.81	7.441
5495.82	7.441
5500.83	7.441
5505.85	7.441
5510.86	7.440
5515.87	7.440
5520.88	7.440
5525.89	7.440
5530.90	7.439
5535.92	7.439
5540.93	7.439
5545.94	7.438
5550.95	7.438
5555.96	7.438
5560.97	7.438
5565.99	7.437
5571.00	7.437
5576.01	7.437
5581.02	7.437
5586.03	7.436
5591.04	7.436
5596.05	7.436
5601.07	7.435
5606.08	7.435
5611.09	7.435
5616.10	7.435
5621.11	7.435
5626.12	7.434
5631.14	7.434
5636.15	7.434
5641.16	7.434
5646.17	7.433
5651.18	7.433
5656.19	7.433
5661.21	7.433
5666.22	7.432
5671.23	7.432
5676.24	7.432
5681.25	7.431
5686.26	7.431
5691.28	7.431
5696.29	7.431
5701.30	7.430
5706.31	7.430
5711.32	7.430
5716.33	7.430
5721.34	7.430
5726.36	7.429
5731.37	7.429
5736.38	7.429
5741.40	7.428
5746.41	7.429
5751.43	7.428
5756.44	7.428
5761.46	7.428
5766.48	7.428
5771.49	7.427
5776.51	7.427
5781.52	7.427
5786.53	7.427
5791.54	7.426
5796.55	7.426
5801.57	7.426
5806.58	7.426
5811.59	7.426
5816.61	7.426
5821.62	7.425
5826.63	7.425
5831.64	7.425
5836.65	7.425
5841.66	7.424
5846.67	7.424
5851.69	7.424
5856.70	7.424
5861.71	7.424
5866.73	7.423
5871.74	7.423
5876.76	7.423
5881.78	7.423
5886.79	7.423
5891.81	7.422
5896.82	7.422
5901.83	7.422
5906.85	7.421
5911.86	7.421
5916.87	7.421
5921.88	7.421
5926.89	7.421
5931.90	7.421
5936.91	7.421
5941.93	7.420
5946.94	7.420
5951.95	7.420
5956.96	7.420
5961.97	7.420
5966.98	7.420
5972.00	7.419
5977.01	7.419
5982.02	7.419
5987.03	7.419
5992.04	7.419
5997.05	7.418
6002.07	7.418
6007.08	7.418
6012.09	7.418
6017.10	7.418
6022.11	7.418
6027.12	7.418
6032.13	7.417
6037.15	7.417
6042.16	7.417
6047.18	7.417
6052.19	7.417
6057.20	7.416
6062.21	7.416
6067.22	7.416
6072.24	7.416
6077.25	7.416
6082.26	7.416
6087.27	7.416
6092.28	7.415
6097.29	7.415
6102.31	7.415
6107.32	7.415
6112.33	7.415
6117.34	7.415
6122.35	7.414
6127.36	7.414
6132.38	7.414
6137.39	7.414
6142.40	7.414
6147.41	7.414
6152.42	7.414
6157.43	7.414
6162.44	7.414
6167.46	7.413
6172.47	7.413
6177.48	7.413
6182.49	7.413
6187.50	7.413
6192.51	7.412
6197.53	7.412
6202.54	7.412
6207.55	7.412
6212.56	7.412
6217.57	7.412
6222.58	7.412
6227.59	7.412
6232.61	7.411
6237.62	7.411
6242.63	7.411
6247.64	7.411
6252.66	7.411
6257.67	7.411
6262.68	7.411
6267.69	7.411
6272.70	7.410
6277.71	7.410
6282.73	7.410
6287.74	7.410
6292.75	7.410
6297.76	7.410
6302.77	7.410
6307.78	7.410
6312.79	7.410
6317.81	7.410
6322.82	7.409
6327.83	7.409
6332.84	7.409
6337.85	7.409
6342.86	7.409
6347.88	7.409
6352.89	7.408
6357.90	7.408
6362.91	7.408
6367.92	7.408
6372.93	7.408
6377.95	7.408
6382.96	7.408
6387.97	7.408
6392.98	7.408
6397.99	7.407
6403.00	7.407
6408.02	7.407
6413.03	7.407
6418.04	7.407
6423.05	7.407
6428.06	7.407
6433.07	7.406
6438.08	7.406
6443.09	7.406
6448.11	7.406
6453.12	7.406
6458.13	7.406
6463.14	7.406
6468.15	7.406
6473.16	7.406
6478.18	7.406
6483.19	7.406
6488.20	7.406
6493.21	7.405
6498.22	7.405
6503.23	7.405
6508.24	7.405
6513.26	7.405
6518.27	7.405
6523.28	7.405
6528.29	7.405
6533.30	7.405
6538.31	7.404
6543.33	7.404
6548.34	7.404
6553.35	7.404
6558.36	7.404
6563.37	7.404
6568.38	7.404
6573.40	7.403
6578.41	7.403
6583.42	7.403
6588.43	7.403
6593.44	7.403
6598.45	7.403
6603.46	7.403
6608.48	7.403
6613.49	7.402
6618.50	7.402
6623.52	7.402
6628.53	7.402
6633.55	7.402
6638.56	7.402
6643.57	7.402
6648.58	7.402
6653.59	7.402
6658.60	7.402
6663.62	7.401
6668.64	7.401
6673.65	7.401
6678.66	7.401
6683.68	7.401
6688.69	7.401
6693.71	7.401
6698.72	7.401
6703.73	7.401
6708.74	7.401
6713.75	7.401
6718.77	7.400
6723.78	7.400
6728.79	7.400
6733.81	7.400
6738.82	7.400
6743.84	7.400
6748.85	7.400
6753.86	7.400
6758.87	7.400
6763.88	7.399
6768.89	7.399
6773.91	7.399
6778.92	7.399
6783.93	7.399
6788.94	7.399
6793.95	7.399
6798.96	7.399
6803.98	7.399
6808.99	7.399
6814.00	7.398
6819.01	7.398
6824.02	7.398
6829.03	7.398
6834.04	7.398
6839.06	7.398
6844.07	7.398
6849.08	7.398
6854.09	7.398
6859.10	7.398
6864.11	7.397
6869.13	7.398
6874.14	7.397
6879.15	7.397
6884.16	7.397
6889.17	7.397
6894.18	7.397
6899.20	7.397
6904.21	7.397
6909.22	7.397
6914.24	7.397
6919.25	7.397
6924.26	7.396
6929.27	7.397
6934.28	7.396
6939.29	7.396
6944.30	7.396
6949.32	7.396
6954.33	7.396
6959.34	7.396
6964.35	7.395
6969.36	7.395
6974.38	7.395
6979.39	7.395
6984.40	7.395
6989.42	7.395
6994.43	7.395
6999.44	7.395
7004.45	7.395
7009.46	7.395
7014.47	7.395
7019.49	7.394
7024.50	7.394
7029.51	7.394
7034.52	7.394
7039.53	7.394
7044.54	7.394
7049.55	7.394
7054.57	7.394
7059.58	7.394
7064.59	7.394
7069.60	7.393
7074.61	7.394
7079.62	7.393
7084.64	7.393
7089.65	7.393
7094.66	7.393
7099.67	7.393
7104.68	7.393
7109.69	7.393
7114.71	7.393
7119.72	7.393
7124.73	7.392
7129.74	7.392
7134.75	7.392
7139.76	7.392
7144.77	7.392
7149.79	7.392
7154.80	7.392
7159.81	7.392
7164.82	7.391
7169.83	7.391
7174.85	7.391
7179.86	7.391
7184.87	7.391
7189.89	7.391
7194.91	7.391
7199.92	7.391
7204.93	7.391
7209.95	7.391
7214.96	7.391
7219.98	7.390
7224.99	7.390
7230.00	7.390
7235.01	7.390
7240.02	7.390
7245.03	7.390
7250.05	7.390
7255.06	7.390
7260.07	7.390
7265.08	7.390
7270.09	7.390
7275.10	7.390
7280.12	7.390
7285.13	7.389
7290.14	7.389
7295.15	7.389
7300.16	7.389
7305.17	7.389
7310.19	7.389
7315.20	7.389
7320.21	7.389
7325.22	7.389
7330.23	7.389
7335.24	7.389
7340.26	7.388
7345.27	7.388
7350.28	7.388
7355.29	7.388
7360.30	7.388
7365.31	7.388
7370.32	7.388
7375.34	7.388
7380.35	7.388
7385.36	7.388
7390.37	7.387
7395.38	7.388
7400.39	7.387
7405.40	7.387
7410.42	7.387
7415.43	7.387
7420.44	7.387
7425.45	7.387
7430.47	7.387
7435.48	7.387
7440.50	7.386
7445.51	7.386
7450.52	7.386
7455.53	7.386
7460.54	7.386
7465.55	7.386
7470.57	7.386
7475.58	7.386
7480.59	7.386
7485.60	7.386
7490.61	7.386
7495.62	7.386
7500.63	7.386
7505.65	7.385
7510.66	7.385
7515.67	7.385
7520.68	7.385
7525.69	7.385
7530.71	7.385
7535.72	7.385
7540.73	7.385
7545.74	7.385
7550.75	7.384
7555.76	7.384
7560.78	7.384
7565.79	7.384
7570.80	7.384
7575.81	7.384
7580.82	7.384
7585.83	7.384
7590.84	7.384
7595.86	7.384
7600.87	7.384
7605.88	7.384
7610.89	7.384
7615.90	7.383
7620.91	7.383
7625.93	7.383
7630.94	7.383
7635.96	7.383
7640.97	7.383
7645.99	7.383
7651.00	7.383
7656.01	7.382
7661.02	7.383
7666.03	7.382
7671.04	7.382
7676.06	7.382
7681.07	7.382
7686.08	7.382
7691.09	7.382
7696.10	7.382
7701.11	7.382
7706.13	7.382
7711.14	7.381
7716.15	7.382
7721.16	7.381
7726.17	7.381
7731.18	7.381
7736.19	7.381
7741.21	7.381
7746.22	7.381
7751.23	7.381
7756.24	7.381
7761.25	7.381
7766.26	7.380
7771.28	7.380
7776.29	7.380
7781.30	7.380
7786.31	7.380
7791.32	7.380
7796.33	7.380
7801.34	7.380
7806.36	7.380
7811.37	7.380
7816.38	7.380
7821.39	7.380
7826.40	7.379
7831.41	7.380
7836.42	7.379
7841.44	7.379
7846.45	7.379
7851.46	7.379
7856.47	7.379
7861.48	7.379
7866.49	7.379
7871.51	7.379
7876.52	7.379
7881.53	7.379
7886.54	7.378
7891.55	7.378
7896.56	7.378
7901.57	7.378
7906.59	7.378
7911.60	7.378
7916.61	7.378
7921.62	7.378
7926.63	7.378
7931.64	7.378
7936.66	7.377
7941.67	7.377
7946.68	7.377
7951.69	7.377
7956.70	7.377
7961.71	7.377
7966.73	7.377
7971.74	7.377
7976.75	7.377
7981.76	7.377
7986.77	7.377
7991.78	7.377
7996.80	7.376
8001.81	7.376
8006.82	7.376
8011.83	7.376
8016.84	7.376
8021.86	7.376
8026.87	7.376
8031.88	7.376
8036.90	7.376
8041.92	7.376
8046.93	7.375
8051.94	7.376
8056.96	7.375
8061.97	7.375
8066.98	7.375
8072.00	7.375
8077.01	7.375
8082.02	7.375
8087.04	7.375
8092.05	7.375
8097.06	7.375
8102.07	7.374
8107.08	7.374
8112.09	7.374
8117.10	7.374
8122.12	7.374
8127.13	7.374
8132.14	7.374
8137.15	7.374
8142.16	7.374
8147.17	7.373
8152.19	7.373
8157.20	7.373
8162.21	7.373
8167.22	7.373
8172.23	7.373
8177.24	7.373
8182.26	7.373
8187.27	7.373
8192.28	7.373
8197.29	7.373
8202.30	7.373
8207.31	7.372
8212.33	7.372
8217.34	7.372
8222.35	7.372
8227.36	7.372
8232.37	7.372
8237.38	7.372
8242.39	7.372
8247.41	7.372
8252.42	7.372
8257.43	7.371
8262.44	7.371
8267.46	7.371
8272.47	7.371
8277.48	7.371
8282.50	7.371
8287.51	7.371
8292.52	7.371
8297.53	7.371
8302.54	7.371
8307.55	7.370
8312.56	7.370
8317.58	7.370
8322.59	7.370
8327.60	7.370
8332.61	7.370
8337.62	7.370
8342.63	7.370
8347.65	7.370
8352.66	7.369
8357.67	7.369
8362.68	7.369
8367.69	7.369
8372.70	7.369
8377.72	7.369
8382.73	7.369
8387.74	7.369
8392.75	7.369
8397.76	7.369
8402.77	7.368
8407.78	7.368
8412.80	7.368
8417.81	7.368
8422.82	7.368
8427.83	7.368
8432.84	7.368
8437.86	7.368
8442.87	7.368
8447.88	7.368
8452.89	7.368
8457.90	7.367
8462.91	7.367
8467.93	7.367
8472.94	7.367
8477.95	7.367
8482.96	7.367
8487.97	7.367
8492.99	7.367
8498.00	7.367
8503.01	7.367
8508.02	7.367
8513.03	7.367
8518.04	7.366
8523.06	7.366
8528.07	7.366
8533.08	7.366
8538.09	7.366
8543.10	7.366
8548.11	7.366
8553.12	7.366
8558.14	7.365
8563.15	7.365
8568.16	7.365
8573.17	7.365
8578.18	7.365
8583.19	7.365
8588.21	7.365
8593.22	7.365
8598.23	7.365
8603.24	7.365
8608.25	7.364
8613.26	7.365
8618.28	7.364
8623.29	7.364
8628.30	7.364
8633.31	7.364
8638.32	7.364
8643.33	7.364
8648.34	7.364
8653.36	7.364
8658.37	7.363
8663.38	7.363
8668.39	7.363
8673.40	7.363
8678.41	7.363
8683.43	7.363
8688.44	7.363
8693.45	7.362
8698.46	7.363
8703.47	7.362
8708.48	7.362
8713.50	7.363
8718.51	7.362
8723.52	7.362
8728.53	7.362
8733.54	7.362
8738.55	7.362
8743.56	7.361
8748.58	7.361
8753.59	7.361
8758.60	7.361
8763.61	7.361
8768.62	7.361
8773.63	7.361
8778.65	7.361
8783.66	7.361
8788.67	7.360
8793.68	7.360
8798.69	7.360
8803.70	7.360
8808.71	7.360
8813.72	7.360
8818.74	7.360
8823.75	7.360
8828.76	7.360
8833.77	7.359
8838.78	7.359
8843.80	7.359
8848.81	7.359
8853.83	7.359
8858.84	7.359
8863.86	7.359
8868.87	7.359
8873.88	7.359
8878.89	7.359
8883.90	7.358
8888.91	7.358
8893.93	7.358
8898.94	7.358
8903.95	7.358
8908.96	7.358
8913.97	7.358
8918.98	7.357
8923.99	7.357
8929.01	7.357
8934.02	7.357
8939.03	7.357
8944.04	7.357
8949.05	7.357
8954.06	7.357
8959.08	7.357
8964.09	7.356
8969.10	7.356
8974.11	7.356
8979.12	7.356
8984.13	7.356
8989.15	7.356
8994.16	7.356
8999.17	7.356
9004.18	7.356
9009.19	7.355
9014.20	7.355
9019.21	7.355
9024.23	7.355
9029.24	7.355
9034.25	7.355
9039.26	7.355
9044.27	7.355
9049.28	7.355
9054.29	7.354
9059.31	7.354
9064.33	7.354
9069.34	7.354
9074.36	7.354
9079.37	7.353
9084.38	7.353
9089.39	7.353
9094.40	7.353
9099.41	7.353
9104.43	7.353
9109.44	7.353
9114.45	7.353
9119.46	7.352
9124.47	7.352
9129.48	7.352
9134.50	7.352
9139.51	7.352
9144.52	7.352
9149.53	7.352
9154.54	7.352
9159.55	7.352
9164.57	7.351
9169.58	7.352
9174.59	7.351
9179.60	7.351
9184.61	7.351
9189.62	7.351
9194.64	7.350
9199.65	7.350
9204.66	7.350
9209.67	7.350
9214.68	7.350
9219.69	7.350
9224.70	7.350
9229.72	7.349
9234.73	7.349
9239.74	7.349
9244.75	7.349
9249.76	7.349
9254.77	7.349
9259.79	7.349
9264.80	7.349
9269.81	7.348
9274.82	7.348
9279.84	7.348
9284.85	7.348
9289.87	7.348
9294.88	7.348
9299.89	7.348
9304.90	7.348
9309.92	7.348
9314.93	7.347
9319.94	7.347
9324.95	7.347
9329.96	7.347
9334.97	7.347
9339.98	7.347
9345.00	7.347
9350.01	7.347
9355.02	7.346
9360.03	7.346
9365.04	7.346
9370.05	7.346
9375.07	7.346
9380.08	7.346
9385.09	7.345
9390.10	7.345
9395.11	7.345
9400.12	7.345
9405.14	7.344
9410.15	7.344
9415.16	7.344
9420.17	7.344
9425.18	7.344
9430.19	7.344
9435.21	7.343
9440.22	7.343
9445.23	7.343
9450.24	7.343
9455.25	7.343
9460.26	7.343
9465.28	7.342
9470.29	7.342
9475.30	7.342
9480.31	7.342
9485.32	7.342
9490.33	7.341
9495.35	7.341
9500.36	7.341
9505.38	7.341
9510.39	7.341
9515.40	7.341
9520.41	7.340
9525.42	7.340
9530.43	7.340
9535.45	7.340
9540.46	7.340
9545.47	7.340
9550.48	7.339
9555.49	7.339
9560.50	7.339
9565.51	7.339
9570.53	7.339
9575.54	7.339
9580.55	7.339
9585.56	7.338
9590.57	7.338
9595.58	7.338
9600.59	7.338
9605.61	7.338
9610.62	7.337
9615.63	7.337
9620.64	7.337
9625.65	7.337
9630.66	7.337
9635.68	7.336
9640.69	7.336
9645.70	7.336
9650.71	7.336
9655.72	7.335
9660.73	7.335
9665.75	7.335
9670.76	7.335
9675.77	7.335
9680.78	7.334
9685.79	7.334
9690.80	7.334
9695.82	7.334
9700.83	7.334
9705.84	7.333
9710.86	7.333
9715.87	7.333
9720.89	7.333
9725.90	7.333
9730.91	7.332
9735.92	7.332
9740.93	7.332
9745.94	7.332
9750.96	7.331
9755.97	7.331
9760.98	7.331
9765.99	7.330
9771.00	7.330
9776.01	7.330
9781.03	7.330
9786.04	7.330
9791.05	7.329
9796.06	7.329
9801.07	7.329
9806.08	7.329
9811.10	7.329
9816.11	7.328
9821.12	7.328
9826.13	7.328
9831.14	7.327
9836.15	7.327
9841.17	7.327
9846.18	7.327
9851.19	7.326
9856.20	7.326
9861.21	7.326
9866.22	7.326
9871.24	7.325
9876.25	7.325
9881.26	7.325
9886.27	7.324
9891.28	7.324
9896.29	7.324
9901.31	7.324
9906.32	7.323
9911.33	7.323
9916.34	7.323
9921.35	7.322
9926.37	7.322
9931.38	7.322
9936.39	7.322
9941.40	7.321
9946.41	7.321
9951.43	7.321
9956.44	7.320
9961.45	7.320
9966.46	7.320
9971.47	7.319
9976.48	7.319
9981.49	7.319
9986.51	7.319
9991.52	7.318
9996.53	7.318
10001.54	7.317
10006.55	7.317
10011.56	7.317
10016.58	7.316
10021.59	7.316
10026.60	7.316
10031.61	7.316
10036.62	7.315
10041.63	7.315
10046.65	7.314
10051.66	7.314
10056.67	7.314
10061.68	7.313
10066.69	7.313
10071.70	7.313
10076.72	7.312
10081.73	7.312
10086.74	7.312
10091.75	7.311
10096.76	7.311
10101.77	7.311
10106.79	7.310
10111.79	7.310
10116.81	7.310
10121.82	7.309
10126.83	7.309
10131.84	7.309
10136.86	7.308
10141.87	7.308
10146.89	7.307
10151.90	7.307
10156.91	7.306
10161.92	7.306
10166.93	7.306
10171.94	7.305
10176.96	7.305
10181.97	7.304
10186.98	7.304
10191.99	7.303
10197.00	7.303
10202.01	7.302
10207.02	7.302
10212.04	7.302
10217.05	7.301
10222.06	7.301
10227.07	7.301
10232.08	7.300
10237.09	7.300
10242.10	7.299
10247.12	7.299
10252.13	7.298
10257.14	7.298
10262.16	7.297
10267.17	7.297
10272.18	7.296
10277.19	7.296
10282.20	7.296
10287.21	7.295
10292.23	7.295
10297.24	7.294
10302.25	7.294
10307.26	7.293
10312.27	7.293
10317.28	7.292
10322.30	7.292
10327.31	7.291
10332.32	7.291
10337.33	7.290
10342.34	7.289
10347.35	7.289
10352.37	7.289
10357.38	7.288
10362.39	7.287
10367.41	7.287
10372.42	7.286
10377.43	7.286
10382.44	7.285
10387.45	7.285
10392.46	7.284
10397.48	7.284
10402.49	7.283
10407.50	7.283
10412.51	7.282
10417.52	7.282
10422.53	7.281
10427.55	7.281
10432.56	7.280
10437.57	7.279
10442.58	7.279
10447.59	7.278
10452.60	7.278
10457.61	7.277
10462.62	7.277
10467.64	7.276
10472.65	7.276
10477.66	7.275
10482.67	7.274
10487.68	7.274
10492.69	7.273
10497.71	7.273
10502.72	7.272
10507.73	7.271
10512.74	7.271
10517.75	7.270
10522.76	7.270
10527.78	7.269
10532.79	7.268
10537.80	7.268
10542.81	7.267
10547.82	7.267
10552.83	7.266
10557.84	7.266
10562.85	7.265
10567.87	7.264
10572.88	7.264
10577.89	7.263
10582.90	7.262
10587.91	7.262
10592.92	7.261
10597.94	7.260
10602.95	7.260
10607.96	7.259
10612.97	7.259
10617.98	7.258
10623.00	7.257
10628.01	7.257
10633.02	7.256
10638.03	7.255
10643.04	7.255
10648.05	7.254
10653.07	7.254
10658.08	7.253
10663.09	7.252
10668.10	7.252
10673.11	7.251
10678.12	7.250
10683.13	7.250
10688.15	7.249
10693.16	7.249
10698.17	7.248
10703.18	7.247
10708.19	7.246
10713.20	7.246
10718.21	7.245
10723.23	7.244
10728.24	7.244
10733.25	7.243
10738.26	7.243
10743.28	7.242
10748.29	7.241
10753.30	7.240
10758.32	7.240
10763.33	7.239
10768.34	7.238
10773.35	7.238
10778.36	7.237
10783.37	7.236
10788.39	7.236
10793.40	7.235
10798.41	7.234
10803.42	7.234
10808.43	7.233
10813.44	7.232
10818.46	7.232
10823.47	7.231
10828.48	7.230
10833.49	7.229
10838.50	7.229
10843.51	7.228
10848.52	7.227
10853.54	7.227
10858.55	7.226
10863.56	7.225
10868.57	7.225
10873.58	7.224
10878.59	7.223
10883.61	7.223
10888.62	7.222
10893.63	7.221
10898.64	7.221
10903.65	7.220
10908.66	7.219
10913.67	7.218
10918.69	7.218
10923.70	7.217
10928.71	7.216
10933.72	7.215
10938.73	7.215
10943.75	7.214
10948.76	7.213
10953.78	7.212
10958.79	7.212
10963.81	7.211
10968.82	7.210
10973.83	7.210
10978.84	7.209
10983.85	7.208
10988.86	7.207
10993.87	7.207
10998.89	7.205
11003.90	7.205
11008.91	7.204
11013.92	7.204
11018.93	7.203
11023.94	7.202
11028.96	7.201
11033.97	7.201
11038.98	7.200
11043.99	7.199
11049.00	7.198
11054.01	7.197
11059.03	7.196
11064.04	7.196
11069.05	7.195
11074.06	7.194
11079.07	7.193
11084.08	7.193
11089.09	7.192
11094.11	7.191
11099.12	7.190
11104.13	7.190
11109.14	7.189
11114.15	7.188
11119.16	7.188
11124.17	7.187
11129.19	7.186
11134.20	7.185
11139.21	7.184
11144.22	7.184
11149.23	7.183
11154.24	7.182
11159.26	7.181
11164.27	7.181
11169.29	7.180
11174.30	7.179
11179.32	7.178
11184.33	7.177
11189.34	7.177
11194.35	7.176
11199.36	7.175
11204.37	7.174
11209.39	7.174
11214.40	7.173
11219.41	7.172
11224.42	7.171
11229.43	7.171
11234.44	7.170
11239.45	7.169
11244.47	7.168
11249.48	7.167
11254.49	7.166
11259.50	7.166
11264.51	7.165
11269.52	7.164
11274.54	7.163
11279.55	7.162
11284.56	7.162
11289.57	7.161
11294.58	7.160
11299.59	7.160
11304.61	7.158
11309.62	7.158
11314.63	7.157
11319.64	7.156
11324.65	7.155
11329.66	7.155
11334.68	7.154
11339.69	7.153
11344.70	7.152
11349.71	7.151
11354.72	7.151
11359.73	7.150
11364.75	7.149
11369.76	7.148
11374.77	7.147
11379.79	7.146
11384.80	7.145
11389.82	7.145
11394.83	7.144
11399.84	7.143
11404.85	7.142
11409.86	7.141
11414.87	7.140
11419.89	7.139
11424.90	7.139
11429.91	7.138
11434.92	7.137
11439.93	7.136
11444.94	7.135
11449.95	7.134
11454.97	7.134
11459.98	7.133
11464.99	7.132
11470.00	7.131
11475.01	7.130
11480.02	7.129
11485.04	7.129
11490.05	7.128
11495.06	7.127
11500.07	7.126
11505.08	7.125
11510.09	7.124
11515.11	7.123
11520.12	7.123
11525.13	7.122
11530.14	7.121
11535.15	7.120
11540.16	7.119
11545.17	7.118
11550.19	7.118
11555.20	7.117
11560.21	7.116
11565.22	7.115
11570.23	7.114
11575.24	7.113
11580.25	7.112
11585.27	7.112
11590.28	7.111
11595.29	7.110
11600.30	7.109
11605.31	7.108
11610.32	7.107
11615.34	7.106
11620.35	7.105
11625.36	7.104
11630.37	7.103
11635.38	7.103
11640.39	7.102
11645.41	7.101
11650.42	7.100
11655.43	7.099
11660.44	7.098
11665.45	7.097
11670.46	7.097
11675.48	7.096
11680.49	7.095
11685.50	7.094
11690.51	7.093
11695.52	7.092
11700.53	7.091
11705.54	7.090
11710.56	7.089
11715.57	7.088
11720.58	7.088
11725.59	7.087
11730.60	7.086
11735.61	7.085
11740.63	7.084
11745.64	7.083
11750.65	7.082
11755.66	7.081
11760.67	7.080
11765.68	7.079
11770.70	7.079
11775.71	7.078
11780.72	7.077
11785.74	7.076
11790.75	7.075
11795.76	7.074
11800.78	7.073
11805.79	7.072
11810.80	7.071
11815.81	7.070
11820.82	7.070
11825.83	7.068
11830.85	7.067
11835.86	7.066
11840.87	7.065
11845.88	7.065
11850.89	7.064
11855.90	7.063
11860.91	7.062
11865.93	7.061
11870.94	7.060
11875.95	7.059
11880.96	7.058
11885.97	7.057
11890.98	7.056
11896.00	7.055
11901.01	7.054
11906.02	7.053
11911.03	7.052
11916.04	7.052
11921.05	7.051
11926.07	7.050
11931.08	7.049
11936.09	7.048
11941.10	7.047
11946.11	7.046
11951.12	7.045
11956.14	7.044
11961.15	7.043
11966.16	7.042
11971.17	7.041
11976.18	7.040
11981.19	7.039
11986.21	7.038
11991.22	7.037
11996.24	7.036
12001.25	7.035
12006.27	7.034
12011.28	7.033
12016.29	7.032
12021.31	7.031
12026.32	7.030
12031.33	7.029
12036.35	7.028
12041.36	7.027
12046.37	7.026
12051.38	7.026
12056.39	7.025
12061.40	7.024
12066.42	7.023
12071.43	7.022
12076.44	7.020
12081.45	7.020
12086.46	7.019
12091.47	7.018
12096.49	7.017
12101.50	7.016
12106.51	7.015
12111.52	7.014
12116.53	7.013
12121.54	7.012
12126.55	7.011
12131.57	7.010
12136.58	7.009
12141.59	7.007
12146.60	7.007
12151.61	7.006
12156.62	7.005
12161.64	7.004
12166.65	7.002
12171.66	7.001
12176.67	7.000
12181.68	6.999
12186.69	6.998
12191.71	6.997
12196.72	6.996
12201.73	6.995
12206.74	6.994
12211.75	6.993
12216.77	6.992
12221.78	6.991
12226.79	6.990
12231.80	6.989
12236.81	6.988
12241.83	6.987
12246.84	6.986
12251.85	6.985
12256.87	6.984
12261.88	6.983
12266.89	6.982
12271.90	6.981
12276.91	6.980
12281.92	6.979
12286.94	6.978
12291.95	6.977
12296.96	6.976
12301.97	6.975
12306.98	6.974
12311.99	6.973
12317.01	6.972
12322.02	6.970
12327.03	6.969
12332.04	6.968
12337.05	6.967
12342.06	6.966
12347.07	6.965
12352.09	6.964
12357.10	6.963
12362.11	6.962
12367.12	6.961
12372.13	6.960
12377.14	6.959
12382.16	6.957
12387.17	6.957
12392.18	6.955
12397.19	6.954
12402.20	6.953
12407.21	6.952
12412.23	6.951
12417.24	6.950
12422.25	6.949
12427.26	6.948
12432.27	6.947
12437.28	6.946
12442.30	6.944
12447.31	6.943
12452.33	6.942
12457.34	6.941
12462.35	6.940
12467.36	6.939
12472.37	6.938
12477.39	6.937
12482.40	6.936
12487.41	6.934
12492.42	6.933
12497.43	6.932
12502.44	6.931
12507.45	6.930
12512.47	6.929
12517.48	6.928
12522.49	6.927
12527.50	6.926
12532.51	6.925
12537.52	6.924
12542.54	6.922
12547.55	6.921
12552.56	6.920
12557.57	6.919
12562.58	6.918
12567.59	6.917
12572.60	6.915
12577.62	6.914
12582.63	6.913
12587.64	6.912
12592.65	6.911
12597.66	6.910
12602.67	6.909
12607.69	6.907
12612.70	6.906
12617.71	6.905
12622.72	6.904
12627.73	6.903
12632.74	6.902
12637.75	6.901
12642.77	6.900
12647.78	6.898
12652.79	6.897
12657.80	6.896
12662.81	6.895
12667.83	6.894
12672.84	6.893
12677.85	6.891
12682.86	6.890
12687.88	6.889
12692.89	6.888
12697.90	6.886
12702.91	6.885
12707.92	6.884
12712.93	6.883
12717.95	6.882
12722.96	6.881
12727.97	6.880
12732.98	6.878
12737.99	6.877
12743.00	6.876
12748.01	6.867
12753.03	6.867
12758.04	6.866
12763.05	6.865
12768.06	6.863
12773.07	6.862
12778.08	6.861
12783.10	6.859
12788.11	6.858
12793.12	6.857
12798.13	6.855
12803.14	6.854
12808.15	6.853
12813.17	6.851
12818.18	6.850
12823.19	6.849
12828.20	6.848
12833.21	6.847
12838.22	6.845
12843.23	6.844
12848.25	6.843
12853.26	6.842
12858.27	6.840
12863.28	6.839
12868.29	6.838
12873.30	6.837
12878.32	6.835
12883.33	6.834
12888.34	6.833
12893.35	6.832
12898.36	6.830
12903.37	6.829
12908.38	6.828
12913.40	6.827
12918.41	6.826
12923.42	6.824
12928.44	6.823
12933.45	6.822
12938.47	6.821
12943.48	6.819
12948.50	6.818
12953.51	6.816
12958.52	6.815
12963.53	6.814
12968.55	6.813
12973.56	6.811
12978.57	6.810
12983.58	6.809
12988.59	6.808
12993.60	6.806
12998.61	6.805
13003.63	6.804
13008.64	6.803
13013.65	6.801
13018.66	6.800
13023.67	6.799
13028.68	6.798
13033.70	6.796
13038.71	6.795
13043.72	6.794
13048.73	6.792
13053.74	6.791
13058.75	6.790
13063.77	6.788
13068.78	6.787
13073.79	6.786
13078.80	6.784
13083.81	6.783
13088.82	6.782
13093.83	6.781
13098.85	6.779
13103.86	6.778
13108.87	6.777
13113.88	6.775
13118.89	6.774
13123.90	6.773
13128.92	6.771
13133.93	6.770
13138.94	6.769
13143.95	6.767
13148.96	6.766
13153.97	6.765
13158.99	6.763
13164.00	6.762
13169.01	6.761
13174.02	6.759
13179.03	6.758
13184.04	6.757
13189.06	6.755
13194.07	6.754
13199.08	6.753
13204.09	6.751
13209.10	6.750
13214.11	6.749
13219.12	6.747
13224.14	6.746
13229.15	6.744
13234.16	6.743
13239.17	6.742
13244.18	6.740
13249.19	6.739
13254.21	6.738
13259.22	6.736
13264.23	6.735
13269.24	6.733
13274.25	6.732
13279.26	6.731
13284.28	6.729
13289.29	6.728
13294.30	6.726
13299.31	6.725
13304.32	6.724
13309.33	6.722
13314.34	6.721
13319.36	6.719
13324.37	6.718
13329.38	6.717
13334.39	6.715
13339.40	6.714
13344.41	6.712
13349.43	6.711
13354.44	6.710
13359.45	6.708
13364.46	6.707
13369.47	6.705
13374.48	6.704
13379.50	6.702
13384.51	6.701
13389.52	6.700
13394.53	6.698
13399.54	6.697
13404.55	6.695
13409.56	6.694
13414.57	6.692
13419.59	6.691
13424.60	6.690
13429.61	6.688
13434.62	6.687
13439.63	6.685
13444.64	6.684
13449.65	6.682
13454.67	6.681
13459.68	6.679
13464.69	6.678
13469.70	6.676
13474.71	6.675
13479.72	6.673
13484.74	6.672
13489.75	6.670
13494.76	6.669
13499.77	6.667
13504.78	6.666
13509.79	6.664
13514.81	6.663
13519.82	6.661
13524.83	6.660
13529.84	6.659
13534.85	6.657
13539.86	6.655
13544.88	6.654
13549.89	6.652
13554.90	6.651
13559.91	6.650
13564.92	6.648
13569.93	6.646
13574.95	6.645
13579.96	6.643
13584.97	6.642
13589.98	6.640
13594.99	6.639
13600.00	6.637
13605.02	6.636
13610.03	6.634
13615.04	6.633
13620.05	6.631
13625.06	6.630
13630.07	6.628
13635.08	6.627
13640.10	6.625
13645.11	6.624
13650.12	6.622
13655.13	6.620
13660.15	6.619
13665.16	6.618
13670.18	6.616
13675.19	6.614
13680.20	6.613
13685.21	6.611
13690.23	6.610
13695.24	6.608
13700.25	6.606
13705.26	6.605
13710.27	6.603
13715.28	6.601
13720.29	6.600
13725.31	6.598
13730.32	6.597
13735.33	6.595
13740.34	6.594
13745.35	6.592
13750.36	6.591
13755.38	6.589
13760.39	6.587
13765.40	6.586
13770.41	6.584
13775.42	6.582
13780.43	6.581
13785.45	6.579
13790.46	6.578
13795.47	6.576
13800.48	6.574
13805.49	6.573
13810.50	6.571
13815.52	6.569
13820.53	6.568
13825.54	6.566
13830.55	6.565
13835.56	6.563
13840.57	6.561
13845.59	6.560
13850.60	6.558
13855.61	6.556
13860.62	6.555
13865.63	6.553
13870.64	6.552
13875.66	6.550
13880.67	6.548
13885.68	6.547
13890.69	6.545
13895.70	6.543
13900.71	6.542
13905.73	6.540
13910.74	6.538
13915.75	6.537
13920.76	6.535
13925.77	6.533
13930.78	6.532
13935.79	6.530
13940.81	6.528
13945.82	6.526
13950.83	6.525
13955.84	6.523
13960.85	6.521
13965.86	6.520
13970.88	6.518
13975.89	6.516
13980.90	6.514
13985.91	6.513
13990.92	6.511
13995.93	6.509
14000.95	6.508
14005.96	6.506
14010.97	6.504
14015.98	6.502
14020.99	6.501
14026.00	6.499
14031.01	6.497
14036.03	6.496
14041.04	6.494
14046.05	6.492
14051.06	6.490
14056.07	6.488
14061.08	6.487
14066.10	6.485
14071.11	6.483
14076.12	6.481
14081.13	6.480
14086.15	6.478
14091.16	6.476
14096.17	6.474
14101.18	6.473
14106.19	6.471
14111.20	6.469
14116.22	6.467
14121.23	6.466
14126.24	6.464
14131.25	6.462
14136.26	6.460
14141.27	6.459
14146.28	6.457
14151.30	6.455
14156.31	6.453
14161.32	6.451
14166.33	6.449
14171.34	6.448
14176.35	6.446
14181.37	6.444
14186.38	6.442
14191.39	6.440
14196.40	6.439
14201.41	6.437
14206.42	6.435
14211.44	6.433
14216.45	6.431
14221.46	6.429
14226.47	6.427
14231.48	6.426
14236.49	6.424
14241.51	6.422
14246.52	6.420
14251.53	6.418
14256.54	6.416
14261.55	6.414
14266.57	6.413
14271.58	6.411
14276.60	6.409
14281.61	6.407
14286.62	6.405
14291.63	6.403
14296.65	6.401
14301.66	6.399
14306.67	6.397
14311.68	6.395
14316.69	6.393
14321.70	6.391
14326.71	6.389
14331.73	6.388
14336.74	6.386
14341.75	6.384
14346.76	6.382
14351.77	6.380
14356.78	6.378
14361.80	6.376
14366.81	6.374
14371.82	6.372
14376.83	6.370
14381.84	6.368
14386.85	6.366
14391.86	6.364
14396.88	6.362
14401.89	6.360
14406.90	6.358
14411.91	6.356
14416.92	6.354
14421.93	6.352
14426.95	6.350
14431.96	6.347
14436.97	6.345
14441.98	6.343
14447.00	6.341
14452.01	6.339
14457.02	6.337
14462.03	6.335
14467.04	6.333
14472.06	6.331
14477.07	6.329
14482.08	6.326
14487.09	6.324
14492.11	6.322
14497.12	6.320
14502.14	6.318
14507.15	6.316
14512.16	6.314
14517.17	6.311
14522.18	6.309
14527.19	6.307
14532.21	6.305
14537.22	6.303
14542.23	6.300
14547.24	6.298
14552.25	6.296
14557.26	6.294
14562.28	6.291
14567.29	6.289
14572.30	6.287
14577.31	6.285
14582.32	6.283
14587.33	6.280
14592.35	6.278
14597.36	6.276
14602.37	6.273
14607.38	6.271
14612.39	6.269
14617.40	6.267
14622.41	6.264
14627.43	6.262
14632.44	6.260
14637.45	6.257
14642.46	6.255
14647.47	6.253
14652.48	6.251
14657.49	6.248
14662.51	6.246
14667.52	6.243
14672.53	6.241
14677.54	6.239
14682.56	6.236
14687.56	6.234
14692.57	6.232
14697.58	6.229
14702.59	6.227
14707.60	6.225
14712.61	6.223
14717.61	6.220
14722.62	6.218
14727.63	6.216
14732.64	6.213
14737.65	6.211
14742.66	6.209
14747.66	6.206
14752.67	6.204
14757.68	6.201
14762.69	6.199
14767.70	6.196
14772.71	6.194
14777.72	6.192
14782.72	6.189
14787.73	6.187
14792.74	6.184
14797.75	6.182
14802.76	6.180
14807.77	6.177
14812.78	6.175
14817.78	6.172
14822.79	6.170
14827.80	6.167
14832.81	6.165
14837.82	6.163
14842.83	6.160
14847.84	6.158
14852.84	6.155
14857.85	6.153
14862.86	6.150
14867.87	6.148
14872.88	6.146
14877.89	6.143
14882.90	6.141
14887.90	6.138
14892.91	6.136
14897.92	6.134
14902.93	6.131
14907.94	6.129
14912.95	6.126
14917.96	6.124
14922.96	6.121
14927.97	6.119
14932.98	6.117
14937.99	6.114
14943.00	6.112
14948.01	6.109
14953.02	6.107
14958.03	6.104
14963.03	6.102
14968.04	6.099
14973.05	6.097
14978.06	6.095
14983.07	6.092
14988.08	6.090
14993.09	6.087
14998.09	6.085
15003.10	6.083
15008.11	6.080
15013.12	6.078
15018.13	6.076
15023.14	6.073
15028.14	6.071
15033.15	6.068
15038.16	6.066
15043.17	6.064
15048.18	6.061
15053.19	6.059
15058.20	6.056
15063.20	6.054
15068.21	6.052
15073.22	6.049
15078.23	6.047
15083.24	6.045
15088.25	6.042
15093.26	6.040
15098.26	6.038
15103.27	6.035
15108.28	6.033
15113.29	6.031
15118.30	6.028
15123.31	6.026
15128.32	6.024
15133.32	6.021
15138.33	6.019
15143.34	6.016
15148.35	6.014
15153.36	6.012
15158.37	6.010
15163.38	6.007
15168.38	6.005
15173.39	6.003
15178.40	6.000
15183.41	5.998
15188.42	5.996
15193.43	5.994
15198.44	5.991
15203.44	5.989
15208.45	5.987
15213.46	5.984
15218.47	5.982
15223.48	5.980
15228.49	5.977
15233.50	5.975
15238.50	5.973
15243.51	5.971
