2.51	7.894
7.52	7.894
12.53	7.894
17.54	7.894
22.56	7.894
27.57	7.893
32.58	7.893
37.59	7.894
42.60	7.893
47.61	7.893
52.62	7.893
57.64	7.894
62.65	7.675
67.66	7.681
72.67	7.685
77.68	7.687
82.69	7.688
87.71	7.689
92.72	7.690
97.73	7.690
102.74	7.690
107.75	7.690
112.76	7.690
117.78	7.690
122.79	7.690
127.80	7.689
132.81	7.689
137.82	7.689
142.83	7.688
147.85	7.688
152.86	7.687
157.87	7.687
162.88	7.687
167.89	7.687
172.90	7.686
177.92	7.686
182.93	7.685
187.95	7.685
192.96	7.685
197.97	7.684
202.98	7.684
207.99	7.683
213.01	7.683
218.02	7.683
223.03	7.682
228.04	7.682
233.05	7.682
238.06	7.682
243.07	7.681
248.09	7.681
253.10	7.681
258.11	7.680
263.12	7.680
268.13	7.680
273.15	7.679
278.16	7.679
283.17	7.679
288.18	7.679
293.19	7.679
298.20	7.678
303.22	7.678
308.23	7.677
313.24	7.677
318.25	7.677
323.26	7.677
328.27	7.677
333.28	7.677
338.30	7.676
343.31	7.676
348.32	7.676
353.33	7.676
358.34	7.675
363.35	7.675
368.36	7.675
373.38	7.675
378.39	7.674
383.40	7.674
388.42	7.674
393.43	7.674
398.45	7.673
403.46	7.673
408.47	7.673
413.48	7.673
418.49	7.672
423.51	7.672
428.52	7.672
433.53	7.672
438.54	7.672
443.55	7.671
448.56	7.671
453.57	7.671
458.59	7.671
463.60	7.670
468.61	7.670
473.62	7.670
478.63	7.670
483.64	7.669
488.66	7.669
493.67	7.669
498.68	7.669
503.69	7.668
508.70	7.668
513.72	7.668
518.73	7.668
523.74	7.668
528.75	7.667
533.76	7.667
538.77	7.667
543.78	7.667
548.80	7.667
553.81	7.666
558.82	7.666
563.83	7.666
568.84	7.665
573.85	7.665
578.87	7.665
583.88	7.664
588.89	7.664
593.90	7.664
598.92	7.664
603.93	7.664
608.94	7.664
613.96	7.663
618.97	7.663
623.99	7.663
629.00	7.662
634.01	7.662
639.02	7.662
644.03	7.662
649.04	7.662
654.05	7.662
659.07	7.661
664.08	7.661
669.09	7.661
674.10	7.661
679.11	7.661
684.12	7.660
689.14	7.660
694.15	7.660
699.16	7.660
704.17	7.659
709.18	7.659
714.19	7.659
719.21	7.658
724.22	7.658
729.23	7.658
734.24	7.658
739.25	7.657
744.26	7.657
749.27	7.657
754.29	7.657
759.30	7.657
764.31	7.657
769.32	7.656
774.33	7.656
779.34	7.656
784.36	7.656
789.37	7.655
794.38	7.655
799.39	7.655
804.40	7.655
809.42	7.654
814.43	7.654
819.44	7.654
824.46	7.654
829.47	7.654
834.48	7.654
839.50	7.653
844.51	7.653
849.52	7.653
854.53	7.653
859.54	7.653
864.55	7.652
869.56	7.652
874.58	7.652
879.59	7.652
884.60	7.651
889.61	7.651
894.62	7.651
899.63	7.651
904.65	7.651
909.66	7.650
914.67	7.650
919.68	7.650
924.69	7.650
929.70	7.650
934.72	7.649
939.73	7.649
944.74	7.649
949.75	7.649
954.76	7.648
959.77	7.648
964.79	7.648
969.80	7.648
974.81	7.647
979.82	7.647
984.83	7.647
989.84	7.647
994.85	7.646
999.87	7.646
1004.88	7.646
1009.89	7.646
1014.90	7.646
1019.92	7.646
1024.93	7.645
1029.94	7.645
1034.96	7.645
1039.97	7.644
1044.99	7.644
1050.00	7.644
1055.01	7.644
1060.02	7.644
1065.03	7.643
1070.04	7.643
1075.06	7.643
1080.07	7.643
1085.08	7.642
1090.09	7.642
1095.10	7.642
1100.11	7.642
1105.13	7.642
1110.14	7.641
1115.15	7.641
1120.16	7.641
1125.17	7.641
1130.18	7.641
1135.20	7.640
1140.21	7.640
1145.22	7.640
1150.23	7.640
1155.24	7.640
1160.25	7.639
1165.26	7.639
1170.28	7.639
1175.29	7.639
1180.30	7.639
1185.31	7.638
1190.32	7.638
1195.33	7.638
1200.35	7.638
1205.36	7.638
1210.37	7.637
1215.38	7.637
1220.39	7.637
1225.40	7.637
1230.41	7.636
1235.42	7.636
1240.44	7.636
1245.45	7.636
1250.46	7.636
1255.47	7.635
1260.48	7.635
1265.49	7.635
1270.51	7.634
1275.52	7.634
1280.53	7.634
1285.54	7.634
1290.55	7.634
1295.56	7.633
1300.58	7.633
1305.59	7.633
1310.60	7.633
1315.61	7.633
1320.62	7.632
1325.63	7.632
1330.65	7.632
1335.66	7.632
1340.67	7.631
1345.68	7.631
1350.69	7.631
1355.70	7.631
1360.71	7.631
1365.73	7.630
1370.74	7.630
1375.75	7.630
1380.76	7.630
1385.77	7.630
1390.78	7.630
1395.80	7.629
1400.81	7.629
1405.82	7.629
1410.83	7.628
1415.84	7.628
1420.85	7.628
1425.87	7.628
1430.88	7.628
1435.90	7.627
1440.91	7.627
1445.92	7.627
1450.93	7.627
1455.95	7.627
1460.96	7.626
1465.97	7.626
1470.98	7.626
1475.99	7.626
1481.00	7.625
1486.01	7.625
1491.03	7.625
1496.04	7.625
1501.05	7.625
1506.06	7.625
1511.07	7.624
1516.08	7.624
1521.10	7.624
1526.11	7.624
1531.12	7.623
1536.13	7.623
1541.14	7.623
1546.15	7.622
1551.16	7.622
1556.18	7.622
1561.19	7.622
1566.20	7.622
1571.21	7.622
1576.22	7.621
1581.23	7.621
1586.25	7.621
1591.26	7.621
1596.27	7.620
1601.28	7.620
1606.29	7.620
1611.30	7.620
1616.31	7.619
1621.33	7.619
1626.34	7.619
1631.35	7.619
1636.37	7.619
1641.38	7.618
1646.40	7.618
1651.41	7.618
1656.42	7.618
1661.43	7.618
1666.44	7.617
1671.46	7.617
1676.47	7.617
1681.48	7.617
1686.49	7.617
1691.50	7.616
1696.51	7.616
1701.53	7.616
1706.54	7.616
1711.55	7.615
1716.56	7.615
1721.57	7.615
1726.58	7.615
1731.60	7.614
1736.61	7.614
1741.62	7.614
1746.63	7.614
1751.64	7.614
1756.65	7.613
1761.66	7.613
1766.68	7.613
1771.69	7.613
1776.70	7.613
1781.71	7.612
1786.72	7.612
1791.73	7.612
1796.75	7.612
1801.76	7.612
1806.77	7.611
1811.78	7.611
1816.79	7.611
1821.80	7.611
1826.82	7.610
1831.83	7.610
1836.84	7.610
1841.85	7.610
1846.86	7.609
1851.87	7.609
1856.88	7.609
1861.90	7.609
1866.92	7.608
1871.94	7.608
1876.95	7.608
1881.96	7.608
1886.97	7.608
1891.99	7.608
1897.00	7.607
1902.01	7.607
1907.02	7.607
1912.03	7.607
1917.04	7.606
1922.06	7.606
1927.08	7.606
1932.09	7.606
1937.11	7.605
1942.12	7.605
1947.13	7.605
1952.15	7.605
1957.16	7.605
1962.17	7.605
1967.18	7.604
1972.19	7.604
1977.20	7.604
1982.21	7.604
1987.23	7.603
1992.24	7.603
1997.25	7.603
2002.26	7.603
2007.27	7.603
2012.28	7.602
2017.29	7.602
2022.31	7.602
2027.32	7.602
2032.33	7.601
2037.34	7.601
2042.35	7.601
2047.36	7.601
2052.38	7.601
2057.39	7.600
2062.40	7.600
2067.41	7.600
2072.42	7.598
2077.43	7.598
2082.45	7.598
2087.46	7.598
2092.47	7.598
2097.48	7.597
2102.49	7.597
2107.50	7.597
2112.51	7.597
2117.53	7.597
2122.54	7.597
2127.55	7.597
2132.56	7.596
2137.57	7.596
2142.58	7.596
2147.59	7.596
2152.61	7.596
2157.62	7.595
2162.63	7.595
2167.64	7.595
2172.65	7.595
2177.66	7.594
2182.68	7.594
2187.69	7.594
2192.70	7.594
2197.71	7.594
2202.72	7.593
2207.73	7.593
2212.75	7.593
2217.76	7.593
2222.77	7.592
2227.78	7.592
2232.79	7.592
2237.80	7.591
2242.81	7.591
2247.82	7.591
2252.84	7.591
2257.85	7.591
2262.86	7.591
2267.87	7.590
2272.88	7.590
2277.89	7.590
2282.91	7.590
2287.92	7.590
2292.93	7.589
2297.94	7.589
2302.95	7.589
2307.96	7.589
2312.98	7.588
2317.99	7.588
2323.00	7.588
2328.01	7.588
2333.02	7.587
2338.03	7.587
2343.05	7.587
2348.06	7.587
2353.07	7.586
2358.08	7.586
2363.09	7.586
2368.10	7.586
2373.11	7.585
2378.13	7.585
2383.14	7.585
2388.15	7.585
2393.16	7.585
2398.17	7.584
2403.18	7.584
2408.20	7.584
2413.21	7.584
2418.22	7.584
2423.23	7.583
2428.24	7.583
2433.25	7.583
2438.27	7.583
2443.28	7.582
2448.29	7.582
2453.30	7.582
2458.31	7.582
2463.32	7.581
2468.33	7.581
2473.35	7.581
2478.36	7.581
2483.37	7.580
2488.38	7.580
2493.39	7.580
2498.40	7.580
2503.41	7.580
2508.43	7.579
2513.44	7.579
2518.45	7.579
2523.46	7.579
2528.47	7.578
2533.48	7.578
2538.49	7.578
2543.51	7.578
2548.52	7.577
2553.53	7.577
2558.54	7.577
2563.55	7.577
2568.56	7.577
2573.58	7.577
2578.59	7.576
2583.60	7.576
2588.61	7.576
2593.62	7.575
2598.63	7.575
2603.65	7.575
2608.66	7.575
2613.67	7.575
2618.68	7.574
2623.69	7.574
2628.70	7.574
2633.72	7.574
2638.73	7.573
2643.74	7.573
2648.76	7.573
2653.77	7.572
2658.78	7.573
2663.79	7.572
2668.81	7.572
2673.82	7.572
2678.83	7.571
2683.84	7.571
2688.85	7.571
2693.86	7.571
2698.87	7.570
2703.89	7.570
2708.90	7.570
2713.91	7.569
2718.92	7.569
2723.93	7.569
2728.94	7.569
2733.96	7.569
2738.97	7.568
2743.98	7.568
2748.99	7.568
2754.00	7.568
2759.01	7.567
2764.02	7.567
2769.04	7.567
2774.05	7.566
2779.06	7.566
2784.07	7.566
2789.08	7.566
2794.09	7.566
2799.11	7.565
2804.12	7.565
2809.13	7.565
2814.14	7.565
2819.15	7.565
2824.16	7.564
2829.18	7.564
2834.19	7.564
2839.20	7.564
2844.21	7.563
2849.22	7.563
2854.23	7.563
2859.25	7.563
2864.26	7.562
2869.27	7.562
2874.28	7.562
2879.29	7.561
2884.30	7.561
2889.31	7.561
2894.33	7.561
2899.34	7.561
2904.35	7.560
2909.36	7.560
2914.37	7.560
2919.38	7.560
2924.40	7.559
2929.41	7.559
2934.42	7.559
2939.43	7.559
2944.44	7.559
2949.45	7.558
2954.47	7.558
2959.48	7.558
2964.49	7.557
2969.50	7.557
2974.51	7.557
2979.52	7.557
2984.54	7.556
2989.55	7.556
2994.56	7.556
2999.58	7.556
3004.59	7.556
3009.60	7.555
3014.62	7.555
3019.64	7.555
3024.65	7.555
3029.66	7.554
3034.67	7.554
3039.68	7.553
3044.69	7.553
3049.71	7.553
3054.72	7.553
3059.74	7.553
3064.75	7.552
3069.77	7.552
3074.78	7.552
3079.79	7.552
3084.81	7.551
3089.82	7.551
3094.83	7.551
3099.84	7.550
3104.85	7.550
3109.87	7.550
3114.88	7.550
3119.89	7.550
3124.90	7.549
3129.91	7.549
3134.92	7.549
3139.93	7.549
3144.95	7.548
3149.96	7.548
3154.97	7.548
3159.98	7.548
3164.99	7.547
3170.00	7.547
3175.02	7.547
3180.03	7.546
3185.04	7.546
3190.05	7.546
3195.06	7.546
3200.07	7.545
3205.08	7.545
3210.10	7.545
3215.11	7.544
3220.12	7.544
3225.13	7.544
3230.15	7.544
3235.16	7.544
3240.17	7.543
3245.18	7.543
3250.19	7.543
3255.20	7.543
3260.22	7.542
3265.23	7.542
3270.24	7.542
3275.25	7.542
3280.26	7.541
3285.27	7.541
3290.29	7.541
3295.30	7.540
3300.31	7.540
3305.32	7.540
3310.33	7.540
3315.34	7.539
3320.35	7.539
3325.37	7.539
3330.38	7.539
3335.39	7.539
3340.40	7.538
3345.41	7.538
3350.42	7.538
3355.44	7.537
3360.45	7.537
3365.46	7.537
3370.47	7.537
3375.48	7.536
3380.49	7.536
3385.51	7.536
3390.52	7.536
3395.53	7.535
3400.54	7.535
3405.55	7.535
3410.56	7.535
3415.57	7.535
3420.59	7.534
3425.60	7.534
3430.61	7.534
3435.62	7.534
3440.63	7.533
3445.64	7.533
3450.66	7.533
3455.67	7.532
3460.68	7.532
3465.70	7.532
3470.71	7.532
3475.72	7.532
3480.74	7.531
3485.76	7.531
3490.77	7.530
3495.78	7.530
3500.79	7.530
3505.81	7.530
3510.82	7.530
3515.83	7.529
3520.84	7.529
3525.85	7.529
3530.86	7.528
3535.88	7.528
3540.89	7.528
3545.90	7.527
3550.91	7.527
3555.92	7.527
3560.93	7.527
3565.95	7.527
3570.96	7.526
3575.97	7.526
3580.98	7.526
3585.99	7.526
3591.00	7.525
3596.02	7.525
3601.03	7.525
3606.04	7.525
3611.05	7.524
3616.06	7.524
3621.07	7.524
3626.08	7.524
3631.10	7.523
3636.11	7.523
3641.12	7.523
3646.13	7.523
3651.14	7.522
3656.15	7.522
3661.17	7.522
3666.18	7.522
3671.19	7.522
3676.20	7.521
3681.21	7.521
3686.22	7.520
3691.24	7.520
3696.25	7.520
3701.26	7.520
3706.27	7.519
3711.28	7.519
3716.29	7.519
3721.30	7.519
3726.32	7.518
3731.33	7.518
3736.34	7.518
3741.35	7.518
3746.36	7.518
3751.37	7.518
3756.39	7.517
3761.40	7.517
3766.41	7.516
3771.42	7.516
3776.43	7.516
3781.44	7.516
3786.46	7.515
3791.47	7.515
3796.48	7.515
3801.49	7.515
3806.50	7.514
3811.51	7.514
3816.53	7.514
3821.54	7.514
3826.55	7.513
3831.56	7.513
3836.57	7.513
3841.58	7.513
3846.61	7.512
3851.62	7.512
3856.64	7.512
3861.65	7.512
3866.67	7.511
3871.68	7.510
3876.69	7.510
3881.70	7.510
3886.71	7.510
3891.73	7.509
3896.74	7.509
3901.75	7.509
3906.76	7.509
3911.77	7.508
3916.79	7.508
3921.80	7.508
3926.81	7.508
3931.82	7.508
3936.84	7.507
3941.85	7.506
3946.87	7.506
3951.89	7.506
3956.90	7.506
3961.92	7.505
3966.93	7.505
3971.94	7.505
3976.95	7.505
3981.96	7.505
3986.97	7.505
3991.99	7.504
3997.00	7.504
4002.01	7.503
4007.02	7.503
4012.03	7.503
4017.04	7.503
4022.06	7.503
4027.07	7.502
4032.08	7.502
4037.09	7.502
4042.10	7.502
4047.11	7.501
4052.13	7.501
4057.14	7.501
4062.15	7.501
4067.16	7.500
4072.17	7.500
4077.18	7.500
4082.20	7.500
4087.21	7.499
4092.22	7.499
4097.23	7.499
4102.24	7.499
4107.25	7.498
4112.26	7.498
4117.28	7.498
4122.29	7.498
4127.30	7.497
4132.31	7.497
4137.32	7.497
4142.33	7.497
4147.35	7.496
4152.36	7.496
4157.37	7.496
4162.38	7.495
4167.39	7.495
4172.40	7.495
4177.42	7.494
4182.43	7.494
4187.44	7.494
4192.45	7.494
4197.46	7.494
4202.47	7.493
4207.48	7.493
4212.50	7.493
4217.51	7.493
4222.52	7.492
4227.53	7.492
4232.54	7.492
4237.55	7.492
4242.57	7.491
4247.58	7.491
4252.59	7.491
4257.60	7.491
4262.61	7.490
4267.62	7.490
4272.64	7.490
4277.65	7.489
4282.66	7.489
4287.67	7.489
4292.68	7.489
4297.69	7.488
4302.70	7.488
4307.71	7.488
4312.73	7.487
4317.74	7.487
4322.75	7.487
4327.76	7.487
4332.77	7.486
4337.78	7.486
4342.80	7.486
4347.83	7.486
4352.84	7.485
4357.86	7.485
4362.87	7.485
4367.88	7.485
4372.89	7.484
4377.90	7.484
4382.91	7.484
4387.93	7.484
4392.94	7.483
4397.95	7.483
4402.96	7.483
4407.97	7.483
4412.98	7.482
4418.00	7.482
4423.01	7.482
4428.02	7.482
4433.03	7.481
4438.04	7.481
4443.05	7.481
4448.06	7.480
4453.07	7.480
4458.09	7.480
4463.10	7.480
4468.11	7.479
4473.12	7.479
4478.13	7.479
4483.14	7.478
4488.16	7.478
4493.17	7.478
4498.18	7.477
4503.19	7.477
4508.20	7.477
4513.21	7.476
4518.23	7.476
4523.24	7.476
4528.25	7.476
4533.26	7.476
4538.27	7.475
4543.28	7.475
4548.29	7.475
4553.31	7.475
4558.32	7.474
4563.33	7.474
4568.34	7.474
4573.35	7.473
4578.36	7.473
4583.38	7.473
4588.39	7.473
4593.41	7.472
4598.42	7.472
4603.43	7.472
4608.45	7.471
4613.46	7.471
4618.47	7.471
4623.48	7.471
4628.49	7.471
4633.50	7.470
4638.52	7.470
4643.53	7.470
4648.54	7.469
4653.55	7.469
4658.56	7.469
4663.57	7.468
4668.59	7.468
4673.60	7.468
4678.61	7.468
4683.62	7.467
4688.63	7.467
4693.64	7.467
4698.65	7.467
4703.67	7.466
4708.68	7.466
4713.69	7.466
4718.70	7.465
4723.71	7.465
4728.72	7.465
4733.74	7.465
4738.75	7.464
4743.76	7.464
4748.77	7.464
4753.78	7.463
4758.79	7.463
4763.81	7.463
4768.82	7.462
4773.83	7.462
4778.85	7.462
4783.86	7.462
4788.87	7.461
4793.89	7.461
4798.91	7.461
4803.92	7.460
4808.93	7.460
4813.94	7.460
4818.95	7.460
4823.97	7.460
4828.98	7.459
4833.99	7.459
4839.00	7.459
4844.01	7.458
4849.02	7.458
4854.03	7.458
4859.05	7.457
4864.06	7.457
4869.07	7.457
4874.08	7.456
4879.09	7.456
4884.10	7.456
4889.12	7.455
4894.13	7.455
4899.14	7.455
4904.15	7.455
4909.16	7.454
4914.17	7.454
4919.19	7.454
4924.20	7.454
4929.21	7.454
4934.22	7.453
4939.23	7.453
4944.24	7.453
4949.25	7.453
4954.27	7.453
4959.28	7.452
4964.29	7.452
4969.30	7.452
4974.31	7.451
4979.32	7.451
4984.34	7.451
4989.35	7.450
4994.36	7.450
4999.37	7.450
5004.39	7.450
5009.40	7.449
5014.41	7.449
5019.42	7.449
5024.43	7.449
5029.44	7.448
5034.46	7.448
5039.47	7.448
5044.48	7.447
5049.49	7.447
5054.50	7.447
5059.51	7.447
5064.53	7.446
5069.54	7.446
5074.55	7.446
5079.56	7.445
5084.57	7.445
5089.58	7.445
5094.59	7.445
5099.61	7.444
5104.62	7.444
5109.63	7.444
5114.64	7.444
5119.65	7.443
5124.66	7.443
5129.68	7.443
5134.69	7.443
5139.70	7.442
5144.71	7.442
5149.72	7.442
5154.73	7.441
5159.75	7.441
5164.76	7.441
5169.77	7.441
5174.78	7.441
5179.79	7.440
5184.80	7.440
5189.82	7.440
5194.83	7.440
5199.85	7.439
5204.86	7.439
5209.87	7.439
5214.89	7.439
5219.90	7.438
5224.91	7.438
5229.92	7.438
5234.93	7.438
5239.95	7.437
5244.97	7.437
5249.98	7.437
5254.99	7.437
5260.01	7.436
5265.02	7.436
5270.03	7.436
5275.04	7.436
5280.06	7.435
5285.07	7.435
5290.08	7.435
5295.09	7.434
5300.10	7.434
5305.11	7.434
5310.13	7.434
5315.14	7.434
5320.15	7.434
5325.16	7.433
5330.17	7.433
5335.18	7.433
5340.19	7.433
5345.21	7.432
5350.22	7.432
5355.23	7.432
5360.24	7.432
5365.25	7.432
5370.26	7.431
5375.28	7.431
5380.29	7.431
5385.30	7.430
5390.31	7.430
5395.32	7.430
5400.33	7.430
5405.34	7.429
5410.36	7.429
5415.37	7.429
5420.38	7.429
5425.39	7.429
5430.40	7.429
5435.41	7.428
5440.43	7.428
5445.44	7.428
5450.45	7.428
5455.46	7.427
5460.47	7.427
5465.48	7.427
5470.49	7.427
5475.51	7.427
5480.52	7.426
5485.53	7.426
5490.54	7.426
5495.55	7.426
5500.56	7.426
5505.58	7.426
5510.59	7.426
5515.60	7.425
5520.61	7.425
5525.62	7.425
5530.63	7.425
5535.64	7.424
5540.66	7.424
5545.67	7.424
5550.68	7.424
5555.69	7.423
5560.70	7.423
5565.71	7.423
5570.72	7.423
5575.74	7.423
5580.75	7.423
5585.76	7.422
5590.77	7.422
5595.78	7.422
5600.79	7.422
5605.80	7.422
5610.82	7.421
5615.83	7.421
5620.84	7.421
5625.85	7.421
5630.86	7.421
5635.87	7.421
5640.89	7.420
5645.90	7.420
5650.91	7.420
5655.92	7.420
5660.93	7.420
5665.94	7.419
5670.96	7.419
5675.97	7.419
5680.98	7.419
5685.99	7.419
5691.00	7.419
5696.01	7.418
5701.02	7.418
5706.04	7.418
5711.05	7.418
5716.06	7.418
5721.07	7.417
5726.08	7.417
5731.09	7.417
5736.11	7.417
5741.12	7.416
5746.13	7.416
5751.14	7.416
5756.15	7.416
5761.16	7.416
5766.18	7.416
5771.19	7.415
5776.20	7.415
5781.21	7.415
5786.22	7.415
5791.23	7.415
5796.24	7.415
5801.26	7.415
5806.27	7.414
5811.28	7.414
5816.29	7.414
5821.30	7.414
5826.31	7.414
5831.33	7.414
5836.34	7.414
5841.35	7.413
5846.36	7.413
5851.37	7.413
5856.38	7.413
5861.39	7.413
5866.41	7.413
5871.42	7.412
5876.43	7.412
5881.44	7.412
5886.45	7.412
5891.46	7.412
5896.48	7.412
5901.49	7.412
5906.50	7.411
5911.51	7.411
5916.52	7.411
5921.53	7.411
5926.54	7.410
5931.56	7.410
5936.57	7.410
5941.58	7.410
5946.59	7.410
5951.60	7.410
5956.61	7.410
5961.63	7.409
5966.64	7.409
5971.65	7.409
5976.67	7.409
5981.69	7.409
5986.70	7.409
5991.72	7.408
5996.73	7.408
6001.74	7.408
6006.76	7.408
6011.77	7.408
6016.78	7.408
6021.79	7.408
6026.80	7.408
6031.81	7.408
6036.83	7.407
6041.84	7.407
6046.86	7.407
6051.87	7.407
6056.89	7.407
6061.90	7.407
6066.92	7.406
6071.94	7.406
6076.95	7.406
6081.96	7.406
6086.97	7.406
6091.98	7.406
6096.99	7.406
6102.01	7.405
6107.02	7.405
6112.03	7.405
6117.04	7.405
6122.05	7.405
6127.06	7.405
6132.08	7.404
6137.09	7.404
6142.10	7.404
6147.11	7.404
6152.12	7.404
6157.13	7.404
6162.14	7.404
6167.16	7.404
6172.17	7.403
6177.18	7.403
6182.19	7.403
6187.20	7.403
6192.21	7.403
6197.22	7.403
6202.24	7.403
6207.25	7.402
6212.26	7.402
6217.27	7.402
6222.28	7.402
6227.29	7.402
6232.30	7.402
6237.32	7.402
6242.33	7.402
6247.34	7.401
6252.35	7.401
6257.36	7.401
6262.37	7.401
6267.38	7.401
6272.40	7.401
6277.41	7.401
6282.42	7.401
6287.43	7.401
6292.44	7.400
6297.45	7.400
6302.46	7.400
6307.48	7.400
6312.49	7.400
6317.50	7.400
6322.51	7.400
6327.52	7.399
6332.53	7.399
6337.55	7.399
6342.56	7.399
6347.57	7.399
6352.58	7.399
6357.59	7.399
6362.60	7.399
6367.62	7.398
6372.63	7.398
6377.64	7.398
6382.65	7.398
6387.66	7.398
6392.67	7.398
6397.68	7.398
6402.70	7.398
6407.71	7.397
6412.72	7.397
6417.73	7.397
6422.74	7.397
6427.75	7.397
6432.77	7.397
6437.78	7.397
6442.79	7.397
6447.80	7.397
6452.81	7.397
6457.83	7.396
6462.84	7.396
6467.86	7.396
6472.87	7.396
6477.88	7.396
6482.89	7.396
6487.91	7.396
6492.92	7.396
6497.93	7.395
6502.94	7.395
6507.95	7.395
6512.96	7.395
6517.98	7.395
6522.99	7.395
6528.00	7.395
6533.01	7.395
6538.02	7.394
6543.03	7.394
6548.04	7.394
6553.06	7.394
6558.07	7.394
6563.08	7.394
6568.09	7.394
6573.10	7.394
6578.11	7.394
6583.13	7.393
6588.14	7.393
6593.15	7.393
6598.16	7.393
6603.17	7.393
6608.18	7.393
6613.19	7.393
6618.21	7.393
6623.22	7.393
6628.23	7.393
6633.24	7.392
6638.25	7.392
6643.26	7.392
6648.28	7.392
6653.29	7.392
6658.30	7.392
6663.31	7.392
6668.32	7.392
6673.33	7.391
6678.35	7.391
6683.36	7.391
6688.37	7.391
6693.38	7.391
6698.39	7.391
6703.40	7.391
6708.41	7.391
6713.42	7.391
6718.43	7.390
6723.45	7.390
6728.46	7.390
6733.47	7.390
6738.48	7.390
6743.49	7.390
6748.50	7.390
6753.52	7.390
6758.53	7.390
6763.54	7.390
6768.55	7.389
6773.56	7.389
6778.57	7.389
6783.59	7.389
6788.60	7.389
6793.61	7.389
6798.62	7.389
6803.63	7.389
6808.64	7.389
6813.66	7.388
6818.67	7.388
6823.68	7.388
6828.69	7.388
6833.70	7.388
6838.71	7.388
6843.72	7.388
6848.74	7.388
6853.75	7.388
6858.76	7.387
6863.77	7.387
6868.78	7.387
6873.79	7.387
6878.81	7.387
6883.82	7.387
6888.83	7.387
6893.84	7.387
6898.85	7.387
6903.86	7.386
6908.87	7.386
6913.89	7.386
6918.90	7.386
6923.91	7.386
6928.92	7.386
6933.93	7.386
6938.94	7.386
6943.96	7.386
6948.97	7.386
6953.98	7.385
6958.99	7.385
6964.00	7.385
6969.01	7.385
6974.03	7.385
6979.04	7.385
6984.05	7.385
6989.06	7.385
6994.07	7.384
6999.08	7.384
7004.10	7.384
7009.11	7.384
7014.12	7.384
7019.13	7.384
7024.14	7.384
7029.15	7.384
7034.16	7.384
7039.18	7.384
7044.19	7.384
7049.20	7.384
7054.21	7.384
7059.22	7.383
7064.23	7.383
7069.24	7.383
7074.25	7.383
7079.27	7.383
7084.28	7.383
7089.29	7.382
7094.30	7.382
7099.31	7.382
7104.32	7.382
7109.34	7.382
7114.35	7.382
7119.36	7.382
7124.37	7.382
7129.38	7.382
7134.39	7.382
7139.41	7.382
7144.42	7.382
7149.43	7.381
7154.44	7.382
7159.45	7.381
7164.46	7.381
7169.47	7.381
7174.49	7.381
7179.50	7.381
7184.51	7.381
7189.52	7.381
7194.53	7.381
7199.54	7.381
7204.56	7.380
7209.57	7.380
7214.58	7.380
7219.59	7.380
7224.60	7.380
7229.61	7.380
7234.63	7.380
7239.64	7.380
7244.65	7.380
7249.66	7.379
7254.67	7.379
7259.68	7.379
7264.69	7.379
7269.71	7.379
7274.72	7.379
7279.73	7.379
7284.75	7.379
7289.76	7.379
7294.78	7.379
7299.79	7.378
7304.80	7.378
7309.82	7.378
7314.83	7.378
7319.85	7.378
7324.86	7.378
7329.88	7.378
7334.89	7.378
7339.90	7.377
7344.92	7.377
7349.93	7.378
7354.94	7.377
7359.95	7.377
7364.97	7.377
7369.98	7.377
7375.00	7.377
7380.01	7.377
7385.02	7.377
7390.03	7.377
7395.05	7.377
7400.06	7.376
7405.07	7.376
7410.08	7.376
7415.09	7.376
7420.10	7.376
7425.11	7.376
7430.13	7.376
7435.14	7.376
7440.15	7.376
7445.16	7.376
7450.17	7.375
7455.18	7.375
7460.20	7.375
7465.21	7.375
7470.22	7.375
7475.23	7.375
7480.24	7.375
7485.25	7.375
7490.27	7.375
7495.28	7.375
7500.29	7.374
7505.30	7.374
7510.31	7.374
7515.32	7.374
7520.33	7.374
7525.35	7.374
7530.36	7.374
7535.37	7.374
7540.38	7.374
7545.39	7.374
7550.40	7.373
7555.41	7.373
7560.43	7.373
7565.44	7.373
7570.45	7.373
7575.46	7.373
7580.47	7.373
7585.48	7.373
7590.49	7.373
7595.51	7.372
7600.52	7.372
7605.53	7.372
7610.54	7.372
7615.55	7.372
7620.56	7.372
7625.57	7.372
7630.59	7.372
7635.60	7.372
7640.61	7.372
7645.62	7.372
7650.63	7.372
7655.64	7.371
7660.66	7.371
7665.67	7.371
7670.68	7.371
7675.69	7.371
7680.70	7.371
7685.71	7.371
7690.73	7.371
7695.74	7.371
7700.75	7.370
7705.76	7.371
7710.77	7.371
7715.78	7.370
7720.79	7.370
7725.81	7.370
7730.82	7.370
7735.83	7.370
7740.84	7.370
7745.85	7.370
7750.86	7.370
7755.88	7.370
7760.89	7.370
7765.90	7.369
7770.91	7.369
7775.92	7.369
7780.93	7.369
7785.94	7.369
7790.96	7.369
7795.97	7.369
7800.98	7.369
7805.99	7.368
7811.00	7.368
7816.01	7.368
7821.03	7.368
7826.04	7.368
7831.05	7.368
7836.06	7.368
7841.07	7.368
7846.08	7.368
7851.09	7.368
7856.11	7.367
7861.12	7.367
7866.13	7.367
7871.14	7.367
7876.15	7.367
7881.16	7.367
7886.17	7.367
7891.19	7.367
7896.20	7.367
7901.21	7.367
7906.22	7.367
7911.23	7.366
7916.24	7.366
7921.25	7.366
7926.27	7.366
7931.28	7.366
7936.29	7.366
7941.30	7.366
7946.31	7.366
7951.32	7.366
7956.34	7.366
7961.35	7.365
7966.36	7.366
7971.37	7.365
7976.38	7.365
7981.39	7.365
7986.41	7.365
7991.42	7.365
7996.43	7.365
8001.44	7.365
8006.45	7.365
8011.46	7.365
8016.47	7.364
8021.49	7.364
8026.50	7.364
8031.51	7.364
8036.52	7.364
8041.53	7.364
8046.54	7.364
8051.55	7.364
8056.57	7.364
8061.58	7.364
8066.59	7.363
8071.60	7.363
8076.61	7.363
8081.62	7.363
8086.64	7.363
8091.65	7.363
8096.66	7.363
8101.67	7.362
8106.68	7.362
8111.69	7.362
8116.71	7.363
8121.72	7.362
8126.73	7.362
8131.74	7.362
8136.75	7.362
8141.76	7.362
8146.78	7.361
8151.79	7.361
8156.80	7.361
8161.81	7.361
8166.82	7.361
8171.83	7.361
8176.84	7.361
8181.86	7.361
8186.87	7.361
8191.88	7.361
8196.89	7.361
8201.90	7.361
8206.91	7.360
8211.93	7.360
8216.94	7.360
8221.95	7.360
8226.96	7.360
8231.97	7.360
8236.98	7.360
8242.00	7.360
8247.01	7.360
8252.02	7.359
8257.03	7.359
8262.04	7.359
8267.05	7.359
8272.06	7.359
8277.08	7.359
8282.09	7.359
8287.10	7.359
8292.11	7.359
8297.12	7.358
8302.13	7.358
8307.15	7.358
8312.16	7.358
8317.17	7.358
8322.18	7.358
8327.19	7.358
8332.20	7.357
8337.21	7.357
8342.23	7.357
8347.24	7.357
8352.25	7.357
8357.26	7.357
8362.27	7.357
8367.28	7.357
8372.29	7.357
8377.31	7.357
8382.32	7.357
8387.33	7.357
8392.34	7.357
8397.35	7.356
8402.36	7.356
8407.38	7.356
8412.39	7.356
8417.40	7.356
8422.41	7.356
8427.42	7.355
8432.43	7.355
8437.45	7.355
8442.46	7.355
8447.47	7.355
8452.48	7.355
8457.49	7.355
8462.50	7.355
8467.51	7.355
8472.53	7.355
8477.54	7.355
8482.55	7.354
8487.56	7.354
8492.57	7.354
8497.58	7.354
8502.60	7.354
8507.61	7.354
8512.62	7.353
8517.63	7.353
8522.64	7.353
8527.65	7.353
8532.66	7.353
8537.68	7.353
8542.69	7.353
8547.70	7.353
8552.71	7.353
8557.72	7.353
8562.73	7.352
8567.75	7.352
8572.76	7.352
8577.77	7.352
8582.78	7.352
8587.79	7.352
8592.80	7.352
8597.81	7.352
8602.83	7.351
8607.84	7.351
8612.85	7.351
8617.86	7.351
8622.87	7.351
8627.88	7.351
8632.89	7.351
8637.91	7.351
8642.92	7.350
8647.93	7.350
8652.94	7.350
8657.95	7.350
8662.96	7.350
8667.98	7.350
8672.99	7.350
8678.00	7.350
8683.01	7.350
8688.02	7.349
8693.03	7.349
8698.04	7.349
8703.06	7.349
8708.07	7.349
8713.08	7.349
8718.09	7.349
8723.10	7.348
8728.11	7.348
8733.13	7.348
8738.14	7.348
8743.15	7.348
8748.16	7.348
8753.17	7.348
8758.18	7.348
8763.19	7.347
8768.21	7.347
8773.22	7.347
8778.23	7.347
8783.24	7.347
8788.25	7.347
8793.26	7.347
8798.28	7.347
8803.29	7.346
8808.30	7.346
8813.31	7.346
8818.32	7.346
8823.33	7.346
8828.34	7.346
8833.36	7.346
8838.37	7.345
8843.38	7.345
8848.39	7.345
8853.40	7.345
8858.41	7.345
8863.43	7.345
8868.44	7.345
8873.45	7.345
8878.46	7.344
8883.47	7.344
8888.48	7.344
8893.50	7.344
8898.51	7.344
8903.52	7.344
8908.53	7.344
8913.54	7.344
8918.55	7.343
8923.56	7.343
8928.58	7.343
8933.59	7.343
8938.60	7.342
8943.61	7.342
8948.62	7.342
8953.63	7.342
8958.65	7.342
8963.66	7.342
8968.67	7.342
8973.68	7.342
8978.69	7.341
8983.70	7.342
8988.72	7.341
8993.73	7.341
8998.74	7.341
9003.75	7.341
9008.76	7.341
9013.77	7.340
9018.78	7.340
9023.80	7.340
9028.81	7.340
9033.82	7.340
9038.83	7.340
9043.84	7.339
9048.85	7.339
9053.87	7.339
9058.88	7.339
9063.89	7.339
9068.90	7.339
9073.91	7.339
9078.92	7.338
9083.93	7.338
9088.95	7.338
9093.96	7.338
9098.97	7.337
9103.98	7.337
9108.99	7.337
9114.00	7.337
9119.02	7.337
9124.03	7.337
9129.04	7.337
9134.05	7.336
9139.06	7.336
9144.07	7.336
9149.09	7.336
9154.10	7.336
9159.11	7.336
9164.12	7.335
9169.13	7.335
9174.14	7.335
9179.16	7.334
9184.17	7.335
9189.18	7.334
9194.19	7.334
9199.20	7.334
9204.21	7.334
9209.22	7.333
9214.24	7.333
9219.25	7.333
9224.26	7.333
9229.27	7.333
9234.28	7.333
9239.29	7.332
9244.31	7.332
9249.32	7.332
9254.33	7.331
9259.34	7.332
9264.35	7.332
9269.36	7.331
9274.38	7.331
9279.39	7.331
9284.40	7.331
9289.41	7.331
9294.42	7.331
9299.43	7.330
9304.45	7.330
9309.46	7.330
9314.47	7.330
9319.48	7.329
9324.49	7.329
9329.50	7.329
9334.51	7.329
9339.53	7.329
9344.54	7.328
9349.55	7.328
9354.56	7.328
9359.57	7.328
9364.58	7.327
9369.60	7.327
9374.61	7.327
9379.62	7.327
9384.63	7.326
9389.64	7.326
9394.65	7.326
9399.67	7.326
9404.68	7.326
9409.69	7.325
9414.70	7.325
9419.71	7.325
9424.72	7.325
9429.73	7.325
9434.75	7.324
9439.76	7.324
9444.77	7.324
9449.78	7.324
9454.79	7.323
9459.80	7.323
9464.82	7.323
9469.83	7.322
9474.84	7.322
9479.85	7.322
9484.86	7.322
9489.87	7.322
9494.88	7.322
9499.90	7.321
9504.91	7.321
9509.92	7.321
9514.93	7.321
9519.94	7.320
9524.95	7.320
9529.96	7.320
9534.98	7.319
9539.99	7.319
9545.00	7.319
9550.01	7.319
9555.02	7.319
9560.03	7.318
9565.05	7.318
9570.06	7.318
9575.07	7.317
9580.08	7.317
9585.09	7.317
9590.10	7.316
9595.11	7.316
9600.13	7.316
9605.14	7.316
9610.16	7.315
9615.17	7.315
9620.19	7.314
9625.20	7.314
9630.21	7.314
9635.23	7.314
9640.24	7.314
9645.25	7.313
9650.27	7.313
9655.28	7.312
9660.30	7.312
9665.31	7.312
9670.32	7.312
9675.33	7.312
9680.35	7.311
9685.36	7.311
9690.37	7.311
9695.39	7.311
9700.40	7.310
9705.42	7.310
9710.43	7.310
9715.44	7.309
9720.45	7.309
9725.47	7.309
9730.48	7.308
9735.49	7.308
9740.50	7.308
9745.51	7.307
9750.52	7.307
9755.53	7.307
9760.55	7.306
9765.56	7.306
9770.57	7.306
9775.58	7.305
9780.59	7.305
9785.60	7.304
9790.62	7.304
9795.63	7.304
9800.64	7.304
9805.65	7.303
9810.66	7.303
9815.67	7.303
9820.68	7.302
9825.70	7.302
9830.71	7.302
9835.72	7.301
9840.73	7.301
9845.74	7.301
9850.75	7.300
9855.77	7.300
9860.78	7.300
9865.79	7.299
9870.80	7.299
9875.81	7.299
9880.82	7.298
9885.84	7.298
9890.85	7.298
9895.86	7.297
9900.87	7.297
9905.88	7.296
9910.89	7.296
9915.91	7.295
9920.92	7.295
9925.93	7.295
9930.94	7.295
9935.95	7.294
9940.96	7.294
9945.97	7.293
9950.99	7.293
9956.00	7.292
9961.02	7.292
9966.03	7.292
9971.05	7.291
9976.07	7.291
9981.08	7.290
9986.09	7.290
9991.11	7.289
9996.12	7.289
10001.13	7.289
10006.14	7.288
10011.15	7.288
10016.16	7.287
10021.18	7.287
10026.19	7.287
10031.21	7.286
10036.22	7.286
10041.24	7.285
10046.25	7.285
10051.27	7.284
10056.28	7.284
10061.29	7.284
10066.30	7.283
10071.31	7.281
10076.32	7.281
10081.34	7.280
10086.35	7.280
10091.36	7.279
10096.37	7.279
10101.38	7.278
10106.39	7.278
10111.41	7.278
10116.42	7.277
10121.43	7.277
10126.44	7.276
10131.45	7.276
10136.46	7.275
10141.48	7.275
10146.49	7.274
10151.50	7.274
10156.51	7.274
10161.52	7.273
10166.53	7.273
10171.55	7.272
10176.56	7.272
10181.57	7.271
10186.58	7.271
10191.59	7.270
10196.60	7.270
10201.61	7.270
10206.63	7.269
10211.64	7.269
10216.65	7.268
10221.66	7.268
10226.67	7.267
10231.68	7.266
10236.70	7.266
10241.71	7.265
10246.72	7.265
10251.73	7.264
10256.74	7.264
10261.75	7.263
10266.77	7.263
10271.78	7.262
10276.79	7.262
10281.80	7.261
10286.81	7.261
10291.82	7.260
10296.83	7.260
10301.85	7.259
10306.86	7.259
10311.88	7.258
10316.89	7.257
10321.91	7.257
10326.93	7.256
10331.94	7.255
10336.96	7.255
10341.97	7.254
10346.98	7.254
10351.99	7.253
10357.00	7.253
10362.01	7.252
10367.02	7.252
10372.04	7.251
10377.05	7.251
10382.06	7.250
10387.07	7.249
10392.08	7.249
10397.09	7.248
10402.10	7.248
10407.11	7.247
10412.13	7.246
10417.14	7.246
10422.15	7.245
10427.16	7.245
10432.17	7.244
10437.18	7.244
10442.20	7.243
10447.21	7.242
10452.22	7.242
10457.23	7.241
10462.24	7.240
10467.25	7.240
10472.27	7.239
10477.28	7.239
10482.29	7.238
10487.30	7.237
10492.31	7.237
10497.32	7.236
10502.33	7.236
10507.35	7.235
10512.36	7.234
10517.37	7.234
10522.38	7.233
10527.39	7.232
10532.40	7.231
10537.42	7.231
10542.43	7.230
10547.44	7.230
10552.45	7.229
10557.46	7.228
10562.47	7.228
10567.49	7.227
10572.50	7.226
10577.51	7.226
10582.52	7.225
10587.53	7.225
10592.54	7.224
10597.55	7.223
10602.57	7.223
10607.58	7.222
10612.59	7.221
10617.60	7.220
10622.61	7.220
10627.62	7.219
10632.64	7.218
10637.65	7.217
10642.66	7.217
10647.67	7.216
10652.68	7.216
10657.69	7.215
10662.70	7.214
10667.72	7.214
10672.73	7.213
10677.74	7.212
10682.75	7.212
10687.76	7.211
10692.77	7.210
10697.78	7.210
10702.80	7.209
10707.81	7.208
10712.82	7.208
10717.83	7.207
10722.84	7.206
10727.85	7.206
10732.86	7.205
10737.88	7.204
10742.89	7.203
10747.90	7.203
10752.91	7.202
10757.92	7.201
10762.93	7.200
10767.95	7.200
10772.96	7.199
10777.97	7.198
10782.98	7.198
10787.99	7.197
10793.00	7.196
10798.02	7.196
10803.03	7.195
10808.04	7.194
10813.05	7.193
10818.06	7.193
10823.07	7.192
10828.08	7.191
10833.10	7.190
10838.11	7.190
10843.12	7.189
10848.13	7.188
10853.14	7.187
10858.15	7.187
10863.17	7.186
10868.18	7.185
10873.19	7.184
10878.20	7.184
10883.21	7.183
10888.22	7.182
10893.24	7.181
10898.25	7.181
10903.26	7.180
10908.27	7.179
10913.28	7.179
10918.29	7.178
10923.30	7.177
10928.32	7.176
10933.33	7.176
10938.34	7.175
10943.35	7.174
10948.36	7.173
10953.37	7.172
10958.39	7.172
10963.40	7.171
10968.41	7.170
10973.42	7.169
10978.43	7.169
10983.44	7.168
10988.46	7.167
10993.47	7.166
10998.48	7.166
11003.49	7.165
11008.50	7.164
11013.51	7.163
11018.52	7.162
11023.54	7.162
11028.55	7.161
11033.56	7.160
11038.57	7.159
11043.58	7.159
11048.59	7.158
11053.61	7.157
11058.62	7.156
11063.63	7.155
11068.64	7.155
11073.65	7.154
11078.66	7.153
11083.68	7.152
11088.69	7.151
11093.70	7.151
11098.71	7.150
11103.72	7.149
11108.73	7.148
11113.75	7.147
11118.76	7.147
11123.77	7.146
11128.78	7.145
11133.79	7.144
11138.80	7.143
11143.81	7.143
11148.82	7.142
11153.84	7.141
11158.85	7.140
11163.86	7.140
11168.87	7.139
11173.88	7.138
11178.89	7.137
11183.91	7.136
11188.92	7.135
11193.93	7.135
11198.94	7.134
11203.95	7.133
11208.96	7.132
11213.98	7.131
11218.99	7.130
11224.00	7.129
11229.01	7.129
11234.02	7.128
11239.03	7.127
11244.04	7.126
11249.06	7.126
11254.07	7.125
11259.08	7.124
11264.09	7.123
11269.10	7.122
11274.11	7.121
11279.13	7.120
11284.14	7.119
11289.15	7.119
11294.16	7.118
11299.17	7.117
11304.18	7.116
11309.20	7.116
11314.22	7.115
11319.23	7.114
11324.25	7.113
11329.26	7.112
11334.28	7.111
11339.29	7.110
11344.30	7.109
11349.31	7.109
11354.33	7.108
11359.34	7.107
11364.35	7.106
11369.36	7.105
11374.38	7.104
11379.39	7.103
11384.41	7.103
11389.42	7.102
11394.44	7.101
11399.45	7.100
11404.46	7.099
11409.47	7.098
11414.48	7.097
11419.50	7.097
11424.51	7.096
11429.52	7.095
11434.53	7.094
11439.54	7.093
11444.55	7.092
11449.57	7.091
11454.58	7.090
11459.59	7.089
11464.60	7.089
11469.61	7.088
11474.62	7.087
11479.63	7.086
11484.65	7.085
11489.66	7.084
11494.67	7.083
11499.68	7.082
11504.69	7.081
11509.70	7.081
11514.72	7.079
11519.73	7.079
11524.74	7.078
11529.75	7.077
11534.76	7.076
11539.77	7.075
11544.79	7.074
11549.80	7.074
11554.81	7.073
11559.82	7.072
11564.83	7.071
11569.84	7.070
11574.85	7.069
11579.87	7.068
11584.88	7.067
11589.89	7.066
11594.90	7.066
11599.91	7.065
11604.92	7.064
11609.94	7.063
11614.95	7.062
11619.96	7.061
11624.97	7.060
11629.98	7.059
11634.99	7.058
11640.00	7.057
11645.02	7.056
11650.03	7.055
11655.04	7.054
11660.05	7.053
11665.06	7.053
11670.07	7.051
11675.09	7.051
11680.10	7.050
11685.11	7.049
11690.13	7.048
11695.14	7.047
11700.15	7.046
11705.16	7.045
11710.17	7.044
11715.18	7.043
11720.20	7.042
11725.21	7.041
11730.22	7.040
11735.23	7.039
11740.24	7.038
11745.25	7.037
11750.27	7.037
11755.28	7.035
11760.29	7.034
11765.30	7.034
11770.31	7.032
11775.32	7.032
11780.33	7.031
11785.35	7.030
11790.36	7.029
11795.37	7.028
11800.38	7.027
11805.39	7.026
11810.40	7.025
11815.42	7.024
11820.43	7.023
11825.44	7.022
11830.45	7.021
11835.46	7.020
11840.47	7.019
11845.48	7.018
11850.49	7.017
11855.51	7.016
11860.52	7.015
11865.53	7.014
11870.54	7.013
11875.55	7.012
11880.56	7.011
11885.58	7.010
11890.59	7.009
11895.61	7.008
11900.62	7.007
11905.63	7.006
11910.65	7.006
11915.66	7.004
11920.67	7.004
11925.68	7.003
11930.69	7.002
11935.70	7.000
11940.72	6.999
11945.73	6.998
11950.74	6.997
11955.75	6.996
11960.76	6.995
11965.77	6.994
11970.79	6.994
11975.80	6.993
11980.81	6.992
11985.82	6.991
11990.83	6.990
11995.84	6.989
12000.86	6.987
12005.87	6.986
12010.88	6.985
12015.89	6.984
12020.90	6.983
12025.91	6.982
12030.93	6.981
12035.94	6.980
12040.95	6.979
12045.96	6.978
12050.97	6.977
12055.98	6.976
12061.00	6.975
12066.01	6.974
12071.02	6.973
12076.03	6.972
12081.04	6.971
12086.05	6.970
12091.06	6.969
12096.08	6.968
12101.09	6.967
12106.10	6.966
12111.11	6.965
12116.13	6.964
12121.14	6.963
12126.15	6.962
12131.17	6.961
12136.18	6.959
12141.20	6.958
12146.21	6.957
12151.22	6.956
12156.23	6.955
12161.24	6.954
12166.25	6.953
12171.26	6.952
12176.27	6.951
12181.29	6.950
12186.30	6.949
12191.31	6.948
12196.32	6.947
12201.33	6.945
12206.34	6.944
12211.36	6.943
12216.37	6.942
12221.38	6.941
12226.39	6.940
12231.40	6.939
12236.41	6.938
12241.43	6.937
12246.44	6.936
12251.45	6.935
12256.46	6.934
12261.47	6.933
12266.48	6.932
12271.50	6.931
12276.51	6.930
12281.52	6.929
12286.53	6.928
12291.54	6.926
12296.55	6.925
12301.59	6.924
12306.60	6.923
12311.61	6.922
12316.62	6.921
12321.63	6.920
12326.64	6.918
12331.66	6.918
12336.67	6.916
12341.68	6.915
12346.69	6.914
12351.70	6.913
12356.71	6.912
12361.73	6.911
12366.74	6.910
12371.75	6.909
12376.76	6.908
12381.77	6.906
12386.78	6.905
12391.79	6.904
12396.81	6.903
12401.82	6.902
12406.83	6.901
12411.84	6.900
12416.85	6.898
12421.86	6.897
12426.88	6.896
12431.89	6.895
12436.90	6.894
12441.91	6.893
12446.92	6.892
12451.93	6.891
12456.95	6.889
12461.96	6.888
12466.97	6.887
12471.98	6.886
12476.99	6.885
12482.00	6.884
12487.01	6.883
12492.02	6.881
12497.04	6.880
12502.05	6.879
12507.06	6.878
12512.07	6.877
12517.08	6.876
12522.09	6.874
12527.11	6.873
12532.12	6.872
12537.13	6.871
12542.14	6.870
12547.15	6.869
12552.16	6.867
12557.18	6.866
12562.19	6.865
12567.20	6.864
12572.22	6.863
12577.23	6.862
12582.24	6.860
12587.25	6.859
12592.26	6.858
12597.27	6.857
12602.29	6.856
12607.30	6.855
12612.31	6.853
12617.32	6.852
12622.33	6.851
12627.34	6.850
12632.35	6.848
12637.37	6.847
12642.38	6.846
12647.39	6.845
12652.40	6.843
12657.41	6.842
12662.42	6.841
12667.44	6.840
12672.45	6.838
12677.46	6.837
12682.47	6.836
12687.48	6.835
12692.49	6.834
12697.51	6.833
12702.52	6.831
12707.53	6.830
12712.54	6.829
12717.55	6.827
12722.56	6.826
12727.58	6.825
12732.59	6.824
12737.60	6.823
12742.61	6.821
12747.62	6.820
12752.63	6.819
12757.65	6.818
12762.66	6.816
12767.67	6.815
12772.69	6.814
12777.70	6.813
12782.71	6.812
12787.73	6.810
12792.74	6.809
12797.75	6.808
12802.76	6.806
12807.77	6.805
12812.78	6.804
12817.79	6.803
12822.81	6.801
12827.82	6.800
12832.83	6.799
12837.84	6.797
12842.85	6.796
12847.86	6.795
12852.88	6.794
12857.89	6.792
12862.90	6.791
12867.91	6.790
12872.92	6.789
12877.93	6.787
12882.95	6.786
12887.96	6.785
12892.97	6.783
12897.98	6.782
12902.99	6.781
12908.00	6.780
12913.02	6.778
12918.03	6.777
12923.04	6.776
12928.05	6.774
12933.06	6.773
12938.07	6.772
12943.08	6.770
12948.10	6.769
12953.11	6.767
12958.12	6.766
12963.13	6.765
12968.14	6.764
12973.16	6.762
12978.17	6.761
12983.18	6.760
12988.20	6.758
12993.21	6.757
12998.22	6.756
13003.23	6.754
13008.25	6.753
13013.26	6.752
13018.27	6.750
13023.28	6.749
13028.29	6.748
13033.30	6.746
13038.32	6.745
13043.33	6.744
13048.34	6.742
13053.35	6.741
13058.36	6.740
13063.37	6.738
13068.39	6.737
13073.40	6.735
13078.41	6.734
13083.42	6.732
13088.43	6.731
13093.44	6.730
13098.45	6.729
13103.47	6.727
13108.48	6.726
13113.49	6.725
13118.51	6.723
13123.52	6.722
13128.53	6.721
13133.54	6.719
13138.56	6.718
13143.57	6.716
13148.58	6.715
13153.59	6.713
13158.60	6.712
13163.61	6.711
13168.63	6.709
13173.64	6.708
13178.65	6.706
13183.66	6.705
13188.67	6.704
13193.68	6.702
13198.70	6.701
13203.71	6.699
13208.72	6.698
13213.73	6.696
13218.75	6.695
13223.76	6.694
13228.77	6.692
13233.78	6.691
13238.79	6.689
13243.80	6.688
13248.81	6.686
13253.83	6.685
13258.84	6.683
13263.85	6.682
13268.86	6.681
13273.87	6.679
13278.88	6.678
13283.90	6.676
13288.91	6.675
13293.92	6.673
13298.93	6.672
13303.94	6.670
13308.95	6.669
13313.97	6.668
13318.98	6.666
13323.99	6.665
13329.00	6.663
13334.01	6.662
13339.02	6.660
13344.03	6.659
13349.05	6.657
13354.06	6.656
13359.07	6.654
13364.08	6.653
13369.09	6.651
13374.10	6.650
13379.11	6.649
13384.12	6.647
13389.14	6.645
13394.15	6.644
13399.16	6.642
13404.17	6.641
13409.18	6.639
13414.19	6.638
13419.21	6.636
13424.22	6.635
13429.23	6.633
13434.24	6.632
13439.25	6.630
13444.26	6.629
13449.28	6.627
13454.29	6.626
13459.30	6.624
13464.31	6.623
13469.32	6.621
13474.33	6.620
13479.34	6.618
13484.36	6.616
13489.37	6.615
13494.38	6.613
13499.39	6.612
13504.40	6.610
13509.41	6.608
13514.42	6.607
13519.44	6.605
13524.45	6.604
13529.46	6.603
13534.47	6.601
13539.48	6.599
13544.49	6.598
13549.51	6.596
13554.52	6.595
13559.53	6.593
13564.54	6.592
13569.55	6.590
13574.56	6.588
13579.58	6.587
13584.59	6.585
13589.60	6.584
13594.61	6.582
13599.62	6.580
13604.63	6.579
13609.64	6.577
13614.66	6.576
13619.67	6.574
13624.68	6.572
13629.69	6.571
13634.70	6.569
13639.71	6.568
13644.72	6.566
13649.74	6.564
13654.75	6.563
13659.76	6.561
13664.77	6.559
13669.78	6.558
13674.79	6.556
13679.81	6.555
13684.82	6.553
13689.83	6.551
13694.84	6.550
13699.85	6.548
13704.86	6.546
13709.87	6.545
13714.89	6.543
13719.90	6.541
13724.91	6.540
13729.92	6.538
13734.94	6.537
13739.95	6.535
13744.96	6.533
13749.97	6.532
13754.98	6.530
13760.00	6.528
13765.01	6.527
13770.02	6.525
13775.03	6.523
13780.04	6.521
13785.05	6.520
13790.07	6.518
13795.08	6.516
13800.09	6.515
13805.10	6.513
13810.11	6.511
13815.12	6.510
13820.14	6.508
13825.15	6.506
13830.16	6.504
13835.17	6.503
13840.18	6.501
13845.19	6.500
13850.21	6.498
13855.22	6.496
13860.23	6.494
13865.24	6.492
13870.25	6.491
13875.26	6.489
13880.27	6.487
13885.29	6.485
13890.30	6.484
13895.32	6.482
13900.33	6.480
13905.34	6.479
13910.35	6.477
13915.36	6.475
13920.37	6.473
13925.39	6.472
13930.40	6.470
13935.41	6.468
13940.42	6.466
13945.43	6.464
13950.44	6.463
13955.46	6.461
13960.47	6.459
13965.48	6.457
13970.49	6.456
13975.50	6.454
13980.51	6.452
13985.53	6.450
13990.54	6.449
13995.55	6.447
14000.56	6.445
14005.57	6.443
14010.58	6.441
14015.59	6.439
14020.61	6.438
14025.62	6.436
14030.63	6.434
14035.64	6.432
14040.65	6.430
14045.66	6.428
14050.68	6.426
14055.69	6.425
14060.70	6.423
14065.71	6.421
14070.72	6.419
14075.73	6.417
14080.74	6.415
14085.76	6.413
14090.77	6.412
14095.78	6.410
14100.79	6.408
14105.80	6.406
14110.81	6.404
14115.83	6.402
14120.84	6.400
14125.85	6.398
14130.86	6.397
14135.87	6.395
14140.88	6.393
14145.90	6.391
14150.91	6.389
14155.92	6.387
14160.93	6.385
14165.94	6.383
14170.95	6.381
14175.97	6.379
14180.98	6.377
14185.99	6.375
14191.00	6.373
14196.01	6.371
14201.02	6.369
14206.03	6.367
14211.05	6.365
14216.06	6.363
14221.07	6.361
14226.08	6.359
14231.09	6.357
14236.10	6.355
14241.12	6.353
14246.14	6.351
14251.15	6.349
14256.16	6.347
14261.18	6.345
14266.20	6.343
14271.21	6.341
14276.23	6.339
14281.24	6.337
14286.25	6.335
14291.26	6.333
14296.27	6.331
14301.29	6.329
14306.30	6.326
14311.31	6.324
14316.32	6.322
14321.33	6.320
14326.34	6.318
14331.36	6.316
14336.37	6.314
14341.38	6.312
14346.39	6.309
14351.40	6.308
14356.41	6.305
14361.42	6.303
14366.44	6.301
14371.45	6.299
14376.46	6.296
14381.47	6.294
14386.48	6.292
14391.49	6.290
14396.51	6.287
14401.52	6.285
14406.53	6.283
14411.54	6.281
14416.55	6.279
14421.56	6.277
14426.58	6.275
14431.59	6.272
14436.60	6.270
14441.61	6.268
14446.62	6.266
14451.63	6.263
14456.65	6.261
14461.66	6.259
14466.67	6.257
14471.68	6.254
14476.69	6.252
14481.70	6.250
14486.72	6.248
14491.73	6.245
14496.74	6.243
14501.75	6.241
14506.76	6.238
14511.78	6.236
14516.79	6.234
14521.80	6.232
14526.81	6.229
14531.83	6.227
14536.84	6.225
14541.86	6.223
14546.87	6.220
14551.88	6.218
14556.89	6.216
14561.90	6.213
14566.91	6.211
14571.93	6.209
14576.94	6.206
14581.95	6.204
14586.96	6.202
14591.97	6.200
14596.98	6.197
14601.99	6.195
14606.99	6.193
14612.00	6.190
14617.01	6.188
14622.02	6.185
14627.03	6.183
14632.04	6.181
14637.05	6.179
14642.05	6.176
14647.06	6.174
14652.07	6.172
14657.08	6.169
14662.09	6.167
14667.10	6.164
14672.11	6.162
14677.12	6.160
14682.12	6.157
14687.13	6.155
14692.14	6.153
14697.15	6.150
14702.16	6.148
14707.17	6.146
14712.18	6.143
14717.18	6.141
14722.19	6.138
14727.20	6.136
14732.21	6.134
14737.22	6.131
14742.23	6.129
14747.24	6.127
14752.24	6.124
14757.25	6.122
14762.26	6.119
14767.27	6.117
14772.28	6.115
14777.29	6.112
14782.30	6.110
14787.30	6.108
14792.31	6.105
14797.32	6.103
14802.33	6.101
14807.34	6.098
14812.35	6.096
14817.36	6.093
14822.36	6.091
14827.37	6.089
14832.38	6.086
14837.39	6.084
14842.40	6.082
14847.41	6.079
14852.41	6.077
14857.42	6.074
14862.43	6.072
14867.44	6.070
14872.45	6.068
14877.46	6.065
14882.46	6.063
14887.47	6.061
14892.48	6.058
14897.49	6.056
14902.50	6.054
14907.51	6.051
14912.51	6.049
14917.52	6.047
14922.53	6.044
14927.54	6.042
14932.55	6.039
14937.56	6.037
14942.56	6.035
14947.57	6.033
14952.58	6.030
14957.59	6.028
14962.60	6.026
14967.61	6.024
14972.62	6.021
14977.62	6.019
14982.63	6.017
14987.64	6.014
14992.65	6.012
14997.66	6.010
15002.67	6.007
15007.68	6.005
15012.69	6.003
15017.70	6.001
15022.70	5.998
15027.71	5.996
15032.72	5.994
15037.73	5.992
15042.74	5.989
15047.75	5.987
15052.76	5.985
15057.76	5.983
15062.77	5.981
15067.78	5.978
15072.79	5.976
15077.80	5.974
15082.81	5.972
