0.00	7.917
5.01	7.912
10.02	7.912
15.03	7.912
20.05	7.911
25.07	7.911
30.08	7.911
35.09	7.912
40.10	7.911
45.11	7.912
50.12	7.912
55.14	7.911
60.15	7.696
65.16	7.710
70.17	7.714
75.18	7.717
80.19	7.719
85.21	7.720
90.22	7.720
95.23	7.721
100.24	7.721
105.25	7.721
110.26	7.720
115.28	7.720
120.29	7.720
125.30	7.720
130.31	7.720
135.33	7.719
140.34	7.718
145.35	7.718
150.36	7.718
155.37	7.717
160.38	7.717
165.39	7.717
170.41	7.716
175.42	7.716
180.43	7.715
185.44	7.715
190.45	7.714
195.46	7.714
200.47	7.714
205.49	7.713
210.50	7.713
215.51	7.712
220.52	7.712
225.53	7.711
230.54	7.711
235.56	7.711
240.57	7.710
245.58	7.710
250.59	7.710
255.60	7.710
260.61	7.709
265.63	7.709
270.64	7.709
275.65	7.708
280.66	7.708
285.67	7.708
290.68	7.708
295.69	7.707
300.71	7.707
305.72	7.707
310.73	7.706
315.74	7.706
320.75	7.706
325.76	7.706
330.78	7.705
335.79	7.705
340.80	7.705
345.81	7.705
350.82	7.705
355.83	7.704
360.85	7.704
365.86	7.704
370.87	7.704
375.88	7.704
380.89	7.703
385.90	7.703
390.91	7.703
395.93	7.702
400.94	7.702
405.95	7.702
410.96	7.702
415.97	7.702
420.98	7.701
426.00	7.701
431.01	7.701
436.02	7.701
441.03	7.700
446.04	7.700
451.05	7.700
456.07	7.700
461.08	7.700
466.09	7.699
471.10	7.699
476.11	7.699
481.12	7.699
486.13	7.698
491.15	7.698
496.16	7.698
501.17	7.698
506.18	7.698
511.19	7.697
516.20	7.697
521.22	7.697
526.23	7.697
531.24	7.697
536.25	7.696
541.26	7.696
546.27	7.696
551.29	7.696
556.30	7.695
561.31	7.695
566.32	7.695
571.33	7.695
576.34	7.694
581.35	7.694
586.37	7.694
591.38	7.694
596.39	7.693
601.40	7.693
606.41	7.693
611.42	7.692
616.44	7.692
621.45	7.692
626.46	7.692
631.47	7.691
636.48	7.691
641.49	7.691
646.51	7.691
651.52	7.691
656.53	7.691
661.54	7.691
666.55	7.690
671.56	7.690
676.57	7.690
681.59	7.690
686.60	7.690
691.61	7.689
696.62	7.689
701.63	7.689
706.64	7.689
711.65	7.688
716.67	7.688
721.68	7.688
726.69	7.688
731.70	7.688
736.71	7.687
741.72	7.687
746.74	7.687
751.75	7.687
756.76	7.687
761.77	7.686
766.78	7.686
771.79	7.686
776.80	7.686
781.82	7.686
786.83	7.685
791.84	7.685
796.85	7.685
801.86	7.685
806.87	7.685
811.89	7.684
816.90	7.684
821.91	7.684
826.92	7.684
831.93	7.684
836.94	7.683
841.95	7.683
846.97	7.683
851.98	7.683
856.99	7.683
862.00	7.682
867.01	7.682
872.02	7.682
877.04	7.682
882.05	7.681
887.06	7.681
892.07	7.681
897.08	7.681
902.09	7.681
907.10	7.680
912.12	7.680
917.13	7.680
922.14	7.680
927.15	7.679
932.16	7.679
937.17	7.679
942.19	7.679
947.20	7.679
952.21	7.678
957.22	7.678
962.23	7.678
967.24	7.678
972.26	7.677
977.27	7.677
982.28	7.677
987.29	7.677
992.30	7.677
997.31	7.677
1002.33	7.676
1007.34	7.676
1012.35	7.676
1017.36	7.676
1022.37	7.675
1027.38	7.675
1032.39	7.675
1037.41	7.675
1042.42	7.675
1047.43	7.675
1052.44	7.674
1057.45	7.674
1062.46	7.674
1067.48	7.673
1072.49	7.673
1077.50	7.673
1082.51	7.673
1087.52	7.673
1092.53	7.673
1097.55	7.672
1102.56	7.672
1107.57	7.672
1112.58	7.672
1117.59	7.671
1122.60	7.671
1127.62	7.671
1132.63	7.671
1137.64	7.671
1142.65	7.670
1147.66	7.670
1152.67	7.670
1157.68	7.670
1162.70	7.669
1167.71	7.669
1172.72	7.669
1177.73	7.669
1182.74	7.669
1187.75	7.668
1192.77	7.668
1197.78	7.668
1202.79	7.668
1207.80	7.668
1212.81	7.667
1217.83	7.667
1222.85	7.667
1227.86	7.667
1232.88	7.666
1237.89	7.666
1242.91	7.666
1247.92	7.666
1252.93	7.666
1257.94	7.666
1262.95	7.665
1267.96	7.665
1272.98	7.665
1277.99	7.665
1283.00	7.664
1288.02	7.664
1293.03	7.664
1298.05	7.664
1303.06	7.663
1308.08	7.663
1313.09	7.663
1318.10	7.663
1323.12	7.663
1328.13	7.663
1333.14	7.662
1338.15	7.662
1343.16	7.662
1348.17	7.661
1353.18	7.661
1358.20	7.661
1363.21	7.661
1368.23	7.660
1373.24	7.660
1378.25	7.660
1383.27	7.660
1388.28	7.660
1393.30	7.660
1398.31	7.659
1403.32	7.659
1408.33	7.659
1413.34	7.658
1418.36	7.658
1423.37	7.658
1428.39	7.657
1433.40	7.657
1438.41	7.657
1443.42	7.657
1448.44	7.656
1453.45	7.656
1458.47	7.656
1463.48	7.656
1468.50	7.655
1473.52	7.655
1478.53	7.655
1483.54	7.655
1488.55	7.655
1493.57	7.654
1498.58	7.654
1503.59	7.654
1508.60	7.653
1513.61	7.653
1518.62	7.653
1523.64	7.653
1528.65	7.653
1533.66	7.653
1538.67	7.653
1543.69	7.652
1548.70	7.652
1553.71	7.652
1558.73	7.652
1563.75	7.651
1568.76	7.651
1573.78	7.651
1578.79	7.650
1583.81	7.650
1588.82	7.650
1593.83	7.650
1598.84	7.650
1603.85	7.650
1608.87	7.649
1613.88	7.649
1618.89	7.649
1623.90	7.648
1628.91	7.648
1633.92	7.648
1638.94	7.648
1643.95	7.647
1648.96	7.647
1653.97	7.647
1658.98	7.647
1663.99	7.646
1669.01	7.646
1674.02	7.646
1679.03	7.645
1684.04	7.645
1689.05	7.645
1694.06	7.645
1699.08	7.644
1704.09	7.644
1709.10	7.644
1714.11	7.644
1719.12	7.643
1724.13	7.643
1729.14	7.643
1734.15	7.643
1739.17	7.643
1744.18	7.642
1749.19	7.642
1754.20	7.642
1759.21	7.642
1764.22	7.641
1769.24	7.641
1774.25	7.641
1779.26	7.641
1784.27	7.640
1789.28	7.640
1794.29	7.640
1799.30	7.640
1804.32	7.639
1809.33	7.639
1814.34	7.639
1819.35	7.638
1824.36	7.638
1829.37	7.638
1834.39	7.638
1839.40	7.637
1844.41	7.637
1849.42	7.637
1854.43	7.637
1859.44	7.636
1864.46	7.636
1869.47	7.636
1874.48	7.636
1879.49	7.636
1884.50	7.635
1889.51	7.635
1894.52	7.635
1899.54	7.634
1904.55	7.634
1909.56	7.634
1914.57	7.633
1919.58	7.633
1924.59	7.633
1929.61	7.633
1934.62	7.632
1939.63	7.632
1944.64	7.632
1949.65	7.632
1954.66	7.632
1959.68	7.631
1964.70	7.631
1969.71	7.631
1974.72	7.631
1979.74	7.630
1984.75	7.630
1989.76	7.630
1994.77	7.629
1999.79	7.629
2004.80	7.629
2009.81	7.629
2014.82	7.628
2019.83	7.628
2024.84	7.628
2029.86	7.628
2034.87	7.627
2039.88	7.627
2044.89	7.627
2049.90	7.626
2054.91	7.626
2059.93	7.626
2064.94	7.626
2069.95	7.626
2074.96	7.625
2079.97	7.625
2084.98	7.625
2089.99	7.625
2095.01	7.624
2100.02	7.624
2105.03	7.624
2110.04	7.623
2115.05	7.623
2120.06	7.623
2125.08	7.623
2130.09	7.622
2135.10	7.622
2140.11	7.622
2145.12	7.622
2150.13	7.621
2155.15	7.621
2160.16	7.621
2165.17	7.621
2170.18	7.620
2175.19	7.620
2180.20	7.620
2185.22	7.619
2190.23	7.619
2195.24	7.619
2200.25	7.619
2205.26	7.618
2210.27	7.618
2215.29	7.618
2220.30	7.617
2225.31	7.617
2230.32	7.617
2235.33	7.617
2240.34	7.617
2245.35	7.616
2250.37	7.616
2255.38	7.616
2260.39	7.616
2265.40	7.615
2270.41	7.615
2275.42	7.615
2280.44	7.615
2285.45	7.614
2290.46	7.614
2295.47	7.614
2300.49	7.614
2305.50	7.613
2310.51	7.613
2315.52	7.613
2320.53	7.612
2325.54	7.612
2330.55	7.612
2335.57	7.612
2340.58	7.611
2345.59	7.611
2350.60	7.611
2355.61	7.611
2360.62	7.610
2365.64	7.610
2370.65	7.610
2375.66	7.610
2380.67	7.609
2385.68	7.609
2390.69	7.609
2395.71	7.609
2400.72	7.608
2405.73	7.608
2410.74	7.608
2415.75	7.607
2420.76	7.607
2425.78	7.606
2430.79	7.606
2435.80	7.606
2440.81	7.606
2445.82	7.606
2450.83	7.606
2455.84	7.605
2460.86	7.605
2465.87	7.605
2470.88	7.604
2475.89	7.604
2480.90	7.604
2485.91	7.604
2490.93	7.603
2495.94	7.603
2500.95	7.603
2505.96	7.603
2510.97	7.602
2515.98	7.602
2520.99	7.602
2526.01	7.601
2531.02	7.601
2536.03	7.601
2541.04	7.601
2546.06	7.600
2551.07	7.600
2556.09	7.600
2561.10	7.600
2566.12	7.599
2571.13	7.599
2576.14	7.599
2581.15	7.598
2586.16	7.598
2591.17	7.598
2596.18	7.598
2601.20	7.597
2606.21	7.597
2611.22	7.597
2616.23	7.597
2621.24	7.597
2626.25	7.596
2631.27	7.596
2636.28	7.596
2641.29	7.595
2646.30	7.595
2651.31	7.594
2656.32	7.594
2661.33	7.594
2666.35	7.594
2671.36	7.593
2676.37	7.593
2681.38	7.593
2686.39	7.593
2691.40	7.592
2696.42	7.592
2701.43	7.592
2706.44	7.591
2711.45	7.591
2716.46	7.591
2721.47	7.591
2726.49	7.590
2731.50	7.590
2736.51	7.590
2741.52	7.590
2746.54	7.589
2751.55	7.589
2756.56	7.589
2761.58	7.588
2766.59	7.588
2771.61	7.588
2776.62	7.588
2781.64	7.587
2786.65	7.587
2791.66	7.587
2796.67	7.586
2801.68	7.586
2806.69	7.586
2811.71	7.586
2816.72	7.585
2821.73	7.585
2826.74	7.585
2831.75	7.585
2836.76	7.584
2841.77	7.584
2846.79	7.584
2851.80	7.583
2856.81	7.583
2861.82	7.583
2866.83	7.582
2871.84	7.582
2876.86	7.582
2881.87	7.582
2886.88	7.581
2891.89	7.581
2896.90	7.581
2901.91	7.581
2906.92	7.580
2911.94	7.580
2916.95	7.580
2921.96	7.579
2926.97	7.579
2931.98	7.579
2936.99	7.578
2942.01	7.578
2947.02	7.578
2952.03	7.578
2957.04	7.577
2962.05	7.577
2967.06	7.577
2972.07	7.577
2977.09	7.576
2982.11	7.576
2987.12	7.575
2992.13	7.575
2997.14	7.575
3002.15	7.575
3007.17	7.575
3012.18	7.574
3017.19	7.574
3022.20	7.574
3027.21	7.574
3032.22	7.573
3037.23	7.573
3042.25	7.572
3047.26	7.572
3052.27	7.572
3057.28	7.572
3062.29	7.571
3067.30	7.571
3072.32	7.571
3077.33	7.571
3082.34	7.571
3087.36	7.570
3092.37	7.570
3097.38	7.569
3102.40	7.569
3107.41	7.569
3112.42	7.569
3117.43	7.569
3122.45	7.568
3127.46	7.568
3132.47	7.568
3137.48	7.567
3142.49	7.567
3147.50	7.567
3152.52	7.566
3157.53	7.566
3162.54	7.566
3167.55	7.565
3172.56	7.565
3177.57	7.565
3182.59	7.564
3187.60	7.564
3192.61	7.564
3197.62	7.564
3202.63	7.563
3207.64	7.563
3212.65	7.563
3217.67	7.563
3222.68	7.562
3227.69	7.562
3232.70	7.562
3237.71	7.561
3242.72	7.561
3247.74	7.561
3252.75	7.560
3257.76	7.560
3262.77	7.560
3267.78	7.559
3272.79	7.559
3277.80	7.559
3282.81	7.559
3287.83	7.558
3292.84	7.558
3297.85	7.558
3302.87	7.557
3307.88	7.557
3312.89	7.556
3317.91	7.556
3322.92	7.556
3327.93	7.556
3332.94	7.555
3337.95	7.556
3342.96	7.555
3347.98	7.555
3352.99	7.555
3358.00	7.554
3363.01	7.554
3368.02	7.554
3373.03	7.553
3378.05	7.553
3383.06	7.553
3388.07	7.552
3393.08	7.552
3398.09	7.552
3403.10	7.552
3408.12	7.551
3413.13	7.551
3418.14	7.551
3423.15	7.550
3428.16	7.550
3433.17	7.550
3438.18	7.549
3443.19	7.549
3448.21	7.549
3453.22	7.549
3458.23	7.548
3463.24	7.548
3468.25	7.547
3473.26	7.547
3478.28	7.547
3483.29	7.547
3488.30	7.546
3493.31	7.546
3498.32	7.546
3503.33	7.545
3508.35	7.545
3513.36	7.545
3518.38	7.545
3523.39	7.544
3528.41	7.544
3533.42	7.544
3538.43	7.543
3543.44	7.543
3548.45	7.543
3553.46	7.543
3558.48	7.542
3563.49	7.542
3568.50	7.542
3573.51	7.541
3578.52	7.541
3583.53	7.541
3588.55	7.541
3593.56	7.540
3598.57	7.540
3603.58	7.540
3608.59	7.539
3613.60	7.539
3618.61	7.539
3623.63	7.538
3628.64	7.538
3633.65	7.538
3638.66	7.537
3643.67	7.537
3648.68	7.537
3653.70	7.537
3658.71	7.536
3663.72	7.536
3668.73	7.536
3673.74	7.536
3678.75	7.535
3683.76	7.535
3688.78	7.535
3693.79	7.534
3698.80	7.534
3703.81	7.534
3708.82	7.534
3713.83	7.533
3718.85	7.533
3723.86	7.533
3728.88	7.532
3733.89	7.532
3738.91	7.532
3743.92	7.531
3748.93	7.531
3753.94	7.531
3758.95	7.531
3763.97	7.530
3768.98	7.530
3773.99	7.530
3779.00	7.530
3784.01	7.529
3789.02	7.529
3794.04	7.528
3799.05	7.528
3804.06	7.528
3809.07	7.527
3814.08	7.527
3819.09	7.527
3824.11	7.526
3829.12	7.526
3834.13	7.526
3839.14	7.526
3844.15	7.525
3849.16	7.525
3854.18	7.525
3859.19	7.525
3864.20	7.524
3869.21	7.524
3874.22	7.524
3879.23	7.523
3884.24	7.523
3889.26	7.523
3894.27	7.522
3899.28	7.522
3904.29	7.522
3909.30	7.522
3914.31	7.521
3919.33	7.521
3924.34	7.521
3929.35	7.520
3934.37	7.520
3939.38	7.520
3944.39	7.519
3949.40	7.519
3954.42	7.519
3959.43	7.519
3964.44	7.518
3969.45	7.518
3974.46	7.518
3979.47	7.518
3984.49	7.518
3989.50	7.517
3994.51	7.517
3999.52	7.517
4004.53	7.517
4009.54	7.516
4014.55	7.516
4019.57	7.515
4024.58	7.515
4029.59	7.514
4034.60	7.514
4039.61	7.514
4044.62	7.514
4049.64	7.514
4054.65	7.513
4059.66	7.513
4064.67	7.512
4069.68	7.512
4074.69	7.512
4079.71	7.512
4084.72	7.512
4089.73	7.512
4094.74	7.511
4099.75	7.511
4104.76	7.511
4109.77	7.510
4114.79	7.510
4119.80	7.510
4124.81	7.509
4129.82	7.509
4134.83	7.509
4139.84	7.509
4144.86	7.509
4149.87	7.508
4154.88	7.508
4159.89	7.508
4164.90	7.507
4169.91	7.507
4174.93	7.507
4179.94	7.506
4184.95	7.506
4189.96	7.506
4194.97	7.506
4199.98	7.505
4205.00	7.505
4210.01	7.505
4215.02	7.504
4220.03	7.505
4225.04	7.504
4230.05	7.504
4235.06	7.504
4240.08	7.503
4245.09	7.503
4250.10	7.502
4255.11	7.502
4260.12	7.502
4265.13	7.502
4270.15	7.502
4275.16	7.502
4280.17	7.501
4285.18	7.501
4290.19	7.501
4295.20	7.501
4300.22	7.500
4305.23	7.500
4310.24	7.500
4315.25	7.499
4320.26	7.499
4325.27	7.499
4330.29	7.499
4335.30	7.498
4340.31	7.498
4345.32	7.498
4350.33	7.498
4355.34	7.497
4360.35	7.497
4365.37	7.497
4370.38	7.497
4375.39	7.496
4380.40	7.496
4385.41	7.496
4390.42	7.495
4395.44	7.495
4400.45	7.495
4405.46	7.495
4410.47	7.495
4415.48	7.495
4420.49	7.494
4425.51	7.494
4430.52	7.494
4435.53	7.494
4440.54	7.493
4445.55	7.493
4450.56	7.493
4455.58	7.493
4460.59	7.493
4465.60	7.493
4470.61	7.492
4475.62	7.492
4480.63	7.492
4485.64	7.491
4490.66	7.491
4495.67	7.491
4500.68	7.491
4505.69	7.491
4510.71	7.491
4515.72	7.490
4520.73	7.490
4525.74	7.490
4530.76	7.489
4535.77	7.489
4540.79	7.488
4545.80	7.488
4550.81	7.488
4555.82	7.488
4560.83	7.488
4565.84	7.488
4570.86	7.488
4575.87	7.488
4580.88	7.487
4585.89	7.487
4590.90	7.487
4595.91	7.487
4600.93	7.486
4605.94	7.486
4610.95	7.486
4615.96	7.486
4620.97	7.485
4625.98	7.485
4630.99	7.485
4636.01	7.485
4641.02	7.485
4646.03	7.484
4651.04	7.484
4656.05	7.484
4661.06	7.483
4666.08	7.484
4671.09	7.483
4676.10	7.483
4681.11	7.483
4686.12	7.483
4691.13	7.483
4696.15	7.482
4701.16	7.482
4706.17	7.482
4711.18	7.482
4716.19	7.481
4721.21	7.481
4726.22	7.481
4731.23	7.480
4736.24	7.481
4741.25	7.480
4746.26	7.480
4751.27	7.480
4756.29	7.480
4761.30	7.479
4766.31	7.479
4771.32	7.479
4776.33	7.478
4781.34	7.479
4786.36	7.478
4791.37	7.478
4796.38	7.478
4801.39	7.478
4806.40	7.478
4811.41	7.478
4816.43	7.477
4821.44	7.477
4826.45	7.477
4831.46	7.477
4836.47	7.476
4841.48	7.476
4846.49	7.476
4851.51	7.476
4856.52	7.476
4861.53	7.475
4866.54	7.475
4871.55	7.475
4876.56	7.475
4881.58	7.475
4886.59	7.475
4891.60	7.474
4896.61	7.474
4901.62	7.474
4906.63	7.474
4911.64	7.474
4916.66	7.473
4921.67	7.473
4926.68	7.473
4931.69	7.472
4936.70	7.472
4941.71	7.472
4946.73	7.472
4951.74	7.472
4956.75	7.472
4961.76	7.471
4966.77	7.471
4971.78	7.471
4976.80	7.471
4981.81	7.471
4986.82	7.471
4991.83	7.470
4996.84	7.470
5001.85	7.470
5006.87	7.470
5011.88	7.469
5016.89	7.470
5021.90	7.470
5026.91	7.469
5031.92	7.469
5036.94	7.469
5041.95	7.468
5046.96	7.468
5051.97	7.468
5056.98	7.468
5061.99	7.468
5067.00	7.467
5072.02	7.468
5077.03	7.468
5082.04	7.467
5087.05	7.467
5092.07	7.467
5097.08	7.467
5102.09	7.466
5107.10	7.466
5112.12	7.466
5117.13	7.466
5122.15	7.466
5127.16	7.466
5132.17	7.465
5137.18	7.465
5142.19	7.465
5147.20	7.464
5152.21	7.464
5157.23	7.464
5162.24	7.464
5167.25	7.464
5172.26	7.464
5177.27	7.464
5182.28	7.463
5187.30	7.463
5192.31	7.463
5197.32	7.463
5202.33	7.463
5207.34	7.463
5212.35	7.462
5217.37	7.462
5222.38	7.462
5227.39	7.462
5232.40	7.462
5237.41	7.462
5242.42	7.461
5247.44	7.461
5252.45	7.461
5257.46	7.461
5262.47	7.460
5267.48	7.461
5272.49	7.460
5277.50	7.460
5282.52	7.460
5287.53	7.460
5292.54	7.460
5297.55	7.459
5302.56	7.459
5307.57	7.459
5312.59	7.459
5317.60	7.459
5322.61	7.459
5327.62	7.458
5332.63	7.459
5337.64	7.458
5342.66	7.458
5347.67	7.458
5352.68	7.457
5357.69	7.457
5362.70	7.457
5367.71	7.457
5372.73	7.457
5377.74	7.457
5382.75	7.456
5387.76	7.456
5392.77	7.456
5397.78	7.456
5402.80	7.456
5407.81	7.456
5412.82	7.456
5417.83	7.455
5422.84	7.455
5427.85	7.455
5432.86	7.455
5437.88	7.455
5442.89	7.455
5447.90	7.455
5452.91	7.454
5457.92	7.454
5462.93	7.454
5467.95	7.454
5472.96	7.454
5477.97	7.454
5482.98	7.454
5487.99	7.453
5493.01	7.453
5498.02	7.453
5503.03	7.453
5508.05	7.453
5513.06	7.453
5518.07	7.453
5523.09	7.452
5528.10	7.452
5533.11	7.452
5538.12	7.452
5543.13	7.452
5548.14	7.452
5553.16	7.451
5558.17	7.451
5563.18	7.451
5568.19	7.451
5573.20	7.451
5578.21	7.450
5583.23	7.450
5588.24	7.450
5593.25	7.450
5598.26	7.450
5603.27	7.450
5608.28	7.450
5613.30	7.450
5618.31	7.450
5623.32	7.449
5628.33	7.449
5633.34	7.449
5638.35	7.449
5643.37	7.449
5648.38	7.449
5653.39	7.448
5658.40	7.448
5663.41	7.448
5668.42	7.448
5673.44	7.448
5678.45	7.448
5683.46	7.447
5688.47	7.447
5693.48	7.447
5698.50	7.447
5703.51	7.447
5708.52	7.447
5713.53	7.447
5718.55	7.446
5723.56	7.446
5728.58	7.446
5733.59	7.446
5738.60	7.446
5743.61	7.446
5748.62	7.446
5753.63	7.445
5758.64	7.445
5763.66	7.445
5768.67	7.445
5773.68	7.445
5778.69	7.444
5783.70	7.444
5788.71	7.444
5793.73	7.444
5798.74	7.444
5803.75	7.444
5808.76	7.444
5813.77	7.444
5818.78	7.444
5823.80	7.444
5828.81	7.443
5833.82	7.443
5838.83	7.443
5843.84	7.443
5848.85	7.443
5853.86	7.443
5858.88	7.442
5863.89	7.442
5868.90	7.442
5873.91	7.442
5878.92	7.442
5883.94	7.442
5888.95	7.441
5893.96	7.441
5898.97	7.441
5903.98	7.441
5908.99	7.441
5914.01	7.441
5919.02	7.441
5924.03	7.440
5929.04	7.440
5934.06	7.440
5939.07	7.440
5944.08	7.440
5949.09	7.440
5954.11	7.440
5959.12	7.440
5964.13	7.439
5969.14	7.439
5974.15	7.439
5979.16	7.439
5984.18	7.439
5989.19	7.439
5994.20	7.439
5999.21	7.439
6004.22	7.439
6009.23	7.438
6014.24	7.438
6019.26	7.438
6024.27	7.438
6029.28	7.438
6034.29	7.437
6039.30	7.437
6044.31	7.437
6049.33	7.437
6054.34	7.437
6059.35	7.437
6064.36	7.436
6069.37	7.436
6074.38	7.436
6079.40	7.436
6084.41	7.436
6089.42	7.436
6094.43	7.435
6099.44	7.435
6104.45	7.435
6109.47	7.435
6114.48	7.435
6119.49	7.435
6124.50	7.435
6129.51	7.435
6134.53	7.435
6139.54	7.435
6144.56	7.435
6149.57	7.434
6154.58	7.434
6159.60	7.434
6164.61	7.434
6169.62	7.434
6174.64	7.434
6179.65	7.434
6184.66	7.433
6189.68	7.433
6194.69	7.433
6199.70	7.433
6204.71	7.433
6209.72	7.432
6214.73	7.433
6219.75	7.432
6224.76	7.432
6229.77	7.432
6234.78	7.432
6239.79	7.432
6244.80	7.432
6249.81	7.431
6254.83	7.431
6259.85	7.431
6264.86	7.431
6269.88	7.431
6274.90	7.431
6279.91	7.431
6284.93	7.431
6289.94	7.431
6294.96	7.430
6299.97	7.430
6304.98	7.430
6309.99	7.429
6315.01	7.430
6320.03	7.430
6325.04	7.429
6330.06	7.429
6335.07	7.429
6340.09	7.429
6345.11	7.429
6350.12	7.429
6355.14	7.428
6360.15	7.429
6365.16	7.428
6370.18	7.428
6375.19	7.428
6380.21	7.428
6385.22	7.428
6390.24	7.428
6395.25	7.428
6400.27	7.428
6405.28	7.427
6410.29	7.427
6415.31	7.427
6420.32	7.427
6425.34	7.427
6430.35	7.427
6435.36	7.426
6440.37	7.426
6445.38	7.426
6450.39	7.426
6455.41	7.426
6460.42	7.426
6465.43	7.425
6470.44	7.426
6475.45	7.425
6480.46	7.425
6485.48	7.425
6490.49	7.425
6495.50	7.425
6500.51	7.425
6505.53	7.425
6510.54	7.424
6515.55	7.424
6520.56	7.424
6525.58	7.424
6530.59	7.424
6535.61	7.424
6540.62	7.424
6545.64	7.424
6550.65	7.423
6555.67	7.424
6560.69	7.423
6565.70	7.423
6570.72	7.423
6575.73	7.423
6580.75	7.423
6585.76	7.423
6590.78	7.423
6595.79	7.423
6600.81	7.422
6605.82	7.422
6610.84	7.422
6615.85	7.422
6620.88	7.422
6625.89	7.422
6630.91	7.422
6635.92	7.422
6640.94	7.421
6645.95	7.421
6650.97	7.421
6655.98	7.421
6661.00	7.420
6666.01	7.420
6671.02	7.421
6676.03	7.421
6681.05	7.420
6686.06	7.420
6691.07	7.420
6696.08	7.420
6701.09	7.420
6706.10	7.420
6711.12	7.420
6716.13	7.420
6721.14	7.419
6726.15	7.419
6731.16	7.419
6736.17	7.419
6741.19	7.419
6746.20	7.419
6751.21	7.419
6756.22	7.418
6761.23	7.418
6766.24	7.418
6771.25	7.418
6776.27	7.418
6781.28	7.418
6786.29	7.418
6791.30	7.418
6796.31	7.417
6801.32	7.417
6806.34	7.417
6811.35	7.417
6816.36	7.417
6821.37	7.416
6826.38	7.416
6831.39	7.416
6836.40	7.416
6841.42	7.416
6846.43	7.416
6851.44	7.416
6856.46	7.416
6861.47	7.415
6866.49	7.415
6871.51	7.415
6876.52	7.415
6881.54	7.415
6886.55	7.415
6891.56	7.415
6896.58	7.415
6901.60	7.414
6906.61	7.414
6911.63	7.414
6916.64	7.414
6921.66	7.414
6926.67	7.414
6931.69	7.414
6936.70	7.414
6941.72	7.413
6946.73	7.413
6951.75	7.413
6956.76	7.413
6961.78	7.413
6966.80	7.413
6971.81	7.412
6976.83	7.412
6981.84	7.412
6986.86	7.412
6991.87	7.412
6996.89	7.412
7001.90	7.412
7006.92	7.412
7011.93	7.412
7016.95	7.411
7021.96	7.411
7026.97	7.411
7031.99	7.411
7037.01	7.411
7042.02	7.411
7047.04	7.411
7052.05	7.411
7057.07	7.410
7062.08	7.410
7067.10	7.410
7072.11	7.410
7077.13	7.410
7082.14	7.410
7087.16	7.410
7092.17	7.410
7097.18	7.410
7102.19	7.409
7107.20	7.409
7112.22	7.409
7117.23	7.409
7122.25	7.409
7127.26	7.409
7132.28	7.408
7137.29	7.408
7142.31	7.408
7147.32	7.408
7152.34	7.408
7157.35	7.408
7162.37	7.408
7167.39	7.407
7172.40	7.407
7177.42	7.407
7182.43	7.407
7187.44	7.407
7192.46	7.407
7197.48	7.407
7202.49	7.407
7207.51	7.406
7212.52	7.406
7217.54	7.406
7222.55	7.406
7227.56	7.406
7232.58	7.406
7237.59	7.406
7242.60	7.406
7247.61	7.406
7252.63	7.405
7257.64	7.405
7262.66	7.405
7267.67	7.405
7272.68	7.405
7277.70	7.405
7282.72	7.405
7287.73	7.405
7292.75	7.404
7297.76	7.404
7302.77	7.404
7307.78	7.404
7312.79	7.404
7317.81	7.403
7322.82	7.403
7327.83	7.403
7332.84	7.403
7337.85	7.403
7342.86	7.403
7347.88	7.403
7352.90	7.402
7357.91	7.402
7362.93	7.402
7367.94	7.402
7372.96	7.402
7377.97	7.402
7382.98	7.402
7387.99	7.401
7393.00	7.401
7398.01	7.401
7403.02	7.401
7408.04	7.401
7413.06	7.401
7418.07	7.401
7423.09	7.400
7428.10	7.400
7433.12	7.400
7438.13	7.400
7443.15	7.400
7448.16	7.400
7453.18	7.400
7458.19	7.399
7463.20	7.399
7468.22	7.398
7473.23	7.399
7478.24	7.398
7483.26	7.398
7488.27	7.398
7493.29	7.398
7498.30	7.398
7503.32	7.398
7508.34	7.398
7513.35	7.397
7518.37	7.397
7523.38	7.397
7528.40	7.397
7533.41	7.397
7538.43	7.397
7543.44	7.397
7548.46	7.396
7553.47	7.396
7558.49	7.396
7563.50	7.396
7568.52	7.396
7573.54	7.396
7578.55	7.395
7583.57	7.395
7588.58	7.395
7593.60	7.395
7598.62	7.395
7603.63	7.395
7608.65	7.394
7613.66	7.394
7618.68	7.394
7623.69	7.394
7628.71	7.394
7633.72	7.394
7638.74	7.394
7643.75	7.393
7648.77	7.393
7653.79	7.393
7658.80	7.393
7663.82	7.393
7668.83	7.393
7673.85	7.393
7678.87	7.393
7683.88	7.393
7688.89	7.393
7693.91	7.392
7698.93	7.392
7703.94	7.392
7708.96	7.392
7713.98	7.391
7718.99	7.391
7724.00	7.391
7729.02	7.391
7734.03	7.391
7739.05	7.391
7744.06	7.390
7749.07	7.391
7754.09	7.390
7759.10	7.390
7764.11	7.390
7769.12	7.390
7774.13	7.389
7779.14	7.389
7784.16	7.389
7789.17	7.389
7794.18	7.389
7799.19	7.388
7804.20	7.388
7809.22	7.388
7814.23	7.388
7819.24	7.387
7824.25	7.387
7829.26	7.387
7834.28	7.387
7839.29	7.387
7844.30	7.387
7849.32	7.387
7854.33	7.386
7859.35	7.386
7864.36	7.386
7869.37	7.386
7874.39	7.385
7879.41	7.386
7884.42	7.385
7889.43	7.385
7894.44	7.385
7899.46	7.385
7904.47	7.385
7909.48	7.385
7914.50	7.384
7919.51	7.384
7924.53	7.384
7929.54	7.384
7934.55	7.384
7939.57	7.383
7944.58	7.383
7949.60	7.383
7954.61	7.383
7959.63	7.383
7964.65	7.382
7969.66	7.382
7974.67	7.382
7979.68	7.382
7984.69	7.382
7989.70	7.382
7994.72	7.382
7999.73	7.381
8004.75	7.381
8009.77	7.381
8014.78	7.381
8019.80	7.380
8024.81	7.380
8029.83	7.380
8034.84	7.380
8039.86	7.380
8044.87	7.379
8049.88	7.379
8054.90	7.379
8059.91	7.379
8064.92	7.379
8069.94	7.378
8074.95	7.379
8079.97	7.378
8084.98	7.378
8090.00	7.378
8095.01	7.377
8100.03	7.377
8105.04	7.377
8110.06	7.377
8115.07	7.376
8120.08	7.376
8125.10	7.376
8130.12	7.376
8135.13	7.376
8140.14	7.375
8145.15	7.375
8150.16	7.375
8155.17	7.375
8160.18	7.375
8165.19	7.375
8170.21	7.374
8175.22	7.374
8180.23	7.374
8185.24	7.374
8190.25	7.374
8195.26	7.373
8200.28	7.373
8205.29	7.373
8210.31	7.373
8215.32	7.373
8220.34	7.372
8225.35	7.372
8230.37	7.372
8235.38	7.371
8240.39	7.371
8245.41	7.371
8250.43	7.371
8255.44	7.370
8260.46	7.370
8265.47	7.370
8270.48	7.370
8275.50	7.370
8280.51	7.369
8285.53	7.369
8290.54	7.369
8295.56	7.369
8300.57	7.368
8305.58	7.368
8310.60	7.368
8315.61	7.368
8320.63	7.368
8325.64	7.367
8330.66	7.367
8335.67	7.367
8340.69	7.367
8345.70	7.366
8350.72	7.366
8355.73	7.366
8360.74	7.366
8365.75	7.365
8370.77	7.365
8375.78	7.365
8380.80	7.364
8385.81	7.364
8390.82	7.364
8395.84	7.364
8400.85	7.363
8405.87	7.363
8410.88	7.363
8415.89	7.363
8420.90	7.362
8425.91	7.362
8430.92	7.362
8435.94	7.361
8440.95	7.361
8445.96	7.361
8450.98	7.360
8456.00	7.360
8461.02	7.360
8466.03	7.360
8471.05	7.360
8476.06	7.359
8481.08	7.359
8486.10	7.359
8491.11	7.359
8496.12	7.358
8501.14	7.358
8506.15	7.357
8511.17	7.357
8516.19	7.357
8521.20	7.357
8526.22	7.356
8531.23	7.356
8536.25	7.356
8541.26	7.356
8546.28	7.355
8551.29	7.355
8556.31	7.355
8561.32	7.354
8566.34	7.354
8571.35	7.354
8576.36	7.353
8581.38	7.353
8586.40	7.353
8591.41	7.352
8596.42	7.352
8601.44	7.352
8606.45	7.352
8611.46	7.351
8616.47	7.351
8621.48	7.351
8626.50	7.350
8631.51	7.350
8636.52	7.350
8641.54	7.349
8646.55	7.349
8651.57	7.349
8656.58	7.348
8661.60	7.348
8666.62	7.348
8671.63	7.347
8676.64	7.347
8681.66	7.347
8686.68	7.347
8691.69	7.346
8696.70	7.346
8701.72	7.346
8706.73	7.345
8711.74	7.345
8716.76	7.344
8721.77	7.344
8726.79	7.344
8731.80	7.343
8736.82	7.343
8741.83	7.343
8746.85	7.342
8751.86	7.342
8756.88	7.341
8761.89	7.341
8766.91	7.341
8771.92	7.340
8776.93	7.340
8781.95	7.340
8786.96	7.339
8791.98	7.339
8796.99	7.339
8802.01	7.338
8807.02	7.338
8812.03	7.337
8817.05	7.337
8822.06	7.337
8827.07	7.337
8832.09	7.336
8837.10	7.336
8842.12	7.335
8847.13	7.335
8852.15	7.334
8857.16	7.334
8862.18	7.333
8867.19	7.333
8872.21	7.333
8877.22	7.332
8882.24	7.332
8887.25	7.331
8892.26	7.331
8897.28	7.330
8902.30	7.330
8907.31	7.330
8912.33	7.329
8917.34	7.329
8922.36	7.328
8927.38	7.328
8932.39	7.328
8937.41	7.327
8942.42	7.327
8947.44	7.326
8952.45	7.326
8957.47	7.326
8962.48	7.325
8967.50	7.325
8972.52	7.324
8977.53	7.324
8982.55	7.323
8987.56	7.323
8992.58	7.323
8997.59	7.323
9002.61	7.322
9007.62	7.322
9012.64	7.321
9017.65	7.321
9022.67	7.320
9027.68	7.319
9032.70	7.319
9037.72	7.318
9042.73	7.318
9047.75	7.318
9052.76	7.317
9057.78	7.317
9062.87	7.316
9067.89	7.316
9072.90	7.315
9077.92	7.315
9082.93	7.314
9087.94	7.314
9092.96	7.313
9097.98	7.313
9102.99	7.312
9108.01	7.312
9113.02	7.311
9118.03	7.311
9123.05	7.310
9128.07	7.310
9133.08	7.310
9138.10	7.309
9143.11	7.309
9148.13	7.308
9153.14	7.307
9158.16	7.307
9163.17	7.306
9168.19	7.306
9173.20	7.305
9178.22	7.305
9183.23	7.304
9188.25	7.304
9193.27	7.303
9198.28	7.303
9203.30	7.302
9208.31	7.302
9213.33	7.301
9218.34	7.300
9223.36	7.300
9228.37	7.300
9233.39	7.299
9238.41	7.298
9243.42	7.297
9248.44	7.297
9253.45	7.296
9258.46	7.296
9263.48	7.295
9268.50	7.295
9273.51	7.294
9278.53	7.294
9283.54	7.293
9288.56	7.292
9293.57	7.292
9298.59	7.291
9303.60	7.291
9308.62	7.290
9313.64	7.290
9318.65	7.289
9323.66	7.288
9328.68	7.288
9333.70	7.287
9338.71	7.286
9343.73	7.286
9348.74	7.285
9353.76	7.285
9358.77	7.284
9363.78	7.284
9368.80	7.283
9373.82	7.282
9378.83	7.282
9383.85	7.281
9388.86	7.280
9393.88	7.280
9398.90	7.279
9403.91	7.278
9408.93	7.278
9413.94	7.277
9418.96	7.276
9423.97	7.276
9428.98	7.276
9434.00	7.275
9439.01	7.274
9444.03	7.274
9449.04	7.273
9454.06	7.272
9459.07	7.271
9464.09	7.271
9469.10	7.270
9474.12	7.270
9479.13	7.269
9484.14	7.268
9489.15	7.268
9494.16	7.267
9499.18	7.266
9504.19	7.265
9509.20	7.265
9514.22	7.264
9519.23	7.263
9524.24	7.262
9529.26	7.262
9534.27	7.261
9539.29	7.260
9544.30	7.260
9549.32	7.259
9554.33	7.259
9559.34	7.258
9564.36	7.257
9569.38	7.257
9574.39	7.256
9579.40	7.255
9584.41	7.255
9589.42	7.254
9594.43	7.253
9599.45	7.252
9604.46	7.252
9609.47	7.251
9614.48	7.250
9619.49	7.249
9624.50	7.249
9629.52	7.248
9634.54	7.247
9639.55	7.247
9644.56	7.246
9649.58	7.245
9654.59	7.245
9659.61	7.244
9664.62	7.243
9669.64	7.242
9674.65	7.242
9679.67	7.241
9684.68	7.240
9689.70	7.240
9694.72	7.239
9699.73	7.238
9704.74	7.237
9709.76	7.236
9714.77	7.236
9719.78	7.235
9724.79	7.234
9729.81	7.233
9734.82	7.233
9739.83	7.232
9744.84	7.231
9749.85	7.230
9754.86	7.230
9759.88	7.229
9764.89	7.228
9769.91	7.227
9774.92	7.227
9779.94	7.226
9784.95	7.225
9789.97	7.225
9794.98	7.224
9800.00	7.223
9805.02	7.222
9810.03	7.221
9815.05	7.220
9820.06	7.220
9825.08	7.219
9830.10	7.218
9835.11	7.217
9840.13	7.216
9845.14	7.216
9850.16	7.215
9855.17	7.214
9860.19	7.213
9865.20	7.213
9870.22	7.212
9875.24	7.211
9880.25	7.210
9885.27	7.209
9890.28	7.208
9895.30	7.208
9900.31	7.207
9905.33	7.206
9910.35	7.206
9915.36	7.205
9920.38	7.204
9925.39	7.203
9930.41	7.203
9935.42	7.202
9940.44	7.201
9945.45	7.200
9950.47	7.199
9955.48	7.198
9960.50	7.197
9965.51	7.197
9970.52	7.196
9975.54	7.195
9980.55	7.194
9985.56	7.194
9990.58	7.193
9995.59	7.192
10000.61	7.191
10005.62	7.190
10010.64	7.190
10015.65	7.189
10020.67	7.188
10025.69	7.187
10030.70	7.186
10035.72	7.186
10040.73	7.185
10045.75	7.184
10050.76	7.183
10055.78	7.182
10060.79	7.181
10065.81	7.180
10070.82	7.180
10075.83	7.179
10080.85	7.178
10085.86	7.177
10090.88	7.176
10095.89	7.175
10100.91	7.175
10105.92	7.174
10110.94	7.173
10115.95	7.172
10120.97	7.171
10125.98	7.170
10130.99	7.170
10136.01	7.169
10141.02	7.168
10146.04	7.167
10151.06	7.166
10156.07	7.165
10161.09	7.164
10166.10	7.163
10171.12	7.163
10176.13	7.162
10181.15	7.161
10186.16	7.160
10191.17	7.159
10196.19	7.158
10201.20	7.157
10206.22	7.156
10211.23	7.156
10216.25	7.155
10221.26	7.154
10226.27	7.154
10231.29	7.153
10236.31	7.152
10241.32	7.150
10246.33	7.149
10251.35	7.149
10256.36	7.148
10261.38	7.147
10266.39	7.146
10271.41	7.146
10276.42	7.145
10281.44	7.144
10286.45	7.143
10291.47	7.142
10296.48	7.141
10301.50	7.140
10306.51	7.139
10311.52	7.138
10316.54	7.137
10321.55	7.136
10326.57	7.135
10331.58	7.135
10336.60	7.134
10341.61	7.133
10346.63	7.132
10351.64	7.131
10356.66	7.130
10361.67	7.129
10366.69	7.128
10371.70	7.127
10376.72	7.126
10381.73	7.126
10386.75	7.125
10391.76	7.124
10396.78	7.123
10401.79	7.122
10406.80	7.121
10411.82	7.120
10416.84	7.119
10421.85	7.118
10426.86	7.118
10431.88	7.117
10436.89	7.116
10441.91	7.115
10446.92	7.114
10451.94	7.113
10456.95	7.112
10461.97	7.111
10466.98	7.110
10472.00	7.109
10477.02	7.109
10482.03	7.108
10487.05	7.107
10492.06	7.106
10497.07	7.105
10502.09	7.104
10507.10	7.103
10512.12	7.102
10517.13	7.101
10522.15	7.100
10527.16	7.099
10532.18	7.098
10537.19	7.097
10542.21	7.096
10547.22	7.095
10552.24	7.094
10557.25	7.093
10562.27	7.092
10567.28	7.091
10572.30	7.090
10577.31	7.089
10582.33	7.088
10587.34	7.087
10592.36	7.087
10597.37	7.086
10602.39	7.085
10607.40	7.084
10612.42	7.083
10617.43	7.082
10622.45	7.081
10627.46	7.080
10632.47	7.079
10637.48	7.077
10642.50	7.077
10647.51	7.076
10652.52	7.075
10657.53	7.074
10662.54	7.073
10667.55	7.072
10672.57	7.071
10677.58	7.070
10682.59	7.069
10687.61	7.068
10692.62	7.067
10697.63	7.066
10702.65	7.065
10707.67	7.064
10712.68	7.063
10717.69	7.062
10722.71	7.061
10727.72	7.060
10732.73	7.059
10737.74	7.058
10742.75	7.057
10747.76	7.056
10752.77	7.055
10757.79	7.054
10762.80	7.053
10767.81	7.052
10772.83	7.051
10777.85	7.050
10782.86	7.049
10787.88	7.048
10792.89	7.048
10797.91	7.046
10802.92	7.045
10807.93	7.044
10812.95	7.043
10817.96	7.042
10822.98	7.041
10828.00	7.040
10833.01	7.039
10838.02	7.038
10843.04	7.037
10848.05	7.036
10853.07	7.035
10858.08	7.034
10863.10	7.033
10868.11	7.032
10873.13	7.031
10878.14	7.030
10883.15	7.029
10888.17	7.028
10893.19	7.027
10898.20	7.026
10903.22	7.025
10908.23	7.024
10913.24	7.023
10918.26	7.022
10923.27	7.021
10928.29	7.019
10933.30	7.018
10938.32	7.017
10943.33	7.016
10948.35	7.015
10953.36	7.014
10958.38	7.013
10963.39	7.012
10968.41	7.011
10973.42	7.010
10978.43	7.009
10983.44	7.008
10988.46	7.006
10993.47	7.005
10998.49	7.004
11003.50	7.003
11008.52	7.002
11013.53	7.001
11018.55	7.000
11023.56	6.999
11028.58	6.998
11033.60	6.997
11038.61	6.996
11043.63	6.995
11048.64	6.994
11053.66	6.993
11058.67	6.992
11063.69	6.991
11068.71	6.990
11073.72	6.989
11078.74	6.988
11083.76	6.987
11088.77	6.985
11093.79	6.984
11098.80	6.983
11103.82	6.982
11108.83	6.981
11113.85	6.980
11118.86	6.978
11123.88	6.977
11128.89	6.977
11133.91	6.976
11138.92	6.974
11143.93	6.973
11148.95	6.972
11153.96	6.971
11158.97	6.970
11163.98	6.969
11168.99	6.967
11174.01	6.967
11179.02	6.965
11184.04	6.964
11189.06	6.963
11194.07	6.962
11199.09	6.961
11204.10	6.960
11209.12	6.959
11214.13	6.958
11219.15	6.956
11224.17	6.955
11229.18	6.954
11234.20	6.953
11239.21	6.952
11244.23	6.951
11249.25	6.950
11254.26	6.949
11259.28	6.947
11264.30	6.946
11269.31	6.945
11274.33	6.944
11279.34	6.943
11284.35	6.942
11289.36	6.941
11294.38	6.940
11299.39	6.938
11304.41	6.937
11309.42	6.936
11314.43	6.935
11319.45	6.933
11324.46	6.932
11329.47	6.931
11334.48	6.930
11339.49	6.929
11344.50	6.928
11349.51	6.927
11354.53	6.926
11359.54	6.924
11364.55	6.923
11369.56	6.922
11374.57	6.921
11379.58	6.920
11384.60	6.919
11389.61	6.917
11394.62	6.916
11399.63	6.915
11404.64	6.914
11409.65	6.913
11414.67	6.911
11419.68	6.910
11424.69	6.909
11429.70	6.907
11434.71	6.906
11439.72	6.905
11444.73	6.904
11449.75	6.903
11454.76	6.901
11459.77	6.900
11464.78	6.899
11469.79	6.898
11474.80	6.897
11479.81	6.895
11484.83	6.894
11489.84	6.893
11494.86	6.892
11499.88	6.891
11504.89	6.889
11509.91	6.888
11514.92	6.887
11519.94	6.886
11524.95	6.885
11529.97	6.883
11534.98	6.882
11540.00	6.881
11545.01	6.879
11550.04	6.878
11555.05	6.877
11560.07	6.876
11565.08	6.874
11570.10	6.873
11575.11	6.872
11580.13	6.870
11585.15	6.869
11590.16	6.868
11595.17	6.867
11600.19	6.866
11605.21	6.864
11610.22	6.863
11615.24	6.862
11620.25	6.860
11625.27	6.859
11630.28	6.858
11635.30	6.857
11640.32	6.856
11645.33	6.854
11650.35	6.853
11655.36	6.852
11660.38	6.850
11665.39	6.849
11670.41	6.848
11675.42	6.846
11680.44	6.845
11685.45	6.844
11690.47	6.843
11695.48	6.841
11700.50	6.840
11705.51	6.839
11710.52	6.837
11715.53	6.836
11720.54	6.835
11725.55	6.834
11730.57	6.832
11735.58	6.831
11740.59	6.830
11745.61	6.828
11750.62	6.827
11755.64	6.826
11760.65	6.824
11765.67	6.823
11770.69	6.822
11775.70	6.820
11780.72	6.819
11785.73	6.818
11790.75	6.817
11795.77	6.815
11800.78	6.814
11805.81	6.813
11810.83	6.811
11815.84	6.810
11820.86	6.809
11825.87	6.807
11830.89	6.806
11835.90	6.805
11840.92	6.803
11845.93	6.802
11850.95	6.800
11855.96	6.799
11860.98	6.798
11866.00	6.796
11871.01	6.795
11876.03	6.794
11881.04	6.792
11886.06	6.791
11891.07	6.790
11896.09	6.788
11901.10	6.787
11906.12	6.785
11911.14	6.784
11916.15	6.782
11921.16	6.781
11926.17	6.780
11931.18	6.779
11936.20	6.777
11941.21	6.776
11946.22	6.774
11951.23	6.773
11956.24	6.772
11961.25	6.770
11966.27	6.769
11971.28	6.767
11976.29	6.766
11981.30	6.764
11986.32	6.763
11991.33	6.762
11996.34	6.760
12001.36	6.759
12006.38	6.757
12011.39	6.756
12016.41	6.755
12021.42	6.753
12026.44	6.751
12031.45	6.750
12036.47	6.749
12041.49	6.747
12046.50	6.746
12051.51	6.745
12056.53	6.743
12061.55	6.742
12066.56	6.740
12071.58	6.739
12076.60	6.738
12081.61	6.736
12086.62	6.735
12091.64	6.733
12096.66	6.731
12101.68	6.730
12106.69	6.729
12111.70	6.727
12116.72	6.726
12121.74	6.724
12126.75	6.723
12131.77	6.721
12136.78	6.720
12141.79	6.718
12146.81	6.717
12151.83	6.716
12156.84	6.714
12161.86	6.712
12166.87	6.711
12171.89	6.709
12176.90	6.708
12181.92	6.706
12186.93	6.705
12191.95	6.703
12196.97	6.702
12201.98	6.700
12207.00	6.699
12212.01	6.698
12217.03	6.696
12222.04	6.694
12227.06	6.693
12232.08	6.691
12237.09	6.690
12242.11	6.688
12247.12	6.687
12252.14	6.685
12257.15	6.683
12262.17	6.682
12267.18	6.680
12272.20	6.679
12277.22	6.677
12282.23	6.676
12287.25	6.674
12292.26	6.673
12297.28	6.671
12302.29	6.670
12307.31	6.668
12312.33	6.666
12317.34	6.665
12322.36	6.663
12327.37	6.662
12332.39	6.660
12337.41	6.659
12342.42	6.657
12347.43	6.656
12352.45	6.654
12357.47	6.653
12362.48	6.651
12367.49	6.650
12372.51	6.648
12377.52	6.646
12382.53	6.645
12387.54	6.643
12392.55	6.642
12397.56	6.640
12402.58	6.638
12407.59	6.636
12412.61	6.635
12417.62	6.634
12422.63	6.632
12427.65	6.630
12432.66	6.628
12437.68	6.627
12442.69	6.625
12447.71	6.624
12452.73	6.622
12457.74	6.621
12462.76	6.619
12467.77	6.617
12472.78	6.615
12477.79	6.614
12482.81	6.612
12487.82	6.611
12492.84	6.609
12497.86	6.607
12502.87	6.606
12507.89	6.604
12512.91	6.603
12517.92	6.601
12522.94	6.599
12527.95	6.597
12532.97	6.596
12537.98	6.594
12543.00	6.592
12548.01	6.591
12553.03	6.589
12558.04	6.587
12563.06	6.586
12568.08	6.584
12573.09	6.582
12578.11	6.581
12583.12	6.579
12588.14	6.577
12593.16	6.576
12598.17	6.574
12603.19	6.572
12608.20	6.571
12613.22	6.569
12618.23	6.567
12623.25	6.565
12628.26	6.564
12633.28	6.562
12638.30	6.560
12643.31	6.559
12648.33	6.557
12653.34	6.555
12658.36	6.553
12663.38	6.552
12668.39	6.550
12673.41	6.548
12678.42	6.546
12683.44	6.545
12688.45	6.543
12693.47	6.541
12698.48	6.539
12703.50	6.537
12708.51	6.536
12713.53	6.534
12718.54	6.532
12723.56	6.531
12728.57	6.529
12733.59	6.527
12738.61	6.526
12743.62	6.524
12748.64	6.522
12753.65	6.520
12758.67	6.518
12763.69	6.516
12768.70	6.515
12773.72	6.513
12778.73	6.511
12783.75	6.509
12788.77	6.507
12793.78	6.506
12798.80	6.504
12803.82	6.502
12808.83	6.500
12813.85	6.498
12818.86	6.497
12823.88	6.495
12828.89	6.493
12833.91	6.491
12838.93	6.489
12843.94	6.488
12848.96	6.486
12853.97	6.484
12858.99	6.482
12864.00	6.480
12869.01	6.478
12874.03	6.476
12879.05	6.475
12884.06	6.473
12889.08	6.471
12894.09	6.470
12899.11	6.468
12904.12	6.466
12909.13	6.464
12914.15	6.462
12919.16	6.460
12924.18	6.458
12929.19	6.456
12934.21	6.454
12939.23	6.452
12944.24	6.450
12949.26	6.448
12954.27	6.446
12959.29	6.444
12964.30	6.442
12969.32	6.440
12974.33	6.438
12979.35	6.437
12984.36	6.434
12989.38	6.432
12994.39	6.430
12999.40	6.429
13004.42	6.426
13009.43	6.425
13014.45	6.423
13019.47	6.421
13024.48	6.419
13029.49	6.417
13034.51	6.415
13039.52	6.413
13044.54	6.411
13049.55	6.409
13054.57	6.407
13059.58	6.405
13064.60	6.403
13069.61	6.401
13074.63	6.399
13079.64	6.397
13084.65	6.394
13089.66	6.392
13094.67	6.390
13099.69	6.388
13104.70	6.386
13109.72	6.384
13114.73	6.382
13119.75	6.380
13124.77	6.378
13129.78	6.375
13134.80	6.373
13139.81	6.371
13144.82	6.369
13149.84	6.367
13154.86	6.365
13159.87	6.363
13164.89	6.361
13169.90	6.359
13174.92	6.357
13179.94	6.354
13184.95	6.352
13189.97	6.350
13194.98	6.348
13200.00	6.345
13205.01	6.343
13210.03	6.341
13215.04	6.339
13220.06	6.337
13225.07	6.335
13230.09	6.332
13235.11	6.330
13240.12	6.328
13245.14	6.326
13250.15	6.323
13255.17	6.321
13260.18	6.318
13265.20	6.316
13270.21	6.314
13275.22	6.312
13280.24	6.310
13285.26	6.307
13290.27	6.305
13295.28	6.303
13300.30	6.301
13305.31	6.298
13310.33	6.296
13315.34	6.294
13320.36	6.292
13325.37	6.289
13330.39	6.287
13335.40	6.284
13340.41	6.282
13345.43	6.280
13350.45	6.278
13355.46	6.275
13360.48	6.273
13365.49	6.271
13370.50	6.269
13375.52	6.266
13380.53	6.264
13385.54	6.262
13390.55	6.259
13395.57	6.257
13400.58	6.255
13405.59	6.252
13410.60	6.250
13415.61	6.247
13420.62	6.245
13425.65	6.243
13430.66	6.240
13435.75	6.238
13440.76	6.235
13445.77	6.233
13450.79	6.231
13455.80	6.228
13460.82	6.226
13465.83	6.224
13470.85	6.221
13475.86	6.219
13480.88	6.217
13485.89	6.214
13490.91	6.212
13495.92	6.210
13500.94	6.207
13505.95	6.205
13510.96	6.202
13515.98	6.200
13520.99	6.198
13526.01	6.195
13531.02	6.193
13536.04	6.191
13541.05	6.188
13546.07	6.186
13551.08	6.184
13556.09	6.182
13561.11	6.179
13566.12	6.177
13571.13	6.174
13576.15	6.172
13581.16	6.170
13586.18	6.167
13591.19	6.165
13596.21	6.162
13601.23	6.160
13606.24	6.158
13611.26	6.155
13616.27	6.153
13621.29	6.151
13626.30	6.148
13631.32	6.146
13636.33	6.143
13641.35	6.141
13646.37	6.139
13651.39	6.136
13656.40	6.134
13661.42	6.132
13666.43	6.129
13671.45	6.127
13676.46	6.125
13681.48	6.122
13686.49	6.120
13691.51	6.118
13696.53	6.115
13701.54	6.113
13706.56	6.111
13711.57	6.108
13716.59	6.106
13721.60	6.104
13726.62	6.101
13731.64	6.099
13736.65	6.097
13741.67	6.094
13746.68	6.092
13751.70	6.090
13756.71	6.087
13761.73	6.085
13766.74	6.083
13771.75	6.080
13776.76	6.078
13781.77	6.076
13786.79	6.073
13791.81	6.071
13796.82	6.069
13801.83	6.067
13806.84	6.064
13811.86	6.062
13816.87	6.060
13821.89	6.057
13826.90	6.055
13831.91	6.053
13836.93	6.051
13841.94	6.048
13846.95	6.046
13851.96	6.043
13856.97	6.041
13861.98	6.039
13867.00	6.037
13872.01	6.035
13877.02	6.033
13882.03	6.030
13887.05	6.028
13892.06	6.025
13897.07	6.023
13902.09	6.021
13907.11	6.019
13912.12	6.017
13917.14	6.014
13922.15	6.012
13927.16	6.010
13932.17	6.007
13937.19	6.005
13942.20	6.003
13947.21	6.001
13952.23	5.999
13957.25	5.997
13962.26	5.995
13967.28	5.993
13972.29	5.990
13977.31	5.988
13982.32	5.986
13987.34	5.984
13992.36	5.981
13997.37	5.979
14002.39	5.977
14007.40	5.975
14012.42	5.973
14017.43	5.971
14022.45	5.969
14027.46	5.966
14032.48	5.964
14037.49	5.962
14042.51	5.960
14047.52	5.958
14052.54	5.956
14057.55	5.954
14062.57	5.952
14067.58	5.950
14072.60	5.947
14077.62	5.945
14082.63	5.943
14087.65	5.941
14092.66	5.939
14097.68	5.937
14102.69	5.935
14107.71	5.933
14112.72	5.931
14117.74	5.929
14122.75	5.926
14127.77	5.924
14132.78	5.922
14137.80	5.920
14142.81	5.918
14147.82	5.916
14152.83	5.914
14157.85	5.912
14162.86	5.910
14167.87	5.908
14172.89	5.906
14177.90	5.904
14182.92	5.902
14187.94	5.901
14192.95	5.898
14197.97	5.897
14202.98	5.894
14208.00	5.893
14213.02	5.891
14218.04	5.889
14223.05	5.887
14228.06	5.885
14233.07	5.883
14238.08	5.881
14243.09	5.879
14248.11	5.877
14253.12	5.875
14258.13	5.873
14263.15	5.871
14268.16	5.869
