0.00	7.915
5.01	7.911
10.02	7.911
15.03	7.911
20.05	7.911
25.06	7.911
30.07	7.911
35.08	7.911
40.09	7.911
45.10	7.911
50.11	7.911
55.13	7.911
60.14	7.691
65.15	7.706
70.16	7.710
75.17	7.713
80.18	7.715
85.20	7.716
90.21	7.716
95.22	7.717
100.23	7.717
105.24	7.717
110.25	7.717
115.27	7.717
120.28	7.716
125.29	7.716
130.30	7.716
135.31	7.715
140.32	7.715
145.34	7.715
150.35	7.714
155.36	7.714
160.37	7.713
165.38	7.713
170.39	7.712
175.40	7.712
180.42	7.711
185.43	7.711
190.44	7.711
195.45	7.711
200.46	7.710
205.47	7.710
210.49	7.709
215.50	7.709
220.51	7.709
225.52	7.708
230.53	7.708
235.54	7.708
240.55	7.708
245.57	7.707
250.58	7.707
255.59	7.707
260.60	7.706
265.61	7.706
270.62	7.706
275.64	7.705
280.65	7.705
285.66	7.705
290.67	7.705
295.68	7.704
300.69	7.704
305.71	7.704
310.72	7.704
315.73	7.703
320.74	7.703
325.75	7.703
330.76	7.702
335.77	7.702
340.79	7.702
345.80	7.702
350.81	7.702
355.82	7.701
360.83	7.701
365.84	7.701
370.85	7.700
375.86	7.700
380.88	7.700
385.89	7.700
390.91	7.699
395.92	7.699
400.94	7.699
405.95	7.698
410.96	7.699
415.97	7.698
420.98	7.698
425.99	7.698
431.00	7.698
436.02	7.698
441.03	7.697
446.04	7.697
451.05	7.697
456.06	7.697
461.07	7.697
466.09	7.696
471.10	7.696
476.11	7.696
481.12	7.696
486.13	7.695
491.14	7.695
496.16	7.695
501.17	7.695
506.18	7.695
511.19	7.695
516.20	7.694
521.21	7.694
526.22	7.694
531.24	7.693
536.25	7.693
541.26	7.693
546.27	7.693
551.28	7.693
556.29	7.692
561.31	7.692
566.32	7.692
571.33	7.692
576.34	7.691
581.35	7.691
586.36	7.691
591.38	7.691
596.39	7.690
601.40	7.690
606.42	7.690
611.43	7.690
616.45	7.690
621.46	7.690
626.47	7.689
631.49	7.689
636.50	7.689
641.52	7.688
646.53	7.689
651.54	7.688
656.55	7.688
661.56	7.688
666.58	7.688
671.59	7.687
676.60	7.687
681.61	7.687
686.62	7.687
691.63	7.687
696.64	7.686
701.66	7.686
706.67	7.686
711.68	7.686
716.69	7.686
721.70	7.686
726.71	7.685
731.73	7.685
736.74	7.685
741.75	7.685
746.76	7.685
751.77	7.684
756.78	7.684
761.80	7.684
766.81	7.684
771.82	7.684
776.83	7.683
781.84	7.683
786.85	7.683
791.87	7.683
796.88	7.683
801.89	7.682
806.90	7.682
811.91	7.682
816.92	7.682
821.93	7.681
826.95	7.681
831.96	7.681
836.97	7.681
841.98	7.681
847.00	7.680
852.01	7.680
857.03	7.680
862.04	7.680
867.05	7.680
872.06	7.680
877.08	7.679
882.09	7.679
887.10	7.679
892.11	7.679
897.12	7.679
902.13	7.679
907.15	7.678
912.16	7.678
917.17	7.678
922.18	7.678
927.19	7.677
932.20	7.677
937.21	7.677
942.23	7.677
947.24	7.676
952.25	7.676
957.26	7.676
962.27	7.676
967.28	7.675
972.30	7.675
977.31	7.675
982.32	7.675
987.33	7.675
992.34	7.675
997.35	7.674
1002.37	7.674
1007.38	7.674
1012.39	7.674
1017.40	7.674
1022.41	7.674
1027.42	7.673
1032.43	7.673
1037.45	7.673
1042.46	7.672
1047.47	7.672
1052.48	7.672
1057.49	7.672
1062.50	7.672
1067.52	7.672
1072.53	7.671
1077.54	7.671
1082.55	7.671
1087.56	7.671
1092.57	7.671
1097.59	7.670
1102.60	7.670
1107.61	7.670
1112.62	7.670
1117.63	7.670
1122.64	7.670
1127.65	7.669
1132.67	7.669
1137.68	7.669
1142.69	7.669
1147.70	7.669
1152.71	7.668
1157.72	7.668
1162.74	7.668
1167.75	7.667
1172.76	7.668
1177.77	7.667
1182.78	7.667
1187.79	7.667
1192.80	7.667
1197.82	7.666
1202.83	7.666
1207.84	7.666
1212.85	7.666
1217.86	7.666
1222.87	7.666
1227.89	7.666
1232.90	7.665
1237.91	7.665
1242.92	7.665
1247.93	7.664
1252.94	7.664
1257.96	7.664
1262.97	7.664
1267.98	7.663
1272.99	7.663
1278.00	7.663
1283.01	7.663
1288.02	7.662
1293.04	7.662
1298.05	7.662
1303.06	7.662
1308.07	7.662
1313.08	7.662
1318.09	7.661
1323.11	7.661
1328.12	7.661
1333.13	7.661
1338.14	7.661
1343.15	7.661
1348.16	7.660
1353.18	7.660
1358.19	7.660
1363.20	7.660
1368.21	7.659
1373.22	7.659
1378.23	7.659
1383.24	7.659
1388.26	7.658
1393.27	7.658
1398.28	7.658
1403.29	7.658
1408.30	7.658
1413.31	7.657
1418.33	7.657
1423.34	7.657
1428.35	7.657
1433.36	7.656
1438.37	7.656
1443.38	7.656
1448.40	7.656
1453.41	7.656
1458.42	7.656
1463.43	7.655
1468.44	7.655
1473.45	7.655
1478.46	7.655
1483.48	7.654
1488.49	7.654
1493.50	7.654
1498.51	7.654
1503.52	7.653
1508.53	7.653
1513.55	7.653
1518.56	7.653
1523.57	7.653
1528.58	7.653
1533.59	7.652
1538.60	7.652
1543.61	7.652
1548.63	7.651
1553.64	7.651
1558.65	7.651
1563.66	7.651
1568.67	7.651
1573.68	7.650
1578.70	7.650
1583.71	7.650
1588.72	7.650
1593.73	7.650
1598.75	7.649
1603.76	7.649
1608.77	7.649
1613.78	7.649
1618.80	7.649
1623.81	7.648
1628.82	7.649
1633.84	7.648
1638.85	7.648
1643.86	7.647
1648.87	7.647
1653.88	7.647
1658.89	7.647
1663.90	7.647
1668.92	7.647
1673.93	7.646
1678.94	7.646
1683.95	7.646
1688.96	7.646
1693.97	7.645
1698.99	7.645
1704.00	7.645
1709.01	7.645
1714.02	7.644
1719.03	7.644
1724.04	7.644
1729.06	7.644
1734.07	7.644
1739.08	7.643
1744.09	7.643
1749.10	7.643
1754.11	7.643
1759.12	7.643
1764.14	7.642
1769.15	7.642
1774.16	7.642
1779.17	7.641
1784.18	7.641
1789.19	7.641
1794.21	7.641
1799.22	7.640
1804.23	7.640
1809.24	7.640
1814.25	7.640
1819.26	7.640
1824.27	7.640
1829.29	7.639
1834.30	7.639
1839.31	7.639
1844.32	7.639
1849.33	7.639
1854.34	7.638
1859.35	7.638
1864.37	7.638
1869.38	7.637
1874.39	7.637
1879.40	7.637
1884.41	7.637
1889.42	7.637
1894.44	7.637
1899.45	7.636
1904.46	7.636
1909.47	7.636
1914.48	7.635
1919.49	7.635
1924.51	7.635
1929.52	7.635
1934.53	7.634
1939.54	7.634
1944.55	7.634
1949.56	7.634
1954.58	7.634
1959.59	7.633
1964.60	7.633
1969.61	7.633
1974.62	7.633
1979.63	7.633
1984.64	7.632
1989.66	7.632
1994.67	7.632
1999.68	7.631
2004.70	7.631
2009.71	7.631
2014.72	7.631
2019.73	7.630
2024.74	7.631
2029.75	7.630
2034.77	7.630
2039.78	7.630
2044.79	7.629
2049.80	7.629
2054.81	7.629
2059.82	7.628
2064.84	7.628
2069.85	7.628
2074.86	7.628
2079.87	7.627
2084.88	7.627
2089.89	7.627
2094.90	7.627
2099.92	7.626
2104.93	7.626
2109.94	7.626
2114.95	7.626
2119.96	7.626
2124.97	7.626
2129.99	7.625
2135.00	7.625
2140.01	7.625
2145.02	7.625
2150.03	7.624
2155.04	7.624
2160.06	7.624
2165.07	7.623
2170.08	7.623
2175.09	7.623
2180.10	7.623
2185.11	7.623
2190.12	7.622
2195.14	7.622
2200.15	7.622
2205.17	7.621
2210.18	7.621
2215.19	7.621
2220.20	7.621
2225.21	7.621
2230.22	7.620
2235.24	7.620
2240.25	7.620
2245.26	7.620
2250.27	7.620
2255.28	7.619
2260.29	7.619
2265.31	7.619
2270.32	7.618
2275.33	7.618
2280.34	7.618
2285.35	7.618
2290.36	7.618
2295.37	7.617
2300.39	7.617
2305.40	7.617
2310.41	7.617
2315.42	7.616
2320.43	7.616
2325.44	7.616
2330.46	7.615
2335.47	7.615
2340.48	7.615
2345.49	7.615
2350.50	7.614
2355.51	7.614
2360.52	7.614
2365.54	7.614
2370.55	7.614
2375.56	7.613
2380.57	7.613
2385.58	7.613
2390.60	7.613
2395.61	7.612
2400.63	7.612
2405.64	7.612
2410.66	7.612
2415.67	7.611
2420.68	7.611
2425.69	7.611
2430.71	7.611
2435.72	7.610
2440.74	7.610
2445.75	7.610
2450.76	7.609
2455.77	7.609
2460.78	7.609
2465.79	7.609
2470.81	7.608
2475.82	7.608
2480.83	7.608
2485.85	7.608
2490.86	7.608
2495.88	7.607
2500.89	7.607
2505.91	7.607
2510.92	7.607
2515.93	7.606
2520.95	7.606
2525.97	7.606
2530.98	7.605
2536.00	7.605
2541.01	7.605
2546.02	7.605
2551.04	7.604
2556.05	7.604
2561.07	7.604
2566.08	7.604
2571.10	7.603
2576.11	7.603
2581.13	7.603
2586.15	7.603
2591.16	7.602
2596.17	7.602
2601.19	7.602
2606.21	7.602
2611.22	7.601
2616.23	7.601
2621.25	7.601
2626.26	7.601
2631.28	7.600
2636.29	7.600
2641.30	7.600
2646.32	7.599
2651.33	7.599
2656.35	7.599
2661.36	7.599
2666.38	7.599
2671.39	7.598
2676.41	7.598
2681.42	7.598
2686.43	7.598
2691.45	7.597
2696.46	7.597
2701.48	7.597
2706.49	7.597
2711.51	7.597
2716.52	7.596
2721.54	7.596
2726.55	7.596
2731.56	7.596
2736.58	7.595
2741.60	7.595
2746.61	7.595
2751.62	7.594
2756.64	7.594
2761.65	7.593
2766.67	7.593
2771.68	7.593
2776.70	7.592
2781.71	7.592
2786.73	7.592
2791.74	7.592
2796.75	7.592
2801.77	7.592
2806.78	7.591
2811.80	7.591
2816.81	7.591
2821.83	7.591
2826.84	7.590
2831.86	7.590
2836.87	7.590
2841.89	7.590
2846.90	7.589
2851.91	7.589
2856.93	7.589
2861.94	7.589
2866.95	7.589
2871.97	7.588
2876.98	7.588
2882.00	7.588
2887.01	7.587
2892.03	7.587
2897.04	7.587
2902.06	7.586
2907.07	7.586
2912.08	7.586
2917.10	7.586
2922.11	7.585
2927.13	7.585
2932.14	7.585
2937.15	7.585
2942.16	7.585
2947.18	7.584
2952.19	7.584
2957.20	7.584
2962.22	7.583
2967.23	7.583
2972.24	7.583
2977.26	7.583
2982.27	7.582
2987.29	7.582
2992.30	7.581
2997.32	7.581
3002.33	7.581
3007.35	7.581
3012.36	7.581
3017.38	7.580
3022.39	7.580
3027.40	7.580
3032.42	7.579
3037.43	7.579
3042.45	7.579
3047.46	7.579
3052.48	7.578
3057.49	7.578
3062.51	7.578
3067.52	7.577
3072.54	7.577
3077.55	7.577
3082.57	7.577
3087.58	7.577
3092.60	7.576
3097.61	7.576
3102.63	7.576
3107.64	7.575
3112.65	7.575
3117.67	7.575
3122.69	7.575
3127.71	7.575
3132.72	7.574
3137.73	7.574
3142.75	7.574
3147.76	7.573
3152.78	7.573
3157.79	7.573
3162.80	7.572
3167.82	7.572
3172.83	7.572
3177.85	7.572
3182.86	7.571
3187.88	7.571
3192.89	7.571
3197.91	7.570
3202.92	7.570
3207.93	7.570
3212.95	7.570
3217.97	7.569
3222.98	7.569
3227.99	7.569
3233.01	7.569
3238.02	7.568
3243.04	7.568
3248.05	7.568
3253.07	7.568
3258.08	7.567
3263.10	7.567
3268.11	7.567
3273.13	7.566
3278.14	7.566
3283.16	7.566
3288.18	7.566
3293.19	7.565
3298.20	7.565
3303.22	7.565
3308.23	7.564
3313.25	7.564
3318.26	7.564
3323.28	7.564
3328.29	7.564
3333.30	7.563
3338.32	7.563
3343.33	7.563
3348.34	7.562
3353.36	7.562
3358.38	7.562
3363.39	7.562
3368.41	7.561
3373.42	7.561
3378.43	7.561
3383.45	7.561
3388.46	7.560
3393.48	7.560
3398.49	7.560
3403.51	7.559
3408.52	7.559
3413.53	7.559
3418.55	7.559
3423.56	7.558
3428.58	7.558
3433.59	7.558
3438.61	7.558
3443.63	7.557
3448.64	7.557
3453.65	7.557
3458.67	7.556
3463.68	7.556
3468.70	7.556
3473.71	7.555
3478.72	7.555
3483.74	7.555
3488.76	7.555
3493.77	7.554
3498.79	7.554
3503.80	7.554
3508.81	7.553
3513.83	7.553
3518.84	7.553
3523.86	7.553
3528.87	7.553
3533.89	7.552
3538.90	7.552
3543.92	7.552
3548.93	7.551
3553.95	7.551
3558.96	7.551
3563.97	7.551
3568.99	7.550
3574.00	7.550
3579.02	7.550
3584.03	7.549
3589.05	7.549
3594.06	7.549
3599.08	7.549
3604.09	7.548
3609.11	7.548
3614.12	7.548
3619.14	7.548
3624.15	7.547
3629.17	7.547
3634.18	7.547
3639.20	7.546
3644.21	7.546
3649.22	7.546
3654.24	7.545
3659.25	7.545
3664.26	7.545
3669.28	7.545
3674.29	7.544
3679.31	7.544
3684.32	7.544
3689.34	7.544
3694.35	7.543
3699.36	7.543
3704.38	7.543
3709.39	7.543
3714.41	7.542
3719.42	7.542
3724.44	7.541
3729.45	7.541
3734.47	7.541
3739.49	7.541
3744.50	7.541
3749.52	7.541
3754.54	7.540
3759.55	7.540
3764.57	7.539
3769.58	7.539
3774.59	7.538
3779.61	7.538
3784.62	7.538
3789.64	7.538
3794.66	7.537
3799.68	7.537
3804.69	7.537
3809.71	7.537
3814.72	7.536
3819.74	7.536
3824.75	7.536
3829.76	7.535
3834.78	7.535
3839.79	7.535
3844.80	7.535
3849.82	7.534
3854.84	7.534
3859.85	7.534
3864.86	7.533
3869.87	7.533
3874.88	7.533
3879.89	7.533
3884.91	7.532
3889.92	7.532
3894.93	7.531
3899.94	7.531
3904.95	7.531
3909.97	7.531
3914.98	7.531
3919.99	7.530
3925.00	7.530
3930.01	7.530
3935.02	7.530
3940.04	7.529
3945.05	7.529
3950.06	7.529
3955.07	7.529
3960.08	7.528
3965.09	7.528
3970.11	7.527
3975.12	7.527
3980.13	7.527
3985.14	7.527
3990.15	7.527
3995.17	7.526
4000.18	7.526
4005.20	7.526
4010.21	7.525
4015.22	7.525
4020.24	7.525
4025.25	7.524
4030.27	7.524
4035.28	7.524
4040.30	7.523
4045.31	7.523
4050.32	7.523
4055.34	7.522
4060.35	7.522
4065.37	7.522
4070.38	7.521
4075.39	7.521
4080.40	7.521
4085.42	7.521
4090.43	7.520
4095.44	7.520
4100.45	7.520
4105.46	7.520
4110.47	7.520
4115.49	7.519
4120.50	7.519
4125.51	7.519
4130.52	7.518
4135.54	7.518
4140.55	7.518
4145.56	7.518
4150.58	7.517
4155.59	7.517
4160.60	7.517
4165.62	7.517
4170.63	7.516
4175.64	7.516
4180.66	7.516
4185.67	7.515
4190.69	7.515
4195.70	7.515
4200.72	7.514
4205.73	7.514
4210.75	7.514
4215.76	7.514
4220.78	7.514
4225.79	7.514
4230.81	7.513
4235.82	7.513
4240.83	7.513
4245.85	7.512
4250.86	7.512
4255.88	7.512
4260.89	7.511
4265.90	7.511
4270.91	7.511
4275.92	7.510
4280.94	7.510
4285.95	7.510
4290.96	7.510
4295.97	7.509
4300.98	7.509
4305.99	7.509
4311.00	7.509
4316.01	7.508
4321.03	7.508
4326.04	7.508
4331.05	7.508
4336.06	7.507
4341.07	7.507
4346.09	7.507
4351.10	7.506
4356.12	7.506
4361.13	7.506
4366.15	7.506
4371.16	7.505
4376.18	7.505
4381.19	7.505
4386.20	7.504
4391.22	7.505
4396.23	7.504
4401.24	7.504
4406.25	7.503
4411.27	7.503
4416.28	7.503
4421.29	7.503
4426.30	7.502
4431.31	7.502
4436.32	7.502
4441.34	7.501
4446.36	7.501
4451.37	7.501
4456.39	7.500
4461.40	7.500
4466.42	7.500
4471.43	7.500
4476.44	7.500
4481.46	7.499
4486.47	7.499
4491.49	7.498
4496.50	7.498
4501.51	7.498
4506.52	7.498
4511.54	7.498
4516.55	7.497
4521.56	7.497
4526.57	7.497
4531.58	7.497
4536.59	7.496
4541.60	7.496
4546.62	7.496
4551.63	7.496
4556.64	7.495
4561.65	7.495
4566.67	7.495
4571.69	7.495
4576.70	7.494
4581.71	7.494
4586.73	7.494
4591.74	7.494
4596.76	7.494
4601.77	7.493
4606.79	7.493
4611.80	7.492
4616.81	7.492
4621.82	7.492
4626.83	7.491
4631.84	7.491
4636.86	7.491
4641.87	7.491
4646.88	7.491
4651.89	7.491
4656.91	7.490
4661.92	7.490
4666.94	7.490
4671.95	7.490
4676.96	7.489
4681.98	7.489
4686.99	7.489
4692.00	7.489
4697.01	7.488
4702.02	7.488
4707.04	7.488
4712.05	7.487
4717.06	7.487
4722.07	7.487
4727.08	7.487
4732.09	7.486
4737.11	7.486
4742.12	7.486
4747.13	7.486
4752.14	7.485
4757.15	7.485
4762.16	7.485
4767.17	7.485
4772.19	7.484
4777.20	7.484
4782.21	7.484
4787.22	7.484
4792.23	7.484
4797.24	7.483
4802.26	7.483
4807.27	7.483
4812.28	7.482
4817.29	7.482
4822.30	7.482
4827.31	7.482
4832.33	7.482
4837.34	7.481
4842.35	7.481
4847.36	7.481
4852.37	7.481
4857.38	7.480
4862.39	7.480
4867.41	7.480
4872.42	7.480
4877.43	7.480
4882.44	7.479
4887.45	7.479
4892.46	7.479
4897.48	7.479
4902.49	7.478
4907.50	7.478
4912.51	7.477
4917.52	7.477
4922.53	7.477
4927.54	7.477
4932.56	7.477
4937.57	7.477
4942.58	7.477
4947.59	7.476
4952.60	7.476
4957.61	7.476
4962.62	7.476
4967.64	7.476
4972.65	7.475
4977.66	7.475
4982.67	7.475
4987.68	7.475
4992.69	7.474
4997.71	7.474
5002.72	7.474
5007.73	7.474
5012.74	7.474
5017.75	7.473
5022.76	7.473
5027.78	7.473
5032.79	7.473
5037.80	7.472
5042.82	7.472
5047.83	7.472
5052.85	7.472
5057.86	7.471
5062.88	7.471
5067.89	7.471
5072.91	7.471
5077.92	7.471
5082.94	7.470
5087.95	7.470
5092.97	7.470
5097.98	7.470
5103.00	7.470
5108.01	7.469
5113.03	7.469
5118.04	7.469
5123.06	7.468
5128.07	7.468
5133.09	7.468
5138.10	7.468
5143.11	7.468
5148.13	7.468
5153.14	7.467
5158.16	7.467
5163.17	7.467
5168.18	7.467
5173.20	7.467
5178.21	7.466
5183.22	7.466
5188.24	7.466
5193.25	7.466
5198.26	7.466
5203.27	7.465
5208.28	7.465
5213.29	7.465
5218.30	7.465
5223.32	7.465
5228.33	7.464
5233.34	7.464
5238.35	7.464
5243.36	7.464
5248.37	7.464
5253.38	7.463
5258.40	7.463
5263.41	7.463
5268.42	7.463
5273.43	7.463
5278.44	7.463
5283.45	7.462
5288.47	7.462
5293.48	7.462
5298.49	7.462
5303.50	7.462
5308.51	7.462
5313.52	7.461
5318.53	7.461
5323.55	7.461
5328.56	7.461
5333.57	7.460
5338.58	7.460
5343.59	7.460
5348.60	7.460
5353.62	7.460
5358.63	7.460
5363.64	7.459
5368.65	7.459
5373.66	7.459
5378.67	7.459
5383.69	7.459
5388.70	7.459
5393.71	7.458
5398.72	7.458
5403.73	7.458
5408.74	7.458
5413.75	7.458
5418.77	7.458
5423.78	7.458
5428.79	7.457
5433.80	7.457
5438.81	7.457
5443.82	7.457
5448.83	7.457
5453.85	7.456
5458.86	7.456
5463.87	7.456
5468.88	7.455
5473.89	7.455
5478.90	7.455
5483.92	7.455
5488.93	7.455
5493.94	7.454
5498.95	7.454
5503.96	7.454
5508.97	7.454
5513.99	7.454
5519.00	7.454
5524.01	7.454
5529.02	7.453
5534.03	7.453
5539.04	7.453
5544.06	7.453
5549.07	7.453
5554.08	7.453
5559.09	7.452
5564.10	7.452
5569.11	7.452
5574.12	7.452
5579.14	7.452
5584.15	7.452
5589.16	7.451
5594.17	7.452
5599.18	7.451
5604.19	7.451
5609.21	7.451
5614.22	7.451
5619.23	7.451
5624.24	7.451
5629.25	7.450
5634.26	7.450
5639.27	7.450
5644.29	7.450
5649.30	7.449
5654.31	7.449
5659.32	7.449
5664.33	7.449
5669.34	7.449
5674.36	7.449
5679.37	7.448
5684.39	7.448
5689.41	7.448
5694.42	7.448
5699.43	7.448
5704.45	7.448
5709.47	7.447
5714.48	7.447
5719.49	7.447
5724.51	7.447
5729.52	7.447
5734.54	7.447
5739.55	7.447
5744.56	7.447
5749.58	7.446
5754.59	7.446
5759.61	7.446
5764.62	7.446
5769.64	7.446
5774.65	7.446
5779.66	7.445
5784.68	7.445
5789.69	7.445
5794.71	7.445
5799.72	7.445
5804.74	7.445
5809.75	7.445
5814.76	7.444
5819.77	7.444
5824.78	7.444
5829.80	7.444
5834.81	7.444
5839.82	7.444
5844.83	7.444
5849.84	7.443
5854.85	7.444
5859.86	7.443
5864.88	7.443
5869.89	7.443
5874.90	7.443
5879.91	7.443
5884.92	7.443
5889.93	7.442
5894.95	7.442
5899.96	7.442
5904.97	7.442
5909.98	7.442
5914.99	7.441
5920.00	7.441
5925.01	7.441
5930.03	7.441
5935.04	7.441
5940.05	7.440
5945.07	7.440
5950.08	7.440
5955.10	7.440
5960.11	7.440
5965.13	7.440
5970.15	7.440
5975.16	7.440
5980.18	7.439
5985.19	7.439
5990.21	7.439
5995.23	7.439
6000.24	7.439
6005.26	7.439
6010.27	7.439
6015.28	7.439
6020.30	7.438
6025.31	7.438
6030.33	7.438
6035.34	7.438
6040.36	7.438
6045.37	7.438
6050.39	7.438
6055.40	7.437
6060.41	7.437
6065.43	7.437
6070.44	7.437
6075.45	7.437
6080.46	7.436
6085.47	7.436
6090.48	7.436
6095.50	7.436
6100.51	7.436
6105.52	7.436
6110.53	7.436
6115.54	7.436
6120.56	7.435
6125.57	7.435
6130.58	7.435
6135.60	7.435
6140.61	7.435
6145.62	7.435
6150.64	7.435
6155.65	7.435
6160.67	7.434
6165.68	7.434
6170.70	7.434
6175.71	7.434
6180.72	7.434
6185.74	7.434
6190.75	7.434
6195.77	7.433
6200.79	7.433
6205.80	7.433
6210.81	7.433
6215.83	7.433
6220.84	7.433
6225.86	7.433
6230.87	7.432
6235.88	7.432
6240.90	7.432
6245.91	7.432
6250.93	7.432
6255.94	7.432
6260.96	7.432
6265.97	7.431
6270.98	7.431
6276.00	7.431
6281.01	7.431
6286.02	7.431
6291.04	7.431
6296.05	7.431
6301.07	7.431
6306.08	7.430
6311.10	7.430
6316.11	7.430
6321.13	7.430
6326.14	7.430
6331.15	7.430
6336.17	7.430
6341.18	7.429
6346.20	7.429
6351.21	7.429
6356.22	7.429
6361.24	7.429
6366.25	7.429
6371.27	7.429
6376.28	7.429
6381.30	7.429
6386.31	7.429
6391.32	7.428
6396.34	7.429
6401.36	7.429
6406.37	7.428
6411.38	7.428
6416.40	7.428
6421.41	7.428
6426.43	7.427
6431.44	7.427
6436.45	7.427
6441.47	7.427
6446.48	7.427
6451.50	7.427
6456.51	7.427
6461.53	7.427
6466.54	7.427
6471.55	7.427
6476.57	7.426
6481.58	7.426
6486.60	7.426
6491.62	7.426
6496.63	7.426
6501.64	7.425
6506.66	7.425
6511.67	7.425
6516.69	7.425
6521.70	7.425
6526.72	7.425
6531.73	7.425
6536.74	7.425
6541.76	7.425
6546.77	7.424
6551.78	7.424
6556.79	7.424
6561.80	7.424
6566.82	7.424
6571.83	7.424
6576.84	7.424
6581.85	7.424
6586.86	7.423
6591.87	7.423
6596.89	7.423
6601.90	7.423
6606.91	7.423
6611.92	7.423
6616.93	7.423
6621.94	7.422
6626.96	7.422
6631.97	7.422
6636.99	7.422
6642.00	7.422
6647.02	7.422
6652.03	7.422
6657.04	7.422
6662.05	7.421
6667.06	7.421
6672.07	7.421
6677.08	7.421
6682.10	7.421
6687.11	7.421
6692.12	7.421
6697.13	7.420
6702.14	7.420
6707.15	7.420
6712.17	7.420
6717.18	7.420
6722.19	7.420
6727.20	7.420
6732.21	7.420
6737.22	7.420
6742.23	7.419
6747.24	7.420
6752.26	7.420
6757.27	7.419
6762.28	7.419
6767.29	7.419
6772.30	7.419
6777.31	7.419
6782.33	7.419
6787.34	7.419
6792.35	7.419
6797.36	7.418
6802.37	7.418
6807.38	7.418
6812.39	7.418
6817.41	7.418
6822.42	7.418
6827.43	7.418
6832.44	7.418
6837.46	7.418
6842.47	7.417
6847.48	7.417
6852.49	7.417
6857.50	7.417
6862.52	7.417
6867.53	7.416
6872.54	7.417
6877.55	7.416
6882.56	7.416
6887.57	7.416
6892.59	7.416
6897.60	7.416
6902.61	7.416
6907.62	7.416
6912.63	7.416
6917.64	7.415
6922.66	7.415
6927.67	7.415
6932.68	7.415
6937.69	7.415
6942.70	7.415
6947.71	7.414
6952.73	7.414
6957.74	7.414
6962.75	7.414
6967.76	7.414
6972.77	7.414
6977.78	7.414
6982.80	7.414
6987.81	7.413
6992.82	7.413
6997.83	7.413
7002.84	7.413
7007.85	7.413
7012.86	7.413
7017.88	7.413
7022.89	7.413
7027.90	7.413
7032.91	7.412
7037.92	7.412
7042.94	7.412
7047.95	7.412
7052.96	7.412
7057.97	7.412
7062.98	7.412
7068.00	7.412
7073.01	7.412
7078.02	7.411
7083.03	7.411
7088.04	7.411
7093.05	7.411
7098.06	7.411
7103.08	7.411
7108.09	7.411
7113.10	7.411
7118.11	7.410
7123.12	7.410
7128.13	7.410
7133.15	7.410
7138.16	7.410
7143.17	7.410
7148.18	7.410
7153.19	7.409
7158.20	7.409
7163.22	7.409
7168.23	7.409
7173.24	7.409
7178.25	7.409
7183.26	7.409
7188.27	7.409
7193.28	7.409
7198.30	7.408
7203.31	7.408
7208.32	7.408
7213.33	7.408
7218.34	7.408
7223.35	7.408
7228.36	7.408
7233.38	7.408
7238.39	7.408
7243.40	7.408
7248.42	7.407
7253.44	7.407
7258.45	7.407
7263.46	7.407
7268.47	7.406
7273.48	7.406
7278.49	7.406
7283.51	7.406
7288.52	7.406
7293.53	7.406
7298.54	7.406
7303.55	7.406
7308.56	7.406
7313.58	7.406
7318.59	7.406
7323.60	7.406
7328.61	7.405
7333.62	7.405
7338.63	7.405
7343.64	7.405
7348.66	7.405
7353.67	7.405
7358.68	7.404
7363.69	7.404
7368.70	7.404
7373.71	7.404
7378.73	7.404
7383.74	7.404
7388.75	7.404
7393.76	7.404
7398.77	7.403
7403.78	7.403
7408.80	7.403
7413.81	7.403
7418.82	7.403
7423.83	7.403
7428.84	7.403
7433.85	7.403
7438.87	7.402
7443.88	7.402
7448.89	7.402
7453.90	7.402
7458.92	7.402
7463.93	7.402
7468.95	7.402
7473.96	7.402
7478.97	7.401
7483.98	7.401
7489.00	7.401
7494.01	7.401
7499.02	7.401
7504.03	7.401
7509.04	7.401
7514.05	7.401
7519.07	7.401
7524.08	7.400
7529.09	7.400
7534.10	7.400
7539.11	7.400
7544.12	7.400
7549.13	7.400
7554.15	7.400
7559.16	7.400
7564.17	7.400
7569.18	7.399
7574.19	7.399
7579.20	7.399
7584.22	7.399
7589.23	7.399
7594.24	7.399
7599.25	7.399
7604.26	7.399
7609.27	7.399
7614.28	7.398
7619.30	7.398
7624.31	7.398
7629.32	7.398
7634.33	7.398
7639.34	7.398
7644.35	7.398
7649.37	7.397
7654.38	7.397
7659.39	7.397
7664.40	7.397
7669.42	7.397
7674.43	7.397
7679.45	7.396
7684.46	7.396
7689.47	7.396
7694.48	7.396
7699.50	7.396
7704.51	7.396
7709.52	7.396
7714.53	7.396
7719.54	7.396
7724.55	7.396
7729.56	7.395
7734.58	7.395
7739.59	7.395
7744.60	7.395
7749.61	7.395
7754.62	7.395
7759.63	7.394
7764.65	7.394
7769.66	7.394
7774.67	7.394
7779.68	7.394
7784.69	7.394
7789.70	7.394
7794.71	7.394
7799.72	7.394
7804.74	7.393
7809.75	7.393
7814.76	7.393
7819.77	7.393
7824.78	7.393
7829.79	7.393
7834.81	7.393
7839.82	7.392
7844.83	7.392
7849.84	7.392
7854.85	7.392
7859.86	7.392
7864.88	7.392
7869.89	7.392
7874.90	7.392
7879.92	7.391
7884.93	7.391
7889.94	7.391
7894.96	7.391
7899.97	7.391
7904.99	7.391
7910.00	7.391
7915.01	7.390
7920.02	7.390
7925.03	7.390
7930.04	7.390
7935.06	7.390
7940.07	7.390
7945.08	7.390
7950.09	7.390
7955.10	7.389
7960.11	7.389
7965.12	7.389
7970.14	7.389
7975.15	7.389
7980.16	7.389
7985.17	7.389
7990.18	7.389
7995.19	7.388
8000.21	7.388
8005.22	7.388
8010.23	7.388
8015.24	7.388
8020.25	7.388
8025.26	7.387
8030.28	7.387
8035.29	7.387
8040.30	7.387
8045.31	7.387
8050.32	7.387
8055.33	7.387
8060.34	7.387
8065.36	7.386
8070.37	7.386
8075.38	7.386
8080.39	7.386
8085.41	7.386
8090.42	7.386
8095.43	7.385
8100.45	7.385
8105.46	7.385
8110.47	7.385
8115.48	7.385
8120.50	7.385
8125.51	7.385
8130.52	7.384
8135.53	7.384
8140.54	7.384
8145.55	7.384
8150.57	7.384
8155.58	7.384
8160.59	7.383
8165.60	7.384
8170.61	7.384
8175.62	7.383
8180.64	7.383
8185.65	7.383
8190.66	7.383
8195.67	7.383
8200.68	7.383
8205.69	7.382
8210.70	7.382
8215.72	7.382
8220.73	7.382
8225.74	7.382
8230.75	7.381
8235.76	7.381
8240.77	7.381
8245.79	7.381
8250.80	7.381
8255.81	7.380
8260.82	7.380
8265.83	7.380
8270.84	7.380
8275.86	7.380
8280.87	7.380
8285.88	7.380
8290.89	7.379
8295.90	7.379
8300.91	7.379
8305.93	7.379
8310.94	7.379
8315.95	7.379
8320.97	7.378
8325.98	7.378
8330.99	7.378
8336.00	7.378
8341.02	7.378
8346.03	7.378
8351.04	7.377
8356.05	7.377
8361.06	7.377
8366.07	7.377
8371.08	7.377
8376.10	7.377
8381.11	7.377
8386.12	7.376
8391.13	7.376
8396.14	7.376
8401.15	7.376
8406.16	7.376
8411.18	7.376
8416.19	7.375
8421.20	7.375
8426.21	7.375
8431.22	7.375
8436.23	7.375
8441.25	7.374
8446.26	7.374
8451.27	7.374
8456.28	7.374
8461.29	7.374
8466.30	7.374
8471.32	7.373
8476.33	7.374
8481.34	7.373
8486.35	7.373
8491.36	7.373
8496.37	7.372
8501.39	7.372
8506.40	7.372
8511.41	7.372
8516.42	7.372
8521.43	7.372
8526.44	7.371
8531.45	7.371
8536.47	7.371
8541.48	7.371
8546.49	7.371
8551.50	7.371
8556.51	7.370
8561.52	7.370
8566.54	7.370
8571.55	7.370
8576.56	7.369
8581.57	7.369
8586.58	7.369
8591.59	7.369
8596.61	7.369
8601.62	7.368
8606.63	7.368
8611.64	7.368
8616.65	7.368
8621.66	7.368
8626.68	7.368
8631.69	7.367
8636.70	7.367
8641.71	7.367
8646.72	7.367
8651.73	7.366
8656.74	7.366
8661.76	7.366
8666.77	7.366
8671.78	7.366
8676.79	7.365
8681.80	7.365
8686.81	7.365
8691.83	7.365
8696.84	7.365
8701.85	7.364
8706.87	7.364
8711.88	7.364
8716.90	7.363
8721.91	7.363
8726.92	7.363
8731.93	7.363
8736.94	7.362
8741.96	7.362
8746.97	7.362
8751.98	7.362
8756.99	7.362
8762.00	7.361
8767.01	7.361
8772.03	7.361
8777.04	7.361
8782.05	7.361
8787.06	7.360
8792.07	7.360
8797.08	7.360
8802.10	7.360
8807.11	7.360
8812.12	7.360
8817.13	7.359
8822.14	7.359
8827.15	7.359
8832.16	7.358
8837.18	7.358
8842.19	7.358
8847.20	7.358
8852.21	7.357
8857.22	7.357
8862.23	7.357
8867.25	7.357
8872.26	7.356
8877.27	7.356
8882.28	7.356
8887.29	7.356
8892.30	7.356
8897.32	7.355
8902.33	7.355
8907.34	7.355
8912.35	7.355
8917.37	7.354
8922.38	7.354
8927.39	7.354
8932.40	7.353
8937.41	7.353
8942.43	7.353
8947.44	7.353
8952.45	7.352
8957.46	7.352
8962.47	7.352
8967.48	7.352
8972.49	7.351
8977.50	7.351
8982.52	7.351
8987.53	7.351
8992.54	7.350
8997.55	7.350
9002.56	7.350
9007.57	7.349
9012.59	7.349
9017.60	7.349
9022.61	7.348
9027.62	7.348
9032.63	7.348
9037.64	7.348
9042.66	7.348
9047.67	7.347
9052.68	7.347
9057.69	7.347
9062.70	7.346
9067.71	7.346
9072.73	7.346
9077.74	7.346
9082.75	7.345
9087.76	7.345
9092.77	7.345
9097.78	7.345
9102.80	7.344
9107.81	7.344
9112.82	7.344
9117.84	7.344
9122.85	7.343
9127.86	7.343
9132.87	7.343
9137.88	7.343
9142.89	7.342
9147.91	7.342
9152.92	7.341
9157.93	7.341
9162.94	7.341
9167.95	7.340
9172.96	7.340
9177.97	7.340
9182.99	7.339
9188.00	7.339
9193.01	7.339
9198.02	7.338
9203.03	7.338
9208.04	7.338
9213.06	7.338
9218.07	7.337
9223.08	7.337
9228.09	7.336
9233.10	7.336
9238.11	7.336
9243.13	7.335
9248.14	7.335
9253.15	7.335
9258.16	7.334
9263.17	7.334
9268.18	7.334
9273.19	7.333
9278.20	7.333
9283.22	7.333
9288.23	7.332
9293.24	7.332
9298.25	7.332
9303.26	7.331
9308.28	7.331
9313.29	7.330
9318.31	7.330
9323.32	7.330
9328.34	7.329
9333.35	7.329
9338.36	7.329
9343.37	7.328
9348.38	7.328
9353.39	7.327
9358.40	7.327
9363.42	7.327
9368.43	7.326
9373.44	7.326
9378.45	7.326
9383.46	7.325
9388.47	7.325
9393.49	7.325
9398.50	7.324
9403.51	7.324
9408.52	7.323
9413.53	7.323
9418.54	7.323
9423.56	7.322
9428.57	7.322
9433.58	7.321
9438.59	7.321
9443.60	7.321
9448.61	7.320
9453.62	7.320
9458.64	7.319
9463.65	7.319
9468.66	7.319
9473.67	7.318
9478.68	7.318
9483.69	7.317
9488.71	7.317
9493.72	7.317
9498.73	7.316
9503.74	7.315
9508.75	7.315
9513.76	7.315
9518.78	7.314
9523.79	7.314
9528.80	7.313
9533.81	7.313
9538.83	7.312
9543.84	7.312
9548.86	7.311
9553.87	7.311
9558.88	7.311
9563.89	7.310
9568.90	7.310
9573.91	7.310
9578.93	7.309
9583.94	7.309
9588.95	7.308
9593.96	7.307
9598.97	7.307
9603.98	7.306
9608.99	7.306
9614.01	7.305
9619.02	7.305
9624.03	7.304
9629.04	7.304
9634.05	7.303
9639.06	7.303
9644.08	7.302
9649.09	7.302
9654.10	7.301
9659.11	7.301
9664.12	7.300
9669.13	7.300
9674.15	7.300
9679.16	7.299
9684.17	7.298
9689.18	7.298
9694.19	7.297
9699.20	7.297
9704.21	7.296
9709.23	7.296
9714.24	7.295
9719.25	7.295
9724.26	7.294
9729.27	7.293
9734.28	7.293
9739.30	7.292
9744.31	7.292
9749.33	7.291
9754.34	7.291
9759.35	7.290
9764.36	7.290
9769.37	7.289
9774.39	7.288
9779.40	7.288
9784.41	7.287
9789.42	7.287
9794.43	7.286
9799.44	7.286
9804.46	7.285
9809.47	7.284
9814.48	7.284
9819.49	7.283
9824.50	7.283
9829.51	7.282
9834.53	7.281
9839.54	7.281
9844.55	7.280
9849.56	7.280
9854.57	7.279
9859.58	7.279
9864.59	7.278
9869.61	7.277
9874.62	7.277
9879.63	7.276
9884.64	7.276
9889.65	7.275
9894.66	7.274
9899.68	7.274
9904.69	7.273
9909.70	7.272
9914.71	7.272
9919.72	7.271
9924.73	7.271
9929.75	7.270
9934.76	7.269
9939.77	7.269
9944.78	7.268
9949.79	7.268
9954.81	7.267
9959.82	7.266
9964.84	7.266
9969.85	7.265
9974.86	7.264
9979.87	7.263
9984.88	7.263
9989.89	7.262
9994.91	7.261
9999.92	7.261
10004.93	7.260
10009.94	7.259
10014.95	7.259
10019.96	7.258
10024.97	7.257
10029.99	7.257
10035.00	7.256
10040.01	7.255
10045.02	7.255
10050.03	7.254
10055.04	7.253
10060.06	7.253
10065.07	7.252
10070.08	7.251
10075.09	7.251
10080.10	7.250
10085.11	7.249
10090.12	7.249
10095.14	7.248
10100.15	7.248
10105.16	7.247
10110.17	7.246
10115.18	7.245
10120.19	7.244
10125.21	7.244
10130.22	7.243
10135.23	7.242
10140.24	7.242
10145.25	7.241
10150.27	7.240
10155.29	7.240
10160.30	7.239
10165.31	7.238
10170.33	7.237
10175.34	7.237
10180.35	7.236
10185.37	7.235
10190.38	7.235
10195.39	7.234
10200.40	7.233
10205.41	7.232
10210.43	7.232
10215.44	7.231
10220.45	7.230
10225.47	7.230
10230.48	7.229
10235.49	7.228
10240.51	7.227
10245.52	7.227
10250.54	7.226
10255.55	7.225
10260.56	7.224
10265.57	7.224
10270.59	7.223
10275.60	7.222
10280.62	7.221
10285.63	7.221
10290.65	7.220
10295.66	7.219
10300.67	7.218
10305.69	7.218
10310.71	7.217
10315.72	7.216
10320.73	7.216
10325.75	7.215
10330.76	7.214
10335.78	7.213
10340.79	7.212
10345.80	7.212
10350.81	7.211
10355.82	7.210
10360.84	7.209
10365.85	7.209
10370.87	7.208
10375.88	7.207
10380.89	7.206
10385.91	7.205
10390.93	7.205
10395.95	7.204
10400.96	7.203
10405.98	7.202
10410.99	7.202
10416.01	7.201
10421.02	7.200
10426.04	7.199
10431.05	7.199
10436.06	7.198
10441.08	7.197
10446.09	7.196
10451.10	7.196
10456.11	7.195
10461.12	7.194
10466.13	7.193
10471.15	7.192
10476.16	7.192
10481.18	7.191
10486.19	7.190
10491.21	7.189
10496.22	7.188
10501.23	7.187
10506.25	7.187
10511.26	7.186
10516.28	7.185
10521.29	7.184
10526.30	7.183
10531.32	7.183
10536.33	7.182
10541.34	7.181
10546.35	7.180
10551.36	7.179
10556.38	7.178
10561.39	7.178
10566.41	7.177
10571.42	7.176
10576.44	7.175
10581.45	7.175
10586.47	7.174
10591.48	7.173
10596.49	7.172
10601.51	7.171
10606.52	7.170
10611.54	7.169
10616.55	7.169
10621.56	7.168
10626.58	7.167
10631.59	7.166
10636.61	7.165
10641.62	7.165
10646.64	7.164
10651.65	7.163
10656.66	7.162
10661.68	7.161
10666.69	7.160
10671.71	7.159
10676.72	7.158
10681.73	7.158
10686.75	7.157
10691.76	7.156
10696.78	7.156
10701.79	7.155
10706.81	7.154
10711.82	7.153
10716.84	7.152
10721.85	7.151
10726.86	7.150
10731.88	7.149
10736.89	7.148
10741.91	7.148
10746.93	7.147
10751.94	7.146
10756.95	7.145
10761.97	7.145
10766.98	7.144
10771.99	7.143
10777.00	7.142
10782.01	7.141
10787.02	7.140
10792.03	7.139
10797.05	7.138
10802.06	7.137
10807.08	7.136
10812.09	7.135
10817.10	7.135
10822.12	7.134
10827.13	7.133
10832.14	7.132
10837.15	7.131
10842.16	7.131
10847.17	7.130
10852.19	7.129
10857.20	7.128
10862.21	7.127
10867.22	7.126
10872.23	7.125
10877.24	7.125
10882.26	7.124
10887.27	7.123
10892.29	7.122
10897.30	7.121
10902.32	7.120
10907.33	7.119
10912.34	7.118
10917.36	7.117
10922.37	7.116
10927.38	7.116
10932.40	7.115
10937.42	7.114
10942.43	7.113
10947.44	7.112
10952.46	7.111
10957.47	7.110
10962.49	7.109
10967.50	7.108
10972.52	7.107
10977.53	7.106
10982.55	7.106
10987.56	7.105
10992.58	7.104
10997.59	7.103
11002.61	7.102
11007.62	7.101
11012.63	7.100
11017.65	7.099
11022.66	7.098
11027.68	7.097
11032.69	7.096
11037.70	7.095
11042.72	7.095
11047.73	7.094
11052.75	7.093
11057.77	7.092
11062.78	7.091
11067.79	7.090
11072.81	7.089
11077.82	7.088
11082.83	7.087
11087.84	7.086
11092.86	7.085
11097.87	7.084
11102.88	7.083
11107.89	7.082
11112.91	7.082
11117.92	7.081
11122.94	7.080
11127.96	7.079
11132.97	7.078
11137.98	7.077
11143.00	7.076
11148.01	7.075
11153.03	7.074
11158.04	7.073
11163.05	7.072
11168.07	7.071
11173.08	7.070
11178.10	7.069
11183.11	7.068
11188.13	7.067
11193.14	7.066
11198.15	7.066
11203.17	7.065
11208.18	7.064
11213.19	7.063
11218.21	7.062
11223.22	7.061
11228.24	7.060
11233.25	7.058
11238.27	7.058
11243.28	7.057
11248.30	7.056
11253.31	7.055
11258.32	7.054
11263.34	7.053
11268.35	7.052
11273.36	7.051
11278.38	7.050
11283.39	7.049
11288.40	7.048
11293.41	7.047
11298.42	7.046
11303.43	7.045
11308.44	7.044
11313.46	7.043
11318.47	7.042
11323.49	7.041
11328.50	7.040
11333.52	7.040
11338.53	7.038
11343.54	7.037
11348.56	7.036
11353.57	7.035
11358.59	7.034
11363.61	7.033
11368.62	7.032
11373.63	7.031
11378.64	7.030
11383.66	7.029
11388.68	7.028
11393.69	7.027
11398.70	7.026
11403.72	7.025
11408.73	7.024
11413.75	7.023
11418.76	7.022
11423.78	7.021
11428.79	7.020
11433.81	7.019
11438.82	7.018
11443.83	7.017
11448.85	7.016
11453.86	7.015
11458.87	7.014
11463.89	7.013
11468.90	7.012
11473.91	7.011
11478.92	7.010
11483.94	7.009
11488.95	7.008
11493.97	7.007
11498.98	7.005
11503.99	7.004
11509.01	7.004
11514.02	7.002
11519.04	7.002
11524.05	7.000
11529.06	6.999
11534.08	6.999
11539.09	6.997
11544.11	6.997
11549.12	6.995
11554.14	6.994
11559.15	6.993
11564.16	6.992
11569.18	6.991
11574.19	6.990
11579.21	6.989
11584.22	6.988
11589.24	6.987
11594.25	6.986
11599.27	6.985
11604.28	6.984
11609.30	6.982
11614.31	6.981
11619.32	6.981
11624.34	6.979
11629.35	6.978
11634.37	6.977
11639.38	6.976
11644.40	6.975
11649.41	6.974
11654.43	6.973
11659.44	6.972
11664.46	6.971
11669.47	6.970
11674.49	6.968
11679.50	6.967
11684.51	6.967
11689.53	6.966
11694.54	6.965
11699.56	6.963
11704.57	6.962
11709.59	6.961
11714.60	6.960
11719.62	6.959
11724.63	6.958
11729.64	6.957
11734.66	6.955
11739.68	6.954
11744.69	6.953
11749.70	6.952
11754.72	6.951
11759.73	6.950
11764.75	6.949
11769.76	6.948
11774.78	6.947
11779.79	6.946
11784.81	6.944
11789.82	6.943
11794.83	6.942
11799.85	6.941
11804.86	6.940
11809.88	6.939
11814.89	6.938
11819.90	6.936
11824.92	6.935
11829.93	6.934
11834.95	6.933
11839.96	6.932
11844.98	6.931
11849.99	6.930
11855.01	6.929
11860.02	6.928
11865.03	6.926
11870.05	6.925
11875.07	6.924
11880.08	6.923
11885.09	6.922
11890.11	6.921
11895.12	6.920
11900.14	6.919
11905.15	6.917
11910.17	6.916
11915.18	6.915
11920.20	6.914
11925.21	6.913
11930.22	6.912
11935.24	6.910
11940.25	6.909
11945.26	6.908
11950.28	6.907
11955.29	6.906
11960.31	6.904
11965.32	6.903
11970.33	6.902
11975.35	6.901
11980.36	6.900
11985.38	6.899
11990.39	6.898
11995.40	6.896
12000.42	6.895
12005.43	6.894
12010.45	6.893
12015.46	6.892
12020.48	6.890
12025.49	6.889
12030.51	6.888
12035.52	6.887
12040.53	6.885
12045.55	6.885
12050.56	6.883
12055.58	6.882
12060.59	6.881
12065.60	6.879
12070.62	6.878
12075.63	6.877
12080.65	6.876
12085.66	6.875
12090.68	6.873
12095.69	6.872
12100.71	6.871
12105.72	6.870
12110.73	6.869
12115.75	6.867
12120.76	6.866
12125.78	6.865
12130.79	6.864
12135.81	6.863
12140.82	6.861
12145.84	6.860
12150.85	6.859
12155.86	6.857
12160.88	6.856
12165.90	6.855
12170.91	6.854
12175.92	6.853
12180.94	6.851
12185.95	6.850
12190.97	6.849
12195.98	6.847
12201.00	6.846
12206.01	6.845
12211.03	6.844
12216.04	6.843
12221.06	6.841
12226.07	6.840
12231.08	6.839
12236.10	6.837
12241.11	6.836
12246.13	6.835
12251.14	6.834
12256.16	6.833
12261.17	6.831
12266.19	6.830
12271.20	6.829
12276.21	6.827
12281.23	6.826
12286.24	6.825
12291.26	6.824
12296.27	6.822
12301.28	6.821
12306.29	6.820
12311.31	6.818
12316.33	6.817
12321.34	6.816
12326.36	6.814
12331.37	6.813
12336.38	6.812
12341.40	6.810
12346.41	6.809
12351.42	6.808
12356.44	6.807
12361.45	6.805
12366.47	6.804
12371.48	6.803
12376.50	6.801
12381.51	6.800
12386.52	6.799
12391.54	6.797
12396.55	6.796
12401.57	6.795
12406.58	6.793
12411.60	6.792
12416.61	6.791
12421.62	6.789
12426.64	6.788
12431.65	6.787
12436.67	6.785
12441.68	6.784
12446.70	6.783
12451.71	6.782
12456.73	6.780
12461.74	6.779
12466.75	6.778
12471.77	6.776
12476.78	6.775
12481.80	6.774
12486.81	6.772
12491.83	6.771
12496.84	6.769
12501.86	6.768
12506.87	6.766
12511.89	6.765
12516.90	6.764
12521.91	6.762
12526.93	6.761
12531.94	6.759
12536.96	6.758
12541.97	6.757
12546.99	6.755
12552.00	6.754
12557.02	6.752
12562.03	6.751
12567.05	6.750
12572.06	6.748
12577.08	6.747
12582.09	6.746
12587.10	6.744
12592.12	6.743
12597.13	6.742
12602.15	6.740
12607.16	6.739
12612.17	6.737
12617.19	6.736
12622.21	6.734
12627.22	6.733
12632.24	6.731
12637.25	6.730
12642.26	6.729
12647.28	6.727
12652.30	6.726
12657.31	6.724
12662.32	6.723
12667.34	6.722
12672.35	6.720
12677.37	6.719
12682.38	6.718
12687.40	6.716
12692.41	6.714
12697.43	6.713
12702.44	6.711
12707.45	6.710
12712.47	6.709
12717.48	6.707
12722.50	6.706
12727.51	6.704
12732.52	6.703
12737.54	6.701
12742.56	6.700
12747.57	6.699
12752.59	6.697
12757.60	6.696
12762.61	6.694
12767.63	6.693
12772.64	6.691
12777.65	6.690
12782.67	6.688
12787.69	6.686
12792.70	6.685
12797.72	6.683
12802.73	6.682
12807.75	6.681
12812.76	6.679
12817.77	6.677
12822.79	6.676
12827.80	6.675
12832.82	6.673
12837.83	6.672
12842.85	6.670
12847.86	6.669
12852.87	6.667
12857.89	6.666
12862.90	6.664
12867.92	6.663
12872.93	6.661
12877.95	6.659
12882.96	6.658
12887.97	6.657
12892.99	6.655
12898.00	6.653
12903.02	6.652
12908.03	6.650
12913.05	6.649
12918.06	6.647
12923.08	6.646
12928.09	6.644
12933.11	6.643
12938.12	6.641
12943.13	6.639
12948.15	6.638
12953.16	6.636
12958.18	6.635
12963.19	6.633
12968.21	6.632
12973.22	6.630
12978.24	6.628
12983.25	6.627
12988.27	6.625
12993.28	6.624
12998.29	6.622
13003.31	6.620
13008.32	6.619
13013.34	6.617
13018.35	6.616
13023.36	6.614
13028.38	6.613
13033.39	6.611
13038.41	6.609
13043.42	6.608
13048.44	6.606
13053.45	6.604
13058.46	6.603
13063.48	6.601
13068.50	6.600
13073.51	6.598
13078.53	6.597
13083.54	6.595
13088.55	6.593
13093.57	6.592
13098.58	6.590
13103.60	6.589
13108.61	6.587
13113.63	6.585
13118.64	6.584
13123.66	6.582
13128.67	6.580
13133.68	6.579
13138.70	6.577
13143.71	6.576
13148.73	6.574
13153.74	6.572
13158.76	6.571
13163.77	6.569
13168.79	6.567
13173.80	6.566
13178.82	6.564
13183.83	6.562
13188.85	6.561
13193.86	6.559
13198.87	6.557
13203.89	6.556
13208.90	6.554
13213.92	6.552
13218.94	6.551
13223.95	6.549
13228.96	6.547
13233.98	6.545
13238.99	6.544
13244.00	6.542
13249.02	6.541
13254.04	6.539
13259.05	6.537
13264.06	6.535
13269.08	6.533
13274.09	6.532
13279.11	6.530
13284.12	6.528
13289.13	6.527
13294.14	6.525
13299.15	6.523
13304.16	6.521
13309.18	6.520
13314.19	6.518
13319.20	6.516
13324.22	6.515
13329.23	6.513
13334.24	6.511
13339.26	6.509
13344.28	6.507
13349.29	6.506
13354.30	6.504
13359.32	6.502
13364.33	6.500
13369.35	6.499
13374.36	6.497
13379.38	6.495
13384.39	6.493
13389.41	6.491
13394.42	6.490
13399.44	6.488
13404.45	6.486
13409.46	6.484
13414.48	6.482
13419.49	6.481
13424.51	6.479
13429.53	6.477
13434.54	6.475
13439.56	6.473
13444.57	6.472
13449.58	6.470
13454.60	6.468
13459.61	6.466
13464.63	6.465
13469.64	6.463
13474.66	6.461
13479.67	6.459
13484.68	6.457
13489.70	6.455
13494.71	6.453
13499.78	6.452
13504.80	6.450
13509.81	6.448
13514.84	6.446
13519.85	6.444
13524.86	6.442
13529.88	6.440
13534.90	6.438
13539.91	6.436
13544.92	6.435
13549.94	6.432
13554.95	6.431
13559.97	6.429
13564.98	6.427
13569.99	6.425
13575.01	6.423
13580.03	6.421
13585.04	6.419
13590.05	6.417
13595.07	6.415
13600.08	6.413
13605.10	6.411
13610.11	6.409
13615.13	6.407
13620.14	6.405
13625.16	6.403
13630.17	6.401
13635.19	6.400
13640.20	6.398
13645.21	6.395
13650.22	6.393
13655.23	6.391
13660.24	6.389
13665.25	6.387
13670.27	6.385
13675.28	6.383
13680.30	6.381
13685.31	6.379
13690.32	6.377
13695.34	6.375
13700.35	6.373
13705.36	6.371
13710.37	6.369
13715.38	6.367
13720.40	6.365
13725.41	6.363
13730.43	6.361
13735.44	6.359
13740.45	6.357
13745.47	6.355
13750.48	6.353
13755.49	6.350
13760.50	6.348
13765.51	6.346
13770.52	6.344
13775.54	6.342
13780.55	6.340
13785.56	6.337
13790.57	6.336
13795.58	6.333
13800.59	6.331
13805.60	6.329
13810.62	6.327
13815.63	6.325
13820.64	6.323
13825.65	6.321
13830.66	6.318
13835.67	6.316
13840.69	6.314
13845.70	6.312
13850.71	6.310
13855.72	6.308
13860.73	6.306
13865.74	6.304
13870.76	6.302
13875.77	6.299
13880.78	6.297
13885.79	6.295
13890.80	6.293
13895.81	6.291
13900.83	6.288
13905.84	6.286
13910.86	6.284
13915.87	6.281
13920.89	6.279
13925.90	6.277
13930.91	6.275
13935.92	6.272
13940.93	6.270
13945.94	6.268
13950.96	6.266
13955.97	6.264
13960.98	6.261
13965.99	6.259
13971.00	6.257
13976.01	6.255
13981.03	6.252
13986.04	6.250
13991.05	6.248
13996.06	6.246
14001.07	6.244
14006.08	6.241
14011.09	6.239
14016.11	6.237
14021.12	6.234
14026.13	6.232
14031.14	6.230
14036.15	6.228
14041.16	6.225
14046.18	6.223
14051.19	6.221
14056.20	6.219
14061.21	6.216
14066.22	6.214
14071.23	6.212
14076.24	6.210
14081.26	6.207
14086.27	6.205
14091.28	6.203
14096.29	6.200
14101.30	6.198
14106.31	6.196
14111.33	6.193
14116.34	6.191
14121.36	6.189
14126.37	6.187
14131.38	6.184
14136.40	6.182
14141.41	6.180
14146.42	6.178
14151.43	6.175
14156.44	6.173
14161.45	6.171
14166.47	6.169
14171.48	6.166
14176.49	6.164
14181.50	6.162
14186.51	6.159
14191.52	6.157
14196.54	6.155
14201.55	6.153
14206.56	6.150
14211.57	6.148
14216.58	6.146
14221.59	6.144
14226.60	6.141
14231.62	6.139
14236.63	6.137
14241.64	6.134
14246.65	6.132
14251.66	6.130
14256.67	6.127
14261.69	6.125
14266.70	6.123
14271.71	6.121
14276.72	6.119
14281.73	6.116
14286.74	6.114
14291.75	6.112
14296.77	6.110
14301.78	6.107
14306.79	6.105
14311.80	6.103
14316.81	6.101
14321.82	6.099
14326.84	6.096
14331.85	6.094
14336.87	6.092
14341.88	6.089
14346.90	6.087
14351.91	6.085
14356.92	6.083
14361.93	6.080
14366.94	6.078
14371.95	6.076
14376.97	6.074
14381.98	6.072
14386.99	6.069
14392.00	6.067
14397.01	6.065
14402.02	6.063
14407.04	6.060
14412.05	6.058
14417.06	6.057
14422.07	6.054
14427.08	6.052
14432.09	6.050
14437.11	6.048
14442.12	6.045
14447.13	6.043
14452.14	6.041
14457.15	6.039
14462.16	6.037
14467.17	6.034
14472.19	6.032
14477.20	6.030
14482.21	6.028
14487.22	6.025
14492.23	6.023
14497.24	6.021
14502.26	6.019
14507.27	6.017
14512.28	6.015
14517.29	6.013
14522.30	6.011
14527.31	6.009
14532.32	6.006
14537.34	6.004
14542.35	6.002
14547.37	6.000
14552.38	5.998
14557.40	5.996
14562.41	5.994
14567.42	5.991
14572.43	5.989
14577.44	5.987
14582.45	5.985
14587.47	5.983
14592.48	5.981
14597.49	5.979
14602.50	5.977
14607.51	5.975
