0.00	7.917
5.01	7.913
10.02	7.913
15.04	7.914
20.05	7.913
25.06	7.913
30.07	7.914
35.08	7.914
40.09	7.914
45.10	7.914
50.12	7.914
55.13	7.914
60.14	7.671
65.15	7.688
70.16	7.692
75.17	7.695
80.19	7.697
85.20	7.699
90.21	7.699
95.22	7.700
100.23	7.701
105.24	7.700
110.25	7.700
115.27	7.700
120.28	7.700
125.29	7.700
130.30	7.700
135.31	7.699
140.32	7.699
145.34	7.699
150.35	7.698
155.36	7.697
160.37	7.697
165.38	7.696
170.39	7.696
175.40	7.696
180.42	7.696
185.43	7.695
190.44	7.695
195.45	7.694
200.46	7.694
205.47	7.693
210.49	7.693
215.50	7.693
220.51	7.693
225.52	7.692
230.53	7.692
235.54	7.691
240.56	7.691
245.57	7.691
250.58	7.690
255.59	7.690
260.60	7.690
265.61	7.690
270.62	7.689
275.64	7.689
280.65	7.689
285.66	7.688
290.67	7.688
295.68	7.688
300.69	7.687
305.71	7.687
310.72	7.687
315.73	7.687
320.74	7.687
325.75	7.686
330.76	7.686
335.78	7.685
340.79	7.685
345.80	7.685
350.81	7.685
355.82	7.684
360.83	7.684
365.84	7.684
370.86	7.684
375.87	7.683
380.88	7.683
385.89	7.683
390.90	7.683
395.91	7.682
400.93	7.682
405.94	7.682
410.95	7.682
415.96	7.682
420.97	7.681
425.98	7.681
430.99	7.681
436.01	7.681
441.02	7.680
446.03	7.680
451.04	7.680
456.05	7.680
461.06	7.679
466.08	7.679
471.09	7.679
476.10	7.679
481.11	7.679
486.12	7.679
491.13	7.678
496.14	7.678
501.16	7.678
506.17	7.678
511.18	7.677
516.19	7.677
521.20	7.677
526.21	7.677
531.23	7.677
536.24	7.676
541.25	7.676
546.26	7.676
551.27	7.676
556.28	7.675
561.29	7.675
566.31	7.675
571.32	7.675
576.33	7.675
581.34	7.674
586.35	7.674
591.36	7.674
596.38	7.674
601.39	7.673
606.40	7.673
611.41	7.673
616.42	7.673
621.44	7.673
626.46	7.672
631.47	7.672
636.49	7.672
641.50	7.672
646.51	7.672
651.52	7.672
656.53	7.671
661.54	7.671
666.56	7.671
671.57	7.671
676.58	7.671
681.59	7.670
686.60	7.670
691.61	7.670
696.63	7.670
701.64	7.670
706.65	7.669
711.66	7.669
716.67	7.669
721.68	7.669
726.69	7.668
731.71	7.668
736.72	7.668
741.73	7.668
746.74	7.667
751.75	7.667
756.76	7.667
761.78	7.667
766.79	7.667
771.80	7.666
776.81	7.666
781.82	7.666
786.83	7.666
791.85	7.666
796.86	7.665
801.87	7.665
806.88	7.665
811.89	7.665
816.90	7.665
821.91	7.664
826.92	7.664
831.94	7.664
836.95	7.664
841.96	7.663
846.97	7.663
851.98	7.663
856.99	7.663
862.01	7.663
867.02	7.663
872.03	7.662
877.04	7.662
882.05	7.662
887.06	7.662
892.07	7.661
897.09	7.661
902.10	7.661
907.11	7.661
912.12	7.660
917.13	7.660
922.14	7.660
927.16	7.660
932.17	7.660
937.18	7.660
942.19	7.660
947.20	7.659
952.21	7.659
957.22	7.659
962.24	7.659
967.25	7.659
972.26	7.658
977.27	7.658
982.28	7.658
987.29	7.658
992.31	7.657
997.32	7.657
1002.33	7.657
1007.34	7.657
1012.35	7.657
1017.36	7.657
1022.38	7.656
1027.39	7.656
1032.40	7.656
1037.41	7.656
1042.42	7.655
1047.43	7.655
1052.44	7.655
1057.46	7.655
1062.47	7.655
1067.48	7.654
1072.49	7.654
1077.50	7.654
1082.51	7.654
1087.52	7.654
1092.54	7.654
1097.55	7.653
1102.56	7.653
1107.57	7.653
1112.58	7.653
1117.59	7.653
1122.60	7.652
1127.62	7.652
1132.63	7.652
1137.64	7.652
1142.65	7.652
1147.66	7.651
1152.67	7.651
1157.69	7.651
1162.70	7.651
1167.71	7.650
1172.72	7.650
1177.73	7.650
1182.74	7.650
1187.75	7.649
1192.76	7.649
1197.78	7.649
1202.79	7.649
1207.80	7.649
1212.81	7.649
1217.82	7.649
1222.83	7.648
1227.85	7.648
1232.86	7.648
1237.87	7.648
1242.88	7.647
1247.89	7.647
1252.90	7.647
1257.91	7.647
1262.93	7.646
1267.94	7.646
1272.95	7.646
1277.96	7.646
1282.97	7.646
1287.98	7.646
1293.00	7.645
1298.01	7.645
1303.02	7.645
1308.03	7.645
1313.04	7.645
1318.05	7.644
1323.07	7.644
1328.08	7.644
1333.09	7.644
1338.10	7.644
1343.11	7.644
1348.12	7.643
1353.13	7.643
1358.15	7.643
1363.16	7.642
1368.17	7.642
1373.18	7.642
1378.19	7.642
1383.20	7.642
1388.22	7.641
1393.23	7.641
1398.24	7.641
1403.25	7.640
1408.26	7.640
1413.27	7.641
1418.28	7.640
1423.30	7.640
1428.31	7.640
1433.32	7.639
1438.33	7.639
1443.34	7.640
1448.35	7.639
1453.37	7.639
1458.38	7.639
1463.39	7.638
1468.40	7.638
1473.41	7.638
1478.42	7.638
1483.43	7.637
1488.45	7.637
1493.46	7.637
1498.47	7.637
1503.48	7.637
1508.49	7.636
1513.50	7.636
1518.52	7.636
1523.53	7.636
1528.54	7.635
1533.55	7.635
1538.56	7.635
1543.57	7.635
1548.59	7.634
1553.60	7.634
1558.61	7.634
1563.62	7.634
1568.63	7.634
1573.64	7.634
1578.65	7.634
1583.67	7.633
1588.68	7.633
1593.69	7.633
1598.70	7.633
1603.71	7.632
1608.72	7.632
1613.74	7.632
1618.75	7.632
1623.76	7.631
1628.77	7.631
1633.78	7.631
1638.79	7.631
1643.80	7.631
1648.82	7.630
1653.83	7.630
1658.84	7.630
1663.85	7.630
1668.86	7.629
1673.87	7.629
1678.89	7.629
1683.90	7.629
1688.91	7.629
1693.92	7.628
1698.93	7.628
1703.94	7.628
1708.96	7.627
1713.97	7.627
1718.98	7.627
1723.99	7.627
1729.00	7.627
1734.01	7.626
1739.02	7.626
1744.04	7.626
1749.05	7.626
1754.06	7.625
1759.07	7.626
1764.08	7.625
1769.09	7.625
1774.10	7.625
1779.12	7.625
1784.13	7.624
1789.14	7.624
1794.15	7.624
1799.16	7.624
1804.17	7.624
1809.18	7.623
1814.20	7.623
1819.21	7.623
1824.22	7.623
1829.23	7.622
1834.24	7.622
1839.25	7.622
1844.26	7.621
1849.28	7.621
1854.29	7.621
1859.30	7.621
1864.31	7.621
1869.32	7.621
1874.33	7.620
1879.34	7.620
1884.36	7.620
1889.37	7.620
1894.38	7.620
1899.39	7.619
1904.40	7.619
1909.41	7.619
1914.42	7.619
1919.44	7.618
1924.45	7.618
1929.46	7.618
1934.47	7.617
1939.48	7.617
1944.49	7.617
1949.51	7.617
1954.52	7.617
1959.53	7.616
1964.54	7.616
1969.55	7.616
1974.56	7.616
1979.57	7.615
1984.59	7.615
1989.60	7.615
1994.61	7.615
1999.62	7.614
2004.63	7.614
2009.64	7.614
2014.66	7.614
2019.67	7.614
2024.68	7.613
2029.69	7.613
2034.70	7.613
2039.71	7.613
2044.72	7.612
2049.74	7.612
2054.75	7.612
2059.76	7.612
2064.77	7.612
2069.78	7.611
2074.79	7.611
2079.81	7.611
2084.82	7.611
2089.83	7.610
2094.84	7.610
2099.85	7.610
2104.86	7.610
2109.87	7.610
2114.89	7.609
2119.90	7.609
2124.91	7.609
2129.92	7.609
2134.93	7.608
2139.94	7.608
2144.95	7.608
2149.97	7.608
2154.98	7.607
2159.99	7.607
2165.00	7.607
2170.01	7.607
2175.02	7.607
2180.04	7.606
2185.05	7.606
2190.06	7.606
2195.07	7.605
2200.08	7.605
2205.09	7.605
2210.10	7.605
2215.11	7.605
2220.12	7.604
2225.14	7.604
2230.15	7.604
2235.16	7.603
2240.17	7.603
2245.18	7.603
2250.19	7.603
2255.21	7.603
2260.23	7.602
2265.25	7.602
2270.26	7.602
2275.27	7.602
2280.29	7.602
2285.30	7.601
2290.31	7.601
2295.32	7.601
2300.33	7.601
2305.34	7.600
2310.35	7.600
2315.37	7.600
2320.38	7.599
2325.39	7.599
2330.40	7.599
2335.41	7.599
2340.42	7.599
2345.43	7.598
2350.45	7.598
2355.46	7.598
2360.47	7.597
2365.48	7.597
2370.49	7.597
2375.50	7.597
2380.52	7.597
2385.53	7.596
2390.54	7.596
2395.55	7.596
2400.56	7.596
2405.57	7.595
2410.58	7.595
2415.60	7.595
2420.61	7.595
2425.62	7.594
2430.63	7.594
2435.64	7.594
2440.65	7.594
2445.66	7.593
2450.68	7.593
2455.69	7.593
2460.70	7.593
2465.71	7.592
2470.72	7.592
2475.73	7.592
2480.75	7.592
2485.76	7.591
2490.77	7.591
2495.78	7.591
2500.79	7.590
2505.80	7.590
2510.82	7.590
2515.83	7.590
2520.84	7.590
2525.85	7.589
2530.86	7.589
2535.87	7.589
2540.89	7.589
2545.90	7.588
2550.91	7.588
2555.92	7.588
2560.93	7.588
2565.94	7.587
2570.95	7.587
2575.97	7.587
2580.98	7.587
2585.99	7.587
2591.00	7.586
2596.01	7.586
2601.02	7.586
2606.04	7.585
2611.05	7.585
2616.06	7.585
2621.07	7.585
2626.08	7.584
2631.09	7.584
2636.11	7.584
2641.12	7.584
2646.13	7.583
2651.14	7.583
2656.15	7.583
2661.16	7.583
2666.17	7.582
2671.18	7.582
2676.20	7.582
2681.21	7.581
2686.22	7.581
2691.23	7.581
2696.24	7.581
2701.25	7.580
2706.27	7.580
2711.28	7.580
2716.29	7.580
2721.30	7.580
2726.31	7.579
2731.32	7.579
2736.34	7.579
2741.35	7.578
2746.36	7.578
2751.37	7.578
2756.38	7.577
2761.39	7.577
2766.40	7.577
2771.42	7.577
2776.43	7.577
2781.44	7.577
2786.45	7.576
2791.46	7.576
2796.47	7.576
2801.49	7.576
2806.50	7.575
2811.51	7.575
2816.52	7.575
2821.53	7.575
2826.54	7.574
2831.55	7.574
2836.57	7.574
2841.58	7.574
2846.59	7.573
2851.60	7.573
2856.61	7.573
2861.62	7.572
2866.63	7.572
2871.65	7.572
2876.66	7.572
2881.67	7.571
2886.68	7.571
2891.69	7.571
2896.70	7.570
2901.72	7.570
2906.73	7.570
2911.74	7.570
2916.75	7.570
2921.76	7.569
2926.77	7.569
2931.78	7.569
2936.80	7.568
2941.81	7.568
2946.82	7.568
2951.83	7.568
2956.84	7.568
2961.85	7.567
2966.87	7.567
2971.88	7.566
2976.89	7.566
2981.91	7.566
2986.92	7.566
2991.93	7.565
2996.94	7.565
3001.95	7.565
3006.96	7.565
3011.98	7.565
3016.99	7.564
3022.00	7.564
3027.01	7.564
3032.02	7.563
3037.03	7.563
3042.05	7.563
3047.06	7.563
3052.07	7.563
3057.08	7.562
3062.09	7.562
3067.10	7.562
3072.11	7.562
3077.13	7.561
3082.14	7.561
3087.15	7.561
3092.16	7.560
3097.17	7.560
3102.18	7.560
3107.19	7.559
3112.21	7.559
3117.22	7.559
3122.23	7.558
3127.24	7.558
3132.25	7.558
3137.26	7.558
3142.28	7.558
3147.29	7.557
3152.30	7.557
3157.31	7.557
3162.32	7.556
3167.33	7.556
3172.35	7.556
3177.36	7.556
3182.37	7.555
3187.38	7.555
3192.39	7.555
3197.40	7.555
3202.42	7.554
3207.43	7.554
3212.44	7.554
3217.45	7.554
3222.46	7.553
3227.47	7.553
3232.48	7.553
3237.50	7.553
3242.51	7.552
3247.52	7.552
3252.53	7.552
3257.54	7.551
3262.55	7.551
3267.57	7.551
3272.58	7.551
3277.59	7.550
3282.60	7.550
3287.61	7.550
3292.62	7.550
3297.64	7.549
3302.65	7.549
3307.66	7.549
3312.67	7.548
3317.68	7.548
3322.69	7.548
3327.70	7.547
3332.72	7.547
3337.73	7.547
3342.74	7.547
3347.75	7.547
3352.76	7.546
3357.77	7.546
3362.78	7.546
3367.80	7.545
3372.81	7.545
3377.82	7.545
3382.83	7.544
3387.84	7.544
3392.85	7.544
3397.87	7.544
3402.88	7.544
3407.89	7.543
3412.90	7.543
3417.91	7.543
3422.92	7.543
3427.93	7.542
3432.95	7.542
3437.96	7.542
3442.97	7.541
3447.98	7.541
3452.99	7.541
3458.01	7.541
3463.02	7.540
3468.03	7.540
3473.04	7.540
3478.05	7.540
3483.07	7.539
3488.08	7.539
3493.09	7.539
3498.10	7.538
3503.11	7.538
3508.12	7.538
3513.14	7.538
3518.15	7.538
3523.16	7.538
3528.17	7.537
3533.18	7.537
3538.19	7.536
3543.20	7.536
3548.22	7.536
3553.23	7.536
3558.24	7.535
3563.25	7.535
3568.26	7.535
3573.27	7.534
3578.29	7.534
3583.30	7.534
3588.31	7.534
3593.32	7.533
3598.33	7.533
3603.34	7.532
3608.35	7.532
3613.37	7.532
3618.38	7.532
3623.39	7.532
3628.40	7.531
3633.41	7.531
3638.42	7.531
3643.44	7.530
3648.45	7.530
3653.46	7.530
3658.47	7.530
3663.48	7.529
3668.49	7.529
3673.51	7.529
3678.52	7.529
3683.53	7.528
3688.54	7.528
3693.55	7.528
3698.56	7.527
3703.57	7.527
3708.59	7.527
3713.60	7.527
3718.61	7.526
3723.62	7.526
3728.63	7.525
3733.64	7.525
3738.66	7.525
3743.67	7.525
3748.68	7.524
3753.69	7.524
3758.70	7.524
3763.71	7.523
3768.72	7.523
3773.74	7.523
3778.75	7.523
3783.76	7.522
3788.77	7.522
3793.78	7.522
3798.79	7.522
3803.81	7.521
3808.82	7.521
3813.83	7.521
3818.84	7.521
3823.85	7.520
3828.86	7.520
3833.87	7.519
3838.89	7.519
3843.90	7.519
3848.91	7.519
3853.92	7.518
3858.93	7.518
3863.94	7.518
3868.96	7.518
3873.97	7.517
3878.98	7.517
3883.99	7.517
3889.00	7.516
3894.01	7.516
3899.02	7.516
3904.04	7.516
3909.05	7.515
3914.06	7.515
3919.07	7.515
3924.08	7.514
3929.09	7.514
3934.10	7.514
3939.12	7.514
3944.13	7.513
3949.14	7.513
3954.16	7.513
3959.17	7.512
3964.18	7.512
3969.19	7.512
3974.21	7.511
3979.22	7.511
3984.23	7.511
3989.24	7.511
3994.25	7.510
3999.27	7.510
4004.28	7.510
4009.29	7.510
4014.30	7.509
4019.31	7.509
4024.32	7.509
4029.34	7.509
4034.35	7.508
4039.36	7.508
4044.37	7.508
4049.38	7.508
4054.39	7.507
4059.41	7.507
4064.42	7.507
4069.43	7.507
4074.44	7.506
4079.45	7.506
4084.46	7.505
4089.47	7.505
4094.49	7.505
4099.50	7.504
4104.51	7.504
4109.52	7.504
4114.53	7.504
4119.54	7.503
4124.56	7.503
4129.57	7.503
4134.58	7.503
4139.59	7.502
4144.60	7.502
4149.61	7.502
4154.63	7.501
4159.64	7.501
4164.65	7.501
4169.66	7.500
4174.67	7.500
4179.68	7.500
4184.69	7.500
4189.70	7.499
4194.72	7.499
4199.73	7.499
4204.74	7.498
4209.75	7.498
4214.76	7.498
4219.77	7.498
4224.79	7.497
4229.80	7.497
4234.81	7.497
4239.82	7.497
4244.83	7.496
4249.84	7.496
4254.85	7.496
4259.87	7.495
4264.88	7.495
4269.89	7.494
4274.90	7.494
4279.91	7.494
4284.92	7.494
4289.94	7.493
4294.95	7.493
4299.97	7.493
4304.98	7.493
4310.00	7.492
4315.01	7.492
4320.03	7.492
4325.04	7.491
4330.05	7.491
4335.06	7.491
4340.08	7.491
4345.09	7.490
4350.10	7.490
4355.11	7.490
4360.12	7.489
4365.13	7.489
4370.14	7.489
4375.16	7.489
4380.17	7.488
4385.19	7.488
4390.20	7.488
4395.21	7.488
4400.23	7.487
4405.24	7.487
4410.25	7.486
4415.27	7.486
4420.28	7.486
4425.29	7.486
4430.31	7.486
4435.32	7.485
4440.33	7.485
4445.34	7.485
4450.35	7.485
4455.37	7.484
4460.39	7.484
4465.40	7.484
4470.41	7.483
4475.43	7.483
4480.44	7.483
4485.45	7.483
4490.46	7.482
4495.48	7.482
4500.49	7.482
4505.50	7.481
4510.51	7.481
4515.53	7.481
4520.55	7.481
4525.56	7.481
4530.57	7.480
4535.59	7.480
4540.60	7.479
4545.61	7.479
4550.62	7.479
4555.63	7.479
4560.65	7.478
4565.66	7.478
4570.67	7.478
4575.68	7.478
4580.69	7.477
4585.70	7.477
4590.72	7.477
4595.73	7.477
4600.74	7.476
4605.75	7.476
4610.76	7.476
4615.77	7.475
4620.78	7.475
4625.80	7.475
4630.81	7.475
4635.82	7.474
4640.83	7.474
4645.84	7.473
4650.85	7.473
4655.87	7.473
4660.88	7.473
4665.89	7.473
4670.90	7.473
4675.92	7.472
4680.93	7.472
4685.94	7.471
4690.95	7.471
4695.96	7.471
4700.97	7.471
4705.99	7.471
4711.00	7.470
4716.01	7.470
4721.02	7.470
4726.03	7.470
4731.04	7.469
4736.06	7.469
4741.07	7.469
4746.08	7.469
4751.09	7.468
4756.10	7.468
4761.11	7.468
4766.13	7.468
4771.14	7.467
4776.15	7.467
4781.16	7.467
4786.17	7.466
4791.18	7.466
4796.19	7.466
4801.21	7.466
4806.22	7.465
4811.23	7.465
4816.24	7.465
4821.25	7.465
4826.26	7.464
4831.28	7.464
4836.29	7.464
4841.30	7.464
4846.31	7.464
4851.32	7.463
4856.34	7.463
4861.35	7.463
4866.36	7.463
4871.37	7.463
4876.38	7.462
4881.39	7.462
4886.41	7.462
4891.42	7.461
4896.43	7.461
4901.44	7.461
4906.45	7.461
4911.46	7.461
4916.47	7.460
4921.49	7.460
4926.50	7.460
4931.51	7.459
4936.52	7.459
4941.53	7.459
4946.55	7.459
4951.57	7.459
4956.58	7.458
4961.60	7.458
4966.61	7.458
4971.62	7.458
4976.63	7.458
4981.65	7.457
4986.66	7.457
4991.67	7.457
4996.68	7.457
5001.69	7.456
5006.70	7.456
5011.72	7.456
5016.73	7.456
5021.74	7.455
5026.75	7.455
5031.77	7.455
5036.78	7.455
5041.79	7.454
5046.80	7.454
5051.81	7.454
5056.82	7.454
5061.84	7.454
5066.85	7.453
5071.86	7.453
5076.87	7.453
5081.88	7.453
5086.89	7.453
5091.90	7.453
5096.91	7.453
5101.93	7.452
5106.94	7.452
5111.95	7.452
5116.96	7.451
5121.97	7.451
5126.98	7.451
5132.00	7.451
5137.01	7.451
5142.02	7.451
5147.03	7.450
5152.04	7.451
5157.05	7.450
5162.07	7.450
5167.08	7.450
5172.09	7.450
5177.10	7.449
5182.11	7.449
5187.12	7.449
5192.13	7.448
5197.15	7.448
5202.16	7.448
5207.17	7.448
5212.18	7.448
5217.19	7.448
5222.20	7.447
5227.21	7.447
5232.23	7.447
5237.24	7.447
5242.25	7.447
5247.26	7.447
5252.27	7.446
5257.28	7.446
5262.29	7.446
5267.30	7.446
5272.32	7.445
5277.33	7.445
5282.34	7.445
5287.35	7.445
5292.36	7.445
5297.37	7.445
5302.39	7.444
5307.40	7.444
5312.41	7.444
5317.42	7.444
5322.43	7.444
5327.44	7.443
5332.46	7.443
5337.47	7.443
5342.48	7.443
5347.49	7.443
5352.50	7.442
5357.51	7.442
5362.52	7.442
5367.54	7.442
5372.55	7.442
5377.56	7.441
5382.57	7.441
5387.58	7.441
5392.59	7.441
5397.60	7.441
5402.62	7.441
5407.63	7.440
5412.64	7.440
5417.65	7.440
5422.66	7.440
5427.67	7.439
5432.68	7.439
5437.70	7.439
5442.71	7.439
5447.72	7.439
5452.73	7.438
5457.74	7.438
5462.75	7.438
5467.77	7.438
5472.78	7.438
5477.79	7.438
5482.80	7.437
5487.81	7.437
5492.82	7.437
5497.83	7.437
5502.85	7.437
5507.86	7.437
5512.87	7.437
5517.88	7.437
5522.89	7.436
5527.90	7.436
5532.92	7.435
5537.93	7.435
5542.94	7.435
5547.95	7.435
5552.96	7.435
5557.97	7.435
5562.98	7.434
5568.00	7.434
5573.01	7.434
5578.02	7.434
5583.03	7.434
5588.04	7.433
5593.05	7.433
5598.07	7.433
5603.08	7.433
5608.09	7.433
5613.10	7.433
5618.11	7.433
5623.12	7.433
5628.13	7.432
5633.15	7.432
5638.16	7.432
5643.17	7.432
5648.18	7.432
5653.19	7.431
5658.20	7.431
5663.22	7.431
5668.24	7.431
5673.25	7.431
5678.26	7.431
5683.28	7.431
5688.30	7.430
5693.31	7.430
5698.33	7.430
5703.34	7.430
5708.35	7.429
5713.36	7.430
5718.38	7.429
5723.39	7.429
5728.40	7.429
5733.41	7.429
5738.43	7.429
5743.44	7.429
5748.45	7.428
5753.46	7.428
5758.47	7.428
5763.48	7.428
5768.50	7.428
5773.51	7.428
5778.52	7.428
5783.53	7.428
5788.55	7.428
5793.57	7.427
5798.58	7.427
5803.60	7.427
5808.61	7.427
5813.62	7.426
5818.64	7.426
5823.65	7.426
5828.66	7.426
5833.67	7.426
5838.68	7.426
5843.69	7.426
5848.71	7.425
5853.72	7.425
5858.73	7.425
5863.74	7.425
5868.75	7.425
5873.76	7.425
5878.78	7.425
5883.79	7.425
5888.80	7.424
5893.81	7.424
5898.82	7.424
5903.83	7.424
5908.85	7.423
5913.86	7.423
5918.87	7.423
5923.88	7.423
5928.89	7.423
5933.90	7.423
5938.91	7.423
5943.93	7.422
5948.94	7.422
5953.95	7.422
5958.96	7.422
5963.97	7.422
5968.98	7.422
5974.00	7.422
5979.01	7.422
5984.02	7.422
5989.03	7.421
5994.04	7.421
5999.05	7.421
6004.06	7.421
6009.08	7.421
6014.09	7.421
6019.10	7.421
6024.11	7.421
6029.12	7.420
6034.13	7.420
6039.14	7.420
6044.16	7.419
6049.17	7.419
6054.18	7.419
6059.19	7.419
6064.20	7.419
6069.21	7.419
6074.23	7.419
6079.24	7.419
6084.25	7.419
6089.26	7.419
6094.27	7.418
6099.28	7.418
6104.30	7.418
6109.31	7.418
6114.32	7.418
6119.33	7.418
6124.34	7.418
6129.35	7.417
6134.36	7.417
6139.38	7.417
6144.39	7.417
6149.40	7.417
6154.41	7.417
6159.42	7.416
6164.43	7.416
6169.45	7.416
6174.46	7.416
6179.48	7.416
6184.49	7.416
6189.51	7.416
6194.52	7.416
6199.53	7.416
6204.54	7.416
6209.56	7.416
6214.57	7.416
6219.58	7.415
6224.59	7.415
6229.60	7.415
6234.62	7.415
6239.63	7.414
6244.64	7.415
6249.65	7.414
6254.66	7.414
6259.67	7.414
6264.68	7.414
6269.70	7.414
6274.71	7.414
6279.72	7.413
6284.73	7.413
6289.74	7.413
6294.75	7.413
6299.77	7.413
6304.78	7.413
6309.79	7.413
6314.80	7.412
6319.81	7.412
6324.82	7.412
6329.83	7.412
6334.85	7.412
6339.86	7.411
6344.87	7.411
6349.88	7.411
6354.89	7.411
6359.90	7.411
6364.92	7.411
6369.93	7.410
6374.94	7.411
6379.95	7.411
6384.96	7.410
6389.97	7.410
6394.98	7.410
6400.00	7.410
6405.01	7.410
6410.02	7.410
6415.03	7.410
6420.04	7.410
6425.05	7.409
6430.06	7.409
6435.08	7.409
6440.09	7.409
6445.10	7.409
6450.11	7.409
6455.12	7.409
6460.13	7.409
6465.15	7.409
6470.16	7.409
6475.17	7.408
6480.18	7.408
6485.19	7.408
6490.20	7.408
6495.21	7.408
6500.23	7.408
6505.24	7.408
6510.25	7.407
6515.26	7.408
6520.27	7.407
6525.28	7.407
6530.29	7.407
6535.31	7.407
6540.32	7.407
6545.33	7.407
6550.34	7.407
6555.35	7.406
6560.36	7.406
6565.38	7.406
6570.39	7.406
6575.40	7.406
6580.42	7.406
6585.43	7.406
6590.44	7.406
6595.46	7.405
6600.47	7.405
6605.49	7.405
6610.50	7.405
6615.51	7.405
6620.52	7.405
6625.53	7.405
6630.54	7.405
6635.56	7.405
6640.57	7.405
6645.58	7.404
6650.59	7.404
6655.60	7.404
6660.61	7.404
6665.63	7.404
6670.64	7.404
6675.65	7.403
6680.66	7.403
6685.67	7.403
6690.68	7.403
6695.69	7.403
6700.71	7.404
6705.72	7.403
6710.73	7.403
6715.74	7.402
6720.75	7.402
6725.76	7.402
6730.78	7.402
6735.79	7.402
6740.80	7.401
6745.81	7.402
6750.82	7.401
6755.83	7.401
6760.84	7.401
6765.85	7.401
6770.87	7.401
6775.88	7.401
6780.89	7.401
6785.90	7.401
6790.91	7.401
6795.92	7.401
6800.94	7.401
6805.95	7.401
6810.96	7.400
6815.97	7.400
6820.98	7.400
6825.99	7.400
6831.01	7.400
6836.02	7.400
6841.03	7.400
6846.04	7.400
6851.05	7.400
6856.06	7.399
6861.08	7.399
6866.09	7.399
6871.10	7.399
6876.11	7.399
6881.12	7.398
6886.13	7.398
6891.15	7.398
6896.16	7.398
6901.17	7.398
6906.18	7.398
6911.19	7.398
6916.20	7.398
6921.21	7.397
6926.23	7.397
6931.24	7.397
6936.25	7.397
6941.26	7.397
6946.27	7.397
6951.28	7.397
6956.30	7.397
6961.31	7.397
6966.32	7.397
6971.33	7.397
6976.34	7.396
6981.35	7.396
6986.36	7.396
6991.38	7.396
6996.39	7.396
7001.40	7.396
7006.41	7.396
7011.42	7.395
7016.43	7.395
7021.45	7.395
7026.46	7.395
7031.47	7.395
7036.48	7.395
7041.49	7.395
7046.50	7.395
7051.51	7.394
7056.53	7.394
7061.54	7.394
7066.55	7.394
7071.56	7.394
7076.57	7.394
7081.58	7.394
7086.60	7.394
7091.61	7.394
7096.62	7.394
7101.63	7.393
7106.64	7.393
7111.65	7.393
7116.67	7.393
7121.68	7.393
7126.69	7.393
7131.70	7.393
7136.71	7.393
7141.72	7.393
7146.74	7.392
7151.75	7.392
7156.76	7.392
7161.77	7.392
7166.78	7.392
7171.79	7.392
7176.80	7.392
7181.82	7.391
7186.83	7.391
7191.84	7.391
7196.85	7.391
7201.86	7.391
7206.87	7.391
7211.89	7.391
7216.90	7.391
7221.91	7.391
7226.92	7.391
7231.93	7.391
7236.94	7.391
7241.95	7.391
7246.97	7.390
7251.98	7.390
7256.99	7.390
7262.00	7.390
7267.01	7.390
7272.02	7.390
7277.04	7.389
7282.05	7.389
7287.06	7.389
7292.07	7.389
7297.08	7.389
7302.09	7.389
7307.11	7.389
7312.12	7.389
7317.13	7.388
7322.14	7.388
7327.15	7.388
7332.16	7.388
7337.17	7.388
7342.18	7.388
7347.20	7.388
7352.21	7.388
7357.22	7.388
7362.23	7.388
7367.24	7.387
7372.25	7.387
7377.27	7.387
7382.28	7.387
7387.29	7.387
7392.30	7.387
7397.31	7.387
7402.32	7.386
7407.33	7.387
7412.35	7.387
7417.36	7.386
7422.37	7.386
7427.38	7.386
7432.39	7.386
7437.40	7.386
7442.42	7.386
7447.43	7.386
7452.44	7.385
7457.45	7.385
7462.46	7.385
7467.47	7.385
7472.48	7.385
7477.50	7.385
7482.51	7.385
7487.52	7.385
7492.53	7.385
7497.54	7.384
7502.55	7.384
7507.57	7.384
7512.58	7.384
7517.59	7.384
7522.60	7.384
7527.61	7.384
7532.62	7.384
7537.63	7.383
7542.65	7.383
7547.66	7.383
7552.67	7.383
7557.68	7.383
7562.69	7.383
7567.70	7.383
7572.72	7.383
7577.73	7.382
7582.74	7.382
7587.75	7.382
7592.76	7.382
7597.77	7.382
7602.79	7.382
7607.80	7.382
7612.81	7.382
7617.82	7.381
7622.83	7.381
7627.84	7.381
7632.86	7.381
7637.87	7.381
7642.88	7.381
7647.89	7.381
7652.90	7.380
7657.91	7.380
7662.92	7.380
7667.94	7.380
7672.95	7.380
7677.96	7.380
7682.97	7.380
7687.98	7.380
7692.99	7.380
7698.01	7.380
7703.02	7.380
7708.03	7.379
7713.04	7.379
7718.05	7.379
7723.06	7.379
7728.08	7.379
7733.09	7.379
7738.10	7.379
7743.11	7.378
7748.12	7.378
7753.13	7.378
7758.15	7.378
7763.16	7.378
7768.17	7.378
7773.18	7.378
7778.19	7.378
7783.20	7.378
7788.22	7.377
7793.23	7.377
7798.24	7.377
7803.25	7.377
7808.26	7.377
7813.27	7.377
7818.28	7.376
7823.30	7.376
7828.31	7.376
7833.32	7.376
7838.33	7.376
7843.34	7.376
7848.35	7.376
7853.37	7.375
7858.38	7.376
7863.39	7.375
7868.40	7.375
7873.41	7.375
7878.42	7.375
7883.44	7.375
7888.45	7.375
7893.46	7.375
7898.47	7.374
7903.48	7.374
7908.49	7.374
7913.50	7.374
7918.51	7.374
7923.53	7.374
7928.54	7.374
7933.55	7.373
7938.57	7.374
7943.58	7.373
7948.59	7.373
7953.60	7.373
7958.61	7.373
7963.63	7.373
7968.64	7.373
7973.65	7.373
7978.66	7.372
7983.67	7.372
7988.68	7.372
7993.69	7.372
7998.71	7.372
8003.72	7.371
8008.73	7.371
8013.74	7.371
8018.75	7.371
8023.76	7.371
8028.78	7.371
8033.79	7.371
8038.80	7.371
8043.81	7.371
8048.82	7.371
8053.83	7.370
8058.85	7.370
8063.86	7.370
8068.87	7.370
8073.88	7.370
8078.89	7.370
8083.90	7.369
8088.91	7.369
8093.93	7.369
8098.94	7.369
8103.95	7.369
8108.96	7.369
8113.97	7.369
8118.98	7.369
8124.00	7.368
8129.01	7.368
8134.02	7.368
8139.03	7.368
8144.04	7.368
8149.05	7.368
8154.07	7.368
8159.08	7.368
8164.09	7.368
8169.10	7.368
8174.11	7.367
8179.12	7.367
8184.13	7.367
8189.15	7.367
8194.16	7.367
8199.17	7.367
8204.19	7.367
8209.20	7.366
8214.22	7.366
8219.24	7.366
8224.25	7.366
8229.26	7.366
8234.28	7.366
8239.29	7.365
8244.30	7.365
8249.32	7.365
8254.33	7.365
8259.35	7.365
8264.37	7.365
8269.38	7.365
8274.39	7.365
8279.41	7.365
8284.42	7.364
8289.44	7.364
8294.45	7.364
8299.46	7.364
8304.47	7.364
8309.49	7.364
8314.50	7.363
8319.51	7.364
8324.52	7.364
8329.53	7.363
8334.54	7.363
8339.56	7.363
8344.57	7.363
8349.58	7.362
8354.60	7.362
8359.61	7.362
8364.62	7.362
8369.63	7.362
8374.64	7.361
8379.66	7.361
8384.67	7.361
8389.69	7.361
8394.70	7.360
8399.72	7.360
8404.73	7.360
8409.74	7.360
8414.76	7.360
8419.77	7.360
8424.79	7.360
8429.80	7.359
8434.81	7.359
8439.83	7.359
8444.85	7.359
8449.86	7.359
8454.88	7.359
8459.89	7.359
8464.90	7.359
8469.92	7.358
8474.93	7.358
8479.94	7.358
8484.95	7.358
8489.97	7.358
8494.98	7.357
8499.99	7.357
8505.00	7.357
8510.01	7.357
8515.03	7.357
8520.05	7.357
8525.06	7.356
8530.08	7.356
8535.09	7.356
8540.11	7.356
8545.12	7.356
8550.13	7.356
8555.15	7.355
8560.16	7.355
8565.18	7.355
8570.19	7.355
8575.21	7.355
8580.22	7.354
8585.23	7.354
8590.24	7.354
8595.25	7.354
8600.26	7.354
8605.28	7.354
8610.29	7.354
8615.30	7.354
8620.31	7.354
8625.32	7.353
8630.33	7.353
8635.34	7.353
8640.36	7.353
8645.37	7.353
8650.38	7.352
8655.39	7.352
8660.40	7.352
8665.41	7.352
8670.42	7.352
8675.44	7.351
8680.45	7.351
8685.46	7.351
8690.47	7.351
8695.48	7.350
8700.50	7.350
8705.51	7.350
8710.52	7.350
8715.53	7.350
8720.54	7.350
8725.55	7.350
8730.56	7.349
8735.58	7.349
8740.59	7.349
8745.60	7.349
8750.61	7.348
8755.62	7.348
8760.63	7.348
8765.64	7.348
8770.66	7.348
8775.67	7.348
8780.68	7.348
8785.69	7.347
8790.70	7.347
8795.71	7.347
8800.72	7.347
8805.74	7.346
8810.75	7.346
8815.76	7.346
8820.77	7.345
8825.78	7.346
8830.80	7.345
8835.81	7.345
8840.82	7.345
8845.83	7.345
8850.84	7.344
8855.86	7.344
8860.87	7.344
8865.88	7.343
8870.89	7.343
8875.91	7.343
8880.92	7.343
8885.94	7.343
8890.95	7.343
8895.97	7.343
8900.98	7.342
8905.99	7.342
8911.01	7.342
8916.02	7.342
8921.04	7.341
8926.05	7.341
8931.07	7.341
8936.08	7.341
8941.09	7.340
8946.10	7.340
8951.12	7.340
8956.13	7.340
8961.14	7.340
8966.15	7.339
8971.16	7.339
8976.17	7.339
8981.18	7.338
8986.20	7.338
8991.21	7.338
8996.22	7.337
9001.23	7.337
9006.24	7.337
9011.25	7.337
9016.27	7.337
9021.28	7.337
9026.29	7.336
9031.30	7.336
9036.31	7.336
9041.32	7.336
9046.33	7.335
9051.35	7.335
9056.36	7.335
9061.37	7.334
9066.38	7.334
9071.39	7.334
9076.40	7.334
9081.42	7.334
9086.43	7.334
9091.44	7.333
9096.45	7.333
9101.46	7.333
9106.47	7.332
9111.48	7.332
9116.50	7.332
9121.51	7.332
9126.52	7.331
9131.53	7.331
9136.54	7.331
9141.55	7.330
9146.57	7.330
9151.58	7.330
9156.59	7.330
9161.60	7.329
9166.61	7.329
9171.62	7.329
9176.63	7.329
9181.65	7.328
9186.66	7.328
9191.67	7.328
9196.68	7.328
9201.69	7.327
9206.70	7.327
9211.72	7.326
9216.74	7.326
9221.75	7.326
9226.77	7.326
9231.78	7.325
9236.80	7.325
9241.81	7.324
9246.83	7.324
9251.84	7.324
9256.86	7.324
9261.87	7.324
9266.88	7.323
9271.89	7.323
9276.90	7.322
9281.91	7.322
9286.92	7.322
9291.94	7.321
9296.95	7.321
9301.97	7.321
9306.98	7.321
9312.00	7.320
9317.01	7.320
9322.03	7.320
9327.04	7.319
9332.05	7.319
9337.07	7.319
9342.08	7.318
9347.09	7.318
9352.10	7.317
9357.11	7.317
9362.12	7.317
9367.14	7.317
9372.15	7.317
9377.16	7.316
9382.17	7.316
9387.18	7.316
9392.19	7.315
9397.20	7.314
9402.22	7.314
9407.23	7.314
9412.24	7.313
9417.25	7.313
9422.26	7.312
9427.27	7.312
9432.29	7.311
9437.30	7.311
9442.31	7.311
9447.32	7.310
9452.33	7.310
9457.34	7.310
9462.35	7.309
9467.37	7.309
9472.38	7.309
9477.39	7.308
9482.40	7.308
9487.42	7.308
9492.43	7.307
9497.44	7.307
9502.45	7.306
9507.46	7.306
9512.47	7.305
9517.49	7.305
9522.50	7.305
9527.51	7.304
9532.52	7.304
9537.53	7.303
9542.54	7.303
9547.56	7.302
9552.57	7.302
9557.58	7.302
9562.59	7.301
9567.60	7.301
9572.61	7.300
9577.62	7.300
9582.64	7.300
9587.65	7.299
9592.66	7.299
9597.67	7.298
9602.68	7.298
9607.69	7.298
9612.71	7.297
9617.72	7.297
9622.73	7.296
9627.74	7.296
9632.77	7.295
9637.78	7.295
9642.80	7.294
9647.81	7.294
9652.82	7.293
9657.84	7.293
9662.85	7.292
9667.87	7.292
9672.88	7.291
9677.90	7.291
9682.91	7.290
9687.92	7.290
9692.93	7.289
9697.95	7.289
9702.96	7.289
9707.97	7.288
9712.98	7.288
9717.99	7.287
9723.00	7.287
9728.02	7.286
9733.03	7.286
9738.04	7.285
9743.05	7.285
9748.06	7.284
9753.07	7.284
9758.08	7.283
9763.10	7.283
9768.11	7.282
9773.12	7.282
9778.13	7.281
9783.14	7.281
9788.15	7.280
9793.16	7.280
9798.18	7.279
9803.19	7.279
9808.20	7.279
9813.21	7.278
9818.23	7.277
9823.24	7.277
9828.25	7.276
9833.27	7.276
9838.28	7.275
9843.30	7.275
9848.31	7.274
9853.32	7.273
9858.33	7.273
9863.34	7.272
9868.35	7.272
9873.37	7.271
9878.38	7.271
9883.39	7.270
9888.40	7.270
9893.41	7.269
9898.42	7.269
9903.44	7.268
9908.45	7.267
9913.46	7.267
9918.47	7.266
9923.48	7.266
9928.49	7.265
9933.50	7.265
9938.52	7.264
9943.53	7.263
9948.54	7.263
9953.55	7.262
9958.56	7.261
9963.57	7.261
9968.59	7.260
9973.60	7.260
9978.61	7.259
9983.62	7.259
9988.63	7.258
9993.64	7.257
9998.66	7.257
10003.67	7.256
10008.68	7.256
10013.69	7.255
10018.70	7.254
10023.71	7.254
10028.72	7.253
10033.74	7.253
10038.75	7.252
10043.76	7.251
10048.77	7.250
10053.78	7.250
10058.79	7.249
10063.81	7.249
10068.82	7.248
10073.83	7.247
10078.84	7.247
10083.85	7.246
10088.86	7.246
10093.87	7.245
10098.89	7.244
10103.90	7.243
10108.91	7.243
10113.92	7.242
10118.93	7.241
10123.94	7.241
10128.95	7.240
10133.97	7.240
10138.98	7.239
10143.99	7.238
10149.00	7.238
10154.01	7.237
10159.02	7.236
10164.04	7.236
10169.05	7.235
10174.06	7.234
10179.07	7.234
10184.08	7.233
10189.09	7.232
10194.10	7.232
10199.12	7.231
10204.13	7.231
10209.14	7.230
10214.15	7.229
10219.16	7.228
10224.17	7.227
10229.18	7.227
10234.20	7.226
10239.21	7.225
10244.22	7.225
10249.23	7.224
10254.24	7.223
10259.25	7.222
10264.27	7.222
10269.28	7.221
10274.29	7.220
10279.30	7.219
10284.31	7.219
10289.32	7.218
10294.33	7.217
10299.35	7.217
10304.36	7.216
10309.37	7.216
10314.38	7.215
10319.39	7.214
10324.40	7.213
10329.42	7.212
10334.43	7.212
10339.44	7.211
10344.45	7.211
10349.46	7.210
10354.47	7.209
10359.49	7.208
10364.50	7.208
10369.51	7.207
10374.52	7.206
10379.53	7.205
10384.54	7.205
10389.55	7.204
10394.57	7.203
10399.58	7.203
10404.59	7.202
10409.60	7.201
10414.61	7.200
10419.62	7.200
10424.64	7.199
10429.65	7.198
10434.66	7.197
10439.67	7.196
10444.68	7.196
10449.69	7.195
10454.71	7.194
10459.72	7.194
10464.74	7.193
10469.75	7.192
10474.77	7.191
10479.78	7.191
10484.79	7.189
10489.81	7.189
10494.82	7.188
10499.84	7.187
10504.85	7.187
10509.87	7.186
10514.88	7.185
10519.90	7.184
10524.91	7.183
10529.93	7.183
10534.94	7.182
10539.95	7.181
10544.96	7.181
10549.97	7.180
10554.98	7.179
10560.00	7.178
10565.01	7.177
10570.02	7.176
10575.03	7.176
10580.04	7.175
10585.05	7.174
10590.06	7.173
10595.08	7.173
10600.09	7.172
10605.10	7.171
10610.11	7.170
10615.12	7.170
10620.13	7.169
10625.15	7.168
10630.16	7.167
10635.17	7.166
10640.18	7.165
10645.19	7.165
10650.20	7.164
10655.21	7.163
10660.23	7.162
10665.24	7.161
10670.25	7.160
10675.26	7.160
10680.27	7.159
10685.28	7.158
10690.30	7.157
10695.31	7.157
10700.32	7.156
10705.33	7.155
10710.34	7.154
10715.35	7.153
10720.36	7.153
10725.38	7.152
10730.39	7.151
10735.40	7.150
10740.41	7.149
10745.42	7.149
10750.43	7.148
10755.45	7.147
10760.46	7.146
10765.47	7.145
10770.48	7.145
10775.49	7.144
10780.50	7.143
10785.51	7.142
10790.53	7.141
10795.54	7.140
10800.55	7.139
10805.56	7.139
10810.57	7.138
10815.58	7.137
10820.59	7.136
10825.61	7.135
10830.62	7.134
10835.63	7.134
10840.64	7.133
10845.65	7.132
10850.66	7.131
10855.68	7.130
10860.69	7.129
10865.70	7.129
10870.71	7.128
10875.72	7.127
10880.73	7.126
10885.75	7.125
10890.76	7.124
10895.77	7.124
10900.78	7.122
10905.79	7.122
10910.80	7.121
10915.82	7.120
10920.83	7.119
10925.84	7.118
10930.85	7.118
10935.86	7.117
10940.87	7.116
10945.88	7.115
10950.90	7.114
10955.91	7.113
10960.92	7.113
10965.93	7.112
10970.95	7.111
10975.96	7.110
10980.97	7.109
10985.98	7.108
10990.99	7.107
10996.00	7.107
11001.02	7.106
11006.03	7.104
11011.04	7.103
11016.05	7.103
11021.06	7.102
11026.07	7.101
11031.08	7.100
11036.10	7.100
11041.11	7.098
11046.12	7.098
11051.13	7.097
11056.15	7.096
11061.16	7.095
11066.17	7.094
11071.19	7.093
11076.20	7.092
11081.21	7.091
11086.23	7.090
11091.24	7.089
11096.25	7.089
11101.26	7.088
11106.27	7.087
11111.28	7.086
11116.30	7.085
11121.31	7.084
11126.32	7.083
11131.33	7.082
11136.35	7.081
11141.36	7.081
11146.38	7.079
11151.39	7.078
11156.40	7.077
11161.42	7.076
11166.43	7.076
11171.44	7.075
11176.45	7.074
11181.46	7.073
11186.47	7.072
11191.49	7.071
11196.50	7.070
11201.51	7.069
11206.52	7.068
11211.53	7.067
11216.54	7.066
11221.55	7.066
11226.56	7.065
11231.58	7.064
11236.59	7.063
11241.60	7.062
11246.61	7.061
11251.62	7.060
11256.63	7.059
11261.64	7.058
11266.66	7.057
11271.67	7.057
11276.68	7.056
11281.69	7.055
11286.70	7.054
11291.71	7.053
11296.72	7.052
11301.74	7.051
11306.75	7.050
11311.76	7.049
11316.77	7.048
11321.78	7.047
11326.79	7.046
11331.81	7.045
11336.82	7.044
11341.83	7.043
11346.85	7.042
11351.86	7.041
11356.88	7.040
11361.89	7.040
11366.90	7.038
11371.92	7.038
11376.93	7.037
11381.95	7.035
11386.96	7.034
11391.98	7.033
11396.99	7.033
11402.01	7.032
11407.02	7.031
11412.04	7.030
11417.05	7.029
11422.06	7.028
11427.07	7.027
11432.08	7.026
11437.10	7.025
11442.11	7.024
11447.12	7.023
11452.13	7.022
11457.14	7.021
11462.16	7.020
11467.18	7.019
11472.19	7.018
11477.21	7.017
11482.22	7.016
11487.24	7.015
11492.25	7.014
11497.27	7.013
11502.28	7.012
11507.30	7.011
11512.31	7.010
11517.33	7.009
11522.34	7.008
11527.36	7.007
11532.37	7.006
11537.39	7.005
11542.40	7.004
11547.41	7.003
11552.42	7.002
11557.43	7.001
11562.44	7.000
11567.45	6.999
11572.47	6.998
11577.48	6.997
11582.49	6.996
11587.50	6.995
11592.51	6.994
11597.52	6.993
11602.54	6.992
11607.55	6.991
11612.57	6.990
11617.58	6.989
11622.60	6.988
11627.61	6.987
11632.62	6.985
11637.64	6.984
11642.65	6.984
11647.66	6.983
11652.68	6.982
11657.70	6.980
11662.71	6.979
11667.72	6.978
11672.74	6.977
11677.75	6.976
11682.76	6.975
11687.78	6.974
11692.79	6.973
11697.80	6.972
11702.82	6.971
11707.83	6.970
11712.85	6.969
11717.86	6.968
11722.87	6.967
11727.88	6.966
11732.90	6.965
11737.91	6.964
11742.92	6.963
11747.94	6.962
11752.95	6.961
11757.97	6.960
11762.98	6.959
11767.99	6.958
11773.00	6.957
11778.01	6.955
11783.02	6.954
11788.04	6.953
11793.05	6.952
11798.06	6.951
11803.07	6.950
11808.08	6.949
11813.09	6.948
11818.11	6.947
11823.12	6.946
11828.13	6.945
11833.14	6.944
11838.15	6.942
11843.16	6.941
11848.17	6.941
11853.18	6.940
11858.20	6.938
11863.21	6.937
11868.22	6.936
11873.23	6.935
11878.24	6.934
11883.25	6.933
11888.27	6.932
11893.28	6.931
11898.29	6.930
11903.30	6.928
11908.31	6.927
11913.32	6.926
11918.33	6.925
11923.35	6.924
11928.36	6.923
11933.37	6.922
11938.38	6.921
11943.39	6.919
11948.40	6.919
11953.42	6.917
11958.43	6.916
11963.44	6.915
11968.45	6.914
11973.46	6.913
11978.47	6.911
11983.49	6.910
11988.50	6.909
11993.51	6.908
11998.52	6.907
12003.53	6.906
12008.55	6.905
12013.56	6.904
12018.58	6.903
12023.59	6.901
12028.61	6.900
12033.62	6.899
12038.64	6.898
12043.65	6.897
12048.66	6.896
12053.67	6.894
12058.68	6.893
12063.70	6.892
12068.71	6.891
12073.72	6.890
12078.73	6.889
12083.74	6.888
12088.75	6.887
12093.76	6.886
12098.78	6.885
12103.79	6.884
12108.80	6.882
12113.81	6.881
12118.82	6.880
12123.83	6.879
12128.84	6.877
12133.86	6.876
12138.87	6.875
12143.88	6.874
12148.89	6.873
12153.90	6.872
12158.91	6.870
12163.92	6.869
12168.94	6.868
12173.95	6.867
12178.96	6.866
12183.97	6.865
12188.98	6.863
12193.99	6.862
12199.01	6.861
12204.02	6.860
12209.03	6.859
12214.04	6.857
12219.05	6.856
12224.06	6.855
12229.08	6.854
12234.09	6.852
12239.10	6.851
12244.11	6.850
12249.12	6.849
12254.13	6.847
12259.15	6.846
12264.16	6.845
12269.17	6.844
12274.18	6.843
12279.20	6.842
12284.21	6.840
12289.23	6.839
12294.24	6.838
12299.25	6.837
12304.26	6.836
12309.27	6.834
12314.28	6.833
12319.30	6.832
12324.31	6.830
12329.32	6.829
12334.33	6.828
12339.34	6.826
12344.36	6.825
12349.37	6.824
12354.38	6.823
12359.39	6.822
12364.40	6.821
12369.41	6.819
12374.42	6.818
12379.44	6.817
12384.45	6.815
12389.46	6.814
12394.47	6.813
12399.48	6.812
12404.49	6.810
12409.51	6.809
12414.52	6.808
12419.53	6.806
12424.54	6.805
12429.55	6.804
12434.56	6.803
12439.58	6.802
12444.59	6.800
12449.60	6.799
12454.61	6.798
12459.62	6.796
12464.63	6.795
12469.64	6.794
12474.66	6.793
12479.67	6.791
12484.68	6.790
12489.69	6.789
12494.71	6.787
12499.72	6.786
12504.74	6.785
12509.75	6.783
12514.76	6.782
12519.77	6.781
12524.78	6.780
12529.79	6.778
12534.81	6.777
12539.82	6.775
12544.83	6.774
12549.84	6.773
12554.85	6.772
12559.86	6.770
12564.88	6.769
12569.89	6.768
12574.90	6.766
12579.91	6.765
12584.93	6.764
12589.94	6.763
12594.95	6.761
12599.96	6.760
12604.97	6.758
12609.98	6.757
12615.00	6.756
12620.01	6.754
12625.02	6.753
12630.03	6.751
12635.04	6.750
12640.05	6.749
12645.07	6.748
12650.08	6.746
12655.09	6.745
12660.10	6.743
12665.11	6.742
12670.12	6.741
12675.13	6.739
12680.15	6.738
12685.16	6.737
12690.17	6.736
12695.18	6.734
12700.19	6.733
12705.21	6.731
12710.22	6.730
12715.23	6.729
12720.24	6.727
12725.25	6.726
12730.26	6.725
12735.28	6.723
12740.29	6.722
12745.30	6.720
12750.31	6.719
12755.32	6.717
12760.33	6.716
12765.35	6.715
12770.36	6.713
12775.37	6.712
12780.38	6.710
12785.39	6.709
12790.40	6.707
12795.41	6.706
12800.42	6.705
12805.44	6.703
12810.45	6.702
12815.46	6.701
12820.47	6.699
12825.48	6.698
12830.49	6.696
12835.51	6.695
12840.52	6.694
12845.53	6.692
12850.54	6.690
12855.55	6.689
12860.56	6.687
12865.58	6.686
12870.59	6.684
12875.60	6.683
12880.61	6.682
12885.62	6.680
12890.64	6.679
12895.65	6.677
12900.66	6.676
12905.67	6.674
12910.68	6.673
12915.70	6.671
12920.71	6.670
12925.72	6.668
12930.73	6.667
12935.74	6.665
12940.75	6.664
12945.77	6.662
12950.78	6.661
12955.79	6.659
12960.80	6.658
12965.81	6.657
12970.82	6.655
12975.84	6.654
12980.85	6.652
12985.86	6.651
12990.87	6.649
12995.88	6.648
13000.89	6.646
13005.90	6.645
13010.91	6.643
13015.93	6.642
13020.94	6.640
13025.95	6.639
13030.96	6.637
13035.97	6.635
13040.98	6.634
13046.00	6.633
13051.01	6.631
13056.02	6.630
13061.03	6.628
13066.04	6.626
13071.05	6.625
13076.06	6.624
13081.08	6.622
13086.09	6.621
13091.10	6.619
13096.11	6.617
13101.12	6.616
13106.13	6.614
13111.14	6.613
13116.16	6.611
13121.17	6.609
13126.18	6.608
13131.19	6.606
13136.20	6.605
13141.21	6.603
13146.23	6.602
13151.24	6.600
13156.25	6.599
13161.26	6.597
13166.27	6.595
13171.28	6.594
13176.30	6.592
13181.31	6.591
13186.32	6.589
13191.33	6.588
13196.34	6.586
13201.35	6.584
13206.36	6.583
13211.38	6.581
13216.39	6.579
13221.40	6.578
13226.41	6.576
13231.42	6.575
13236.43	6.573
13241.45	6.571
13246.46	6.570
13251.47	6.568
13256.48	6.566
13261.49	6.565
13266.50	6.563
13271.52	6.562
13276.53	6.560
13281.54	6.558
13286.55	6.557
13291.56	6.555
13296.57	6.554
13301.58	6.552
13306.60	6.551
13311.61	6.549
13316.62	6.547
13321.63	6.546
13326.64	6.544
13331.65	6.542
13336.67	6.541
13341.68	6.539
13346.69	6.537
13351.70	6.536
13356.71	6.534
13361.72	6.532
13366.74	6.530
13371.75	6.529
13376.76	6.527
13381.77	6.526
13386.78	6.524
13391.79	6.522
13396.80	6.521
13401.82	6.519
13406.83	6.517
13411.84	6.515
13416.85	6.513
13421.86	6.512
13426.87	6.510
13431.88	6.509
13436.90	6.507
13441.91	6.505
13446.92	6.503
13451.93	6.502
13456.94	6.500
13461.96	6.498
13466.97	6.496
13471.98	6.495
13476.99	6.493
13482.00	6.491
13487.01	6.490
13492.03	6.488
13497.04	6.486
13502.05	6.484
13507.06	6.483
13512.07	6.481
13517.08	6.479
13522.10	6.477
13527.11	6.476
13532.12	6.474
13537.13	6.472
13542.14	6.470
13547.15	6.469
13552.17	6.467
13557.18	6.465
13562.19	6.463
13567.20	6.461
13572.21	6.460
13577.22	6.458
13582.23	6.456
13587.25	6.454
13592.26	6.452
13597.27	6.451
13602.28	6.449
13607.29	6.447
13612.30	6.445
13617.31	6.444
13622.33	6.442
13627.34	6.440
13632.35	6.438
13637.36	6.436
13642.37	6.434
13647.38	6.432
13652.40	6.430
13657.41	6.429
13662.42	6.427
13667.43	6.425
13672.44	6.423
13677.45	6.421
13682.46	6.420
13687.48	6.418
13692.49	6.416
13697.50	6.414
13702.51	6.412
13707.52	6.410
13712.53	6.408
13717.55	6.407
13722.56	6.405
13727.57	6.403
13732.58	6.401
13737.59	6.399
13742.60	6.397
13747.61	6.395
13752.63	6.393
13757.64	6.391
13762.65	6.389
13767.66	6.387
13772.67	6.385
13777.68	6.383
13782.70	6.381
13787.71	6.379
13792.72	6.377
13797.73	6.376
13802.74	6.374
13807.75	6.372
13812.77	6.370
13817.78	6.368
13822.79	6.366
13827.80	6.364
13832.82	6.362
13837.83	6.359
13842.84	6.358
13847.85	6.356
13852.86	6.354
13857.87	6.352
13862.89	6.350
13867.90	6.347
13872.91	6.345
13877.92	6.343
13882.93	6.341
13887.94	6.339
13892.95	6.337
13897.97	6.335
13902.98	6.333
13907.99	6.331
13913.00	6.329
13918.01	6.327
13923.02	6.324
13928.04	6.322
13933.05	6.320
13938.06	6.318
13943.07	6.316
13948.08	6.314
13953.09	6.312
13958.10	6.310
13963.12	6.308
13968.13	6.305
13973.14	6.303
13978.15	6.301
13983.16	6.299
13988.17	6.297
13993.18	6.295
13998.20	6.292
14003.21	6.290
14008.22	6.288
14013.23	6.286
14018.25	6.284
14023.26	6.282
14028.27	6.279
14033.28	6.277
14038.29	6.275
14043.30	6.272
14048.32	6.270
14053.33	6.268
14058.34	6.266
14063.35	6.264
14068.36	6.262
14073.37	6.259
14078.39	6.257
14083.40	6.255
14088.41	6.253
14093.42	6.250
14098.43	6.248
14103.44	6.246
14108.45	6.244
14113.46	6.241
14118.48	6.239
14123.49	6.237
14128.50	6.235
14133.51	6.233
14138.52	6.230
14143.53	6.228
14148.55	6.226
14153.56	6.223
14158.57	6.221
14163.58	6.219
14168.59	6.216
14173.60	6.214
14178.62	6.212
14183.63	6.210
14188.64	6.207
14193.65	6.205
14198.66	6.203
14203.67	6.201
14208.68	6.198
14213.70	6.196
14218.71	6.193
14223.72	6.191
14228.73	6.189
14233.74	6.187
14238.75	6.184
14243.77	6.182
14248.78	6.180
14253.79	6.178
14258.80	6.175
14263.81	6.173
14268.82	6.171
14273.83	6.169
14278.85	6.166
14283.86	6.164
14288.87	6.162
14293.88	6.160
14298.89	6.157
14303.90	6.155
14308.92	6.153
14313.93	6.150
14318.94	6.148
14323.95	6.146
14328.96	6.143
14333.97	6.141
14338.99	6.139
14344.00	6.137
14349.01	6.134
14354.02	6.132
14359.03	6.130
14364.04	6.128
14369.05	6.126
14374.07	6.123
14379.08	6.121
14384.09	6.119
14389.10	6.116
14394.12	6.114
14399.13	6.112
14404.14	6.110
14409.16	6.107
14414.17	6.105
14419.18	6.103
14424.20	6.101
14429.21	6.098
14434.22	6.096
14439.23	6.094
14444.24	6.092
14449.25	6.089
14454.27	6.087
14459.28	6.085
14464.29	6.083
14469.30	6.080
14474.31	6.078
14479.32	6.076
14484.34	6.074
14489.35	6.071
14494.36	6.069
14499.37	6.067
14504.38	6.064
14509.39	6.062
14514.41	6.060
14519.42	6.058
14524.43	6.056
14529.44	6.053
14534.45	6.051
14539.46	6.049
14544.48	6.047
14549.49	6.045
14554.50	6.043
14559.51	6.040
14564.52	6.038
14569.53	6.036
14574.55	6.034
14579.56	6.032
14584.57	6.029
14589.58	6.027
14594.59	6.025
14599.60	6.023
14604.61	6.020
14609.62	6.019
14614.64	6.016
14619.65	6.014
14624.67	6.012
14629.68	6.010
14634.69	6.007
14639.70	6.005
14644.72	6.003
14649.73	6.001
14654.74	5.999
14659.75	5.997
14664.76	5.995
14669.77	5.992
14674.79	5.990
14679.80	5.988
14684.81	5.986
14689.82	5.984
14694.83	5.982
14699.84	5.980
14704.86	5.977
14709.87	5.975
14714.88	5.973
