0.00	7.918
5.01	7.913
10.03	7.913
15.04	7.913
20.05	7.912
25.06	7.913
30.07	7.912
35.08	7.912
40.10	7.912
45.11	7.912
50.12	7.912
55.13	7.912
60.14	7.704
65.15	7.719
70.17	7.722
75.18	7.724
80.19	7.725
85.20	7.727
90.21	7.727
95.22	7.727
100.24	7.728
105.25	7.728
110.26	7.728
115.27	7.727
120.28	7.727
125.29	7.726
130.31	7.726
135.32	7.726
140.33	7.725
145.34	7.725
150.35	7.724
155.36	7.724
160.37	7.723
165.39	7.723
170.40	7.723
175.41	7.723
180.42	7.723
185.43	7.722
190.44	7.722
195.46	7.722
200.47	7.721
205.48	7.721
210.49	7.720
215.50	7.720
220.51	7.720
225.52	7.719
230.54	7.719
235.55	7.719
240.56	7.719
245.57	7.718
250.58	7.718
255.59	7.718
260.61	7.717
265.62	7.717
270.63	7.717
275.64	7.717
280.65	7.716
285.66	7.716
290.68	7.715
295.69	7.715
300.70	7.715
305.71	7.714
310.72	7.714
315.73	7.714
320.75	7.713
325.76	7.713
330.77	7.713
335.78	7.713
340.79	7.712
345.80	7.712
350.81	7.712
355.83	7.711
360.84	7.711
365.85	7.711
370.86	7.711
375.87	7.711
380.88	7.711
385.89	7.710
390.91	7.710
395.92	7.710
400.93	7.709
405.94	7.709
410.95	7.709
415.96	7.709
420.98	7.709
425.99	7.708
431.00	7.708
436.01	7.708
441.02	7.708
446.03	7.707
451.05	7.707
456.06	7.707
461.07	7.707
466.08	7.707
471.10	7.706
476.11	7.706
481.13	7.706
486.14	7.705
491.16	7.705
496.17	7.705
501.18	7.705
506.19	7.704
511.21	7.704
516.22	7.704
521.23	7.704
526.24	7.703
531.25	7.704
536.26	7.703
541.27	7.703
546.28	7.703
551.30	7.702
556.31	7.702
561.32	7.702
566.33	7.702
571.34	7.702
576.35	7.701
581.37	7.701
586.38	7.701
591.39	7.701
596.40	7.701
601.41	7.700
606.42	7.700
611.44	7.700
616.45	7.700
621.46	7.700
626.47	7.700
631.48	7.699
636.49	7.699
641.50	7.699
646.51	7.699
651.53	7.698
656.54	7.698
661.55	7.698
666.56	7.698
671.57	7.697
676.58	7.697
681.60	7.697
686.61	7.696
691.62	7.696
696.63	7.696
701.64	7.696
706.65	7.696
711.67	7.696
716.68	7.695
721.69	7.695
726.70	7.695
731.71	7.695
736.72	7.695
741.73	7.694
746.75	7.694
751.76	7.694
756.78	7.694
761.79	7.694
766.80	7.693
771.82	7.693
776.83	7.692
781.84	7.692
786.85	7.692
791.87	7.692
796.88	7.692
801.89	7.692
806.90	7.692
811.91	7.691
816.92	7.691
821.93	7.691
826.95	7.691
831.96	7.691
836.97	7.690
841.98	7.690
846.99	7.690
852.00	7.690
857.02	7.690
862.03	7.689
867.04	7.689
872.05	7.689
877.06	7.689
882.07	7.689
887.08	7.689
892.10	7.688
897.11	7.688
902.12	7.688
907.13	7.687
912.15	7.687
917.16	7.687
922.17	7.687
927.18	7.687
932.19	7.686
937.20	7.686
942.21	7.686
947.23	7.686
952.24	7.685
957.25	7.685
962.26	7.685
967.27	7.685
972.28	7.685
977.30	7.685
982.31	7.684
987.32	7.684
992.33	7.684
997.35	7.684
1002.36	7.684
1007.38	7.684
1012.39	7.683
1017.40	7.683
1022.42	7.683
1027.43	7.683
1032.45	7.683
1037.46	7.682
1042.48	7.682
1047.49	7.682
1052.50	7.682
1057.52	7.681
1062.53	7.681
1067.55	7.681
1072.56	7.681
1077.57	7.681
1082.58	7.680
1087.59	7.680
1092.60	7.680
1097.62	7.680
1102.63	7.679
1107.64	7.679
1112.65	7.679
1117.67	7.679
1122.68	7.679
1127.70	7.678
1132.71	7.678
1137.73	7.678
1142.74	7.678
1147.75	7.678
1152.77	7.677
1157.78	7.677
1162.80	7.677
1167.81	7.677
1172.83	7.676
1177.84	7.676
1182.86	7.676
1187.87	7.676
1192.88	7.676
1197.89	7.676
1202.91	7.675
1207.92	7.675
1212.93	7.675
1217.94	7.675
1222.95	7.674
1227.96	7.674
1232.98	7.673
1237.99	7.674
1243.00	7.673
1248.01	7.673
1253.02	7.673
1258.03	7.673
1263.04	7.673
1268.06	7.672
1273.07	7.672
1278.08	7.672
1283.09	7.672
1288.10	7.672
1293.11	7.672
1298.13	7.671
1303.14	7.671
1308.15	7.671
1313.16	7.671
1318.17	7.670
1323.18	7.671
1328.19	7.670
1333.21	7.670
1338.22	7.670
1343.23	7.669
1348.24	7.669
1353.25	7.669
1358.26	7.669
1363.28	7.668
1368.29	7.668
1373.30	7.668
1378.31	7.668
1383.32	7.668
1388.33	7.667
1393.35	7.667
1398.36	7.667
1403.37	7.667
1408.38	7.667
1413.39	7.666
1418.40	7.666
1423.42	7.666
1428.43	7.666
1433.44	7.665
1438.45	7.665
1443.46	7.665
1448.47	7.665
1453.48	7.665
1458.50	7.665
1463.51	7.664
1468.52	7.664
1473.53	7.664
1478.54	7.664
1483.55	7.664
1488.57	7.663
1493.58	7.663
1498.59	7.663
1503.60	7.663
1508.61	7.662
1513.62	7.662
1518.64	7.662
1523.65	7.662
1528.66	7.661
1533.67	7.661
1538.68	7.661
1543.69	7.661
1548.71	7.661
1553.72	7.660
1558.73	7.660
1563.74	7.660
1568.75	7.660
1573.76	7.660
1578.78	7.659
1583.79	7.659
1588.80	7.659
1593.81	7.659
1598.82	7.658
1603.83	7.658
1608.85	7.658
1613.86	7.658
1618.87	7.657
1623.88	7.657
1628.90	7.657
1633.91	7.657
1638.93	7.656
1643.94	7.656
1648.96	7.656
1653.97	7.656
1658.99	7.656
1664.00	7.656
1669.02	7.655
1674.03	7.655
1679.04	7.655
1684.06	7.655
1689.07	7.654
1694.09	7.654
1699.10	7.654
1704.11	7.654
1709.13	7.654
1714.14	7.653
1719.16	7.653
1724.18	7.653
1729.19	7.653
1734.20	7.652
1739.22	7.652
1744.23	7.652
1749.24	7.652
1754.26	7.652
1759.27	7.651
1764.29	7.651
1769.30	7.651
1774.31	7.651
1779.33	7.650
1784.34	7.650
1789.36	7.650
1794.37	7.650
1799.38	7.649
1804.40	7.649
1809.41	7.649
1814.43	7.649
1819.44	7.648
1824.46	7.648
1829.47	7.648
1834.49	7.648
1839.50	7.647
1844.51	7.647
1849.52	7.647
1854.54	7.647
1859.55	7.647
1864.56	7.646
1869.58	7.646
1874.60	7.646
1879.61	7.645
1884.62	7.645
1889.64	7.645
1894.65	7.645
1899.67	7.644
1904.68	7.644
1909.70	7.644
1914.72	7.644
1919.73	7.644
1924.74	7.644
1929.76	7.643
1934.77	7.643
1939.79	7.643
1944.80	7.642
1949.81	7.642
1954.83	7.642
1959.85	7.642
1964.86	7.641
1969.88	7.641
1974.89	7.641
1979.90	7.641
1984.92	7.641
1989.93	7.640
1994.95	7.640
1999.96	7.640
2004.98	7.639
2009.99	7.639
2015.01	7.639
2020.02	7.639
2025.04	7.639
2030.05	7.638
2035.07	7.638
2040.08	7.638
2045.10	7.637
2050.11	7.637
2055.13	7.637
2060.14	7.637
2065.15	7.637
2070.17	7.636
2075.18	7.636
2080.20	7.636
2085.21	7.636
2090.23	7.635
2095.24	7.635
2100.25	7.635
2105.27	7.635
2110.28	7.635
2115.30	7.634
2120.31	7.634
2125.33	7.634
2130.34	7.633
2135.36	7.633
2140.37	7.633
2145.39	7.633
2150.40	7.632
2155.41	7.632
2160.43	7.632
2165.45	7.631
2170.46	7.631
2175.48	7.631
2180.49	7.631
2185.50	7.631
2190.52	7.630
2195.53	7.630
2200.55	7.630
2205.56	7.629
2210.58	7.629
2215.59	7.629
2220.60	7.629
2225.61	7.629
2230.63	7.628
2235.64	7.628
2240.65	7.628
2245.66	7.628
2250.67	7.627
2255.68	7.627
2260.70	7.627
2265.71	7.626
2270.72	7.626
2275.73	7.626
2280.74	7.626
2285.75	7.626
2290.77	7.625
2295.78	7.625
2300.79	7.625
2305.80	7.625
2310.81	7.624
2315.82	7.624
2320.84	7.624
2325.85	7.624
2330.86	7.623
2335.87	7.623
2340.88	7.623
2345.89	7.623
2350.91	7.622
2355.92	7.622
2360.94	7.622
2365.95	7.622
2370.96	7.621
2375.97	7.621
2380.98	7.621
2385.99	7.621
2391.00	7.620
2396.02	7.620
2401.03	7.620
2406.04	7.619
2411.05	7.619
2416.06	7.619
2421.07	7.619
2426.09	7.619
2431.10	7.618
2436.11	7.618
2441.12	7.618
2446.13	7.617
2451.14	7.617
2456.16	7.617
2461.17	7.617
2466.18	7.616
2471.19	7.616
2476.20	7.616
2481.21	7.615
2486.23	7.615
2491.24	7.615
2496.25	7.615
2501.26	7.615
2506.27	7.614
2511.28	7.614
2516.29	7.614
2521.31	7.613
2526.32	7.613
2531.33	7.613
2536.34	7.612
2541.35	7.612
2546.36	7.612
2551.38	7.612
2556.40	7.612
2561.41	7.612
2566.43	7.611
2571.44	7.611
2576.45	7.610
2581.46	7.610
2586.47	7.610
2591.48	7.610
2596.50	7.610
2601.51	7.609
2606.52	7.609
2611.53	7.609
2616.54	7.609
2621.55	7.608
2626.57	7.608
2631.58	7.608
2636.59	7.608
2641.60	7.607
2646.61	7.607
2651.62	7.607
2656.64	7.606
2661.65	7.606
2666.66	7.606
2671.67	7.605
2676.68	7.605
2681.69	7.605
2686.71	7.604
2691.72	7.604
2696.73	7.604
2701.74	7.604
2706.75	7.604
2711.76	7.603
2716.77	7.603
2721.79	7.602
2726.80	7.602
2731.81	7.602
2736.82	7.602
2741.83	7.602
2746.85	7.602
2751.86	7.601
2756.87	7.601
2761.89	7.601
2766.91	7.600
2771.92	7.600
2776.93	7.600
2781.95	7.600
2786.96	7.599
2791.98	7.599
2796.99	7.599
2802.01	7.599
2807.02	7.599
2812.04	7.598
2817.05	7.598
2822.06	7.597
2827.08	7.597
2832.09	7.597
2837.10	7.597
2842.11	7.596
2847.13	7.596
2852.14	7.596
2857.15	7.595
2862.16	7.595
2867.17	7.595
2872.18	7.595
2877.20	7.594
2882.21	7.594
2887.22	7.594
2892.23	7.594
2897.24	7.593
2902.25	7.593
2907.26	7.593
2912.28	7.593
2917.29	7.593
2922.30	7.593
2927.31	7.592
2932.32	7.591
2937.33	7.591
2942.35	7.591
2947.36	7.591
2952.37	7.590
2957.38	7.590
2962.40	7.590
2967.41	7.590
2972.43	7.589
2977.44	7.589
2982.46	7.589
2987.47	7.589
2992.49	7.588
2997.50	7.588
3002.51	7.587
3007.53	7.587
3012.55	7.587
3017.56	7.586
3022.57	7.586
3027.59	7.586
3032.60	7.586
3037.62	7.586
3042.63	7.585
3047.65	7.585
3052.66	7.585
3057.68	7.584
3062.69	7.584
3067.71	7.584
3072.72	7.584
3077.73	7.583
3082.75	7.583
3087.76	7.583
3092.78	7.583
3097.79	7.582
3102.81	7.582
3107.82	7.582
3112.83	7.581
3117.85	7.581
3122.86	7.581
3127.88	7.581
3132.89	7.581
3137.91	7.580
3142.92	7.580
3147.93	7.580
3152.95	7.579
3157.96	7.579
3162.98	7.579
3167.99	7.578
3173.01	7.578
3178.02	7.578
3183.03	7.578
3188.05	7.577
3193.06	7.577
3198.08	7.577
3203.09	7.577
3208.11	7.576
3213.12	7.576
3218.13	7.575
3223.15	7.575
3228.16	7.575
3233.18	7.575
3238.19	7.574
3243.21	7.574
3248.22	7.574
3253.23	7.574
3258.25	7.573
3263.26	7.573
3268.28	7.572
3273.29	7.572
3278.31	7.572
3283.32	7.572
3288.34	7.572
3293.35	7.572
3298.36	7.571
3303.38	7.571
3308.39	7.571
3313.41	7.570
3318.42	7.570
3323.44	7.570
3328.45	7.569
3333.47	7.569
3338.48	7.569
3343.50	7.568
3348.51	7.568
3353.53	7.567
3358.54	7.568
3363.55	7.568
3368.57	7.567
3373.58	7.567
3378.60	7.567
3383.61	7.566
3388.63	7.566
3393.65	7.566
3398.66	7.565
3403.68	7.565
3408.69	7.565
3413.71	7.565
3418.72	7.564
3423.74	7.564
3428.75	7.564
3433.77	7.563
3438.78	7.563
3443.80	7.563
3448.81	7.563
3453.82	7.563
3458.84	7.562
3463.85	7.562
3468.87	7.562
3473.88	7.561
3478.90	7.561
3483.91	7.560
3488.92	7.560
3493.94	7.560
3498.95	7.559
3503.97	7.559
3508.98	7.559
3514.00	7.559
3519.01	7.558
3524.03	7.559
3529.04	7.558
3534.05	7.558
3539.07	7.557
3544.08	7.557
3549.09	7.557
3554.11	7.557
3559.12	7.556
3564.13	7.556
3569.15	7.556
3574.16	7.555
3579.18	7.555
3584.19	7.555
3589.21	7.554
3594.22	7.554
3599.23	7.554
3604.25	7.554
3609.26	7.553
3614.28	7.553
3619.29	7.553
3624.30	7.552
3629.31	7.552
3634.33	7.552
3639.34	7.552
3644.35	7.551
3649.36	7.551
3654.37	7.551
3659.38	7.550
3664.40	7.550
3669.41	7.550
3674.42	7.550
3679.44	7.549
3684.45	7.549
3689.46	7.549
3694.48	7.548
3699.49	7.548
3704.51	7.548
3709.52	7.548
3714.53	7.547
3719.55	7.547
3724.57	7.547
3729.58	7.546
3734.59	7.546
3739.61	7.546
3744.62	7.546
3749.64	7.545
3754.65	7.545
3759.67	7.545
3764.69	7.545
3769.70	7.544
3774.72	7.544
3779.73	7.544
3784.74	7.543
3789.76	7.543
3794.77	7.543
3799.78	7.543
3804.79	7.542
3809.80	7.542
3814.82	7.541
3819.83	7.541
3824.84	7.541
3829.85	7.541
3834.86	7.540
3839.87	7.540
3844.89	7.539
3849.90	7.539
3854.92	7.539
3859.93	7.539
3864.95	7.538
3869.96	7.538
3874.97	7.538
3879.99	7.538
3885.00	7.537
3890.01	7.537
3895.03	7.537
3900.04	7.537
3905.05	7.536
3910.06	7.536
3915.08	7.535
3920.09	7.535
3925.10	7.535
3930.11	7.535
3935.12	7.534
3940.13	7.534
3945.14	7.534
3950.16	7.533
3955.17	7.533
3960.18	7.533
3965.19	7.533
3970.20	7.533
3975.21	7.532
3980.23	7.532
3985.24	7.532
3990.25	7.531
3995.26	7.531
4000.27	7.531
4005.28	7.530
4010.30	7.530
4015.31	7.530
4020.32	7.529
4025.33	7.529
4030.34	7.529
4035.35	7.528
4040.36	7.528
4045.38	7.528
4050.39	7.528
4055.40	7.527
4060.41	7.527
4065.42	7.527
4070.43	7.527
4075.44	7.526
4080.46	7.526
4085.47	7.526
4090.48	7.526
4095.49	7.526
4100.50	7.525
4105.51	7.525
4110.53	7.524
4115.54	7.524
4120.55	7.523
4125.56	7.523
4130.57	7.523
4135.58	7.523
4140.60	7.523
4145.61	7.522
4150.62	7.522
4155.63	7.522
4160.64	7.522
4165.65	7.521
4170.66	7.521
4175.68	7.520
4180.69	7.520
4185.70	7.519
4190.71	7.519
4195.72	7.519
4200.73	7.519
4205.75	7.518
4210.76	7.518
4215.77	7.518
4220.78	7.518
4225.79	7.518
4230.80	7.517
4235.81	7.517
4240.83	7.516
4245.84	7.516
4250.85	7.516
4255.86	7.516
4260.87	7.516
4265.88	7.515
4270.90	7.515
4275.91	7.514
4280.92	7.514
4285.93	7.514
4290.94	7.514
4295.95	7.513
4300.97	7.513
4305.98	7.513
4310.99	7.512
4316.00	7.512
4321.01	7.512
4326.02	7.512
4331.03	7.512
4336.04	7.511
4341.06	7.511
4346.07	7.511
4351.08	7.510
4356.09	7.511
4361.10	7.510
4366.11	7.510
4371.13	7.510
4376.14	7.509
4381.15	7.509
4386.16	7.509
4391.17	7.509
4396.18	7.508
4401.19	7.508
4406.21	7.507
4411.22	7.507
4416.23	7.507
4421.24	7.506
4426.25	7.506
4431.26	7.506
4436.28	7.506
4441.29	7.506
4446.30	7.505
4451.31	7.505
4456.32	7.505
4461.33	7.505
4466.35	7.504
4471.36	7.504
4476.37	7.504
4481.38	7.504
4486.39	7.503
4491.40	7.503
4496.42	7.502
4501.43	7.502
4506.44	7.502
4511.45	7.502
4516.46	7.502
4521.47	7.501
4526.49	7.501
4531.50	7.501
4536.51	7.501
4541.52	7.501
4546.53	7.500
4551.54	7.500
4556.55	7.499
4561.57	7.499
4566.58	7.499
4571.59	7.499
4576.60	7.498
4581.61	7.498
4586.62	7.498
4591.64	7.498
4596.65	7.497
4601.66	7.497
4606.67	7.497
4611.68	7.496
4616.69	7.496
4621.70	7.496
4626.72	7.496
4631.73	7.496
4636.74	7.495
4641.75	7.495
4646.76	7.495
4651.77	7.495
4656.79	7.495
4662.28	7.494
4667.29	7.494
4672.31	7.494
4677.32	7.493
4682.33	7.493
4687.35	7.493
4692.36	7.493
4697.38	7.493
4702.39	7.492
4707.40	7.492
4712.41	7.491
4717.43	7.491
4722.44	7.491
4727.45	7.491
4732.46	7.491
4737.47	7.490
4742.48	7.490
4747.50	7.490
4752.51	7.489
4757.52	7.489
4762.53	7.489
4767.54	7.489
4772.55	7.489
4777.57	7.489
4782.58	7.488
4787.59	7.488
4792.60	7.488
4797.61	7.488
4802.62	7.487
4807.64	7.487
4812.65	7.487
4817.66	7.486
4822.67	7.486
4827.68	7.486
4832.69	7.486
4837.71	7.486
4842.72	7.485
4847.73	7.485
4852.74	7.485
4857.75	7.485
4862.76	7.485
4867.77	7.484
4872.79	7.484
4877.80	7.484
4882.81	7.484
4887.82	7.483
4892.83	7.483
4897.84	7.483
4902.86	7.483
4907.87	7.482
4912.88	7.482
4917.89	7.482
4922.90	7.482
4927.91	7.482
4932.93	7.481
4937.94	7.482
4942.95	7.481
4947.96	7.481
4952.97	7.481
4957.98	7.480
4962.99	7.480
4968.01	7.480
4973.02	7.480
4978.03	7.479
4983.04	7.479
4988.05	7.479
4993.06	7.479
4998.07	7.479
5003.09	7.478
5008.10	7.478
5013.11	7.478
5018.12	7.478
5023.13	7.478
5028.14	7.477
5033.16	7.477
5038.17	7.477
5043.18	7.477
5048.19	7.477
5053.20	7.476
5058.21	7.476
5063.23	7.476
5068.24	7.476
5073.25	7.476
5078.26	7.476
5083.27	7.475
5088.28	7.475
5093.29	7.475
5098.31	7.475
5103.32	7.475
5108.33	7.474
5113.34	7.474
5118.35	7.474
5123.36	7.474
5128.38	7.473
5133.39	7.473
5138.40	7.473
5143.41	7.473
5148.42	7.473
5153.43	7.472
5158.45	7.472
5163.46	7.472
5168.47	7.472
5173.48	7.472
5178.49	7.472
5183.50	7.471
5188.52	7.471
5193.53	7.471
5198.54	7.471
5203.55	7.471
5208.56	7.470
5213.57	7.470
5218.58	7.470
5223.60	7.470
5228.61	7.469
5233.62	7.469
5238.63	7.469
5243.64	7.469
5248.65	7.469
5253.67	7.469
5258.68	7.468
5263.69	7.469
5268.70	7.468
5273.71	7.468
5278.72	7.468
5283.74	7.468
5288.75	7.468
5293.76	7.468
5298.77	7.468
5303.78	7.467
5308.79	7.467
5313.81	7.467
5318.82	7.466
5323.83	7.466
5328.84	7.466
5333.86	7.466
5338.87	7.465
5343.88	7.465
5348.90	7.465
5353.91	7.465
5358.92	7.465
5363.93	7.465
5368.94	7.464
5373.95	7.464
5378.97	7.464
5383.98	7.464
5388.99	7.464
5394.00	7.464
5399.01	7.464
5404.02	7.463
5409.04	7.463
5414.05	7.463
5419.06	7.463
5424.07	7.463
5429.08	7.463
5434.09	7.462
5439.10	7.462
5444.12	7.462
5449.13	7.462
5454.14	7.462
5459.15	7.462
5464.16	7.462
5469.17	7.462
5474.19	7.462
5479.20	7.461
5484.21	7.461
5489.22	7.461
5494.23	7.461
5499.24	7.461
5504.26	7.460
5509.27	7.460
5514.28	7.460
5519.29	7.460
5524.30	7.460
5529.31	7.460
5534.32	7.459
5539.34	7.459
5544.35	7.459
5549.36	7.459
5554.37	7.459
5559.38	7.459
5564.39	7.459
5569.41	7.458
5574.42	7.458
5579.43	7.458
5584.44	7.458
5589.45	7.458
5594.46	7.458
5599.48	7.458
5604.49	7.457
5609.50	7.457
5614.51	7.457
5619.52	7.456
5624.53	7.456
5629.54	7.457
5634.56	7.456
5639.57	7.456
5644.58	7.456
5649.59	7.456
5654.60	7.456
5659.61	7.456
5664.63	7.455
5669.64	7.455
5674.66	7.455
5679.67	7.455
5684.68	7.455
5689.69	7.455
5694.70	7.454
5699.71	7.454
5704.72	7.454
5709.74	7.454
5714.75	7.454
5719.76	7.454
5724.77	7.454
5729.78	7.453
5734.79	7.453
5739.81	7.453
5744.82	7.453
5749.83	7.453
5754.84	7.453
5759.85	7.452
5764.86	7.452
5769.88	7.452
5774.89	7.452
5779.90	7.452
5784.91	7.451
5789.92	7.451
5794.93	7.451
5799.95	7.451
5804.96	7.451
5809.97	7.451
5814.98	7.451
5819.99	7.450
5825.00	7.451
5830.01	7.450
5835.03	7.450
5840.04	7.450
5845.05	7.450
5850.06	7.450
5855.07	7.449
5860.08	7.449
5865.10	7.449
5870.11	7.449
5875.12	7.449
5880.13	7.449
5885.14	7.449
5890.15	7.449
5895.17	7.449
5900.18	7.449
5905.19	7.448
5910.20	7.448
5915.21	7.448
5920.22	7.448
5925.23	7.447
5930.24	7.447
5935.26	7.447
5940.27	7.447
5945.28	7.447
5950.29	7.447
5955.30	7.447
5960.31	7.446
5965.32	7.446
5970.35	7.446
5975.36	7.446
5980.38	7.446
5985.39	7.446
5990.40	7.446
5995.41	7.446
6000.42	7.446
6005.44	7.446
6010.45	7.446
6015.46	7.445
6020.47	7.445
6025.48	7.445
6030.49	7.445
6035.50	7.445
6040.52	7.444
6045.53	7.445
6050.54	7.444
6055.55	7.444
6060.56	7.444
6065.57	7.444
6070.59	7.444
6075.60	7.444
6080.61	7.443
6085.62	7.443
6090.63	7.443
6095.64	7.443
6100.66	7.443
6105.67	7.443
6110.68	7.443
6115.69	7.442
6120.70	7.442
6125.71	7.442
6130.72	7.442
6135.74	7.442
6140.75	7.442
6145.76	7.441
6150.77	7.442
6155.79	7.441
6160.80	7.441
6165.81	7.441
6170.82	7.441
6175.83	7.441
6180.84	7.441
6185.85	7.441
6190.87	7.441
6195.88	7.440
6200.89	7.440
6205.90	7.440
6210.91	7.440
6215.92	7.440
6220.93	7.440
6225.95	7.439
6230.96	7.439
6235.97	7.439
6240.98	7.439
6245.99	7.439
6251.00	7.438
6256.02	7.439
6261.03	7.438
6266.04	7.438
6271.05	7.438
6276.06	7.438
6281.07	7.438
6286.09	7.438
6291.10	7.438
6296.11	7.438
6301.12	7.437
6306.13	7.437
6311.14	7.437
6316.15	7.437
6321.17	7.437
6326.18	7.437
6331.20	7.436
6336.21	7.436
6341.23	7.436
6346.24	7.436
6351.25	7.436
6356.27	7.436
6361.28	7.435
6366.29	7.435
6371.30	7.435
6376.31	7.435
6381.32	7.435
6386.34	7.435
6391.35	7.435
6396.36	7.434
6401.37	7.435
6406.38	7.435
6411.39	7.434
6416.41	7.434
6421.42	7.434
6426.43	7.434
6431.44	7.434
6436.45	7.434
6441.46	7.434
6446.47	7.434
6451.49	7.434
6456.50	7.434
6461.51	7.434
6466.52	7.433
6471.53	7.433
6476.54	7.433
6481.56	7.433
6486.57	7.432
6491.58	7.432
6496.59	7.432
6501.60	7.432
6506.61	7.432
6511.63	7.432
6516.64	7.432
6521.65	7.432
6526.66	7.431
6531.67	7.431
6536.68	7.431
6541.70	7.431
6546.71	7.431
6551.72	7.431
6556.73	7.431
6561.74	7.431
6566.75	7.431
6571.76	7.431
6576.78	7.431
6581.79	7.430
6586.80	7.430
6591.81	7.430
6596.82	7.429
6601.83	7.430
6606.85	7.429
6611.86	7.429
6616.87	7.429
6621.88	7.429
6626.89	7.429
6631.90	7.429
6636.92	7.429
6641.93	7.429
6646.94	7.429
6651.95	7.429
6656.96	7.429
6661.97	7.428
6666.99	7.428
6672.00	7.428
6677.01	7.428
6682.02	7.428
6687.03	7.428
6692.04	7.428
6697.05	7.427
6702.07	7.427
6707.08	7.427
6712.09	7.427
6717.10	7.427
6722.11	7.427
6727.12	7.427
6732.14	7.427
6737.15	7.427
6742.16	7.427
6747.17	7.426
6752.18	7.426
6757.19	7.426
6762.21	7.426
6767.22	7.426
6772.23	7.425
6777.24	7.425
6782.25	7.425
6787.26	7.425
6792.27	7.425
6797.29	7.425
6802.30	7.425
6807.31	7.425
6812.32	7.424
6817.33	7.424
6822.34	7.424
6827.36	7.424
6832.37	7.424
6837.38	7.424
6842.39	7.424
6847.40	7.424
6852.41	7.423
6857.43	7.423
6862.44	7.423
6867.45	7.423
6872.46	7.423
6877.47	7.423
6882.48	7.423
6887.49	7.423
6892.51	7.423
6897.52	7.422
6902.53	7.422
6907.54	7.422
6912.55	7.422
6917.56	7.422
6922.57	7.422
6927.58	7.422
6932.60	7.422
6937.61	7.421
6942.62	7.421
6947.63	7.421
6952.64	7.421
6957.65	7.421
6962.67	7.421
6967.68	7.421
6972.69	7.421
6977.70	7.421
6982.71	7.420
6987.72	7.420
6992.74	7.420
6997.75	7.420
7002.76	7.420
7007.77	7.420
7012.78	7.419
7017.79	7.419
7022.80	7.419
7027.82	7.419
7032.83	7.419
7037.85	7.419
7042.86	7.419
7047.87	7.419
7052.88	7.419
7057.90	7.419
7062.92	7.419
7067.93	7.418
7072.94	7.418
7077.96	7.418
7082.97	7.418
7087.98	7.418
7092.99	7.417
7098.01	7.417
7103.02	7.417
7108.03	7.417
7113.04	7.417
7118.05	7.417
7123.06	7.417
7128.07	7.417
7133.09	7.417
7138.10	7.417
7143.11	7.417
7148.12	7.416
7153.13	7.416
7158.15	7.416
7163.16	7.416
7168.17	7.416
7173.18	7.415
7178.19	7.415
7183.20	7.415
7188.21	7.415
7193.23	7.415
7198.24	7.415
7203.25	7.415
7208.26	7.415
7213.27	7.414
7218.28	7.414
7223.30	7.414
7228.31	7.414
7233.32	7.414
7238.33	7.414
7243.34	7.414
7248.35	7.413
7253.36	7.413
7258.38	7.413
7263.39	7.413
7268.40	7.413
7273.41	7.413
7278.42	7.413
7283.43	7.413
7288.45	7.413
7293.46	7.413
7298.47	7.412
7303.48	7.412
7308.49	7.412
7313.50	7.412
7318.52	7.412
7323.53	7.412
7328.54	7.411
7333.55	7.411
7338.56	7.411
7343.57	7.411
7348.58	7.411
7353.60	7.411
7358.61	7.410
7363.62	7.410
7368.63	7.411
7373.64	7.410
7378.65	7.410
7383.67	7.410
7388.68	7.410
7393.69	7.410
7398.70	7.410
7403.71	7.409
7408.72	7.409
7413.74	7.409
7418.75	7.409
7423.76	7.409
7428.77	7.409
7433.78	7.409
7438.79	7.409
7443.81	7.408
7448.83	7.408
7453.84	7.408
7458.86	7.408
7463.87	7.408
7468.88	7.408
7473.89	7.408
7478.90	7.408
7483.92	7.408
7488.93	7.408
7493.94	7.408
7498.96	7.407
7503.97	7.407
7508.98	7.407
7514.00	7.407
7519.01	7.407
7524.02	7.407
7529.03	7.406
7534.05	7.406
7539.07	7.406
7544.08	7.406
7549.10	7.406
7554.11	7.406
7559.12	7.406
7564.13	7.406
7569.15	7.405
7574.16	7.405
7579.17	7.405
7584.18	7.405
7589.20	7.405
7594.21	7.405
7599.22	7.404
7604.24	7.404
7609.25	7.404
7614.27	7.404
7619.28	7.404
7624.30	7.404
7629.31	7.404
7634.32	7.404
7639.33	7.404
7644.34	7.403
7649.35	7.403
7654.37	7.403
7659.38	7.403
7664.39	7.403
7669.41	7.402
7674.42	7.402
7679.43	7.402
7684.45	7.402
7689.46	7.402
7694.48	7.401
7699.49	7.402
7704.50	7.401
7709.51	7.401
7714.52	7.401
7719.54	7.401
7724.55	7.401
7729.56	7.401
7734.57	7.401
7739.59	7.401
7744.60	7.401
7749.61	7.400
7754.62	7.400
7759.63	7.400
7764.64	7.400
7769.66	7.400
7774.67	7.400
7779.68	7.399
7784.69	7.399
7789.70	7.399
7794.71	7.399
7799.72	7.399
7804.74	7.399
7809.75	7.399
7814.76	7.399
7819.77	7.398
7824.78	7.398
7829.79	7.398
7834.81	7.398
7839.82	7.398
7844.83	7.398
7849.84	7.398
7854.85	7.398
7859.86	7.397
7864.88	7.397
7869.89	7.397
7874.90	7.397
7879.91	7.397
7884.92	7.397
7889.93	7.397
7894.94	7.397
7899.96	7.397
7904.97	7.396
7909.98	7.396
7914.99	7.396
7920.00	7.396
7925.01	7.396
7930.03	7.396
7935.04	7.395
7940.05	7.395
7945.06	7.395
7950.07	7.394
7955.08	7.394
7960.10	7.394
7965.11	7.394
7970.12	7.393
7975.13	7.393
7980.14	7.394
7985.15	7.393
7990.17	7.393
7995.18	7.393
8000.19	7.393
8005.20	7.393
8010.21	7.393
8015.22	7.393
8020.23	7.392
8025.25	7.392
8030.26	7.392
8035.27	7.392
8040.28	7.392
8045.30	7.391
8050.31	7.391
8055.33	7.391
8060.34	7.391
8065.35	7.391
8070.36	7.391
8075.38	7.391
8080.39	7.391
8085.41	7.391
8090.42	7.391
8095.43	7.390
8100.45	7.390
8105.46	7.390
8110.48	7.390
8115.49	7.390
8120.51	7.389
8125.52	7.389
8130.53	7.389
8135.54	7.389
8140.55	7.389
8145.57	7.388
8150.58	7.388
8155.59	7.388
8160.60	7.388
8165.62	7.387
8170.63	7.387
8175.65	7.388
8180.66	7.387
8185.67	7.387
8190.69	7.387
8195.70	7.387
8200.72	7.387
8205.73	7.386
8210.75	7.386
8215.76	7.386
8220.78	7.386
8225.79	7.386
8230.80	7.386
8235.82	7.385
8240.83	7.385
8245.85	7.385
8250.86	7.385
8255.87	7.385
8260.88	7.385
8265.89	7.384
8270.90	7.384
8275.92	7.384
8280.93	7.384
8285.94	7.384
8290.95	7.383
8295.96	7.383
8300.97	7.383
8305.98	7.383
8311.00	7.383
8316.01	7.383
8321.02	7.383
8326.03	7.383
8331.04	7.383
8336.05	7.382
8341.07	7.382
8346.08	7.382
8351.09	7.381
8356.10	7.381
8361.12	7.381
8366.13	7.381
8371.14	7.381
8376.16	7.380
8381.17	7.380
8386.19	7.380
8391.20	7.379
8396.22	7.379
8401.23	7.379
8406.25	7.379
8411.26	7.379
8416.27	7.379
8421.29	7.379
8426.30	7.378
8431.32	7.378
8436.34	7.378
8441.35	7.378
8446.37	7.378
8451.38	7.378
8456.40	7.377
8461.41	7.377
8466.43	7.377
8471.44	7.377
8476.45	7.376
8481.47	7.376
8486.48	7.376
8491.50	7.376
8496.51	7.376
8501.53	7.375
8506.54	7.375
8511.55	7.375
8516.57	7.375
8521.58	7.375
8526.59	7.374
8531.61	7.374
8536.62	7.374
8541.64	7.374
8546.65	7.373
8551.67	7.373
8556.68	7.373
8561.70	7.373
8566.71	7.373
8571.72	7.373
8576.74	7.372
8581.75	7.372
8586.77	7.372
8591.78	7.372
8596.79	7.371
8601.81	7.371
8606.82	7.371
8611.84	7.371
8616.85	7.370
8621.87	7.370
8626.88	7.370
8631.90	7.370
8636.91	7.370
8641.93	7.369
8646.94	7.369
8651.95	7.369
8656.97	7.368
8661.98	7.368
8667.00	7.368
8672.01	7.368
8677.03	7.368
8682.04	7.367
8687.06	7.367
8692.07	7.367
8697.08	7.366
8702.09	7.366
8707.11	7.366
8712.12	7.366
8717.14	7.366
8722.15	7.365
8727.16	7.365
8732.18	7.365
8737.19	7.365
8742.21	7.365
8747.23	7.364
8752.24	7.364
8757.25	7.364
8762.27	7.363
8767.28	7.363
8772.30	7.363
8777.31	7.362
8782.33	7.362
8787.34	7.362
8792.36	7.362
8797.37	7.361
8802.38	7.361
8807.40	7.361
8812.41	7.361
8817.43	7.360
8822.44	7.360
8827.46	7.360
8832.47	7.360
8837.49	7.359
8842.50	7.359
8847.52	7.359
8852.53	7.358
8857.55	7.358
8862.56	7.358
8867.58	7.357
8872.59	7.357
8877.60	7.357
8882.62	7.356
8887.63	7.356
8892.65	7.356
8897.66	7.355
8902.68	7.355
8907.69	7.355
8912.71	7.354
8917.72	7.354
8922.74	7.354
8927.75	7.353
8932.77	7.353
8937.78	7.353
8942.79	7.353
8947.81	7.353
8952.83	7.352
8957.84	7.352
8962.85	7.352
8967.87	7.351
8972.88	7.351
8977.90	7.351
8982.91	7.350
8987.93	7.350
8992.97	7.350
8997.98	7.349
9002.99	7.349
9008.01	7.349
9013.02	7.348
9018.03	7.348
9023.04	7.347
9028.05	7.347
9033.07	7.347
9038.08	7.347
9043.10	7.346
9048.11	7.346
9053.12	7.346
9058.13	7.345
9063.15	7.345
9068.16	7.345
9073.17	7.344
9078.18	7.344
9083.19	7.343
9088.20	7.343
9093.22	7.343
9098.23	7.342
9103.24	7.342
9108.26	7.342
9113.27	7.341
9118.29	7.340
9123.30	7.340
9128.31	7.340
9133.33	7.340
9138.34	7.339
9143.36	7.339
9148.37	7.338
9153.39	7.338
9158.40	7.338
9163.42	7.337
9168.43	7.337
9173.45	7.336
9178.46	7.336
9183.47	7.335
9188.49	7.335
9193.51	7.335
9198.52	7.334
9203.53	7.334
9208.55	7.334
9213.56	7.334
9218.58	7.333
9223.59	7.332
9228.61	7.332
9233.62	7.331
9238.63	7.331
9243.65	7.331
9248.66	7.330
9253.68	7.330
9258.69	7.329
9263.70	7.328
9268.72	7.328
9273.73	7.328
9278.75	7.327
9283.76	7.327
9288.78	7.326
9293.79	7.326
9298.81	7.326
9303.83	7.325
9308.84	7.325
9313.85	7.324
9318.87	7.324
9323.88	7.323
9328.90	7.323
9333.91	7.322
9338.92	7.322
9343.94	7.322
9348.95	7.321
9353.97	7.321
9358.98	7.320
9364.00	7.320
9369.01	7.319
9374.03	7.319
9379.04	7.318
9384.05	7.318
9389.07	7.317
9394.08	7.317
9399.10	7.316
9404.12	7.316
9409.13	7.315
9414.14	7.315
9419.16	7.314
9424.17	7.314
9429.18	7.313
9434.19	7.313
9439.20	7.312
9444.21	7.312
9449.23	7.311
9454.24	7.311
9459.25	7.310
9464.26	7.309
9469.27	7.309
9474.28	7.308
9479.30	7.308
9484.31	7.307
9489.32	7.307
9494.33	7.306
9499.34	7.306
9504.35	7.305
9509.37	7.305
9514.38	7.304
9519.39	7.304
9524.40	7.303
9529.41	7.302
9534.42	7.302
9539.44	7.302
9544.45	7.301
9549.46	7.300
9554.47	7.300
9559.49	7.299
9564.50	7.299
9569.52	7.298
9574.53	7.298
9579.54	7.297
9584.55	7.296
9589.56	7.296
9594.57	7.295
9599.59	7.294
9604.60	7.294
9609.61	7.293
9614.62	7.293
9619.63	7.292
9624.64	7.291
9629.66	7.291
9634.67	7.290
9639.68	7.289
9644.69	7.289
9649.70	7.288
9654.71	7.288
9659.73	7.287
9664.74	7.287
9669.75	7.286
9674.76	7.285
9679.77	7.284
9684.78	7.284
9689.80	7.283
9694.81	7.282
9699.82	7.282
9704.83	7.281
9709.84	7.280
9714.85	7.280
9719.87	7.279
9724.88	7.278
9729.89	7.278
9734.90	7.277
9739.91	7.277
9744.92	7.276
9749.94	7.276
9754.95	7.274
9759.96	7.274
9764.98	7.273
9769.99	7.273
9775.00	7.272
9780.01	7.272
9785.02	7.271
9790.03	7.270
9795.04	7.270
9800.06	7.269
9805.07	7.268
9810.08	7.267
9815.09	7.267
9820.10	7.266
9825.11	7.265
9830.13	7.264
9835.14	7.263
9840.15	7.263
9845.16	7.263
9850.17	7.262
9855.18	7.261
9860.20	7.260
9865.21	7.259
9870.22	7.259
9875.23	7.258
9880.24	7.258
9885.25	7.257
9890.27	7.256
9895.28	7.256
9900.29	7.255
9905.30	7.254
9910.31	7.253
9915.32	7.252
9920.34	7.252
9925.35	7.251
9930.36	7.250
9935.37	7.250
9940.38	7.249
9945.39	7.248
9950.41	7.248
9955.42	7.247
9960.43	7.246
9965.44	7.246
9970.45	7.245
9975.47	7.244
9980.48	7.243
9985.49	7.242
9990.50	7.241
9995.51	7.241
10000.52	7.240
10005.54	7.239
10010.55	7.238
10015.56	7.238
10020.57	7.237
10025.58	7.236
10030.59	7.236
10035.61	7.235
10040.62	7.234
10045.63	7.234
10050.64	7.233
10055.65	7.232
10060.66	7.231
10065.68	7.230
10070.69	7.229
10075.70	7.229
10080.71	7.228
10085.72	7.227
10090.73	7.227
10095.74	7.226
10100.76	7.225
10105.77	7.224
10110.78	7.223
10115.79	7.222
10120.80	7.222
10125.81	7.221
10130.83	7.220
10135.84	7.219
10140.85	7.219
10145.86	7.218
10150.87	7.217
10155.89	7.217
10160.90	7.216
10165.92	7.215
10170.93	7.214
10175.94	7.213
10180.95	7.212
10185.96	7.211
10190.97	7.211
10195.99	7.210
10201.00	7.209
10206.01	7.209
10211.02	7.208
10216.03	7.207
10221.04	7.206
10226.06	7.205
10231.07	7.204
10236.08	7.204
10241.09	7.203
10246.10	7.202
10251.11	7.201
10256.13	7.200
10261.14	7.200
10266.15	7.199
10271.16	7.198
10276.17	7.197
10281.18	7.196
10286.19	7.196
10291.21	7.195
10296.22	7.194
10301.23	7.193
10306.24	7.192
10311.25	7.192
10316.26	7.191
10321.28	7.190
10326.29	7.189
10331.30	7.188
10336.31	7.188
10341.32	7.187
10346.33	7.186
10351.35	7.185
10356.36	7.184
10361.37	7.183
10366.38	7.183
10371.39	7.182
10376.40	7.181
10381.42	7.180
10386.43	7.179
10391.45	7.178
10396.46	7.177
10401.48	7.176
10406.49	7.176
10411.51	7.175
10416.52	7.174
10421.53	7.173
10426.54	7.172
10431.55	7.171
10436.56	7.170
10441.58	7.169
10446.59	7.169
10451.60	7.168
10456.61	7.167
10461.62	7.166
10466.63	7.165
10471.64	7.164
10476.66	7.164
10481.67	7.163
10486.68	7.162
10491.69	7.161
10496.70	7.160
10501.71	7.159
10506.73	7.159
10511.74	7.158
10516.75	7.157
10521.76	7.156
10526.77	7.155
10531.78	7.154
10536.80	7.153
10541.81	7.152
10546.82	7.152
10551.83	7.151
10556.84	7.150
10561.85	7.149
10566.87	7.148
10571.88	7.147
10576.89	7.146
10581.90	7.145
10586.91	7.144
10591.92	7.143
10596.93	7.143
10601.95	7.142
10606.96	7.141
10611.97	7.140
10616.99	7.139
10622.00	7.138
10627.01	7.137
10632.03	7.136
10637.04	7.136
10642.05	7.135
10647.06	7.134
10652.07	7.133
10657.08	7.132
10662.10	7.131
10667.11	7.130
10672.12	7.130
10677.13	7.129
10682.14	7.127
10687.15	7.127
10692.17	7.126
10697.18	7.125
10702.19	7.124
10707.20	7.123
10712.21	7.122
10717.22	7.121
10722.23	7.120
10727.24	7.119
10732.26	7.118
10737.27	7.117
10742.28	7.116
10747.29	7.115
10752.30	7.115
10757.32	7.113
10762.33	7.113
10767.35	7.112
10772.36	7.111
10777.38	7.110
10782.40	7.109
10787.41	7.108
10792.42	7.107
10797.44	7.107
10802.45	7.106
10807.47	7.105
10812.48	7.104
10817.50	7.103
10822.51	7.102
10827.52	7.101
10832.54	7.100
10837.55	7.099
10842.57	7.098
10847.58	7.097
10852.60	7.096
10857.61	7.095
10862.63	7.094
10867.64	7.093
10872.65	7.092
10877.67	7.092
10882.68	7.091
10887.70	7.090
10892.71	7.088
10897.73	7.088
10902.74	7.087
10907.76	7.085
10912.77	7.084
10917.78	7.083
10922.80	7.083
10927.81	7.082
10932.83	7.081
10937.84	7.080
10942.86	7.079
10947.87	7.078
10952.89	7.077
10957.90	7.076
10962.92	7.075
10967.93	7.074
10972.95	7.073
10977.97	7.072
10982.98	7.071
10988.00	7.070
10993.01	7.069
10998.02	7.068
11003.04	7.067
11008.05	7.066
11013.06	7.065
11018.08	7.064
11023.10	7.063
11028.11	7.062
11033.13	7.061
11038.14	7.060
11043.15	7.059
11048.17	7.058
11053.18	7.057
11058.20	7.056
11063.21	7.055
11068.22	7.054
11073.24	7.053
11078.25	7.052
11083.27	7.051
11088.28	7.050
11093.29	7.049
11098.31	7.048
11103.32	7.047
11108.34	7.046
11113.35	7.045
11118.37	7.044
11123.38	7.043
11128.39	7.042
11133.41	7.041
11138.42	7.040
11143.44	7.039
11148.45	7.038
11153.47	7.037
11158.48	7.036
11163.50	7.035
11168.51	7.034
11173.52	7.033
11178.54	7.032
11183.55	7.031
11188.56	7.030
11193.58	7.029
11198.59	7.027
11203.61	7.026
11208.63	7.025
11213.64	7.024
11218.65	7.023
11223.67	7.022
11228.68	7.021
11233.69	7.021
11238.71	7.019
11243.73	7.018
11248.74	7.017
11253.76	7.016
11258.77	7.015
11263.79	7.014
11268.80	7.013
11273.81	7.012
11278.83	7.011
11283.85	7.010
11288.86	7.009
11293.87	7.008
11298.89	7.007
11303.90	7.006
11308.92	7.005
11313.93	7.004
11318.95	7.002
11323.96	7.001
11328.98	7.000
11333.99	6.999
11339.01	6.998
11344.02	6.997
11349.03	6.996
11354.05	6.995
11359.06	6.994
11364.08	6.993
11369.09	6.992
11374.11	6.991
11379.12	6.990
11384.14	6.988
11389.15	6.987
11394.17	6.986
11399.18	6.985
11404.20	6.984
11409.21	6.983
11414.23	6.982
11419.24	6.981
11424.25	6.980
11429.27	6.979
11434.28	6.977
11439.30	6.976
11444.34	6.975
11449.36	6.974
11454.37	6.973
11459.39	6.972
11464.40	6.970
11469.41	6.969
11474.43	6.968
11479.44	6.967
11484.45	6.966
11489.47	6.965
11494.49	6.963
11499.50	6.962
11504.52	6.961
11509.53	6.961
11514.55	6.959
11519.56	6.958
11524.57	6.957
11529.59	6.956
11534.61	6.955
11539.62	6.953
11544.64	6.952
11549.65	6.951
11554.66	6.950
11559.68	6.949
11564.70	6.948
11569.71	6.947
11574.72	6.946
11579.74	6.944
11584.75	6.943
11589.77	6.942
11594.78	6.941
11599.80	6.940
11604.81	6.938
11609.82	6.937
11614.84	6.936
11619.85	6.935
11624.86	6.934
11629.88	6.933
11634.89	6.932
11639.90	6.930
11644.92	6.929
11649.93	6.928
11654.95	6.927
11659.96	6.926
11664.97	6.925
11669.99	6.924
11675.00	6.922
11680.02	6.921
11685.03	6.920
11690.05	6.919
11695.06	6.918
11700.07	6.916
11705.08	6.915
11710.10	6.914
11715.11	6.913
11720.12	6.912
11725.14	6.910
11730.15	6.909
11735.17	6.908
11740.18	6.907
11745.20	6.906
11750.21	6.904
11755.23	6.903
11760.24	6.902
11765.26	6.901
11770.27	6.900
11775.28	6.898
11780.30	6.897
11785.31	6.896
11790.33	6.895
11795.34	6.893
11800.36	6.892
11805.37	6.891
11810.39	6.890
11815.40	6.889
11820.41	6.887
11825.43	6.886
11830.44	6.885
11835.45	6.884
11840.46	6.882
11845.48	6.881
11850.49	6.880
11855.51	6.879
11860.52	6.877
11865.53	6.876
11870.55	6.875
11875.56	6.874
11880.57	6.872
11885.58	6.871
11890.60	6.870
11895.61	6.869
11900.62	6.867
11905.63	6.866
11910.64	6.865
11915.65	6.864
11920.66	6.862
11925.68	6.861
11930.70	6.860
11935.71	6.858
11940.73	6.857
11945.74	6.856
11950.75	6.855
11955.77	6.853
11960.78	6.852
11965.80	6.851
11970.81	6.850
11975.83	6.848
11980.84	6.847
11985.86	6.846
11990.87	6.844
11995.89	6.843
12000.90	6.842
12005.92	6.840
12010.93	6.839
12015.95	6.838
12020.96	6.837
12025.98	6.835
12030.99	6.834
12036.00	6.833
12041.02	6.831
12046.03	6.830
12051.05	6.829
12056.06	6.828
12061.08	6.826
12066.09	6.825
12071.11	6.824
12076.12	6.822
12081.13	6.821
12086.15	6.820
12091.16	6.818
12096.18	6.817
12101.19	6.816
12106.21	6.815
12111.22	6.813
12116.24	6.812
12121.25	6.810
12126.26	6.809
12131.28	6.807
12136.29	6.806
12141.31	6.805
12146.32	6.803
12151.34	6.802
12156.35	6.801
12161.37	6.800
12166.38	6.799
12171.39	6.797
12176.41	6.795
12181.43	6.794
12186.44	6.792
12191.46	6.791
12196.47	6.790
12201.48	6.789
12206.50	6.787
12211.51	6.786
12216.53	6.785
12221.54	6.783
12226.56	6.782
12231.57	6.780
12236.59	6.779
12241.60	6.778
12246.61	6.776
12251.63	6.775
12256.64	6.773
12261.66	6.772
12266.67	6.771
12271.68	6.769
12276.70	6.768
12281.71	6.766
12286.73	6.765
12291.74	6.763
12296.75	6.762
12301.76	6.761
12306.78	6.759
12311.79	6.758
12316.80	6.756
12321.82	6.755
12326.83	6.754
12331.85	6.752
12336.86	6.751
12341.88	6.749
12346.89	6.748
12351.91	6.746
12356.92	6.745
12361.94	6.744
12366.95	6.742
12371.96	6.740
12376.98	6.739
12381.99	6.738
12387.01	6.736
12392.02	6.735
12397.04	6.734
12402.05	6.732
12407.07	6.730
12412.08	6.729
12417.10	6.727
12422.11	6.726
12427.12	6.725
12432.14	6.723
12437.16	6.721
12442.17	6.720
12447.18	6.719
12452.20	6.717
12457.21	6.716
12462.22	6.714
12467.24	6.713
12472.26	6.711
12477.27	6.709
12482.28	6.708
12487.30	6.706
12492.31	6.705
12497.33	6.703
12502.34	6.702
12507.35	6.701
12512.37	6.699
12517.38	6.698
12522.40	6.696
12527.41	6.694
12532.43	6.693
12537.44	6.692
12542.45	6.690
12547.46	6.688
12552.48	6.687
12557.49	6.685
12562.51	6.684
12567.52	6.682
12572.54	6.681
12577.55	6.679
12582.57	6.678
12587.58	6.676
12592.60	6.674
12597.61	6.673
12602.62	6.671
12607.64	6.670
12612.66	6.668
12617.67	6.667
12622.69	6.665
12627.70	6.664
12632.72	6.662
12637.73	6.661
12642.74	6.659
12647.75	6.657
12652.76	6.656
12657.78	6.654
12662.79	6.653
12667.80	6.651
12672.81	6.650
12677.82	6.648
12682.83	6.646
12687.85	6.645
12692.86	6.643
12697.87	6.642
12702.88	6.640
12707.89	6.638
12712.90	6.637
12717.91	6.635
12722.92	6.633
12727.94	6.632
12732.95	6.630
12737.96	6.629
12742.97	6.627
12747.98	6.626
12752.99	6.624
12758.01	6.622
12763.02	6.620
12768.04	6.619
12773.05	6.617
12778.07	6.616
12783.08	6.614
12788.09	6.612
12793.11	6.611
12798.12	6.609
12803.14	6.607
12808.15	6.606
12813.17	6.604
12818.18	6.603
12823.19	6.601
12828.21	6.599
12833.22	6.597
12838.24	6.596
12843.25	6.594
12848.27	6.592
12853.28	6.591
12858.30	6.589
12863.31	6.588
12868.33	6.586
12873.34	6.584
12878.35	6.582
12883.37	6.581
12888.38	6.579
12893.40	6.577
12898.41	6.575
12903.43	6.574
12908.44	6.572
12913.46	6.570
12918.47	6.569
12923.48	6.567
12928.50	6.565
12933.51	6.564
12938.52	6.562
12943.54	6.560
12948.56	6.558
12953.57	6.557
12958.58	6.555
12963.60	6.553
12968.61	6.551
12973.63	6.550
12978.64	6.548
12983.65	6.547
12988.67	6.545
12993.68	6.543
12998.70	6.541
13003.71	6.539
13008.73	6.538
13013.74	6.536
13018.75	6.534
13023.77	6.532
13028.78	6.531
13033.79	6.529
13038.81	6.527
13043.82	6.525
13048.84	6.524
13053.85	6.522
13058.86	6.520
13063.88	6.518
13068.90	6.516
13073.91	6.514
13078.92	6.513
13083.94	6.511
13088.96	6.509
13093.97	6.508
13098.98	6.506
13103.99	6.504
13109.00	6.502
13114.01	6.500
13119.02	6.498
13124.04	6.497
13129.05	6.495
13134.06	6.493
13139.08	6.491
13144.09	6.490
13149.11	6.488
13154.12	6.486
13159.13	6.484
13164.15	6.482
13169.16	6.480
13174.18	6.478
13179.19	6.476
13184.21	6.474
13189.22	6.472
13194.24	6.470
13199.25	6.469
13204.27	6.467
13209.28	6.465
13214.29	6.463
13219.31	6.461
13224.32	6.459
13229.34	6.458
13234.36	6.456
13239.37	6.454
13244.38	6.452
13249.40	6.450
13254.41	6.448
13259.43	6.446
13264.44	6.444
13269.46	6.442
13274.47	6.441
13279.49	6.438
13284.50	6.437
13289.51	6.434
13294.53	6.433
13299.54	6.430
13304.56	6.428
13309.57	6.426
13314.58	6.425
13319.59	6.423
13324.60	6.421
13329.62	6.419
13334.63	6.417
13339.64	6.415
13344.65	6.413
13349.66	6.411
13354.68	6.409
13359.69	6.407
13364.70	6.405
13369.72	6.403
13374.73	6.401
13379.74	6.399
13384.76	6.397
13389.77	6.394
13394.78	6.393
13399.80	6.390
13404.81	6.388
13409.82	6.386
13414.84	6.384
13419.85	6.382
13424.87	6.380
13429.89	6.378
13434.90	6.376
13439.92	6.374
13444.93	6.371
13449.94	6.369
13454.96	6.367
13459.97	6.365
13464.98	6.363
13469.99	6.361
13475.01	6.359
13480.02	6.356
13485.03	6.355
13490.04	6.352
13495.05	6.350
13500.07	6.348
13505.08	6.346
13510.09	6.344
13515.11	6.341
13520.12	6.339
13525.14	6.337
13530.15	6.335
13535.17	6.332
13540.18	6.330
13545.19	6.328
13550.21	6.326
13555.22	6.323
13560.23	6.321
13565.24	6.319
13570.25	6.316
13575.27	6.314
13580.28	6.312
13585.30	6.309
13590.31	6.307
13595.32	6.305
13600.34	6.303
13605.35	6.300
13610.37	6.298
13615.38	6.296
13620.39	6.294
13625.40	6.291
13630.42	6.289
13635.43	6.287
13640.44	6.284
13645.45	6.282
13650.46	6.280
13655.47	6.278
13660.49	6.275
13665.50	6.273
13670.51	6.270
13675.52	6.268
13680.53	6.266
13685.54	6.263
13690.56	6.261
13695.57	6.259
13700.59	6.256
13705.60	6.254
13710.61	6.252
13715.63	6.249
13720.64	6.247
13725.66	6.245
13730.68	6.242
13735.69	6.240
13740.70	6.238
13745.72	6.235
13750.73	6.233
13755.75	6.230
13760.76	6.228
13765.77	6.225
13770.79	6.223
13775.80	6.221
13780.81	6.218
13785.82	6.216
13790.83	6.214
13795.84	6.212
13800.86	6.209
13805.87	6.207
13810.88	6.205
13815.90	6.202
13820.91	6.200
13825.93	6.198
13830.94	6.195
13835.95	6.193
13840.96	6.190
13845.97	6.188
13850.98	6.185
13856.00	6.183
13861.01	6.181
13866.02	6.178
13871.03	6.176
13876.05	6.174
13881.06	6.171
13886.08	6.169
13891.09	6.167
13896.10	6.164
13901.12	6.162
13906.14	6.160
13911.15	6.157
13916.17	6.155
13921.18	6.152
13926.19	6.150
13931.21	6.148
13936.22	6.146
13941.24	6.143
13946.25	6.141
13951.27	6.138
13956.28	6.136
13961.30	6.134
13966.31	6.132
13971.32	6.129
13976.34	6.127
13981.35	6.124
13986.37	6.122
13991.38	6.119
13996.39	6.117
14001.41	6.115
14006.42	6.112
14011.43	6.110
14016.44	6.108
14021.45	6.106
14026.46	6.104
14031.48	6.101
14036.49	6.099
14041.50	6.096
14046.51	6.094
14051.52	6.092
14056.53	6.089
14061.54	6.087
14066.56	6.085
14071.57	6.082
14076.58	6.080
14081.59	6.078
14086.60	6.076
14091.61	6.073
14096.63	6.071
14101.64	6.069
14106.65	6.066
14111.66	6.064
14116.68	6.062
14121.69	6.060
14126.70	6.057
14131.72	6.055
14136.73	6.053
14141.75	6.050
14146.76	6.048
14151.78	6.046
14156.79	6.044
14161.80	6.041
14166.82	6.039
14171.83	6.037
14176.85	6.035
14181.86	6.032
14186.87	6.030
14191.89	6.028
14196.90	6.026
14201.92	6.023
14206.93	6.021
14211.95	6.019
14216.96	6.017
14221.98	6.015
14226.99	6.012
14232.00	6.010
14237.02	6.008
14242.04	6.005
14247.05	6.003
14252.06	6.002
14257.08	5.999
14262.09	5.997
14267.11	5.995
14272.12	5.992
14277.14	5.990
14282.15	5.988
14287.17	5.986
14292.18	5.984
14297.19	5.982
14302.21	5.980
14307.22	5.977
14312.24	5.975
14317.25	5.973
