0.00	7.933
5.01	7.915
10.02	7.915
15.04	7.914
20.05	7.914
25.06	7.914
30.07	7.914
35.08	7.914
40.09	7.914
45.11	7.914
50.12	7.914
55.14	7.914
60.15	7.604
65.16	7.626
70.17	7.632
75.18	7.637
80.19	7.640
85.20	7.641
90.22	7.643
95.23	7.643
100.24	7.644
105.26	7.644
110.27	7.644
115.29	7.644
120.30	7.644
125.31	7.644
130.33	7.644
135.34	7.644
140.36	7.643
145.37	7.643
150.38	7.643
155.40	7.642
160.41	7.642
165.43	7.642
170.44	7.641
175.46	7.641
180.47	7.640
185.48	7.640
190.50	7.640
195.51	7.640
200.52	7.639
205.53	7.639
210.55	7.639
215.56	7.638
220.57	7.638
225.58	7.637
230.59	7.637
235.60	7.637
240.62	7.637
245.63	7.636
250.65	7.636
255.66	7.636
260.67	7.635
265.68	7.635
270.69	7.635
275.70	7.635
280.71	7.634
285.73	7.634
290.74	7.634
295.75	7.634
300.76	7.633
305.78	7.633
310.79	7.633
315.81	7.633
320.82	7.632
325.83	7.632
330.85	7.632
335.86	7.632
340.88	7.632
345.89	7.631
350.91	7.631
355.92	7.631
360.94	7.630
365.95	7.630
370.96	7.630
375.98	7.630
381.00	7.630
386.01	7.629
391.03	7.629
396.04	7.629
401.06	7.629
406.07	7.628
411.08	7.628
416.10	7.628
421.12	7.628
426.13	7.628
431.14	7.627
436.16	7.627
441.17	7.627
446.18	7.626
451.19	7.626
456.21	7.626
461.22	7.626
466.23	7.625
471.24	7.625
476.25	7.625
481.26	7.625
486.28	7.625
491.29	7.624
496.30	7.624
501.31	7.624
506.32	7.623
511.33	7.623
516.34	7.623
521.36	7.623
526.37	7.623
531.38	7.623
536.39	7.622
541.40	7.622
546.41	7.622
551.42	7.622
556.44	7.621
561.45	7.621
566.46	7.621
571.47	7.621
576.49	7.620
581.50	7.620
586.51	7.620
591.52	7.620
596.54	7.620
601.55	7.620
606.56	7.620
611.57	7.619
616.59	7.619
621.61	7.619
626.62	7.619
631.63	7.618
636.65	7.618
641.66	7.618
646.68	7.618
651.69	7.618
656.71	7.617
661.72	7.618
666.74	7.617
671.75	7.617
676.77	7.616
681.78	7.616
686.80	7.616
691.81	7.616
696.83	7.616
701.84	7.616
706.86	7.615
711.87	7.615
716.88	7.615
721.90	7.615
726.91	7.615
731.92	7.614
736.93	7.614
741.95	7.614
746.96	7.614
751.97	7.614
756.98	7.614
761.99	7.613
767.00	7.613
772.01	7.613
777.03	7.613
782.04	7.613
787.05	7.612
792.07	7.612
797.08	7.612
802.10	7.612
807.11	7.611
812.13	7.611
817.14	7.611
822.16	7.611
827.17	7.611
832.18	7.611
837.20	7.610
842.21	7.610
847.23	7.610
852.24	7.610
857.26	7.610
862.27	7.610
867.29	7.609
872.30	7.609
877.32	7.609
882.33	7.609
887.34	7.609
892.36	7.608
897.37	7.608
902.38	7.608
907.40	7.608
912.41	7.607
917.43	7.607
922.44	7.607
927.45	7.607
932.47	7.607
937.48	7.607
942.50	7.606
947.51	7.606
952.52	7.606
957.54	7.606
962.55	7.606
967.57	7.606
972.58	7.605
977.59	7.605
982.60	7.605
987.61	7.604
992.62	7.604
997.64	7.604
1002.65	7.604
1007.66	7.604
1012.67	7.604
1017.68	7.604
1022.69	7.603
1027.71	7.603
1032.72	7.603
1037.74	7.602
1042.75	7.602
1047.77	7.602
1052.78	7.602
1057.80	7.602
1062.81	7.602
1067.82	7.601
1072.84	7.601
1077.85	7.601
1082.87	7.601
1087.88	7.601
1092.90	7.601
1097.91	7.600
1102.92	7.600
1107.94	7.600
1112.95	7.600
1117.97	7.600
1122.98	7.600
1128.00	7.600
1133.01	7.599
1138.02	7.599
1143.04	7.599
1148.05	7.598
1153.07	7.598
1158.09	7.598
1163.10	7.598
1168.12	7.597
1173.13	7.597
1178.14	7.597
1183.15	7.597
1188.16	7.596
1193.18	7.597
1198.19	7.596
1203.20	7.596
1208.21	7.596
1213.22	7.595
1218.23	7.595
1223.25	7.595
1228.26	7.595
1233.27	7.595
1238.28	7.595
1243.29	7.595
1248.30	7.594
1253.31	7.594
1258.33	7.594
1263.34	7.594
1268.35	7.594
1273.36	7.594
1278.37	7.594
1283.39	7.593
1288.40	7.593
1293.41	7.593
1298.42	7.592
1303.43	7.592
1308.44	7.592
1313.46	7.592
1318.47	7.591
1323.48	7.591
1328.49	7.591
1333.50	7.591
1338.51	7.590
1343.52	7.590
1348.54	7.590
1353.55	7.590
1358.56	7.590
1363.57	7.590
1368.58	7.590
1373.59	7.589
1378.61	7.589
1383.62	7.589
1388.63	7.589
1393.64	7.589
1398.65	7.588
1403.66	7.588
1408.67	7.588
1413.69	7.588
1418.70	7.588
1423.71	7.587
1428.72	7.587
1433.73	7.587
1438.74	7.586
1443.76	7.586
1448.77	7.586
1453.78	7.586
1458.79	7.586
1463.80	7.585
1468.81	7.585
1473.83	7.585
1478.84	7.585
1483.85	7.585
1488.86	7.584
1493.87	7.584
1498.88	7.584
1503.89	7.584
1508.91	7.584
1513.92	7.583
1518.93	7.583
1523.94	7.583
1528.95	7.583
1533.96	7.583
1538.98	7.582
1543.99	7.582
1549.00	7.582
1554.01	7.581
1559.03	7.581
1564.04	7.581
1569.05	7.581
1574.06	7.581
1579.07	7.580
1584.09	7.580
1589.10	7.580
1594.11	7.580
1599.12	7.579
1604.13	7.579
1609.14	7.579
1614.15	7.579
1619.17	7.579
1624.18	7.578
1629.19	7.578
1634.20	7.578
1639.21	7.578
1644.22	7.578
1649.23	7.577
1654.25	7.577
1659.26	7.577
1664.27	7.577
1669.28	7.576
1674.29	7.576
1679.30	7.576
1684.32	7.576
1689.33	7.575
1694.34	7.575
1699.35	7.575
1704.36	7.575
1709.37	7.575
1714.38	7.574
1719.40	7.574
1724.41	7.574
1729.42	7.574
1734.43	7.573
1739.44	7.573
1744.45	7.573
1749.46	7.573
1754.48	7.573
1759.49	7.572
1764.50	7.572
1769.51	7.572
1774.52	7.571
1779.53	7.571
1784.55	7.571
1789.56	7.571
1794.57	7.571
1799.58	7.571
1804.59	7.570
1809.60	7.570
1814.61	7.570
1819.63	7.570
1824.64	7.569
1829.65	7.569
1834.66	7.569
1839.67	7.569
1844.68	7.568
1849.69	7.568
1854.71	7.568
1859.72	7.568
1864.73	7.568
1869.74	7.567
1874.75	7.567
1879.76	7.567
1884.78	7.567
1889.79	7.567
1894.80	7.566
1899.81	7.566
1904.82	7.565
1909.83	7.565
1914.84	7.565
1919.86	7.565
1924.87	7.565
1929.88	7.564
1934.89	7.565
1939.90	7.564
1944.91	7.564
1949.92	7.564
1954.94	7.564
1959.95	7.563
1964.96	7.563
1969.97	7.563
1974.98	7.562
1979.99	7.562
1985.00	7.562
1990.02	7.562
1995.03	7.561
2000.04	7.562
2005.05	7.561
2010.06	7.561
2015.07	7.560
2020.08	7.560
2025.10	7.560
2030.11	7.560
2035.12	7.559
2040.13	7.559
2045.14	7.559
2050.15	7.559
2055.16	7.558
2060.18	7.558
2065.19	7.558
2070.20	7.558
2075.21	7.558
2080.22	7.557
2085.23	7.557
2090.24	7.557
2095.26	7.557
2100.27	7.556
2105.28	7.556
2110.29	7.556
2115.30	7.556
2120.31	7.555
2125.33	7.556
2130.34	7.555
2135.35	7.555
2140.36	7.555
2145.37	7.554
2150.38	7.554
2155.39	7.554
2160.41	7.553
2165.42	7.553
2170.43	7.553
2175.44	7.553
2180.45	7.552
2185.46	7.552
2190.48	7.552
2195.49	7.552
2200.50	7.552
2205.51	7.551
2210.52	7.551
2215.53	7.551
2220.54	7.551
2225.56	7.550
2230.57	7.550
2235.58	7.550
2240.59	7.550
2245.60	7.550
2250.61	7.549
2255.63	7.549
2260.64	7.549
2265.65	7.549
2270.66	7.548
2275.67	7.548
2280.68	7.548
2285.69	7.548
2290.71	7.547
2295.72	7.547
2300.73	7.547
2305.74	7.547
2310.75	7.546
2315.76	7.546
2320.77	7.546
2325.79	7.545
2330.80	7.545
2335.81	7.545
2340.82	7.545
2345.83	7.545
2350.84	7.544
2355.86	7.544
2360.87	7.544
2365.88	7.544
2370.89	7.543
2375.90	7.543
2380.91	7.543
2385.93	7.543
2390.94	7.542
2395.95	7.542
2400.96	7.541
2405.97	7.541
2410.98	7.541
2415.99	7.541
2421.01	7.541
2426.02	7.540
2431.03	7.540
2436.05	7.540
2441.06	7.539
2446.07	7.539
2451.09	7.539
2456.10	7.539
2461.11	7.538
2466.13	7.538
2471.14	7.538
2476.15	7.538
2481.17	7.538
2486.18	7.537
2491.20	7.537
2496.21	7.537
2501.22	7.537
2506.24	7.536
2511.25	7.536
2516.26	7.535
2521.27	7.535
2526.28	7.535
2531.29	7.535
2536.30	7.535
2541.32	7.534
2546.33	7.534
2551.34	7.534
2556.35	7.533
2561.36	7.533
2566.37	7.533
2571.38	7.533
2576.40	7.533
2581.41	7.533
2586.42	7.532
2591.43	7.532
2596.44	7.531
2601.45	7.531
2606.47	7.531
2611.48	7.531
2616.49	7.531
2621.50	7.530
2626.51	7.530
2631.52	7.530
2636.54	7.530
2641.55	7.529
2646.56	7.529
2651.57	7.529
2656.58	7.528
2661.59	7.528
2666.61	7.528
2671.62	7.528
2676.63	7.527
2681.64	7.527
2686.65	7.527
2691.66	7.527
2696.67	7.526
2701.69	7.526
2706.70	7.525
2711.71	7.525
2716.72	7.525
2721.73	7.525
2726.74	7.525
2731.76	7.525
2736.77	7.524
2741.78	7.524
2746.79	7.524
2751.80	7.523
2756.81	7.523
2761.82	7.523
2766.84	7.522
2771.85	7.522
2776.86	7.522
2781.87	7.522
2786.88	7.522
2791.89	7.521
2796.91	7.521
2801.92	7.521
2806.93	7.520
2811.94	7.520
2816.95	7.520
2821.96	7.520
2826.97	7.519
2831.99	7.519
2837.00	7.519
2842.01	7.519
2847.02	7.519
2852.03	7.518
2857.04	7.518
2862.06	7.517
2867.07	7.517
2872.08	7.517
2877.09	7.517
2882.10	7.517
2887.11	7.516
2892.13	7.516
2897.14	7.516
2902.15	7.515
2907.16	7.515
2912.17	7.515
2917.18	7.515
2922.19	7.514
2927.21	7.514
2932.22	7.514
2937.23	7.513
2942.24	7.513
2947.25	7.513
2952.26	7.513
2957.28	7.512
2962.29	7.512
2967.30	7.512
2972.31	7.512
2977.32	7.511
2982.33	7.511
2987.34	7.511
2992.36	7.511
2997.37	7.510
3002.38	7.510
3007.39	7.510
3012.40	7.510
3017.41	7.509
3022.43	7.509
3027.44	7.509
3032.45	7.509
3037.46	7.508
3042.47	7.508
3047.48	7.508
3052.49	7.508
3057.51	7.507
3062.52	7.507
3067.53	7.507
3072.54	7.507
3077.55	7.506
3082.56	7.506
3087.58	7.506
3092.59	7.506
3097.60	7.505
3102.61	7.505
3107.62	7.505
3112.63	7.504
3117.64	7.504
3122.66	7.504
3127.67	7.504
3132.68	7.503
3137.69	7.503
3142.70	7.503
3147.71	7.502
3152.73	7.502
3157.74	7.502
3162.75	7.502
3167.76	7.502
3172.77	7.501
3177.78	7.501
3182.80	7.501
3187.81	7.501
3192.82	7.500
3197.83	7.500
3202.84	7.500
3207.85	7.500
3212.87	7.499
3217.88	7.499
3222.89	7.498
3227.90	7.498
3232.91	7.498
3237.92	7.498
3242.94	7.497
3247.95	7.497
3252.96	7.497
3257.97	7.496
3262.98	7.496
3267.99	7.496
3273.00	7.494
3278.02	7.492
3283.03	7.492
3288.04	7.492
3293.05	7.492
3298.06	7.492
3303.07	7.491
3308.09	7.491
3313.10	7.491
3318.11	7.491
3323.12	7.490
3328.13	7.490
3333.14	7.490
3338.15	7.490
3343.17	7.489
3348.18	7.489
3353.19	7.489
3358.21	7.488
3363.22	7.488
3368.23	7.488
3373.24	7.487
3378.26	7.487
3383.27	7.487
3388.28	7.486
3393.29	7.486
3398.30	7.486
3403.31	7.486
3408.32	7.486
3413.34	7.485
3418.35	7.485
3423.36	7.485
3428.37	7.485
3433.38	7.484
3438.39	7.484
3443.41	7.484
3448.42	7.484
3453.43	7.484
3458.44	7.483
3463.45	7.483
3468.46	7.483
3473.48	7.482
3478.49	7.482
3483.50	7.482
3488.51	7.482
3493.52	7.481
3498.53	7.481
3503.54	7.481
3508.56	7.480
3513.57	7.480
3518.58	7.480
3523.59	7.479
3528.60	7.479
3533.61	7.479
3538.63	7.478
3543.65	7.478
3548.66	7.478
3553.67	7.478
3558.69	7.478
3563.70	7.477
3568.72	7.477
3573.74	7.477
3578.75	7.477
3583.76	7.476
3588.78	7.476
3593.79	7.476
3598.80	7.475
3603.81	7.475
3608.82	7.475
3613.84	7.474
3618.85	7.474
3623.86	7.474
3628.87	7.474
3633.88	7.474
3638.89	7.473
3643.90	7.473
3648.92	7.473
3653.93	7.472
3658.95	7.472
3663.96	7.472
3668.98	7.472
3673.99	7.471
3679.01	7.471
3684.02	7.471
3689.04	7.471
3694.06	7.470
3699.07	7.470
3704.08	7.469
3709.09	7.469
3714.11	7.469
3719.12	7.469
3724.13	7.468
3729.14	7.468
3734.16	7.467
3739.17	7.467
3744.18	7.467
3749.19	7.467
3754.20	7.467
3759.22	7.466
3764.23	7.466
3769.24	7.465
3774.25	7.465
3779.26	7.465
3784.27	7.465
3789.29	7.465
3794.30	7.464
3799.31	7.464
3804.32	7.464
3809.34	7.463
3814.35	7.463
3819.37	7.463
3824.38	7.462
3829.39	7.462
3834.40	7.462
3839.42	7.461
3844.43	7.461
3849.44	7.461
3854.45	7.461
3859.46	7.460
3864.48	7.460
3869.49	7.460
3874.50	7.460
3879.51	7.459
3884.52	7.459
3889.53	7.459
3894.55	7.459
3899.56	7.458
3904.57	7.458
3909.58	7.458
3914.59	7.457
3919.60	7.457
3924.62	7.457
3929.63	7.456
3934.64	7.456
3939.65	7.456
3944.66	7.456
3949.67	7.455
3954.68	7.455
3959.69	7.455
3964.71	7.454
3969.72	7.454
3974.73	7.454
3979.74	7.454
3984.75	7.453
3989.76	7.453
3994.77	7.453
3999.79	7.452
4004.80	7.452
4009.81	7.452
4014.82	7.452
4019.83	7.451
4024.84	7.451
4029.86	7.451
4034.87	7.451
4039.88	7.450
4044.89	7.450
4049.90	7.450
4054.91	7.449
4059.93	7.449
4064.94	7.449
4069.95	7.449
4074.96	7.448
4079.97	7.448
4084.98	7.447
4089.99	7.447
4095.01	7.447
4100.02	7.447
4105.03	7.446
4110.04	7.446
4115.05	7.446
4120.06	7.446
4125.08	7.445
4130.09	7.445
4135.10	7.445
4140.11	7.445
4145.12	7.444
4150.13	7.444
4155.15	7.444
4160.16	7.443
4165.17	7.443
4170.18	7.443
4175.19	7.443
4180.20	7.443
4185.21	7.442
4190.23	7.442
4195.24	7.442
4200.25	7.441
4205.26	7.441
4210.27	7.441
4215.28	7.440
4220.30	7.440
4225.31	7.440
4230.32	7.439
4235.33	7.439
4240.34	7.439
4245.35	7.439
4250.36	7.439
4255.38	7.438
4260.39	7.438
4265.40	7.438
4270.41	7.437
4275.42	7.437
4280.43	7.437
4285.45	7.437
4290.46	7.436
4295.47	7.436
4300.48	7.436
4305.49	7.435
4310.50	7.435
4315.51	7.435
4320.53	7.435
4325.54	7.434
4330.55	7.434
4335.56	7.433
4340.57	7.433
4345.58	7.433
4350.59	7.432
4355.61	7.432
4360.62	7.432
4365.63	7.432
4370.64	7.432
4375.65	7.432
4380.66	7.431
4385.68	7.431
4390.69	7.431
4395.70	7.430
4400.71	7.430
4405.72	7.430
4410.73	7.430
4415.74	7.429
4420.76	7.429
4425.77	7.429
4430.78	7.428
4435.79	7.428
4440.80	7.428
4445.82	7.428
4450.83	7.427
4455.85	7.427
4460.86	7.427
4465.87	7.427
4470.88	7.427
4475.89	7.426
4480.90	7.426
4485.91	7.426
4490.93	7.425
4495.94	7.425
4500.95	7.425
4505.96	7.425
4510.97	7.424
4515.98	7.424
4520.99	7.424
4526.01	7.424
4531.02	7.423
4536.03	7.423
4541.04	7.423
4546.05	7.422
4551.06	7.422
4556.08	7.422
4561.10	7.421
4566.11	7.421
4571.13	7.421
4576.14	7.421
4581.15	7.421
4586.17	7.420
4591.18	7.420
4596.20	7.420
4601.21	7.420
4606.23	7.420
4611.24	7.419
4616.25	7.419
4621.26	7.419
4626.28	7.418
4631.29	7.418
4636.30	7.418
4641.31	7.418
4646.32	7.417
4651.33	7.417
4656.34	7.417
4661.36	7.416
4666.37	7.416
4671.38	7.416
4676.39	7.416
4681.40	7.415
4686.42	7.415
4691.44	7.415
4696.45	7.415
4701.47	7.415
4706.48	7.414
4711.49	7.414
4716.51	7.414
4721.52	7.413
4726.54	7.413
4731.55	7.413
4736.56	7.413
4741.57	7.413
4746.58	7.413
4751.60	7.412
4756.61	7.412
4761.62	7.412
4766.63	7.412
4771.64	7.412
4776.65	7.411
4781.66	7.411
4786.68	7.410
4791.69	7.410
4796.70	7.410
4801.71	7.410
4806.72	7.410
4811.73	7.410
4816.75	7.409
4821.76	7.409
4826.77	7.409
4831.78	7.409
4836.79	7.408
4841.80	7.408
4846.81	7.408
4851.83	7.408
4856.84	7.408
4861.85	7.407
4866.86	7.407
4871.87	7.407
4876.88	7.407
4881.90	7.406
4886.91	7.406
4891.92	7.406
4896.93	7.406
4901.94	7.406
4906.95	7.406
4911.96	7.405
4916.98	7.405
4921.99	7.404
4927.00	7.404
4932.01	7.404
4937.02	7.404
4942.03	7.404
4947.05	7.404
4952.06	7.403
4957.07	7.403
4962.08	7.403
4967.09	7.402
4972.10	7.402
4977.11	7.403
4982.13	7.403
4987.14	7.402
4992.15	7.402
4997.16	7.401
5002.17	7.401
5007.18	7.401
5012.19	7.401
5017.21	7.401
5022.22	7.400
5027.23	7.400
5032.24	7.400
5037.25	7.399
5042.26	7.399
5047.28	7.399
5052.29	7.399
5057.30	7.399
5062.31	7.399
5067.32	7.399
5072.33	7.398
5077.34	7.398
5082.36	7.398
5087.37	7.398
5092.38	7.398
5097.39	7.398
5102.40	7.397
5107.41	7.397
5112.42	7.397
5117.44	7.397
5122.45	7.397
5127.46	7.396
5132.47	7.396
5137.48	7.396
5142.49	7.396
5147.51	7.395
5152.52	7.395
5157.53	7.394
5162.55	7.394
5167.56	7.394
5172.57	7.394
5177.58	7.394
5182.59	7.394
5187.60	7.394
5192.61	7.393
5197.63	7.393
5202.64	7.393
5207.65	7.393
5212.66	7.393
5217.67	7.392
5222.68	7.392
5227.69	7.392
5232.71	7.392
5237.72	7.392
5242.73	7.391
5247.74	7.391
5252.75	7.391
5257.76	7.391
5262.78	7.390
5267.79	7.391
5272.80	7.390
5277.81	7.390
5282.82	7.390
5287.83	7.390
5292.84	7.390
5297.86	7.389
5302.87	7.389
5307.88	7.389
5312.89	7.389
5317.90	7.389
5322.91	7.389
5327.93	7.389
5332.94	7.388
5337.95	7.388
5342.96	7.388
5347.97	7.388
5352.98	7.388
5357.99	7.388
5363.01	7.387
5368.02	7.387
5373.03	7.387
5378.04	7.387
5383.05	7.386
5388.06	7.386
5393.08	7.386
5398.09	7.386
5403.10	7.385
5408.11	7.385
5413.12	7.385
5418.13	7.385
5423.15	7.385
5428.16	7.385
5433.17	7.384
5438.18	7.384
5443.19	7.384
5448.20	7.384
5453.21	7.384
5458.23	7.384
5463.24	7.383
5468.25	7.383
5473.26	7.383
5478.27	7.383
5483.28	7.383
5488.30	7.383
5493.31	7.383
5498.32	7.383
5503.33	7.382
5508.34	7.382
5513.35	7.382
5518.36	7.381
5523.38	7.381
5528.39	7.381
5533.40	7.381
5538.41	7.381
5543.42	7.381
5548.43	7.381
5553.45	7.380
5558.46	7.380
5563.47	7.380
5568.48	7.380
5573.49	7.380
5578.50	7.380
5583.51	7.379
5588.53	7.379
5593.54	7.379
5598.55	7.379
5603.56	7.379
5608.57	7.379
5613.58	7.379
5618.60	7.378
5623.61	7.379
5628.62	7.378
5633.63	7.378
5638.64	7.378
5643.65	7.378
5648.67	7.377
5653.68	7.377
5658.69	7.377
5663.70	7.377
5668.71	7.376
5673.72	7.376
5678.73	7.376
5683.75	7.376
5688.76	7.376
5693.77	7.376
5698.78	7.376
5703.79	7.376
5708.80	7.375
5713.82	7.375
5718.83	7.375
5723.84	7.375
5728.85	7.375
5733.86	7.375
5738.87	7.375
5743.88	7.375
5748.90	7.374
5753.91	7.374
5758.92	7.374
5763.93	7.374
5768.94	7.373
5773.95	7.373
5778.97	7.373
5783.98	7.373
5788.99	7.373
5794.00	7.373
5799.01	7.373
5804.02	7.372
5809.04	7.372
5814.05	7.372
5819.06	7.372
5824.07	7.372
5829.08	7.372
5834.09	7.372
5839.10	7.372
5844.11	7.372
5849.13	7.371
5854.14	7.371
5859.15	7.371
5864.16	7.371
5869.17	7.371
5874.18	7.371
5879.20	7.370
5884.21	7.370
5889.22	7.370
5894.23	7.370
5899.24	7.370
5904.25	7.370
5909.27	7.370
5914.28	7.370
5919.29	7.370
5924.30	7.369
5929.31	7.369
5934.32	7.368
5939.33	7.369
5944.35	7.369
5949.36	7.368
5954.37	7.368
5959.38	7.368
5964.39	7.368
5969.40	7.368
5974.41	7.368
5979.43	7.367
5984.44	7.367
5989.45	7.367
5994.46	7.367
5999.47	7.367
6004.48	7.367
6009.50	7.367
6014.51	7.367
6019.52	7.367
6024.53	7.366
6029.54	7.366
6034.55	7.366
6039.57	7.366
6044.58	7.366
6049.59	7.366
6054.60	7.365
6059.61	7.365
6064.62	7.365
6069.63	7.365
6074.65	7.365
6079.66	7.365
6084.67	7.365
6089.68	7.365
6094.69	7.365
6099.70	7.365
6104.72	7.364
6109.73	7.364
6114.74	7.364
6119.75	7.364
6124.76	7.364
6129.77	7.364
6134.78	7.363
6139.80	7.363
6144.81	7.363
6149.82	7.363
6154.83	7.363
6159.84	7.363
6164.85	7.363
6169.87	7.363
6174.88	7.363
6179.89	7.363
6184.90	7.362
6189.91	7.362
6194.92	7.362
6199.93	7.362
6204.95	7.361
6209.96	7.361
6214.97	7.361
6219.98	7.361
6224.99	7.361
6230.00	7.361
6235.01	7.361
6240.03	7.360
6245.04	7.360
6250.05	7.360
6255.06	7.360
6260.07	7.360
6265.08	7.359
6270.10	7.360
6275.11	7.359
6280.12	7.359
6285.13	7.359
6290.14	7.359
6295.15	7.359
6300.16	7.359
6305.18	7.359
6310.19	7.358
6315.20	7.359
6320.21	7.358
6325.22	7.358
6330.23	7.358
6335.24	7.358
6340.26	7.358
6345.27	7.358
6350.28	7.358
6355.30	7.358
6360.31	7.357
6365.33	7.357
6370.34	7.357
6375.35	7.357
6380.37	7.357
6385.38	7.357
6390.40	7.357
6395.41	7.357
6400.43	7.357
6405.44	7.356
6410.45	7.356
6415.46	7.356
6420.47	7.356
6425.48	7.356
6430.50	7.356
6435.51	7.356
6440.52	7.356
6445.54	7.355
6450.55	7.355
6455.57	7.355
6460.58	7.355
6465.59	7.355
6470.61	7.355
6475.62	7.355
6480.64	7.354
6485.65	7.354
6490.66	7.354
6495.67	7.354
6500.68	7.354
6505.69	7.354
6510.71	7.354
6515.72	7.354
6520.73	7.354
6525.74	7.354
6530.75	7.353
6535.76	7.354
6540.78	7.353
6545.79	7.353
6550.80	7.353
6555.81	7.353
6560.82	7.353
6565.83	7.352
6570.85	7.352
6575.86	7.352
6580.87	7.352
6585.88	7.352
6590.89	7.352
6595.90	7.352
6600.91	7.352
6605.93	7.352
6610.94	7.351
6615.95	7.351
6620.96	7.351
6625.97	7.351
6630.98	7.350
6636.00	7.350
6641.01	7.350
6646.02	7.350
6651.03	7.350
6656.04	7.350
6661.05	7.350
6666.06	7.350
6671.08	7.350
6676.09	7.350
6681.10	7.350
6686.11	7.349
6691.12	7.349
6696.13	7.349
6701.15	7.349
6706.16	7.349
6711.17	7.349
6716.18	7.348
6721.19	7.348
6726.20	7.348
6731.21	7.348
6736.23	7.348
6741.24	7.348
6746.25	7.348
6751.26	7.347
6756.27	7.347
6761.28	7.347
6766.30	7.347
6771.31	7.347
6776.32	7.347
6781.33	7.346
6786.34	7.346
6791.35	7.347
6796.36	7.347
6801.38	7.346
6806.39	7.346
6811.40	7.346
6816.41	7.346
6821.42	7.346
6826.43	7.346
6831.45	7.346
6836.46	7.346
6841.47	7.345
6846.48	7.346
6851.49	7.345
6856.50	7.345
6861.52	7.345
6866.53	7.345
6871.54	7.345
6876.55	7.345
6881.56	7.344
6886.57	7.344
6891.58	7.344
6896.59	7.344
6901.61	7.344
6906.62	7.344
6911.63	7.344
6916.64	7.344
6921.65	7.343
6926.66	7.343
6931.68	7.343
6936.69	7.343
6941.70	7.343
6946.71	7.343
6951.72	7.343
6956.73	7.342
6961.74	7.342
6966.76	7.342
6971.77	7.342
6976.78	7.342
6981.79	7.342
6986.80	7.342
6991.81	7.342
6996.82	7.342
7001.84	7.342
7006.85	7.341
7011.86	7.341
7016.87	7.341
7021.88	7.341
7026.89	7.341
7031.91	7.341
7036.92	7.340
7041.93	7.340
7046.94	7.340
7051.95	7.340
7056.96	7.340
7061.98	7.340
7066.99	7.340
7072.00	7.340
7077.01	7.340
7082.02	7.340
7087.03	7.339
7092.04	7.339
7097.06	7.339
7102.07	7.339
7107.08	7.339
7112.09	7.339
7117.10	7.339
7122.11	7.339
7127.13	7.338
7132.14	7.338
7137.15	7.339
7142.16	7.338
7147.17	7.338
7152.18	7.338
7157.19	7.338
7162.21	7.338
7167.22	7.338
7172.23	7.338
7177.24	7.338
7182.25	7.338
7187.26	7.338
7192.28	7.337
7197.29	7.337
7202.30	7.337
7207.31	7.337
7212.32	7.337
7217.33	7.336
7222.35	7.336
7227.36	7.336
7232.37	7.336
7237.38	7.336
7242.39	7.336
7247.40	7.335
7252.41	7.335
7257.43	7.335
7262.44	7.335
7267.45	7.335
7272.46	7.335
7277.47	7.335
7282.48	7.334
7287.50	7.334
7292.51	7.334
7297.52	7.334
7302.53	7.334
7307.54	7.334
7312.55	7.334
7317.57	7.334
7322.58	7.334
7327.59	7.334
7332.60	7.334
7337.61	7.334
7342.62	7.334
7347.63	7.333
7352.65	7.333
7357.66	7.333
7362.67	7.333
7367.68	7.332
7372.69	7.332
7377.70	7.332
7382.71	7.332
7387.73	7.332
7392.74	7.332
7397.75	7.332
7402.76	7.331
7407.77	7.331
7412.78	7.331
7417.80	7.331
7422.81	7.331
7427.82	7.331
7432.83	7.331
7437.85	7.331
7442.86	7.331
7447.87	7.331
7452.88	7.331
7457.89	7.330
7462.90	7.330
7467.92	7.330
7472.93	7.330
7477.94	7.330
7482.95	7.330
7487.96	7.330
7492.97	7.330
7497.99	7.329
7503.00	7.329
7508.01	7.329
7513.02	7.329
7518.03	7.329
7523.05	7.329
7528.06	7.329
7533.08	7.329
7538.09	7.329
7543.11	7.328
7548.12	7.328
7553.13	7.328
7558.15	7.328
7563.16	7.328
7568.18	7.328
7573.19	7.328
7578.21	7.327
7583.22	7.327
7588.23	7.327
7593.24	7.327
7598.25	7.327
7603.26	7.327
7608.27	7.326
7613.29	7.326
7618.30	7.327
7623.31	7.326
7628.32	7.326
7633.33	7.326
7638.34	7.326
7643.36	7.326
7648.37	7.326
7653.38	7.325
7658.39	7.325
7663.40	7.325
7668.41	7.325
7673.42	7.325
7678.43	7.325
7683.45	7.325
7688.46	7.325
7693.47	7.325
7698.48	7.325
7703.49	7.324
7708.50	7.324
7713.52	7.324
7718.53	7.324
7723.54	7.324
7728.55	7.324
7733.56	7.324
7738.57	7.323
7743.59	7.323
7748.60	7.323
7753.61	7.323
7758.62	7.323
7763.63	7.322
7768.64	7.323
7773.65	7.322
7778.67	7.322
7783.68	7.322
7788.69	7.322
7793.70	7.322
7798.71	7.322
7803.72	7.321
7808.74	7.321
7813.75	7.321
7818.76	7.321
7823.77	7.321
7828.78	7.321
7833.79	7.321
7838.81	7.320
7843.82	7.320
7848.83	7.320
7853.84	7.320
7858.85	7.320
7863.86	7.320
7868.87	7.320
7873.89	7.320
7878.90	7.319
7883.91	7.319
7888.92	7.319
7893.93	7.319
7898.94	7.319
7903.96	7.319
7908.97	7.319
7913.98	7.319
7918.99	7.318
7924.00	7.318
7929.01	7.318
7934.03	7.318
7939.04	7.318
7944.05	7.318
7949.06	7.318
7954.07	7.317
7959.09	7.318
7964.10	7.318
7969.12	7.317
7974.13	7.317
7979.15	7.317
7984.16	7.317
7989.17	7.317
7994.18	7.317
7999.19	7.316
8004.20	7.316
8009.22	7.316
8014.23	7.316
8019.24	7.316
8024.25	7.315
8029.26	7.315
8034.27	7.315
8039.29	7.315
8044.30	7.315
8049.31	7.315
8054.32	7.314
8059.33	7.314
8064.34	7.315
8069.35	7.315
8074.37	7.314
8079.38	7.314
8084.39	7.314
8089.40	7.313
8094.41	7.313
8099.42	7.313
8104.44	7.313
8109.45	7.313
8114.46	7.313
8119.47	7.313
8124.48	7.313
8129.49	7.313
8134.50	7.312
8139.52	7.312
8144.53	7.312
8149.54	7.312
8154.55	7.312
8159.56	7.312
8164.57	7.312
8169.59	7.312
8174.60	7.311
8179.61	7.312
8184.62	7.311
8189.63	7.311
8194.64	7.311
8199.66	7.311
8204.67	7.311
8209.68	7.310
8214.69	7.310
8219.70	7.310
8224.71	7.310
8229.72	7.310
8234.74	7.310
8239.75	7.310
8244.76	7.310
8249.77	7.309
8254.78	7.309
8259.79	7.309
8264.80	7.308
8269.82	7.308
8274.83	7.308
8279.84	7.308
8284.85	7.308
8289.86	7.307
8294.87	7.307
8299.89	7.308
8304.90	7.307
8309.91	7.307
8314.92	7.307
8319.94	7.307
8324.95	7.306
8329.97	7.306
8334.98	7.306
8339.99	7.306
8345.01	7.306
8350.02	7.306
8355.03	7.306
8360.04	7.305
8365.05	7.305
8370.07	7.305
8375.08	7.305
8380.09	7.305
8385.11	7.305
8390.12	7.304
8395.13	7.304
8400.15	7.304
8405.16	7.304
8410.17	7.304
8415.18	7.304
8420.19	7.303
8425.20	7.303
8430.22	7.303
8435.23	7.303
8440.24	7.303
8445.25	7.302
8450.26	7.302
8455.27	7.302
8460.29	7.302
8465.30	7.302
8470.31	7.301
8475.32	7.301
8480.33	7.301
8485.34	7.301
8490.35	7.301
8495.37	7.301
8500.38	7.301
8505.39	7.300
8510.40	7.300
8515.41	7.300
8520.42	7.300
8525.44	7.299
8530.45	7.299
8535.46	7.299
8540.47	7.299
8545.48	7.299
8550.49	7.299
8555.51	7.299
8560.52	7.299
8565.53	7.298
8570.54	7.298
8575.55	7.298
8580.56	7.298
8585.57	7.297
8590.59	7.297
8595.60	7.297
8600.61	7.296
8605.62	7.296
8610.63	7.296
8615.64	7.296
8620.66	7.296
8625.67	7.296
8630.68	7.296
8635.69	7.295
8640.70	7.295
8645.71	7.295
8650.72	7.295
8655.74	7.295
8660.75	7.294
8665.76	7.294
8670.77	7.294
8675.78	7.294
8680.79	7.293
8685.81	7.293
8690.82	7.294
8695.83	7.293
8700.84	7.293
8705.85	7.293
8710.86	7.292
8715.88	7.292
8720.89	7.292
8725.90	7.292
8730.91	7.292
8735.93	7.291
8740.94	7.291
8745.95	7.291
8750.96	7.291
8755.98	7.290
8760.99	7.290
8766.00	7.290
8771.01	7.290
8776.02	7.290
8781.03	7.290
8786.05	7.289
8791.06	7.289
8796.07	7.288
8801.08	7.288
8806.09	7.288
8811.10	7.288
8816.12	7.288
8821.13	7.287
8826.14	7.287
8831.15	7.287
8836.16	7.287
8841.17	7.286
8846.19	7.286
8851.20	7.286
8856.21	7.285
8861.22	7.285
8866.23	7.285
8871.24	7.285
8876.25	7.285
8881.27	7.285
8886.28	7.284
8891.29	7.284
8896.30	7.284
8901.31	7.284
8906.32	7.283
8911.34	7.283
8916.35	7.283
8921.36	7.282
8926.37	7.283
8931.38	7.282
8936.39	7.282
8941.41	7.282
8946.42	7.281
8951.43	7.281
8956.44	7.281
8961.45	7.280
8966.46	7.280
8971.47	7.280
8976.49	7.280
8981.50	7.280
8986.51	7.280
8991.52	7.279
8996.53	7.279
9001.54	7.279
9006.56	7.278
9011.57	7.278
9016.58	7.278
9021.59	7.278
9026.60	7.277
9031.61	7.277
9036.63	7.276
9041.64	7.276
9046.65	7.276
9051.66	7.276
9056.67	7.275
9061.68	7.275
9066.69	7.275
9071.71	7.275
9076.72	7.274
9081.74	7.274
9086.75	7.273
9091.77	7.273
9096.78	7.273
9101.80	7.272
9106.81	7.272
9111.82	7.272
9116.83	7.272
9121.84	7.272
9126.86	7.271
9131.87	7.271
9136.88	7.271
9141.89	7.271
9146.91	7.270
9151.93	7.270
9156.94	7.270
9161.96	7.269
9166.97	7.269
9171.98	7.268
9176.99	7.269
9182.00	7.268
9187.02	7.268
9192.03	7.267
9197.04	7.267
9202.05	7.266
9207.06	7.266
9212.07	7.266
9217.09	7.266
9222.10	7.266
9227.11	7.265
9232.12	7.265
9237.13	7.265
9242.14	7.264
9247.15	7.264
9252.17	7.264
9257.18	7.263
9262.19	7.263
9267.20	7.262
9272.21	7.262
9277.22	7.262
9282.23	7.261
9287.25	7.261
9292.26	7.261
9297.27	7.260
9302.28	7.260
9307.29	7.260
9312.30	7.259
9317.32	7.259
9322.33	7.258
9327.34	7.258
9332.35	7.258
9337.36	7.257
9342.37	7.257
9347.39	7.257
9352.40	7.256
9357.41	7.255
9362.42	7.255
9367.43	7.255
9372.44	7.255
9377.45	7.254
9382.47	7.254
9387.48	7.254
9392.49	7.253
9397.50	7.252
9402.51	7.252
9407.52	7.252
9412.54	7.251
9417.55	7.251
9422.56	7.251
9427.57	7.250
9432.58	7.250
9437.59	7.249
9442.60	7.249
9447.62	7.249
9452.63	7.248
9457.64	7.248
9462.65	7.247
9467.66	7.247
9472.67	7.247
9477.69	7.246
9482.70	7.246
9487.71	7.245
9492.72	7.245
9497.73	7.244
9502.74	7.244
9507.76	7.244
9512.77	7.243
9517.78	7.243
9522.79	7.242
9527.80	7.241
9532.81	7.241
9537.83	7.241
9542.84	7.240
9547.86	7.240
9552.88	7.239
9557.89	7.239
9562.91	7.238
9567.92	7.238
9572.93	7.237
9577.94	7.237
9582.95	7.237
9587.97	7.236
9592.98	7.236
9597.99	7.235
9603.00	7.235
9608.01	7.234
9613.02	7.234
9618.04	7.234
9623.05	7.233
9628.06	7.232
9633.08	7.232
9638.09	7.231
9643.10	7.231
9648.11	7.230
9653.12	7.230
9658.14	7.229
9663.15	7.229
9668.17	7.228
9673.19	7.227
9678.20	7.227
9683.22	7.227
9688.23	7.226
9693.24	7.225
9698.25	7.225
9703.26	7.224
9708.27	7.224
9713.29	7.223
9718.30	7.223
9723.31	7.222
9728.32	7.221
9733.33	7.221
9738.34	7.220
9743.36	7.220
9748.37	7.219
9753.39	7.219
9758.40	7.218
9763.41	7.218
9768.42	7.217
9773.43	7.217
9778.44	7.216
9783.46	7.215
9788.47	7.215
9793.48	7.215
9798.49	7.214
9803.50	7.214
9808.51	7.213
9813.52	7.213
9818.54	7.212
9823.55	7.211
9828.56	7.211
9833.57	7.210
9838.58	7.209
9843.59	7.209
9848.61	7.208
9853.62	7.207
9858.63	7.207
9863.64	7.206
9868.65	7.206
9873.66	7.205
9878.67	7.204
9883.69	7.204
9888.70	7.203
9893.71	7.203
9898.72	7.202
9903.73	7.202
9908.74	7.201
9913.76	7.201
9918.77	7.200
9923.78	7.199
9928.79	7.198
9933.80	7.198
9938.81	7.197
9943.83	7.196
9948.84	7.196
9953.85	7.195
9958.86	7.195
9963.87	7.194
9968.88	7.193
9973.89	7.193
9978.91	7.192
9983.92	7.192
9988.93	7.191
9993.94	7.190
9998.95	7.189
10003.96	7.188
10008.98	7.188
10013.99	7.187
10019.00	7.187
10024.01	7.186
10029.02	7.185
10034.03	7.185
10039.04	7.184
10044.06	7.183
10049.07	7.183
10054.08	7.182
10059.09	7.181
10064.10	7.180
10069.11	7.180
10074.13	7.179
10079.14	7.179
10084.15	7.178
10089.16	7.177
10094.17	7.177
10099.19	7.176
10104.21	7.175
10109.22	7.174
10114.24	7.174
10119.25	7.173
10124.26	7.172
10129.27	7.172
10134.29	7.172
10139.30	7.171
10144.31	7.170
10149.32	7.169
10154.33	7.168
10159.34	7.167
10164.36	7.166
10169.37	7.166
10174.39	7.165
10179.40	7.164
10184.41	7.163
10189.43	7.163
10194.44	7.162
10199.46	7.161
10204.47	7.161
10209.48	7.160
10214.49	7.160
10219.50	7.159
10224.51	7.158
10229.53	7.158
10234.54	7.157
10239.56	7.156
10244.57	7.155
10249.58	7.154
10254.59	7.154
10259.60	7.153
10264.61	7.152
10269.63	7.152
10274.64	7.151
10279.65	7.150
10284.66	7.149
10289.67	7.148
10294.68	7.148
10299.69	7.147
10304.71	7.146
10309.72	7.145
10314.73	7.145
10319.74	7.144
10324.75	7.143
10329.76	7.142
10334.78	7.141
10339.79	7.141
10344.80	7.140
10349.81	7.139
10354.82	7.139
10359.83	7.138
10364.85	7.137
10369.86	7.137
10374.87	7.136
10379.88	7.135
10384.89	7.134
10389.90	7.134
10394.91	7.133
10399.93	7.132
10404.94	7.131
10409.95	7.130
10414.96	7.130
10419.97	7.129
10424.98	7.128
10430.00	7.127
10435.01	7.126
10440.02	7.126
10445.03	7.125
10450.04	7.124
10455.05	7.124
10460.06	7.123
10465.08	7.122
10470.09	7.121
10475.10	7.120
10480.11	7.119
10485.12	7.118
10490.13	7.118
10495.15	7.117
10500.16	7.116
10505.17	7.116
10510.18	7.115
10515.19	7.114
10520.20	7.113
10525.21	7.112
10530.23	7.112
10535.24	7.111
10540.25	7.110
10545.26	7.109
10550.27	7.109
10555.28	7.107
10560.29	7.107
10565.31	7.106
10570.32	7.105
10575.33	7.105
10580.34	7.104
10585.35	7.103
10590.36	7.102
10595.38	7.102
10600.39	7.101
10605.40	7.100
10610.41	7.099
10615.42	7.098
10620.43	7.097
10625.44	7.096
10630.45	7.096
10635.47	7.095
10640.48	7.094
10645.49	7.093
10650.50	7.092
10655.51	7.091
10660.52	7.091
10665.54	7.090
10670.55	7.089
10675.56	7.088
10680.57	7.088
10685.58	7.087
10690.59	7.086
10695.61	7.085
10700.62	7.084
10705.63	7.083
10710.64	7.082
10715.65	7.082
10720.66	7.081
10725.68	7.080
10730.69	7.079
10735.70	7.078
10740.71	7.077
10745.72	7.077
10750.73	7.076
10755.74	7.075
10760.76	7.074
10765.77	7.073
10770.78	7.072
10775.79	7.072
10780.80	7.071
10785.81	7.070
10790.82	7.069
10795.84	7.068
10800.85	7.067
10805.86	7.066
10810.87	7.065
10815.88	7.065
10820.89	7.064
10825.91	7.063
10830.92	7.062
10835.93	7.061
10840.94	7.060
10845.95	7.060
10850.96	7.059
10855.97	7.058
10860.99	7.057
10866.00	7.057
10871.01	7.056
10876.02	7.055
10881.03	7.054
10886.04	7.053
10891.05	7.053
10896.07	7.052
10901.08	7.051
10906.09	7.049
10911.10	7.049
10916.11	7.048
10921.12	7.047
10926.14	7.046
10931.15	7.045
10936.16	7.044
10941.17	7.043
10946.18	7.042
10951.19	7.041
10956.20	7.040
10961.22	7.039
10966.23	7.039
10971.24	7.038
10976.25	7.037
10981.26	7.037
10986.27	7.036
10991.29	7.035
10996.30	7.034
11001.31	7.033
11006.32	7.032
11011.33	7.031
11016.34	7.030
11021.36	7.029
11026.37	7.028
11031.38	7.027
11036.39	7.026
11041.40	7.025
11046.41	7.024
11051.43	7.023
11056.44	7.022
11061.45	7.021
11066.46	7.021
11071.47	7.020
11076.48	7.019
11081.49	7.019
11086.51	7.017
11091.52	7.016
11096.53	7.016
11101.54	7.015
11106.55	7.014
11111.56	7.013
11116.58	7.012
11121.59	7.011
11126.60	7.010
11131.61	7.009
11136.62	7.008
11141.63	7.007
11146.65	7.006
11151.66	7.005
11156.68	7.004
11161.69	7.003
11166.71	7.003
11171.72	7.002
11176.74	7.001
11181.75	7.000
11186.77	6.999
11191.78	6.998
11196.79	6.997
11201.81	6.996
11206.82	6.995
11211.84	6.994
11216.85	6.994
11221.87	6.992
11226.88	6.991
11231.90	6.990
11236.91	6.989
11241.93	6.988
11246.94	6.988
11251.96	6.986
11256.97	6.986
11261.99	6.985
11267.00	6.984
11272.02	6.983
11277.03	6.982
11282.04	6.981
11287.06	6.980
11292.07	6.979
11297.09	6.978
11302.10	6.977
11307.11	6.976
11312.13	6.975
11317.14	6.974
11322.15	6.973
11327.16	6.973
11332.18	6.972
11337.19	6.971
11342.20	6.970
11347.22	6.968
11352.24	6.968
11357.25	6.966
11362.26	6.966
11367.28	6.964
11372.30	6.963
11377.31	6.962
11382.33	6.961
11387.34	6.960
11392.36	6.959
11397.37	6.958
11402.38	6.957
11407.40	6.957
11412.42	6.955
11417.43	6.955
11422.45	6.954
11427.47	6.952
11432.48	6.951
11437.50	6.950
11442.51	6.949
11447.53	6.949
11452.54	6.948
11457.55	6.947
11462.57	6.946
11467.58	6.945
11472.60	6.944
11477.61	6.943
11482.62	6.942
11487.64	6.940
11492.66	6.939
11497.67	6.938
11502.68	6.937
11507.70	6.937
11512.71	6.936
11517.73	6.935
11522.74	6.934
11527.75	6.933
11532.77	6.932
11537.78	6.931
11542.80	6.930
11547.81	6.929
11552.83	6.928
11557.84	6.926
11562.85	6.925
11567.86	6.924
11572.88	6.923
11577.89	6.922
11582.90	6.922
11587.91	6.921
11592.92	6.919
11597.93	6.919
11602.94	6.917
11607.96	6.916
11612.97	6.916
11617.99	6.915
11623.00	6.914
11628.02	6.913
11633.03	6.911
11638.04	6.910
11643.06	6.909
11648.07	6.908
11653.09	6.907
11658.10	6.906
11663.12	6.905
11668.13	6.904
11673.15	6.903
11678.16	6.902
11683.18	6.901
11688.19	6.900
11693.20	6.898
11698.21	6.897
11703.22	6.896
11708.24	6.895
11713.25	6.894
11718.27	6.893
11723.28	6.892
11728.30	6.890
11733.31	6.890
11738.32	6.889
11743.34	6.888
11748.35	6.886
11753.37	6.885
11758.38	6.884
11763.39	6.883
11768.41	6.882
11773.42	6.881
11778.44	6.880
11783.46	6.879
11788.47	6.877
11793.48	6.877
11798.50	6.875
11803.51	6.875
11808.52	6.873
11813.54	6.872
11818.55	6.871
11823.57	6.870
11828.58	6.869
11833.60	6.868
11838.61	6.867
11843.63	6.866
11848.64	6.865
11853.65	6.863
11858.67	6.863
11863.69	6.861
11868.70	6.860
11873.71	6.859
11878.73	6.858
11883.74	6.857
11888.76	6.856
11893.77	6.855
11898.79	6.853
11903.80	6.852
11908.82	6.851
11913.83	6.850
11918.84	6.849
11923.86	6.848
11928.87	6.847
11933.89	6.846
11938.90	6.845
11943.91	6.843
11948.93	6.843
11953.94	6.841
11958.96	6.840
11963.98	6.839
11968.99	6.838
11974.00	6.837
11979.02	6.836
11984.03	6.834
11989.04	6.833
11994.06	6.832
11999.08	6.831
12004.09	6.830
12009.11	6.828
12014.12	6.827
12019.13	6.826
12024.15	6.825
12029.16	6.824
12034.18	6.823
12039.19	6.822
12044.20	6.820
12049.22	6.819
12054.23	6.818
12059.24	6.817
12064.26	6.816
12069.27	6.815
12074.29	6.813
12079.30	6.812
12084.31	6.811
12089.33	6.810
12094.35	6.809
12099.36	6.808
12104.38	6.807
12109.39	6.805
12114.40	6.804
12119.42	6.802
12124.43	6.802
12129.44	6.800
12134.46	6.799
12139.47	6.798
12144.49	6.797
12149.50	6.795
12154.52	6.795
12159.53	6.793
12164.54	6.792
12169.56	6.791
12174.57	6.789
12179.59	6.788
12184.60	6.787
12189.61	6.786
12194.63	6.785
12199.64	6.784
12204.67	6.782
12209.68	6.781
12214.69	6.780
12219.71	6.779
12224.72	6.777
12229.74	6.776
12234.75	6.775
12239.76	6.774
12244.78	6.773
12249.80	6.771
12254.81	6.770
12259.82	6.769
12264.84	6.768
12269.86	6.766
12274.88	6.765
12279.89	6.764
12284.91	6.763
12289.92	6.762
12294.93	6.760
12299.95	6.759
12304.96	6.758
12309.98	6.756
12315.00	6.755
12320.01	6.754
12325.03	6.753
12330.04	6.751
12335.05	6.750
12340.07	6.749
12345.08	6.747
12350.10	6.746
12355.11	6.745
12360.13	6.744
12365.14	6.742
12370.16	6.741
12375.17	6.740
12380.18	6.739
12385.20	6.737
12390.21	6.736
12395.22	6.735
12400.23	6.733
12405.24	6.732
12410.25	6.730
12415.27	6.729
12420.28	6.728
12425.29	6.727
12430.31	6.726
12435.32	6.724
12440.34	6.723
12445.35	6.722
12450.37	6.721
12455.38	6.719
12460.39	6.718
12465.40	6.716
12470.42	6.715
12475.43	6.713
12480.44	6.713
12485.45	6.711
12490.47	6.710
12495.48	6.709
12500.50	6.708
12505.51	6.706
12510.52	6.705
12515.53	6.703
12520.54	6.702
12525.55	6.701
12530.57	6.699
12535.58	6.698
12540.59	6.696
12545.60	6.695
12550.62	6.694
12555.63	6.692
12560.64	6.691
12565.66	6.689
12570.68	6.688
12575.69	6.687
12580.70	6.685
12585.72	6.684
12590.73	6.683
12595.75	6.681
12600.76	6.680
12605.78	6.679
12610.79	6.677
12615.81	6.676
12620.82	6.675
12625.83	6.674
12630.84	6.672
12635.85	6.671
12640.87	6.669
12645.88	6.668
12650.90	6.666
12655.91	6.665
12660.92	6.664
12665.94	6.662
12670.95	6.661
12675.97	6.660
12680.98	6.658
12685.99	6.657
12691.01	6.655
12696.03	6.653
12701.04	6.652
12706.05	6.651
12711.07	6.650
12716.08	6.648
12721.10	6.647
12726.11	6.645
12731.13	6.644
12736.14	6.643
12741.15	6.641
12746.17	6.640
12751.19	6.638
12756.20	6.637
12761.21	6.636
12766.23	6.634
12771.24	6.633
12776.26	6.631
12781.27	6.630
12786.29	6.629
12791.30	6.627
12796.31	6.626
12801.32	6.624
12806.33	6.623
12811.35	6.622
12816.36	6.620
12821.37	6.618
12826.38	6.617
12831.39	6.615
12836.41	6.614
12841.42	6.612
12846.44	6.611
12851.45	6.609
12856.47	6.608
12861.48	6.606
12866.50	6.605
12871.51	6.603
12876.52	6.602
12881.54	6.600
12886.56	6.599
12891.57	6.597
12896.58	6.596
12901.60	6.595
12906.61	6.593
12911.63	6.592
12916.65	6.590
12921.66	6.589
12926.68	6.587
12931.69	6.586
12936.70	6.584
12941.71	6.583
12946.72	6.581
12951.74	6.580
12956.75	6.578
12961.76	6.577
12966.77	6.575
12971.78	6.574
12976.79	6.573
12981.81	6.571
12986.83	6.569
12991.84	6.568
12996.86	6.566
13001.88	6.565
13006.89	6.563
13011.90	6.561
13016.92	6.560
13021.93	6.558
13026.95	6.557
13031.96	6.555
13036.97	6.553
13041.99	6.552
13047.01	6.550
13052.02	6.549
13057.04	6.547
13062.05	6.546
13067.07	6.544
13072.08	6.542
13077.09	6.541
13082.10	6.539
13087.11	6.538
13092.12	6.536
13097.14	6.534
13102.15	6.533
13107.16	6.532
13112.17	6.530
13117.18	6.529
13122.19	6.527
13127.21	6.526
13132.22	6.524
13137.24	6.522
13142.25	6.521
13147.27	6.519
13152.28	6.517
13157.29	6.516
13162.31	6.515
13167.33	6.513
13172.34	6.511
13177.36	6.510
13182.37	6.508
13187.39	6.506
13192.40	6.505
13197.41	6.503
13202.43	6.502
13207.44	6.500
13212.46	6.498
13217.47	6.496
13222.49	6.494
13227.50	6.493
13232.52	6.492
13237.53	6.490
13242.54	6.489
13247.56	6.487
13252.57	6.485
13257.59	6.484
13262.60	6.482
13267.61	6.481
13272.63	6.479
13277.64	6.477
13282.66	6.475
13287.67	6.474
13292.69	6.472
13297.70	6.470
13302.72	6.469
13307.73	6.467
13312.74	6.465
13317.76	6.463
13322.77	6.462
13327.79	6.460
13332.80	6.459
13337.82	6.457
13342.83	6.455
13347.84	6.453
13352.86	6.452
13357.87	6.450
13362.89	6.448
13367.90	6.447
13372.92	6.445
13377.93	6.443
13382.94	6.441
13387.96	6.440
13392.97	6.438
13397.99	6.436
13403.00	6.435
13408.02	6.433
13413.03	6.431
13418.05	6.430
13423.06	6.428
13428.07	6.426
13433.09	6.424
13438.10	6.422
13443.12	6.420
13448.13	6.419
13453.15	6.417
13458.16	6.415
13463.17	6.414
13468.19	6.412
13473.20	6.410
13478.22	6.408
13483.23	6.407
13488.25	6.405
13493.26	6.403
13498.28	6.401
13503.29	6.400
13508.31	6.398
13513.32	6.396
13518.34	6.395
13523.35	6.393
13528.36	6.391
13533.38	6.389
13538.40	6.387
13543.41	6.385
13548.42	6.383
13553.44	6.381
13558.45	6.379
13563.47	6.378
13568.48	6.376
13573.50	6.374
13578.51	6.372
13583.53	6.371
13588.54	6.369
13593.56	6.367
13598.57	6.365
13603.59	6.363
13608.60	6.362
13613.61	6.360
13618.63	6.358
13623.64	6.356
13628.66	6.354
13633.67	6.352
13638.69	6.350
13643.70	6.348
13648.72	6.347
13653.73	6.345
13658.75	6.343
13663.76	6.341
13668.78	6.339
13673.79	6.337
13678.81	6.335
13683.82	6.334
13688.83	6.331
13693.85	6.329
13698.86	6.327
13703.87	6.325
13708.89	6.323
13713.91	6.321
13718.92	6.319
13723.94	6.317
13728.95	6.315
13733.96	6.313
13738.98	6.311
13743.99	6.310
13749.01	6.308
13754.03	6.305
13759.04	6.303
13764.06	6.301
13769.07	6.299
13774.09	6.297
13779.11	6.295
13784.12	6.293
13789.13	6.291
13794.15	6.289
13799.16	6.287
13804.18	6.285
13809.19	6.283
13814.21	6.281
13819.22	6.279
13824.24	6.277
13829.25	6.275
13834.27	6.273
13839.28	6.271
13844.29	6.268
13849.31	6.266
13854.33	6.264
13859.34	6.262
13864.35	6.260
13869.37	6.258
13874.38	6.256
13879.40	6.254
13884.41	6.251
13889.43	6.249
13894.44	6.247
13899.46	6.245
13904.47	6.243
13909.48	6.241
13914.50	6.239
13919.51	6.236
13924.53	6.234
13929.54	6.232
13934.55	6.230
13939.57	6.228
13944.58	6.226
13949.60	6.223
13954.61	6.221
13959.63	6.219
13964.64	6.216
13969.66	6.214
13974.67	6.212
13979.68	6.210
13984.70	6.208
13989.71	6.205
13994.73	6.203
13999.74	6.200
14004.75	6.199
14009.77	6.197
14014.78	6.194
14019.80	6.192
14024.81	6.190
14029.83	6.188
14034.84	6.185
14039.86	6.183
14044.87	6.181
14049.89	6.179
14054.93	6.176
14059.94	6.174
14064.96	6.172
14069.97	6.170
14074.99	6.167
14080.00	6.165
14085.02	6.163
14090.03	6.161
14095.04	6.158
14100.06	6.156
14105.07	6.154
14110.09	6.151
14115.10	6.149
14120.12	6.147
14125.13	6.145
14130.15	6.142
14135.16	6.140
14140.18	6.138
14145.19	6.136
14150.20	6.134
14155.22	6.131
14160.23	6.129
14165.25	6.127
14170.26	6.124
14175.27	6.122
14180.29	6.120
14185.31	6.118
14190.32	6.115
14195.34	6.113
14200.35	6.111
14205.37	6.109
14210.38	6.106
14215.39	6.104
14220.41	6.102
14225.42	6.099
14230.44	6.097
14235.45	6.095
14240.46	6.093
14245.48	6.090
14250.50	6.088
14255.51	6.086
14260.53	6.084
14265.54	6.082
14270.55	6.079
14275.57	6.077
14280.59	6.075
14285.60	6.072
14290.62	6.070
14295.63	6.068
14300.64	6.066
14305.66	6.064
14310.68	6.061
14315.69	6.059
14320.70	6.057
14325.72	6.055
14330.77	6.052
14335.79	6.050
14340.80	6.048
14345.81	6.046
14350.83	6.044
14355.84	6.041
14360.86	6.039
14365.87	6.037
14370.89	6.035
14375.90	6.033
14380.92	6.030
14385.93	6.028
14390.95	6.026
14395.96	6.024
14400.97	6.022
14405.99	6.020
14411.01	6.017
14416.02	6.015
14421.04	6.013
14426.05	6.011
14431.07	6.008
14436.08	6.006
14441.09	6.004
14446.11	6.002
14451.12	6.000
14456.14	5.998
14461.15	5.995
14466.17	5.993
14471.18	5.991
14476.20	5.989
14481.21	5.987
14486.23	5.984
14491.24	5.982
14496.26	5.980
14501.27	5.978
14506.29	5.976
14511.30	5.974
