0.00	7.925
5.01	7.913
10.02	7.913
15.03	7.913
20.05	7.913
25.06	7.913
30.07	7.913
35.08	7.912
40.09	7.912
45.10	7.912
50.11	7.912
55.13	7.912
60.14	7.644
65.15	7.663
70.16	7.669
75.17	7.672
80.18	7.675
85.20	7.677
90.21	7.678
95.22	7.678
100.23	7.679
105.24	7.679
110.25	7.679
115.27	7.679
120.28	7.679
125.29	7.678
130.30	7.678
135.31	7.678
140.32	7.677
145.33	7.677
150.35	7.677
155.36	7.676
160.37	7.676
165.38	7.676
170.39	7.675
175.41	7.675
180.42	7.674
185.44	7.674
190.45	7.673
195.46	7.673
200.47	7.673
205.48	7.673
210.49	7.672
215.51	7.672
220.52	7.672
225.53	7.671
230.54	7.671
235.55	7.671
240.56	7.670
245.57	7.670
250.59	7.669
255.60	7.669
260.61	7.669
265.62	7.669
270.63	7.669
275.64	7.668
280.65	7.668
285.67	7.668
290.68	7.667
295.69	7.667
300.70	7.667
305.71	7.667
310.72	7.666
315.74	7.666
320.75	7.666
325.76	7.666
330.77	7.666
335.78	7.665
340.79	7.665
345.80	7.665
350.81	7.665
355.82	7.664
360.83	7.664
365.84	7.664
370.85	7.663
375.87	7.663
380.88	7.663
385.89	7.663
390.90	7.662
395.91	7.662
400.92	7.662
405.93	7.662
410.95	7.662
415.96	7.662
420.97	7.662
425.98	7.661
430.99	7.661
436.00	7.661
441.02	7.660
446.03	7.660
451.04	7.660
456.05	7.660
461.06	7.660
466.07	7.660
471.09	7.659
476.10	7.659
481.11	7.659
486.13	7.659
491.14	7.659
496.16	7.659
501.18	7.658
506.19	7.658
511.20	7.658
516.21	7.657
521.22	7.657
526.23	7.657
531.25	7.656
536.26	7.656
541.27	7.656
546.28	7.656
551.29	7.656
556.30	7.655
561.31	7.655
566.33	7.655
571.34	7.655
576.35	7.654
581.36	7.654
586.37	7.654
591.38	7.654
596.39	7.654
601.41	7.653
606.42	7.653
611.43	7.653
616.44	7.653
621.45	7.653
626.46	7.653
631.48	7.652
636.49	7.652
641.50	7.652
646.51	7.652
651.52	7.652
656.53	7.652
661.55	7.651
666.56	7.651
671.57	7.651
676.58	7.651
681.59	7.651
686.60	7.650
691.61	7.650
696.63	7.650
701.64	7.650
706.65	7.650
711.66	7.649
716.67	7.649
721.68	7.649
726.70	7.649
731.71	7.648
736.72	7.648
741.73	7.648
746.74	7.648
751.75	7.647
756.76	7.647
761.78	7.647
766.79	7.647
771.80	7.647
776.81	7.647
781.82	7.647
786.83	7.646
791.84	7.646
796.86	7.646
801.87	7.646
806.88	7.645
811.89	7.645
816.90	7.645
821.91	7.645
826.93	7.645
831.94	7.644
836.95	7.644
841.96	7.644
846.97	7.644
851.98	7.644
857.00	7.643
862.01	7.643
867.03	7.643
872.04	7.643
877.06	7.643
882.07	7.643
887.08	7.642
892.09	7.642
897.10	7.642
902.11	7.642
907.13	7.642
912.14	7.641
917.16	7.641
922.17	7.641
927.19	7.641
932.20	7.641
937.22	7.641
942.23	7.640
947.24	7.640
952.25	7.640
957.26	7.640
962.28	7.639
967.29	7.639
972.30	7.639
977.31	7.639
982.32	7.638
987.33	7.638
992.35	7.638
997.36	7.638
1002.37	7.638
1007.38	7.638
1012.39	7.637
1017.40	7.637
1022.41	7.637
1027.43	7.637
1032.44	7.636
1037.45	7.636
1042.46	7.636
1047.47	7.636
1052.48	7.636
1057.49	7.635
1062.51	7.635
1067.52	7.635
1072.53	7.635
1077.54	7.635
1082.55	7.635
1087.56	7.634
1092.58	7.634
1097.59	7.634
1102.60	7.634
1107.61	7.633
1112.62	7.633
1117.63	7.633
1122.65	7.633
1127.66	7.633
1132.67	7.632
1137.68	7.632
1142.69	7.632
1147.70	7.632
1152.72	7.632
1157.73	7.632
1162.74	7.631
1167.75	7.631
1172.76	7.631
1177.77	7.631
1182.78	7.631
1187.80	7.630
1192.81	7.630
1197.82	7.630
1202.83	7.630
1207.84	7.629
1212.85	7.629
1217.87	7.629
1222.88	7.628
1227.89	7.628
1232.90	7.628
1237.91	7.628
1242.92	7.628
1247.94	7.627
1252.95	7.627
1257.96	7.627
1262.97	7.627
1267.98	7.627
1272.99	7.627
1278.00	7.626
1283.02	7.626
1288.03	7.626
1293.04	7.626
1298.05	7.626
1303.06	7.625
1308.07	7.625
1313.09	7.625
1318.10	7.625
1323.11	7.624
1328.12	7.625
1333.13	7.625
1338.14	7.624
1343.16	7.624
1348.17	7.624
1353.18	7.624
1358.19	7.624
1363.20	7.623
1368.21	7.623
1373.22	7.623
1378.24	7.623
1383.25	7.622
1388.26	7.622
1393.27	7.622
1398.28	7.622
1403.29	7.621
1408.31	7.621
1413.32	7.621
1418.33	7.621
1423.34	7.621
1428.35	7.621
1433.36	7.620
1438.37	7.620
1443.39	7.620
1448.40	7.620
1453.41	7.619
1458.42	7.619
1463.43	7.619
1468.44	7.619
1473.45	7.619
1478.47	7.618
1483.48	7.618
1488.49	7.618
1493.50	7.618
1498.51	7.618
1503.52	7.617
1508.54	7.617
1513.55	7.617
1518.56	7.617
1523.57	7.617
1528.58	7.617
1533.59	7.616
1538.60	7.616
1543.62	7.616
1548.63	7.616
1553.64	7.616
1558.65	7.616
1563.66	7.615
1568.67	7.615
1573.69	7.615
1578.70	7.614
1583.71	7.614
1588.72	7.614
1593.73	7.614
1598.74	7.614
1603.76	7.614
1608.77	7.613
1613.78	7.613
1618.79	7.613
1623.80	7.613
1628.81	7.612
1633.82	7.612
1638.84	7.612
1643.85	7.612
1648.87	7.612
1653.88	7.612
1658.90	7.611
1663.91	7.611
1668.92	7.611
1673.94	7.611
1678.95	7.610
1683.96	7.610
1688.97	7.610
1693.98	7.610
1698.99	7.609
1704.01	7.609
1709.02	7.609
1714.03	7.609
1719.04	7.609
1724.05	7.609
1729.06	7.608
1734.08	7.608
1739.09	7.608
1744.10	7.608
1749.11	7.607
1754.12	7.607
1759.13	7.607
1764.15	7.607
1769.16	7.606
1774.17	7.606
1779.18	7.606
1784.19	7.606
1789.20	7.606
1794.21	7.606
1799.23	7.605
1804.24	7.605
1809.25	7.605
1814.26	7.605
1819.27	7.604
1824.28	7.604
1829.30	7.604
1834.31	7.604
1839.32	7.604
1844.33	7.603
1849.34	7.603
1854.35	7.603
1859.36	7.603
1864.38	7.603
1869.39	7.602
1874.40	7.602
1879.41	7.602
1884.42	7.602
1889.43	7.602
1894.45	7.601
1899.46	7.601
1904.47	7.601
1909.48	7.601
1914.49	7.600
1919.50	7.600
1924.52	7.600
1929.53	7.600
1934.54	7.600
1939.55	7.600
1944.56	7.599
1949.57	7.599
1954.58	7.599
1959.60	7.599
1964.61	7.598
1969.62	7.598
1974.63	7.598
1979.65	7.598
1984.66	7.598
1989.67	7.598
1994.68	7.597
1999.69	7.597
2004.70	7.597
2009.72	7.596
2014.73	7.596
2019.74	7.596
2024.75	7.596
2029.76	7.596
2034.77	7.596
2039.79	7.595
2044.80	7.595
2049.81	7.595
2054.82	7.595
2059.83	7.594
2064.84	7.594
2069.85	7.594
2074.87	7.594
2079.88	7.593
2084.89	7.593
2089.90	7.593
2094.91	7.592
2099.92	7.593
2104.94	7.592
2109.95	7.592
2114.96	7.592
2119.97	7.591
2124.98	7.591
2129.99	7.591
2135.00	7.591
2140.01	7.591
2145.03	7.590
2150.04	7.590
2155.05	7.590
2160.06	7.589
2165.07	7.589
2170.08	7.589
2175.10	7.589
2180.11	7.589
2185.12	7.589
2190.13	7.588
2195.14	7.588
2200.15	7.587
2205.16	7.587
2210.18	7.587
2215.19	7.587
2220.20	7.587
2225.21	7.587
2230.22	7.586
2235.23	7.586
2240.25	7.586
2245.26	7.586
2250.27	7.586
2255.28	7.585
2260.29	7.585
2265.30	7.585
2270.31	7.584
2275.33	7.584
2280.34	7.584
2285.35	7.584
2290.36	7.584
2295.37	7.583
2300.38	7.583
2305.40	7.583
2310.41	7.583
2315.42	7.583
2320.43	7.583
2325.44	7.582
2330.45	7.582
2335.47	7.582
2340.48	7.582
2345.49	7.582
2350.50	7.581
2355.51	7.581
2360.52	7.580
2365.54	7.580
2370.55	7.580
2375.56	7.580
2380.57	7.580
2385.58	7.579
2390.59	7.579
2395.61	7.579
2400.62	7.579
2405.63	7.578
2410.64	7.578
2415.65	7.578
2420.66	7.578
2425.67	7.578
2430.69	7.577
2435.70	7.577
2440.71	7.577
2445.72	7.577
2450.73	7.577
2455.74	7.576
2460.76	7.576
2465.77	7.576
2470.78	7.576
2475.79	7.575
2480.80	7.575
2485.81	7.575
2490.83	7.575
2495.84	7.575
2500.85	7.574
2505.86	7.574
2510.87	7.574
2515.88	7.574
2520.90	7.573
2525.91	7.573
2530.92	7.573
2535.93	7.573
2540.94	7.572
2545.95	7.572
2550.96	7.572
2555.98	7.572
2560.99	7.572
2566.00	7.571
2571.01	7.571
2576.02	7.571
2581.03	7.571
2586.05	7.571
2591.06	7.571
2596.07	7.570
2601.08	7.570
2606.09	7.569
2611.10	7.569
2616.12	7.569
2621.13	7.569
2626.14	7.569
2631.15	7.569
2636.16	7.568
2641.17	7.568
2646.18	7.568
2651.19	7.568
2656.21	7.568
2661.22	7.567
2666.23	7.567
2671.24	7.567
2676.26	7.566
2681.28	7.566
2686.29	7.566
2691.30	7.566
2696.32	7.566
2701.33	7.565
2706.34	7.565
2711.35	7.565
2716.36	7.565
2721.37	7.564
2726.39	7.564
2731.40	7.564
2736.42	7.564
2741.43	7.563
2746.45	7.563
2751.46	7.563
2756.47	7.563
2761.48	7.563
2766.50	7.562
2771.52	7.562
2776.53	7.562
2781.54	7.562
2786.56	7.562
2791.57	7.561
2796.58	7.561
2801.59	7.560
2806.61	7.560
2811.62	7.560
2816.63	7.560
2821.64	7.560
2826.66	7.559
2831.67	7.559
2836.68	7.559
2841.69	7.559
2846.70	7.559
2851.71	7.559
2856.73	7.558
2861.74	7.558
2866.75	7.557
2871.77	7.558
2876.78	7.557
2881.79	7.557
2886.80	7.557
2891.81	7.556
2896.82	7.556
2901.84	7.556
2906.85	7.555
2911.86	7.555
2916.87	7.555
2921.88	7.555
2926.89	7.555
2931.91	7.554
2936.92	7.554
2941.93	7.554
2946.94	7.554
2951.95	7.553
2956.96	7.553
2961.98	7.553
2966.99	7.553
2972.00	7.553
2977.01	7.552
2982.02	7.552
2987.03	7.552
2992.04	7.552
2997.06	7.551
3002.07	7.551
3007.08	7.551
3012.09	7.551
3017.11	7.550
3022.12	7.550
3027.13	7.550
3032.14	7.550
3037.15	7.550
3042.16	7.549
3047.17	7.549
3052.19	7.549
3057.20	7.548
3062.21	7.548
3067.23	7.548
3072.24	7.548
3077.26	7.547
3082.27	7.547
3087.28	7.547
3092.29	7.547
3097.30	7.546
3102.31	7.546
3107.32	7.546
3112.34	7.546
3117.35	7.546
3122.36	7.545
3127.37	7.545
3132.38	7.545
3137.39	7.544
3142.41	7.544
3147.42	7.544
3152.43	7.544
3157.44	7.543
3162.45	7.543
3167.46	7.543
3172.48	7.543
3177.49	7.542
3182.50	7.542
3187.51	7.542
3192.52	7.541
3197.53	7.541
3202.54	7.541
3207.56	7.541
3212.57	7.541
3217.58	7.540
3222.59	7.540
3227.60	7.540
3232.61	7.540
3237.63	7.540
3242.64	7.539
3247.65	7.539
3252.66	7.539
3257.67	7.538
3262.69	7.538
3267.70	7.538
3272.71	7.538
3277.73	7.538
3282.74	7.537
3287.76	7.537
3292.77	7.537
3297.78	7.536
3302.80	7.536
3307.81	7.536
3312.83	7.535
3317.84	7.535
3322.85	7.535
3327.86	7.534
3332.87	7.534
3337.88	7.534
3342.90	7.534
3347.91	7.533
3352.92	7.533
3357.93	7.533
3362.94	7.533
3367.95	7.532
3372.97	7.532
3377.98	7.532
3382.99	7.532
3388.00	7.531
3393.01	7.531
3398.02	7.531
3403.03	7.531
3408.05	7.530
3413.06	7.530
3418.07	7.530
3423.08	7.530
3428.09	7.529
3433.10	7.529
3438.12	7.529
3443.13	7.529
3448.14	7.528
3453.15	7.528
3458.16	7.528
3463.17	7.528
3468.18	7.528
3473.20	7.527
3478.21	7.527
3483.22	7.526
3488.23	7.526
3493.24	7.526
3498.25	7.526
3503.27	7.526
3508.28	7.526
3513.29	7.525
3518.30	7.525
3523.31	7.525
3528.32	7.525
3533.34	7.524
3538.35	7.524
3543.36	7.524
3548.37	7.523
3553.38	7.523
3558.39	7.523
3563.40	7.522
3568.42	7.522
3573.43	7.522
3578.44	7.522
3583.45	7.522
3588.46	7.521
3593.47	7.521
3598.49	7.521
3603.50	7.521
3608.51	7.520
3613.52	7.520
3618.53	7.520
3623.54	7.519
3628.56	7.519
3633.57	7.519
3638.58	7.518
3643.59	7.518
3648.60	7.518
3653.61	7.518
3658.63	7.518
3663.64	7.517
3668.65	7.517
3673.66	7.517
3678.68	7.517
3683.69	7.516
3688.70	7.516
3693.71	7.516
3698.72	7.516
3703.74	7.515
3708.75	7.515
3713.76	7.515
3718.78	7.514
3723.79	7.514
3728.80	7.514
3733.81	7.514
3738.82	7.513
3743.83	7.513
3748.84	7.513
3753.86	7.513
3758.87	7.513
3763.88	7.512
3768.89	7.512
3773.90	7.512
3778.91	7.511
3783.93	7.511
3788.94	7.511
3793.95	7.511
3798.96	7.510
3803.97	7.510
3808.98	7.510
3813.99	7.510
3819.01	7.509
3824.02	7.509
3829.03	7.509
3834.04	7.508
3839.05	7.508
3844.06	7.508
3849.08	7.508
3854.09	7.507
3859.10	7.507
3864.11	7.507
3869.12	7.506
3874.13	7.506
3879.15	7.506
3884.16	7.505
3889.17	7.505
3894.18	7.505
3899.19	7.505
3904.20	7.505
3909.22	7.504
3914.23	7.504
3919.24	7.504
3924.25	7.504
3929.26	7.503
3934.27	7.503
3939.29	7.503
3944.30	7.503
3949.31	7.503
3954.32	7.502
3959.33	7.502
3964.34	7.502
3969.35	7.501
3974.37	7.501
3979.38	7.501
3984.39	7.501
3989.40	7.501
3994.41	7.500
3999.42	7.500
4004.44	7.499
4009.45	7.499
4014.46	7.499
4019.47	7.499
4024.48	7.498
4029.49	7.498
4034.51	7.498
4039.52	7.497
4044.53	7.497
4049.54	7.497
4054.55	7.497
4059.56	7.496
4064.57	7.496
4069.59	7.496
4074.60	7.495
4079.61	7.495
4084.62	7.495
4089.63	7.495
4094.65	7.494
4099.66	7.494
4104.68	7.494
4109.69	7.493
4114.70	7.493
4119.72	7.493
4124.73	7.493
4129.74	7.493
4134.76	7.492
4139.77	7.492
4144.78	7.492
4149.80	7.492
4154.81	7.491
4159.82	7.491
4164.83	7.491
4169.84	7.490
4174.85	7.490
4179.86	7.490
4184.88	7.489
4189.89	7.489
4194.90	7.489
4199.91	7.489
4204.92	7.488
4209.93	7.488
4214.95	7.488
4219.96	7.488
4224.97	7.487
4229.98	7.487
4234.99	7.487
4240.00	7.487
4245.02	7.486
4250.03	7.486
4255.04	7.486
4260.05	7.485
4265.06	7.485
4270.07	7.485
4275.09	7.485
4280.10	7.484
4285.11	7.484
4290.12	7.484
4295.13	7.484
4300.14	7.484
4305.15	7.483
4310.17	7.483
4315.18	7.483
4320.19	7.482
4325.20	7.482
4330.21	7.482
4335.22	7.481
4340.24	7.481
4345.25	7.481
4350.27	7.481
4355.28	7.480
4360.29	7.480
4365.30	7.480
4370.31	7.479
4375.32	7.479
4380.33	7.479
4385.35	7.479
4390.36	7.479
4395.37	7.478
4400.38	7.478
4405.39	7.478
4410.40	7.477
4415.42	7.477
4420.43	7.477
4425.44	7.476
4430.45	7.476
4435.46	7.476
4440.47	7.475
4445.48	7.476
4450.50	7.475
4455.51	7.475
4460.52	7.475
4465.53	7.474
4470.54	7.474
4475.55	7.474
4480.57	7.473
4485.58	7.473
4490.59	7.473
4495.60	7.472
4500.61	7.472
4505.62	7.472
4510.63	7.472
4515.65	7.471
4520.66	7.471
4525.67	7.471
4530.68	7.471
4535.69	7.470
4540.70	7.470
4545.71	7.470
4550.73	7.469
4555.74	7.469
4560.76	7.469
4565.77	7.469
4570.78	7.469
4575.79	7.468
4580.80	7.468
4585.82	7.468
4590.83	7.468
4595.84	7.468
4600.85	7.467
4605.86	7.467
4610.87	7.466
4615.88	7.466
4620.90	7.466
4625.91	7.466
4630.92	7.465
4635.93	7.465
4640.94	7.465
4645.95	7.465
4650.97	7.464
4655.98	7.464
4660.99	7.464
4666.00	7.464
4671.01	7.463
4676.02	7.463
4681.04	7.463
4686.05	7.463
4691.06	7.462
4696.07	7.462
4701.08	7.462
4706.09	7.461
4711.10	7.461
4716.12	7.461
4721.13	7.460
4726.14	7.460
4731.15	7.460
4736.16	7.460
4741.17	7.459
4746.19	7.459
4751.20	7.459
4756.21	7.459
4761.23	7.458
4766.24	7.458
4771.25	7.458
4776.27	7.458
4781.28	7.458
4786.29	7.457
4791.30	7.457
4796.31	7.457
4801.32	7.456
4806.34	7.456
4811.35	7.456
4816.36	7.455
4821.37	7.455
4826.38	7.455
4831.39	7.454
4836.40	7.454
4841.42	7.454
4846.43	7.454
4851.44	7.453
4856.45	7.453
4861.46	7.453
4866.47	7.453
4871.49	7.452
4876.50	7.452
4881.51	7.452
4886.52	7.452
4891.53	7.452
4896.54	7.451
4901.56	7.451
4906.57	7.451
4911.58	7.450
4916.59	7.450
4921.60	7.450
4926.61	7.450
4931.62	7.449
4936.64	7.449
4941.65	7.449
4946.66	7.449
4951.67	7.449
4956.68	7.448
4961.69	7.448
4966.71	7.447
4971.72	7.447
4976.73	7.447
4981.74	7.447
4986.76	7.447
4991.77	7.446
4996.78	7.446
5001.79	7.445
5006.81	7.445
5011.82	7.445
5016.83	7.445
5021.84	7.445
5026.85	7.444
5031.86	7.444
5036.87	7.444
5041.89	7.444
5046.90	7.443
5051.91	7.443
5056.92	7.443
5061.93	7.443
5066.94	7.442
5071.96	7.442
5076.97	7.442
5081.98	7.442
5086.99	7.442
5092.00	7.441
5097.01	7.441
5102.02	7.441
5107.04	7.440
5112.05	7.440
5117.06	7.440
5122.08	7.440
5127.09	7.440
5132.10	7.439
5137.11	7.439
5142.12	7.439
5147.13	7.439
5152.14	7.438
5157.16	7.438
5162.17	7.438
5167.18	7.438
5172.19	7.437
5177.21	7.437
5182.22	7.437
5187.23	7.437
5192.24	7.436
5197.25	7.436
5202.27	7.436
5207.28	7.436
5212.29	7.435
5217.30	7.435
5222.31	7.435
5227.32	7.435
5232.34	7.435
5237.35	7.434
5242.36	7.434
5247.37	7.434
5252.38	7.433
5257.39	7.433
5262.40	7.433
5267.42	7.433
5272.43	7.433
5277.44	7.433
5282.45	7.432
5287.46	7.432
5292.47	7.432
5297.49	7.432
5302.50	7.431
5307.51	7.431
5312.52	7.431
5317.53	7.431
5322.54	7.430
5327.56	7.430
5332.57	7.430
5337.58	7.430
5342.59	7.430
5347.60	7.429
5352.61	7.429
5357.62	7.429
5362.64	7.429
5367.65	7.429
5372.66	7.428
5377.67	7.428
5382.69	7.428
5387.70	7.427
5392.71	7.427
5397.72	7.427
5402.73	7.427
5407.74	7.427
5412.76	7.426
5417.77	7.426
5422.78	7.426
5427.79	7.426
5432.80	7.425
5437.81	7.425
5442.83	7.425
5447.84	7.425
5452.85	7.425
5457.86	7.425
5462.87	7.424
5467.88	7.424
5472.89	7.424
5477.91	7.424
5482.92	7.423
5487.93	7.423
5492.94	7.423
5497.95	7.423
5502.96	7.422
5507.97	7.422
5512.99	7.422
5518.00	7.422
5523.01	7.422
5528.02	7.422
5533.03	7.422
5538.04	7.421
5543.06	7.421
5548.07	7.421
5553.08	7.420
5558.09	7.420
5563.10	7.420
5568.11	7.420
5573.13	7.420
5578.14	7.419
5583.16	7.419
5588.17	7.419
5593.19	7.419
5598.20	7.419
5603.21	7.419
5608.22	7.418
5613.23	7.418
5618.24	7.418
5623.26	7.418
5628.27	7.417
5633.28	7.418
5638.29	7.417
5643.30	7.417
5648.31	7.417
5653.32	7.417
5658.34	7.416
5663.35	7.416
5668.36	7.416
5673.37	7.416
5678.38	7.416
5683.39	7.415
5688.41	7.415
5693.42	7.415
5698.43	7.415
5703.44	7.415
5708.45	7.415
5713.46	7.414
5718.48	7.414
5723.49	7.414
5728.50	7.414
5733.51	7.413
5738.52	7.413
5743.53	7.413
5748.55	7.413
5753.56	7.413
5758.57	7.412
5763.58	7.412
5768.59	7.412
5773.60	7.412
5778.62	7.412
5783.63	7.412
5788.64	7.411
5793.65	7.411
5798.67	7.411
5803.68	7.411
5808.70	7.411
5813.71	7.410
5818.72	7.411
5823.73	7.410
5828.74	7.410
5833.76	7.410
5838.77	7.410
5843.78	7.410
5848.79	7.410
5853.80	7.409
5858.81	7.409
5863.83	7.409
5868.84	7.409
5873.85	7.409
5878.86	7.408
5883.87	7.408
5888.88	7.408
5893.89	7.408
5898.91	7.408
5903.92	7.408
5908.93	7.407
5913.94	7.407
5918.95	7.407
5923.96	7.407
5928.98	7.407
5933.99	7.407
5939.00	7.406
5944.01	7.406
5949.03	7.406
5954.04	7.406
5959.05	7.406
5964.06	7.406
5969.07	7.405
5974.08	7.405
5979.10	7.405
5984.11	7.405
5989.12	7.404
5994.13	7.404
5999.14	7.404
6004.15	7.404
6009.17	7.404
6014.18	7.404
6019.20	7.404
6024.21	7.404
6029.22	7.404
6034.23	7.403
6039.24	7.403
6044.26	7.403
6049.27	7.403
6054.28	7.403
6059.29	7.402
6064.30	7.402
6069.31	7.402
6074.33	7.402
6079.34	7.402
6084.35	7.402
6089.36	7.401
6094.37	7.401
6099.38	7.401
6104.40	7.401
6109.41	7.401
6114.42	7.401
6119.43	7.401
6124.44	7.400
6129.45	7.400
6134.47	7.400
6139.48	7.400
6144.49	7.400
6149.50	7.400
6154.51	7.399
6159.52	7.399
6164.54	7.399
6169.55	7.399
6174.56	7.399
6179.57	7.399
6184.58	7.399
6189.59	7.398
6194.60	7.398
6199.62	7.398
6204.63	7.398
6209.64	7.398
6214.65	7.398
6219.67	7.398
6224.68	7.398
6229.69	7.397
6234.71	7.397
6239.72	7.397
6244.73	7.397
6249.75	7.397
6254.76	7.397
6259.77	7.397
6264.78	7.396
6269.79	7.396
6274.80	7.396
6279.82	7.396
6284.83	7.396
6289.84	7.396
6294.85	7.395
6299.86	7.395
6304.87	7.395
6309.89	7.395
6314.90	7.395
6319.91	7.395
6324.92	7.394
6329.93	7.394
6334.94	7.394
6339.96	7.394
6344.97	7.394
6349.98	7.394
6354.99	7.394
6360.00	7.394
6365.01	7.393
6370.03	7.393
6375.04	7.393
6380.05	7.393
6385.06	7.393
6390.07	7.393
6395.08	7.393
6400.09	7.393
6405.11	7.393
6410.12	7.393
6415.13	7.392
6420.14	7.392
6425.15	7.392
6430.16	7.392
6435.18	7.392
6440.19	7.392
6445.20	7.391
6450.22	7.391
6455.23	7.391
6460.24	7.391
6465.25	7.391
6470.26	7.391
6475.27	7.391
6480.29	7.390
6485.30	7.390
6490.31	7.390
6495.32	7.390
6500.33	7.390
6505.34	7.390
6510.36	7.390
6515.37	7.390
6520.38	7.389
6525.39	7.389
6530.40	7.389
6535.41	7.389
6540.42	7.389
6545.44	7.389
6550.45	7.389
6555.46	7.389
6560.47	7.388
6565.48	7.388
6570.49	7.388
6575.51	7.388
6580.52	7.388
6585.53	7.388
6590.54	7.388
6595.55	7.388
6600.56	7.387
6605.58	7.387
6610.59	7.387
6615.60	7.387
6620.61	7.387
6625.62	7.387
6630.64	7.387
6635.65	7.386
6640.66	7.386
6645.67	7.386
6650.68	7.386
6655.70	7.386
6660.71	7.386
6665.72	7.385
6670.73	7.385
6675.74	7.385
6680.75	7.385
6685.77	7.385
6690.78	7.385
6695.79	7.385
6700.80	7.385
6705.81	7.385
6710.82	7.384
6715.83	7.384
6720.84	7.384
6725.86	7.384
6730.87	7.384
6735.88	7.384
6740.89	7.384
6745.90	7.384
6750.91	7.384
6755.93	7.384
6760.94	7.384
6765.95	7.384
6770.96	7.383
6775.97	7.383
6780.98	7.383
6785.99	7.383
6791.01	7.383
6796.02	7.383
6801.03	7.383
6806.04	7.383
6811.05	7.383
6816.07	7.382
6821.08	7.382
6826.09	7.382
6831.10	7.382
6836.11	7.382
6841.12	7.382
6846.14	7.381
6851.15	7.381
6856.16	7.381
6861.17	7.381
6866.18	7.381
6871.19	7.381
6876.20	7.381
6881.22	7.381
6886.23	7.380
6891.24	7.380
6896.25	7.380
6901.26	7.380
6906.27	7.380
6911.29	7.380
6916.30	7.380
6921.31	7.380
6926.32	7.380
6931.33	7.379
6936.34	7.379
6941.35	7.379
6946.37	7.379
6951.38	7.379
6956.39	7.379
6961.40	7.379
6966.42	7.379
6971.43	7.379
6976.44	7.378
6981.45	7.378
6986.46	7.378
6991.47	7.378
6996.49	7.378
7001.50	7.378
7006.51	7.378
7011.52	7.378
7016.53	7.378
7021.55	7.377
7026.56	7.377
7031.57	7.377
7036.58	7.377
7041.59	7.377
7046.61	7.377
7051.62	7.377
7056.63	7.377
7061.64	7.377
7066.65	7.377
7071.66	7.377
7076.68	7.376
7081.69	7.376
7086.70	7.376
7091.71	7.376
7096.72	7.376
7101.73	7.376
7106.74	7.376
7111.76	7.376
7116.77	7.376
7121.78	7.375
7126.79	7.376
7131.80	7.375
7136.81	7.375
7141.83	7.375
7146.84	7.375
7151.85	7.375
7156.86	7.375
7161.87	7.374
7166.88	7.374
7171.90	7.374
7176.91	7.374
7181.92	7.374
7186.93	7.374
7191.94	7.374
7196.95	7.374
7201.97	7.374
7206.98	7.374
7211.99	7.373
7217.00	7.373
7222.01	7.374
7227.03	7.373
7232.04	7.373
7237.06	7.373
7242.07	7.373
7247.08	7.373
7252.09	7.373
7257.10	7.373
7262.11	7.372
7267.12	7.372
7272.13	7.372
7277.15	7.372
7282.16	7.372
7287.17	7.372
7292.18	7.371
7297.19	7.372
7302.20	7.371
7307.21	7.371
7312.23	7.371
7317.24	7.371
7322.25	7.371
7327.26	7.371
7332.27	7.371
7337.28	7.371
7342.30	7.371
7347.31	7.371
7352.32	7.370
7357.33	7.370
7362.34	7.370
7367.35	7.370
7372.37	7.370
7377.38	7.370
7382.39	7.370
7387.40	7.369
7392.41	7.369
7397.42	7.369
7402.43	7.369
7407.45	7.369
7412.46	7.369
7417.47	7.369
7422.48	7.369
7427.49	7.369
7432.50	7.369
7437.52	7.368
7442.53	7.368
7447.54	7.368
7452.55	7.368
7457.56	7.368
7462.57	7.368
7467.59	7.368
7472.60	7.367
7477.61	7.367
7482.62	7.367
7487.63	7.367
7492.64	7.367
7497.65	7.367
7502.67	7.367
7507.68	7.367
7512.69	7.367
7517.70	7.367
7522.71	7.366
7527.72	7.366
7532.74	7.366
7537.75	7.366
7542.76	7.366
7547.77	7.366
7552.78	7.366
7557.79	7.366
7562.81	7.365
7567.82	7.365
7572.83	7.365
7577.84	7.365
7582.85	7.365
7587.86	7.365
7592.87	7.365
7597.89	7.365
7602.90	7.364
7607.91	7.365
7612.92	7.364
7617.93	7.364
7622.95	7.364
7627.96	7.364
7632.97	7.364
7637.99	7.364
7643.00	7.364
7648.01	7.364
7653.02	7.364
7658.03	7.364
7663.04	7.364
7668.06	7.363
7673.07	7.363
7678.08	7.363
7683.09	7.363
7688.10	7.363
7693.11	7.363
7698.12	7.363
7703.14	7.363
7708.15	7.363
7713.16	7.362
7718.17	7.362
7723.18	7.362
7728.19	7.362
7733.21	7.362
7738.22	7.362
7743.23	7.361
7748.24	7.361
7753.25	7.361
7758.26	7.361
7763.28	7.361
7768.29	7.361
7773.30	7.361
7778.31	7.361
7783.32	7.361
7788.33	7.360
7793.34	7.360
7798.36	7.360
7803.37	7.360
7808.38	7.360
7813.39	7.360
7818.40	7.360
7823.41	7.360
7828.43	7.360
7833.44	7.360
7838.45	7.359
7843.46	7.359
7848.47	7.359
7853.49	7.359
7858.50	7.359
7863.51	7.359
7868.52	7.359
7873.53	7.358
7878.54	7.358
7883.56	7.359
7888.57	7.358
7893.58	7.358
7898.59	7.358
7903.60	7.358
7908.61	7.358
7913.63	7.358
7918.64	7.358
7923.65	7.358
7928.66	7.358
7933.67	7.358
7938.68	7.358
7943.70	7.357
7948.71	7.357
7953.72	7.357
7958.73	7.357
7963.74	7.357
7968.75	7.357
7973.76	7.356
7978.78	7.356
7983.79	7.356
7988.80	7.356
7993.81	7.356
7998.82	7.356
8003.83	7.356
8008.84	7.356
8013.86	7.356
8018.87	7.355
8023.88	7.355
8028.89	7.355
8033.90	7.355
8038.92	7.355
8043.93	7.355
8048.94	7.355
8053.96	7.355
8058.97	7.355
8063.99	7.355
8069.00	7.355
8074.01	7.354
8079.02	7.354
8084.03	7.354
8089.04	7.354
8094.06	7.354
8099.07	7.354
8104.08	7.353
8109.09	7.353
8114.10	7.353
8119.11	7.353
8124.13	7.353
8129.14	7.353
8134.15	7.353
8139.16	7.353
8144.17	7.353
8149.18	7.353
8154.20	7.352
8159.21	7.352
8164.22	7.352
8169.23	7.352
8174.24	7.352
8179.25	7.352
8184.27	7.352
8189.28	7.352
8194.29	7.351
8199.30	7.351
8204.31	7.351
8209.32	7.351
8214.33	7.351
8219.35	7.351
8224.36	7.351
8229.37	7.351
8234.38	7.351
8239.39	7.350
8244.40	7.350
8249.42	7.350
8254.43	7.350
8259.44	7.350
8264.45	7.350
8269.46	7.350
8274.48	7.350
8279.49	7.349
8284.50	7.349
8289.52	7.349
8294.53	7.349
8299.54	7.349
8304.55	7.349
8309.56	7.349
8314.57	7.348
8319.59	7.348
8324.60	7.348
8329.61	7.348
8334.62	7.348
8339.63	7.348
8344.64	7.348
8349.65	7.348
8354.67	7.348
8359.68	7.347
8364.69	7.347
8369.70	7.347
8374.71	7.347
8379.72	7.347
8384.74	7.347
8389.75	7.347
8394.76	7.346
8399.77	7.346
8404.78	7.346
8409.79	7.346
8414.81	7.346
8419.82	7.346
8424.83	7.346
8429.84	7.346
8434.85	7.345
8439.86	7.345
8444.87	7.345
8449.89	7.345
8454.90	7.345
8459.91	7.345
8464.92	7.345
8469.93	7.345
8474.95	7.344
8479.96	7.344
8484.98	7.344
8489.99	7.344
8495.00	7.344
8500.01	7.344
8505.02	7.344
8510.04	7.343
8515.05	7.344
8520.06	7.344
8525.07	7.343
8530.08	7.343
8535.09	7.343
8540.11	7.343
8545.12	7.343
8550.13	7.343
8555.14	7.342
8560.15	7.342
8565.16	7.342
8570.18	7.342
8575.19	7.342
8580.20	7.342
8585.21	7.342
8590.22	7.342
8595.23	7.341
8600.24	7.342
8605.26	7.341
8610.27	7.341
8615.28	7.341
8620.29	7.341
8625.30	7.341
8630.31	7.340
8635.33	7.340
8640.34	7.340
8645.35	7.340
8650.36	7.340
8655.37	7.340
8660.38	7.339
8665.40	7.339
8670.41	7.340
8675.42	7.339
8680.43	7.339
8685.45	7.339
8690.46	7.338
8695.47	7.338
8700.49	7.338
8705.50	7.338
8710.51	7.338
8715.53	7.338
8720.54	7.338
8725.55	7.338
8730.56	7.338
8735.57	7.337
8740.58	7.337
8745.60	7.337
8750.61	7.337
8755.62	7.337
8760.63	7.337
8765.64	7.337
8770.65	7.336
8775.66	7.336
8780.68	7.336
8785.69	7.336
8790.70	7.336
8795.71	7.335
8800.72	7.335
8805.73	7.335
8810.75	7.335
8815.76	7.335
8820.77	7.335
8825.78	7.335
8830.79	7.335
8835.80	7.334
8840.82	7.334
8845.83	7.334
8850.84	7.334
8855.85	7.333
8860.86	7.333
8865.87	7.333
8870.88	7.333
8875.90	7.333
8880.91	7.332
8885.92	7.333
8890.93	7.332
8895.94	7.332
8900.96	7.332
8905.97	7.332
8910.99	7.331
8916.00	7.331
8921.01	7.331
8926.02	7.331
8931.04	7.331
8936.05	7.330
8941.06	7.331
8946.07	7.330
8951.09	7.330
8956.10	7.330
8961.11	7.330
8966.12	7.330
8971.13	7.330
8976.14	7.330
8981.16	7.330
8986.17	7.329
8991.18	7.329
8996.19	7.329
9001.20	7.329
9006.21	7.328
9011.23	7.328
9016.24	7.328
9021.25	7.328
9026.26	7.328
9031.27	7.327
9036.28	7.327
9041.30	7.327
9046.31	7.327
9051.32	7.327
9056.33	7.327
9061.34	7.327
9066.35	7.327
9071.36	7.326
9076.38	7.326
9081.39	7.326
9086.40	7.325
9091.41	7.325
9096.42	7.325
9101.43	7.325
9106.45	7.325
9111.46	7.325
9116.47	7.324
9121.48	7.324
9126.50	7.324
9131.51	7.324
9136.52	7.324
9141.53	7.323
9146.55	7.323
9151.56	7.323
9156.57	7.323
9161.58	7.323
9166.59	7.322
9171.60	7.322
9176.62	7.322
9181.63	7.322
9186.64	7.322
9191.65	7.321
9196.66	7.321
9201.67	7.321
9206.68	7.321
9211.70	7.321
9216.71	7.321
9221.72	7.321
9226.73	7.320
9231.74	7.320
9236.75	7.320
9241.76	7.320
9246.78	7.320
9251.79	7.320
9256.80	7.319
9261.81	7.319
9266.82	7.319
9271.83	7.319
9276.84	7.319
9281.85	7.318
9286.87	7.318
9291.88	7.318
9296.89	7.318
9301.90	7.318
9306.91	7.317
9311.93	7.317
9316.94	7.317
9321.95	7.316
9326.96	7.316
9331.97	7.316
9336.98	7.316
9342.00	7.316
9347.01	7.315
9352.02	7.315
9357.03	7.315
9362.04	7.315
9367.05	7.314
9372.07	7.314
9377.08	7.314
9382.09	7.313
9387.10	7.313
9392.11	7.313
9397.12	7.313
9402.14	7.313
9407.15	7.312
9412.16	7.312
9417.17	7.312
9422.18	7.312
9427.19	7.311
9432.21	7.311
9437.22	7.311
9442.23	7.311
9447.24	7.311
9452.25	7.310
9457.26	7.310
9462.28	7.310
9467.29	7.310
9472.30	7.309
9477.31	7.309
9482.32	7.309
9487.33	7.309
9492.35	7.308
9497.36	7.308
9502.37	7.308
9507.38	7.307
9512.40	7.307
9517.41	7.307
9522.43	7.307
9527.44	7.307
9532.45	7.307
9537.46	7.307
9542.47	7.306
9547.49	7.306
9552.50	7.306
9557.51	7.305
9562.52	7.305
9567.53	7.305
9572.54	7.304
9577.56	7.304
9582.57	7.304
9587.58	7.303
9592.59	7.303
9597.60	7.303
9602.61	7.302
9607.62	7.302
9612.64	7.302
9617.65	7.301
9622.66	7.301
9627.67	7.301
9632.68	7.300
9637.69	7.300
9642.70	7.300
9647.72	7.300
9652.73	7.299
9657.74	7.299
9662.75	7.299
9667.76	7.298
9672.77	7.298
9677.79	7.298
9682.80	7.298
9687.81	7.297
9692.82	7.297
9697.83	7.296
9702.84	7.296
9707.86	7.296
9712.87	7.296
9717.88	7.295
9722.90	7.295
9727.91	7.295
9732.93	7.294
9737.94	7.294
9742.95	7.294
9747.96	7.293
9752.97	7.293
9757.99	7.293
9763.00	7.292
9768.01	7.292
9773.02	7.292
9778.03	7.291
9783.04	7.291
9788.05	7.291
9793.07	7.290
9798.08	7.290
9803.09	7.290
9808.10	7.289
9813.11	7.289
9818.12	7.288
9823.14	7.288
9828.15	7.288
9833.16	7.287
9838.17	7.287
9843.18	7.287
9848.19	7.286
9853.20	7.286
9858.22	7.285
9863.23	7.285
9868.24	7.285
9873.25	7.284
9878.26	7.284
9883.27	7.283
9888.29	7.283
9893.30	7.283
9898.31	7.282
9903.32	7.282
9908.33	7.282
9913.34	7.281
9918.36	7.281
9923.37	7.280
9928.38	7.280
9933.39	7.279
9938.40	7.279
9943.41	7.279
9948.43	7.278
9953.44	7.278
9958.45	7.278
9963.46	7.277
9968.47	7.277
9973.48	7.276
9978.50	7.276
9983.51	7.275
9988.52	7.275
9993.53	7.275
9998.54	7.274
10003.55	7.274
10008.57	7.273
10013.58	7.273
10018.59	7.273
10023.60	7.272
10028.61	7.272
10033.62	7.271
10038.64	7.271
10043.65	7.270
10048.66	7.270
10053.67	7.269
10058.68	7.269
10063.69	7.268
10068.70	7.268
10073.72	7.267
10078.73	7.267
10083.74	7.266
10088.75	7.266
10093.76	7.266
10098.77	7.265
10103.78	7.264
10108.80	7.264
10113.81	7.263
10118.82	7.263
10123.83	7.263
10128.84	7.262
10133.85	7.262
10138.87	7.261
10143.88	7.261
10148.89	7.260
10153.90	7.260
10158.91	7.259
10163.92	7.259
10168.93	7.258
10173.95	7.257
10178.96	7.257
10183.97	7.257
10188.98	7.256
10193.99	7.256
10199.00	7.255
10204.02	7.254
10209.03	7.254
10214.04	7.254
10219.05	7.253
10224.06	7.253
10229.07	7.252
10234.08	7.251
10239.10	7.251
10244.11	7.250
10249.12	7.250
10254.13	7.249
10259.14	7.248
10264.15	7.248
10269.17	7.247
10274.18	7.247
10279.19	7.246
10284.20	7.246
10289.21	7.245
10294.23	7.245
10299.24	7.244
10304.25	7.244
10309.27	7.243
10314.28	7.242
10319.30	7.242
10324.31	7.241
10329.32	7.241
10334.34	7.240
10339.35	7.240
10344.37	7.239
10349.38	7.239
10354.39	7.238
10359.40	7.237
10364.42	7.237
10369.43	7.236
10374.44	7.235
10379.45	7.235
10384.46	7.234
10389.47	7.234
10394.48	7.233
10399.50	7.232
10404.51	7.232
10409.52	7.231
10414.53	7.230
10419.54	7.230
10424.55	7.229
10429.56	7.229
10434.58	7.228
10439.59	7.227
10444.60	7.227
10449.61	7.226
10454.62	7.225
10459.63	7.225
10464.65	7.224
10469.66	7.223
10474.67	7.223
10479.68	7.222
10484.69	7.221
10489.70	7.221
10494.72	7.220
10499.73	7.219
10504.74	7.219
10509.75	7.218
10514.76	7.218
10519.77	7.217
10524.79	7.217
10529.80	7.216
10534.81	7.215
10539.82	7.215
10544.84	7.214
10549.85	7.213
10554.87	7.213
10559.88	7.212
10564.89	7.211
10569.90	7.210
10574.91	7.210
10579.93	7.209
10584.94	7.208
10589.95	7.208
10594.96	7.207
10599.97	7.206
10604.98	7.206
10610.00	7.205
10615.01	7.204
10620.02	7.204
10625.03	7.203
10630.04	7.203
10635.05	7.202
10640.07	7.201
10645.08	7.200
10650.09	7.199
10655.10	7.199
10660.11	7.198
10665.12	7.197
10670.13	7.197
10675.15	7.196
10680.16	7.196
10685.17	7.195
10690.18	7.194
10695.19	7.193
10700.20	7.192
10705.22	7.192
10710.23	7.191
10715.24	7.191
10720.25	7.190
10725.26	7.189
10730.27	7.189
10735.28	7.188
10740.30	7.187
10745.31	7.186
10750.32	7.186
10755.33	7.185
10760.35	7.184
10765.36	7.183
10770.38	7.182
10775.39	7.182
10780.40	7.181
10785.41	7.180
10790.42	7.180
10795.44	7.179
10800.45	7.178
10805.46	7.178
10810.47	7.177
10815.48	7.176
10820.49	7.175
10825.50	7.175
10830.52	7.174
10835.53	7.173
10840.54	7.172
10845.55	7.171
10850.56	7.171
10855.57	7.170
10860.59	7.169
10865.60	7.168
10870.61	7.168
10875.62	7.167
10880.63	7.166
10885.64	7.166
10890.66	7.165
10895.67	7.164
10900.68	7.163
10905.69	7.162
10910.70	7.162
10915.71	7.161
10920.73	7.160
10925.74	7.159
10930.75	7.158
10935.76	7.158
10940.77	7.157
10945.78	7.156
10950.80	7.155
10955.81	7.154
10960.82	7.154
10965.83	7.153
10970.85	7.152
10975.86	7.152
10980.88	7.151
10985.89	7.150
10990.90	7.149
10995.91	7.149
11000.92	7.148
11005.94	7.147
11010.95	7.146
11015.96	7.145
11020.97	7.145
11025.98	7.144
11030.99	7.143
11036.01	7.142
11041.02	7.141
11046.03	7.140
11051.04	7.140
11056.05	7.139
11061.06	7.138
11066.08	7.137
11071.09	7.136
11076.10	7.135
11081.11	7.135
11086.12	7.134
11091.13	7.133
11096.14	7.132
11101.16	7.132
11106.17	7.131
11111.18	7.130
11116.19	7.129
11121.20	7.128
11126.21	7.127
11131.23	7.126
11136.24	7.126
11141.25	7.125
11146.26	7.124
11151.27	7.123
11156.28	7.123
11161.30	7.122
11166.31	7.121
11171.32	7.120
11176.33	7.119
11181.34	7.118
11186.36	7.117
11191.37	7.117
11196.39	7.116
11201.40	7.115
11206.41	7.114
11211.42	7.113
11216.43	7.113
11221.45	7.112
11226.46	7.111
11231.47	7.110
11236.48	7.109
11241.49	7.108
11246.50	7.108
11251.52	7.107
11256.53	7.106
11261.54	7.105
11266.55	7.104
11271.56	7.103
11276.57	7.103
11281.58	7.102
11286.60	7.101
11291.61	7.100
11296.62	7.099
11301.63	7.098
11306.64	7.097
11311.65	7.096
11316.67	7.095
11321.68	7.095
11326.69	7.094
11331.70	7.093
11336.71	7.092
11341.72	7.091
11346.74	7.090
11351.75	7.090
11356.76	7.089
11361.77	7.088
11366.78	7.087
11371.79	7.086
11376.80	7.085
11381.82	7.084
11386.83	7.083
11391.84	7.082
11396.86	7.082
11401.87	7.081
11406.89	7.080
11411.90	7.079
11416.91	7.078
11421.92	7.077
11426.93	7.076
11431.94	7.076
11436.95	7.075
11441.97	7.074
11446.98	7.073
11451.99	7.072
11457.00	7.071
11462.01	7.070
11467.02	7.069
11472.04	7.068
11477.05	7.067
11482.06	7.066
11487.07	7.066
11492.08	7.064
11497.09	7.064
11502.11	7.063
11507.12	7.062
11512.13	7.061
11517.14	7.060
11522.15	7.059
11527.16	7.058
11532.18	7.057
11537.19	7.057
11542.20	7.056
11547.21	7.055
11552.22	7.054
11557.23	7.053
11562.25	7.052
11567.26	7.051
11572.27	7.050
11577.28	7.049
11582.29	7.048
11587.30	7.047
11592.31	7.047
11597.33	7.046
11602.34	7.045
11607.35	7.044
11612.36	7.043
11617.37	7.042
11622.39	7.041
11627.40	7.040
11632.41	7.039
11637.42	7.038
11642.43	7.037
11647.45	7.036
11652.46	7.035
11657.47	7.034
11662.48	7.033
11667.49	7.032
11672.50	7.031
11677.51	7.030
11682.53	7.030
11687.54	7.029
11692.55	7.028
11697.56	7.027
11702.57	7.026
11707.58	7.025
11712.60	7.024
11717.61	7.023
11722.62	7.022
11727.63	7.021
11732.64	7.020
11737.65	7.019
11742.66	7.018
11747.68	7.017
11752.69	7.016
11757.70	7.015
11762.71	7.014
11767.72	7.013
11772.73	7.012
11777.75	7.011
11782.76	7.010
11787.77	7.009
11792.78	7.008
11797.79	7.007
11802.80	7.006
11807.82	7.005
11812.83	7.004
11817.84	7.003
11822.86	7.002
11827.87	7.001
11832.89	7.000
11837.90	6.999
11842.91	6.998
11847.92	6.997
11852.93	6.996
11857.95	6.995
11862.96	6.994
11867.97	6.994
11872.98	6.993
11877.99	6.992
11883.00	6.991
11888.02	6.989
11893.03	6.989
11898.04	6.988
11903.05	6.986
11908.06	6.985
11913.07	6.984
11918.09	6.983
11923.10	6.983
11928.11	6.981
11933.12	6.980
11938.14	6.979
11943.16	6.978
11948.17	6.977
11953.19	6.976
11958.20	6.975
11963.21	6.974
11968.23	6.973
11973.24	6.972
11978.26	6.971
11983.27	6.970
11988.29	6.969
11993.30	6.968
11998.32	6.967
12003.33	6.966
12008.34	6.965
12013.36	6.964
12018.37	6.963
12023.38	6.962
12028.40	6.961
12033.41	6.960
12038.43	6.959
12043.44	6.958
12048.46	6.957
12053.48	6.956
12058.49	6.955
12063.50	6.954
12068.51	6.953
12073.52	6.952
12078.53	6.951
12083.55	6.949
12088.56	6.948
12093.58	6.947
12098.59	6.946
12103.61	6.945
12108.62	6.944
12113.63	6.943
12118.65	6.942
12123.66	6.941
12128.67	6.940
12133.69	6.939
12138.71	6.938
12143.72	6.937
12148.73	6.936
12153.75	6.935
12158.76	6.934
12163.77	6.933
12168.79	6.932
12173.81	6.930
12178.82	6.930
12183.84	6.928
12188.85	6.927
12193.86	6.926
12198.88	6.925
12203.89	6.924
12208.91	6.923
12213.92	6.922
12218.94	6.921
12223.95	6.920
12228.97	6.919
12233.98	6.918
12238.99	6.917
12244.01	6.915
12249.02	6.914
12254.04	6.913
12259.05	6.912
12264.07	6.911
12269.08	6.910
12274.10	6.909
12279.11	6.908
12284.12	6.907
12289.14	6.906
12294.15	6.904
12299.17	6.903
12304.18	6.902
12309.20	6.901
12314.21	6.900
12319.23	6.899
12324.24	6.898
12329.25	6.896
12334.27	6.895
12339.28	6.894
12344.29	6.893
12349.30	6.892
12354.31	6.891
12359.32	6.890
12364.34	6.889
12369.35	6.887
12374.36	6.886
12379.38	6.885
12384.39	6.884
12389.40	6.883
12394.41	6.882
12399.43	6.881
12404.44	6.879
12409.45	6.878
12414.46	6.877
12419.47	6.876
12424.49	6.875
12429.50	6.874
12434.52	6.873
12439.53	6.872
12444.55	6.870
12449.56	6.869
12454.57	6.868
12459.59	6.867
12464.60	6.866
12469.62	6.865
12474.63	6.864
12479.64	6.862
12484.65	6.861
12489.66	6.860
12494.68	6.859
12499.69	6.858
12504.70	6.856
12509.71	6.855
12514.73	6.854
12519.74	6.853
12524.76	6.852
12529.77	6.851
12534.79	6.849
12539.80	6.848
12544.81	6.847
12549.83	6.846
12554.84	6.844
12559.86	6.843
12564.87	6.842
12569.89	6.841
12574.90	6.840
12579.92	6.838
12584.93	6.837
12589.94	6.836
12594.96	6.835
12599.97	6.834
12604.98	6.832
12610.00	6.831
12615.02	6.830
12620.03	6.829
12625.04	6.828
12630.06	6.826
12635.07	6.825
12640.09	6.824
12645.10	6.823
12650.12	6.821
12655.13	6.820
12660.15	6.819
12665.16	6.818
12670.17	6.817
12675.19	6.816
12680.21	6.814
12685.22	6.813
12690.24	6.812
12695.25	6.811
12700.26	6.809
12705.28	6.808
12710.29	6.806
12715.30	6.805
12720.32	6.804
12725.33	6.803
12730.34	6.801
12735.35	6.800
12740.36	6.799
12745.37	6.798
12750.38	6.796
12755.40	6.795
12760.41	6.794
12765.42	6.792
12770.43	6.791
12775.44	6.790
12780.45	6.789
12785.46	6.787
12790.48	6.786
12795.49	6.785
12800.50	6.784
12805.51	6.783
12810.52	6.781
12815.53	6.780
12820.55	6.779
12825.56	6.777
12830.57	6.776
12835.58	6.775
12840.59	6.773
12845.60	6.772
12850.61	6.771
12855.63	6.770
12860.64	6.768
12865.65	6.767
12870.66	6.766
12875.67	6.764
12880.68	6.763
12885.69	6.762
12890.71	6.761
12895.72	6.759
12900.73	6.758
12905.74	6.756
12910.75	6.755
12915.76	6.754
12920.78	6.753
12925.79	6.751
12930.80	6.750
12935.81	6.748
12940.82	6.747
12945.83	6.746
12950.84	6.744
12955.86	6.743
12960.87	6.741
12965.88	6.740
12970.89	6.739
12975.90	6.737
12980.91	6.736
12985.93	6.735
12990.94	6.733
12995.95	6.732
13000.96	6.731
13005.97	6.729
13010.98	6.728
13015.99	6.727
13021.00	6.725
13026.02	6.724
13031.03	6.722
13036.04	6.721
13041.05	6.719
13046.06	6.718
13051.07	6.717
13056.09	6.715
13061.10	6.714
13066.11	6.713
13071.12	6.711
13076.13	6.710
13081.14	6.709
13086.15	6.707
13091.17	6.706
13096.18	6.704
13101.19	6.703
13106.20	6.701
13111.21	6.700
13116.22	6.698
13121.24	6.697
13126.25	6.696
13131.26	6.694
13136.27	6.693
13141.28	6.691
13146.29	6.690
13151.31	6.689
13156.32	6.687
13161.33	6.686
13166.34	6.684
13171.35	6.683
13176.36	6.682
13181.37	6.680
13186.39	6.679
13191.40	6.677
13196.41	6.676
13201.42	6.674
13206.43	6.673
13211.44	6.671
13216.45	6.670
13221.47	6.669
13226.48	6.667
13231.49	6.666
13236.50	6.664
13241.51	6.663
13246.52	6.661
13251.54	6.660
13256.55	6.658
13261.56	6.657
13266.57	6.655
13271.58	6.654
13276.59	6.652
13281.61	6.651
13286.62	6.650
13291.63	6.648
13296.64	6.647
13301.66	6.645
13306.67	6.644
13311.69	6.642
13316.70	6.641
13321.72	6.639
13326.73	6.638
13331.74	6.636
13336.76	6.634
13341.77	6.633
13346.79	6.631
13351.80	6.630
13356.82	6.628
13361.83	6.627
13366.85	6.625
13371.86	6.624
13376.88	6.622
13381.89	6.621
13386.90	6.619
13391.92	6.618
13396.93	6.616
13401.94	6.614
13406.95	6.613
13411.97	6.611
13416.98	6.610
13421.99	6.608
13427.00	6.607
13432.01	6.605
13437.02	6.604
13442.03	6.602
13447.05	6.600
13452.06	6.599
13457.07	6.597
13462.08	6.596
13467.09	6.594
13472.10	6.593
13477.11	6.591
13482.13	6.590
13487.14	6.588
13492.15	6.586
13497.16	6.585
13502.17	6.583
13507.18	6.582
13512.20	6.580
13517.21	6.579
13522.22	6.577
13527.23	6.575
13532.24	6.573
13537.25	6.572
13542.26	6.570
13547.28	6.569
13552.29	6.567
13557.30	6.566
13562.31	6.564
13567.32	6.562
13572.33	6.561
13577.35	6.559
13582.36	6.558
13587.37	6.556
13592.38	6.554
13597.39	6.553
13602.40	6.551
13607.42	6.550
13612.43	6.548
13617.44	6.546
13622.45	6.545
13627.46	6.543
13632.47	6.542
13637.48	6.540
13642.50	6.538
13647.51	6.537
13652.52	6.535
13657.53	6.534
13662.55	6.532
13667.56	6.530
13672.58	6.528
13677.59	6.527
13682.61	6.525
13687.62	6.524
13692.63	6.522
13697.64	6.520
13702.65	6.518
13707.66	6.517
13712.68	6.515
13717.69	6.513
13722.70	6.512
13727.71	6.510
13732.72	6.508
13737.73	6.507
13742.75	6.505
13747.76	6.503
13752.77	6.501
13757.78	6.500
13762.79	6.498
13767.80	6.496
13772.81	6.495
13777.83	6.493
13782.84	6.491
13787.85	6.489
13792.86	6.488
13797.87	6.486
13802.88	6.484
13807.90	6.483
13812.91	6.481
13817.92	6.479
13822.94	6.478
13827.95	6.476
13832.96	6.474
13837.98	6.472
13842.99	6.470
13848.01	6.469
13853.02	6.467
13858.04	6.465
13863.05	6.463
13868.06	6.462
13873.08	6.460
13878.10	6.458
13883.11	6.456
13888.12	6.454
13893.14	6.453
13898.15	6.451
13903.16	6.449
13908.17	6.447
13913.19	6.446
13918.20	6.444
13923.21	6.442
13928.22	6.440
13933.23	6.438
13938.24	6.437
13943.25	6.435
13948.27	6.433
13953.28	6.431
13958.29	6.429
13963.30	6.427
13968.31	6.425
13973.33	6.423
13978.34	6.422
13983.35	6.420
13988.37	6.418
13993.38	6.416
13998.40	6.414
14003.42	6.413
14008.43	6.411
14013.44	6.409
14018.46	6.407
14023.47	6.405
14028.49	6.403
14033.50	6.401
14038.51	6.399
14043.53	6.397
14048.54	6.395
14053.56	6.393
14058.57	6.391
14063.58	6.389
14068.59	6.387
14073.61	6.385
14078.62	6.383
14083.63	6.381
14088.64	6.379
14093.65	6.378
14098.66	6.376
14103.68	6.374
14108.69	6.372
14113.70	6.370
14118.71	6.368
14123.72	6.366
14128.73	6.364
14133.75	6.362
14138.76	6.360
14143.78	6.358
14148.79	6.356
14153.81	6.354
14158.82	6.352
14163.83	6.349
14168.85	6.348
14173.86	6.345
14178.88	6.343
14183.89	6.341
14188.90	6.339
14193.92	6.337
14198.93	6.335
14203.95	6.333
14208.96	6.331
14213.98	6.329
14218.99	6.327
14224.00	6.325
14229.01	6.323
14234.02	6.321
14239.04	6.319
14244.05	6.317
14249.06	6.315
14254.07	6.313
14259.08	6.310
14264.09	6.308
14269.11	6.306
14274.12	6.304
14279.13	6.302
14284.14	6.300
14289.15	6.298
14294.17	6.296
14299.18	6.294
14304.20	6.292
14309.21	6.290
14314.23	6.287
14319.24	6.285
14324.25	6.283
14329.27	6.281
14334.28	6.279
14339.29	6.277
14344.31	6.275
14349.32	6.273
14354.33	6.271
14359.34	6.268
14364.35	6.266
14369.36	6.264
14374.37	6.262
14379.39	6.259
14384.40	6.257
14389.41	6.255
14394.42	6.253
14399.43	6.251
14404.44	6.249
14409.45	6.247
14414.47	6.244
14419.48	6.242
14424.49	6.240
14429.50	6.238
14434.51	6.236
14439.52	6.234
14444.54	6.231
14449.55	6.229
14454.56	6.227
14459.57	6.225
14464.58	6.222
14469.59	6.220
14474.61	6.218
14479.62	6.216
14484.63	6.214
14489.64	6.211
14494.65	6.209
14499.66	6.207
14504.67	6.205
14509.69	6.203
14514.70	6.200
14519.71	6.198
14524.72	6.196
14529.73	6.193
14534.74	6.191
14539.76	6.189
14544.77	6.187
14549.78	6.184
14554.79	6.182
14559.80	6.180
14564.81	6.178
14569.83	6.175
14574.84	6.173
14579.85	6.171
14584.86	6.169
14589.87	6.166
14594.88	6.164
14599.89	6.162
14604.91	6.160
14609.92	6.157
14614.93	6.155
14619.94	6.152
14624.95	6.150
14629.96	6.148
14634.98	6.146
14639.99	6.143
14645.00	6.141
14650.01	6.139
14655.02	6.137
14660.03	6.134
14665.04	6.132
14670.06	6.130
14675.07	6.128
14680.08	6.125
14685.09	6.123
14690.10	6.121
14695.11	6.118
14700.13	6.116
14705.14	6.114
14710.15	6.112
14715.16	6.110
14720.17	6.107
14725.18	6.105
14730.19	6.103
14735.21	6.101
14740.22	6.098
14745.23	6.096
14750.24	6.094
14755.25	6.091
14760.26	6.089
14765.27	6.087
14770.29	6.084
14775.30	6.082
14780.31	6.080
14785.32	6.077
14790.33	6.075
14795.34	6.073
14800.35	6.071
14805.37	6.068
14810.38	6.066
14815.39	6.064
14820.40	6.061
14825.41	6.060
14830.42	6.057
14835.43	6.055
14840.45	6.053
14845.46	6.050
14850.47	6.048
14855.48	6.046
14860.49	6.044
14865.50	6.041
14870.52	6.039
14875.53	6.037
14880.54	6.035
14885.55	6.032
14890.56	6.030
14895.57	6.028
14900.59	6.026
14905.60	6.024
14910.61	6.021
14915.63	6.019
14920.64	6.017
14925.65	6.015
14930.66	6.013
14935.68	6.010
14940.69	6.008
14945.70	6.006
14950.71	6.004
14955.72	6.002
14960.73	5.999
14965.74	5.997
14970.76	5.995
14975.77	5.993
14980.78	5.990
14985.79	5.988
14990.80	5.986
14995.81	5.984
15000.83	5.982
15005.84	5.980
15010.85	5.978
15015.86	5.975
15020.87	5.973
