2.51	7.911
7.52	7.911
12.53	7.911
17.54	7.911
22.55	7.911
27.56	7.911
32.58	7.911
37.59	7.911
42.60	7.911
47.61	7.911
52.62	7.911
57.64	7.911
62.65	7.708
67.66	7.714
72.67	7.717
77.68	7.719
82.69	7.720
87.70	7.721
92.72	7.721
97.73	7.721
102.74	7.722
107.75	7.721
112.76	7.721
117.77	7.721
122.79	7.721
127.80	7.721
132.81	7.720
137.82	7.720
142.83	7.719
147.84	7.719
152.86	7.719
157.87	7.718
162.88	7.718
167.89	7.717
172.90	7.717
177.91	7.717
182.92	7.716
187.94	7.716
192.95	7.715
197.96	7.715
202.97	7.715
207.98	7.714
212.99	7.714
218.01	7.714
223.02	7.714
228.04	7.713
233.05	7.713
238.07	7.712
243.08	7.712
248.10	7.712
253.11	7.711
258.12	7.711
263.14	7.711
268.15	7.710
273.16	7.710
278.17	7.710
283.18	7.709
288.20	7.709
293.21	7.709
298.22	7.709
303.23	7.708
308.24	7.708
313.25	7.708
318.27	7.707
323.28	7.707
328.29	7.707
333.30	7.707
338.31	7.707
343.32	7.706
348.33	7.706
353.35	7.706
358.36	7.706
363.37	7.705
368.38	7.705
373.39	7.705
378.40	7.705
383.42	7.704
388.43	7.704
393.44	7.704
398.45	7.704
403.46	7.704
408.47	7.703
413.49	7.703
418.50	7.703
423.51	7.703
428.52	7.702
433.53	7.702
438.54	7.702
443.55	7.701
448.57	7.701
453.58	7.701
458.59	7.701
463.60	7.701
468.61	7.701
473.62	7.700
478.64	7.700
483.65	7.700
488.66	7.700
493.67	7.699
498.68	7.699
503.69	7.699
508.70	7.699
513.72	7.698
518.73	7.698
523.74	7.698
528.75	7.698
533.76	7.698
538.77	7.697
543.78	7.697
548.80	7.697
553.81	7.697
558.82	7.697
563.83	7.696
568.84	7.696
573.85	7.696
578.87	7.696
583.88	7.696
588.89	7.695
593.90	7.695
598.91	7.695
603.92	7.695
608.94	7.694
613.95	7.694
618.96	7.694
623.97	7.694
628.98	7.694
633.99	7.694
639.00	7.693
644.02	7.693
649.03	7.693
654.04	7.693
659.05	7.693
664.06	7.692
669.07	7.692
674.09	7.692
679.10	7.691
684.11	7.691
689.12	7.691
694.13	7.691
699.14	7.691
704.15	7.690
709.17	7.690
714.18	7.690
719.19	7.690
724.20	7.690
729.21	7.690
734.22	7.689
739.24	7.689
744.25	7.689
749.26	7.688
754.27	7.688
759.28	7.688
764.29	7.688
769.30	7.688
774.32	7.687
779.33	7.687
784.34	7.687
789.35	7.687
794.36	7.686
799.37	7.687
804.39	7.687
809.40	7.686
814.41	7.686
819.42	7.686
824.43	7.685
829.44	7.685
834.46	7.685
839.47	7.685
844.48	7.685
849.49	7.685
854.50	7.685
859.51	7.684
864.52	7.684
869.54	7.684
874.55	7.683
879.56	7.683
884.57	7.683
889.58	7.683
894.59	7.682
899.61	7.682
904.62	7.682
909.63	7.682
914.64	7.682
919.65	7.682
924.66	7.681
929.68	7.681
934.69	7.681
939.70	7.681
944.71	7.681
949.72	7.680
954.73	7.680
959.75	7.680
964.76	7.680
969.78	7.680
974.79	7.679
979.81	7.679
984.82	7.679
989.84	7.679
994.85	7.678
999.86	7.678
1004.88	7.678
1009.89	7.678
1014.90	7.678
1019.91	7.678
1024.92	7.678
1029.94	7.677
1034.95	7.677
1039.96	7.676
1044.97	7.676
1049.98	7.676
1054.99	7.676
1060.01	7.676
1065.02	7.676
1070.03	7.675
1075.05	7.675
1080.06	7.675
1085.07	7.675
1090.09	7.675
1095.10	7.674
1100.11	7.674
1105.13	7.674
1110.14	7.674
1115.15	7.674
1120.17	7.674
1125.18	7.673
1130.19	7.673
1135.20	7.673
1140.22	7.673
1145.23	7.672
1150.25	7.672
1155.26	7.672
1160.27	7.672
1165.29	7.671
1170.30	7.671
1175.31	7.671
1180.32	7.671
1185.33	7.671
1190.34	7.671
1195.35	7.671
1200.37	7.670
1205.38	7.670
1210.39	7.670
1215.40	7.670
1220.41	7.669
1225.42	7.669
1230.44	7.669
1235.45	7.669
1240.46	7.668
1245.47	7.668
1250.48	7.668
1255.50	7.668
1260.51	7.668
1265.52	7.667
1270.53	7.667
1275.54	7.667
1280.55	7.667
1285.56	7.667
1290.58	7.667
1295.59	7.666
1300.60	7.666
1305.61	7.666
1310.62	7.666
1315.63	7.665
1320.65	7.663
1325.66	7.663
1330.67	7.663
1335.68	7.663
1340.69	7.663
1345.70	7.663
1350.71	7.663
1355.73	7.663
1360.74	7.662
1365.75	7.662
1370.76	7.662
1375.77	7.662
1380.78	7.662
1385.79	7.661
1390.81	7.661
1395.82	7.661
1400.83	7.661
1405.84	7.661
1410.85	7.660
1415.86	7.660
1420.88	7.660
1425.89	7.660
1430.90	7.659
1435.91	7.659
1440.92	7.659
1445.93	7.659
1450.95	7.659
1455.96	7.659
1460.97	7.659
1465.98	7.658
1470.99	7.659
1476.00	7.658
1481.01	7.658
1486.03	7.658
1491.04	7.658
1496.05	7.657
1501.06	7.657
1506.07	7.657
1511.09	7.657
1516.10	7.656
1521.11	7.656
1526.12	7.656
1531.13	7.656
1536.14	7.656
1541.16	7.655
1546.17	7.655
1551.18	7.655
1556.19	7.655
1561.20	7.655
1566.21	7.655
1571.23	7.654
1576.24	7.654
1581.25	7.654
1586.26	7.654
1591.27	7.654
1596.28	7.653
1601.30	7.653
1606.31	7.653
1611.32	7.653
1616.33	7.653
1621.34	7.653
1626.35	7.652
1631.36	7.652
1636.38	7.652
1641.39	7.652
1646.40	7.651
1651.41	7.651
1656.42	7.651
1661.43	7.651
1666.45	7.651
1671.46	7.650
1676.47	7.650
1681.48	7.650
1686.49	7.650
1691.50	7.649
1696.51	7.649
1701.53	7.649
1706.54	7.649
1711.55	7.649
1716.56	7.649
1721.57	7.649
1726.58	7.648
1731.60	7.648
1736.61	7.648
1741.62	7.648
1746.63	7.647
1751.64	7.647
1756.65	7.647
1761.66	7.647
1766.68	7.647
1771.69	7.646
1776.70	7.646
1781.71	7.646
1786.72	7.645
1791.73	7.645
1796.75	7.645
1801.76	7.645
1806.77	7.645
1811.78	7.645
1816.79	7.645
1821.80	7.644
1826.82	7.644
1831.83	7.644
1836.84	7.644
1841.85	7.644
1846.86	7.644
1851.87	7.643
1856.88	7.643
1861.90	7.643
1866.91	7.643
1871.92	7.643
1876.93	7.642
1881.94	7.642
1886.95	7.642
1891.97	7.641
1896.98	7.641
1901.99	7.641
1907.00	7.641
1912.01	7.641
1917.02	7.641
1922.04	7.640
1927.05	7.640
1932.06	7.639
1937.07	7.640
1942.08	7.639
1947.09	7.639
1952.11	7.639
1957.12	7.639
1962.13	7.638
1967.14	7.638
1972.15	7.638
1977.16	7.638
1982.18	7.638
1987.19	7.638
1992.20	7.637
1997.21	7.637
2002.22	7.637
2007.23	7.637
2012.24	7.636
2017.26	7.636
2022.27	7.636
2027.28	7.636
2032.29	7.635
2037.30	7.635
2042.31	7.635
2047.33	7.635
2052.34	7.635
2057.35	7.634
2062.36	7.634
2067.37	7.634
2072.38	7.634
2077.40	7.633
2082.41	7.633
2087.42	7.633
2092.43	7.633
2097.44	7.633
2102.45	7.633
2107.46	7.632
2112.48	7.632
2117.49	7.632
2122.50	7.632
2127.51	7.632
2132.52	7.631
2137.53	7.631
2142.55	7.631
2147.56	7.631
2152.57	7.630
2157.58	7.630
2162.59	7.630
2167.60	7.630
2172.61	7.629
2177.63	7.629
2182.64	7.629
2187.65	7.629
2192.66	7.629
2197.67	7.629
2202.68	7.628
2207.70	7.628
2212.71	7.628
2217.73	7.628
2222.74	7.628
2227.75	7.627
2232.77	7.627
2237.78	7.627
2242.79	7.627
2247.81	7.626
2252.82	7.626
2257.83	7.626
2262.84	7.626
2267.86	7.626
2272.87	7.625
2277.89	7.625
2282.90	7.625
2287.92	7.625
2292.93	7.625
2297.94	7.624
2302.95	7.624
2307.97	7.624
2312.98	7.624
2317.99	7.624
2323.00	7.624
2328.01	7.623
2333.02	7.623
2338.04	7.623
2343.05	7.623
2348.06	7.622
2353.07	7.622
2358.08	7.622
2363.09	7.622
2368.11	7.621
2373.12	7.621
2378.13	7.621
2383.14	7.621
2388.15	7.620
2393.16	7.620
2398.18	7.620
2403.19	7.620
2408.20	7.620
2413.21	7.619
2418.22	7.619
2423.23	7.619
2428.24	7.619
2433.26	7.619
2438.27	7.618
2443.28	7.618
2448.29	7.618
2453.30	7.618
2458.31	7.617
2463.32	7.617
2468.34	7.617
2473.35	7.617
2478.36	7.617
2483.37	7.616
2488.38	7.616
2493.39	7.616
2498.41	7.616
2503.42	7.615
2508.43	7.615
2513.44	7.615
2518.45	7.615
2523.46	7.615
2528.47	7.614
2533.49	7.614
2538.50	7.614
2543.51	7.614
2548.52	7.614
2553.53	7.613
2558.54	7.613
2563.56	7.613
2568.57	7.613
2573.58	7.612
2578.59	7.612
2583.60	7.612
2588.61	7.612
2593.62	7.611
2598.64	7.611
2603.65	7.611
2608.66	7.611
2613.67	7.611
2618.68	7.610
2623.69	7.610
2628.71	7.610
2633.72	7.610
2638.73	7.609
2643.74	7.609
2648.75	7.609
2653.76	7.608
2658.77	7.608
2663.79	7.608
2668.80	7.608
2673.81	7.608
2678.82	7.608
2683.83	7.607
2688.84	7.607
2693.85	7.607
2698.87	7.607
2703.88	7.606
2708.89	7.606
2713.90	7.606
2718.91	7.606
2723.92	7.606
2728.94	7.606
2733.95	7.605
2738.96	7.605
2743.97	7.605
2748.98	7.604
2753.99	7.604
2759.00	7.604
2764.02	7.604
2769.03	7.604
2774.04	7.603
2779.05	7.603
2784.06	7.603
2789.07	7.603
2794.09	7.602
2799.10	7.602
2804.11	7.602
2809.12	7.602
2814.13	7.601
2819.14	7.601
2824.16	7.601
2829.17	7.601
2834.18	7.600
2839.19	7.600
2844.20	7.600
2849.21	7.600
2854.22	7.600
2859.24	7.599
2864.25	7.599
2869.26	7.599
2874.27	7.599
2879.28	7.598
2884.29	7.598
2889.31	7.598
2894.32	7.597
2899.33	7.597
2904.34	7.597
2909.35	7.597
2914.36	7.597
2919.37	7.596
2924.38	7.596
2929.39	7.596
2934.41	7.596
2939.42	7.595
2944.43	7.595
2949.44	7.595
2954.45	7.594
2959.46	7.594
2964.47	7.591
2969.49	7.591
2974.50	7.592
2979.51	7.591
2984.52	7.591
2989.53	7.591
2994.54	7.591
2999.56	7.591
3004.57	7.591
3009.58	7.591
3014.59	7.590
3019.61	7.590
3024.62	7.590
3029.63	7.590
3034.64	7.589
3039.65	7.589
3044.67	7.589
3049.69	7.589
3054.70	7.588
3059.71	7.588
3064.73	7.588
3069.74	7.588
3074.75	7.588
3079.76	7.587
3084.77	7.587
3089.79	7.587
3094.80	7.587
3099.81	7.587
3104.83	7.586
3109.84	7.586
3114.86	7.586
3119.87	7.585
3124.88	7.586
3129.89	7.585
3134.90	7.585
3139.92	7.585
3144.93	7.585
3149.94	7.584
3154.95	7.584
3159.96	7.583
3164.97	7.583
3169.98	7.583
3175.00	7.583
3180.01	7.583
3185.02	7.582
3190.03	7.582
3195.04	7.582
3200.05	7.582
3205.06	7.582
3210.08	7.582
3215.09	7.581
3220.10	7.581
3225.11	7.581
3230.12	7.581
3235.13	7.580
3240.15	7.580
3245.16	7.580
3250.17	7.579
3255.18	7.579
3260.19	7.579
3265.20	7.579
3270.21	7.578
3275.23	7.578
3280.24	7.578
3285.25	7.578
3290.26	7.577
3295.27	7.577
3300.28	7.577
3305.30	7.577
3310.31	7.576
3315.32	7.576
3320.33	7.576
3325.34	7.576
3330.35	7.576
3335.37	7.575
3340.38	7.575
3345.39	7.575
3350.40	7.574
3355.41	7.574
3360.42	7.574
3365.43	7.574
3370.44	7.574
3375.46	7.573
3380.47	7.573
3385.48	7.573
3390.50	7.573
3395.51	7.573
3400.53	7.572
3405.54	7.572
3410.55	7.572
3415.56	7.572
3420.58	7.571
3425.59	7.571
3430.60	7.571
3435.62	7.570
3440.63	7.570
3445.64	7.570
3450.65	7.570
3455.66	7.569
3460.67	7.569
3465.68	7.569
3470.70	7.569
3475.72	7.568
3480.73	7.568
3485.74	7.568
3490.75	7.568
3495.76	7.567
3500.77	7.567
3505.79	7.567
3510.80	7.567
3515.81	7.566
3520.82	7.566
3525.83	7.566
3530.84	7.566
3535.85	7.565
3540.87	7.565
3545.88	7.565
3550.89	7.565
3555.90	7.564
3560.91	7.564
3565.92	7.564
3570.93	7.564
3575.95	7.563
3580.96	7.563
3585.97	7.563
3590.98	7.563
3595.99	7.562
3601.00	7.562
3606.01	7.562
3611.03	7.562
3616.04	7.561
3621.05	7.561
3626.06	7.561
3631.08	7.561
3636.09	7.560
3641.10	7.560
3646.11	7.560
3651.12	7.559
3656.13	7.559
3661.15	7.559
3666.16	7.559
3671.17	7.558
3676.18	7.558
3681.19	7.558
3686.20	7.558
3691.21	7.557
3696.23	7.557
3701.24	7.557
3706.25	7.557
3711.26	7.556
3716.27	7.556
3721.28	7.556
3726.30	7.556
3731.31	7.555
3736.32	7.555
3741.33	7.555
3746.34	7.555
3751.35	7.554
3756.37	7.554
3761.38	7.554
3766.39	7.553
3771.40	7.553
3776.41	7.553
3781.42	7.553
3786.43	7.553
3791.45	7.552
3796.46	7.552
3801.47	7.552
3806.48	7.551
3811.49	7.551
3816.50	7.551
3821.52	7.551
3826.53	7.551
3831.54	7.550
3836.55	7.550
3841.56	7.549
3846.58	7.549
3851.59	7.549
3856.61	7.549
3861.62	7.549
3866.64	7.548
3871.65	7.548
3876.67	7.548
3881.68	7.548
3886.69	7.547
3891.70	7.547
3896.71	7.547
3901.72	7.547
3906.74	7.546
3911.75	7.546
3916.76	7.546
3921.77	7.545
3926.78	7.545
3931.79	7.545
3936.81	7.545
3941.82	7.544
3946.83	7.544
3951.84	7.543
3956.85	7.543
3961.86	7.543
3966.87	7.543
3971.89	7.542
3976.90	7.542
3981.91	7.542
3986.92	7.542
3991.93	7.542
3996.94	7.541
4001.96	7.541
4006.97	7.540
4011.98	7.540
4016.99	7.540
4022.00	7.540
4027.01	7.539
4032.03	7.539
4037.04	7.539
4042.05	7.539
4047.06	7.539
4052.07	7.538
4057.08	7.538
4062.09	7.538
4067.11	7.537
4072.12	7.537
4077.13	7.537
4082.14	7.537
4087.16	7.536
4092.17	7.536
4097.18	7.536
4102.20	7.535
4107.21	7.535
4112.22	7.535
4117.23	7.535
4122.24	7.534
4127.25	7.534
4132.27	7.534
4137.28	7.534
4142.29	7.533
4147.30	7.533
4152.31	7.533
4157.32	7.533
4162.33	7.532
4167.35	7.532
4172.36	7.532
4177.37	7.532
4182.38	7.532
4187.39	7.531
4192.40	7.531
4197.42	7.530
4202.43	7.530
4207.44	7.530
4212.45	7.530
4217.46	7.529
4222.47	7.529
4227.48	7.529
4232.50	7.528
4237.51	7.528
4242.52	7.528
4247.53	7.528
4252.54	7.527
4257.55	7.527
4262.56	7.527
4267.58	7.527
4272.59	7.526
4277.60	7.526
4282.61	7.526
4287.63	7.525
4292.64	7.525
4297.65	7.525
4302.66	7.524
4307.67	7.524
4312.68	7.524
4317.69	7.524
4322.71	7.523
4327.72	7.523
4332.73	7.523
4337.74	7.523
4342.75	7.522
4347.76	7.522
4352.78	7.522
4357.79	7.521
4362.80	7.521
4367.81	7.521
4372.82	7.521
4377.83	7.521
4382.84	7.520
4387.86	7.520
4392.87	7.520
4397.88	7.519
4402.89	7.519
4407.90	7.519
4412.91	7.519
4417.93	7.518
4422.94	7.518
4427.95	7.518
4432.96	7.518
4437.97	7.517
4442.98	7.517
4447.99	7.517
4453.01	7.517
4458.02	7.516
4463.03	7.516
4468.04	7.516
4473.05	7.515
4478.06	7.515
4483.08	7.515
4488.09	7.515
4493.11	7.514
4498.12	7.514
4503.13	7.514
4508.14	7.514
4513.15	7.513
4518.16	7.513
4523.17	7.513
4528.18	7.512
4533.20	7.512
4538.21	7.512
4543.22	7.511
4548.23	7.511
4553.24	7.511
4558.25	7.511
4563.27	7.510
4568.28	7.510
4573.29	7.510
4578.30	7.510
4583.31	7.509
4588.32	7.509
4593.33	7.509
4598.35	7.508
4603.36	7.508
4608.37	7.508
4613.38	7.507
4618.39	7.507
4623.40	7.507
4628.42	7.507
4633.43	7.506
4638.44	7.506
4643.45	7.506
4648.46	7.505
4653.47	7.505
4658.48	7.505
4663.50	7.505
4668.51	7.504
4673.52	7.504
4678.53	7.504
4683.54	7.504
4688.55	7.503
4693.56	7.503
4698.58	7.503
4703.59	7.502
4708.60	7.502
4713.61	7.502
4718.62	7.502
4723.63	7.501
4728.64	7.501
4733.66	7.501
4738.67	7.500
4743.68	7.500
4748.69	7.500
4753.70	7.500
4758.71	7.499
4763.73	7.499
4768.74	7.499
4773.75	7.499
4778.76	7.499
4783.77	7.498
4788.78	7.498
4793.79	7.498
4798.81	7.497
4803.82	7.497
4808.83	7.497
4813.84	7.496
4818.85	7.496
4823.86	7.496
4828.88	7.496
4833.89	7.495
4838.90	7.495
4843.91	7.495
4848.92	7.494
4853.93	7.494
4858.95	7.494
4863.96	7.494
4868.97	7.493
4873.99	7.493
4879.00	7.493
4884.02	7.492
4889.03	7.492
4894.04	7.492
4899.05	7.491
4904.06	7.491
4909.07	7.491
4914.09	7.491
4919.10	7.490
4924.11	7.490
4929.12	7.490
4934.13	7.489
4939.14	7.489
4944.16	7.489
4949.17	7.488
4954.18	7.488
4959.19	7.488
4964.20	7.488
4969.21	7.488
4974.22	7.487
4979.24	7.487
4984.25	7.487
4989.26	7.486
4994.27	7.486
4999.28	7.486
5004.29	7.486
5009.31	7.485
5014.32	7.485
5019.33	7.485
5024.34	7.484
5029.35	7.484
5034.36	7.484
5039.37	7.484
5044.39	7.483
5049.40	7.483
5054.41	7.483
5059.42	7.482
5064.43	7.482
5069.44	7.482
5074.46	7.482
5079.47	7.481
5084.48	7.481
5089.50	7.481
5094.51	7.480
5099.52	7.480
5104.53	7.480
5109.54	7.480
5114.56	7.479
5119.57	7.479
5124.58	7.479
5129.59	7.479
5134.60	7.478
5139.61	7.478
5144.63	7.478
5149.64	7.477
5154.65	7.477
5159.66	7.477
5164.67	7.477
5169.68	7.477
5174.70	7.476
5179.71	7.476
5184.72	7.476
5189.73	7.475
5194.74	7.475
5199.75	7.475
5204.77	7.474
5209.78	7.474
5214.79	7.474
5219.80	7.474
5224.81	7.474
5229.82	7.473
5234.83	7.473
5239.85	7.473
5244.86	7.473
5249.87	7.473
5254.88	7.472
5259.89	7.472
5264.90	7.472
5269.92	7.471
5274.93	7.471
5279.94	7.471
5284.95	7.470
5289.96	7.470
5294.98	7.470
5299.99	7.470
5305.01	7.469
5310.02	7.469
5315.03	7.469
5320.04	7.469
5325.05	7.468
5330.06	7.468
5335.08	7.468
5340.09	7.468
5345.10	7.467
5350.11	7.467
5355.12	7.467
5360.13	7.466
5365.14	7.466
5370.16	7.466
5375.17	7.466
5380.18	7.466
5385.19	7.465
5390.20	7.465
5395.21	7.465
5400.23	7.464
5405.24	7.464
5410.25	7.464
5415.26	7.464
5420.27	7.464
5425.28	7.463
5430.30	7.463
5435.31	7.463
5440.32	7.463
5445.33	7.462
5450.34	7.462
5455.35	7.462
5460.36	7.462
5465.38	7.462
5470.39	7.461
5475.40	7.461
5480.41	7.461
5485.42	7.461
5490.43	7.460
5495.45	7.460
5500.46	7.460
5505.47	7.460
5510.49	7.459
5515.50	7.459
5520.52	7.459
5525.53	7.459
5530.54	7.459
5535.55	7.458
5540.56	7.458
5545.57	7.458
5550.59	7.457
5555.60	7.458
5560.61	7.457
5565.62	7.457
5570.63	7.457
5575.64	7.457
5580.65	7.456
5585.67	7.456
5590.68	7.456
5595.69	7.456
5600.70	7.456
5605.71	7.455
5610.72	7.455
5615.74	7.455
5620.75	7.455
5625.76	7.454
5630.77	7.454
5635.78	7.454
5640.79	7.454
5645.80	7.454
5650.82	7.453
5655.83	7.453
5660.84	7.453
5665.85	7.453
5670.86	7.453
5675.87	7.452
5680.89	7.452
5685.90	7.452
5690.91	7.452
5695.92	7.452
5700.93	7.451
5705.94	7.451
5710.96	7.451
5715.97	7.451
5720.98	7.451
5725.99	7.451
5731.01	7.450
5736.02	7.450
5741.04	7.450
5746.05	7.449
5751.06	7.449
5756.07	7.449
5761.08	7.449
5766.09	7.449
5771.11	7.448
5776.12	7.448
5781.13	7.448
5786.14	7.448
5791.15	7.448
5796.16	7.448
5801.18	7.447
5806.19	7.447
5811.20	7.447
5816.21	7.447
5821.22	7.447
5826.23	7.446
5831.24	7.446
5836.26	7.446
5841.27	7.446
5846.28	7.446
5851.29	7.446
5856.30	7.445
5861.31	7.445
5866.33	7.445
5871.34	7.445
5876.35	7.445
5881.36	7.445
5886.37	7.445
5891.38	7.444
5896.39	7.444
5901.41	7.444
5906.42	7.444
5911.43	7.444
5916.44	7.443
5921.45	7.443
5926.46	7.443
5931.48	7.442
5936.49	7.442
5941.50	7.443
5946.52	7.442
5951.53	7.442
5956.54	7.442
5961.56	7.442
5966.57	7.442
5971.58	7.441
5976.59	7.441
5981.60	7.441
5986.61	7.441
5991.63	7.441
5996.64	7.441
6001.65	7.440
6006.66	7.440
6011.67	7.440
6016.68	7.440
6021.69	7.439
6026.71	7.439
6031.72	7.439
6036.73	7.439
6041.74	7.439
6046.75	7.439
6051.76	7.439
6056.78	7.439
6061.79	7.438
6066.80	7.438
6071.81	7.438
6076.82	7.438
6081.83	7.438
6086.84	7.438
6091.86	7.437
6096.87	7.437
6101.88	7.437
6106.89	7.437
6111.90	7.437
6116.91	7.437
6121.93	7.437
6126.94	7.436
6131.95	7.436
6136.96	7.436
6141.97	7.436
6146.98	7.436
6152.00	7.436
6157.01	7.435
6162.02	7.435
6167.03	7.435
6172.04	7.435
6177.05	7.435
6182.06	7.435
6187.08	7.435
6192.09	7.434
6197.10	7.434
6202.11	7.434
6207.12	7.434
6212.13	7.434
6217.15	7.434
6222.16	7.434
6227.17	7.433
6232.18	7.433
6237.19	7.433
6242.20	7.433
6247.22	7.433
6252.23	7.432
6257.24	7.432
6262.25	7.432
6267.26	7.432
6272.27	7.432
6277.28	7.432
6282.30	7.432
6287.31	7.432
6292.32	7.432
6297.33	7.431
6302.34	7.431
6307.35	7.431
6312.37	7.431
6317.38	7.430
6322.39	7.431
6327.40	7.430
6332.42	7.430
6337.43	7.430
6342.45	7.430
6347.46	7.430
6352.47	7.430
6357.48	7.430
6362.49	7.430
6367.50	7.430
6372.52	7.429
6377.53	7.429
6382.54	7.429
6387.55	7.429
6392.56	7.428
6397.57	7.428
6402.59	7.428
6407.60	7.428
6412.61	7.428
6417.62	7.428
6422.63	7.428
6427.64	7.428
6432.66	7.428
6437.67	7.427
6442.68	7.427
6447.69	7.427
6452.70	7.427
6457.71	7.427
6462.72	7.427
6467.74	7.427
6472.75	7.427
6477.76	7.426
6482.77	7.426
6487.78	7.426
6492.79	7.426
6497.81	7.426
6502.82	7.426
6507.83	7.426
6512.84	7.426
6517.85	7.426
6522.86	7.425
6527.87	7.425
6532.89	7.425
6537.90	7.425
6542.92	7.425
6547.93	7.424
6552.95	7.424
6557.96	7.424
6562.97	7.424
6567.98	7.424
6572.99	7.424
6578.00	7.424
6583.02	7.424
6588.03	7.424
6593.04	7.424
6598.05	7.424
6603.06	7.424
6608.07	7.423
6613.08	7.423
6618.10	7.423
6623.11	7.423
6628.12	7.422
6633.13	7.423
6638.14	7.422
6643.15	7.422
6648.17	7.422
6653.18	7.422
6658.19	7.422
6663.20	7.422
6668.21	7.422
6673.22	7.422
6678.23	7.421
6683.25	7.421
6688.26	7.421
6693.27	7.421
6698.28	7.421
6703.29	7.421
6708.30	7.421
6713.31	7.421
6718.33	7.420
6723.34	7.421
6728.35	7.420
6733.36	7.420
6738.37	7.420
6743.38	7.420
6748.40	7.420
6753.41	7.420
6758.42	7.420
6763.43	7.420
6768.44	7.420
6773.45	7.419
6778.46	7.419
6783.48	7.419
6788.49	7.419
6793.50	7.419
6798.51	7.419
6803.52	7.419
6808.53	7.419
6813.54	7.419
6818.56	7.419
6823.57	7.418
6828.58	7.418
6833.59	7.418
6838.60	7.418
6843.61	7.418
6848.62	7.418
6853.64	7.418
6858.65	7.418
6863.66	7.417
6868.67	7.417
6873.68	7.417
6878.69	7.417
6883.71	7.417
6888.72	7.417
6893.73	7.417
6898.74	7.417
6903.75	7.416
6908.76	7.416
6913.77	7.416
6918.79	7.416
6923.80	7.416
6928.81	7.416
6933.82	7.416
6938.83	7.416
6943.84	7.415
6948.86	7.415
6953.87	7.415
6958.88	7.415
6963.89	7.415
6968.91	7.415
6973.92	7.415
6978.93	7.415
6983.94	7.415
6988.95	7.415
6993.96	7.414
6998.98	7.414
7003.99	7.414
7009.00	7.414
7014.01	7.414
7019.02	7.414
7024.03	7.414
7029.04	7.414
7034.06	7.414
7039.07	7.413
7044.08	7.413
7049.09	7.413
7054.10	7.413
7059.11	7.413
7064.12	7.413
7069.14	7.413
7074.15	7.413
7079.16	7.412
7084.17	7.412
7089.18	7.412
7094.19	7.412
7099.21	7.412
7104.22	7.412
7109.23	7.412
7114.24	7.412
7119.25	7.412
7124.26	7.411
7129.27	7.411
7134.29	7.411
7139.30	7.411
7144.31	7.411
7149.32	7.411
7154.34	7.411
7159.35	7.411
7164.37	7.411
7169.38	7.410
7174.39	7.410
7179.40	7.410
7184.42	7.410
7189.43	7.410
7194.44	7.410
7199.45	7.410
7204.46	7.410
7209.47	7.410
7214.49	7.410
7219.50	7.409
7224.51	7.409
7229.52	7.409
7234.53	7.409
7239.54	7.409
7244.55	7.409
7249.57	7.409
7254.58	7.408
7259.59	7.408
7264.60	7.408
7269.61	7.408
7274.62	7.408
7279.63	7.408
7284.65	7.408
7289.66	7.408
7294.67	7.408
7299.68	7.408
7304.69	7.408
7309.70	7.408
7314.72	7.407
7319.73	7.407
7324.74	7.407
7329.75	7.407
7334.76	7.407
7339.77	7.407
7344.78	7.407
7349.80	7.407
7354.81	7.406
7359.82	7.406
7364.84	7.406
7369.85	7.406
7374.87	7.406
7379.88	7.406
7384.89	7.406
7389.90	7.406
7394.91	7.406
7399.92	7.406
7404.93	7.406
7409.95	7.406
7414.96	7.405
7419.97	7.405
7424.98	7.405
7429.99	7.405
7435.00	7.405
7440.02	7.404
7445.03	7.404
7450.04	7.404
7455.05	7.404
7460.06	7.404
7465.07	7.404
7470.09	7.404
7475.10	7.404
7480.11	7.404
7485.12	7.404
7490.13	7.403
7495.14	7.403
7500.16	7.403
7505.17	7.403
7510.18	7.403
7515.19	7.403
7520.20	7.403
7525.21	7.403
7530.22	7.403
7535.24	7.403
7540.25	7.403
7545.26	7.402
7550.27	7.402
7555.28	7.402
7560.29	7.402
7565.31	7.402
7570.32	7.402
7575.33	7.402
7580.35	7.402
7585.36	7.401
7590.37	7.401
7595.38	7.401
7600.39	7.401
7605.40	7.401
7610.41	7.401
7615.43	7.401
7620.44	7.400
7625.45	7.400
7630.46	7.400
7635.47	7.400
7640.48	7.400
7645.50	7.400
7650.51	7.400
7655.52	7.400
7660.53	7.400
7665.54	7.400
7670.55	7.400
7675.56	7.400
7680.58	7.399
7685.59	7.399
7690.60	7.399
7695.61	7.399
7700.62	7.399
7705.63	7.399
7710.65	7.399
7715.66	7.399
7720.67	7.398
7725.68	7.398
7730.69	7.398
7735.70	7.398
7740.72	7.398
7745.73	7.398
7750.74	7.398
7755.75	7.398
7760.76	7.398
7765.77	7.397
7770.79	7.397
7775.80	7.397
7780.81	7.397
7785.82	7.397
7790.83	7.397
7795.84	7.397
7800.86	7.397
7805.87	7.397
7810.88	7.396
7815.89	7.396
7820.90	7.396
7825.91	7.396
7830.93	7.396
7835.94	7.396
7840.95	7.396
7845.96	7.396
7850.97	7.396
7855.98	7.395
7860.99	7.395
7866.01	7.396
7871.02	7.395
7876.03	7.395
7881.04	7.395
7886.05	7.395
7891.06	7.395
7896.08	7.395
7901.09	7.394
7906.10	7.394
7911.11	7.394
7916.12	7.394
7921.13	7.394
7926.15	7.394
7931.16	7.394
7936.17	7.394
7941.18	7.394
7946.19	7.394
7951.20	7.394
7956.22	7.393
7961.23	7.393
7966.24	7.393
7971.25	7.393
7976.26	7.393
7981.27	7.393
7986.28	7.393
7991.29	7.393
7996.31	7.393
8001.32	7.392
8006.33	7.392
8011.34	7.392
8016.35	7.392
8021.36	7.392
8026.38	7.392
8031.39	7.392
8036.40	7.392
8041.41	7.391
8046.42	7.391
8051.43	7.391
8056.45	7.391
8061.46	7.391
8066.47	7.391
8071.48	7.391
8076.49	7.391
8081.50	7.391
8086.51	7.391
8091.53	7.390
8096.54	7.390
8101.55	7.390
8106.56	7.390
8111.57	7.390
8116.58	7.390
8121.60	7.390
8126.61	7.390
8131.62	7.390
8136.63	7.390
8141.64	7.390
8146.65	7.389
8151.67	7.389
8156.68	7.389
8161.69	7.389
8166.71	7.389
8171.72	7.389
8176.73	7.388
8181.74	7.388
8186.76	7.388
8191.77	7.388
8196.78	7.388
8201.79	7.388
8206.80	7.388
8211.81	7.388
8216.83	7.388
8221.84	7.388
8226.85	7.388
8231.86	7.388
8236.87	7.388
8241.88	7.387
8246.90	7.387
8251.91	7.387
8256.92	7.387
8261.93	7.387
8266.94	7.387
8271.95	7.387
8276.96	7.386
8281.98	7.387
8286.99	7.386
8292.00	7.386
8297.01	7.386
8302.02	7.386
8307.03	7.386
8312.05	7.386
8317.06	7.386
8322.07	7.386
8327.08	7.385
8332.09	7.386
8337.10	7.385
8342.11	7.385
8347.13	7.385
8352.14	7.385
8357.15	7.384
8362.16	7.384
8367.18	7.384
8372.19	7.384
8377.20	7.384
8382.22	7.384
8387.23	7.384
8392.24	7.384
8397.26	7.384
8402.27	7.384
8407.28	7.384
8412.29	7.383
8417.30	7.383
8422.31	7.383
8427.32	7.383
8432.34	7.383
8437.35	7.383
8442.36	7.382
8447.37	7.382
8452.38	7.382
8457.39	7.382
8462.41	7.382
8467.42	7.382
8472.43	7.382
8477.44	7.382
8482.45	7.382
8487.46	7.381
8492.48	7.381
8497.49	7.381
8502.50	7.381
8507.51	7.381
8512.52	7.381
8517.53	7.381
8522.54	7.381
8527.56	7.380
8532.57	7.380
8537.58	7.380
8542.59	7.380
8547.60	7.380
8552.61	7.380
8557.63	7.380
8562.64	7.379
8567.65	7.379
8572.66	7.379
8577.67	7.379
8582.69	7.379
8587.70	7.379
8592.72	7.379
8597.73	7.379
8602.74	7.379
8607.75	7.378
8612.77	7.378
8617.78	7.378
8622.79	7.378
8627.80	7.378
8632.81	7.378
8637.82	7.378
8642.84	7.377
8647.85	7.377
8652.86	7.377
8657.87	7.377
8662.88	7.377
8667.89	7.377
8672.90	7.377
8677.92	7.377
8682.93	7.376
8687.94	7.376
8692.95	7.376
8697.96	7.376
8702.97	7.376
8707.99	7.376
8713.00	7.375
8718.01	7.375
8723.02	7.375
8728.03	7.375
8733.04	7.375
8738.05	7.375
8743.07	7.375
8748.08	7.375
8753.09	7.375
8758.10	7.375
8763.11	7.374
8768.12	7.374
8773.14	7.374
8778.15	7.374
8783.16	7.374
8788.17	7.373
8793.19	7.373
8798.20	7.373
8803.21	7.373
8808.23	7.373
8813.24	7.373
8818.26	7.373
8823.27	7.373
8828.28	7.372
8833.29	7.372
8838.31	7.372
8843.32	7.372
8848.34	7.372
8853.36	7.372
8858.37	7.372
8863.39	7.371
8868.41	7.371
8873.42	7.371
8878.43	7.371
8883.45	7.371
8888.46	7.371
8893.48	7.371
8898.49	7.370
8903.50	7.370
8908.52	7.370
8913.53	7.370
8918.55	7.370
8923.56	7.370
8928.58	7.369
8933.59	7.369
8938.61	7.369
8943.62	7.368
8948.63	7.369
8953.65	7.368
8958.66	7.368
8963.68	7.368
8968.69	7.368
8973.70	7.368
8978.73	7.368
8983.75	7.368
8988.76	7.367
8993.78	7.367
8998.79	7.367
9003.81	7.367
9008.82	7.367
9013.84	7.367
9018.85	7.366
9023.87	7.366
9028.88	7.366
9033.89	7.366
9038.91	7.366
9043.92	7.366
9048.94	7.366
9053.95	7.366
9058.97	7.365
9063.98	7.365
9068.99	7.365
9074.01	7.365
9079.02	7.364
9084.04	7.364
9089.05	7.364
9094.07	7.364
9099.08	7.364
9104.10	7.364
9109.11	7.364
9114.13	7.363
9119.14	7.363
9124.15	7.363
9129.17	7.363
9134.18	7.363
9139.20	7.362
9144.21	7.362
9149.22	7.362
9154.24	7.362
9159.26	7.362
9164.27	7.362
9169.28	7.361
9174.30	7.361
9179.31	7.361
9184.33	7.361
9189.34	7.361
9194.35	7.361
9199.36	7.360
9204.37	7.360
9209.38	7.360
9214.40	7.360
9219.41	7.360
9224.43	7.359
9229.44	7.359
9234.45	7.359
9239.47	7.359
9244.48	7.359
9249.49	7.358
9254.51	7.358
9259.52	7.358
9264.53	7.358
9269.54	7.358
9274.56	7.357
9279.57	7.357
9284.59	7.357
9289.60	7.357
9294.62	7.356
9299.63	7.356
9304.65	7.356
9309.66	7.356
9314.68	7.356
9319.69	7.355
9324.70	7.355
9329.72	7.355
9334.73	7.355
9339.75	7.355
9344.76	7.354
9349.78	7.354
9354.79	7.354
9359.81	7.354
9364.82	7.354
9369.83	7.353
9374.85	7.353
9379.86	7.353
9384.88	7.353
9389.89	7.353
9394.90	7.352
9399.92	7.352
9404.93	7.352
9409.95	7.352
9414.96	7.351
9419.98	7.351
9424.99	7.351
9430.00	7.351
9435.02	7.350
9440.04	7.350
9445.05	7.350
9450.07	7.349
9455.08	7.349
9460.10	7.349
9465.11	7.349
9470.13	7.348
9475.14	7.349
9480.16	7.348
9485.17	7.348
9490.18	7.348
9495.20	7.348
9500.21	7.347
9505.22	7.347
9510.24	7.347
9515.26	7.347
9520.27	7.346
9525.29	7.346
9530.30	7.346
9535.31	7.346
9540.33	7.345
9545.34	7.345
9550.36	7.345
9555.37	7.344
9560.39	7.344
9565.40	7.344
9570.42	7.344
9575.43	7.344
9580.45	7.343
9585.46	7.343
9590.47	7.342
9595.49	7.342
9600.51	7.342
9605.52	7.342
9610.53	7.341
9615.55	7.341
9620.56	7.341
9625.58	7.340
9630.59	7.340
9635.61	7.340
9640.62	7.340
9645.64	7.339
9650.65	7.339
9655.67	7.339
9660.68	7.338
9665.70	7.338
9670.71	7.338
9675.73	7.337
9680.74	7.337
9685.75	7.337
9690.77	7.337
9695.78	7.336
9700.80	7.336
9705.81	7.336
9710.82	7.335
9715.84	7.335
9720.85	7.335
9725.87	7.335
9730.88	7.334
9735.90	7.334
9740.91	7.333
9745.92	7.333
9750.94	7.333
9755.96	7.332
9760.97	7.332
9765.99	7.332
9771.00	7.331
9776.01	7.331
9781.03	7.331
9786.04	7.330
9791.06	7.330
9796.07	7.330
9801.09	7.329
9806.10	7.329
9811.11	7.328
9816.13	7.328
9821.15	7.328
9826.16	7.327
9831.18	7.327
9836.19	7.327
9841.20	7.327
9846.22	7.326
9851.23	7.326
9856.25	7.326
9861.26	7.325
9866.28	7.325
9871.29	7.324
9876.31	7.324
9881.32	7.323
9886.33	7.323
9891.35	7.322
9896.36	7.322
9901.38	7.322
9906.39	7.322
9911.40	7.321
9916.42	7.321
9921.43	7.320
9926.45	7.320
9931.46	7.320
9936.48	7.319
9941.49	7.319
9946.51	7.319
9951.52	7.318
9956.53	7.318
9961.55	7.317
9966.56	7.317
9971.58	7.316
9976.59	7.316
9981.61	7.315
9986.62	7.315
9991.63	7.314
9996.65	7.314
10001.66	7.314
10006.68	7.313
10011.69	7.312
10016.71	7.312
10021.72	7.312
10026.74	7.311
10031.76	7.311
10036.77	7.311
10041.79	7.310
10046.80	7.309
10051.81	7.309
10056.83	7.309
10061.85	7.308
10066.86	7.308
10071.88	7.307
10076.89	7.307
10081.90	7.306
10086.92	7.306
10091.93	7.305
10096.95	7.305
10101.96	7.304
10106.98	7.304
10111.99	7.303
10117.01	7.302
10122.02	7.302
10127.03	7.301
10132.05	7.301
10137.06	7.300
10142.08	7.300
10147.09	7.300
10152.10	7.299
10157.12	7.298
10162.14	7.298
10167.15	7.297
10172.16	7.297
10177.18	7.296
10182.19	7.296
10187.21	7.295
10192.22	7.295
10197.23	7.294
10202.25	7.294
10207.26	7.293
10212.28	7.293
10217.29	7.292
10222.31	7.291
10227.32	7.291
10232.33	7.290
10237.35	7.290
10242.37	7.289
10247.38	7.289
10252.40	7.288
10257.41	7.288
10262.42	7.287
10267.44	7.286
10272.45	7.286
10277.47	7.285
10282.48	7.285
10287.49	7.284
10292.50	7.283
10297.52	7.283
10302.54	7.282
10307.55	7.282
10312.56	7.281
10317.58	7.281
10322.59	7.280
10327.61	7.279
10332.62	7.279
10337.64	7.278
10342.65	7.277
10347.67	7.277
10352.68	7.276
10357.70	7.276
10362.71	7.275
10367.73	7.274
10372.74	7.274
10377.76	7.273
10382.77	7.272
10387.78	7.272
10392.80	7.271
10397.81	7.271
10402.82	7.270
10407.84	7.270
10412.86	7.268
10417.87	7.268
10422.89	7.267
10427.90	7.266
10432.91	7.266
10437.93	7.265
10442.94	7.264
10447.96	7.264
10452.97	7.263
10457.99	7.263
10463.00	7.262
10468.01	7.261
10473.03	7.261
10478.04	7.260
10483.05	7.259
10488.07	7.259
10493.08	7.258
10498.10	7.258
10503.11	7.257
10508.13	7.256
10513.14	7.255
10518.15	7.255
10523.17	7.254
10528.18	7.253
10533.20	7.253
10538.22	7.252
10543.23	7.251
10548.24	7.251
10553.26	7.250
10558.27	7.249
10563.29	7.249
10568.30	7.248
10573.31	7.247
10578.33	7.246
10583.34	7.246
10588.36	7.245
10593.37	7.244
10598.39	7.244
10603.40	7.243
10608.42	7.242
10613.43	7.241
10618.45	7.241
10623.46	7.240
10628.47	7.239
10633.49	7.239
10638.50	7.238
10643.51	7.237
10648.53	7.236
10653.54	7.236
10658.55	7.235
10663.56	7.234
10668.57	7.233
10673.58	7.232
10678.59	7.232
10683.60	7.231
10688.62	7.230
10693.63	7.230
10698.64	7.229
10703.66	7.228
10708.68	7.228
10713.69	7.227
10718.71	7.226
10723.72	7.225
10728.73	7.224
10733.75	7.224
10738.76	7.223
10743.78	7.223
10748.79	7.222
10753.81	7.221
10758.82	7.220
10763.84	7.219
10768.85	7.219
10773.86	7.218
10778.88	7.217
10783.89	7.217
10788.91	7.216
10793.92	7.215
10798.94	7.214
10803.95	7.213
10808.96	7.212
10813.98	7.212
10818.99	7.211
10824.01	7.210
10829.02	7.209
10834.03	7.209
10839.05	7.208
10844.06	7.207
10849.08	7.206
10854.09	7.206
10859.11	7.205
10864.12	7.204
10869.13	7.203
10874.15	7.202
10879.16	7.202
10884.17	7.201
10889.18	7.200
10894.19	7.199
10899.21	7.198
10904.22	7.197
10909.23	7.197
10914.25	7.196
10919.26	7.195
10924.28	7.195
10929.29	7.193
10934.31	7.193
10939.32	7.192
10944.34	7.191
10949.35	7.191
10954.36	7.190
10959.38	7.189
10964.39	7.188
10969.40	7.187
10974.42	7.186
10979.43	7.186
10984.44	7.184
10989.45	7.184
10994.46	7.183
10999.47	7.182
11004.48	7.181
11009.50	7.180
11014.51	7.180
11019.52	7.179
11024.53	7.178
11029.54	7.177
11034.55	7.177
11039.57	7.176
11044.58	7.175
11049.59	7.174
11054.60	7.173
11059.61	7.172
11064.62	7.172
11069.64	7.171
11074.65	7.170
11079.66	7.169
11084.67	7.168
11089.68	7.168
11094.69	7.167
11099.70	7.166
11104.71	7.165
11109.73	7.164
11114.74	7.163
11119.75	7.162
11124.76	7.162
11129.77	7.161
11134.78	7.160
11139.80	7.159
11144.81	7.158
11149.82	7.157
11154.83	7.157
11159.84	7.156
11164.85	7.155
11169.86	7.154
11174.88	7.153
11179.89	7.152
11184.90	7.151
11189.91	7.151
11194.92	7.150
11199.93	7.149
11204.94	7.148
11209.96	7.147
11214.97	7.146
11219.98	7.146
11224.99	7.145
11230.00	7.144
11235.01	7.143
11240.03	7.142
11245.04	7.141
11250.05	7.140
11255.06	7.139
11260.07	7.138
11265.08	7.138
11270.10	7.136
11275.11	7.136
11280.12	7.135
11285.13	7.134
11290.14	7.133
11295.15	7.132
11300.16	7.131
11305.18	7.130
11310.19	7.130
11315.20	7.129
11320.21	7.128
11325.22	7.127
11330.23	7.126
11335.25	7.125
11340.26	7.124
11345.27	7.123
11350.28	7.122
11355.29	7.121
11360.30	7.120
11365.32	7.120
11370.33	7.119
11375.34	7.118
11380.35	7.117
11385.36	7.116
11390.37	7.115
11395.38	7.114
11400.40	7.113
11405.41	7.112
11410.42	7.112
11415.43	7.111
11420.44	7.110
11425.45	7.109
11430.47	7.108
11435.48	7.107
11440.49	7.106
11445.50	7.105
11450.51	7.104
11455.52	7.103
11460.54	7.102
11465.55	7.102
11470.56	7.100
11475.57	7.100
11480.58	7.099
11485.59	7.098
11490.60	7.097
11495.62	7.096
11500.63	7.095
11505.64	7.094
11510.65	7.093
11515.66	7.092
11520.67	7.091
11525.69	7.090
11530.70	7.089
11535.71	7.088
11540.72	7.087
11545.73	7.086
11550.74	7.086
11555.75	7.085
11560.77	7.084
11565.78	7.083
11570.79	7.082
11575.80	7.081
11580.81	7.080
11585.82	7.079
11590.83	7.078
11595.85	7.077
11600.86	7.076
11605.87	7.075
11610.88	7.074
11615.89	7.073
11620.90	7.072
11625.92	7.071
11630.93	7.070
11635.94	7.069
11640.95	7.068
11645.96	7.067
11650.97	7.066
11655.98	7.065
11660.99	7.064
11666.01	7.063
11671.02	7.062
11676.03	7.061
11681.04	7.060
11686.05	7.059
11691.06	7.058
11696.08	7.057
11701.09	7.056
11706.10	7.055
11711.11	7.054
11716.12	7.053
11721.13	7.052
11726.14	7.051
11731.16	7.050
11736.17	7.050
11741.18	7.049
11746.19	7.048
11751.20	7.047
11756.21	7.046
11761.23	7.044
11766.24	7.043
11771.25	7.042
11776.26	7.041
11781.27	7.041
11786.28	7.040
11791.30	7.038
11796.31	7.037
11801.32	7.036
11806.33	7.035
11811.34	7.034
11816.35	7.033
11821.36	7.032
11826.38	7.031
11831.39	7.030
11836.40	7.029
11841.41	7.028
11846.42	7.027
11851.43	7.026
11856.44	7.025
11861.46	7.024
11866.47	7.023
11871.48	7.022
11876.49	7.021
11881.50	7.020
11886.51	7.019
11891.52	7.018
11896.54	7.017
11901.55	7.016
11906.56	7.015
11911.57	7.014
11916.58	7.013
11921.59	7.011
11926.60	7.010
11931.62	7.009
11936.63	7.008
11941.64	7.007
11946.65	7.006
11951.66	7.005
11956.67	7.004
11961.69	7.003
11966.70	7.002
11971.71	7.001
11976.72	7.000
11981.73	6.999
11986.74	6.998
11991.75	6.997
11996.77	6.996
12001.78	6.995
12006.79	6.993
12011.80	6.992
12016.81	6.991
12021.82	6.990
12026.84	6.989
12031.85	6.988
12036.86	6.987
12041.87	6.986
12046.88	6.985
12051.89	6.984
12056.90	6.983
12061.92	6.981
12066.93	6.981
12071.94	6.979
12076.95	6.978
12081.96	6.977
12086.97	6.976
12091.99	6.975
12097.00	6.974
12102.01	6.973
12107.02	6.972
12112.03	6.970
12117.04	6.969
12122.06	6.968
12127.07	6.967
12132.08	6.966
12137.09	6.965
12142.10	6.964
12147.11	6.963
12152.12	6.961
12157.14	6.960
12162.15	6.959
12167.16	6.958
12172.17	6.957
12177.18	6.956
12182.19	6.955
12187.21	6.954
12192.22	6.953
12197.23	6.952
12202.24	6.950
12207.25	6.949
12212.26	6.948
12217.27	6.947
12222.29	6.946
12227.30	6.945
12232.31	6.943
12237.32	6.942
12242.33	6.941
12247.34	6.940
12252.36	6.939
12257.37	6.938
12262.38	6.937
12267.39	6.935
12272.40	6.934
12277.42	6.933
12282.43	6.932
12287.45	6.931
12292.46	6.930
12297.47	6.929
12302.48	6.927
12307.49	6.926
12312.50	6.925
12317.52	6.924
12322.53	6.922
12327.54	6.921
12332.55	6.920
12337.56	6.919
12342.57	6.918
12347.58	6.916
12352.60	6.915
12357.62	6.914
12362.63	6.913
12367.65	6.912
12372.66	6.911
12377.68	6.910
12382.69	6.909
12387.71	6.907
12392.72	6.906
12397.74	6.905
12402.75	6.904
12407.76	6.903
12412.78	6.901
12417.79	6.900
12422.80	6.899
12427.81	6.898
12432.82	6.896
12437.83	6.895
12442.85	6.894
12447.86	6.892
12452.87	6.891
12457.88	6.890
12462.89	6.889
12467.90	6.888
12472.92	6.887
12477.93	6.886
12482.94	6.884
12487.95	6.883
12492.96	6.882
12497.97	6.880
12502.99	6.879
12508.00	6.878
12513.01	6.877
12518.02	6.876
12523.03	6.874
12528.04	6.873
12533.05	6.872
12538.07	6.871
12543.08	6.869
12548.09	6.868
12553.10	6.867
12558.11	6.866
12563.12	6.864
12568.14	6.863
12573.15	6.862
12578.16	6.860
12583.17	6.859
12588.18	6.858
12593.19	6.857
12598.21	6.855
12603.22	6.854
12608.23	6.853
12613.24	6.852
12618.25	6.850
12623.26	6.849
12628.27	6.848
12633.29	6.847
12638.30	6.845
12643.31	6.844
12648.32	6.843
12653.33	6.841
12658.34	6.840
12663.36	6.839
12668.37	6.838
12673.38	6.836
12678.39	6.835
12683.40	6.834
12688.41	6.833
12693.43	6.831
12698.44	6.830
12703.45	6.828
12708.46	6.827
12713.47	6.826
12718.48	6.824
12723.50	6.823
12728.51	6.822
12733.52	6.820
12738.53	6.819
12743.54	6.818
12748.56	6.816
12753.57	6.815
12758.59	6.814
12763.60	6.812
12768.61	6.811
12773.62	6.810
12778.63	6.808
12783.64	6.807
12788.66	6.806
12793.67	6.804
12798.68	6.803
12803.69	6.802
12808.70	6.800
12813.71	6.799
12818.72	6.797
12823.74	6.796
12828.75	6.795
12833.76	6.794
12838.77	6.792
12843.78	6.791
12848.79	6.789
12853.80	6.788
12858.82	6.787
12863.83	6.785
12868.84	6.784
12873.85	6.782
12878.86	6.781
12883.87	6.780
12888.89	6.778
12893.90	6.777
12898.91	6.775
12903.92	6.774
12908.93	6.773
12913.94	6.771
12918.95	6.770
12923.97	6.769
12928.98	6.767
12933.99	6.766
12939.00	6.764
12944.02	6.763
12949.03	6.762
12954.04	6.760
12959.06	6.759
12964.07	6.757
12969.08	6.756
12974.10	6.755
12979.11	6.753
12984.12	6.751
12989.13	6.750
12994.14	6.749
12999.15	6.747
13004.17	6.746
13009.18	6.744
13014.19	6.743
13019.20	6.741
13024.21	6.740
13029.22	6.738
13034.24	6.737
13039.25	6.736
13044.26	6.734
13049.27	6.733
13054.28	6.731
13059.29	6.730
13064.31	6.728
13069.32	6.727
13074.33	6.725
13079.35	6.724
13084.36	6.723
13089.37	6.721
13094.38	6.720
13099.39	6.718
13104.40	6.717
13109.42	6.715
13114.43	6.714
13119.44	6.712
13124.45	6.711
13129.46	6.709
13134.47	6.707
13139.48	6.706
13144.50	6.705
13149.51	6.703
13154.52	6.702
13159.53	6.700
13164.54	6.699
13169.55	6.697
13174.57	6.696
13179.58	6.694
13184.59	6.693
13189.61	6.691
13194.62	6.690
13199.63	6.688
13204.64	6.687
13209.65	6.685
13214.66	6.684
13219.68	6.682
13224.69	6.681
13229.70	6.679
13234.71	6.677
13239.72	6.676
13244.73	6.675
13249.75	6.673
13254.76	6.671
13259.77	6.670
13264.78	6.668
13269.79	6.667
13274.80	6.665
13279.81	6.664
13284.83	6.662
13289.84	6.660
13294.85	6.659
13299.86	6.657
13304.87	6.656
13309.88	6.654
13314.90	6.652
13319.91	6.651
13324.92	6.649
13329.93	6.648
13334.94	6.646
13339.95	6.644
13344.97	6.643
13349.98	6.641
13354.99	6.640
13360.00	6.638
13365.02	6.637
13370.03	6.635
13375.04	6.633
13380.05	6.631
13385.07	6.630
13390.08	6.628
13395.09	6.627
13400.11	6.625
13405.12	6.624
13410.13	6.622
13415.14	6.620
13420.15	6.619
13425.16	6.617
13430.18	6.615
13435.19	6.613
13440.20	6.612
13445.21	6.610
13450.22	6.609
13455.23	6.607
13460.25	6.605
13465.26	6.604
13470.27	6.602
13475.28	6.601
13480.29	6.599
13485.30	6.597
13490.32	6.595
13495.33	6.594
13500.34	6.592
13505.35	6.591
13510.36	6.589
13515.37	6.587
13520.38	6.586
13525.40	6.584
13530.41	6.582
13535.42	6.581
13540.43	6.579
13545.44	6.577
13550.45	6.576
13555.47	6.574
13560.48	6.572
13565.49	6.570
13570.50	6.568
13575.51	6.567
13580.52	6.565
13585.54	6.563
13590.55	6.562
13595.56	6.560
13600.58	6.558
13605.59	6.556
13610.60	6.555
13615.62	6.553
13620.63	6.551
13625.64	6.549
13630.65	6.548
13635.66	6.546
13640.67	6.544
13645.68	6.542
13650.70	6.541
13655.71	6.539
13660.72	6.537
13665.73	6.536
13670.74	6.534
13675.75	6.532
13680.76	6.530
13685.78	6.529
13690.79	6.527
13695.80	6.525
13700.81	6.523
13705.82	6.521
13710.83	6.520
13715.85	6.518
13720.86	6.516
13725.87	6.514
13730.88	6.513
13735.89	6.511
13740.90	6.509
13745.92	6.507
13750.93	6.505
13755.94	6.504
13760.95	6.502
13765.96	6.500
13770.97	6.498
13775.99	6.496
13781.00	6.494
13786.01	6.492
13791.02	6.491
13796.03	6.489
13801.05	6.487
13806.06	6.485
13811.07	6.483
13816.08	6.482
13821.09	6.480
13826.11	6.478
13831.12	6.476
13836.13	6.474
13841.14	6.472
13846.15	6.470
13851.16	6.469
13856.18	6.467
13861.19	6.465
13866.20	6.463
13871.21	6.461
13876.22	6.459
13881.23	6.457
13886.24	6.455
13891.26	6.453
13896.27	6.451
13901.28	6.450
13906.29	6.448
13911.30	6.446
13916.31	6.444
13921.33	6.442
13926.34	6.440
13931.35	6.438
13936.36	6.436
13941.37	6.434
13946.38	6.432
13951.39	6.430
13956.41	6.429
13961.42	6.426
13966.43	6.425
13971.44	6.423
13976.45	6.421
13981.46	6.419
13986.48	6.417
13991.49	6.415
13996.50	6.412
14001.51	6.411
14006.52	6.409
14011.53	6.407
14016.54	6.405
14021.56	6.403
14026.57	6.400
14031.58	6.398
14036.59	6.396
14041.60	6.394
14046.61	6.392
14051.63	6.390
14056.64	6.388
14061.65	6.386
14066.66	6.384
14071.67	6.382
14076.68	6.380
14081.69	6.378
14086.71	6.375
14091.72	6.373
14096.73	6.371
14101.74	6.369
14106.75	6.367
14111.76	6.365
14116.78	6.363
14121.79	6.361
14126.80	6.358
14131.81	6.356
14136.82	6.354
14141.83	6.352
14146.84	6.350
14151.86	6.347
14156.87	6.345
14161.88	6.343
14166.89	6.341
14171.90	6.339
14176.91	6.336
14181.93	6.334
14186.94	6.332
14191.95	6.330
14196.96	6.327
14201.97	6.325
14206.99	6.323
14212.00	6.321
14217.01	6.318
14222.02	6.316
14227.04	6.314
14232.05	6.311
14237.06	6.309
14242.07	6.307
14247.08	6.304
14252.09	6.302
14257.10	6.300
14262.11	6.298
14267.13	6.295
14272.14	6.293
14277.15	6.291
14282.16	6.288
14287.17	6.286
14292.18	6.284
14297.19	6.281
14302.19	6.279
14307.20	6.277
14312.21	6.274
14317.22	6.272
14322.23	6.270
14327.24	6.267
14332.25	6.264
14337.25	6.262
14342.26	6.260
14347.27	6.257
14352.28	6.255
14357.29	6.253
14362.30	6.250
14367.30	6.248
14372.31	6.245
14377.32	6.243
14382.33	6.241
14387.34	6.238
14392.35	6.236
14397.36	6.233
14402.37	6.231
14407.37	6.228
14412.38	6.226
14417.39	6.223
14422.40	6.221
14427.41	6.219
14432.42	6.216
14437.43	6.214
14442.43	6.211
14447.44	6.209
14452.45	6.206
14457.46	6.204
14462.47	6.201
14467.48	6.199
14472.49	6.196
14477.49	6.194
14482.50	6.191
14487.51	6.189
14492.52	6.186
14497.53	6.184
14502.54	6.181
14507.55	6.179
14512.55	6.176
14517.56	6.174
14522.57	6.172
14527.58	6.169
14532.59	6.167
14537.60	6.164
14542.61	6.162
14547.61	6.159
14552.62	6.157
14557.63	6.154
14562.64	6.152
14567.65	6.149
14572.66	6.147
14577.66	6.144
14582.67	6.142
14587.68	6.139
14592.69	6.137
14597.70	6.135
14602.71	6.132
14607.72	6.130
14612.72	6.127
14617.73	6.124
14622.74	6.122
14627.75	6.120
14632.76	6.117
14637.77	6.115
14642.78	6.112
14647.78	6.110
14652.79	6.107
14657.80	6.105
14662.81	6.103
14667.82	6.100
14672.83	6.098
14677.84	6.095
14682.84	6.093
14687.85	6.090
14692.86	6.088
14697.87	6.086
14702.88	6.083
14707.89	6.081
14712.90	6.078
14717.90	6.076
14722.91	6.073
14727.92	6.071
14732.93	6.068
14737.94	6.066
14742.95	6.064
14747.96	6.061
14752.96	6.059
14757.97	6.057
14762.98	6.054
14767.99	6.052
14773.00	6.049
14778.01	6.047
14783.01	6.045
14788.02	6.042
14793.03	6.040
14798.04	6.037
14803.05	6.035
14808.06	6.033
14813.07	6.030
14818.07	6.028
14823.08	6.026
14828.09	6.023
14833.10	6.021
14838.11	6.019
14843.12	6.016
14848.13	6.014
14853.13	6.011
14858.14	6.009
14863.15	6.007
14868.16	6.004
14873.17	6.002
14878.18	6.000
14883.19	5.998
14888.19	5.995
14893.20	5.993
14898.21	5.991
14903.22	5.988
14908.23	5.986
14913.24	5.984
14918.25	5.981
14923.25	5.979
14928.26	5.977
14933.27	5.974
14938.28	5.972
