2.51	7.911
7.52	7.910
12.53	7.910
17.54	7.911
22.55	7.911
27.56	7.911
32.57	7.910
37.59	7.910
42.60	7.910
47.61	7.910
52.62	7.910
57.63	7.910
62.64	7.702
67.66	7.707
72.67	7.711
77.68	7.713
82.70	7.714
87.71	7.715
92.73	7.715
97.74	7.715
102.75	7.715
107.77	7.715
112.79	7.715
117.80	7.715
122.82	7.715
127.83	7.714
132.84	7.714
137.85	7.714
142.86	7.713
147.87	7.712
152.89	7.712
157.90	7.712
162.92	7.711
167.93	7.711
172.94	7.711
177.96	7.710
182.98	7.710
187.99	7.710
193.00	7.709
198.02	7.709
203.03	7.709
208.05	7.708
213.06	7.708
218.08	7.708
223.09	7.707
228.10	7.707
233.11	7.706
238.12	7.706
243.13	7.706
248.15	7.705
253.16	7.705
258.17	7.705
263.18	7.705
268.20	7.704
273.21	7.704
278.22	7.703
283.23	7.703
288.24	7.703
293.26	7.703
298.27	7.702
303.28	7.702
308.30	7.702
313.31	7.702
318.33	7.701
323.34	7.701
328.36	7.701
333.37	7.701
338.38	7.700
343.40	7.700
348.42	7.700
353.43	7.700
358.45	7.699
363.46	7.699
368.48	7.699
373.49	7.699
378.51	7.699
383.52	7.698
388.54	7.698
393.55	7.698
398.57	7.698
403.58	7.698
408.59	7.697
413.61	7.697
418.62	7.697
423.63	7.697
428.64	7.697
433.65	7.696
438.66	7.696
443.68	7.696
448.69	7.695
453.70	7.695
458.71	7.695
463.72	7.694
468.73	7.694
473.74	7.694
478.76	7.694
483.77	7.694
488.78	7.694
493.79	7.694
498.80	7.693
503.81	7.693
508.83	7.693
513.84	7.692
518.85	7.693
523.86	7.692
528.87	7.693
533.88	7.693
538.90	7.692
543.91	7.692
548.92	7.692
553.93	7.692
558.94	7.692
563.95	7.692
568.96	7.691
573.98	7.691
578.99	7.691
584.00	7.690
589.01	7.689
594.02	7.689
599.03	7.689
604.05	7.689
609.06	7.689
614.07	7.689
619.08	7.689
624.09	7.688
629.10	7.688
634.12	7.688
639.13	7.688
644.14	7.688
649.15	7.688
654.16	7.688
659.17	7.687
664.18	7.687
669.20	7.687
674.21	7.687
679.22	7.687
684.23	7.686
689.24	7.686
694.25	7.686
699.27	7.685
704.28	7.685
709.29	7.685
714.30	7.685
719.31	7.685
724.32	7.684
729.33	7.684
734.35	7.684
739.36	7.684
744.37	7.684
749.38	7.683
754.39	7.683
759.40	7.683
764.42	7.683
769.43	7.683
774.44	7.682
779.45	7.682
784.46	7.682
789.47	7.682
794.48	7.682
799.50	7.681
804.51	7.681
809.52	7.681
814.53	7.680
819.54	7.680
824.55	7.680
829.57	7.680
834.58	7.680
839.59	7.679
844.60	7.679
849.61	7.679
854.62	7.679
859.64	7.679
864.65	7.679
869.66	7.679
874.67	7.678
879.68	7.678
884.69	7.678
889.71	7.677
894.72	7.677
899.73	7.677
904.74	7.677
909.75	7.677
914.76	7.676
919.77	7.676
924.79	7.676
929.80	7.676
934.81	7.676
939.82	7.675
944.83	7.675
949.84	7.675
954.86	7.675
959.87	7.675
964.88	7.674
969.89	7.674
974.90	7.674
979.92	7.673
984.93	7.673
989.94	7.673
994.95	7.673
999.97	7.673
1004.98	7.672
1009.99	7.672
1015.01	7.672
1020.02	7.672
1025.03	7.672
1030.04	7.672
1035.05	7.671
1040.06	7.671
1045.08	7.671
1050.09	7.671
1055.10	7.671
1060.11	7.670
1065.12	7.670
1070.13	7.670
1075.14	7.670
1080.16	7.670
1085.17	7.670
1090.18	7.669
1095.19	7.669
1100.20	7.669
1105.21	7.669
1110.23	7.668
1115.24	7.668
1120.25	7.668
1125.26	7.667
1130.27	7.667
1135.28	7.667
1140.29	7.667
1145.31	7.667
1150.32	7.667
1155.33	7.666
1160.34	7.666
1165.35	7.666
1170.36	7.666
1175.38	7.666
1180.39	7.666
1185.40	7.665
1190.41	7.665
1195.42	7.665
1200.43	7.665
1205.45	7.665
1210.46	7.664
1215.47	7.664
1220.48	7.664
1225.49	7.663
1230.50	7.663
1235.51	7.663
1240.53	7.663
1245.54	7.663
1250.55	7.662
1255.56	7.662
1260.57	7.662
1265.58	7.662
1270.60	7.661
1275.61	7.661
1280.62	7.661
1285.63	7.661
1290.64	7.661
1295.65	7.660
1300.67	7.660
1305.68	7.660
1310.69	7.660
1315.70	7.659
1320.71	7.659
1325.72	7.659
1330.73	7.659
1335.75	7.659
1340.76	7.658
1345.77	7.658
1350.78	7.658
1355.79	7.658
1360.80	7.658
1365.82	7.658
1370.83	7.657
1375.84	7.657
1380.85	7.657
1385.86	7.656
1390.87	7.656
1395.88	7.656
1400.90	7.656
1405.91	7.655
1410.92	7.655
1415.93	7.655
1420.94	7.655
1425.95	7.655
1430.97	7.655
1435.98	7.654
1440.99	7.654
1446.00	7.654
1451.01	7.654
1456.02	7.653
1461.04	7.653
1466.05	7.653
1471.06	7.653
1476.07	7.652
1481.08	7.652
1486.09	7.652
1491.10	7.651
1496.12	7.651
1501.13	7.651
1506.14	7.651
1511.15	7.651
1516.16	7.651
1521.17	7.651
1526.19	7.650
1531.20	7.650
1536.21	7.650
1541.22	7.650
1546.23	7.650
1551.24	7.649
1556.26	7.649
1561.27	7.649
1566.28	7.649
1571.29	7.648
1576.30	7.648
1581.31	7.648
1586.32	7.648
1591.34	7.648
1596.35	7.647
1601.36	7.647
1606.37	7.647
1611.38	7.646
1616.39	7.646
1621.41	7.646
1626.42	7.646
1631.43	7.645
1636.44	7.645
1641.45	7.645
1646.46	7.645
1651.48	7.644
1656.49	7.644
1661.50	7.644
1666.51	7.643
1671.52	7.643
1676.53	7.643
1681.55	7.643
1686.56	7.643
1691.58	7.642
1696.59	7.642
1701.60	7.642
1706.61	7.642
1711.62	7.641
1716.64	7.641
1721.65	7.641
1726.66	7.641
1731.67	7.640
1736.68	7.640
1741.69	7.640
1746.71	7.640
1751.72	7.640
1756.73	7.639
1761.74	7.639
1766.75	7.639
1771.76	7.639
1776.78	7.639
1781.79	7.638
1786.80	7.638
1791.81	7.637
1796.82	7.637
1801.83	7.637
1806.85	7.637
1811.86	7.637
1816.87	7.637
1821.88	7.636
1826.89	7.636
1831.90	7.636
1836.92	7.635
1841.93	7.635
1846.94	7.634
1851.95	7.634
1856.96	7.634
1861.97	7.634
1866.99	7.634
1872.00	7.633
1877.01	7.633
1882.02	7.633
1887.03	7.633
1892.04	7.633
1897.05	7.632
1902.07	7.632
1907.08	7.632
1912.09	7.631
1917.10	7.631
1922.11	7.631
1927.12	7.631
1932.14	7.630
1937.15	7.630
1942.16	7.630
1947.17	7.630
1952.18	7.629
1957.19	7.629
1962.20	7.629
1967.22	7.629
1972.23	7.629
1977.24	7.628
1982.25	7.628
1987.26	7.628
1992.27	7.627
1997.29	7.627
2002.30	7.627
2007.31	7.627
2012.32	7.626
2017.33	7.626
2022.34	7.626
2027.36	7.626
2032.37	7.626
2037.38	7.625
2042.39	7.625
2047.40	7.625
2052.41	7.624
2057.43	7.624
2062.44	7.624
2067.45	7.624
2072.46	7.624
2077.47	7.624
2082.48	7.623
2087.50	7.623
2092.51	7.623
2097.52	7.622
2102.53	7.622
2107.54	7.622
2112.55	7.621
2117.57	7.621
2122.58	7.621
2127.59	7.620
2132.60	7.620
2137.61	7.620
2142.62	7.620
2147.64	7.619
2152.65	7.619
2157.66	7.619
2162.67	7.619
2167.68	7.618
2172.69	7.618
2177.71	7.618
2182.72	7.618
2187.73	7.617
2192.74	7.617
2197.75	7.617
2202.76	7.617
2207.77	7.617
2212.79	7.616
2217.80	7.616
2222.81	7.616
2227.82	7.615
2232.83	7.615
2237.84	7.615
2242.86	7.615
2247.87	7.614
2252.88	7.614
2257.89	7.614
2262.90	7.614
2267.91	7.614
2272.93	7.613
2277.94	7.613
2282.95	7.613
2287.96	7.613
2292.97	7.612
2297.98	7.612
2302.99	7.612
2308.01	7.612
2313.02	7.611
2318.03	7.611
2323.04	7.611
2328.05	7.611
2333.06	7.611
2338.08	7.610
2343.09	7.610
2348.10	7.610
2353.11	7.609
2358.12	7.609
2363.13	7.609
2368.14	7.608
2373.16	7.608
2378.17	7.608
2383.18	7.607
2388.19	7.607
2393.20	7.607
2398.21	7.606
2403.23	7.606
2408.24	7.606
2413.25	7.606
2418.26	7.606
2423.27	7.605
2428.28	7.605
2433.30	7.605
2438.31	7.605
2443.33	7.604
2448.34	7.604
2453.36	7.604
2458.37	7.604
2463.38	7.604
2468.39	7.603
2473.40	7.603
2478.42	7.603
2483.43	7.603
2488.44	7.602
2493.45	7.602
2498.46	7.602
2503.47	7.601
2508.48	7.601
2513.50	7.601
2518.51	7.600
2523.52	7.600
2528.53	7.600
2533.54	7.600
2538.55	7.600
2543.57	7.599
2548.58	7.599
2553.59	7.599
2558.60	7.598
2563.61	7.598
2568.62	7.598
2573.64	7.598
2578.65	7.597
2583.66	7.597
2588.68	7.597
2593.69	7.597
2598.70	7.596
2603.72	7.596
2608.73	7.596
2613.74	7.595
2618.75	7.595
2623.76	7.595
2628.77	7.595
2633.78	7.594
2638.80	7.594
2643.81	7.594
2648.82	7.593
2653.83	7.593
2658.84	7.593
2663.85	7.593
2668.87	7.593
2673.88	7.592
2678.89	7.592
2683.90	7.592
2688.91	7.591
2693.92	7.591
2698.94	7.591
2703.95	7.590
2708.96	7.590
2713.97	7.590
2718.98	7.590
2723.99	7.589
2729.00	7.589
2734.01	7.589
2739.03	7.588
2744.04	7.588
2749.05	7.588
2754.06	7.588
2759.07	7.588
2764.08	7.587
2769.09	7.587
2774.11	7.587
2779.12	7.587
2784.13	7.586
2789.14	7.586
2794.15	7.586
2799.16	7.585
2804.18	7.585
2809.19	7.585
2814.20	7.584
2819.21	7.584
2824.22	7.584
2829.23	7.584
2834.24	7.583
2839.26	7.583
2844.27	7.583
2849.28	7.582
2854.29	7.582
2859.30	7.582
2864.31	7.582
2869.32	7.582
2874.34	7.581
2879.35	7.581
2884.36	7.580
2889.37	7.580
2894.38	7.580
2899.40	7.580
2904.41	7.580
2909.43	7.579
2914.44	7.579
2919.46	7.579
2924.47	7.578
2929.49	7.578
2934.50	7.578
2939.52	7.578
2944.53	7.577
2949.54	7.577
2954.56	7.577
2959.57	7.576
2964.58	7.576
2969.59	7.576
2974.60	7.576
2979.61	7.575
2984.63	7.575
2989.64	7.575
2994.65	7.574
2999.66	7.574
3004.67	7.574
3009.68	7.573
3014.69	7.573
3019.71	7.573
3024.72	7.573
3029.73	7.573
3034.74	7.572
3039.75	7.572
3044.76	7.572
3049.78	7.571
3054.79	7.571
3059.80	7.571
3064.81	7.570
3069.82	7.570
3074.83	7.570
3079.84	7.570
3084.86	7.569
3089.87	7.569
3094.88	7.569
3099.89	7.568
3104.90	7.568
3109.91	7.568
3114.93	7.567
3119.94	7.567
3124.95	7.567
3129.96	7.567
3134.97	7.567
3139.98	7.566
3144.99	7.565
3150.01	7.565
3155.02	7.565
3160.03	7.565
3165.04	7.564
3170.05	7.564
3175.06	7.564
3180.08	7.564
3185.09	7.563
3190.10	7.563
3195.11	7.563
3200.12	7.563
3205.13	7.562
3210.14	7.562
3215.16	7.561
3220.18	7.561
3225.19	7.561
3230.20	7.561
3235.22	7.561
3240.23	7.560
3245.24	7.560
3250.25	7.559
3255.27	7.559
3260.28	7.559
3265.29	7.558
3270.30	7.558
3275.31	7.557
3280.32	7.557
3285.34	7.557
3290.35	7.557
3295.36	7.557
3300.37	7.556
3305.38	7.556
3310.39	7.556
3315.40	7.556
3320.42	7.555
3325.43	7.555
3330.44	7.555
3335.45	7.555
3340.46	7.554
3345.47	7.554
3350.48	7.554
3355.50	7.554
3360.51	7.553
3365.52	7.553
3370.53	7.552
3375.54	7.552
3380.55	7.552
3385.57	7.552
3390.58	7.551
3395.59	7.551
3400.60	7.551
3405.61	7.550
3410.62	7.550
3415.64	7.550
3420.65	7.549
3425.66	7.549
3430.67	7.549
3435.68	7.548
3440.69	7.548
3445.71	7.548
3450.72	7.548
3455.73	7.547
3460.74	7.547
3465.75	7.547
3470.76	7.547
3475.78	7.546
3480.79	7.546
3485.80	7.546
3490.81	7.546
3495.82	7.545
3500.83	7.545
3505.84	7.544
3510.86	7.544
3515.87	7.544
3520.88	7.544
3525.89	7.543
3530.90	7.543
3535.91	7.543
3540.93	7.543
3545.94	7.542
3550.95	7.542
3555.96	7.542
3560.97	7.541
3565.98	7.541
3571.00	7.540
3576.01	7.540
3581.02	7.540
3586.03	7.539
3591.04	7.539
3596.05	7.539
3601.07	7.539
3606.08	7.538
3611.09	7.538
3616.10	7.538
3621.11	7.537
3626.12	7.537
3631.14	7.537
3636.15	7.536
3641.16	7.536
3646.17	7.536
3651.18	7.536
3656.19	7.536
3661.20	7.535
3666.22	7.535
3671.23	7.535
3676.24	7.535
3681.25	7.534
3686.26	7.534
3691.27	7.534
3696.29	7.534
3701.30	7.533
3706.31	7.533
3711.32	7.532
3716.33	7.532
3721.34	7.532
3726.36	7.531
3731.37	7.531
3736.38	7.531
3741.39	7.531
3746.40	7.530
3751.41	7.530
3756.43	7.530
3761.44	7.529
3766.45	7.529
3771.47	7.528
3776.48	7.528
3781.49	7.528
3786.50	7.528
3791.51	7.527
3796.52	7.527
3801.53	7.527
3806.54	7.527
3811.56	7.526
3816.57	7.526
3821.58	7.525
3826.59	7.525
3831.60	7.525
3836.61	7.525
3841.63	7.524
3846.64	7.524
3851.65	7.524
3856.66	7.524
3861.67	7.523
3866.68	7.523
3871.69	7.522
3876.71	7.522
3881.72	7.522
3886.73	7.521
3891.74	7.521
3896.75	7.521
3901.76	7.521
3906.78	7.521
3911.79	7.520
3916.80	7.520
3921.81	7.520
3926.82	7.520
3931.83	7.519
3936.85	7.519
3941.86	7.519
3946.87	7.518
3951.88	7.518
3956.89	7.518
3961.90	7.518
3966.91	7.517
3971.93	7.517
3976.94	7.516
3981.95	7.516
3986.96	7.516
3991.97	7.516
3996.98	7.515
4002.00	7.515
4007.01	7.515
4012.02	7.515
4017.03	7.514
4022.05	7.514
4027.06	7.514
4032.08	7.514
4037.09	7.513
4042.10	7.513
4047.11	7.513
4052.12	7.513
4057.13	7.512
4062.15	7.512
4067.16	7.512
4072.17	7.512
4077.18	7.511
4082.19	7.511
4087.20	7.511
4092.22	7.510
4097.23	7.510
4102.24	7.510
4107.25	7.510
4112.26	7.509
4117.28	7.509
4122.29	7.509
4127.30	7.509
4132.31	7.508
4137.32	7.508
4142.34	7.508
4147.35	7.507
4152.36	7.507
4157.37	7.507
4162.38	7.507
4167.39	7.506
4172.40	7.506
4177.42	7.506
4182.43	7.506
4187.44	7.505
4192.45	7.505
4197.46	7.505
4202.47	7.504
4207.49	7.504
4212.50	7.504
4217.51	7.504
4222.52	7.504
4227.53	7.503
4232.54	7.503
4237.55	7.503
4242.56	7.502
4247.58	7.502
4252.59	7.502
4257.60	7.502
4262.61	7.502
4267.62	7.501
4272.63	7.501
4277.65	7.501
4282.66	7.501
4287.67	7.500
4292.68	7.500
4297.69	7.500
4302.71	7.499
4307.72	7.499
4312.73	7.499
4317.74	7.498
4322.75	7.498
4327.76	7.498
4332.77	7.498
4337.79	7.497
4342.80	7.497
4347.81	7.497
4352.82	7.497
4357.83	7.496
4362.84	7.496
4367.86	7.496
4372.87	7.496
4377.88	7.496
4382.89	7.495
4387.90	7.495
4392.91	7.495
4397.93	7.495
4402.94	7.495
4407.95	7.494
4412.96	7.494
4417.97	7.494
4422.98	7.493
4427.99	7.493
4433.00	7.493
4438.01	7.493
4443.03	7.492
4448.04	7.492
4453.05	7.492
4458.06	7.492
4463.07	7.492
4468.08	7.491
4473.09	7.491
4478.11	7.491
4483.12	7.491
4488.13	7.490
4493.14	7.490
4498.15	7.490
4503.16	7.490
4508.18	7.489
4513.19	7.489
4518.21	7.489
4523.22	7.489
4528.23	7.488
4533.24	7.488
4538.26	7.488
4543.27	7.488
4548.28	7.488
4553.29	7.487
4558.30	7.487
4563.32	7.487
4568.33	7.487
4573.34	7.486
4578.35	7.486
4583.36	7.486
4588.37	7.486
4593.39	7.486
4598.40	7.485
4603.41	7.485
4608.42	7.485
4613.43	7.485
4618.44	7.484
4623.45	7.484
4628.47	7.484
4633.48	7.483
4638.49	7.483
4643.50	7.483
4648.51	7.483
4653.52	7.482
4658.53	7.482
4663.55	7.482
4668.56	7.482
4673.57	7.482
4678.58	7.481
4683.59	7.481
4688.60	7.481
4693.61	7.481
4698.63	7.480
4703.64	7.480
4708.65	7.480
4713.66	7.480
4718.67	7.480
4723.68	7.479
4728.69	7.479
4733.71	7.479
4738.72	7.479
4743.73	7.479
4748.74	7.479
4753.75	7.478
4758.76	7.478
4763.78	7.478
4768.79	7.477
4773.80	7.477
4778.81	7.477
4783.82	7.477
4788.83	7.477
4793.85	7.477
4798.86	7.476
4803.87	7.476
4808.88	7.475
4813.89	7.475
4818.90	7.475
4823.92	7.475
4828.93	7.475
4833.94	7.475
4838.95	7.474
4843.96	7.474
4848.97	7.473
4853.98	7.473
4859.00	7.473
4864.01	7.473
4869.02	7.473
4874.03	7.473
4879.04	7.473
4884.05	7.473
4889.07	7.473
4894.08	7.472
4899.09	7.472
4904.10	7.472
4909.11	7.472
4914.12	7.472
4919.14	7.471
4924.15	7.471
4929.16	7.471
4934.17	7.471
4939.18	7.471
4944.19	7.470
4949.20	7.470
4954.22	7.470
4959.23	7.469
4964.24	7.470
4969.25	7.470
4974.26	7.469
4979.27	7.469
4984.28	7.469
4989.30	7.469
4994.31	7.468
4999.32	7.468
5004.34	7.468
5009.35	7.468
5014.36	7.468
5019.38	7.467
5024.39	7.467
5029.41	7.467
5034.42	7.467
5039.43	7.466
5044.44	7.466
5049.45	7.466
5054.46	7.466
5059.48	7.466
5064.49	7.466
5069.50	7.465
5074.51	7.465
5079.52	7.465
5084.53	7.465
5089.54	7.465
5094.56	7.465
5099.57	7.464
5104.58	7.464
5109.59	7.464
5114.60	7.464
5119.61	7.464
5124.63	7.464
5129.64	7.463
5134.65	7.463
5139.66	7.463
5144.67	7.463
5149.68	7.463
5154.69	7.463
5159.71	7.462
5164.72	7.462
5169.73	7.462
5174.74	7.462
5179.75	7.461
5184.76	7.462
5189.78	7.461
5194.79	7.461
5199.80	7.461
5204.81	7.460
5209.82	7.460
5214.83	7.460
5219.84	7.460
5224.86	7.460
5229.87	7.460
5234.88	7.459
5239.89	7.459
5244.90	7.459
5249.91	7.459
5254.93	7.459
5259.94	7.459
5264.95	7.458
5269.96	7.458
5274.97	7.458
5279.99	7.458
5285.00	7.458
5290.02	7.458
5295.03	7.457
5300.05	7.457
5305.06	7.457
5310.08	7.457
5315.09	7.457
5320.11	7.457
5325.12	7.456
5330.14	7.456
5335.15	7.456
5340.17	7.456
5345.18	7.456
5350.19	7.456
5355.20	7.455
5360.21	7.455
5365.22	7.455
5370.24	7.455
5375.25	7.455
5380.26	7.455
5385.28	7.454
5390.29	7.454
5395.30	7.454
5400.32	7.454
5405.33	7.454
5410.35	7.454
5415.37	7.453
5420.38	7.453
5425.39	7.453
5430.41	7.453
5435.42	7.453
5440.44	7.453
5445.45	7.452
5450.47	7.452
5455.48	7.452
5460.50	7.452
5465.51	7.452
5470.53	7.452
5475.54	7.452
5480.55	7.451
5485.56	7.451
5490.58	7.451
5495.59	7.451
5500.60	7.451
5505.61	7.450
5510.62	7.450
5515.63	7.450
5520.65	7.450
5525.66	7.450
5530.67	7.450
5535.68	7.450
5540.69	7.449
5545.70	7.449
5550.71	7.449
5555.73	7.449
5560.74	7.449
5565.75	7.449
5570.76	7.449
5575.77	7.448
5580.78	7.448
5585.80	7.448
5590.81	7.447
5595.82	7.447
5600.83	7.447
5605.84	7.447
5610.85	7.447
5615.87	7.447
5620.88	7.447
5625.89	7.447
5630.90	7.447
5635.91	7.446
5640.92	7.446
5645.93	7.446
5650.95	7.446
5655.96	7.446
5660.97	7.446
5665.98	7.445
5670.99	7.445
5676.00	7.445
5681.02	7.445
5686.03	7.445
5691.04	7.445
5696.05	7.445
5701.06	7.445
5706.07	7.444
5711.08	7.444
5716.10	7.444
5721.11	7.444
5726.12	7.444
5731.13	7.443
5736.14	7.443
5741.15	7.443
5746.17	7.443
5751.18	7.443
5756.19	7.443
5761.21	7.442
5766.22	7.442
5771.24	7.442
5776.25	7.442
5781.27	7.442
5786.28	7.442
5791.30	7.442
5796.31	7.442
5801.33	7.441
5806.34	7.441
5811.36	7.441
5816.37	7.441
5821.39	7.441
5826.41	7.441
5831.42	7.440
5836.43	7.440
5841.44	7.440
5846.46	7.440
5851.47	7.440
5856.48	7.440
5861.49	7.440
5866.50	7.440
5871.51	7.440
5876.53	7.440
5881.54	7.439
5886.55	7.439
5891.56	7.439
5896.57	7.439
5901.59	7.438
5906.60	7.438
5911.61	7.438
5916.63	7.438
5921.64	7.438
5926.66	7.438
5931.67	7.438
5936.68	7.438
5941.70	7.438
5946.71	7.437
5951.73	7.437
5956.74	7.437
5961.76	7.437
5966.77	7.437
5971.79	7.437
5976.80	7.437
5981.81	7.436
5986.83	7.436
5991.84	7.436
5996.85	7.436
6001.87	7.436
6006.88	7.436
6011.89	7.436
6016.91	7.435
6021.92	7.435
6026.93	7.435
6031.94	7.435
6036.95	7.435
6041.96	7.435
6046.98	7.434
6051.99	7.434
6057.00	7.434
6062.01	7.434
6067.02	7.434
6072.03	7.434
6077.04	7.434
6082.06	7.434
6087.07	7.433
6092.08	7.433
6097.09	7.433
6102.10	7.433
6107.11	7.433
6112.13	7.433
6117.14	7.433
6122.15	7.433
6127.16	7.432
6132.17	7.432
6137.18	7.432
6142.19	7.432
6147.20	7.432
6152.22	7.432
6157.23	7.431
6162.24	7.431
6167.25	7.431
6172.26	7.431
6177.27	7.431
6182.28	7.430
6187.30	7.430
6192.31	7.430
6197.32	7.430
6202.33	7.430
6207.34	7.430
6212.35	7.430
6217.37	7.430
6222.38	7.430
6227.39	7.429
6232.40	7.429
6237.41	7.429
6242.42	7.429
6247.44	7.429
6252.45	7.429
6257.46	7.428
6262.48	7.429
6267.50	7.428
6272.52	7.428
6277.54	7.428
6282.55	7.428
6287.57	7.428
6292.58	7.428
6297.59	7.428
6302.61	7.428
6307.62	7.427
6312.64	7.427
6317.65	7.427
6322.66	7.427
6327.67	7.427
6332.69	7.427
6337.70	7.427
6342.71	7.426
6347.72	7.426
6352.73	7.426
6357.74	7.426
6362.76	7.426
6367.77	7.426
6372.78	7.426
6377.79	7.426
6382.80	7.426
6387.81	7.425
6392.82	7.425
6397.84	7.425
6402.86	7.425
6407.87	7.425
6412.88	7.424
6417.89	7.424
6422.90	7.425
6427.91	7.424
6432.92	7.424
6437.94	7.424
6442.95	7.424
6447.96	7.423
6452.97	7.423
6457.98	7.423
6462.99	7.423
6468.01	7.423
6473.02	7.423
6478.03	7.422
6483.04	7.423
6488.05	7.422
6493.06	7.422
6498.08	7.422
6503.09	7.422
6508.10	7.422
6513.11	7.422
6518.12	7.422
6523.13	7.422
6528.15	7.422
6533.16	7.422
6538.17	7.421
6543.18	7.421
6548.19	7.421
6553.20	7.421
6558.21	7.421
6563.23	7.421
6568.24	7.420
6573.25	7.420
6578.26	7.420
6583.27	7.420
6588.28	7.420
6593.29	7.420
6598.31	7.420
6603.32	7.420
6608.33	7.419
6613.34	7.419
6618.35	7.419
6623.36	7.419
6628.38	7.419
6633.39	7.419
6638.40	7.419
6643.41	7.418
6648.42	7.418
6653.43	7.418
6658.44	7.418
6663.46	7.418
6668.47	7.418
6673.48	7.418
6678.49	7.418
6683.50	7.417
6688.51	7.418
6693.53	7.418
6698.54	7.417
6703.55	7.417
6708.56	7.417
6713.57	7.417
6718.58	7.417
6723.59	7.417
6728.61	7.417
6733.62	7.416
6738.63	7.416
6743.64	7.416
6748.66	7.416
6753.67	7.415
6758.69	7.415
6763.70	7.415
6768.72	7.415
6773.73	7.415
6778.74	7.415
6783.76	7.415
6788.77	7.415
6793.79	7.415
6798.80	7.415
6803.81	7.414
6808.82	7.414
6813.83	7.414
6818.85	7.414
6823.86	7.414
6828.87	7.413
6833.88	7.413
6838.89	7.413
6843.90	7.413
6848.92	7.413
6853.94	7.413
6858.95	7.413
6863.97	7.413
6868.98	7.412
6873.99	7.412
6879.01	7.412
6884.02	7.412
6889.04	7.412
6894.05	7.412
6899.06	7.412
6904.08	7.412
6909.09	7.411
6914.10	7.412
6919.11	7.411
6924.13	7.411
6929.14	7.411
6934.15	7.411
6939.16	7.411
6944.17	7.411
6949.18	7.411
6954.19	7.411
6959.21	7.411
6964.22	7.410
6969.23	7.410
6974.25	7.410
6979.27	7.410
6984.28	7.410
6989.29	7.409
6994.31	7.409
6999.32	7.409
7004.33	7.409
7009.36	7.409
7014.37	7.409
7019.38	7.409
7024.40	7.408
7029.41	7.408
7034.42	7.408
7039.43	7.408
7044.44	7.408
7049.45	7.408
7054.46	7.408
7059.47	7.408
7064.49	7.408
7069.50	7.407
7074.51	7.407
7079.52	7.407
7084.53	7.407
7089.55	7.407
7094.57	7.407
7099.58	7.407
7104.60	7.406
7109.61	7.406
7114.63	7.406
7119.64	7.406
7124.65	7.406
7129.67	7.406
7134.68	7.406
7139.69	7.405
7144.71	7.405
7149.72	7.405
7154.73	7.405
7159.74	7.405
7164.75	7.405
7169.76	7.405
7174.78	7.404
7179.79	7.404
7184.80	7.404
7189.81	7.404
7194.82	7.404
7199.83	7.404
7204.85	7.404
7209.86	7.403
7214.88	7.404
7219.89	7.404
7224.91	7.404
7229.92	7.403
7234.93	7.403
7239.94	7.403
7244.95	7.403
7249.96	7.403
7254.98	7.403
7259.99	7.403
7265.00	7.403
7270.01	7.402
7275.03	7.402
7280.04	7.402
7285.05	7.402
7290.06	7.402
7295.07	7.402
7300.08	7.402
7305.09	7.402
7310.11	7.401
7315.12	7.401
7320.13	7.401
7325.14	7.401
7330.15	7.401
7335.16	7.401
7340.18	7.401
7345.19	7.401
7350.20	7.400
7355.21	7.400
7360.22	7.400
7365.23	7.400
7370.25	7.400
7375.26	7.399
7380.27	7.399
7385.28	7.399
7390.29	7.399
7395.30	7.399
7400.31	7.399
7405.33	7.399
7410.34	7.398
7415.35	7.398
7420.36	7.398
7425.37	7.398
7430.38	7.398
7435.40	7.398
7440.41	7.398
7445.42	7.397
7450.43	7.398
7455.44	7.398
7460.45	7.397
7465.46	7.397
7470.48	7.397
7475.49	7.397
7480.50	7.397
7485.51	7.396
7490.52	7.396
7495.53	7.396
7500.54	7.396
7505.56	7.396
7510.57	7.396
7515.58	7.396
7520.59	7.395
7525.60	7.396
7530.61	7.395
7535.63	7.395
7540.64	7.395
7545.65	7.395
7550.66	7.395
7555.67	7.395
7560.68	7.394
7565.69	7.394
7570.71	7.394
7575.72	7.394
7580.73	7.394
7585.74	7.394
7590.75	7.394
7595.76	7.393
7600.78	7.393
7605.79	7.393
7610.81	7.393
7615.82	7.393
7620.84	7.392
7625.85	7.393
7630.87	7.392
7635.88	7.392
7640.89	7.392
7645.91	7.392
7650.92	7.392
7655.94	7.391
7660.95	7.391
7665.96	7.391
7670.97	7.391
7675.99	7.391
7681.00	7.391
7686.01	7.390
7691.02	7.390
7696.03	7.390
7701.04	7.390
7706.05	7.390
7711.07	7.390
7716.08	7.390
7721.10	7.389
7726.11	7.389
7731.12	7.389
7736.13	7.389
7741.15	7.389
7746.16	7.389
7751.17	7.389
7756.18	7.389
7761.19	7.388
7766.20	7.388
7771.21	7.388
7776.23	7.388
7781.24	7.388
7786.25	7.387
7791.26	7.387
7796.27	7.387
7801.28	7.387
7806.30	7.387
7811.31	7.387
7816.32	7.386
7821.33	7.386
7826.34	7.386
7831.35	7.386
7836.37	7.386
7841.38	7.385
7846.39	7.385
7851.40	7.385
7856.41	7.385
7861.42	7.385
7866.43	7.385
7871.45	7.385
7876.46	7.384
7881.47	7.384
7886.48	7.384
7891.49	7.384
7896.50	7.384
7901.52	7.384
7906.53	7.383
7911.54	7.383
7916.55	7.383
7921.56	7.383
7926.57	7.383
7931.58	7.383
7936.60	7.382
7941.61	7.383
7946.62	7.382
7951.63	7.382
7956.64	7.382
7961.65	7.381
7966.66	7.381
7971.68	7.381
7976.69	7.381
7981.70	7.381
7986.72	7.380
7991.73	7.380
7996.74	7.380
8001.75	7.380
8006.76	7.380
8011.77	7.380
8016.78	7.380
8021.80	7.380
8026.81	7.379
8031.82	7.379
8036.83	7.379
8041.84	7.379
8046.85	7.379
8051.87	7.379
8056.88	7.378
8061.89	7.378
8066.90	7.378
8071.91	7.378
8076.92	7.378
8081.93	7.377
8086.95	7.377
8091.96	7.377
8096.97	7.377
8101.98	7.377
8107.00	7.377
8112.01	7.376
8117.03	7.376
8122.04	7.376
8127.06	7.376
8132.07	7.375
8137.08	7.375
8142.09	7.375
8147.10	7.375
8152.11	7.375
8157.13	7.375
8162.14	7.374
8167.15	7.374
8172.17	7.374
8177.19	7.374
8182.20	7.374
8187.21	7.373
8192.22	7.373
8197.24	7.373
8202.26	7.373
8207.27	7.372
8212.29	7.372
8217.30	7.372
8222.31	7.372
8227.32	7.372
8232.33	7.371
8237.35	7.371
8242.36	7.371
8247.37	7.371
8252.38	7.371
8257.39	7.371
8262.41	7.370
8267.42	7.370
8272.44	7.370
8277.45	7.369
8282.47	7.369
8287.48	7.369
8292.49	7.368
8297.51	7.369
8302.52	7.369
8307.53	7.368
8312.54	7.368
8317.55	7.368
8322.56	7.368
8327.58	7.367
8332.59	7.367
8337.60	7.367
8342.61	7.367
8347.62	7.366
8352.63	7.366
8357.65	7.366
8362.66	7.366
8367.67	7.366
8372.68	7.365
8377.69	7.365
8382.71	7.365
8387.72	7.365
8392.73	7.364
8397.74	7.364
8402.75	7.364
8407.76	7.363
8412.77	7.363
8417.79	7.363
8422.80	7.363
8427.81	7.363
8432.82	7.363
8437.83	7.362
8442.84	7.362
8447.85	7.362
8452.86	7.361
8457.88	7.361
8462.89	7.361
8467.90	7.360
8472.91	7.360
8477.92	7.360
8482.93	7.360
8487.95	7.359
8492.96	7.359
8497.97	7.359
8502.98	7.359
8507.99	7.359
8513.00	7.358
8518.02	7.358
8523.03	7.358
8528.04	7.358
8533.05	7.357
8538.06	7.357
8543.07	7.357
8548.09	7.357
8553.10	7.356
8558.11	7.356
8563.12	7.356
8568.13	7.356
8573.14	7.356
8578.16	7.355
8583.17	7.355
8588.18	7.354
8593.19	7.354
8598.20	7.354
8603.21	7.353
8608.22	7.353
8613.23	7.353
8618.25	7.353
8623.26	7.352
8628.27	7.352
8633.28	7.352
8638.29	7.352
8643.30	7.351
8648.32	7.351
8653.33	7.351
8658.34	7.351
8663.35	7.350
8668.36	7.350
8673.37	7.350
8678.38	7.349
8683.40	7.349
8688.41	7.349
8693.42	7.348
8698.43	7.348
8703.44	7.348
8708.45	7.347
8713.47	7.347
8718.48	7.347
8723.49	7.346
8728.50	7.346
8733.51	7.346
8738.52	7.345
8743.53	7.345
8748.54	7.345
8753.56	7.345
8758.57	7.344
8763.58	7.344
8768.59	7.344
8773.60	7.343
8778.61	7.343
8783.63	7.342
8788.64	7.342
8793.65	7.342
8798.66	7.341
8803.67	7.341
8808.68	7.341
8813.69	7.341
8818.71	7.340
8823.72	7.340
8828.73	7.340
8833.74	7.339
8838.75	7.339
8843.76	7.338
8848.78	7.338
8853.79	7.338
8858.80	7.337
8863.81	7.337
8868.82	7.337
8873.83	7.336
8878.85	7.336
8883.86	7.336
8888.87	7.335
8893.88	7.335
8898.89	7.334
8903.90	7.334
8908.91	7.334
8913.93	7.333
8918.94	7.333
8923.95	7.332
8928.96	7.332
8933.97	7.332
8938.98	7.331
8944.00	7.331
8949.01	7.331
8954.02	7.330
8959.03	7.330
8964.04	7.329
8969.05	7.329
8974.07	7.328
8979.08	7.328
8984.09	7.328
8989.10	7.327
8994.11	7.327
8999.12	7.327
9004.13	7.326
9009.15	7.326
9014.16	7.325
9019.17	7.325
9024.18	7.325
9029.19	7.324
9034.20	7.324
9039.22	7.323
9044.23	7.323
9049.24	7.322
9054.25	7.322
9059.26	7.321
9064.27	7.321
9069.29	7.321
9074.30	7.321
9079.31	7.320
9084.32	7.319
9089.33	7.319
9094.34	7.318
9099.35	7.318
9104.37	7.317
9109.38	7.317
9114.39	7.317
9119.41	7.316
9124.42	7.316
9129.44	7.315
9134.45	7.315
9139.47	7.315
9144.48	7.314
9149.50	7.314
9154.51	7.313
9159.52	7.313
9164.54	7.312
9169.55	7.312
9174.56	7.311
9179.58	7.311
9184.59	7.310
9189.60	7.310
9194.61	7.309
9199.62	7.309
9204.63	7.308
9209.65	7.308
9214.67	7.307
9219.68	7.307
9224.69	7.306
9229.71	7.306
9234.72	7.305
9239.74	7.305
9244.75	7.304
9249.76	7.304
9254.78	7.304
9259.79	7.303
9264.80	7.302
9269.81	7.302
9274.82	7.301
9279.83	7.301
9284.85	7.300
9289.86	7.299
9294.87	7.299
9299.88	7.299
9304.89	7.298
9309.90	7.297
9314.92	7.297
9319.93	7.296
9324.94	7.296
9329.95	7.295
9334.96	7.295
9339.97	7.294
9344.98	7.293
9350.00	7.293
9355.01	7.292
9360.02	7.292
9365.03	7.291
9370.04	7.291
9375.05	7.290
9380.07	7.290
9385.08	7.289
9390.09	7.288
9395.10	7.288
9400.11	7.287
9405.12	7.287
9410.13	7.286
9415.15	7.285
9420.16	7.285
9425.17	7.284
9430.18	7.284
9435.19	7.283
9440.20	7.282
9445.22	7.282
9450.23	7.281
9455.24	7.280
9460.25	7.280
9465.26	7.279
9470.27	7.278
9475.28	7.278
9480.30	7.277
9485.31	7.277
9490.32	7.276
9495.33	7.275
9500.34	7.275
9505.36	7.274
9510.38	7.274
9515.39	7.273
9520.40	7.272
9525.42	7.272
9530.43	7.271
9535.45	7.270
9540.46	7.270
9545.48	7.269
9550.49	7.268
9555.50	7.267
9560.51	7.267
9565.53	7.266
9570.54	7.266
9575.55	7.265
9580.57	7.265
9585.58	7.264
9590.60	7.263
9595.61	7.262
9600.63	7.262
9605.64	7.261
9610.66	7.260
9615.67	7.260
9620.69	7.259
9625.70	7.258
9630.71	7.257
9635.72	7.257
9640.73	7.256
9645.74	7.255
9650.75	7.255
9655.77	7.254
9660.79	7.253
9665.80	7.253
9670.82	7.252
9675.83	7.251
9680.84	7.250
9685.86	7.250
9690.88	7.249
9695.89	7.248
9700.91	7.248
9705.92	7.247
9710.93	7.246
9715.94	7.246
9720.95	7.245
9725.96	7.244
9730.98	7.243
9735.99	7.242
9741.00	7.242
9746.01	7.241
9751.02	7.240
9756.04	7.240
9761.05	7.239
9766.07	7.238
9771.08	7.237
9776.09	7.237
9781.10	7.236
9786.12	7.235
9791.13	7.235
9796.14	7.234
9801.15	7.233
9806.16	7.232
9811.17	7.232
9816.18	7.231
9821.20	7.230
9826.21	7.229
9831.22	7.229
9836.23	7.228
9841.24	7.227
9846.25	7.226
9851.27	7.225
9856.28	7.225
9861.29	7.224
9866.30	7.223
9871.31	7.222
9876.32	7.221
9881.33	7.221
9886.35	7.220
9891.36	7.219
9896.37	7.218
9901.38	7.218
9906.39	7.217
9911.40	7.216
9916.42	7.216
9921.43	7.215
9926.44	7.214
9931.45	7.213
9936.46	7.212
9941.47	7.212
9946.49	7.211
9951.50	7.210
9956.51	7.209
9961.52	7.208
9966.53	7.208
9971.54	7.207
9976.55	7.206
9981.57	7.205
9986.58	7.204
9991.59	7.204
9996.60	7.203
10001.61	7.202
10006.62	7.202
10011.64	7.201
10016.65	7.200
10021.66	7.199
10026.67	7.198
10031.68	7.197
10036.69	7.197
10041.71	7.196
10046.72	7.195
10051.73	7.194
10056.74	7.194
10061.75	7.193
10066.76	7.192
10071.77	7.191
10076.79	7.190
10081.80	7.189
10086.81	7.188
10091.82	7.188
10096.83	7.187
10101.84	7.186
10106.86	7.185
10111.87	7.184
10116.88	7.183
10121.89	7.182
10126.90	7.181
10131.91	7.181
10136.93	7.180
10141.94	7.179
10146.95	7.178
10151.96	7.178
10156.97	7.177
10161.98	7.176
10166.99	7.175
10172.01	7.174
10177.02	7.173
10182.03	7.173
10187.04	7.171
10192.05	7.171
10197.06	7.169
10202.08	7.169
10207.09	7.168
10212.10	7.167
10217.11	7.166
10222.12	7.166
10227.13	7.165
10232.15	7.164
10237.16	7.163
10242.17	7.162
10247.18	7.161
10252.19	7.160
10257.20	7.160
10262.21	7.159
10267.23	7.158
10272.24	7.157
10277.25	7.156
10282.26	7.156
10287.27	7.154
10292.28	7.154
10297.30	7.153
10302.31	7.152
10307.32	7.151
10312.33	7.150
10317.34	7.149
10322.35	7.148
10327.37	7.148
10332.38	7.147
10337.39	7.146
10342.40	7.145
10347.41	7.144
10352.42	7.143
10357.43	7.142
10362.45	7.141
10367.46	7.140
10372.47	7.139
10377.48	7.139
10382.49	7.138
10387.50	7.137
10392.52	7.136
10397.53	7.135
10402.54	7.134
10407.55	7.134
10412.56	7.132
10417.57	7.132
10422.58	7.131
10427.60	7.130
10432.61	7.128
10437.62	7.128
10442.63	7.127
10447.64	7.126
10452.65	7.125
10457.67	7.124
10462.68	7.123
10467.69	7.122
10472.70	7.122
10477.71	7.121
10482.72	7.120
10487.74	7.119
10492.75	7.118
10497.76	7.117
10502.77	7.116
10507.78	7.115
10512.79	7.114
10517.80	7.113
10522.82	7.112
10527.83	7.112
10532.84	7.111
10537.85	7.110
10542.86	7.109
10547.87	7.108
10552.89	7.107
10557.90	7.106
10562.91	7.105
10567.92	7.104
10572.93	7.103
10577.94	7.102
10582.96	7.101
10587.97	7.100
10592.98	7.099
10597.99	7.099
10603.00	7.098
10608.01	7.097
10613.02	7.096
10618.04	7.095
10623.05	7.094
10628.06	7.093
10633.07	7.092
10638.08	7.091
10643.09	7.090
10648.11	7.089
10653.12	7.088
10658.13	7.087
10663.14	7.086
10668.15	7.085
10673.16	7.084
10678.17	7.083
10683.19	7.082
10688.20	7.081
10693.21	7.080
10698.22	7.079
10703.23	7.078
10708.24	7.077
10713.26	7.076
10718.27	7.075
10723.28	7.074
10728.29	7.073
10733.30	7.072
10738.31	7.071
10743.32	7.071
10748.34	7.070
10753.35	7.069
10758.36	7.068
10763.37	7.067
10768.38	7.066
10773.39	7.065
10778.41	7.064
10783.42	7.063
10788.43	7.062
10793.44	7.061
10798.45	7.060
10803.46	7.059
10808.47	7.058
10813.49	7.057
10818.50	7.056
10823.51	7.055
10828.52	7.054
10833.53	7.053
10838.54	7.052
10843.56	7.051
10848.57	7.050
10853.58	7.049
10858.59	7.048
10863.60	7.047
10868.61	7.046
10873.62	7.045
10878.64	7.044
10883.65	7.043
10888.66	7.042
10893.67	7.041
10898.68	7.040
10903.69	7.039
10908.71	7.038
10913.72	7.036
10918.73	7.036
10923.74	7.034
10928.75	7.034
10933.76	7.032
10938.77	7.031
10943.79	7.030
10948.80	7.029
10953.81	7.028
10958.82	7.027
10963.83	7.026
10968.84	7.025
10973.86	7.024
10978.87	7.023
10983.88	7.022
10988.90	7.021
10993.91	7.020
10998.93	7.019
11003.95	7.018
11008.96	7.017
11013.97	7.016
11018.99	7.015
11024.00	7.014
11029.02	7.013
11034.03	7.012
11039.05	7.011
11044.06	7.010
11049.07	7.009
11054.08	7.008
11059.10	7.007
11064.11	7.006
11069.12	7.005
11074.13	7.003
11079.14	7.003
11084.15	7.002
11089.17	7.000
11094.18	6.999
11099.20	6.998
11104.21	6.997
11109.23	6.996
11114.24	6.995
11119.26	6.994
11124.28	6.993
11129.29	6.992
11134.30	6.991
11139.32	6.989
11144.33	6.989
11149.34	6.987
11154.36	6.986
11159.37	6.985
11164.39	6.984
11169.40	6.983
11174.42	6.982
11179.43	6.981
11184.45	6.980
11189.46	6.979
11194.48	6.978
11199.49	6.977
11204.51	6.975
11209.52	6.974
11214.54	6.973
11219.55	6.972
11224.57	6.971
11229.58	6.969
11234.60	6.969
11239.61	6.968
11244.62	6.967
11249.64	6.965
11254.65	6.964
11259.66	6.963
11264.68	6.962
11269.69	6.961
11274.70	6.960
11279.71	6.959
11284.72	6.958
11289.73	6.957
11294.75	6.956
11299.76	6.954
11304.77	6.953
11309.79	6.952
11314.80	6.951
11319.82	6.950
11324.83	6.949
11329.84	6.948
11334.85	6.946
11339.87	6.945
11344.88	6.944
11349.89	6.943
11354.90	6.942
11359.91	6.941
11364.92	6.940
11369.93	6.938
11374.95	6.937
11379.97	6.936
11384.98	6.935
11390.00	6.934
11395.01	6.932
11400.02	6.931
11405.04	6.930
11410.05	6.929
11415.06	6.928
11420.07	6.927
11425.08	6.925
11430.09	6.924
11435.11	6.923
11440.12	6.922
11445.13	6.921
11450.14	6.920
11455.15	6.919
11460.16	6.917
11465.18	6.916
11470.19	6.915
11475.20	6.914
11480.21	6.913
11485.22	6.911
11490.23	6.910
11495.24	6.909
11500.26	6.908
11505.27	6.907
11510.28	6.906
11515.29	6.904
11520.30	6.903
11525.31	6.902
11530.33	6.901
11535.34	6.899
11540.35	6.898
11545.36	6.897
11550.37	6.896
11555.38	6.895
11560.39	6.893
11565.41	6.892
11570.42	6.891
11575.43	6.890
11580.44	6.888
11585.45	6.887
11590.46	6.886
11595.48	6.885
11600.49	6.884
11605.50	6.882
11610.51	6.881
11615.52	6.880
11620.53	6.879
11625.54	6.877
11630.56	6.876
11635.57	6.875
11640.58	6.874
11645.59	6.873
11650.60	6.871
11655.61	6.870
11660.63	6.869
11665.64	6.868
11670.65	6.866
11675.66	6.865
11680.67	6.864
11685.68	6.863
11690.69	6.862
11695.71	6.860
11700.72	6.859
11705.73	6.858
11710.74	6.856
11715.75	6.855
11720.76	6.854
11725.78	6.852
11730.79	6.851
11735.80	6.850
11740.81	6.848
11745.82	6.847
11750.83	6.846
11755.84	6.845
11760.86	6.844
11765.87	6.842
11770.88	6.841
11775.89	6.840
11780.90	6.838
11785.91	6.837
11790.93	6.835
11795.94	6.835
11800.95	6.833
11805.97	6.832
11810.98	6.830
11816.00	6.829
11821.01	6.828
11826.02	6.827
11831.03	6.825
11836.04	6.824
11841.06	6.823
11846.07	6.821
11851.08	6.820
11856.09	6.819
11861.10	6.818
11866.11	6.816
11871.13	6.815
11876.14	6.813
11881.15	6.812
11886.16	6.811
11891.17	6.809
11896.18	6.808
11901.20	6.807
11906.21	6.805
11911.22	6.804
11916.23	6.803
11921.24	6.801
11926.25	6.800
11931.26	6.799
11936.28	6.797
11941.29	6.796
11946.30	6.795
11951.31	6.793
11956.32	6.792
11961.33	6.791
11966.35	6.789
11971.36	6.788
11976.37	6.786
11981.38	6.785
11986.39	6.784
11991.40	6.782
11996.42	6.781
12001.43	6.780
12006.44	6.778
12011.45	6.777
12016.46	6.776
12021.47	6.774
12026.48	6.773
12031.50	6.771
12036.51	6.770
12041.52	6.768
12046.53	6.767
12051.54	6.766
12056.55	6.764
12061.57	6.763
12066.58	6.762
12071.59	6.760
12076.60	6.759
12081.61	6.757
12086.62	6.756
12091.64	6.754
12096.65	6.753
12101.66	6.752
12106.67	6.750
12111.69	6.748
12116.70	6.747
12121.71	6.746
12126.73	6.744
12131.74	6.743
12136.75	6.742
12141.76	6.740
12146.77	6.739
12151.78	6.737
12156.80	6.736
12161.81	6.734
12166.82	6.733
12171.83	6.732
12176.84	6.730
12181.85	6.729
12186.87	6.727
12191.88	6.726
12196.89	6.724
12201.90	6.722
12206.92	6.721
12211.93	6.720
12216.95	6.718
12221.96	6.717
12226.97	6.715
12231.98	6.714
12236.99	6.712
12242.00	6.711
12247.01	6.709
12252.03	6.708
12257.04	6.707
12262.05	6.705
12267.06	6.703
12272.07	6.702
12277.08	6.700
12282.10	6.699
12287.11	6.697
12292.12	6.696
12297.13	6.694
12302.14	6.693
12307.15	6.691
12312.17	6.690
12317.18	6.688
12322.19	6.687
12327.20	6.685
12332.21	6.684
12337.22	6.682
12342.23	6.681
12347.25	6.679
12352.26	6.678
12357.27	6.676
12362.28	6.674
12367.29	6.673
12372.30	6.671
12377.32	6.670
12382.33	6.668
12387.34	6.667
12392.35	6.665
12397.36	6.663
12402.38	6.662
12407.39	6.661
12412.40	6.659
12417.42	6.658
12422.43	6.656
12427.45	6.654
12432.46	6.653
12437.47	6.651
12442.48	6.649
12447.49	6.648
12452.50	6.646
12457.52	6.645
12462.53	6.643
12467.54	6.642
12472.55	6.640
12477.56	6.639
12482.57	6.637
12487.59	6.635
12492.60	6.634
12497.61	6.633
12502.62	6.631
12507.63	6.629
12512.64	6.627
12517.65	6.626
12522.67	6.624
12527.68	6.623
12532.69	6.621
12537.70	6.619
12542.71	6.618
12547.72	6.616
12552.73	6.615
12557.74	6.613
12562.76	6.611
12567.77	6.610
12572.78	6.608
12577.79	6.606
12582.80	6.605
12587.81	6.603
12592.83	6.601
12597.84	6.600
12602.85	6.598
12607.86	6.596
12612.87	6.595
12617.89	6.593
12622.90	6.592
12627.91	6.590
12632.93	6.588
12637.94	6.587
12642.96	6.585
12647.97	6.583
12652.98	6.581
12657.99	6.580
12663.00	6.578
12668.01	6.576
12673.03	6.575
12678.04	6.573
12683.05	6.572
12688.06	6.570
12693.07	6.568
12698.08	6.566
12703.10	6.564
12708.11	6.563
12713.12	6.561
12718.13	6.560
12723.14	6.558
12728.15	6.556
12733.17	6.555
12738.18	6.553
12743.19	6.551
12748.20	6.549
12753.21	6.548
12758.22	6.546
12763.23	6.544
12768.25	6.542
12773.26	6.540
12778.27	6.539
12783.28	6.537
12788.29	6.535
12793.30	6.533
12798.32	6.532
12803.33	6.530
12808.34	6.528
12813.35	6.527
12818.36	6.525
12823.37	6.523
12828.39	6.521
12833.40	6.519
12838.41	6.518
12843.43	6.516
12848.44	6.514
12853.46	6.512
12858.47	6.511
12863.48	6.509
12868.49	6.507
12873.50	6.505
12878.51	6.503
12883.52	6.502
12888.54	6.500
12893.55	6.498
12898.56	6.496
12903.57	6.494
12908.58	6.493
12913.60	6.490
12918.61	6.489
12923.62	6.487
12928.63	6.485
12933.64	6.483
12938.65	6.482
12943.67	6.480
12948.68	6.478
12953.69	6.476
12958.70	6.475
12963.71	6.473
12968.72	6.471
12973.73	6.469
12978.75	6.467
12983.76	6.465
12988.77	6.464
12993.78	6.462
12998.79	6.460
13003.80	6.458
13008.82	6.456
13013.83	6.454
13018.84	6.452
13023.85	6.450
13028.86	6.448
13033.87	6.446
13038.88	6.444
13043.90	6.442
13048.91	6.441
13053.93	6.439
13058.94	6.437
13063.96	6.435
13068.97	6.433
13073.98	6.431
13078.99	6.429
13084.00	6.427
13089.01	6.425
13094.03	6.423
13099.04	6.421
13104.05	6.419
13109.06	6.417
13114.07	6.415
13119.08	6.413
13124.10	6.411
13129.11	6.409
13134.12	6.407
13139.13	6.405
13144.14	6.403
13149.15	6.401
13154.17	6.399
13159.18	6.397
13164.19	6.396
13169.20	6.393
13174.21	6.391
13179.22	6.389
13184.24	6.387
13189.25	6.385
13194.26	6.383
13199.27	6.381
13204.28	6.379
13209.29	6.377
13214.30	6.375
13219.32	6.373
13224.33	6.371
13229.34	6.368
13234.35	6.366
13239.36	6.364
13244.37	6.362
13249.38	6.360
13254.40	6.358
13259.41	6.356
13264.42	6.354
13269.43	6.351
13274.44	6.349
13279.45	6.347
13284.46	6.345
13289.48	6.343
13294.49	6.341
13299.50	6.338
13304.51	6.336
13309.52	6.334
13314.53	6.332
13319.55	6.329
13324.56	6.327
13329.57	6.325
13334.58	6.323
13339.59	6.320
13344.60	6.318
13349.62	6.316
13354.63	6.314
13359.64	6.312
13364.65	6.309
13369.66	6.307
13374.67	6.305
13379.68	6.303
13384.69	6.300
13389.71	6.298
13394.72	6.295
13399.73	6.293
13404.74	6.291
13409.75	6.288
13414.76	6.286
13419.78	6.284
13424.79	6.282
13429.80	6.279
13434.81	6.277
13439.82	6.275
13444.83	6.273
13449.85	6.270
13454.86	6.268
13459.88	6.266
13464.89	6.263
13469.90	6.261
13474.91	6.259
13479.92	6.256
13484.94	6.254
13489.95	6.251
13494.96	6.249
13499.97	6.247
13504.98	6.245
13509.99	6.242
13515.00	6.240
13520.02	6.237
13525.03	6.235
13530.04	6.232
13535.05	6.230
13540.06	6.228
13545.07	6.225
13550.09	6.223
13555.10	6.221
13560.11	6.218
13565.12	6.216
13570.13	6.214
13575.14	6.211
13580.15	6.209
13585.17	6.207
13590.18	6.205
13595.19	6.202
13600.20	6.200
13605.21	6.197
13610.22	6.195
13615.24	6.193
13620.25	6.191
13625.26	6.188
13630.27	6.186
13635.28	6.183
13640.29	6.181
13645.30	6.179
13650.32	6.176
13655.33	6.174
13660.34	6.171
13665.35	6.169
13670.37	6.167
13675.38	6.164
13680.40	6.162
13685.41	6.160
13690.42	6.158
13695.43	6.155
13700.44	6.153
13705.45	6.150
13710.46	6.148
13715.48	6.146
13720.49	6.143
13725.50	6.141
13730.51	6.139
13735.52	6.136
13740.53	6.134
13745.54	6.132
13750.56	6.129
13755.57	6.127
13760.58	6.125
13765.59	6.122
13770.60	6.120
13775.61	6.118
13780.63	6.115
13785.64	6.113
13790.65	6.111
13795.66	6.108
13800.67	6.106
13805.68	6.104
13810.69	6.101
13815.71	6.099
13820.72	6.097
13825.73	6.095
13830.74	6.092
13835.75	6.090
13840.76	6.088
13845.78	6.085
13850.79	6.083
13855.80	6.081
13860.81	6.078
13865.82	6.076
13870.84	6.074
13875.85	6.071
13880.86	6.069
13885.88	6.067
13890.89	6.065
13895.90	6.063
13900.92	6.060
13905.93	6.058
13910.94	6.056
13915.95	6.053
13920.96	6.051
13925.97	6.049
13930.99	6.047
13936.00	6.045
13941.01	6.042
13946.02	6.040
13951.03	6.038
13956.04	6.035
13961.05	6.033
13966.07	6.031
13971.08	6.029
13976.09	6.026
13981.10	6.024
13986.11	6.022
13991.12	6.020
13996.14	6.017
14001.15	6.015
14006.16	6.013
14011.17	6.011
14016.18	6.009
14021.19	6.006
14026.21	6.004
14031.22	6.002
14036.23	6.000
14041.24	5.997
14046.25	5.995
14051.26	5.993
14056.27	5.991
14061.28	5.989
14066.29	5.987
14071.30	5.984
14076.31	5.982
14081.32	5.980
14086.33	5.978
14091.33	5.976
14096.34	5.974
