2.51	7.911
7.52	7.911
12.53	7.911
17.54	7.911
22.56	7.911
27.57	7.911
32.58	7.911
37.59	7.911
42.60	7.911
47.61	7.911
52.63	7.911
57.64	7.911
62.65	7.702
67.66	7.708
72.68	7.711
77.69	7.714
82.70	7.715
87.72	7.716
92.73	7.716
97.74	7.716
102.75	7.716
107.76	7.716
112.77	7.716
117.79	7.716
122.80	7.716
127.81	7.715
132.82	7.715
137.83	7.715
142.84	7.715
147.85	7.714
152.87	7.714
157.88	7.713
162.89	7.713
167.90	7.713
172.91	7.712
177.92	7.712
182.94	7.712
187.95	7.711
192.96	7.711
197.97	7.711
202.98	7.710
207.99	7.710
213.01	7.710
218.02	7.709
223.03	7.709
228.04	7.709
233.05	7.709
238.06	7.708
243.07	7.708
248.08	7.708
253.10	7.708
258.11	7.707
263.12	7.707
268.14	7.707
273.15	7.706
278.16	7.706
283.17	7.706
288.18	7.706
293.20	7.705
298.21	7.705
303.22	7.705
308.23	7.705
313.24	7.704
318.25	7.704
323.26	7.704
328.28	7.704
333.29	7.704
338.30	7.703
343.31	7.703
348.32	7.703
353.33	7.703
358.35	7.702
363.36	7.702
368.37	7.702
373.38	7.701
378.39	7.701
383.40	7.701
388.42	7.701
393.43	7.701
398.44	7.700
403.45	7.700
408.46	7.700
413.47	7.700
418.49	7.700
423.50	7.699
428.51	7.699
433.52	7.699
438.53	7.699
443.54	7.698
448.55	7.698
453.57	7.698
458.58	7.698
463.59	7.697
468.60	7.697
473.61	7.697
478.63	7.697
483.64	7.697
488.65	7.697
493.66	7.697
498.67	7.696
503.68	7.696
508.69	7.696
513.71	7.695
518.72	7.695
523.73	7.695
528.74	7.695
533.75	7.695
538.76	7.694
543.78	7.694
548.79	7.694
553.80	7.694
558.81	7.694
563.82	7.693
568.83	7.694
573.85	7.693
578.86	7.693
583.87	7.693
588.88	7.692
593.89	7.692
598.90	7.692
603.91	7.692
608.93	7.692
613.94	7.691
618.95	7.691
623.96	7.691
628.97	7.691
633.98	7.690
639.00	7.690
644.01	7.690
649.02	7.690
654.03	7.690
659.04	7.689
664.05	7.689
669.07	7.689
674.08	7.689
679.10	7.689
684.11	7.688
689.12	7.688
694.13	7.688
699.14	7.688
704.15	7.688
709.16	7.687
714.18	7.687
719.19	7.687
724.20	7.687
729.21	7.687
734.22	7.686
739.23	7.686
744.25	7.686
749.26	7.686
754.27	7.685
759.28	7.685
764.29	7.685
769.30	7.685
774.32	7.685
779.33	7.685
784.34	7.685
789.35	7.684
794.36	7.684
799.37	7.684
804.38	7.683
809.40	7.683
814.41	7.683
819.42	7.683
824.43	7.683
829.44	7.683
834.45	7.682
839.47	7.682
844.48	7.682
849.49	7.682
854.50	7.682
859.51	7.681
864.52	7.681
869.54	7.681
874.55	7.681
879.56	7.680
884.57	7.680
889.58	7.680
894.59	7.680
899.60	7.680
904.62	7.680
909.63	7.679
914.64	7.679
919.65	7.679
924.66	7.679
929.67	7.678
934.69	7.678
939.70	7.678
944.71	7.678
949.72	7.678
954.73	7.677
959.74	7.677
964.76	7.677
969.77	7.677
974.78	7.676
979.79	7.676
984.80	7.676
989.81	7.676
994.83	7.676
999.84	7.676
1004.85	7.675
1009.86	7.675
1014.87	7.675
1019.88	7.675
1024.90	7.675
1029.91	7.674
1034.92	7.674
1039.93	7.674
1044.94	7.674
1049.95	7.673
1054.96	7.673
1059.98	7.673
1065.00	7.673
1070.01	7.672
1075.03	7.672
1080.04	7.672
1085.05	7.672
1090.06	7.672
1095.07	7.672
1100.08	7.671
1105.09	7.671
1110.11	7.671
1115.12	7.671
1120.13	7.671
1125.14	7.670
1130.15	7.670
1135.16	7.670
1140.18	7.670
1145.19	7.669
1150.20	7.669
1155.21	7.669
1160.22	7.669
1165.23	7.669
1170.25	7.669
1175.26	7.668
1180.27	7.668
1185.28	7.668
1190.29	7.667
1195.30	7.667
1200.31	7.667
1205.33	7.667
1210.34	7.667
1215.35	7.667
1220.36	7.666
1225.37	7.666
1230.38	7.666
1235.40	7.665
1240.41	7.665
1245.42	7.665
1250.43	7.665
1255.44	7.665
1260.45	7.664
1265.47	7.665
1270.48	7.664
1275.49	7.664
1280.50	7.664
1285.51	7.664
1290.52	7.664
1295.54	7.663
1300.55	7.663
1305.56	7.663
1310.57	7.663
1315.58	7.663
1320.59	7.662
1325.60	7.662
1330.62	7.662
1335.63	7.661
1340.64	7.662
1345.65	7.661
1350.66	7.661
1355.67	7.661
1360.69	7.660
1365.70	7.660
1370.71	7.660
1375.72	7.660
1380.73	7.660
1385.75	7.659
1390.76	7.659
1395.77	7.659
1400.78	7.659
1405.79	7.659
1410.80	7.659
1415.81	7.658
1420.83	7.658
1425.84	7.657
1430.85	7.657
1435.86	7.657
1440.87	7.657
1445.88	7.657
1450.90	7.656
1455.91	7.656
1460.93	7.656
1465.94	7.656
1470.96	7.656
1475.97	7.655
1480.98	7.655
1485.99	7.655
1491.00	7.655
1496.01	7.654
1501.03	7.654
1506.04	7.654
1511.05	7.654
1516.06	7.654
1521.07	7.654
1526.08	7.653
1531.10	7.653
1536.11	7.653
1541.12	7.652
1546.13	7.652
1551.14	7.652
1556.15	7.652
1561.17	7.651
1566.18	7.651
1571.19	7.651
1576.20	7.651
1581.21	7.651
1586.22	7.650
1591.24	7.650
1596.25	7.650
1601.26	7.650
1606.27	7.649
1611.28	7.649
1616.29	7.649
1621.30	7.649
1626.32	7.648
1631.33	7.648
1636.34	7.648
1641.35	7.648
1646.36	7.648
1651.37	7.647
1656.39	7.647
1661.40	7.647
1666.41	7.647
1671.42	7.646
1676.44	7.646
1681.45	7.646
1686.47	7.645
1691.48	7.645
1696.49	7.645
1701.50	7.645
1706.51	7.645
1711.53	7.645
1716.54	7.644
1721.55	7.644
1726.56	7.644
1731.57	7.643
1736.58	7.643
1741.59	7.643
1746.61	7.643
1751.62	7.643
1756.63	7.643
1761.64	7.642
1766.65	7.642
1771.66	7.642
1776.68	7.642
1781.69	7.641
1786.70	7.641
1791.71	7.641
1796.72	7.641
1801.73	7.641
1806.75	7.640
1811.76	7.640
1816.77	7.640
1821.78	7.639
1826.79	7.639
1831.80	7.639
1836.81	7.639
1841.83	7.639
1846.84	7.638
1851.85	7.638
1856.86	7.638
1861.87	7.638
1866.88	7.637
1871.90	7.637
1876.91	7.637
1881.92	7.637
1886.94	7.636
1891.95	7.636
1896.97	7.636
1901.98	7.635
1906.99	7.635
1912.00	7.635
1917.01	7.635
1922.03	7.635
1927.04	7.635
1932.05	7.634
1937.06	7.634
1942.07	7.634
1947.09	7.634
1952.10	7.633
1957.12	7.633
1962.13	7.633
1967.14	7.633
1972.16	7.632
1977.17	7.632
1982.19	7.632
1987.21	7.632
1992.22	7.631
1997.23	7.631
2002.25	7.631
2007.26	7.630
2012.28	7.630
2017.29	7.630
2022.30	7.630
2027.32	7.629
2032.33	7.629
2037.34	7.629
2042.36	7.629
2047.37	7.628
2052.39	7.628
2057.40	7.628
2062.41	7.627
2067.43	7.627
2072.44	7.627
2077.46	7.627
2082.47	7.627
2087.49	7.627
2092.50	7.626
2097.52	7.626
2102.53	7.626
2107.55	7.625
2112.56	7.625
2117.58	7.625
2122.59	7.624
2127.60	7.624
2132.62	7.624
2137.63	7.624
2142.65	7.624
2147.66	7.623
2152.68	7.623
2157.70	7.623
2162.71	7.623
2167.73	7.622
2172.74	7.622
2177.75	7.622
2182.77	7.622
2187.78	7.621
2192.79	7.621
2197.81	7.621
2202.83	7.621
2207.84	7.620
2212.85	7.620
2217.87	7.620
2222.88	7.620
2227.90	7.620
2232.92	7.619
2237.93	7.619
2242.95	7.619
2247.96	7.618
2252.98	7.618
2257.99	7.618
2263.00	7.618
2268.02	7.617
2273.03	7.617
2278.05	7.617
2283.06	7.617
2288.08	7.616
2293.09	7.616
2298.11	7.616
2303.12	7.615
2308.13	7.615
2313.15	7.615
2318.17	7.615
2323.18	7.615
2328.19	7.615
2333.21	7.614
2338.22	7.614
2343.24	7.613
2348.26	7.614
2353.27	7.613
2358.29	7.613
2363.30	7.613
2368.32	7.612
2373.33	7.612
2378.35	7.612
2383.36	7.611
2388.37	7.611
2393.39	7.611
2398.40	7.611
2403.42	7.611
2408.43	7.610
2413.45	7.610
2418.46	7.610
2423.47	7.609
2428.49	7.609
2433.50	7.609
2438.52	7.609
2443.53	7.608
2448.55	7.608
2453.56	7.608
2458.58	7.607
2463.59	7.607
2468.60	7.607
2473.62	7.607
2478.63	7.607
2483.65	7.606
2488.66	7.606
2493.68	7.606
2498.69	7.606
2503.71	7.605
2508.72	7.605
2513.74	7.605
2518.75	7.604
2523.77	7.604
2528.78	7.604
2533.80	7.604
2538.81	7.603
2543.83	7.603
2548.84	7.603
2553.85	7.603
2558.87	7.602
2563.88	7.602
2568.90	7.602
2573.91	7.602
2578.93	7.601
2583.94	7.601
2588.96	7.601
2593.97	7.600
2598.98	7.600
2604.00	7.600
2609.01	7.600
2614.03	7.599
2619.04	7.599
2624.06	7.599
2629.07	7.599
2634.08	7.598
2639.10	7.598
2644.11	7.598
2649.13	7.597
2654.14	7.597
2659.16	7.597
2664.17	7.597
2669.18	7.596
2674.20	7.596
2679.21	7.596
2684.23	7.596
2689.24	7.595
2694.26	7.595
2699.27	7.595
2704.29	7.595
2709.30	7.594
2714.32	7.594
2719.33	7.594
2724.35	7.594
2729.36	7.593
2734.37	7.593
2739.39	7.593
2744.40	7.592
2749.42	7.592
2754.43	7.592
2759.45	7.592
2764.46	7.591
2769.48	7.591
2774.49	7.591
2779.50	7.590
2784.52	7.590
2789.54	7.590
2794.55	7.589
2799.56	7.589
2804.58	7.589
2809.59	7.589
2814.61	7.588
2819.62	7.588
2824.64	7.588
2829.65	7.587
2834.67	7.587
2839.68	7.587
2844.69	7.587
2849.71	7.586
2854.72	7.586
2859.74	7.586
2864.75	7.586
2869.76	7.585
2874.78	7.585
2879.80	7.585
2884.81	7.585
2889.82	7.584
2894.84	7.584
2899.85	7.584
2904.87	7.584
2909.88	7.583
2914.90	7.583
2919.91	7.583
2924.93	7.582
2929.94	7.582
2934.95	7.582
2939.97	7.582
2944.98	7.581
2950.00	7.581
2955.01	7.581
2960.03	7.581
2965.04	7.580
2970.05	7.580
2975.07	7.580
2980.08	7.580
2985.10	7.579
2990.11	7.579
2995.12	7.578
3000.14	7.578
3005.16	7.578
3010.17	7.578
3015.18	7.577
3020.20	7.577
3025.21	7.577
3030.23	7.577
3035.24	7.576
3040.25	7.576
3045.27	7.576
3050.29	7.576
3055.30	7.576
3060.32	7.575
3065.33	7.575
3070.35	7.575
3075.36	7.574
3080.37	7.574
3085.39	7.574
3090.40	7.573
3095.42	7.573
3100.43	7.573
3105.45	7.573
3110.46	7.572
3115.47	7.572
3120.49	7.572
3125.50	7.572
3130.52	7.571
3135.54	7.571
3140.55	7.571
3145.57	7.570
3150.58	7.570
3155.59	7.570
3160.61	7.570
3165.63	7.569
3170.64	7.569
3175.65	7.568
3180.67	7.568
3185.68	7.568
3190.70	7.568
3195.71	7.567
3200.73	7.567
3205.74	7.567
3210.76	7.567
3215.77	7.566
3220.79	7.566
3225.80	7.566
3230.81	7.566
3235.83	7.565
3240.84	7.565
3245.85	7.565
3250.86	7.564
3255.87	7.564
3260.88	7.564
3265.90	7.563
3270.91	7.563
3275.92	7.563
3280.93	7.563
3285.94	7.563
3290.95	7.562
3295.97	7.562
3300.98	7.562
3305.99	7.562
3311.00	7.561
3316.01	7.561
3321.02	7.561
3326.03	7.560
3331.05	7.560
3336.06	7.560
3341.07	7.560
3346.08	7.559
3351.09	7.559
3356.10	7.559
3361.12	7.558
3366.13	7.558
3371.14	7.557
3376.15	7.557
3381.16	7.557
3386.17	7.557
3391.19	7.556
3396.20	7.556
3401.21	7.556
3406.22	7.556
3411.23	7.555
3416.25	7.555
3421.27	7.555
3426.28	7.555
3431.30	7.554
3436.31	7.554
3441.33	7.554
3446.34	7.553
3451.35	7.553
3456.37	7.553
3461.38	7.552
3466.40	7.552
3471.41	7.552
3476.43	7.552
3481.44	7.551
3486.45	7.551
3491.47	7.551
3496.48	7.550
3501.50	7.550
3506.51	7.550
3511.52	7.549
3516.54	7.549
3521.56	7.549
3526.57	7.549
3531.58	7.549
3536.60	7.548
3541.61	7.548
3546.63	7.548
3551.64	7.547
3556.66	7.547
3561.67	7.547
3566.69	7.547
3571.70	7.546
3576.71	7.546
3581.73	7.546
3586.74	7.545
3591.75	7.545
3596.77	7.545
3601.78	7.544
3606.80	7.544
3611.81	7.544
3616.83	7.543
3621.84	7.543
3626.85	7.543
3631.87	7.542
3636.88	7.542
3641.90	7.542
3646.91	7.542
3651.93	7.542
3656.94	7.541
3661.95	7.541
3666.97	7.541
3671.98	7.540
3676.99	7.540
3682.00	7.540
3687.02	7.539
3692.03	7.539
3697.05	7.539
3702.06	7.538
3707.07	7.538
3712.09	7.538
3717.10	7.538
3722.12	7.537
3727.13	7.537
3732.15	7.536
3737.16	7.536
3742.18	7.536
3747.19	7.536
3752.21	7.536
3757.22	7.535
3762.24	7.535
3767.25	7.535
3772.27	7.534
3777.28	7.534
3782.29	7.534
3787.31	7.533
3792.32	7.533
3797.34	7.533
3802.35	7.533
3807.37	7.533
3812.38	7.532
3817.39	7.532
3822.41	7.532
3827.42	7.531
3832.43	7.531
3837.45	7.531
3842.47	7.530
3847.48	7.530
3852.50	7.530
3857.51	7.529
3862.52	7.529
3867.54	7.529
3872.55	7.528
3877.57	7.528
3882.58	7.528
3887.60	7.528
3892.61	7.527
3897.63	7.527
3902.64	7.527
3907.65	7.527
3912.67	7.526
3917.68	7.526
3922.70	7.526
3927.71	7.525
3932.72	7.525
3937.73	7.525
3942.75	7.524
3947.76	7.524
3952.77	7.524
3957.79	7.523
3962.80	7.523
3967.82	7.523
3972.84	7.523
3977.85	7.522
3982.86	7.522
3987.88	7.522
3992.89	7.522
3997.91	7.521
4002.92	7.521
4007.94	7.520
4012.95	7.520
4017.97	7.520
4022.99	7.520
4028.00	7.519
4033.02	7.519
4038.03	7.519
4043.05	7.519
4048.06	7.518
4053.08	7.518
4058.09	7.518
4063.10	7.517
4068.12	7.517
4073.13	7.517
4078.15	7.517
4083.16	7.516
4088.18	7.516
4093.19	7.516
4098.21	7.516
4103.22	7.515
4108.24	7.515
4113.25	7.515
4118.26	7.514
4123.28	7.514
4128.29	7.514
4133.31	7.513
4138.33	7.513
4143.34	7.513
4148.36	7.513
4153.37	7.512
4158.39	7.512
4163.40	7.512
4168.42	7.511
4173.43	7.511
4178.44	7.511
4183.46	7.510
4188.47	7.510
4193.48	7.510
4198.50	7.510
4203.51	7.509
4208.53	7.509
4213.54	7.509
4218.56	7.509
4223.57	7.509
4228.58	7.508
4233.60	7.508
4238.61	7.507
4243.63	7.507
4248.64	7.507
4253.66	7.507
4258.67	7.506
4263.69	7.506
4268.70	7.506
4273.71	7.505
4278.73	7.505
4283.75	7.505
4288.76	7.504
4293.77	7.504
4298.79	7.504
4303.80	7.504
4308.82	7.504
4313.83	7.503
4318.85	7.503
4323.86	7.502
4328.87	7.502
4333.89	7.502
4338.90	7.502
4343.92	7.502
4348.93	7.501
4353.95	7.501
4358.96	7.501
4363.97	7.500
4368.99	7.500
4374.00	7.500
4379.02	7.500
4384.03	7.500
4389.05	7.499
4394.06	7.499
4399.08	7.499
4404.09	7.499
4409.11	7.498
4414.12	7.498
4419.13	7.498
4424.15	7.498
4429.16	7.497
4434.18	7.497
4439.19	7.497
4444.21	7.496
4449.22	7.496
4454.24	7.496
4459.25	7.495
4464.27	7.495
4469.28	7.495
4474.30	7.495
4479.31	7.495
4484.33	7.494
4489.34	7.494
4494.36	7.494
4499.37	7.494
4504.39	7.493
4509.40	7.493
4514.41	7.493
4519.42	7.492
4524.44	7.492
4529.45	7.492
4534.46	7.491
4539.48	7.491
4544.49	7.491
4549.50	7.491
4554.52	7.491
4559.54	7.491
4564.55	7.490
4569.56	7.490
4574.58	7.490
4579.59	7.489
4584.61	7.489
4589.62	7.489
4594.64	7.489
4599.65	7.488
4604.67	7.488
4609.68	7.488
4614.69	7.488
4619.71	7.488
4624.72	7.487
4629.74	7.487
4634.75	7.487
4639.77	7.487
4644.78	7.486
4649.80	7.486
4654.81	7.486
4659.82	7.485
4664.84	7.485
4669.85	7.485
4674.87	7.485
4679.88	7.485
4684.89	7.484
4689.90	7.484
4694.92	7.484
4699.93	7.483
4704.95	7.483
4709.96	7.483
4714.98	7.483
4719.99	7.483
4725.00	7.482
4730.02	7.482
4735.03	7.482
4740.05	7.482
4745.07	7.482
4750.08	7.481
4755.10	7.481
4760.11	7.481
4765.12	7.481
4770.14	7.480
4775.15	7.480
4780.17	7.480
4785.18	7.480
4790.20	7.479
4795.21	7.479
4800.23	7.479
4805.24	7.479
4810.26	7.478
4815.27	7.478
4820.28	7.478
4825.30	7.478
4830.31	7.477
4835.33	7.477
4840.34	7.477
4845.36	7.477
4850.37	7.477
4855.39	7.476
4860.40	7.476
4865.41	7.476
4870.43	7.476
4875.44	7.475
4880.46	7.475
4885.47	7.475
4890.49	7.475
4895.50	7.475
4900.52	7.474
4905.53	7.474
4910.55	7.474
4915.56	7.474
4920.57	7.474
4925.59	7.474
4930.61	7.473
4935.62	7.473
4940.64	7.473
4945.65	7.473
4950.67	7.472
4955.68	7.472
4960.70	7.472
4965.71	7.472
4970.72	7.472
4975.74	7.472
4980.75	7.471
4985.77	7.471
4990.78	7.471
4995.80	7.470
5000.81	7.470
5005.82	7.470
5010.84	7.470
5015.85	7.470
5020.87	7.470
5025.88	7.469
5030.90	7.469
5035.91	7.469
5040.92	7.469
5045.93	7.469
5050.95	7.468
5055.96	7.468
5060.97	7.468
5065.99	7.468
5071.01	7.468
5076.02	7.467
5081.03	7.467
5086.05	7.467
5091.06	7.467
5096.08	7.467
5101.09	7.466
5106.11	7.466
5111.12	7.466
5116.13	7.466
5121.15	7.466
5126.16	7.465
5131.18	7.465
5136.19	7.465
5141.20	7.465
5146.22	7.465
5151.23	7.465
5156.25	7.464
5161.26	7.464
5166.28	7.464
5171.29	7.464
5176.30	7.463
5181.32	7.463
5186.33	7.463
5191.35	7.463
5196.36	7.463
5201.37	7.463
5206.39	7.463
5211.40	7.463
5216.42	7.462
5221.43	7.462
5226.45	7.462
5231.46	7.462
5236.47	7.462
5241.49	7.461
5246.50	7.461
5251.52	7.461
5256.53	7.461
5261.55	7.461
5266.56	7.461
5271.58	7.460
5276.59	7.460
5281.61	7.460
5286.62	7.460
5291.64	7.459
5296.65	7.459
5301.66	7.459
5306.68	7.459
5311.69	7.459
5316.70	7.459
5321.71	7.458
5326.73	7.458
5331.74	7.458
5336.75	7.458
5341.76	7.458
5346.77	7.457
5351.78	7.457
5356.80	7.457
5361.81	7.457
5366.82	7.457
5371.83	7.457
5376.84	7.456
5381.86	7.456
5386.87	7.456
5391.89	7.456
5396.90	7.456
5401.92	7.456
5406.93	7.455
5411.95	7.455
5416.96	7.455
5421.98	7.455
5427.00	7.455
5432.01	7.455
5437.02	7.454
5442.04	7.454
5447.05	7.454
5452.06	7.454
5457.08	7.454
5462.10	7.454
5467.11	7.453
5472.12	7.453
5477.14	7.453
5482.15	7.453
5487.17	7.453
5492.18	7.453
5497.20	7.453
5502.21	7.453
5507.22	7.452
5512.24	7.452
5517.25	7.452
5522.26	7.452
5527.27	7.452
5532.28	7.451
5537.30	7.451
5542.31	7.451
5547.32	7.451
5552.34	7.451
5557.35	7.450
5562.36	7.450
5567.37	7.450
5572.38	7.450
5577.39	7.450
5582.41	7.450
5587.42	7.449
5592.43	7.449
5597.44	7.449
5602.45	7.449
5607.46	7.449
5612.48	7.449
5617.49	7.448
5622.51	7.448
5627.52	7.448
5632.54	7.448
5637.55	7.448
5642.57	7.448
5647.58	7.448
5652.60	7.447
5657.61	7.447
5662.63	7.447
5667.64	7.447
5672.66	7.447
5677.67	7.447
5682.69	7.446
5687.70	7.447
5692.71	7.446
5697.73	7.446
5702.74	7.446
5707.76	7.446
5712.77	7.445
5717.79	7.446
5722.80	7.445
5727.81	7.445
5732.83	7.445
5737.84	7.445
5742.86	7.445
5747.87	7.444
5752.88	7.445
5757.90	7.444
5762.92	7.444
5767.93	7.444
5772.95	7.444
5777.96	7.444
5782.97	7.444
5787.99	7.443
5793.00	7.443
5798.01	7.443
5803.03	7.443
5808.04	7.443
5813.06	7.443
5818.07	7.442
5823.09	7.442
5828.10	7.442
5833.12	7.442
5838.14	7.441
5843.15	7.441
5848.17	7.441
5853.18	7.441
5858.19	7.441
5863.20	7.441
5868.21	7.441
5873.22	7.441
5878.24	7.441
5883.25	7.441
5888.26	7.440
5893.27	7.440
5898.28	7.440
5903.29	7.440
5908.30	7.440
5913.32	7.440
5918.33	7.439
5923.34	7.439
5928.35	7.439
5933.36	7.439
5938.37	7.439
5943.38	7.438
5948.40	7.438
5953.41	7.438
5958.42	7.438
5963.43	7.438
5968.44	7.438
5973.45	7.437
5978.47	7.437
5983.48	7.437
5988.49	7.437
5993.50	7.437
5998.51	7.437
6003.52	7.437
6008.53	7.437
6013.55	7.437
6018.56	7.437
6023.57	7.436
6028.58	7.436
6033.59	7.436
6038.60	7.436
6043.62	7.435
6048.63	7.435
6053.64	7.435
6058.65	7.435
6063.66	7.435
6068.67	7.435
6073.68	7.435
6078.70	7.435
6083.71	7.434
6088.72	7.434
6093.73	7.434
6098.74	7.434
6103.75	7.434
6108.77	7.434
6113.78	7.434
6118.79	7.434
6123.80	7.433
6128.81	7.433
6133.82	7.433
6138.83	7.433
6143.85	7.433
6148.86	7.433
6153.87	7.433
6158.88	7.433
6163.89	7.433
6168.90	7.432
6173.92	7.432
6178.93	7.432
6183.94	7.432
6188.95	7.432
6193.96	7.432
6198.97	7.432
6203.99	7.431
6209.00	7.431
6214.01	7.431
6219.02	7.431
6224.03	7.431
6229.04	7.431
6234.05	7.431
6239.07	7.430
6244.08	7.430
6249.09	7.430
6254.10	7.430
6259.11	7.430
6264.12	7.430
6269.13	7.430
6274.15	7.429
6279.16	7.429
6284.17	7.429
6289.18	7.429
6294.19	7.429
6299.20	7.429
6304.22	7.429
6309.23	7.429
6314.24	7.429
6319.25	7.428
6324.26	7.428
6329.27	7.428
6334.28	7.428
6339.30	7.428
6344.31	7.428
6349.32	7.428
6354.33	7.428
6359.34	7.427
6364.35	7.427
6369.37	7.427
6374.38	7.427
6379.39	7.427
6384.40	7.427
6389.41	7.427
6394.42	7.426
6399.43	7.426
6404.45	7.426
6409.46	7.426
6414.47	7.426
6419.48	7.426
6424.50	7.425
6429.51	7.425
6434.53	7.425
6439.54	7.425
6444.55	7.425
6449.56	7.425
6454.58	7.425
6459.59	7.425
6464.61	7.424
6469.62	7.424
6474.64	7.424
6479.65	7.424
6484.67	7.423
6489.68	7.423
6494.70	7.423
6499.71	7.423
6504.72	7.423
6509.74	7.423
6514.75	7.423
6519.77	7.423
6524.78	7.423
6529.80	7.422
6534.81	7.423
6539.82	7.422
6544.84	7.422
6549.85	7.422
6554.87	7.422
6559.88	7.422
6564.89	7.422
6569.90	7.422
6574.91	7.422
6579.92	7.421
6584.94	7.421
6589.95	7.421
6594.96	7.421
6599.98	7.421
6604.99	7.421
6610.01	7.421
6615.02	7.421
6620.04	7.421
6625.05	7.420
6630.07	7.420
6635.08	7.420
6640.10	7.420
6645.11	7.420
6650.12	7.420
6655.14	7.420
6660.15	7.420
6665.17	7.419
6670.18	7.419
6675.20	7.419
6680.21	7.419
6685.23	7.419
6690.24	7.419
6695.25	7.418
6700.27	7.418
6705.28	7.418
6710.30	7.418
6715.31	7.418
6720.33	7.418
6725.34	7.418
6730.36	7.418
6735.38	7.418
6740.39	7.418
6745.40	7.417
6750.42	7.417
6755.43	7.417
6760.45	7.417
6765.46	7.417
6770.48	7.417
6775.49	7.417
6780.51	7.416
6785.52	7.416
6790.54	7.417
6795.55	7.416
6800.57	7.416
6805.59	7.416
6810.61	7.416
6815.62	7.415
6820.64	7.415
6825.65	7.415
6830.66	7.415
6835.68	7.415
6840.69	7.415
6845.70	7.414
6850.71	7.414
6855.72	7.414
6860.74	7.414
6865.75	7.414
6870.76	7.414
6875.77	7.414
6880.78	7.414
6885.80	7.413
6890.81	7.413
6895.83	7.413
6900.84	7.413
6905.86	7.413
6910.87	7.413
6915.88	7.413
6920.89	7.413
6925.90	7.413
6930.92	7.413
6935.93	7.413
6940.94	7.413
6945.96	7.412
6950.97	7.412
6955.98	7.412
6961.00	7.412
6966.01	7.412
6971.03	7.412
6976.04	7.411
6981.06	7.411
6986.07	7.411
6991.09	7.411
6996.10	7.411
7001.12	7.411
7006.13	7.411
7011.14	7.410
7016.16	7.410
7021.17	7.410
7026.19	7.410
7031.21	7.410
7036.22	7.410
7041.23	7.410
7046.25	7.410
7051.26	7.410
7056.28	7.410
7061.29	7.409
7066.30	7.409
7071.32	7.409
7076.33	7.409
7081.35	7.409
7086.36	7.409
7091.38	7.408
7096.39	7.409
7101.41	7.408
7106.42	7.408
7111.43	7.408
7116.45	7.408
7121.47	7.408
7126.48	7.407
7131.49	7.407
7136.51	7.407
7141.52	7.407
7146.54	7.407
7151.55	7.407
7156.57	7.407
7161.58	7.407
7166.60	7.407
7171.61	7.406
7176.63	7.406
7181.64	7.406
7186.65	7.406
7191.67	7.406
7196.68	7.406
7201.70	7.406
7206.72	7.406
7211.73	7.405
7216.75	7.405
7221.76	7.405
7226.77	7.405
7231.79	7.405
7236.80	7.405
7241.82	7.405
7246.83	7.405
7251.85	7.404
7256.86	7.404
7261.88	7.404
7266.90	7.404
7271.91	7.404
7276.93	7.403
7281.94	7.403
7286.96	7.403
7291.97	7.403
7296.99	7.403
7302.00	7.403
7307.01	7.403
7312.03	7.403
7317.04	7.403
7322.06	7.403
7327.07	7.402
7332.09	7.402
7337.10	7.402
7342.11	7.402
7347.13	7.402
7352.14	7.402
7357.16	7.402
7362.17	7.401
7367.19	7.401
7372.20	7.401
7377.21	7.401
7382.23	7.401
7387.24	7.401
7392.26	7.400
7397.27	7.400
7402.29	7.400
7407.30	7.400
7412.32	7.400
7417.33	7.400
7422.35	7.400
7427.36	7.400
7432.38	7.400
7437.39	7.400
7442.41	7.399
7447.42	7.399
7452.44	7.399
7457.45	7.399
7462.47	7.399
7467.48	7.398
7472.49	7.399
7477.51	7.398
7482.52	7.398
7487.54	7.398
7492.55	7.398
7497.57	7.398
7502.58	7.398
7507.60	7.398
7512.61	7.397
7517.62	7.397
7522.64	7.397
7527.65	7.397
7532.67	7.396
7537.68	7.397
7542.69	7.396
7547.71	7.396
7552.72	7.396
7557.74	7.396
7562.75	7.396
7567.77	7.396
7572.78	7.396
7577.80	7.396
7582.81	7.395
7587.83	7.395
7592.84	7.395
7597.85	7.395
7602.87	7.395
7607.88	7.395
7612.90	7.395
7617.91	7.394
7622.93	7.394
7627.95	7.394
7632.96	7.394
7637.98	7.394
7642.99	7.394
7648.00	7.394
7653.02	7.394
7658.03	7.393
7663.04	7.393
7668.05	7.393
7673.06	7.393
7678.07	7.393
7683.09	7.393
7688.10	7.393
7693.12	7.392
7698.13	7.392
7703.15	7.392
7708.16	7.392
7713.18	7.391
7718.19	7.391
7723.20	7.391
7728.22	7.391
7733.23	7.391
7738.24	7.391
7743.25	7.391
7748.27	7.391
7753.28	7.391
7758.29	7.391
7763.30	7.390
7768.31	7.390
7773.32	7.390
7778.34	7.390
7783.35	7.390
7788.36	7.390
7793.37	7.390
7798.39	7.389
7803.41	7.389
7808.42	7.389
7813.44	7.389
7818.45	7.389
7823.46	7.389
7828.48	7.389
7833.49	7.389
7838.51	7.389
7843.52	7.388
7848.54	7.388
7853.55	7.388
7858.57	7.388
7863.58	7.387
7868.60	7.387
7873.61	7.387
7878.62	7.387
7883.64	7.387
7888.66	7.387
7893.67	7.387
7898.68	7.386
7903.70	7.386
7908.72	7.386
7913.73	7.386
7918.74	7.386
7923.76	7.385
7928.78	7.385
7933.79	7.385
7938.80	7.385
7943.82	7.384
7948.83	7.384
7953.85	7.384
7958.86	7.385
7963.87	7.384
7968.89	7.384
7973.90	7.384
7978.92	7.384
7983.93	7.383
7988.95	7.383
7993.96	7.383
7998.97	7.383
8003.99	7.383
8009.00	7.383
8014.02	7.383
8019.03	7.382
8024.05	7.382
8029.06	7.382
8034.07	7.382
8039.09	7.382
8044.11	7.382
8049.12	7.382
8054.13	7.381
8059.15	7.381
8064.16	7.381
8069.18	7.381
8074.19	7.381
8079.20	7.380
8084.22	7.380
8089.24	7.380
8094.25	7.380
8099.27	7.380
8104.29	7.380
8109.30	7.379
8114.31	7.379
8119.33	7.379
8124.34	7.379
8129.35	7.379
8134.37	7.379
8139.38	7.378
8144.40	7.378
8149.41	7.378
8154.43	7.378
8159.44	7.378
8164.45	7.378
8169.47	7.377
8174.48	7.377
8179.50	7.377
8184.51	7.377
8189.53	7.377
8194.54	7.376
8199.56	7.376
8204.57	7.376
8209.58	7.376
8214.60	7.376
8219.61	7.375
8224.63	7.375
8229.65	7.375
8234.66	7.375
8239.68	7.375
8244.69	7.374
8249.70	7.374
8254.72	7.374
8259.73	7.374
8264.74	7.374
8269.76	7.374
8274.78	7.373
8279.79	7.373
8284.81	7.373
8289.83	7.373
8294.84	7.373
8299.85	7.372
8304.87	7.372
8309.89	7.372
8314.90	7.372
8319.91	7.372
8324.93	7.372
8329.94	7.371
8334.96	7.371
8339.97	7.371
8344.99	7.371
8350.00	7.370
8355.01	7.370
8360.03	7.370
8365.04	7.370
8370.06	7.370
8375.07	7.370
8380.09	7.369
8385.10	7.369
8390.11	7.369
8395.13	7.369
8400.14	7.369
8405.16	7.368
8410.17	7.368
8415.19	7.368
8420.21	7.367
8425.22	7.367
8430.24	7.367
8435.25	7.367
8440.26	7.367
8445.28	7.367
8450.29	7.366
8455.30	7.366
8460.32	7.366
8465.34	7.366
8470.35	7.366
8475.36	7.365
8480.38	7.365
8485.39	7.365
8490.41	7.364
8495.42	7.364
8500.44	7.364
8505.45	7.364
8510.46	7.364
8515.48	7.363
8520.50	7.363
8525.52	7.363
8530.53	7.363
8535.55	7.362
8540.56	7.362
8545.57	7.362
8550.59	7.362
8555.60	7.362
8560.62	7.361
8565.63	7.361
8570.65	7.361
8575.66	7.361
8580.68	7.360
8585.69	7.360
8590.71	7.360
8595.72	7.360
8600.74	7.359
8605.75	7.359
8610.77	7.359
8615.78	7.359
8620.79	7.358
8625.81	7.358
8630.82	7.358
8635.83	7.358
8640.85	7.357
8645.86	7.357
8650.88	7.357
8655.89	7.356
8660.90	7.356
8665.92	7.356
8670.93	7.356
8675.95	7.356
8680.96	7.355
8685.98	7.355
8690.99	7.355
8696.01	7.354
8701.02	7.354
8706.04	7.354
8711.05	7.354
8716.07	7.353
8721.08	7.353
8726.10	7.353
8731.11	7.352
8736.12	7.352
8741.13	7.352
8746.15	7.352
8751.16	7.351
8756.17	7.351
8761.18	7.351
8766.19	7.351
8771.20	7.350
8776.21	7.350
8781.23	7.350
8786.24	7.349
8791.25	7.349
8796.26	7.349
8801.27	7.348
8806.28	7.348
8811.29	7.348
8816.31	7.348
8821.32	7.347
8826.33	7.347
8831.34	7.347
8836.36	7.347
8841.37	7.346
8846.38	7.346
8851.40	7.346
8856.41	7.345
8861.43	7.345
8866.44	7.345
8871.46	7.344
8876.47	7.344
8881.49	7.344
8886.50	7.343
8891.51	7.343
8896.53	7.343
8901.54	7.342
8906.56	7.342
8911.57	7.342
8916.59	7.342
8921.60	7.341
8926.61	7.341
8931.62	7.340
8936.63	7.340
8941.64	7.340
8946.66	7.339
8951.67	7.339
8956.68	7.339
8961.70	7.339
8966.71	7.338
8971.73	7.338
8976.74	7.338
8981.75	7.337
8986.77	7.337
8991.78	7.336
8996.79	7.336
9001.81	7.336
9006.83	7.335
9011.84	7.335
9016.85	7.335
9021.87	7.334
9026.88	7.334
9031.90	7.334
9036.91	7.333
9041.92	7.333
9046.94	7.332
9051.95	7.332
9056.96	7.332
9061.98	7.331
9066.99	7.331
9072.01	7.331
9077.02	7.330
9082.04	7.330
9087.06	7.329
9092.07	7.329
9097.09	7.329
9102.10	7.328
9107.12	7.328
9112.13	7.327
9117.14	7.327
9122.16	7.327
9127.17	7.326
9132.19	7.326
9137.20	7.326
9142.21	7.325
9147.23	7.325
9152.24	7.324
9157.26	7.324
9162.27	7.324
9167.29	7.323
9172.30	7.323
9177.32	7.322
9182.33	7.322
9187.35	7.322
9192.36	7.321
9197.38	7.321
9202.39	7.320
9207.41	7.320
9212.42	7.320
9217.43	7.319
9222.45	7.319
9227.46	7.318
9232.48	7.317
9237.49	7.317
9242.51	7.317
9247.53	7.317
9252.54	7.316
9257.56	7.315
9262.57	7.315
9267.59	7.315
9272.60	7.314
9277.61	7.313
9282.63	7.313
9287.64	7.313
9292.66	7.312
9297.67	7.312
9302.69	7.311
9307.70	7.310
9312.72	7.310
9317.73	7.310
9322.75	7.309
9327.76	7.309
9332.78	7.308
9337.80	7.308
9342.81	7.307
9347.82	7.307
9352.84	7.306
9357.85	7.306
9362.87	7.305
9367.88	7.305
9372.90	7.305
9377.92	7.304
9382.94	7.303
9387.95	7.303
9392.97	7.302
9397.98	7.302
9403.00	7.302
9408.01	7.301
9413.03	7.301
9418.04	7.300
9423.05	7.300
9428.07	7.299
9433.08	7.298
9438.10	7.298
9443.11	7.297
9448.13	7.297
9453.14	7.296
9458.16	7.296
9463.17	7.295
9468.19	7.295
9473.20	7.294
9478.22	7.294
9483.23	7.293
9488.25	7.292
9493.26	7.292
9498.28	7.291
9503.29	7.291
9508.30	7.290
9513.32	7.289
9518.33	7.289
9523.35	7.288
9528.36	7.288
9533.38	7.287
9538.39	7.287
9543.40	7.286
9548.41	7.286
9553.42	7.285
9558.44	7.284
9563.45	7.284
9568.46	7.283
9573.47	7.282
9578.49	7.282
9583.50	7.282
9588.51	7.281
9593.53	7.280
9598.54	7.280
9603.56	7.279
9608.57	7.279
9613.59	7.278
9618.60	7.277
9623.62	7.277
9628.63	7.276
9633.64	7.276
9638.66	7.275
9643.67	7.274
9648.69	7.274
9653.70	7.273
9658.71	7.272
9663.73	7.272
9668.75	7.272
9673.76	7.270
9678.78	7.270
9683.79	7.269
9688.80	7.268
9693.82	7.268
9698.84	7.267
9703.85	7.266
9708.86	7.266
9713.88	7.265
9718.89	7.265
9723.91	7.264
9728.92	7.263
9733.94	7.262
9738.95	7.262
9743.96	7.261
9748.98	7.260
9753.99	7.260
9759.01	7.259
9764.02	7.258
9769.04	7.258
9774.05	7.257
9779.06	7.257
9784.08	7.256
9789.09	7.255
9794.11	7.254
9799.13	7.253
9804.14	7.253
9809.16	7.253
9814.17	7.252
9819.18	7.251
9824.20	7.250
9829.21	7.250
9834.23	7.249
9839.24	7.248
9844.26	7.248
9849.27	7.247
9854.28	7.246
9859.30	7.245
9864.31	7.244
9869.32	7.244
9874.34	7.243
9879.36	7.243
9884.37	7.242
9889.39	7.241
9894.40	7.240
9899.41	7.240
9904.43	7.239
9909.44	7.238
9914.46	7.237
9919.48	7.237
9924.49	7.236
9929.50	7.235
9934.52	7.234
9939.53	7.234
9944.55	7.233
9949.56	7.232
9954.57	7.231
9959.59	7.231
9964.61	7.230
9969.62	7.229
9974.64	7.228
9979.65	7.228
9984.66	7.227
9989.68	7.226
9994.69	7.225
9999.71	7.225
10004.72	7.224
10009.74	7.223
10014.75	7.222
10019.77	7.222
10024.78	7.221
10029.80	7.220
10034.81	7.219
10039.83	7.219
10044.84	7.218
10049.85	7.217
10054.87	7.216
10059.88	7.216
10064.90	7.215
10069.91	7.214
10074.93	7.213
10079.94	7.212
10084.96	7.212
10089.97	7.211
10094.98	7.210
10100.00	7.209
10105.01	7.209
10110.03	7.208
10115.04	7.207
10120.05	7.206
10125.07	7.205
10130.08	7.204
10135.10	7.204
10140.11	7.203
10145.13	7.202
10150.14	7.201
10155.16	7.201
10160.17	7.200
10165.18	7.199
10170.20	7.198
10175.21	7.197
10180.23	7.197
10185.24	7.196
10190.25	7.195
10195.27	7.194
10200.28	7.193
10205.29	7.192
10210.31	7.192
10215.33	7.191
10220.34	7.190
10225.36	7.189
10230.37	7.188
10235.39	7.187
10240.40	7.187
10245.42	7.186
10250.43	7.185
10255.45	7.184
10260.46	7.184
10265.48	7.183
10270.49	7.182
10275.51	7.181
10280.52	7.181
10285.53	7.180
10290.55	7.179
10295.56	7.178
10300.57	7.177
10305.59	7.176
10310.60	7.175
10315.62	7.174
10320.63	7.173
10325.64	7.173
10330.66	7.172
10335.67	7.171
10340.68	7.170
10345.69	7.169
10350.70	7.168
10355.71	7.168
10360.73	7.167
10365.74	7.166
10370.76	7.165
10375.77	7.164
10380.78	7.163
10385.80	7.162
10390.82	7.162
10395.83	7.161
10400.84	7.160
10405.86	7.159
10410.87	7.158
10415.89	7.158
10420.90	7.157
10425.92	7.156
10430.93	7.155
10435.95	7.154
10440.96	7.153
10445.97	7.152
10450.99	7.152
10456.00	7.151
10461.02	7.150
10466.03	7.149
10471.05	7.148
10476.06	7.147
10481.08	7.146
10486.09	7.145
10491.10	7.144
10496.12	7.143
10501.13	7.142
10506.14	7.142
10511.15	7.141
10516.16	7.140
10521.18	7.139
10526.19	7.138
10531.21	7.137
10536.22	7.136
10541.23	7.136
10546.24	7.135
10551.26	7.134
10556.27	7.133
10561.28	7.132
10566.29	7.131
10571.30	7.130
10576.31	7.129
10581.33	7.128
10586.34	7.128
10591.35	7.127
10596.36	7.126
10601.38	7.125
10606.39	7.124
10611.40	7.123
10616.42	7.122
10621.44	7.121
10626.45	7.120
10631.47	7.119
10636.48	7.118
10641.49	7.117
10646.51	7.117
10651.52	7.116
10656.53	7.115
10661.54	7.114
10666.55	7.113
10671.57	7.112
10676.58	7.112
10681.59	7.110
10686.60	7.109
10691.61	7.108
10696.62	7.107
10701.64	7.107
10706.65	7.106
10711.66	7.105
10716.67	7.104
10721.68	7.103
10726.69	7.102
10731.71	7.101
10736.72	7.100
10741.73	7.099
10746.74	7.098
10751.75	7.097
10756.76	7.096
10761.77	7.095
10766.79	7.094
10771.80	7.093
10776.81	7.092
10781.82	7.092
10786.83	7.091
10791.84	7.090
10796.86	7.089
10801.87	7.088
10806.88	7.087
10811.89	7.086
10816.90	7.085
10821.91	7.084
10826.92	7.083
10831.93	7.082
10836.95	7.081
10841.96	7.080
10846.97	7.079
10851.98	7.078
10856.99	7.077
10862.00	7.076
10867.01	7.076
10872.03	7.075
10877.05	7.074
10882.06	7.073
10887.08	7.072
10892.09	7.071
10897.10	7.070
10902.12	7.069
10907.13	7.068
10912.14	7.067
10917.16	7.066
10922.17	7.065
10927.18	7.064
10932.19	7.063
10937.20	7.062
10942.21	7.061
10947.23	7.060
10952.24	7.059
10957.25	7.058
10962.26	7.057
10967.27	7.056
10972.28	7.055
10977.30	7.054
10982.31	7.053
10987.32	7.052
10992.33	7.051
10997.34	7.050
11002.35	7.049
11007.36	7.048
11012.38	7.047
11017.39	7.046
11022.40	7.045
11027.41	7.044
11032.42	7.043
11037.43	7.042
11042.45	7.041
11047.46	7.040
11052.47	7.039
11057.48	7.038
11062.49	7.037
11067.50	7.036
11072.52	7.035
11077.53	7.034
11082.54	7.033
11087.55	7.032
11092.56	7.031
11097.57	7.030
11102.58	7.029
11107.60	7.028
11112.61	7.026
11117.62	7.025
11122.63	7.025
11127.64	7.024
11132.65	7.023
11137.67	7.022
11142.68	7.021
11147.69	7.019
11152.70	7.018
11157.71	7.018
11162.72	7.016
11167.74	7.015
11172.75	7.014
11177.76	7.013
11182.77	7.012
11187.78	7.011
11192.79	7.010
11197.80	7.009
11202.82	7.008
11207.83	7.007
11212.84	7.006
11217.85	7.005
11222.86	7.004
11227.87	7.003
11232.89	7.002
11237.90	7.001
11242.91	7.000
11247.92	6.999
11252.93	6.997
11257.95	6.996
11262.96	6.995
11267.98	6.994
11272.99	6.993
11278.01	6.993
11283.02	6.991
11288.03	6.990
11293.05	6.989
11298.06	6.988
11303.08	6.987
11308.09	6.986
11313.10	6.985
11318.12	6.983
11323.13	6.982
11328.14	6.981
11333.15	6.980
11338.16	6.979
11343.17	6.978
11348.19	6.977
11353.20	6.976
11358.21	6.975
11363.22	6.974
11368.24	6.973
11373.25	6.972
11378.27	6.971
11383.28	6.970
11388.29	6.968
11393.31	6.967
11398.32	6.966
11403.34	6.965
11408.35	6.964
11413.37	6.963
11418.38	6.962
11423.40	6.960
11428.41	6.959
11433.43	6.958
11438.44	6.957
11443.45	6.956
11448.47	6.955
11453.48	6.954
11458.50	6.953
11463.51	6.951
11468.53	6.950
11473.54	6.949
11478.55	6.948
11483.57	6.947
11488.58	6.946
11493.60	6.945
11498.61	6.943
11503.63	6.942
11508.64	6.941
11513.65	6.940
11518.67	6.939
11523.68	6.938
11528.70	6.937
11533.72	6.935
11538.73	6.934
11543.74	6.933
11548.76	6.932
11553.77	6.931
11558.79	6.930
11563.80	6.928
11568.82	6.927
11573.83	6.926
11578.85	6.925
11583.86	6.924
11588.88	6.923
11593.89	6.922
11598.90	6.921
11603.92	6.919
11608.93	6.918
11613.95	6.917
11618.96	6.916
11623.98	6.915
11628.99	6.914
11634.00	6.912
11639.02	6.911
11644.03	6.910
11649.05	6.908
11654.06	6.907
11659.08	6.906
11664.09	6.905
11669.11	6.904
11674.12	6.903
11679.13	6.902
11684.15	6.900
11689.16	6.899
11694.17	6.898
11699.19	6.897
11704.20	6.896
11709.22	6.894
11714.23	6.893
11719.25	6.892
11724.26	6.891
11729.28	6.889
11734.29	6.888
11739.31	6.887
11744.32	6.886
11749.33	6.885
11754.35	6.883
11759.36	6.882
11764.38	6.881
11769.39	6.880
11774.41	6.879
11779.42	6.877
11784.44	6.876
11789.45	6.875
11794.46	6.874
11799.48	6.872
11804.49	6.871
11809.51	6.870
11814.52	6.869
11819.53	6.867
11824.55	6.866
11829.57	6.865
11834.58	6.864
11839.59	6.863
11844.61	6.861
11849.62	6.860
11854.64	6.859
11859.65	6.857
11864.67	6.856
11869.68	6.855
11874.70	6.853
11879.71	6.852
11884.72	6.851
11889.74	6.850
11894.75	6.848
11899.77	6.847
11904.78	6.846
11909.80	6.845
11914.81	6.843
11919.83	6.842
11924.84	6.841
11929.85	6.840
11934.87	6.838
11939.88	6.837
11944.89	6.836
11949.91	6.835
11954.93	6.833
11959.94	6.832
11964.95	6.831
11969.97	6.829
11974.98	6.828
11980.00	6.827
11985.01	6.826
11990.03	6.824
11995.04	6.823
12000.05	6.822
12005.07	6.820
12010.08	6.819
12015.10	6.818
12020.11	6.816
12025.13	6.815
12030.14	6.814
12035.15	6.812
12040.17	6.811
12045.18	6.810
12050.20	6.808
12055.21	6.807
12060.22	6.806
12065.24	6.804
12070.25	6.803
12075.27	6.802
12080.29	6.800
12085.30	6.799
12090.32	6.797
12095.33	6.796
12100.34	6.795
12105.36	6.793
12110.37	6.792
12115.39	6.791
12120.40	6.790
12125.42	6.788
12130.44	6.787
12135.45	6.785
12140.46	6.784
12145.48	6.782
12150.49	6.781
12155.51	6.780
12160.53	6.778
12165.54	6.777
12170.55	6.776
12175.57	6.774
12180.58	6.773
12185.59	6.771
12190.61	6.770
12195.62	6.769
12200.64	6.767
12205.65	6.766
12210.67	6.765
12215.68	6.763
12220.69	6.762
12225.71	6.760
12230.72	6.759
12235.73	6.758
12240.75	6.756
12245.76	6.755
12250.77	6.753
12255.78	6.752
12260.79	6.751
12265.80	6.749
12270.81	6.747
12275.83	6.746
12280.84	6.745
12285.85	6.743
12290.87	6.742
12295.88	6.740
12300.89	6.739
12305.91	6.738
12310.92	6.736
12315.93	6.735
12320.95	6.733
12325.97	6.732
12330.98	6.730
12335.99	6.729
12341.01	6.728
12346.02	6.726
12351.04	6.725
12356.05	6.723
12361.06	6.722
12366.08	6.720
12371.10	6.719
12376.11	6.717
12381.13	6.716
12386.14	6.714
12391.16	6.713
12396.17	6.712
12401.18	6.710
12406.20	6.709
12411.21	6.707
12416.24	6.705
12421.25	6.704
12426.26	6.703
12431.28	6.701
12436.29	6.700
12441.31	6.698
12446.32	6.697
12451.33	6.695
12456.34	6.694
12461.35	6.692
12466.36	6.691
12471.37	6.689
12476.39	6.687
12481.40	6.686
12486.41	6.684
12491.42	6.683
12496.43	6.681
12501.44	6.680
12506.46	6.678
12511.47	6.677
12516.48	6.675
12521.50	6.674
12526.51	6.672
12531.53	6.671
12536.54	6.669
12541.55	6.668
12546.57	6.666
12551.58	6.664
12556.59	6.663
12561.60	6.661
12566.62	6.660
12571.63	6.658
12576.64	6.657
12581.65	6.655
12586.66	6.654
12591.67	6.652
12596.69	6.650
12601.70	6.649
12606.71	6.647
12611.72	6.646
12616.74	6.644
12621.75	6.643
12626.77	6.641
12631.78	6.639
12636.79	6.638
12641.81	6.636
12646.82	6.635
12651.83	6.633
12656.85	6.631
12661.87	6.630
12666.88	6.628
12671.90	6.627
12676.91	6.625
12681.92	6.624
12686.94	6.622
12691.95	6.620
12696.97	6.619
12701.99	6.617
12707.00	6.616
12712.01	6.614
12717.03	6.612
12722.04	6.611
12727.05	6.609
12732.06	6.607
12737.07	6.605
12742.09	6.604
12747.10	6.602
12752.11	6.601
12757.13	6.599
12762.14	6.598
12767.15	6.596
12772.16	6.594
12777.17	6.592
12782.19	6.591
12787.20	6.589
12792.22	6.587
12797.23	6.586
12802.24	6.584
12807.26	6.582
12812.27	6.581
12817.29	6.579
12822.30	6.577
12827.32	6.576
12832.33	6.574
12837.35	6.572
12842.36	6.571
12847.37	6.569
12852.39	6.567
12857.40	6.566
12862.42	6.564
12867.44	6.562
12872.45	6.560
12877.46	6.559
12882.48	6.557
12887.49	6.555
12892.51	6.554
12897.52	6.552
12902.53	6.550
12907.54	6.549
12912.56	6.547
12917.57	6.545
12922.58	6.543
12927.59	6.542
12932.60	6.540
12937.61	6.538
12942.63	6.536
12947.64	6.535
12952.65	6.533
12957.66	6.531
12962.67	6.529
12967.68	6.528
12972.69	6.526
12977.71	6.524
12982.72	6.523
12987.73	6.521
12992.74	6.519
12997.75	6.517
13002.76	6.515
13007.78	6.513
13012.79	6.512
13017.80	6.510
13022.81	6.508
13027.82	6.506
13032.83	6.505
13037.84	6.503
13042.86	6.501
13047.87	6.500
13052.88	6.498
13057.89	6.496
13062.90	6.494
13067.91	6.492
13072.93	6.490
13077.94	6.489
13082.95	6.487
13087.96	6.485
13092.97	6.483
13097.98	6.482
13103.00	6.480
13108.01	6.478
13113.02	6.476
13118.03	6.474
13123.04	6.472
13128.06	6.470
13133.07	6.468
13138.08	6.467
13143.09	6.464
13148.11	6.463
13153.12	6.461
13158.13	6.459
13163.15	6.457
13168.17	6.455
13173.18	6.453
13178.20	6.452
13183.21	6.450
13188.23	6.448
13193.24	6.446
13198.25	6.444
13203.26	6.442
13208.27	6.440
13213.29	6.438
13218.30	6.437
13223.31	6.435
13228.32	6.433
13233.33	6.431
13238.34	6.429
13243.35	6.427
13248.37	6.425
13253.38	6.423
13258.39	6.421
13263.40	6.419
13268.41	6.417
13273.42	6.415
13278.44	6.413
13283.45	6.411
13288.46	6.409
13293.47	6.407
13298.48	6.405
13303.49	6.403
13308.50	6.401
13313.52	6.399
13318.53	6.397
13323.54	6.395
13328.55	6.393
13333.56	6.391
13338.57	6.389
13343.59	6.387
13348.60	6.385
13353.61	6.383
13358.62	6.381
13363.63	6.379
13368.64	6.377
13373.65	6.375
13378.67	6.372
13383.68	6.370
13388.69	6.368
13393.70	6.366
13398.71	6.364
13403.72	6.362
13408.74	6.360
13413.75	6.358
13418.76	6.355
13423.77	6.353
13428.78	6.351
13433.79	6.349
13438.81	6.347
13443.82	6.345
13448.83	6.342
13453.84	6.340
13458.85	6.338
13463.86	6.336
13468.88	6.334
13473.89	6.332
13478.90	6.329
13483.91	6.327
13488.92	6.325
13493.93	6.323
13498.95	6.321
13503.96	6.318
13508.97	6.316
13513.98	6.314
13518.99	6.312
13524.00	6.309
13529.01	6.307
13534.03	6.305
13539.04	6.303
13544.05	6.300
13549.06	6.298
13554.07	6.296
13559.08	6.294
13564.10	6.291
13569.11	6.289
13574.12	6.287
13579.13	6.284
13584.14	6.282
13589.15	6.280
13594.16	6.277
13599.17	6.275
13604.18	6.273
13609.20	6.270
13614.21	6.268
13619.22	6.266
13624.23	6.263
13629.24	6.261
13634.25	6.259
13639.27	6.256
13644.28	6.254
13649.29	6.252
13654.30	6.249
13659.31	6.247
13664.32	6.245
13669.34	6.242
13674.35	6.240
13679.36	6.238
13684.37	6.236
13689.38	6.233
13694.39	6.231
13699.41	6.228
13704.42	6.226
13709.43	6.223
13714.44	6.221
13719.45	6.219
13724.46	6.217
13729.47	6.214
13734.49	6.212
13739.50	6.209
13744.51	6.207
13749.52	6.205
13754.53	6.203
13759.54	6.200
13764.56	6.198
13769.57	6.195
13774.58	6.193
13779.59	6.191
13784.60	6.188
13789.61	6.186
13794.63	6.184
13799.64	6.181
13804.65	6.179
13809.66	6.177
13814.67	6.174
13819.68	6.172
13824.70	6.170
13829.71	6.167
13834.72	6.165
13839.73	6.162
13844.74	6.160
13849.75	6.158
13854.76	6.155
13859.78	6.153
13864.79	6.151
13869.81	6.148
13874.82	6.146
13879.84	6.144
13884.85	6.142
13889.87	6.139
13894.88	6.137
13899.89	6.134
13904.90	6.132
13909.91	6.130
13914.92	6.127
13919.94	6.125
13924.95	6.123
13929.96	6.120
13934.98	6.118
13939.99	6.116
13945.01	6.113
13950.02	6.111
13955.03	6.109
13960.04	6.107
13965.06	6.104
13970.08	6.102
13975.09	6.099
13980.10	6.097
13985.12	6.095
13990.14	6.093
13995.15	6.090
14000.16	6.088
14005.17	6.086
14010.18	6.084
14015.19	6.081
14020.21	6.079
14025.22	6.077
14030.23	6.074
14035.24	6.072
14040.25	6.070
14045.27	6.068
14050.29	6.065
14055.30	6.063
14060.31	6.060
14065.33	6.058
14070.34	6.056
14075.35	6.054
14080.36	6.051
14085.37	6.049
14090.39	6.047
14095.40	6.045
14100.41	6.043
14105.43	6.040
14110.44	6.038
14115.45	6.036
14120.47	6.034
14125.48	6.031
14130.49	6.029
14135.51	6.027
14140.52	6.024
14145.53	6.022
14150.54	6.020
14155.56	6.018
14160.57	6.016
14165.59	6.013
14170.61	6.011
14175.62	6.009
14180.63	6.007
14185.64	6.005
14190.66	6.002
14195.67	6.000
14200.68	5.998
14205.69	5.996
14210.70	5.994
14215.71	5.992
14220.73	5.990
14225.74	5.987
14230.75	5.985
14235.76	5.983
14240.77	5.981
14245.78	5.978
14250.80	5.976
14255.81	5.974
14260.82	5.972
