2.51	7.891
7.52	7.891
12.53	7.891
17.54	7.890
22.55	7.890
27.56	7.890
32.57	7.890
37.59	7.890
42.60	7.890
47.61	7.890
52.62	7.891
57.63	7.890
62.64	7.680
67.66	7.685
72.67	7.688
77.68	7.691
82.69	7.692
87.70	7.692
92.71	7.693
97.73	7.693
102.74	7.693
107.75	7.693
112.76	7.693
117.77	7.692
122.78	7.692
127.79	7.692
132.81	7.691
137.82	7.691
142.83	7.691
147.84	7.690
152.85	7.689
157.86	7.689
162.88	7.689
167.89	7.688
172.90	7.688
177.91	7.687
182.92	7.687
187.93	7.687
192.94	7.687
197.96	7.686
202.97	7.686
207.98	7.685
212.99	7.685
218.00	7.685
223.01	7.684
228.03	7.684
233.04	7.684
238.05	7.684
243.06	7.684
248.07	7.683
253.08	7.683
258.10	7.683
263.11	7.683
268.12	7.682
273.13	7.682
278.14	7.682
283.15	7.681
288.16	7.681
293.18	7.680
298.19	7.680
303.20	7.680
308.21	7.680
313.22	7.679
318.23	7.679
323.25	7.679
328.26	7.678
333.27	7.678
338.28	7.678
343.29	7.678
348.30	7.678
353.31	7.677
358.33	7.677
363.34	7.677
368.35	7.676
373.36	7.676
378.37	7.676
383.38	7.675
388.40	7.675
393.41	7.675
398.43	7.675
403.44	7.674
408.45	7.674
413.46	7.674
418.48	7.674
423.49	7.674
428.50	7.673
433.51	7.673
438.52	7.673
443.53	7.673
448.54	7.672
453.56	7.672
458.57	7.672
463.58	7.672
468.59	7.671
473.60	7.671
478.61	7.671
483.63	7.670
488.64	7.670
493.65	7.670
498.66	7.670
503.67	7.669
508.68	7.669
513.70	7.669
518.71	7.669
523.72	7.668
528.73	7.668
533.74	7.668
538.75	7.668
543.76	7.668
548.78	7.668
553.79	7.667
558.80	7.667
563.81	7.667
568.82	7.667
573.83	7.666
578.85	7.666
583.86	7.666
588.87	7.666
593.88	7.665
598.89	7.665
603.91	7.665
608.92	7.665
613.94	7.665
618.95	7.664
623.97	7.664
628.98	7.664
633.99	7.664
639.01	7.663
644.02	7.663
649.04	7.663
654.05	7.663
659.06	7.663
664.07	7.662
669.08	7.662
674.09	7.662
679.10	7.662
684.12	7.662
689.13	7.661
694.14	7.661
699.15	7.661
704.16	7.661
709.17	7.661
714.19	7.660
719.20	7.660
724.21	7.660
729.22	7.659
734.23	7.659
739.24	7.659
744.26	7.659
749.27	7.659
754.28	7.659
759.29	7.658
764.30	7.658
769.31	7.658
774.32	7.657
779.34	7.657
784.35	7.657
789.36	7.657
794.37	7.657
799.38	7.656
804.39	7.656
809.40	7.656
814.42	7.655
819.43	7.655
824.44	7.655
829.45	7.655
834.47	7.654
839.48	7.654
844.49	7.654
849.51	7.654
854.52	7.654
859.54	7.653
864.55	7.653
869.56	7.653
874.57	7.653
879.58	7.652
884.59	7.652
889.60	7.652
894.62	7.652
899.63	7.652
904.64	7.651
909.65	7.651
914.66	7.651
919.67	7.651
924.69	7.650
929.70	7.650
934.71	7.650
939.72	7.650
944.73	7.650
949.74	7.649
954.76	7.649
959.77	7.649
964.78	7.649
969.79	7.648
974.80	7.648
979.81	7.648
984.83	7.648
989.84	7.648
994.85	7.647
999.86	7.647
1004.87	7.647
1009.88	7.647
1014.89	7.647
1019.91	7.646
1024.92	7.646
1029.93	7.646
1034.94	7.646
1039.95	7.645
1044.96	7.645
1049.98	7.645
1054.99	7.645
1060.00	7.644
1065.01	7.644
1070.02	7.644
1075.03	7.644
1080.05	7.644
1085.06	7.643
1090.07	7.643
1095.08	7.643
1100.09	7.643
1105.10	7.642
1110.11	7.642
1115.13	7.642
1120.14	7.642
1125.15	7.642
1130.16	7.641
1135.17	7.641
1140.18	7.641
1145.19	7.641
1150.21	7.641
1155.22	7.640
1160.23	7.640
1165.24	7.640
1170.25	7.640
1175.26	7.639
1180.28	7.639
1185.29	7.639
1190.30	7.639
1195.31	7.639
1200.32	7.638
1205.33	7.638
1210.35	7.638
1215.36	7.638
1220.37	7.638
1225.38	7.638
1230.39	7.637
1235.40	7.637
1240.41	7.637
1245.43	7.636
1250.44	7.636
1255.45	7.636
1260.46	7.636
1265.47	7.636
1270.48	7.635
1275.50	7.635
1280.51	7.635
1285.52	7.635
1290.53	7.634
1295.54	7.634
1300.55	7.634
1305.57	7.634
1310.58	7.634
1315.59	7.633
1320.60	7.633
1325.61	7.633
1330.62	7.633
1335.63	7.633
1340.65	7.633
1345.66	7.632
1350.67	7.632
1355.68	7.632
1360.69	7.632
1365.70	7.631
1370.72	7.631
1375.73	7.631
1380.74	7.631
1385.75	7.630
1390.76	7.630
1395.77	7.630
1400.79	7.630
1405.80	7.630
1410.81	7.629
1415.82	7.629
1420.83	7.629
1425.84	7.629
1430.85	7.628
1435.87	7.628
1440.88	7.628
1445.89	7.628
1450.90	7.628
1455.91	7.628
1460.92	7.627
1465.94	7.627
1470.95	7.627
1475.96	7.627
1480.97	7.626
1485.98	7.626
1490.99	7.626
1496.00	7.626
1501.02	7.626
1506.03	7.625
1511.04	7.625
1516.05	7.625
1521.06	7.625
1526.07	7.625
1531.09	7.624
1536.10	7.624
1541.11	7.624
1546.12	7.623
1551.13	7.623
1556.14	7.623
1561.15	7.623
1566.17	7.623
1571.18	7.622
1576.19	7.622
1581.20	7.622
1586.21	7.622
1591.22	7.622
1596.24	7.621
1601.25	7.621
1606.27	7.621
1611.28	7.621
1616.30	7.621
1621.31	7.620
1626.32	7.620
1631.33	7.620
1636.34	7.620
1641.35	7.620
1646.37	7.619
1651.38	7.619
1656.39	7.619
1661.40	7.619
1666.41	7.619
1671.42	7.619
1676.43	7.618
1681.45	7.618
1686.46	7.618
1691.47	7.618
1696.48	7.618
1701.49	7.617
1706.50	7.617
1711.51	7.617
1716.53	7.616
1721.54	7.616
1726.55	7.616
1731.56	7.616
1736.57	7.616
1741.58	7.616
1746.60	7.615
1751.61	7.615
1756.62	7.615
1761.63	7.615
1766.64	7.614
1771.65	7.614
1776.66	7.614
1781.68	7.614
1786.69	7.614
1791.70	7.613
1796.71	7.613
1801.72	7.613
1806.73	7.613
1811.75	7.613
1816.76	7.612
1821.77	7.612
1826.78	7.612
1831.79	7.612
1836.80	7.612
1841.81	7.611
1846.83	7.611
1851.84	7.611
1856.85	7.611
1861.86	7.611
1866.87	7.610
1871.88	7.610
1876.90	7.610
1881.91	7.610
1886.92	7.610
1891.93	7.609
1896.94	7.609
1901.95	7.609
1906.97	7.609
1911.98	7.609
1916.99	7.608
1922.00	7.608
1927.01	7.608
1932.02	7.608
1937.03	7.608
1942.05	7.607
1947.06	7.607
1952.07	7.607
1957.08	7.607
1962.09	7.607
1967.10	7.606
1972.12	7.606
1977.13	7.606
1982.14	7.606
1987.15	7.605
1992.16	7.605
1997.17	7.605
2002.19	7.605
2007.20	7.604
2012.21	7.604
2017.23	7.604
2022.24	7.604
2027.25	7.603
2032.26	7.604
2037.27	7.603
2042.28	7.603
2047.30	7.603
2052.31	7.603
2057.32	7.602
2062.33	7.602
2067.34	7.602
2072.35	7.602
2077.36	7.601
2082.38	7.601
2087.39	7.601
2092.40	7.601
2097.41	7.600
2102.42	7.600
2107.43	7.600
2112.45	7.600
2117.46	7.600
2122.47	7.600
2127.48	7.599
2132.49	7.599
2137.50	7.599
2142.52	7.599
2147.53	7.598
2152.54	7.598
2157.55	7.598
2162.56	7.598
2167.57	7.598
2172.58	7.597
2177.60	7.597
2182.61	7.597
2187.62	7.597
2192.63	7.597
2197.65	7.596
2202.66	7.596
2207.67	7.596
2212.68	7.596
2217.70	7.595
2222.71	7.595
2227.72	7.595
2232.73	7.595
2237.74	7.595
2242.75	7.594
2247.76	7.594
2252.78	7.594
2257.79	7.594
2262.80	7.594
2267.81	7.593
2272.82	7.593
2277.83	7.593
2282.85	7.593
2287.86	7.593
2292.87	7.592
2297.88	7.592
2302.89	7.592
2307.90	7.592
2312.92	7.592
2317.93	7.591
2322.94	7.591
2327.95	7.591
2332.96	7.591
2337.97	7.591
2342.99	7.590
2348.00	7.590
2353.01	7.590
2358.02	7.590
2363.03	7.590
2368.04	7.589
2373.05	7.589
2378.07	7.589
2383.08	7.589
2388.09	7.588
2393.10	7.588
2398.12	7.588
2403.13	7.588
2408.15	7.588
2413.16	7.587
2418.18	7.587
2423.19	7.587
2428.20	7.587
2433.22	7.586
2438.23	7.586
2443.24	7.586
2448.26	7.586
2453.27	7.586
2458.28	7.585
2463.29	7.585
2468.30	7.585
2473.31	7.585
2478.33	7.585
2483.34	7.584
2488.35	7.584
2493.37	7.584
2498.38	7.584
2503.40	7.583
2508.41	7.583
2513.43	7.583
2518.44	7.583
2523.46	7.583
2528.47	7.582
2533.49	7.582
2538.50	7.582
2543.52	7.582
2548.53	7.582
2553.54	7.581
2558.56	7.581
2563.57	7.581
2568.59	7.581
2573.60	7.580
2578.62	7.580
2583.64	7.580
2588.65	7.580
2593.67	7.580
2598.68	7.580
2603.70	7.579
2608.71	7.579
2613.72	7.579
2618.74	7.579
2623.75	7.578
2628.77	7.578
2633.78	7.578
2638.80	7.578
2643.81	7.577
2648.83	7.577
2653.84	7.577
2658.85	7.577
2663.87	7.577
2668.88	7.576
2673.90	7.576
2678.91	7.576
2683.93	7.576
2688.94	7.576
2693.95	7.575
2698.97	7.575
2703.98	7.575
2709.00	7.575
2714.01	7.575
2719.03	7.575
2724.04	7.574
2729.06	7.574
2734.07	7.574
2739.09	7.573
2744.10	7.573
2749.12	7.573
2754.13	7.573
2759.14	7.573
2764.16	7.572
2769.17	7.572
2774.19	7.572
2779.20	7.571
2784.22	7.571
2789.23	7.571
2794.25	7.571
2799.26	7.571
2804.28	7.571
2809.29	7.570
2814.30	7.570
2819.32	7.570
2824.33	7.570
2829.35	7.570
2834.36	7.569
2839.38	7.569
2844.39	7.569
2849.41	7.568
2854.42	7.568
2859.43	7.568
2864.45	7.568
2869.46	7.568
2874.47	7.567
2879.49	7.567
2884.50	7.567
2889.52	7.567
2894.53	7.567
2899.55	7.567
2904.56	7.566
2909.57	7.566
2914.59	7.566
2919.60	7.566
2924.62	7.565
2929.63	7.565
2934.65	7.565
2939.66	7.565
2944.67	7.565
2949.68	7.564
2954.70	7.564
2959.71	7.564
2964.73	7.564
2969.74	7.563
2974.75	7.563
2979.77	7.563
2984.78	7.562
2989.80	7.562
2994.81	7.562
2999.83	7.562
3004.84	7.561
3009.86	7.561
3014.87	7.561
3019.88	7.561
3024.90	7.561
3029.91	7.560
3034.93	7.560
3039.94	7.560
3044.96	7.560
3049.97	7.559
3054.98	7.559
3060.00	7.559
3065.02	7.559
3070.03	7.558
3075.05	7.558
3080.06	7.558
3085.08	7.558
3090.09	7.558
3095.11	7.557
3100.12	7.557
3105.13	7.557
3110.15	7.557
3115.16	7.557
3120.18	7.557
3125.20	7.556
3130.21	7.556
3135.23	7.555
3140.24	7.555
3145.26	7.555
3150.27	7.555
3155.28	7.555
3160.30	7.554
3165.31	7.554
3170.33	7.554
3175.34	7.554
3180.36	7.553
3185.37	7.553
3190.39	7.553
3195.40	7.553
3200.42	7.552
3205.43	7.552
3210.45	7.552
3215.46	7.552
3220.47	7.552
3225.49	7.551
3230.50	7.551
3235.52	7.551
3240.53	7.551
3245.55	7.551
3250.56	7.550
3255.58	7.550
3260.59	7.550
3265.61	7.549
3270.62	7.549
3275.64	7.549
3280.65	7.549
3285.67	7.548
3290.68	7.548
3295.70	7.548
3300.71	7.548
3305.73	7.547
3310.74	7.547
3315.76	7.547
3320.77	7.547
3325.78	7.546
3330.80	7.546
3335.81	7.546
3340.83	7.546
3345.84	7.546
3350.85	7.545
3355.87	7.545
3360.88	7.545
3365.90	7.545
3370.91	7.544
3375.93	7.544
3380.94	7.544
3385.96	7.544
3390.97	7.543
3395.99	7.543
3401.00	7.542
3406.02	7.542
3411.03	7.542
3416.04	7.542
3421.06	7.542
3426.07	7.541
3431.09	7.541
3436.11	7.541
3441.12	7.541
3446.13	7.541
3451.15	7.540
3456.16	7.540
3461.18	7.540
3466.19	7.539
3471.20	7.539
3476.22	7.539
3481.23	7.539
3486.25	7.538
3491.26	7.538
3496.28	7.538
3501.29	7.538
3506.31	7.538
3511.32	7.537
3516.34	7.537
3521.35	7.537
3526.36	7.537
3531.38	7.536
3536.39	7.536
3541.41	7.536
3546.43	7.535
3551.44	7.535
3556.45	7.535
3561.47	7.535
3566.48	7.535
3571.50	7.534
3576.51	7.534
3581.53	7.534
3586.54	7.534
3591.56	7.533
3596.57	7.533
3601.58	7.533
3606.60	7.532
3611.62	7.532
3616.63	7.532
3621.65	7.532
3626.66	7.531
3631.67	7.531
3636.69	7.531
3641.70	7.531
3646.72	7.530
3651.73	7.530
3656.75	7.530
3661.76	7.530
3666.77	7.529
3671.79	7.529
3676.80	7.529
3681.82	7.528
3686.83	7.528
3691.84	7.528
3696.86	7.528
3701.87	7.527
3706.89	7.527
3711.90	7.527
3716.92	7.527
3721.93	7.526
3726.95	7.526
3731.97	7.526
3736.98	7.525
3742.00	7.525
3747.01	7.525
3752.03	7.525
3757.05	7.525
3762.06	7.525
3767.07	7.524
3772.09	7.524
3777.10	7.523
3782.12	7.523
3787.14	7.523
3792.15	7.523
3797.17	7.523
3802.18	7.522
3807.20	7.522
3812.21	7.522
3817.23	7.521
3822.24	7.521
3827.26	7.521
3832.27	7.521
3837.29	7.520
3842.30	7.520
3847.32	7.520
3852.33	7.519
3857.34	7.519
3862.35	7.519
3867.36	7.518
3872.37	7.518
3877.39	7.518
3882.40	7.518
3887.41	7.518
3892.43	7.517
3897.44	7.517
3902.45	7.517
3907.46	7.516
3912.47	7.516
3917.48	7.516
3922.50	7.516
3927.51	7.516
3932.52	7.515
3937.53	7.515
3942.54	7.515
3947.55	7.515
3952.57	7.514
3957.58	7.514
3962.59	7.514
3967.60	7.514
3972.61	7.513
3977.62	7.513
3982.63	7.513
3987.64	7.512
3992.66	7.512
3997.68	7.512
4002.69	7.512
4007.70	7.511
4012.72	7.511
4017.73	7.511
4022.75	7.510
4027.76	7.510
4032.78	7.510
4037.79	7.510
4042.80	7.509
4047.82	7.509
4052.83	7.509
4057.85	7.509
4062.86	7.508
4067.88	7.508
4072.89	7.508
4077.90	7.507
4082.91	7.507
4087.92	7.507
4092.93	7.507
4097.95	7.506
4102.96	7.506
4107.97	7.506
4112.98	7.506
4117.99	7.506
4123.00	7.505
4128.01	7.505
4133.03	7.505
4138.05	7.504
4143.06	7.504
4148.07	7.504
4153.08	7.504
4158.10	7.504
4163.11	7.503
4168.12	7.503
4173.13	7.503
4178.15	7.502
4183.17	7.502
4188.18	7.502
4193.20	7.502
4198.21	7.501
4203.23	7.501
4208.24	7.501
4213.25	7.501
4218.27	7.501
4223.29	7.500
4228.30	7.500
4233.31	7.500
4238.33	7.499
4243.34	7.499
4248.36	7.499
4253.37	7.498
4258.38	7.498
4263.39	7.498
4268.41	7.498
4273.42	7.498
4278.43	7.497
4283.44	7.497
4288.45	7.497
4293.46	7.496
4298.47	7.496
4303.49	7.496
4308.50	7.496
4313.51	7.496
4318.52	7.495
4323.53	7.495
4328.54	7.495
4333.56	7.494
4338.57	7.494
4343.58	7.494
4348.60	7.494
4353.61	7.494
4358.62	7.493
4363.64	7.493
4368.66	7.493
4373.67	7.493
4378.68	7.492
4383.70	7.492
4388.71	7.492
4393.72	7.492
4398.74	7.491
4403.75	7.491
4408.76	7.491
4413.77	7.491
4418.78	7.490
4423.79	7.490
4428.81	7.490
4433.82	7.489
4438.83	7.489
4443.84	7.489
4448.86	7.489
4453.88	7.488
4458.89	7.488
4463.91	7.488
4468.92	7.487
4473.93	7.487
4478.95	7.487
4483.96	7.487
4488.98	7.486
4494.00	7.486
4499.01	7.486
4504.02	7.486
4509.03	7.485
4514.04	7.485
4519.05	7.485
4524.06	7.484
4529.08	7.484
4534.09	7.484
4539.10	7.484
4544.11	7.484
4549.12	7.483
4554.13	7.483
4559.15	7.483
4564.16	7.482
4569.18	7.482
4574.19	7.482
4579.21	7.482
4584.22	7.481
4589.23	7.481
4594.25	7.481
4599.26	7.481
4604.28	7.480
4609.29	7.480
4614.30	7.480
4619.32	7.479
4624.33	7.479
4629.34	7.479
4634.35	7.479
4639.36	7.478
4644.37	7.478
4649.39	7.478
4654.40	7.478
4659.42	7.477
4664.43	7.477
4669.44	7.477
4674.46	7.477
4679.47	7.476
4684.48	7.476
4689.50	7.476
4694.51	7.476
4699.52	7.475
4704.53	7.475
4709.54	7.475
4714.55	7.475
4719.56	7.474
4724.58	7.474
4729.59	7.474
4734.60	7.473
4739.61	7.473
4744.62	7.473
4749.63	7.472
4754.65	7.472
4759.66	7.472
4764.67	7.472
4769.68	7.472
4774.69	7.471
4779.70	7.471
4784.72	7.471
4789.73	7.470
4794.74	7.470
4799.75	7.470
4804.76	7.470
4809.77	7.469
4814.78	7.469
4819.80	7.469
4824.81	7.469
4829.82	7.468
4834.83	7.468
4839.84	7.468
4844.85	7.467
4849.87	7.467
4854.88	7.467
4859.89	7.467
4864.90	7.466
4869.91	7.466
4874.92	7.466
4879.93	7.466
4884.95	7.465
4889.96	7.465
4894.97	7.465
4899.98	7.465
4904.99	7.464
4910.00	7.464
4915.02	7.464
4920.03	7.463
4925.04	7.463
4930.05	7.463
4935.06	7.462
4940.07	7.462
4945.09	7.462
4950.10	7.462
4955.11	7.462
4960.12	7.461
4965.13	7.461
4970.14	7.461
4975.15	7.460
4980.17	7.460
4985.18	7.460
4990.19	7.460
4995.20	7.459
5000.21	7.459
5005.22	7.459
5010.23	7.458
5015.25	7.458
5020.26	7.458
5025.27	7.458
5030.28	7.457
5035.29	7.457
5040.31	7.457
5045.33	7.456
5050.34	7.456
5055.36	7.456
5060.37	7.455
5065.39	7.455
5070.40	7.455
5075.41	7.455
5080.43	7.454
5085.45	7.454
5090.46	7.454
5095.47	7.454
5100.49	7.453
5105.50	7.453
5110.52	7.453
5115.54	7.452
5120.55	7.452
5125.57	7.452
5130.58	7.451
5135.59	7.451
5140.61	7.451
5145.62	7.451
5150.64	7.450
5155.65	7.450
5160.66	7.450
5165.68	7.449
5170.69	7.449
5175.71	7.449
5180.72	7.449
5185.73	7.448
5190.74	7.448
5195.75	7.448
5200.76	7.448
5205.78	7.447
5210.79	7.447
5215.80	7.447
5220.81	7.446
5225.82	7.446
5230.83	7.446
5235.84	7.445
5240.86	7.445
5245.87	7.445
5250.88	7.445
5255.89	7.444
5260.90	7.444
5265.91	7.444
5270.92	7.443
5275.94	7.443
5280.95	7.443
5285.96	7.443
5290.97	7.443
5295.98	7.442
5300.99	7.442
5306.01	7.442
5311.02	7.441
5316.03	7.441
5321.04	7.441
5326.05	7.441
5331.06	7.440
5336.08	7.440
5341.09	7.440
5346.10	7.439
5351.11	7.439
5356.12	7.439
5361.13	7.438
5366.14	7.438
5371.16	7.438
5376.17	7.438
5381.18	7.438
5386.19	7.437
5391.20	7.437
5396.21	7.437
5401.23	7.436
5406.24	7.436
5411.25	7.436
5416.26	7.436
5421.27	7.435
5426.28	7.435
5431.29	7.435
5436.31	7.435
5441.32	7.434
5446.33	7.434
5451.34	7.434
5456.35	7.433
5461.36	7.433
5466.38	7.433
5471.39	7.432
5476.40	7.432
5481.41	7.432
5486.42	7.432
5491.43	7.431
5496.44	7.431
5501.46	7.431
5506.47	7.431
5511.48	7.430
5516.49	7.430
5521.50	7.430
5526.51	7.430
5531.53	7.429
5536.54	7.429
5541.55	7.429
5546.56	7.429
5551.57	7.428
5556.59	7.428
5561.60	7.428
5566.61	7.428
5571.62	7.428
5576.63	7.427
5581.64	7.427
5586.65	7.427
5591.66	7.426
5596.68	7.426
5601.69	7.426
5606.70	7.426
5611.71	7.425
5616.72	7.425
5621.73	7.425
5626.75	7.425
5631.76	7.424
5636.77	7.424
5641.78	7.424
5646.79	7.423
5651.80	7.423
5656.82	7.423
5661.83	7.423
5666.84	7.423
5671.85	7.422
5676.87	7.422
5681.88	7.422
5686.90	7.421
5691.91	7.422
5696.93	7.421
5701.94	7.421
5706.96	7.421
5711.97	7.421
5716.99	7.420
5722.00	7.420
5727.01	7.420
5732.03	7.420
5737.04	7.419
5742.06	7.419
5747.07	7.419
5752.09	7.419
5757.10	7.419
5762.11	7.418
5767.13	7.418
5772.14	7.418
5777.16	7.418
5782.17	7.418
5787.18	7.417
5792.20	7.417
5797.21	7.417
5802.23	7.417
5807.24	7.417
5812.26	7.416
5817.27	7.416
5822.28	7.416
5827.29	7.416
5832.30	7.416
5837.31	7.415
5842.33	7.415
5847.34	7.415
5852.35	7.415
5857.36	7.415
5862.37	7.414
5867.38	7.414
5872.39	7.414
5877.40	7.414
5882.42	7.414
5887.43	7.414
5892.44	7.414
5897.45	7.413
5902.46	7.413
5907.47	7.413
5912.49	7.413
5917.50	7.412
5922.51	7.412
5927.52	7.412
5932.53	7.412
5937.54	7.412
5942.56	7.411
5947.58	7.411
5952.59	7.411
5957.61	7.411
5962.62	7.411
5967.64	7.411
5972.66	7.411
5977.67	7.410
5982.69	7.410
5987.71	7.410
5992.72	7.410
5997.74	7.410
6002.75	7.410
6007.77	7.410
6012.78	7.409
6017.79	7.409
6022.81	7.409
6027.82	7.409
6032.84	7.409
6037.85	7.409
6042.87	7.408
6047.88	7.408
6052.89	7.408
6057.91	7.408
6062.92	7.408
6067.93	7.408
6072.94	7.407
6077.95	7.407
6082.97	7.407
6087.98	7.407
6092.99	7.407
6098.00	7.407
6103.01	7.407
6108.02	7.407
6113.04	7.406
6118.05	7.406
6123.07	7.406
6128.08	7.406
6133.09	7.406
6138.10	7.406
6143.12	7.405
6148.13	7.405
6153.14	7.405
6158.16	7.405
6163.17	7.405
6168.19	7.405
6173.20	7.405
6178.22	7.405
6183.23	7.405
6188.24	7.404
6193.26	7.404
6198.28	7.404
6203.29	7.404
6208.31	7.404
6213.32	7.404
6218.33	7.404
6223.35	7.403
6228.36	7.403
6233.38	7.403
6238.39	7.403
6243.40	7.403
6248.42	7.403
6253.43	7.403
6258.45	7.403
6263.46	7.402
6268.47	7.402
6273.49	7.402
6278.50	7.402
6283.52	7.402
6288.53	7.402
6293.54	7.402
6298.56	7.402
6303.57	7.402
6308.59	7.401
6313.60	7.401
6318.62	7.401
6323.63	7.401
6328.64	7.401
6333.66	7.401
6338.67	7.401
6343.69	7.401
6348.70	7.400
6353.72	7.400
6358.73	7.400
6363.74	7.400
6368.76	7.400
6373.77	7.400
6378.79	7.400
6383.80	7.400
6388.82	7.400
6393.83	7.399
6398.84	7.400
6403.86	7.399
6408.88	7.399
6413.89	7.399
6418.90	7.399
6423.92	7.399
6428.93	7.399
6433.95	7.399
6438.96	7.398
6443.98	7.398
6448.99	7.398
6454.00	7.398
6459.02	7.398
6464.03	7.398
6469.05	7.398
6474.06	7.398
6479.07	7.398
6484.09	7.397
6489.11	7.397
6494.12	7.397
6499.14	7.397
6504.15	7.397
6509.16	7.397
6514.18	7.397
6519.19	7.397
6524.21	7.397
6529.22	7.396
6534.24	7.396
6539.25	7.396
6544.27	7.396
6549.28	7.396
6554.29	7.396
6559.30	7.396
6564.31	7.396
6569.32	7.396
6574.33	7.395
6579.35	7.395
6584.36	7.395
6589.37	7.395
6594.38	7.395
6599.39	7.395
6604.40	7.395
6609.41	7.395
6614.43	7.395
6619.44	7.394
6624.45	7.394
6629.47	7.394
6634.48	7.394
6639.49	7.394
6644.51	7.394
6649.52	7.394
6654.53	7.394
6659.55	7.394
6664.56	7.394
6669.57	7.394
6674.58	7.393
6679.59	7.393
6684.60	7.393
6689.61	7.393
6694.62	7.393
6699.64	7.393
6704.65	7.393
6709.66	7.392
6714.67	7.392
6719.68	7.392
6724.69	7.392
6729.71	7.392
6734.72	7.392
6739.73	7.392
6744.74	7.392
6749.75	7.392
6754.76	7.392
6759.77	7.392
6764.79	7.391
6769.80	7.391
6774.81	7.391
6779.82	7.391
6784.83	7.391
6789.84	7.391
6794.85	7.391
6799.87	7.391
6804.88	7.391
6809.89	7.391
6814.90	7.391
6819.91	7.391
6824.92	7.390
6829.94	7.390
6834.95	7.390
6839.96	7.390
6844.97	7.390
6849.99	7.390
6855.00	7.390
6860.01	7.390
6865.02	7.389
6870.03	7.390
6875.05	7.389
6880.06	7.389
6885.07	7.389
6890.08	7.389
6895.09	7.389
6900.10	7.389
6905.11	7.389
6910.13	7.389
6915.14	7.389
6920.15	7.389
6925.16	7.389
6930.17	7.388
6935.18	7.388
6940.20	7.388
6945.21	7.388
6950.22	7.388
6955.23	7.388
6960.24	7.388
6965.25	7.387
6970.27	7.387
6975.28	7.387
6980.29	7.387
6985.30	7.387
6990.31	7.387
6995.32	7.387
7000.34	7.387
7005.35	7.387
7010.36	7.387
7015.37	7.387
7020.38	7.386
7025.39	7.386
7030.40	7.386
7035.42	7.386
7040.43	7.386
7045.44	7.386
7050.45	7.386
7055.47	7.386
7060.48	7.386
7065.49	7.386
7070.50	7.386
7075.51	7.386
7080.52	7.385
7085.54	7.385
7090.55	7.385
7095.56	7.385
7100.57	7.385
7105.58	7.385
7110.59	7.385
7115.61	7.385
7120.62	7.385
7125.63	7.384
7130.64	7.384
7135.65	7.384
7140.66	7.384
7145.67	7.384
7150.69	7.384
7155.70	7.384
7160.71	7.384
7165.72	7.384
7170.73	7.384
7175.74	7.384
7180.76	7.383
7185.77	7.383
7190.78	7.383
7195.79	7.383
7200.80	7.383
7205.81	7.383
7210.83	7.383
7215.84	7.383
7220.85	7.383
7225.86	7.383
7230.87	7.382
7235.88	7.382
7240.90	7.382
7245.91	7.382
7250.92	7.382
7255.94	7.382
7260.95	7.382
7265.96	7.381
7270.98	7.381
7275.99	7.382
7281.00	7.381
7286.01	7.381
7291.02	7.381
7296.03	7.381
7301.05	7.381
7306.06	7.381
7311.07	7.381
7316.08	7.381
7321.09	7.381
7326.10	7.381
7331.12	7.381
7336.13	7.380
7341.14	7.381
7346.15	7.380
7351.16	7.380
7356.17	7.380
7361.19	7.380
7366.20	7.380
7371.21	7.380
7376.22	7.380
7381.23	7.380
7386.24	7.379
7391.25	7.379
7396.27	7.379
7401.28	7.379
7406.29	7.379
7411.30	7.379
7416.31	7.379
7421.32	7.379
7426.34	7.379
7431.35	7.379
7436.36	7.379
7441.37	7.379
7446.39	7.379
7451.40	7.378
7456.41	7.378
7461.43	7.378
7466.44	7.378
7471.46	7.378
7476.47	7.378
7481.48	7.378
7486.49	7.378
7491.50	7.378
7496.51	7.378
7501.52	7.377
7506.54	7.378
7511.55	7.377
7516.56	7.377
7521.57	7.377
7526.58	7.377
7531.59	7.377
7536.61	7.377
7541.62	7.377
7546.63	7.377
7551.64	7.377
7556.65	7.377
7561.66	7.376
7566.68	7.376
7571.69	7.376
7576.70	7.376
7581.71	7.376
7586.72	7.376
7591.73	7.376
7596.75	7.376
7601.76	7.376
7606.77	7.376
7611.78	7.376
7616.79	7.376
7621.80	7.375
7626.81	7.375
7631.82	7.375
7636.84	7.375
7641.85	7.375
7646.86	7.375
7651.87	7.375
7656.88	7.375
7661.90	7.375
7666.91	7.375
7671.93	7.375
7676.94	7.374
7681.96	7.374
7686.97	7.374
7691.98	7.374
7696.99	7.374
7702.00	7.374
7707.01	7.374
7712.02	7.374
7717.04	7.374
7722.05	7.374
7727.06	7.374
7732.07	7.373
7737.08	7.373
7742.09	7.373
7747.10	7.373
7752.12	7.373
7757.13	7.373
7762.14	7.373
7767.15	7.373
7772.16	7.373
7777.17	7.373
7782.19	7.372
7787.20	7.372
7792.21	7.372
7797.22	7.372
7802.23	7.372
7807.24	7.372
7812.25	7.372
7817.27	7.372
7822.28	7.372
7827.29	7.372
7832.30	7.372
7837.31	7.372
7842.32	7.371
7847.34	7.371
7852.35	7.371
7857.36	7.371
7862.38	7.371
7867.39	7.371
7872.40	7.371
7877.41	7.371
7882.43	7.371
7887.44	7.371
7892.46	7.371
7897.47	7.371
7902.48	7.370
7907.49	7.370
7912.50	7.370
7917.51	7.370
7922.53	7.370
7927.54	7.370
7932.55	7.370
7937.56	7.370
7942.57	7.370
7947.58	7.370
7952.60	7.369
7957.61	7.369
7962.62	7.369
7967.63	7.369
7972.64	7.369
7977.65	7.369
7982.67	7.369
7987.68	7.369
7992.69	7.369
7997.70	7.369
8002.71	7.368
8007.72	7.368
8012.73	7.368
8017.75	7.368
8022.76	7.368
8027.77	7.368
8032.78	7.368
8037.79	7.368
8042.80	7.368
8047.82	7.368
8052.83	7.368
8057.84	7.368
8062.85	7.367
8067.86	7.367
8072.87	7.367
8077.89	7.367
8082.90	7.367
8087.91	7.367
8092.92	7.367
8097.94	7.367
8102.95	7.367
8107.97	7.367
8112.98	7.367
8117.99	7.366
8123.00	7.366
8128.01	7.366
8133.03	7.366
8138.04	7.366
8143.05	7.366
8148.06	7.366
8153.07	7.366
8158.08	7.365
8163.09	7.365
8168.11	7.365
8173.12	7.365
8178.13	7.365
8183.14	7.365
8188.15	7.365
8193.16	7.365
8198.18	7.365
8203.19	7.365
8208.20	7.365
8213.21	7.364
8218.22	7.364
8223.23	7.364
8228.25	7.364
8233.26	7.364
8238.27	7.364
8243.28	7.364
8248.29	7.364
8253.30	7.364
8258.31	7.363
8263.33	7.363
8268.34	7.363
8273.35	7.363
8278.36	7.363
8283.37	7.363
8288.38	7.363
8293.39	7.363
8298.41	7.363
8303.42	7.363
8308.44	7.363
8313.45	7.363
8318.46	7.362
8323.48	7.362
8328.49	7.362
8333.50	7.362
8338.51	7.362
8343.52	7.362
8348.53	7.362
8353.54	7.362
8358.56	7.362
8363.57	7.361
8368.58	7.362
8373.59	7.361
8378.60	7.361
8383.61	7.361
8388.63	7.361
8393.64	7.361
8398.65	7.361
8403.66	7.361
8408.67	7.361
8413.68	7.361
8418.69	7.360
8423.71	7.360
8428.72	7.360
8433.73	7.360
8438.74	7.360
8443.75	7.360
8448.76	7.360
8453.77	7.360
8458.79	7.360
8463.80	7.360
8468.81	7.360
8473.82	7.359
8478.83	7.359
8483.84	7.359
8488.86	7.359
8493.87	7.359
8498.88	7.359
8503.89	7.359
8508.90	7.359
8513.91	7.358
8518.93	7.358
8523.94	7.358
8528.95	7.358
8533.96	7.358
8538.97	7.358
8543.98	7.358
8549.00	7.358
8554.01	7.358
8559.02	7.358
8564.03	7.358
8569.04	7.357
8574.05	7.357
8579.06	7.357
8584.08	7.357
8589.09	7.357
8594.10	7.357
8599.11	7.357
8604.12	7.357
8609.13	7.356
8614.15	7.356
8619.16	7.356
8624.17	7.356
8629.18	7.356
8634.19	7.356
8639.20	7.356
8644.22	7.356
8649.23	7.356
8654.24	7.356
8659.25	7.356
8664.26	7.355
8669.27	7.355
8674.29	7.355
8679.30	7.355
8684.31	7.355
8689.32	7.355
8694.34	7.354
8699.35	7.354
8704.36	7.354
8709.37	7.354
8714.39	7.354
8719.40	7.354
8724.42	7.354
8729.43	7.354
8734.44	7.354
8739.45	7.354
8744.46	7.353
8749.47	7.353
8754.49	7.353
8759.50	7.353
8764.51	7.353
8769.52	7.353
8774.53	7.353
8779.54	7.353
8784.55	7.353
8789.57	7.353
8794.58	7.353
8799.59	7.353
8804.60	7.353
8809.61	7.353
8814.62	7.352
8819.64	7.352
8824.65	7.352
8829.66	7.352
8834.67	7.352
8839.68	7.352
8844.69	7.351
8849.71	7.351
8854.72	7.351
8859.73	7.351
8864.74	7.351
8869.75	7.351
8874.76	7.351
8879.78	7.351
8884.79	7.350
8889.80	7.350
8894.81	7.350
8899.82	7.350
8904.83	7.350
8909.85	7.350
8914.86	7.350
8919.87	7.350
8924.88	7.349
8929.90	7.349
8934.91	7.349
8939.92	7.349
8944.93	7.349
8949.94	7.349
8954.95	7.349
8959.96	7.349
8964.98	7.349
8969.99	7.348
8975.00	7.348
8980.01	7.348
8985.02	7.348
8990.03	7.348
8995.05	7.347
9000.06	7.348
9005.07	7.348
9010.08	7.347
9015.09	7.347
9020.10	7.347
9025.12	7.347
9030.13	7.347
9035.14	7.347
9040.15	7.347
9045.16	7.347
9050.17	7.346
9055.18	7.346
9060.20	7.346
9065.21	7.346
9070.22	7.346
9075.23	7.346
9080.24	7.346
9085.25	7.345
9090.27	7.345
9095.28	7.345
9100.29	7.345
9105.30	7.345
9110.32	7.345
9115.33	7.345
9120.34	7.345
9125.35	7.345
9130.36	7.344
9135.38	7.344
9140.39	7.344
9145.40	7.344
9150.41	7.344
9155.42	7.344
9160.43	7.343
9165.45	7.343
9170.46	7.343
9175.47	7.343
9180.48	7.343
9185.49	7.343
9190.50	7.343
9195.52	7.343
9200.53	7.342
9205.54	7.342
9210.55	7.342
9215.56	7.342
9220.57	7.342
9225.58	7.342
9230.60	7.342
9235.61	7.341
9240.62	7.341
9245.63	7.341
9250.64	7.341
9255.65	7.341
9260.67	7.341
9265.68	7.340
9270.69	7.340
9275.70	7.340
9280.71	7.340
9285.72	7.340
9290.73	7.340
9295.75	7.340
9300.76	7.340
9305.77	7.339
9310.78	7.339
9315.80	7.339
9320.81	7.339
9325.83	7.339
9330.84	7.339
9335.85	7.338
9340.86	7.338
9345.88	7.338
9350.89	7.338
9355.90	7.338
9360.91	7.338
9365.92	7.338
9370.93	7.337
9375.95	7.337
9380.96	7.337
9385.97	7.337
9390.98	7.337
9395.99	7.336
9401.00	7.336
9406.01	7.336
9411.03	7.336
9416.04	7.336
9421.05	7.336
9426.06	7.336
9431.07	7.335
9436.08	7.335
9441.10	7.335
9446.11	7.335
9451.12	7.335
9456.13	7.335
9461.14	7.334
9466.15	7.334
9471.17	7.334
9476.18	7.334
9481.19	7.334
9486.20	7.334
9491.21	7.334
9496.22	7.333
9501.23	7.333
9506.25	7.333
9511.26	7.333
9516.27	7.333
9521.28	7.332
9526.30	7.332
9531.31	7.332
9536.33	7.332
9541.34	7.331
9546.35	7.331
9551.36	7.331
9556.37	7.331
9561.38	7.331
9566.40	7.331
9571.41	7.331
9576.42	7.330
9581.43	7.330
9586.44	7.330
9591.45	7.330
9596.47	7.329
9601.48	7.329
9606.49	7.329
9611.50	7.329
9616.51	7.328
9621.52	7.328
9626.54	7.328
9631.55	7.328
9636.56	7.328
9641.57	7.327
9646.58	7.327
9651.59	7.327
9656.60	7.327
9661.62	7.327
9666.63	7.326
9671.64	7.326
9676.65	7.326
9681.66	7.325
9686.67	7.325
9691.69	7.325
9696.70	7.325
9701.71	7.325
9706.72	7.325
9711.73	7.324
9716.74	7.324
9721.75	7.324
9726.77	7.324
9731.78	7.323
9736.79	7.323
9741.80	7.323
9746.82	7.323
9751.83	7.322
9756.85	7.322
9761.86	7.322
9766.87	7.322
9771.88	7.321
9776.89	7.321
9781.90	7.321
9786.92	7.321
9791.93	7.320
9796.94	7.320
9801.95	7.320
9806.96	7.320
9811.97	7.319
9816.98	7.319
9822.00	7.319
9827.01	7.319
9832.02	7.318
9837.03	7.318
9842.04	7.318
9847.05	7.317
9852.07	7.317
9857.08	7.317
9862.09	7.317
9867.10	7.316
9872.11	7.316
9877.12	7.316
9882.14	7.315
9887.15	7.315
9892.16	7.315
9897.17	7.314
9902.18	7.314
9907.19	7.314
9912.20	7.314
9917.22	7.314
9922.23	7.313
9927.24	7.313
9932.25	7.313
9937.26	7.312
9942.27	7.312
9947.28	7.312
9952.30	7.311
9957.31	7.311
9962.33	7.311
9967.34	7.310
9972.35	7.310
9977.37	7.310
9982.38	7.309
9987.39	7.309
9992.40	7.309
9997.41	7.308
10002.42	7.308
10007.43	7.307
10012.44	7.307
10017.46	7.307
10022.47	7.306
10027.48	7.306
10032.49	7.306
10037.50	7.305
10042.51	7.305
10047.53	7.305
10052.54	7.304
10057.55	7.304
10062.56	7.304
10067.57	7.303
10072.58	7.303
10077.60	7.302
10082.61	7.302
10087.62	7.302
10092.63	7.301
10097.64	7.301
10102.65	7.301
10107.66	7.300
10112.68	7.300
10117.69	7.299
10122.70	7.299
10127.71	7.299
10132.72	7.298
10137.73	7.298
10142.75	7.297
10147.76	7.297
10152.78	7.296
10157.79	7.296
10162.80	7.296
10167.82	7.295
10172.83	7.294
10177.85	7.294
10182.86	7.294
10187.87	7.293
10192.89	7.293
10197.90	7.293
10202.91	7.292
10207.92	7.292
10212.93	7.291
10217.94	7.290
10222.96	7.290
10227.97	7.290
10232.99	7.290
10238.00	7.289
10243.01	7.288
10248.03	7.288
10253.04	7.287
10258.06	7.287
10263.07	7.287
10268.08	7.286
10273.10	7.285
10278.11	7.285
10283.13	7.284
10288.14	7.284
10293.15	7.283
10298.17	7.283
10303.19	7.283
10308.20	7.282
10313.21	7.282
10318.23	7.281
10323.24	7.281
10328.26	7.280
10333.27	7.279
10338.28	7.279
10343.29	7.278
10348.30	7.278
10353.32	7.277
10358.33	7.277
10363.35	7.276
10368.36	7.276
10373.37	7.275
10378.39	7.275
10383.40	7.274
10388.42	7.274
10393.43	7.273
10398.46	7.272
10403.47	7.272
10408.48	7.271
10413.50	7.271
10418.51	7.270
10423.52	7.270
10428.54	7.269
10433.56	7.269
10438.57	7.268
10443.58	7.268
10448.59	7.267
10453.60	7.266
10458.62	7.266
10463.63	7.265
10468.64	7.265
10473.65	7.264
10478.67	7.264
10483.68	7.263
10488.70	7.262
10493.71	7.262
10498.73	7.261
10503.74	7.261
10508.76	7.260
10513.77	7.259
10518.79	7.259
10523.80	7.258
10528.81	7.257
10533.82	7.257
10538.83	7.256
10543.85	7.256
10548.86	7.255
10553.87	7.254
10558.89	7.254
10563.90	7.253
10568.92	7.252
10573.93	7.252
10578.95	7.251
10583.96	7.251
10588.97	7.250
10593.99	7.249
10599.00	7.249
10604.02	7.248
10609.03	7.247
10614.04	7.247
10619.06	7.246
10624.07	7.245
10629.09	7.245
10634.10	7.244
10639.11	7.244
10644.13	7.243
10649.14	7.243
10654.16	7.242
10659.17	7.241
10664.19	7.240
10669.20	7.240
10674.21	7.239
10679.23	7.238
10684.24	7.238
10689.26	7.237
10694.27	7.236
10699.29	7.236
10704.30	7.235
10709.32	7.235
10714.33	7.234
10719.34	7.233
10724.36	7.232
10729.37	7.232
10734.39	7.231
10739.40	7.230
10744.42	7.230
10749.44	7.229
10754.45	7.228
10759.46	7.228
10764.47	7.227
10769.48	7.227
10774.49	7.226
10779.51	7.225
10784.52	7.224
10789.53	7.224
10794.54	7.223
10799.56	7.222
10804.57	7.222
10809.58	7.221
10814.60	7.220
10819.61	7.219
10824.62	7.219
10829.63	7.218
10834.65	7.217
10839.66	7.217
10844.67	7.216
10849.68	7.215
10854.69	7.215
10859.70	7.214
10864.71	7.213
10869.73	7.212
10874.74	7.212
10879.75	7.211
10884.76	7.210
10889.78	7.209
10894.79	7.209
10899.81	7.208
10904.82	7.207
10909.83	7.207
10914.85	7.206
10919.86	7.205
10924.88	7.205
10929.89	7.204
10934.91	7.203
10939.92	7.202
10944.94	7.202
10949.95	7.201
10954.96	7.200
10959.98	7.199
10964.99	7.199
10970.01	7.198
10975.03	7.197
10980.04	7.196
10985.05	7.196
10990.07	7.195
10995.08	7.194
11000.10	7.194
11005.11	7.193
11010.12	7.192
11015.14	7.191
11020.15	7.190
11025.17	7.190
11030.18	7.189
11035.20	7.188
11040.21	7.188
11045.22	7.187
11050.24	7.186
11055.26	7.185
11060.27	7.185
11065.29	7.184
11070.30	7.183
11075.31	7.182
11080.33	7.182
11085.34	7.181
11090.35	7.180
11095.36	7.179
11100.37	7.178
11105.39	7.178
11110.40	7.177
11115.42	7.176
11120.43	7.175
11125.45	7.174
11130.46	7.174
11135.48	7.173
11140.49	7.172
11145.51	7.171
11150.52	7.171
11155.53	7.170
11160.55	7.169
11165.56	7.168
11170.58	7.168
11175.59	7.167
11180.61	7.166
11185.62	7.165
11190.63	7.165
11195.65	7.164
11200.66	7.163
11205.68	7.162
11210.69	7.161
11215.70	7.161
11220.72	7.160
11225.73	7.159
11230.75	7.158
11235.76	7.157
11240.78	7.156
11245.79	7.156
11250.80	7.155
11255.82	7.154
11260.83	7.153
11265.85	7.153
11270.86	7.152
11275.87	7.151
11280.88	7.150
11285.89	7.150
11290.90	7.149
11295.92	7.148
11300.93	7.147
11305.94	7.146
11310.95	7.145
11315.96	7.145
11320.98	7.144
11325.99	7.143
11331.01	7.142
11336.02	7.141
11341.04	7.140
11346.05	7.139
11351.06	7.139
11356.08	7.138
11361.10	7.137
11366.11	7.136
11371.13	7.136
11376.14	7.135
11381.16	7.134
11386.17	7.133
11391.19	7.132
11396.20	7.131
11401.21	7.131
11406.23	7.130
11411.24	7.129
11416.26	7.128
11421.27	7.127
11426.29	7.126
11431.30	7.126
11436.31	7.125
11441.33	7.124
11446.34	7.123
11451.35	7.122
11456.37	7.121
11461.38	7.120
11466.40	7.120
11471.41	7.119
11476.42	7.118
11481.43	7.117
11486.45	7.116
11491.46	7.115
11496.48	7.114
11501.49	7.114
11506.50	7.113
11511.52	7.112
11516.53	7.111
11521.54	7.110
11526.56	7.109
11531.57	7.108
11536.59	7.108
11541.60	7.107
11546.62	7.106
11551.63	7.105
11556.65	7.104
11561.66	7.104
11566.67	7.103
11571.69	7.102
11576.70	7.101
11581.71	7.100
11586.73	7.099
11591.75	7.098
11596.76	7.097
11601.78	7.096
11606.79	7.095
11611.80	7.095
11616.82	7.094
11621.83	7.093
11626.85	7.092
11631.86	7.091
11636.88	7.090
11641.89	7.089
11646.90	7.088
11651.92	7.087
11656.94	7.086
11661.95	7.086
11666.97	7.085
11671.98	7.084
11676.99	7.083
11682.01	7.082
11687.02	7.081
11692.04	7.080
11697.05	7.080
11702.07	7.079
11707.08	7.078
11712.10	7.077
11717.11	7.076
11722.13	7.075
11727.14	7.074
11732.16	7.073
11737.17	7.072
11742.18	7.071
11747.20	7.070
11752.21	7.070
11757.23	7.069
11762.24	7.068
11767.26	7.067
11772.27	7.066
11777.29	7.065
11782.30	7.064
11787.31	7.063
11792.33	7.062
11797.34	7.061
11802.36	7.060
11807.37	7.059
11812.38	7.058
11817.40	7.058
11822.41	7.057
11827.43	7.056
11832.44	7.055
11837.46	7.054
11842.47	7.053
11847.49	7.052
11852.50	7.051
11857.51	7.050
11862.53	7.049
11867.55	7.048
11872.56	7.047
11877.57	7.046
11882.59	7.045
11887.60	7.045
11892.62	7.044
11897.63	7.043
11902.65	7.042
11907.66	7.041
11912.68	7.040
11917.69	7.039
11922.70	7.038
11927.72	7.037
11932.73	7.036
11937.75	7.035
11942.76	7.034
11947.77	7.033
11952.78	7.032
11957.80	7.031
11962.82	7.030
11967.83	7.029
11972.84	7.028
11977.86	7.027
11982.87	7.026
11987.89	7.025
11992.90	7.025
11997.91	7.023
12002.93	7.022
12007.94	7.021
12012.96	7.021
12017.97	7.020
12022.99	7.019
12028.00	7.018
12033.01	7.017
12038.03	7.016
12043.04	7.014
12048.06	7.014
12053.07	7.013
12058.08	7.012
12063.10	7.010
12068.11	7.010
12073.13	7.009
12078.14	7.008
12083.16	7.007
12088.17	7.006
12093.19	7.005
12098.20	7.004
12103.21	7.003
12108.23	7.002
12113.24	7.001
12118.26	7.000
12123.27	6.999
12128.29	6.998
12133.30	6.997
12138.32	6.996
12143.33	6.995
12148.34	6.994
12153.36	6.993
12158.38	6.992
12163.39	6.991
12168.40	6.990
12173.42	6.988
12178.43	6.988
12183.45	6.987
12188.46	6.986
12193.48	6.985
12198.49	6.983
12203.51	6.982
12208.52	6.981
12213.53	6.981
12218.55	6.979
12223.56	6.978
12228.58	6.977
12233.59	6.976
12238.61	6.975
12243.62	6.974
12248.63	6.973
12253.65	6.972
12258.67	6.971
12263.68	6.970
12268.70	6.969
12273.71	6.968
12278.73	6.967
12283.74	6.966
12288.75	6.965
12293.76	6.964
12298.77	6.963
12303.79	6.962
12308.80	6.961
12313.82	6.960
12318.83	6.958
12323.85	6.957
12328.86	6.956
12333.88	6.955
12338.89	6.954
12343.90	6.953
12348.92	6.952
12353.93	6.951
12358.95	6.950
12363.96	6.949
12368.98	6.948
12373.99	6.947
12379.00	6.946
12384.02	6.945
12389.03	6.943
12394.05	6.943
12399.06	6.942
12404.08	6.940
12409.09	6.939
12414.10	6.938
12419.12	6.937
12424.13	6.936
12429.15	6.935
12434.16	6.934
12439.18	6.933
12444.19	6.932
12449.21	6.931
12454.22	6.930
12459.23	6.928
12464.25	6.927
12469.26	6.926
12474.28	6.925
12479.29	6.924
12484.31	6.923
12489.32	6.922
12494.34	6.921
12499.35	6.920
12504.37	6.918
12509.38	6.917
12514.39	6.916
12519.41	6.915
12524.42	6.914
12529.44	6.913
12534.45	6.912
12539.47	6.911
12544.48	6.909
12549.50	6.908
12554.51	6.907
12559.52	6.906
12564.54	6.905
12569.56	6.904
12574.57	6.903
12579.58	6.902
12584.60	6.900
12589.61	6.899
12594.63	6.898
12599.64	6.897
12604.65	6.896
12609.67	6.895
12614.69	6.894
12619.70	6.893
12624.72	6.891
12629.73	6.890
12634.74	6.889
12639.76	6.888
12644.77	6.887
12649.79	6.885
12654.80	6.884
12659.82	6.883
12664.83	6.882
12669.85	6.881
12674.86	6.880
12679.87	6.879
12684.89	6.877
12689.91	6.876
12694.92	6.875
12699.93	6.874
12704.95	6.873
12709.96	6.872
12714.98	6.870
12719.99	6.869
12725.00	6.868
12730.02	6.867
12735.04	6.866
12740.05	6.865
12745.06	6.863
12750.08	6.862
12755.09	6.861
12760.11	6.860
12765.12	6.859
12770.14	6.857
12775.15	6.856
12780.17	6.855
12785.18	6.854
12790.20	6.853
12795.21	6.851
12800.23	6.850
12805.24	6.849
12810.26	6.848
12815.27	6.847
12820.28	6.845
12825.30	6.844
12830.31	6.843
12835.33	6.842
12840.34	6.840
12845.35	6.839
12850.37	6.838
12855.38	6.837
12860.40	6.836
12865.41	6.834
12870.43	6.833
12875.44	6.832
12880.45	6.831
12885.47	6.830
12890.48	6.828
12895.50	6.827
12900.51	6.826
12905.52	6.824
12910.54	6.823
12915.56	6.822
12920.57	6.821
12925.59	6.820
12930.60	6.818
12935.61	6.817
12940.63	6.816
12945.64	6.815
12950.66	6.813
12955.67	6.812
12960.69	6.811
12965.70	6.809
12970.71	6.808
12975.73	6.807
12980.75	6.806
12985.76	6.804
12990.77	6.803
12995.79	6.802
13000.80	6.800
13005.82	6.799
13010.83	6.798
13015.84	6.797
13020.86	6.795
13025.87	6.794
13030.89	6.793
13035.90	6.792
13040.92	6.790
13045.93	6.789
13050.94	6.788
13055.96	6.787
13060.97	6.785
13065.99	6.784
13071.01	6.783
13076.02	6.781
13081.03	6.780
13086.05	6.779
13091.06	6.777
13096.08	6.776
13101.09	6.775
13106.11	6.774
13111.12	6.772
13116.14	6.771
13121.15	6.770
13126.16	6.768
13131.18	6.767
13136.19	6.766
13141.20	6.764
13146.22	6.763
13151.24	6.762
13156.25	6.761
13161.27	6.759
13166.28	6.758
13171.30	6.756
13176.31	6.755
13181.32	6.754
13186.34	6.752
13191.35	6.751
13196.37	6.750
13201.38	6.748
13206.40	6.747
13211.41	6.746
13216.43	6.744
13221.44	6.743
13226.46	6.742
13231.47	6.740
13236.48	6.739
13241.50	6.737
13246.51	6.736
13251.53	6.735
13256.54	6.733
13261.56	6.732
13266.57	6.730
13271.58	6.729
13276.60	6.728
13281.61	6.726
13286.62	6.725
13291.63	6.724
13296.65	6.722
13301.66	6.721
13306.67	6.719
13311.68	6.718
13316.69	6.717
13321.71	6.715
13326.72	6.714
13331.73	6.712
13336.75	6.711
13341.77	6.710
13346.78	6.708
13351.80	6.707
13356.81	6.705
13361.82	6.704
13366.84	6.703
13371.85	6.701
13376.87	6.700
13381.88	6.698
13386.90	6.697
13391.91	6.695
13396.93	6.694
13401.94	6.693
13406.96	6.691
13411.97	6.690
13416.98	6.688
13422.00	6.687
13427.02	6.685
13432.03	6.684
13437.05	6.682
13442.06	6.681
13447.07	6.679
13452.09	6.678
13457.10	6.677
13462.12	6.675
13467.13	6.674
13472.15	6.672
13477.16	6.671
13482.17	6.669
13487.19	6.668
13492.20	6.666
13497.22	6.665
13502.29	6.664
13507.30	6.662
13512.32	6.661
13517.34	6.659
13522.36	6.657
13527.37	6.656
13532.39	6.655
13537.40	6.653
13542.42	6.651
13547.43	6.650
13552.44	6.649
13557.46	6.647
13562.47	6.645
13567.49	6.644
13572.50	6.643
13577.52	6.641
13582.53	6.639
13587.55	6.638
13592.56	6.636
13597.57	6.635
13602.59	6.633
13607.60	6.632
13612.62	6.630
13617.63	6.629
13622.65	6.627
13627.66	6.626
13632.67	6.624
13637.69	6.623
13642.70	6.621
13647.71	6.620
13652.73	6.618
13657.74	6.617
13662.75	6.615
13667.76	6.613
13672.78	6.612
13677.79	6.610
13682.81	6.609
13687.82	6.607
13692.83	6.606
13697.84	6.604
13702.86	6.602
13707.87	6.601
13712.88	6.599
13717.89	6.598
13722.91	6.596
13727.92	6.595
13732.93	6.593
13737.95	6.591
13742.96	6.590
13747.97	6.588
13752.98	6.587
13757.99	6.585
13763.01	6.584
13768.02	6.582
13773.03	6.580
13778.04	6.579
13783.05	6.577
13788.06	6.575
13793.08	6.574
13798.09	6.572
13803.10	6.571
13808.11	6.569
13813.12	6.568
13818.13	6.566
13823.15	6.564
13828.16	6.563
13833.17	6.561
13838.18	6.559
13843.19	6.558
13848.20	6.556
13853.21	6.554
13858.23	6.553
13863.24	6.551
13868.25	6.550
13873.26	6.548
13878.27	6.546
13883.28	6.545
13888.30	6.543
13893.31	6.541
13898.32	6.540
13903.34	6.538
13908.35	6.536
13913.36	6.535
13918.38	6.533
13923.39	6.531
13928.40	6.530
13933.42	6.528
13938.43	6.526
13943.44	6.525
13948.45	6.523
13953.46	6.521
13958.47	6.520
13963.48	6.518
13968.50	6.516
13973.51	6.515
13978.52	6.513
13983.53	6.511
13988.54	6.510
13993.55	6.508
13998.57	6.506
14003.58	6.504
14008.59	6.503
14013.60	6.501
14018.61	6.499
14023.62	6.498
14028.64	6.496
14033.65	6.494
14038.66	6.492
14043.67	6.490
14048.68	6.489
14053.69	6.487
14058.70	6.485
14063.72	6.484
14068.73	6.482
14073.74	6.480
14078.75	6.478
14083.76	6.477
14088.77	6.475
14093.79	6.473
14098.80	6.471
14103.81	6.470
14108.82	6.468
14113.83	6.466
14118.85	6.464
14123.86	6.462
14128.87	6.461
14133.89	6.459
14138.90	6.457
14143.91	6.455
14148.93	6.454
14153.94	6.452
14158.95	6.450
14163.96	6.448
14168.97	6.446
14173.98	6.445
14178.99	6.443
14184.01	6.441
14189.02	6.439
14194.03	6.437
14199.04	6.435
14204.05	6.434
14209.06	6.432
14214.08	6.430
14219.09	6.428
14224.10	6.426
14229.11	6.424
14234.12	6.423
14239.13	6.421
14244.15	6.419
14249.16	6.417
14254.17	6.415
14259.18	6.413
14264.19	6.411
14269.20	6.410
14274.21	6.408
14279.23	6.406
14284.24	6.404
14289.25	6.402
14294.26	6.400
14299.27	6.398
14304.28	6.396
14309.30	6.394
14314.31	6.392
14319.32	6.390
14324.33	6.389
14329.34	6.387
14334.36	6.385
14339.37	6.383
14344.39	6.381
14349.40	6.379
14354.41	6.377
14359.42	6.375
14364.44	6.373
14369.45	6.371
14374.46	6.369
14379.47	6.367
14384.48	6.365
14389.49	6.363
14394.51	6.361
14399.52	6.359
14404.53	6.357
14409.54	6.355
14414.55	6.353
14419.56	6.351
14424.58	6.349
14429.59	6.347
14434.60	6.345
14439.61	6.343
14444.62	6.341
14449.63	6.339
14454.65	6.336
14459.66	6.334
14464.67	6.332
14469.68	6.330
14474.69	6.328
14479.70	6.326
14484.72	6.324
14489.73	6.322
14494.74	6.319
14499.75	6.317
14504.76	6.315
14509.77	6.313
14514.78	6.311
14519.80	6.309
14524.81	6.307
14529.82	6.305
14534.83	6.302
14539.85	6.300
14544.86	6.298
14549.87	6.296
14554.88	6.294
14559.90	6.292
14564.91	6.289
14569.93	6.287
14574.94	6.285
14579.95	6.283
14584.96	6.280
14589.97	6.278
14594.98	6.276
14599.99	6.274
14605.01	6.271
14610.02	6.269
14615.03	6.267
14620.04	6.264
14625.04	6.262
14630.05	6.260
14635.06	6.258
14640.07	6.256
14645.08	6.253
14650.09	6.251
14655.09	6.249
14660.10	6.246
14665.11	6.244
14670.12	6.242
14675.13	6.240
14680.14	6.237
14685.15	6.235
14690.15	6.233
14695.16	6.230
14700.17	6.228
14705.18	6.226
14710.19	6.223
14715.20	6.221
14720.21	6.218
14725.21	6.216
14730.22	6.214
14735.23	6.211
14740.24	6.209
14745.25	6.207
14750.26	6.204
14755.27	6.202
14760.27	6.199
14765.28	6.197
14770.29	6.195
14775.30	6.192
14780.31	6.190
14785.32	6.187
14790.33	6.185
14795.33	6.183
14800.34	6.180
14805.35	6.178
14810.36	6.175
14815.37	6.173
14820.38	6.171
14825.39	6.168
14830.39	6.166
14835.40	6.164
14840.41	6.161
14845.42	6.159
14850.43	6.156
14855.44	6.154
14860.45	6.152
14865.45	6.149
14870.46	6.147
14875.47	6.144
14880.48	6.142
14885.49	6.139
14890.50	6.137
14895.51	6.135
14900.51	6.133
14905.52	6.130
14910.53	6.128
14915.54	6.125
14920.55	6.123
14925.56	6.120
14930.57	6.118
14935.57	6.116
14940.58	6.113
14945.59	6.111
14950.60	6.109
14955.61	6.106
14960.62	6.104
14965.62	6.101
14970.63	6.099
14975.64	6.097
14980.65	6.094
14985.66	6.092
14990.67	6.090
14995.68	6.087
15000.68	6.085
15005.69	6.083
15010.70	6.080
15015.71	6.078
15020.72	6.076
15025.73	6.073
15030.74	6.071
15035.74	6.069
15040.75	6.066
15045.76	6.064
15050.77	6.062
15055.78	6.059
15060.79	6.057
15065.79	6.055
15070.80	6.052
15075.81	6.050
15080.82	6.048
15085.83	6.045
15090.84	6.043
15095.85	6.040
15100.85	6.038
15105.86	6.036
15110.87	6.034
15115.88	6.031
15120.89	6.029
15125.90	6.027
15130.90	6.024
15135.91	6.022
15140.92	6.020
15145.93	6.018
15150.94	6.015
15155.95	6.013
15160.96	6.011
15165.96	6.008
15170.97	6.006
15175.98	6.004
15180.99	6.002
15186.00	5.999
15191.01	5.997
15196.02	5.995
15201.02	5.993
15206.03	5.990
15211.04	5.988
15216.05	5.986
15221.06	5.984
15226.07	5.981
15231.07	5.979
15236.08	5.977
15241.09	5.975
15246.10	5.972
