0.00	7.916
5.01	7.912
10.02	7.913
15.03	7.913
20.05	7.913
25.06	7.913
30.07	7.912
35.08	7.912
40.09	7.912
45.10	7.912
50.11	7.912
55.13	7.912
60.14	7.688
65.15	7.703
70.16	7.707
75.17	7.710
80.19	7.712
85.20	7.713
90.22	7.713
95.23	7.714
100.25	7.714
105.26	7.714
110.27	7.714
115.29	7.714
120.31	7.714
125.32	7.714
130.33	7.713
135.35	7.713
140.36	7.713
145.37	7.712
150.38	7.712
155.39	7.712
160.41	7.711
165.42	7.711
170.44	7.710
175.45	7.710
180.47	7.709
185.48	7.709
190.50	7.708
195.51	7.708
200.52	7.708
205.54	7.708
210.55	7.707
215.57	7.707
220.58	7.706
225.59	7.706
230.60	7.705
235.62	7.705
240.63	7.705
245.64	7.704
250.65	7.704
255.66	7.704
260.67	7.704
265.69	7.703
270.70	7.703
275.72	7.703
280.73	7.702
285.74	7.702
290.75	7.702
295.76	7.701
300.78	7.701
305.79	7.701
310.81	7.701
315.82	7.700
320.83	7.700
325.85	7.700
330.86	7.700
335.88	7.699
340.89	7.699
345.90	7.699
350.92	7.699
355.94	7.698
360.95	7.698
365.97	7.698
370.98	7.698
376.00	7.698
381.01	7.697
386.03	7.697
391.04	7.697
396.06	7.697
401.08	7.696
406.09	7.696
411.10	7.696
416.11	7.696
421.12	7.695
426.13	7.695
431.15	7.695
436.16	7.695
441.17	7.694
446.18	7.694
451.19	7.694
456.20	7.694
461.22	7.693
466.23	7.693
471.24	7.693
476.25	7.693
481.26	7.692
486.27	7.693
491.28	7.692
496.30	7.692
501.31	7.692
506.32	7.692
511.33	7.692
516.34	7.691
521.35	7.691
526.37	7.691
531.38	7.690
536.39	7.690
541.40	7.690
546.41	7.690
551.42	7.690
556.44	7.690
561.45	7.689
566.46	7.689
571.47	7.689
576.48	7.689
581.49	7.688
586.51	7.688
591.52	7.688
596.53	7.688
601.54	7.687
606.55	7.687
611.56	7.688
616.57	7.687
621.59	7.687
626.60	7.687
631.61	7.687
636.62	7.686
641.63	7.686
646.64	7.686
651.66	7.686
656.67	7.686
661.68	7.685
666.69	7.685
671.70	7.685
676.71	7.685
681.73	7.684
686.74	7.684
691.75	7.684
696.76	7.684
701.77	7.683
706.78	7.683
711.79	7.683
716.81	7.683
721.82	7.682
726.83	7.682
731.84	7.682
736.85	7.682
741.86	7.682
746.87	7.681
751.89	7.681
756.90	7.681
761.91	7.681
766.92	7.680
771.93	7.680
776.94	7.680
781.96	7.680
786.97	7.679
791.98	7.679
796.99	7.679
802.00	7.679
807.01	7.679
812.03	7.679
817.04	7.678
822.05	7.678
827.06	7.678
832.07	7.678
837.08	7.678
842.10	7.677
847.11	7.677
852.12	7.677
857.13	7.677
862.14	7.676
867.15	7.676
872.16	7.676
877.18	7.676
882.19	7.676
887.20	7.675
892.21	7.675
897.22	7.675
902.23	7.675
907.25	7.675
912.26	7.674
917.27	7.674
922.28	7.674
927.29	7.674
932.30	7.673
937.32	7.673
942.33	7.673
947.34	7.673
952.35	7.673
957.36	7.672
962.37	7.672
967.38	7.672
972.40	7.671
977.41	7.671
982.42	7.671
987.43	7.671
992.45	7.670
997.46	7.670
1002.48	7.670
1007.49	7.670
1012.50	7.670
1017.51	7.669
1022.52	7.669
1027.53	7.669
1032.55	7.669
1037.56	7.669
1042.57	7.668
1047.58	7.668
1052.59	7.668
1057.60	7.668
1062.62	7.668
1067.63	7.667
1072.64	7.667
1077.65	7.667
1082.66	7.667
1087.67	7.667
1092.69	7.666
1097.70	7.666
1102.71	7.666
1107.72	7.666
1112.73	7.665
1117.74	7.665
1122.75	7.665
1127.77	7.665
1132.78	7.665
1137.79	7.664
1142.80	7.664
1147.81	7.664
1152.82	7.664
1157.84	7.664
1162.85	7.664
1167.86	7.663
1172.87	7.663
1177.88	7.663
1182.89	7.663
1187.90	7.662
1192.92	7.662
1197.93	7.662
1202.94	7.662
1207.95	7.662
1212.96	7.662
1217.97	7.661
1222.99	7.661
1228.00	7.660
1233.01	7.660
1238.02	7.660
1243.03	7.660
1248.04	7.660
1253.06	7.659
1258.07	7.659
1263.08	7.659
1268.09	7.659
1273.10	7.659
1278.11	7.658
1283.12	7.658
1288.14	7.658
1293.15	7.657
1298.16	7.657
1303.17	7.657
1308.18	7.657
1313.19	7.656
1318.21	7.656
1323.22	7.656
1328.23	7.656
1333.24	7.656
1338.25	7.656
1343.26	7.655
1348.27	7.655
1353.29	7.655
1358.30	7.655
1363.31	7.655
1368.32	7.655
1373.33	7.654
1378.34	7.654
1383.36	7.654
1388.37	7.653
1393.38	7.653
1398.39	7.653
1403.40	7.653
1408.41	7.653
1413.43	7.653
1418.44	7.652
1423.45	7.652
1428.46	7.652
1433.47	7.651
1438.48	7.651
1443.49	7.651
1448.51	7.651
1453.52	7.651
1458.53	7.650
1463.54	7.650
1468.55	7.650
1473.56	7.649
1478.58	7.649
1483.59	7.649
1488.60	7.649
1493.61	7.648
1498.62	7.648
1503.63	7.648
1508.65	7.648
1513.66	7.648
1518.67	7.648
1523.68	7.647
1528.69	7.647
1533.70	7.647
1538.71	7.646
1543.73	7.646
1548.74	7.646
1553.75	7.646
1558.76	7.646
1563.77	7.645
1568.78	7.645
1573.80	7.645
1578.81	7.645
1583.82	7.644
1588.83	7.644
1593.84	7.644
1598.85	7.644
1603.87	7.643
1608.88	7.643
1613.89	7.643
1618.90	7.643
1623.91	7.642
1628.92	7.642
1633.93	7.642
1638.95	7.641
1643.96	7.641
1648.97	7.641
1653.98	7.641
1658.99	7.641
1664.00	7.641
1669.02	7.640
1674.03	7.640
1679.04	7.640
1684.05	7.639
1689.07	7.639
1694.08	7.639
1699.10	7.639
1704.11	7.639
1709.12	7.638
1714.13	7.638
1719.14	7.637
1724.15	7.637
1729.17	7.637
1734.18	7.637
1739.19	7.637
1744.20	7.636
1749.21	7.636
1754.22	7.636
1759.23	7.636
1764.25	7.636
1769.26	7.635
1774.27	7.635
1779.28	7.635
1784.29	7.635
1789.30	7.634
1794.32	7.634
1799.33	7.634
1804.34	7.634
1809.35	7.633
1814.36	7.633
1819.38	7.633
1824.39	7.632
1829.40	7.632
1834.41	7.632
1839.42	7.631
1844.43	7.631
1849.45	7.631
1854.46	7.631
1859.47	7.630
1864.48	7.630
1869.49	7.630
1874.50	7.630
1879.51	7.629
1884.53	7.629
1889.54	7.629
1894.55	7.629
1899.56	7.629
1904.57	7.629
1909.58	7.628
1914.60	7.628
1919.61	7.628
1924.62	7.628
1929.63	7.627
1934.64	7.627
1939.65	7.627
1944.66	7.626
1949.68	7.626
1954.69	7.626
1959.70	7.626
1964.71	7.625
1969.72	7.625
1974.73	7.625
1979.75	7.625
1984.76	7.624
1989.77	7.624
1994.78	7.624
1999.79	7.624
2004.80	7.623
2009.81	7.623
2014.83	7.623
2019.84	7.623
2024.85	7.622
2029.86	7.622
2034.87	7.622
2039.88	7.622
2044.90	7.621
2049.91	7.621
2054.92	7.621
2059.93	7.621
2064.94	7.621
2069.95	7.620
2074.97	7.620
2079.98	7.620
2084.99	7.620
2090.00	7.619
2095.01	7.619
2100.02	7.619
2105.04	7.619
2110.05	7.618
2115.06	7.618
2120.07	7.618
2125.08	7.617
2130.09	7.617
2135.11	7.617
2140.12	7.616
2145.13	7.616
2150.14	7.616
2155.15	7.616
2160.16	7.615
2165.18	7.615
2170.19	7.615
2175.20	7.615
2180.21	7.614
2185.22	7.614
2190.23	7.614
2195.25	7.614
2200.26	7.613
2205.27	7.613
2210.28	7.613
2215.29	7.613
2220.30	7.612
2225.32	7.612
2230.33	7.612
2235.34	7.612
2240.35	7.612
2245.36	7.611
2250.37	7.611
2255.38	7.611
2260.40	7.610
2265.41	7.610
2270.42	7.610
2275.43	7.610
2280.44	7.609
2285.45	7.609
2290.47	7.609
2295.48	7.608
2300.49	7.608
2305.50	7.608
2310.51	7.608
2315.52	7.607
2320.53	7.607
2325.55	7.607
2330.56	7.607
2335.57	7.606
2340.58	7.606
2345.59	7.606
2350.60	7.606
2355.62	7.605
2360.63	7.605
2365.64	7.605
2370.65	7.604
2375.66	7.604
2380.67	7.604
2385.69	7.603
2390.70	7.604
2395.71	7.603
2400.72	7.603
2405.73	7.603
2410.74	7.602
2415.75	7.602
2420.77	7.602
2425.78	7.601
2430.79	7.601
2435.81	7.601
2440.82	7.601
2445.83	7.600
2450.84	7.600
2455.86	7.600
2460.87	7.600
2465.89	7.600
2470.90	7.599
2475.91	7.599
2480.92	7.599
2485.93	7.599
2490.94	7.599
2495.96	7.598
2500.97	7.598
2505.98	7.597
2510.99	7.597
2516.00	7.597
2521.01	7.597
2526.03	7.596
2531.04	7.596
2536.05	7.596
2541.06	7.596
2546.07	7.595
2551.08	7.595
2556.10	7.594
2561.11	7.594
2566.12	7.594
2571.13	7.594
2576.14	7.594
2581.16	7.593
2586.17	7.593
2591.19	7.593
2596.20	7.593
2601.21	7.592
2606.22	7.592
2611.23	7.592
2616.24	7.591
2621.26	7.591
2626.27	7.591
2631.28	7.591
2636.29	7.590
2641.30	7.590
2646.31	7.589
2651.32	7.589
2656.34	7.589
2661.35	7.589
2666.36	7.589
2671.37	7.588
2676.38	7.588
2681.39	7.588
2686.41	7.587
2691.42	7.587
2696.43	7.587
2701.44	7.587
2706.45	7.586
2711.46	7.586
2716.47	7.586
2721.49	7.585
2726.50	7.585
2731.51	7.585
2736.52	7.584
2741.53	7.584
2746.54	7.584
2751.55	7.584
2756.57	7.584
2761.58	7.583
2766.59	7.583
2771.60	7.583
2776.61	7.583
2781.62	7.582
2786.63	7.582
2791.65	7.582
2796.66	7.581
2801.67	7.581
2806.68	7.581
2811.69	7.580
2816.70	7.580
2821.72	7.580
2826.73	7.580
2831.74	7.579
2836.75	7.579
2841.76	7.579
2846.77	7.578
2851.78	7.578
2856.80	7.578
2861.81	7.578
2866.82	7.577
2871.83	7.577
2876.84	7.577
2881.85	7.577
2886.87	7.576
2891.88	7.576
2896.89	7.576
2901.91	7.575
2906.92	7.575
2911.94	7.575
2916.95	7.574
2921.97	7.574
2926.98	7.574
2932.00	7.574
2937.01	7.574
2942.02	7.573
2947.04	7.573
2952.05	7.573
2957.06	7.572
2962.07	7.572
2967.08	7.571
2972.10	7.571
2977.11	7.571
2982.12	7.571
2987.13	7.570
2992.14	7.570
2997.15	7.570
3002.17	7.569
3007.18	7.569
3012.19	7.569
3017.20	7.569
3022.21	7.569
3027.22	7.568
3032.23	7.568
3037.25	7.567
3042.26	7.567
3047.27	7.567
3052.28	7.567
3057.29	7.567
3062.30	7.566
3067.32	7.566
3072.33	7.566
3077.34	7.565
3082.35	7.565
3087.36	7.565
3092.37	7.565
3097.39	7.564
3102.40	7.564
3107.41	7.563
3112.42	7.563
3117.43	7.563
3122.44	7.562
3127.45	7.562
3132.47	7.562
3137.48	7.562
3142.49	7.561
3147.50	7.561
3152.51	7.560
3157.52	7.560
3162.54	7.560
3167.55	7.560
3172.56	7.560
3177.57	7.559
3182.58	7.559
3187.59	7.559
3192.60	7.558
3197.62	7.558
3202.63	7.558
3207.64	7.557
3212.66	7.557
3217.67	7.556
3222.68	7.556
3227.69	7.557
3232.71	7.556
3237.72	7.556
3242.74	7.555
3247.75	7.555
3252.76	7.555
3257.77	7.554
3262.78	7.554
3267.79	7.554
3272.81	7.553
3277.82	7.553
3282.83	7.553
3287.84	7.552
3292.85	7.552
3297.86	7.552
3302.88	7.552
3307.89	7.552
3312.90	7.551
3317.91	7.551
3322.92	7.551
3327.93	7.551
3332.94	7.550
3337.96	7.550
3342.97	7.549
3347.98	7.549
3352.99	7.549
3358.00	7.549
3363.01	7.548
3368.03	7.548
3373.04	7.548
3378.05	7.547
3383.06	7.547
3388.07	7.547
3393.08	7.547
3398.10	7.546
3403.11	7.546
3408.12	7.546
3413.13	7.545
3418.14	7.545
3423.15	7.545
3428.16	7.544
3433.18	7.544
3438.19	7.544
3443.20	7.543
3448.21	7.543
3453.22	7.543
3458.23	7.543
3463.25	7.543
3468.26	7.542
3473.27	7.542
3478.28	7.542
3483.29	7.541
3488.30	7.541
3493.32	7.541
3498.33	7.541
3503.34	7.540
3508.35	7.540
3513.36	7.540
3518.37	7.539
3523.39	7.539
3528.40	7.539
3533.41	7.538
3538.42	7.538
3543.43	7.538
3548.44	7.538
3553.45	7.537
3558.47	7.537
3563.48	7.537
3568.49	7.536
3573.50	7.536
3578.51	7.536
3583.52	7.535
3588.54	7.535
3593.55	7.535
3598.56	7.534
3603.57	7.534
3608.58	7.534
3613.59	7.534
3618.61	7.533
3623.62	7.532
3628.63	7.533
3633.64	7.532
3638.65	7.532
3643.66	7.532
3648.68	7.531
3653.69	7.531
3658.70	7.531
3663.71	7.531
3668.72	7.530
3673.73	7.530
3678.75	7.530
3683.76	7.530
3688.77	7.530
3693.78	7.529
3698.79	7.529
3703.80	7.529
3708.81	7.528
3713.83	7.528
3718.84	7.528
3723.85	7.527
3728.86	7.527
3733.87	7.527
3738.88	7.527
3743.90	7.526
3748.91	7.526
3753.92	7.525
3758.94	7.525
3763.95	7.525
3768.96	7.525
3773.97	7.524
3778.98	7.524
3783.99	7.524
3789.00	7.524
3794.02	7.524
3799.03	7.523
3804.04	7.523
3809.05	7.522
3814.06	7.522
3819.07	7.522
3824.08	7.522
3829.10	7.521
3834.11	7.521
3839.12	7.521
3844.13	7.520
3849.14	7.520
3854.15	7.520
3859.17	7.519
3864.18	7.519
3869.19	7.519
3874.20	7.518
3879.21	7.518
3884.22	7.518
3889.24	7.518
3894.25	7.517
3899.26	7.517
3904.27	7.517
3909.28	7.517
3914.29	7.517
3919.30	7.516
3924.32	7.516
3929.33	7.516
3934.34	7.515
3939.35	7.515
3944.36	7.515
3949.37	7.515
3954.39	7.514
3959.40	7.514
3964.41	7.514
3969.42	7.513
3974.43	7.513
3979.44	7.513
3984.46	7.512
3989.47	7.512
3994.48	7.512
3999.49	7.512
4004.50	7.512
4009.51	7.512
4014.52	7.511
4019.54	7.511
4024.56	7.511
4029.57	7.511
4034.58	7.510
4039.59	7.510
4044.61	7.509
4049.62	7.509
4054.63	7.509
4059.64	7.509
4064.65	7.508
4069.66	7.508
4074.68	7.508
4079.69	7.508
4084.70	7.508
4089.71	7.507
4094.72	7.507
4099.73	7.507
4104.74	7.506
4109.76	7.506
4114.77	7.506
4119.78	7.506
4124.79	7.505
4129.81	7.505
4134.82	7.505
4139.83	7.505
4144.84	7.504
4149.85	7.504
4154.86	7.504
4159.88	7.503
4164.89	7.503
4169.90	7.503
4174.91	7.503
4179.92	7.502
4184.93	7.503
4189.94	7.502
4194.96	7.502
4199.97	7.501
4204.98	7.501
4209.99	7.501
4215.00	7.501
4220.01	7.501
4225.02	7.500
4230.04	7.500
4235.05	7.500
4240.06	7.500
4245.07	7.499
4250.08	7.499
4255.09	7.499
4260.11	7.499
4265.12	7.498
4270.13	7.498
4275.14	7.498
4280.16	7.498
4285.17	7.497
4290.18	7.497
4295.19	7.497
4300.20	7.497
4305.21	7.496
4310.22	7.496
4315.23	7.496
4320.25	7.496
4325.26	7.495
4330.27	7.495
4335.28	7.495
4340.29	7.495
4345.30	7.495
4350.32	7.494
4355.33	7.494
4360.34	7.494
4365.35	7.494
4370.36	7.493
4375.37	7.493
4380.38	7.493
4385.40	7.493
4390.41	7.492
4395.42	7.492
4400.43	7.492
4405.44	7.492
4410.45	7.492
4415.47	7.491
4420.48	7.491
4425.49	7.491
4430.50	7.491
4435.51	7.490
4440.52	7.490
4445.53	7.490
4450.54	7.490
4455.55	7.490
4460.57	7.489
4465.58	7.489
4470.59	7.489
4475.60	7.489
4480.61	7.488
4485.62	7.488
4490.64	7.488
4495.65	7.488
4500.66	7.487
4505.67	7.487
4510.69	7.487
4515.70	7.487
4520.72	7.486
4525.73	7.486
4530.74	7.486
4535.75	7.486
4540.76	7.486
4545.77	7.486
4550.79	7.485
4555.80	7.485
4560.81	7.485
4565.82	7.484
4570.83	7.485
4575.84	7.484
4580.86	7.484
4585.87	7.484
4590.88	7.484
4595.89	7.483
4600.90	7.483
4605.91	7.483
4610.93	7.483
4615.94	7.483
4620.95	7.482
4625.96	7.482
4630.97	7.481
4635.98	7.481
4640.99	7.481
4646.01	7.481
4651.02	7.481
4656.03	7.481
4661.04	7.481
4666.05	7.480
4671.06	7.480
4676.08	7.480
4681.09	7.479
4686.10	7.479
4691.11	7.479
4696.12	7.479
4701.13	7.479
4706.14	7.479
4711.16	7.479
4716.17	7.478
4721.18	7.478
4726.19	7.478
4731.20	7.477
4736.21	7.477
4741.22	7.477
4746.24	7.477
4751.25	7.477
4756.26	7.476
4761.27	7.476
4766.28	7.476
4771.29	7.476
4776.30	7.476
4781.32	7.475
4786.33	7.475
4791.34	7.475
4796.35	7.475
4801.36	7.474
4806.37	7.474
4811.39	7.474
4816.40	7.474
4821.41	7.474
4826.42	7.474
4831.43	7.473
4836.44	7.473
4841.46	7.472
4846.47	7.472
4851.48	7.472
4856.49	7.472
4861.50	7.472
4866.51	7.472
4871.53	7.472
4876.54	7.471
4881.55	7.471
4886.56	7.471
4891.57	7.471
4896.58	7.471
4901.59	7.470
4906.61	7.470
4911.62	7.470
4916.63	7.470
4921.64	7.470
4926.65	7.470
4931.66	7.470
4936.67	7.470
4941.69	7.469
4946.70	7.469
4951.71	7.469
4956.72	7.469
4961.73	7.468
4966.74	7.468
4971.76	7.468
4976.77	7.468
4981.78	7.467
4986.79	7.467
4991.80	7.467
4996.81	7.467
5001.82	7.467
5006.84	7.467
5011.86	7.467
5016.87	7.467
5021.89	7.466
5026.90	7.466
5031.91	7.466
5036.92	7.466
5041.94	7.465
5046.95	7.465
5051.96	7.465
5056.97	7.465
5061.98	7.465
5066.99	7.464
5072.00	7.464
5077.02	7.464
5082.03	7.464
5087.04	7.464
5092.05	7.463
5097.06	7.463
5102.07	7.463
5107.09	7.463
5112.10	7.463
5117.11	7.463
5122.12	7.463
5127.13	7.462
5132.14	7.462
5137.16	7.462
5142.17	7.462
5147.18	7.462
5152.19	7.462
5157.20	7.461
5162.21	7.461
5167.22	7.461
5172.24	7.461
5177.25	7.460
5182.26	7.460
5187.27	7.460
5192.28	7.460
5197.29	7.460
5202.30	7.460
5207.32	7.460
5212.33	7.459
5217.34	7.459
5222.35	7.459
5227.36	7.459
5232.37	7.459
5237.39	7.458
5242.40	7.458
5247.41	7.458
5252.42	7.458
5257.43	7.458
5262.44	7.458
5267.45	7.458
5272.47	7.458
5277.48	7.457
5282.50	7.457
5287.51	7.457
5292.53	7.457
5297.54	7.456
5302.55	7.456
5307.57	7.456
5312.59	7.456
5317.60	7.456
5322.61	7.456
5327.63	7.456
5332.64	7.455
5337.66	7.455
5342.67	7.455
5347.68	7.455
5352.69	7.455
5357.71	7.454
5362.72	7.454
5367.73	7.454
5372.74	7.454
5377.76	7.454
5382.77	7.454
5387.78	7.453
5392.80	7.453
5397.81	7.453
5402.83	7.453
5407.84	7.453
5412.86	7.453
5417.87	7.452
5422.89	7.452
5427.90	7.452
5432.92	7.452
5437.93	7.452
5442.94	7.452
5447.96	7.451
5452.98	7.451
5457.99	7.451
5463.00	7.451
5468.02	7.451
5473.04	7.451
5478.05	7.451
5483.06	7.450
5488.07	7.450
5493.08	7.450
5498.09	7.450
5503.11	7.450
5508.12	7.449
5513.13	7.449
5518.14	7.449
5523.15	7.449
5528.16	7.449
5533.17	7.449
5538.19	7.448
5543.20	7.449
5548.21	7.448
5553.22	7.448
5558.23	7.448
5563.24	7.448
5568.26	7.448
5573.27	7.448
5578.28	7.448
5583.29	7.447
5588.30	7.447
5593.31	7.447
5598.32	7.447
5603.34	7.447
5608.35	7.447
5613.36	7.446
5618.37	7.446
5623.38	7.446
5628.39	7.446
5633.40	7.446
5638.42	7.445
5643.43	7.445
5648.44	7.445
5653.45	7.445
5658.46	7.445
5663.47	7.445
5668.49	7.445
5673.50	7.444
5678.51	7.445
5683.52	7.444
5688.53	7.444
5693.54	7.444
5698.56	7.444
5703.57	7.444
5708.58	7.444
5713.59	7.443
5718.60	7.443
5723.61	7.443
5728.62	7.443
5733.64	7.443
5738.65	7.443
5743.66	7.443
5748.67	7.442
5753.68	7.442
5758.69	7.442
5763.71	7.442
5768.73	7.441
5773.75	7.441
5778.76	7.441
5783.78	7.441
5788.79	7.441
5793.80	7.441
5798.82	7.440
5803.84	7.441
5808.85	7.440
5813.87	7.440
5818.88	7.440
5823.90	7.440
5828.92	7.440
5833.93	7.440
5838.94	7.439
5843.95	7.439
5848.96	7.439
5853.97	7.439
5858.98	7.439
5864.00	7.439
5869.01	7.439
5874.02	7.439
5879.03	7.438
5884.04	7.438
5889.05	7.438
5894.07	7.438
5899.08	7.438
5904.09	7.437
5909.11	7.437
5914.12	7.437
5919.13	7.437
5924.15	7.437
5929.16	7.437
5934.18	7.437
5939.19	7.437
5944.20	7.437
5949.22	7.436
5954.24	7.436
5959.25	7.436
5964.27	7.436
5969.28	7.436
5974.29	7.436
5979.31	7.436
5984.32	7.435
5989.33	7.435
5994.35	7.435
5999.36	7.435
6004.38	7.434
6009.39	7.435
6014.40	7.435
6019.41	7.434
6024.42	7.434
6029.43	7.434
6034.45	7.434
6039.46	7.434
6044.47	7.434
6049.48	7.434
6054.49	7.433
6059.50	7.433
6064.52	7.433
6069.53	7.433
6074.54	7.433
6079.55	7.433
6084.56	7.433
6089.57	7.432
6094.58	7.432
6099.60	7.432
6104.61	7.432
6109.62	7.432
6114.63	7.432
6119.64	7.431
6124.65	7.432
6129.66	7.431
6134.68	7.431
6139.69	7.431
6144.70	7.431
6149.71	7.431
6154.72	7.431
6159.73	7.431
6164.74	7.431
6169.76	7.430
6174.77	7.430
6179.78	7.430
6184.79	7.429
6189.80	7.429
6194.81	7.429
6199.83	7.429
6204.84	7.430
6209.85	7.429
6214.86	7.429
6219.87	7.429
6224.88	7.429
6229.90	7.429
6234.91	7.428
6239.92	7.428
6244.93	7.428
6249.94	7.428
6254.95	7.427
6259.97	7.428
6265.00	7.427
6270.02	7.427
6275.03	7.427
6280.05	7.427
6285.06	7.427
6290.08	7.427
6295.09	7.427
6300.10	7.426
6305.12	7.426
6310.13	7.426
6315.15	7.426
6320.16	7.426
6325.17	7.426
6330.18	7.426
6335.19	7.426
6340.20	7.425
6345.21	7.425
6350.23	7.425
6355.24	7.425
6360.25	7.425
6365.26	7.425
6370.27	7.425
6375.28	7.425
6380.30	7.425
6385.31	7.424
6390.32	7.424
6395.34	7.424
6400.35	7.424
6405.36	7.423
6410.37	7.423
6415.38	7.423
6420.40	7.423
6425.41	7.423
6430.42	7.423
6435.43	7.423
6440.44	7.423
6445.45	7.423
6450.46	7.423
6455.48	7.422
6460.49	7.422
6465.50	7.422
6470.51	7.422
6475.52	7.421
6480.53	7.421
6485.55	7.421
6490.56	7.421
6495.57	7.422
6500.58	7.421
6505.59	7.421
6510.60	7.421
6515.62	7.421
6520.63	7.421
6525.64	7.420
6530.65	7.420
6535.66	7.420
6540.67	7.420
6545.69	7.420
6550.70	7.420
6555.71	7.419
6560.72	7.419
6565.73	7.419
6570.74	7.419
6575.75	7.419
6580.77	7.419
6585.78	7.419
6590.79	7.419
6595.80	7.419
6600.81	7.418
6605.82	7.419
6610.84	7.418
6615.85	7.418
6620.86	7.418
6625.87	7.418
6630.88	7.418
6635.89	7.418
6640.90	7.417
6645.92	7.417
6650.93	7.417
6655.94	7.417
6660.95	7.417
6665.96	7.417
6670.97	7.417
6675.99	7.416
6681.00	7.417
6686.01	7.416
6691.02	7.416
6696.03	7.416
6701.04	7.416
6706.05	7.416
6711.07	7.415
6716.08	7.416
6721.09	7.415
6726.10	7.415
6731.11	7.415
6736.12	7.415
6741.14	7.415
6746.15	7.414
6751.16	7.414
6756.18	7.414
6761.19	7.414
6766.21	7.414
6771.22	7.414
6776.24	7.414
6781.25	7.414
6786.26	7.413
6791.28	7.414
6796.29	7.413
6801.31	7.413
6806.32	7.413
6811.33	7.413
6816.34	7.413
6821.35	7.413
6826.36	7.413
6831.37	7.412
6836.39	7.412
6841.40	7.412
6846.41	7.412
6851.43	7.412
6856.44	7.412
6861.46	7.412
6866.47	7.411
6871.49	7.411
6876.50	7.411
6881.51	7.411
6886.53	7.411
6891.54	7.411
6896.56	7.411
6901.57	7.410
6906.58	7.410
6911.60	7.410
6916.61	7.410
6921.62	7.410
6926.63	7.409
6931.64	7.410
6936.65	7.410
6941.67	7.409
6946.68	7.409
6951.69	7.409
6956.70	7.409
6961.71	7.409
6966.72	7.409
6971.74	7.409
6976.76	7.408
6981.77	7.408
6986.79	7.408
6991.80	7.408
6996.81	7.408
7001.83	7.408
7006.84	7.407
7011.86	7.407
7016.88	7.407
7021.89	7.407
7026.90	7.407
7031.91	7.407
7036.92	7.407
7041.93	7.406
7046.95	7.406
7051.96	7.406
7056.97	7.406
7061.98	7.406
7066.99	7.406
7072.00	7.406
7077.02	7.405
7082.03	7.405
7087.04	7.405
7092.06	7.405
7097.07	7.405
7102.09	7.405
7107.10	7.405
7112.12	7.404
7117.13	7.404
7122.15	7.404
7127.16	7.404
7132.17	7.404
7137.19	7.404
7142.20	7.403
7147.21	7.404
7152.22	7.403
7157.24	7.403
7162.25	7.403
7167.26	7.403
7172.27	7.403
7177.28	7.402
7182.29	7.402
7187.31	7.402
7192.32	7.402
7197.33	7.402
7202.34	7.402
7207.35	7.402
7212.37	7.402
7217.38	7.402
7222.40	7.402
7227.41	7.402
7232.42	7.401
7237.43	7.401
7242.45	7.401
7247.46	7.401
7252.47	7.401
7257.48	7.401
7262.49	7.400
7267.51	7.400
7272.52	7.400
7277.53	7.400
7282.54	7.400
7287.55	7.400
7292.57	7.400
7297.58	7.400
7302.59	7.399
7307.60	7.399
7312.61	7.399
7317.62	7.399
7322.64	7.399
7327.65	7.399
7332.66	7.398
7337.67	7.398
7342.68	7.398
7347.69	7.398
7352.70	7.398
7357.72	7.398
7362.73	7.398
7367.74	7.397
7372.75	7.397
7377.76	7.397
7382.77	7.397
7387.79	7.397
7392.80	7.397
7397.81	7.397
7402.82	7.396
7407.83	7.396
7412.84	7.396
7417.86	7.396
7422.87	7.396
7427.88	7.396
7432.89	7.396
7437.90	7.396
7442.91	7.395
7447.92	7.395
7452.94	7.395
7457.95	7.395
7462.96	7.395
7467.97	7.395
7472.98	7.395
7477.99	7.394
7483.00	7.394
7488.02	7.394
7493.03	7.394
7498.04	7.394
7503.05	7.393
7508.06	7.393
7513.07	7.393
7518.09	7.393
7523.10	7.393
7528.11	7.393
7533.12	7.393
7538.13	7.392
7543.14	7.392
7548.15	7.392
7553.17	7.392
7558.18	7.392
7563.19	7.392
7568.20	7.392
7573.21	7.392
7578.22	7.391
7583.23	7.391
7588.25	7.391
7593.26	7.391
7598.27	7.391
7603.29	7.390
7608.30	7.390
7613.32	7.390
7618.33	7.390
7623.34	7.390
7628.36	7.390
7633.37	7.389
7638.39	7.389
7643.40	7.389
7648.42	7.389
7653.43	7.389
7658.44	7.389
7663.46	7.389
7668.47	7.388
7673.48	7.388
7678.49	7.388
7683.50	7.388
7688.51	7.388
7693.53	7.388
7698.54	7.387
7703.55	7.387
7708.56	7.387
7713.58	7.387
7718.59	7.386
7723.61	7.386
7728.62	7.386
7733.63	7.386
7738.64	7.386
7743.65	7.386
7748.66	7.386
7753.67	7.386
7758.69	7.386
7763.70	7.385
7768.71	7.385
7773.72	7.385
7778.73	7.385
7783.74	7.384
7788.76	7.384
7793.77	7.384
7798.78	7.384
7803.79	7.384
7808.80	7.383
7813.81	7.384
7818.82	7.383
7823.84	7.383
7828.85	7.383
7833.86	7.383
7838.87	7.382
7843.88	7.382
7848.89	7.382
7853.91	7.382
7858.92	7.382
7863.93	7.382
7868.94	7.381
7873.95	7.381
7878.96	7.381
7883.98	7.381
7888.99	7.381
7894.00	7.381
7899.01	7.380
7904.02	7.380
7909.03	7.380
7914.04	7.380
7919.06	7.380
7924.07	7.380
7929.08	7.379
7934.09	7.379
7939.10	7.379
7944.11	7.379
7949.13	7.378
7954.14	7.378
7959.15	7.378
7964.16	7.378
7969.17	7.378
7974.18	7.378
7979.20	7.377
7984.21	7.377
7989.22	7.377
7994.23	7.376
7999.24	7.376
8004.26	7.376
8009.27	7.376
8014.28	7.376
8019.29	7.376
8024.30	7.376
8029.31	7.376
8034.32	7.375
8039.34	7.375
8044.35	7.375
8049.36	7.375
8054.37	7.375
8059.38	7.375
8064.39	7.374
8069.41	7.374
8074.42	7.374
8079.43	7.373
8084.44	7.373
8089.45	7.373
8094.46	7.373
8099.48	7.373
8104.49	7.373
8109.50	7.373
8114.52	7.372
8119.53	7.372
8124.55	7.372
8129.56	7.371
8134.57	7.371
8139.59	7.371
8144.60	7.371
8149.61	7.371
8154.62	7.370
8159.63	7.370
8164.65	7.370
8169.67	7.370
8174.68	7.370
8179.69	7.370
8184.71	7.369
8189.72	7.369
8194.73	7.369
8199.75	7.368
8204.76	7.368
8209.78	7.368
8214.79	7.368
8219.80	7.368
8224.82	7.367
8229.83	7.367
8234.84	7.367
8239.85	7.367
8244.86	7.366
8249.87	7.366
8254.89	7.366
8259.90	7.366
8264.91	7.366
8269.93	7.365
8274.94	7.365
8279.96	7.365
8284.97	7.364
8289.98	7.364
8295.00	7.364
8300.01	7.364
8305.02	7.364
8310.04	7.363
8315.05	7.363
8320.06	7.363
8325.07	7.363
8330.08	7.362
8335.09	7.362
8340.10	7.362
8345.12	7.362
8350.13	7.362
8355.14	7.361
8360.15	7.361
8365.16	7.361
8370.18	7.361
8375.19	7.360
8380.20	7.360
8385.21	7.359
8390.22	7.359
8395.23	7.359
8400.25	7.359
8405.26	7.358
8410.27	7.358
8415.28	7.358
8420.29	7.358
8425.30	7.358
8430.31	7.357
8435.32	7.357
8440.34	7.357
8445.35	7.356
8450.36	7.356
8455.37	7.356
8460.38	7.356
8465.39	7.355
8470.40	7.355
8475.42	7.355
8480.43	7.354
8485.44	7.354
8490.45	7.354
8495.46	7.354
8500.47	7.353
8505.49	7.353
8510.50	7.353
8515.51	7.353
8520.52	7.353
8525.53	7.352
8530.55	7.352
8535.56	7.351
8540.57	7.351
8545.58	7.351
8550.59	7.351
8555.60	7.350
8560.61	7.350
8565.63	7.350
8570.64	7.350
8575.65	7.349
8580.66	7.349
8585.67	7.349
8590.68	7.348
8595.69	7.348
8600.71	7.348
8605.72	7.347
8610.73	7.347
8615.74	7.347
8620.75	7.347
8625.76	7.346
8630.78	7.346
8635.79	7.346
8640.80	7.345
8645.81	7.345
8650.82	7.345
8655.83	7.344
8660.84	7.344
8665.86	7.344
8670.87	7.343
8675.88	7.343
8680.89	7.343
8685.90	7.343
8690.91	7.342
8695.92	7.342
8700.94	7.341
8705.95	7.341
8710.96	7.341
8715.97	7.341
8720.98	7.340
8725.99	7.340
8731.00	7.339
8736.02	7.339
8741.03	7.339
8746.04	7.338
8751.05	7.338
8756.06	7.338
8761.07	7.337
8766.08	7.337
8771.10	7.336
8776.11	7.336
8781.12	7.336
8786.13	7.335
8791.14	7.335
8796.15	7.335
8801.17	7.334
8806.18	7.334
8811.19	7.334
8816.20	7.333
8821.21	7.333
8826.22	7.333
8831.23	7.332
8836.25	7.332
8841.26	7.332
8846.27	7.331
8851.28	7.331
8856.29	7.330
8861.30	7.330
8866.32	7.330
8871.33	7.329
8876.34	7.329
8881.35	7.328
8886.36	7.328
8891.37	7.328
8896.39	7.327
8901.40	7.327
8906.41	7.326
8911.42	7.326
8916.43	7.325
8921.44	7.325
8926.46	7.325
8931.47	7.324
8936.48	7.324
8941.49	7.323
8946.50	7.323
8951.51	7.323
8956.52	7.323
8961.54	7.322
8966.55	7.322
8971.56	7.321
8976.57	7.320
8981.58	7.320
8986.59	7.320
8991.61	7.319
8996.62	7.319
9001.63	7.318
9006.64	7.318
9011.65	7.318
9016.66	7.317
9021.68	7.317
9026.69	7.316
9031.70	7.316
9036.71	7.315
9041.72	7.315
9046.73	7.314
9051.74	7.314
9056.76	7.314
9061.77	7.313
9066.78	7.313
9071.79	7.312
9076.80	7.312
9081.81	7.311
9086.83	7.311
9091.84	7.310
9096.85	7.310
9101.86	7.309
9106.87	7.309
9111.88	7.308
9116.90	7.308
9121.91	7.308
9126.93	7.307
9131.94	7.307
9136.96	7.306
9141.97	7.306
9146.99	7.305
9152.00	7.305
9157.01	7.304
9162.03	7.304
9167.04	7.303
9172.06	7.302
9177.07	7.302
9182.08	7.302
9187.09	7.301
9192.11	7.301
9197.12	7.300
9202.13	7.300
9207.14	7.299
9212.16	7.299
9217.17	7.298
9222.19	7.298
9227.20	7.297
9232.21	7.296
9237.23	7.296
9242.24	7.296
9247.26	7.295
9252.27	7.294
9257.28	7.294
9262.29	7.293
9267.31	7.293
9272.32	7.292
9277.33	7.291
9282.34	7.291
9287.35	7.290
9292.36	7.290
9297.37	7.289
9302.39	7.289
9307.40	7.288
9312.41	7.287
9317.42	7.287
9322.43	7.286
9327.44	7.286
9332.46	7.285
9337.47	7.285
9342.48	7.284
9347.49	7.283
9352.50	7.283
9357.51	7.282
9362.53	7.282
9367.54	7.281
9372.55	7.281
9377.56	7.280
9382.57	7.279
9387.58	7.279
9392.60	7.278
9397.61	7.277
9402.62	7.277
9407.63	7.276
9412.64	7.276
9417.65	7.275
9422.66	7.275
9427.68	7.274
9432.69	7.273
9437.70	7.273
9442.71	7.272
9447.72	7.271
9452.73	7.270
9457.74	7.270
9462.76	7.269
9467.77	7.268
9472.78	7.268
9477.79	7.267
9482.80	7.267
9487.81	7.266
9492.83	7.266
9497.84	7.265
9502.85	7.264
9507.87	7.264
9512.88	7.263
9517.90	7.262
9522.91	7.262
9527.93	7.261
9532.94	7.260
9537.95	7.260
9542.97	7.259
9547.98	7.258
9553.00	7.257
9558.01	7.257
9563.02	7.256
9568.03	7.255
9573.05	7.255
9578.06	7.254
9583.07	7.253
9588.09	7.253
9593.10	7.252
9598.12	7.252
9603.13	7.251
9608.15	7.250
9613.16	7.249
9618.18	7.249
9623.19	7.248
9628.20	7.247
9633.21	7.246
9638.22	7.246
9643.24	7.245
9648.25	7.244
9653.26	7.243
9658.28	7.243
9663.29	7.242
9668.31	7.241
9673.32	7.241
9678.34	7.240
9683.35	7.239
9688.37	7.239
9693.38	7.238
9698.40	7.237
9703.41	7.236
9708.42	7.236
9713.43	7.235
9718.45	7.234
9723.46	7.233
9728.47	7.232
9733.48	7.232
9738.49	7.231
9743.50	7.230
9748.52	7.230
9753.53	7.229
9758.54	7.228
9763.56	7.227
9768.57	7.227
9773.59	7.226
9778.60	7.225
9783.61	7.224
9788.62	7.223
9793.63	7.223
9798.64	7.222
9803.66	7.222
9808.67	7.221
9813.68	7.220
9818.69	7.219
9823.70	7.219
9828.71	7.218
9833.73	7.217
9838.74	7.216
9843.75	7.215
9848.76	7.214
9853.77	7.213
9858.78	7.213
9863.79	7.212
9868.81	7.211
9873.82	7.211
9878.83	7.210
9883.84	7.209
9888.85	7.208
9893.86	7.207
9898.88	7.207
9903.89	7.206
9908.90	7.205
9913.91	7.204
9918.92	7.204
9923.93	7.203
9928.94	7.202
9933.96	7.201
9938.97	7.201
9943.98	7.200
9948.99	7.199
9954.00	7.198
9959.01	7.197
9964.03	7.197
9969.04	7.196
9974.05	7.195
9979.06	7.194
9984.07	7.193
9989.08	7.192
9994.10	7.192
9999.11	7.191
10004.12	7.190
10009.13	7.190
10014.14	7.189
10019.15	7.188
10024.17	7.187
10029.18	7.186
10034.19	7.185
10039.20	7.185
10044.21	7.184
10049.22	7.183
10054.23	7.182
10059.25	7.181
10064.26	7.181
10069.27	7.180
10074.28	7.179
10079.29	7.178
10084.30	7.177
10089.32	7.176
10094.33	7.176
10099.34	7.175
10104.35	7.174
10109.36	7.173
10114.37	7.172
10119.38	7.171
10124.40	7.170
10129.41	7.169
10134.42	7.168
10139.43	7.168
10144.44	7.167
10149.45	7.166
10154.47	7.165
10159.48	7.164
10164.49	7.164
10169.50	7.163
10174.51	7.162
10179.52	7.161
10184.53	7.160
10189.55	7.159
10194.56	7.158
10199.57	7.157
10204.58	7.157
10209.59	7.156
10214.60	7.155
10219.62	7.154
10224.63	7.153
10229.64	7.152
10234.65	7.151
10239.66	7.151
10244.67	7.150
10249.69	7.149
10254.70	7.148
10259.71	7.147
10264.72	7.146
10269.73	7.145
10274.74	7.144
10279.76	7.144
10284.77	7.143
10289.78	7.142
10294.79	7.141
10299.80	7.140
10304.81	7.139
10309.82	7.138
10314.84	7.137
10319.85	7.137
10324.86	7.136
10329.87	7.135
10334.88	7.134
10339.89	7.133
10344.91	7.132
10349.92	7.131
10354.93	7.130
10359.94	7.129
10364.95	7.128
10369.96	7.127
10374.97	7.127
10379.99	7.126
10385.00	7.125
10390.01	7.124
10395.02	7.123
10400.03	7.122
10405.04	7.121
10410.06	7.120
10415.07	7.119
10420.08	7.119
10425.09	7.117
10430.10	7.116
10435.11	7.116
10440.13	7.115
10445.14	7.114
10450.15	7.113
10455.16	7.112
10460.17	7.111
10465.18	7.110
10470.19	7.110
10475.21	7.109
10480.22	7.108
10485.23	7.107
10490.24	7.106
10495.25	7.105
10500.26	7.104
10505.28	7.103
10510.29	7.102
10515.30	7.101
10520.31	7.100
10525.32	7.099
10530.33	7.099
10535.35	7.098
10540.36	7.097
10545.37	7.095
10550.38	7.095
10555.39	7.094
10560.40	7.093
10565.41	7.092
10570.43	7.091
10575.44	7.090
10580.45	7.089
10585.46	7.088
10590.47	7.087
10595.48	7.086
10600.50	7.085
10605.51	7.084
10610.52	7.083
10615.53	7.082
10620.54	7.081
10625.55	7.080
10630.57	7.079
10635.58	7.078
10640.59	7.077
10645.60	7.076
10650.61	7.075
10655.62	7.074
10660.63	7.074
10665.65	7.073
10670.66	7.072
10675.67	7.071
10680.68	7.070
10685.69	7.069
10690.70	7.068
10695.72	7.067
10700.73	7.065
10705.74	7.064
10710.75	7.064
10715.76	7.063
10720.77	7.062
10725.78	7.061
10730.80	7.060
10735.81	7.059
10740.82	7.058
10745.83	7.057
10750.84	7.056
10755.85	7.055
10760.87	7.054
10765.88	7.053
10770.89	7.052
10775.90	7.051
10780.91	7.050
10785.92	7.049
10790.93	7.048
10795.95	7.047
10800.96	7.046
10805.97	7.045
10810.98	7.044
10815.99	7.043
10821.00	7.042
10826.02	7.041
10831.03	7.040
10836.04	7.039
10841.05	7.038
10846.06	7.037
10851.07	7.036
10856.08	7.035
10861.10	7.034
10866.11	7.033
10871.12	7.031
10876.13	7.030
10881.14	7.030
10886.15	7.029
10891.17	7.028
10896.18	7.027
10901.19	7.026
10906.20	7.025
10911.21	7.023
10916.22	7.022
10921.23	7.021
10926.25	7.020
10931.26	7.019
10936.27	7.018
10941.28	7.017
10946.29	7.016
10951.30	7.015
10956.32	7.014
10961.33	7.013
10966.34	7.012
10971.35	7.011
10976.36	7.010
10981.38	7.009
10986.39	7.008
10991.41	7.007
10996.42	7.006
11001.44	7.005
11006.45	7.004
11011.47	7.003
11016.48	7.002
11021.50	7.001
11026.51	7.000
11031.53	6.998
11036.54	6.997
11041.55	6.997
11046.57	6.995
11051.58	6.994
11056.59	6.993
11061.60	6.992
11066.61	6.991
11071.63	6.990
11076.64	6.989
11081.65	6.988
11086.66	6.987
11091.68	6.986
11096.69	6.985
11101.71	6.983
11106.72	6.982
11111.74	6.982
11116.76	6.980
11121.77	6.979
11126.78	6.978
11131.80	6.977
11136.81	6.976
11141.82	6.975
11146.83	6.974
11151.85	6.973
11156.86	6.972
11161.88	6.970
11166.89	6.969
11171.91	6.968
11176.92	6.968
11181.94	6.966
11186.95	6.965
11191.97	6.964
11196.99	6.963
11202.00	6.962
11207.01	6.961
11212.03	6.959
11217.05	6.958
11222.06	6.957
11227.07	6.956
11232.09	6.955
11237.10	6.953
11242.12	6.953
11247.13	6.951
11252.15	6.950
11257.16	6.949
11262.17	6.948
11267.18	6.947
11272.19	6.946
11277.20	6.945
11282.22	6.944
11287.23	6.943
11292.24	6.942
11297.26	6.940
11302.27	6.939
11307.28	6.938
11312.29	6.937
11317.31	6.936
11322.32	6.935
11327.34	6.934
11332.35	6.932
11337.36	6.931
11342.37	6.930
11347.38	6.929
11352.39	6.928
11357.41	6.926
11362.42	6.926
11367.43	6.924
11372.44	6.923
11377.45	6.922
11382.47	6.920
11387.49	6.920
11392.50	6.918
11397.52	6.917
11402.53	6.916
11407.54	6.915
11412.55	6.914
11417.57	6.912
11422.58	6.911
11427.59	6.910
11432.60	6.909
11437.61	6.908
11442.62	6.907
11447.64	6.906
11452.65	6.904
11457.66	6.903
11462.67	6.902
11467.68	6.901
11472.69	6.899
11477.70	6.898
11482.72	6.897
11487.73	6.896
11492.74	6.895
11497.75	6.894
11502.76	6.892
11507.77	6.891
11512.79	6.890
11517.80	6.889
11522.81	6.887
11527.82	6.886
11532.83	6.885
11537.84	6.884
11542.85	6.883
11547.87	6.881
11552.88	6.880
11557.89	6.879
11562.90	6.878
11567.91	6.877
11572.92	6.875
11577.94	6.874
11582.95	6.873
11587.96	6.871
11592.97	6.870
11597.98	6.869
11602.99	6.868
11608.00	6.867
11613.02	6.865
11618.03	6.864
11623.04	6.863
11628.05	6.862
11633.06	6.860
11638.07	6.859
11643.09	6.857
11648.10	6.856
11653.11	6.855
11658.12	6.854
11663.13	6.853
11668.14	6.852
11673.15	6.850
11678.17	6.849
11683.18	6.848
11688.19	6.847
11693.20	6.846
11698.21	6.844
11703.22	6.843
11708.23	6.842
11713.25	6.840
11718.26	6.839
11723.27	6.837
11728.28	6.836
11733.29	6.835
11738.30	6.833
11743.32	6.832
11748.33	6.831
11753.34	6.830
11758.35	6.829
11763.36	6.827
11768.37	6.826
11773.38	6.825
11778.40	6.823
11783.41	6.822
11788.42	6.821
11793.44	6.819
11798.45	6.818
11803.46	6.817
11808.48	6.816
11813.49	6.814
11818.50	6.813
11823.52	6.811
11828.53	6.810
11833.54	6.809
11838.55	6.808
11843.56	6.806
11848.57	6.805
11853.59	6.804
11858.60	6.802
11863.61	6.801
11868.62	6.799
11873.63	6.798
11878.64	6.797
11883.65	6.795
11888.67	6.794
11893.68	6.793
11898.69	6.791
11903.70	6.790
11908.71	6.789
11913.72	6.787
11918.74	6.786
11923.75	6.785
11928.76	6.783
11933.77	6.782
11938.78	6.781
11943.79	6.779
11948.81	6.778
11953.82	6.776
11958.83	6.775
11963.84	6.774
11968.85	6.772
11973.86	6.771
11978.87	6.769
11983.89	6.768
11988.90	6.767
11993.91	6.766
11998.92	6.764
12003.93	6.763
12008.94	6.761
12013.96	6.760
12018.97	6.759
12023.98	6.757
12028.99	6.756
12034.00	6.754
12039.01	6.753
12044.02	6.751
12049.04	6.750
12054.05	6.749
12059.06	6.747
12064.07	6.746
12069.08	6.744
12074.09	6.743
12079.11	6.742
12084.12	6.740
12089.13	6.739
12094.14	6.737
12099.15	6.736
12104.17	6.734
12109.18	6.732
12114.19	6.731
12119.21	6.730
12124.22	6.728
12129.23	6.727
12134.24	6.725
12139.26	6.724
12144.27	6.723
12149.28	6.721
12154.29	6.719
12159.30	6.718
12164.31	6.717
12169.33	6.715
12174.34	6.714
12179.35	6.712
12184.36	6.711
12189.37	6.709
12194.38	6.708
12199.40	6.706
12204.41	6.705
12209.43	6.703
12214.44	6.702
12219.45	6.701
12224.46	6.699
12229.47	6.698
12234.49	6.696
12239.50	6.695
12244.51	6.693
12249.52	6.691
12254.53	6.690
12259.54	6.688
12264.56	6.687
12269.57	6.685
12274.58	6.684
12279.59	6.682
12284.60	6.681
12289.61	6.679
12294.62	6.678
12299.64	6.676
12304.65	6.675
12309.66	6.673
12314.67	6.672
12319.68	6.670
12324.69	6.669
12329.71	6.667
12334.72	6.666
12339.73	6.664
12344.74	6.662
12349.75	6.661
12354.76	6.660
12359.77	6.658
12364.79	6.656
12369.80	6.655
12374.81	6.653
12379.82	6.651
12384.83	6.650
12389.84	6.648
12394.86	6.647
12399.87	6.645
12404.88	6.643
12409.90	6.642
12414.91	6.641
12419.92	6.639
12424.94	6.637
12429.95	6.636
12434.96	6.634
12439.98	6.633
12444.99	6.631
12450.00	6.630
12455.01	6.628
12460.02	6.626
12465.03	6.625
12470.04	6.623
12475.06	6.621
12480.07	6.620
12485.08	6.618
12490.09	6.617
12495.10	6.615
12500.11	6.614
12505.13	6.612
12510.14	6.610
12515.15	6.609
12520.16	6.607
12525.17	6.606
12530.18	6.604
12535.19	6.602
12540.20	6.601
12545.22	6.599
12550.23	6.598
12555.24	6.596
12560.25	6.594
12565.26	6.593
12570.27	6.591
12575.29	6.589
12580.30	6.588
12585.31	6.586
12590.32	6.584
12595.33	6.582
12600.34	6.581
12605.35	6.579
12610.37	6.577
12615.38	6.576
12620.39	6.574
12625.41	6.573
12630.42	6.571
12635.44	6.569
12640.45	6.567
12645.46	6.566
12650.47	6.564
12655.49	6.562
12660.50	6.561
12665.51	6.559
12670.52	6.557
12675.53	6.555
12680.54	6.554
12685.55	6.552
12690.57	6.550
12695.58	6.548
12700.59	6.547
12705.60	6.545
12710.61	6.543
12715.62	6.542
12720.64	6.540
12725.65	6.538
12730.66	6.537
12735.67	6.535
12740.68	6.533
12745.69	6.531
12750.71	6.530
12755.72	6.528
12760.73	6.526
12765.74	6.524
12770.75	6.522
12775.76	6.521
12780.77	6.519
12785.79	6.517
12790.80	6.515
12795.81	6.514
12800.82	6.512
12805.83	6.510
12810.84	6.509
12815.86	6.507
12820.87	6.505
12825.88	6.503
12830.89	6.501
12835.91	6.499
12840.92	6.498
12845.93	6.496
12850.95	6.494
12855.96	6.492
12860.97	6.490
12865.98	6.488
12871.00	6.487
12876.01	6.485
12881.02	6.483
12886.03	6.481
12891.04	6.480
12896.05	6.478
12901.07	6.476
12906.08	6.474
12911.09	6.472
12916.10	6.471
12921.11	6.469
12926.12	6.467
12931.14	6.465
12936.15	6.463
12941.16	6.461
12946.17	6.459
12951.18	6.458
12956.19	6.456
12961.21	6.454
12966.22	6.452
12971.23	6.450
12976.24	6.448
12981.25	6.447
12986.26	6.444
12991.27	6.442
12996.29	6.441
13001.30	6.439
13006.31	6.437
13011.32	6.435
13016.33	6.433
13021.34	6.431
13026.36	6.429
13031.37	6.427
13036.38	6.425
13041.39	6.423
13046.41	6.421
13051.42	6.419
13056.43	6.417
13061.45	6.415
13066.46	6.413
13071.47	6.411
13076.49	6.409
13081.50	6.407
13086.51	6.405
13091.52	6.403
13096.53	6.401
13101.54	6.399
13106.55	6.397
13111.57	6.395
13116.58	6.393
13121.59	6.391
13126.60	6.389
13131.61	6.387
13136.62	6.385
13141.64	6.383
13146.65	6.381
13151.66	6.379
13156.67	6.377
13161.68	6.375
13166.69	6.373
13171.71	6.371
13176.72	6.369
13181.73	6.367
13186.74	6.364
13191.75	6.362
13196.76	6.360
13201.78	6.358
13206.79	6.356
13211.80	6.354
13216.81	6.351
13221.82	6.349
13226.83	6.347
13231.84	6.345
13236.86	6.343
13241.87	6.341
13246.88	6.339
13251.89	6.337
13256.90	6.334
13261.91	6.332
13266.92	6.330
13271.94	6.328
13276.95	6.325
13281.96	6.323
13286.97	6.321
13291.98	6.319
13296.99	6.317
13302.01	6.314
13307.02	6.312
13312.03	6.310
13317.04	6.307
13322.05	6.305
13327.06	6.303
13332.07	6.301
13337.09	6.298
13342.10	6.296
13347.11	6.293
13352.12	6.291
13357.13	6.289
13362.14	6.287
13367.16	6.284
13372.17	6.282
13377.18	6.280
13382.19	6.277
13387.20	6.275
13392.21	6.273
13397.22	6.271
13402.23	6.268
13407.25	6.266
13412.26	6.264
13417.27	6.261
13422.28	6.259
13427.29	6.257
13432.30	6.254
13437.32	6.252
13442.33	6.250
13447.34	6.248
13452.35	6.245
13457.37	6.243
13462.38	6.240
13467.40	6.238
13472.41	6.236
13477.42	6.233
13482.43	6.231
13487.44	6.229
13492.45	6.227
13497.46	6.224
13502.48	6.222
13507.49	6.220
13512.50	6.217
13517.51	6.215
13522.52	6.212
13527.53	6.210
13532.54	6.208
13537.56	6.205
13542.57	6.203
13547.58	6.201
13552.59	6.198
13557.60	6.196
13562.61	6.193
13567.63	6.191
13572.64	6.189
13577.65	6.187
13582.66	6.185
13587.67	6.182
13592.68	6.180
13597.69	6.177
13602.71	6.175
13607.72	6.173
13612.73	6.170
13617.74	6.168
13622.75	6.166
13627.76	6.163
13632.78	6.161
13637.79	6.158
13642.80	6.156
13647.81	6.154
13652.82	6.152
13657.83	6.149
13662.85	6.147
13667.86	6.144
13672.88	6.142
13677.89	6.140
13682.90	6.138
13687.91	6.135
13692.92	6.133
13697.94	6.131
13702.95	6.128
13707.96	6.126
13712.97	6.123
13717.98	6.121
13722.99	6.119
13728.01	6.117
13733.02	6.114
13738.03	6.112
13743.04	6.110
13748.05	6.107
13753.06	6.105
13758.07	6.103
13763.09	6.100
13768.10	6.098
13773.11	6.096
13778.12	6.094
13783.13	6.091
13788.14	6.089
13793.16	6.087
13798.17	6.085
13803.18	6.082
13808.19	6.080
13813.20	6.078
13818.21	6.075
13823.22	6.073
13828.23	6.071
13833.25	6.069
13838.26	6.066
13843.27	6.064
13848.28	6.062
13853.29	6.059
13858.30	6.057
13863.32	6.055
13868.33	6.053
13873.35	6.050
13878.36	6.048
13883.38	6.046
13888.39	6.044
13893.40	6.042
13898.41	6.039
13903.42	6.037
13908.43	6.035
13913.44	6.033
13918.46	6.030
13923.47	6.028
13928.48	6.026
13933.49	6.024
13938.50	6.022
13943.51	6.019
13948.53	6.017
13953.54	6.015
13958.55	6.013
13963.56	6.011
13968.57	6.008
13973.58	6.006
13978.60	6.004
13983.61	6.002
13988.62	5.999
13993.63	5.997
13998.64	5.995
14003.65	5.993
14008.66	5.991
14013.68	5.989
14018.69	5.986
14023.70	5.984
14028.71	5.982
14033.72	5.980
14038.73	5.978
14043.75	5.976
14048.76	5.973
