2.51	7.892
7.52	7.892
12.53	7.892
17.54	7.892
22.55	7.892
27.56	7.891
32.58	7.891
37.59	7.892
42.60	7.891
47.61	7.891
52.62	7.891
57.63	7.891
62.65	7.681
67.66	7.687
72.67	7.690
77.68	7.693
82.69	7.694
87.70	7.695
92.71	7.695
97.73	7.696
102.74	7.696
107.75	7.696
112.76	7.695
117.77	7.695
122.78	7.695
127.80	7.694
132.81	7.694
137.82	7.693
142.83	7.693
147.84	7.693
152.85	7.693
157.87	7.692
162.88	7.692
167.89	7.692
172.90	7.691
177.91	7.691
182.92	7.690
187.93	7.690
192.94	7.689
197.96	7.689
202.97	7.689
207.98	7.689
212.99	7.688
218.00	7.688
223.01	7.688
228.03	7.687
233.04	7.687
238.05	7.687
243.06	7.686
248.07	7.686
253.08	7.686
258.10	7.685
263.11	7.685
268.12	7.685
273.13	7.684
278.14	7.684
283.15	7.684
288.17	7.684
293.18	7.683
298.19	7.683
303.21	7.683
308.22	7.683
313.23	7.682
318.24	7.682
323.25	7.682
328.26	7.681
333.28	7.681
338.29	7.681
343.30	7.681
348.31	7.680
353.32	7.680
358.33	7.680
363.35	7.679
368.36	7.679
373.37	7.679
378.38	7.679
383.39	7.678
388.40	7.678
393.42	7.678
398.43	7.678
403.44	7.677
408.45	7.677
413.46	7.677
418.47	7.677
423.48	7.676
428.50	7.676
433.51	7.676
438.52	7.676
443.53	7.676
448.54	7.676
453.55	7.675
458.57	7.675
463.58	7.675
468.59	7.674
473.60	7.674
478.61	7.674
483.62	7.674
488.64	7.673
493.65	7.673
498.66	7.673
503.67	7.672
508.68	7.672
513.69	7.672
518.71	7.671
523.72	7.671
528.73	7.671
533.74	7.671
538.75	7.671
543.76	7.671
548.77	7.670
553.79	7.670
558.80	7.670
563.81	7.670
568.82	7.669
573.83	7.669
578.84	7.669
583.86	7.669
588.87	7.668
593.88	7.668
598.89	7.668
603.90	7.668
608.91	7.668
613.92	7.667
618.94	7.667
623.95	7.667
628.96	7.666
633.97	7.666
638.98	7.666
643.99	7.665
649.01	7.665
654.02	7.665
659.03	7.665
664.04	7.664
669.05	7.664
674.06	7.664
679.08	7.664
684.09	7.664
689.10	7.664
694.11	7.663
699.12	7.663
704.13	7.663
709.14	7.663
714.16	7.662
719.17	7.662
724.18	7.662
729.20	7.662
734.21	7.661
739.22	7.661
744.23	7.661
749.25	7.661
754.26	7.661
759.27	7.660
764.28	7.660
769.29	7.660
774.30	7.660
779.32	7.660
784.33	7.659
789.34	7.659
794.35	7.659
799.36	7.659
804.37	7.658
809.38	7.658
814.40	7.658
819.41	7.657
824.42	7.657
829.43	7.657
834.44	7.657
839.45	7.657
844.47	7.657
849.48	7.656
854.49	7.656
859.50	7.656
864.51	7.656
869.52	7.656
874.54	7.655
879.55	7.655
884.56	7.655
889.57	7.654
894.58	7.654
899.59	7.654
904.60	7.654
909.62	7.654
914.63	7.653
919.64	7.653
924.65	7.653
929.66	7.653
934.67	7.652
939.69	7.652
944.70	7.652
949.71	7.652
954.72	7.651
959.73	7.651
964.74	7.651
969.76	7.651
974.77	7.650
979.78	7.650
984.79	7.650
989.80	7.650
994.81	7.649
999.82	7.649
1004.84	7.649
1009.85	7.649
1014.86	7.649
1019.87	7.648
1024.88	7.648
1029.89	7.648
1034.91	7.648
1039.92	7.647
1044.93	7.647
1049.94	7.647
1054.95	7.647
1059.96	7.646
1064.97	7.646
1069.99	7.646
1075.00	7.646
1080.01	7.646
1085.02	7.645
1090.04	7.645
1095.05	7.645
1100.06	7.645
1105.08	7.644
1110.10	7.644
1115.11	7.644
1120.12	7.644
1125.13	7.643
1130.14	7.643
1135.15	7.643
1140.16	7.643
1145.18	7.642
1150.19	7.642
1155.20	7.642
1160.21	7.642
1165.22	7.642
1170.23	7.641
1175.25	7.641
1180.26	7.641
1185.27	7.641
1190.28	7.641
1195.29	7.640
1200.30	7.640
1205.31	7.640
1210.33	7.640
1215.34	7.639
1220.35	7.639
1225.36	7.639
1230.37	7.639
1235.38	7.639
1240.40	7.638
1245.41	7.638
1250.42	7.638
1255.43	7.638
1260.44	7.637
1265.45	7.637
1270.46	7.637
1275.48	7.637
1280.49	7.636
1285.50	7.637
1290.51	7.636
1295.52	7.636
1300.53	7.636
1305.55	7.635
1310.56	7.635
1315.57	7.635
1320.58	7.635
1325.59	7.635
1330.60	7.635
1335.61	7.634
1340.63	7.634
1345.64	7.634
1350.65	7.633
1355.66	7.633
1360.67	7.633
1365.68	7.633
1370.70	7.633
1375.71	7.633
1380.72	7.632
1385.74	7.632
1390.75	7.632
1395.77	7.632
1400.78	7.631
1405.79	7.631
1410.80	7.631
1415.81	7.631
1420.82	7.630
1425.84	7.630
1430.85	7.630
1435.86	7.630
1440.87	7.630
1445.88	7.629
1450.90	7.629
1455.91	7.629
1460.93	7.629
1465.94	7.628
1470.95	7.628
1475.96	7.628
1480.97	7.628
1485.99	7.628
1491.00	7.627
1496.01	7.627
1501.02	7.627
1506.03	7.627
1511.04	7.626
1516.06	7.626
1521.07	7.626
1526.08	7.626
1531.09	7.626
1536.10	7.625
1541.11	7.625
1546.12	7.625
1551.14	7.625
1556.15	7.625
1561.16	7.624
1566.17	7.624
1571.18	7.624
1576.19	7.624
1581.21	7.624
1586.22	7.623
1591.23	7.623
1596.24	7.623
1601.25	7.623
1606.26	7.623
1611.28	7.622
1616.29	7.622
1621.30	7.622
1626.31	7.622
1631.32	7.621
1636.33	7.621
1641.34	7.621
1646.36	7.621
1651.37	7.621
1656.38	7.620
1661.39	7.620
1666.41	7.620
1671.42	7.620
1676.44	7.619
1681.46	7.619
1686.47	7.619
1691.48	7.619
1696.50	7.619
1701.52	7.619
1706.53	7.618
1711.55	7.618
1716.57	7.618
1721.58	7.618
1726.60	7.618
1731.61	7.617
1736.62	7.617
1741.63	7.617
1746.64	7.617
1751.65	7.616
1756.67	7.616
1761.68	7.616
1766.69	7.616
1771.70	7.616
1776.71	7.615
1781.72	7.615
1786.74	7.615
1791.75	7.615
1796.76	7.615
1801.77	7.614
1806.79	7.614
1811.80	7.614
1816.82	7.614
1821.84	7.614
1826.85	7.613
1831.87	7.613
1836.88	7.613
1841.90	7.613
1846.91	7.612
1851.93	7.612
1856.94	7.612
1861.96	7.612
1866.98	7.612
1871.99	7.612
1877.00	7.611
1882.01	7.611
1887.02	7.611
1892.03	7.611
1897.04	7.610
1902.06	7.610
1907.07	7.610
1912.08	7.610
1917.09	7.609
1922.10	7.609
1927.11	7.609
1932.13	7.609
1937.14	7.609
1942.16	7.608
1947.17	7.608
1952.18	7.608
1957.19	7.608
1962.20	7.607
1967.21	7.608
1972.22	7.607
1977.24	7.607
1982.25	7.607
1987.26	7.607
1992.27	7.607
1997.28	7.606
2002.29	7.606
2007.30	7.606
2012.32	7.606
2017.33	7.606
2022.34	7.605
2027.35	7.605
2032.36	7.605
2037.37	7.604
2042.38	7.605
2047.40	7.604
2052.41	7.604
2057.42	7.604
2062.43	7.604
2067.44	7.603
2072.45	7.603
2077.47	7.603
2082.48	7.603
2087.49	7.603
2092.50	7.603
2097.51	7.602
2102.52	7.602
2107.53	7.602
2112.55	7.602
2117.56	7.602
2122.57	7.601
2127.58	7.601
2132.59	7.601
2137.60	7.601
2142.62	7.600
2147.63	7.600
2152.64	7.600
2157.65	7.600
2162.66	7.600
2167.67	7.600
2172.69	7.599
2177.70	7.599
2182.71	7.599
2187.73	7.599
2192.74	7.598
2197.75	7.598
2202.76	7.598
2207.78	7.598
2212.79	7.598
2217.80	7.598
2222.81	7.597
2227.82	7.597
2232.83	7.597
2237.84	7.597
2242.86	7.597
2247.87	7.596
2252.88	7.596
2257.89	7.596
2262.90	7.596
2267.91	7.596
2272.92	7.595
2277.94	7.595
2282.95	7.595
2287.96	7.595
2292.97	7.594
2297.98	7.594
2302.99	7.594
2308.01	7.594
2313.02	7.594
2318.03	7.593
2323.04	7.593
2328.05	7.593
2333.06	7.593
2338.08	7.593
2343.09	7.593
2348.10	7.592
2353.11	7.592
2358.12	7.592
2363.13	7.592
2368.15	7.591
2373.16	7.591
2378.17	7.591
2383.18	7.591
2388.19	7.591
2393.21	7.591
2398.22	7.590
2403.23	7.590
2408.24	7.590
2413.25	7.590
2418.27	7.590
2423.28	7.589
2428.29	7.589
2433.30	7.589
2438.31	7.589
2443.32	7.588
2448.33	7.588
2453.35	7.588
2458.36	7.588
2463.37	7.588
2468.38	7.588
2473.39	7.587
2478.40	7.587
2483.41	7.587
2488.43	7.587
2493.44	7.586
2498.45	7.586
2503.46	7.586
2508.47	7.586
2513.48	7.586
2518.50	7.585
2523.51	7.586
2528.52	7.585
2533.53	7.585
2538.54	7.585
2543.55	7.585
2548.57	7.584
2553.58	7.584
2558.59	7.584
2563.60	7.584
2568.61	7.584
2573.62	7.584
2578.63	7.583
2583.65	7.583
2588.66	7.583
2593.67	7.583
2598.68	7.583
2603.70	7.582
2608.71	7.582
2613.72	7.582
2618.73	7.582
2623.74	7.581
2628.75	7.581
2633.77	7.581
2638.78	7.580
2643.79	7.581
2648.80	7.580
2653.81	7.580
2658.82	7.580
2663.84	7.580
2668.85	7.580
2673.86	7.580
2678.87	7.579
2683.88	7.579
2688.89	7.579
2693.90	7.579
2698.91	7.579
2703.93	7.578
2708.94	7.578
2713.95	7.578
2718.96	7.578
2723.97	7.577
2728.98	7.577
2734.00	7.577
2739.01	7.577
2744.02	7.577
2749.03	7.577
2754.04	7.576
2759.05	7.576
2764.06	7.576
2769.08	7.576
2774.09	7.576
2779.10	7.575
2784.11	7.575
2789.13	7.575
2794.14	7.575
2799.15	7.574
2804.16	7.574
2809.17	7.574
2814.18	7.574
2819.20	7.574
2824.21	7.574
2829.22	7.573
2834.23	7.573
2839.24	7.573
2844.25	7.573
2849.27	7.573
2854.28	7.572
2859.29	7.572
2864.30	7.572
2869.31	7.572
2874.32	7.572
2879.33	7.571
2884.35	7.571
2889.36	7.571
2894.37	7.571
2899.38	7.570
2904.39	7.570
2909.40	7.570
2914.42	7.570
2919.43	7.570
2924.44	7.569
2929.45	7.569
2934.46	7.569
2939.47	7.569
2944.49	7.569
2949.50	7.569
2954.51	7.568
2959.52	7.568
2964.53	7.568
2969.54	7.568
2974.55	7.567
2979.57	7.567
2984.58	7.567
2989.59	7.567
2994.60	7.567
2999.61	7.567
3004.63	7.566
3009.64	7.566
3014.65	7.566
3019.67	7.566
3024.68	7.566
3029.69	7.566
3034.70	7.565
3039.71	7.565
3044.72	7.565
3049.74	7.565
3054.75	7.564
3059.76	7.564
3064.77	7.564
3069.78	7.564
3074.79	7.564
3079.80	7.564
3084.82	7.563
3089.83	7.563
3094.84	7.563
3099.85	7.563
3104.86	7.563
3109.87	7.562
3114.89	7.562
3119.90	7.562
3124.91	7.562
3129.92	7.561
3134.93	7.561
3139.94	7.561
3144.95	7.561
3149.97	7.561
3154.98	7.561
3159.99	7.560
3165.00	7.560
3170.01	7.560
3175.02	7.560
3180.04	7.560
3185.05	7.560
3190.06	7.559
3195.07	7.559
3200.08	7.559
3205.10	7.559
3210.11	7.559
3215.12	7.558
3220.13	7.558
3225.14	7.558
3230.15	7.558
3235.16	7.557
3240.18	7.557
3245.19	7.557
3250.20	7.557
3255.21	7.557
3260.22	7.557
3265.23	7.556
3270.25	7.556
3275.26	7.556
3280.27	7.556
3285.28	7.555
3290.29	7.555
3295.30	7.555
3300.31	7.555
3305.33	7.555
3310.34	7.554
3315.35	7.554
3320.36	7.554
3325.37	7.554
3330.38	7.554
3335.40	7.554
3340.41	7.553
3345.42	7.553
3350.43	7.553
3355.44	7.553
3360.45	7.553
3365.47	7.552
3370.48	7.552
3375.49	7.552
3380.50	7.552
3385.51	7.551
3390.52	7.551
3395.54	7.551
3400.55	7.551
3405.56	7.551
3410.57	7.551
3415.58	7.550
3420.60	7.550
3425.61	7.550
3430.62	7.550
3435.63	7.550
3440.64	7.549
3445.65	7.549
3450.66	7.549
3455.68	7.549
3460.69	7.549
3465.70	7.549
3470.71	7.548
3475.72	7.548
3480.73	7.548
3485.75	7.548
3490.76	7.548
3495.77	7.547
3500.78	7.547
3505.79	7.547
3510.80	7.546
3515.82	7.546
3520.83	7.546
3525.84	7.546
3530.85	7.546
3535.86	7.546
3540.87	7.545
3545.88	7.545
3550.90	7.545
3555.91	7.545
3560.92	7.545
3565.93	7.544
3570.94	7.544
3575.95	7.544
3580.97	7.544
3585.98	7.544
3590.99	7.543
3596.00	7.543
3601.02	7.543
3606.03	7.543
3611.05	7.543
3616.06	7.542
3621.07	7.542
3626.09	7.542
3631.10	7.542
3636.11	7.542
3641.13	7.541
3646.14	7.541
3651.15	7.541
3656.16	7.541
3661.17	7.541
3666.18	7.540
3671.19	7.540
3676.21	7.540
3681.22	7.540
3686.23	7.540
3691.24	7.539
3696.25	7.539
3701.26	7.539
3706.28	7.539
3711.29	7.538
3716.30	7.538
3721.31	7.538
3726.32	7.538
3731.33	7.538
3736.35	7.537
3741.36	7.537
3746.37	7.537
3751.38	7.537
3756.39	7.536
3761.40	7.536
3766.41	7.536
3771.42	7.536
3776.44	7.536
3781.45	7.535
3786.46	7.535
3791.47	7.535
3796.48	7.535
3801.49	7.535
3806.51	7.535
3811.52	7.534
3816.53	7.534
3821.54	7.534
3826.56	7.533
3831.57	7.533
3836.58	7.533
3841.59	7.533
3846.60	7.532
3851.62	7.532
3856.63	7.532
3861.64	7.532
3866.65	7.532
3871.66	7.531
3876.67	7.531
3881.68	7.531
3886.70	7.531
3891.71	7.530
3896.72	7.530
3901.73	7.530
3906.74	7.530
3911.75	7.530
3916.76	7.530
3921.78	7.529
3926.79	7.529
3931.80	7.529
3936.81	7.529
3941.82	7.529
3946.83	7.528
3951.85	7.528
3956.86	7.528
3961.87	7.527
3966.88	7.527
3971.89	7.527
3976.90	7.527
3981.92	7.527
3986.93	7.527
3991.94	7.526
3996.95	7.526
4001.96	7.526
4006.97	7.526
4011.99	7.525
4017.00	7.525
4022.01	7.525
4027.02	7.525
4032.03	7.525
4037.04	7.524
4042.05	7.524
4047.07	7.524
4052.08	7.524
4057.09	7.523
4062.10	7.523
4067.11	7.523
4072.12	7.523
4077.14	7.523
4082.15	7.522
4087.16	7.522
4092.17	7.522
4097.18	7.521
4102.19	7.521
4107.21	7.521
4112.22	7.521
4117.23	7.521
4122.24	7.520
4127.25	7.520
4132.26	7.520
4137.28	7.520
4142.29	7.520
4147.30	7.519
4152.31	7.519
4157.32	7.519
4162.33	7.518
4167.34	7.518
4172.35	7.518
4177.37	7.518
4182.38	7.518
4187.39	7.517
4192.40	7.517
4197.42	7.517
4202.43	7.517
4207.44	7.517
4212.45	7.516
4217.46	7.516
4222.48	7.516
4227.50	7.516
4232.51	7.515
4237.53	7.515
4242.54	7.515
4247.56	7.515
4252.57	7.515
4257.58	7.514
4262.60	7.514
4267.61	7.514
4272.62	7.514
4277.63	7.513
4282.64	7.513
4287.66	7.513
4292.67	7.512
4297.68	7.512
4302.69	7.512
4307.70	7.512
4312.72	7.511
4317.74	7.511
4322.75	7.511
4327.76	7.511
4332.78	7.511
4337.79	7.511
4342.81	7.510
4347.82	7.510
4352.84	7.510
4357.85	7.509
4362.86	7.509
4367.87	7.509
4372.88	7.509
4377.90	7.508
4382.91	7.508
4387.92	7.508
4392.93	7.508
4397.94	7.507
4402.96	7.507
4407.97	7.507
4412.98	7.507
4417.99	7.507
4423.00	7.506
4428.01	7.506
4433.03	7.506
4438.04	7.506
4443.05	7.505
4448.06	7.505
4453.07	7.505
4458.08	7.505
4463.10	7.504
4468.11	7.504
4473.12	7.504
4478.13	7.504
4483.14	7.503
4488.15	7.503
4493.16	7.503
4498.18	7.503
4503.19	7.503
4508.20	7.502
4513.21	7.502
4518.22	7.502
4523.23	7.502
4528.25	7.501
4533.26	7.501
4538.27	7.501
4543.28	7.500
4548.29	7.500
4553.30	7.500
4558.32	7.500
4563.33	7.500
4568.34	7.499
4573.35	7.499
4578.36	7.499
4583.37	7.499
4588.38	7.498
4593.40	7.498
4598.41	7.498
4603.42	7.498
4608.43	7.497
4613.44	7.497
4618.45	7.497
4623.47	7.496
4628.48	7.496
4633.49	7.496
4638.50	7.496
4643.51	7.495
4648.52	7.495
4653.53	7.495
4658.55	7.494
4663.56	7.494
4668.57	7.494
4673.58	7.494
4678.59	7.494
4683.60	7.494
4688.62	7.493
4693.63	7.493
4698.64	7.493
4703.65	7.492
4708.66	7.492
4713.67	7.492
4718.69	7.492
4723.70	7.492
4728.71	7.491
4733.72	7.491
4738.73	7.491
4743.74	7.491
4748.76	7.490
4753.77	7.490
4758.78	7.489
4763.79	7.490
4768.80	7.489
4773.81	7.489
4778.83	7.489
4783.84	7.488
4788.86	7.488
4793.87	7.488
4798.89	7.488
4803.90	7.488
4808.91	7.487
4813.92	7.487
4818.93	7.487
4823.94	7.487
4828.96	7.486
4833.97	7.486
4838.98	7.486
4843.99	7.486
4849.00	7.486
4854.01	7.485
4859.02	7.485
4864.04	7.485
4869.05	7.485
4874.06	7.484
4879.07	7.484
4884.08	7.484
4889.09	7.484
4894.11	7.483
4899.12	7.483
4904.13	7.483
4909.14	7.483
4914.15	7.483
4919.16	7.482
4924.18	7.482
4929.19	7.481
4934.20	7.481
4939.21	7.481
4944.22	7.481
4949.23	7.481
4954.24	7.480
4959.26	7.480
4964.27	7.480
4969.28	7.480
4974.29	7.479
4979.30	7.479
4984.31	7.479
4989.33	7.479
4994.34	7.478
4999.36	7.478
5004.37	7.478
5009.39	7.478
5014.40	7.478
5019.42	7.477
5024.43	7.477
5029.44	7.477
5034.46	7.477
5039.48	7.476
5044.49	7.476
5049.50	7.476
5054.51	7.476
5059.53	7.475
5064.54	7.475
5069.56	7.475
5074.57	7.475
5079.58	7.474
5084.59	7.474
5089.60	7.474
5094.62	7.474
5099.63	7.473
5104.64	7.473
5109.65	7.473
5114.66	7.473
5119.67	7.472
5124.68	7.472
5129.70	7.472
5134.71	7.472
5139.72	7.472
5144.73	7.471
5149.74	7.471
5154.75	7.471
5159.77	7.471
5164.78	7.471
5169.79	7.470
5174.80	7.470
5179.81	7.470
5184.82	7.470
5189.84	7.469
5194.85	7.469
5199.86	7.469
5204.87	7.469
5209.88	7.468
5214.89	7.468
5219.90	7.468
5224.92	7.468
5229.93	7.467
5234.94	7.467
5239.95	7.467
5244.96	7.467
5249.97	7.467
5254.98	7.466
5260.00	7.466
5265.01	7.466
5270.02	7.466
5275.04	7.465
5280.05	7.465
5285.07	7.465
5290.08	7.465
5295.09	7.464
5300.10	7.464
5305.11	7.464
5310.13	7.463
5315.14	7.463
5320.15	7.463
5325.16	7.463
5330.17	7.463
5335.18	7.462
5340.20	7.462
5345.21	7.462
5350.22	7.462
5355.23	7.461
5360.24	7.461
5365.25	7.461
5370.26	7.461
5375.28	7.460
5380.29	7.460
5385.30	7.460
5390.31	7.460
5395.32	7.460
5400.33	7.459
5405.35	7.459
5410.36	7.459
5415.37	7.459
5420.38	7.458
5425.39	7.458
5430.40	7.458
5435.42	7.458
5440.43	7.457
5445.44	7.457
5450.45	7.457
5455.46	7.456
5460.47	7.456
5465.48	7.456
5470.50	7.456
5475.51	7.456
5480.52	7.455
5485.53	7.455
5490.55	7.455
5495.56	7.454
5500.58	7.454
5505.59	7.454
5510.60	7.454
5515.61	7.454
5520.62	7.453
5525.63	7.453
5530.65	7.453
5535.66	7.453
5540.67	7.452
5545.68	7.452
5550.69	7.452
5555.70	7.452
5560.72	7.451
5565.73	7.451
5570.74	7.451
5575.75	7.451
5580.76	7.450
5585.77	7.450
5590.78	7.450
5595.80	7.450
5600.81	7.449
5605.82	7.449
5610.83	7.449
5615.84	7.449
5620.85	7.448
5625.87	7.448
5630.88	7.448
5635.89	7.448
5640.90	7.447
5645.91	7.447
5650.92	7.447
5655.94	7.447
5660.95	7.446
5665.96	7.446
5670.97	7.446
5675.98	7.446
5680.99	7.445
5686.00	7.445
5691.02	7.445
5696.03	7.445
5701.04	7.444
5706.05	7.444
5711.07	7.444
5716.08	7.443
5721.10	7.443
5726.11	7.443
5731.12	7.443
5736.13	7.442
5741.14	7.442
5746.15	7.442
5751.16	7.442
5756.18	7.442
5761.19	7.441
5766.20	7.441
5771.21	7.441
5776.22	7.440
5781.23	7.440
5786.25	7.440
5791.26	7.439
5796.27	7.439
5801.28	7.439
5806.29	7.439
5811.30	7.438
5816.31	7.438
5821.33	7.438
5826.34	7.438
5831.35	7.437
5836.36	7.437
5841.37	7.437
5846.39	7.437
5851.40	7.437
5856.41	7.436
5861.42	7.436
5866.43	7.436
5871.45	7.435
5876.46	7.435
5881.47	7.435
5886.48	7.435
5891.49	7.434
5896.50	7.434
5901.52	7.434
5906.53	7.433
5911.54	7.433
5916.55	7.433
5921.57	7.433
5926.58	7.432
5931.59	7.432
5936.61	7.432
5941.62	7.432
5946.63	7.431
5951.64	7.431
5956.65	7.430
5961.66	7.430
5966.68	7.430
5971.69	7.430
5976.70	7.429
5981.71	7.429
5986.72	7.429
5991.73	7.429
5996.75	7.428
6001.76	7.428
6006.77	7.428
6011.78	7.428
6016.79	7.427
6021.80	7.427
6026.82	7.427
6031.83	7.426
6036.84	7.426
6041.85	7.426
6046.86	7.426
6051.87	7.425
6056.88	7.425
6061.90	7.425
6066.91	7.425
6071.92	7.424
6076.93	7.424
6081.94	7.424
6086.95	7.424
6091.97	7.423
6096.98	7.423
6101.99	7.423
6107.00	7.423
6112.01	7.422
6117.02	7.422
6122.04	7.422
6127.05	7.421
6132.06	7.421
6137.08	7.421
6142.09	7.420
6147.10	7.420
6152.12	7.420
6157.13	7.420
6162.14	7.419
6167.15	7.419
6172.16	7.419
6177.17	7.419
6182.18	7.418
6187.20	7.418
6192.21	7.418
6197.22	7.418
6202.23	7.417
6207.24	7.417
6212.25	7.417
6217.27	7.417
6222.28	7.417
6227.29	7.416
6232.30	7.416
6237.31	7.416
6242.32	7.415
6247.34	7.415
6252.35	7.415
6257.36	7.415
6262.37	7.415
6267.38	7.414
6272.39	7.414
6277.40	7.414
6282.42	7.413
6287.43	7.413
6292.44	7.413
6297.45	7.413
6302.46	7.412
6307.47	7.412
6312.49	7.412
6317.50	7.411
6322.51	7.412
6327.52	7.411
6332.53	7.411
6337.55	7.411
6342.56	7.411
6347.58	7.410
6352.59	7.410
6357.60	7.410
6362.61	7.409
6367.62	7.409
6372.63	7.409
6377.64	7.409
6382.66	7.409
6387.67	7.408
6392.68	7.408
6397.69	7.408
6402.70	7.408
6407.71	7.407
6412.73	7.407
6417.74	7.407
6422.75	7.407
6427.76	7.407
6432.77	7.406
6437.78	7.406
6442.79	7.406
6447.81	7.406
6452.82	7.405
6457.83	7.405
6462.84	7.405
6467.85	7.405
6472.86	7.405
6477.88	7.404
6482.89	7.404
6487.90	7.404
6492.91	7.404
6497.92	7.404
6502.93	7.404
6507.95	7.403
6512.96	7.403
6517.97	7.403
6522.98	7.403
6527.99	7.402
6533.00	7.402
6538.02	7.402
6543.03	7.402
6548.04	7.402
6553.05	7.402
6558.07	7.401
6563.08	7.401
6568.10	7.401
6573.11	7.401
6578.12	7.400
6583.13	7.400
6588.14	7.400
6593.15	7.400
6598.16	7.400
6603.18	7.400
6608.19	7.400
6613.20	7.399
6618.21	7.399
6623.22	7.399
6628.23	7.399
6633.25	7.399
6638.26	7.398
6643.27	7.398
6648.28	7.398
6653.29	7.398
6658.30	7.398
6663.31	7.398
6668.33	7.397
6673.34	7.397
6678.35	7.397
6683.36	7.397
6688.37	7.397
6693.38	7.396
6698.40	7.396
6703.41	7.396
6708.42	7.396
6713.43	7.396
6718.44	7.396
6723.45	7.396
6728.47	7.396
6733.48	7.395
6738.49	7.395
6743.50	7.395
6748.51	7.395
6753.53	7.395
6758.54	7.395
6763.55	7.395
6768.56	7.394
6773.57	7.394
6778.59	7.394
6783.60	7.394
6788.61	7.394
6793.62	7.394
6798.63	7.394
6803.64	7.394
6808.65	7.393
6813.67	7.393
6818.68	7.393
6823.69	7.393
6828.70	7.393
6833.71	7.393
6838.73	7.393
6843.74	7.392
6848.75	7.392
6853.76	7.392
6858.77	7.392
6863.78	7.392
6868.79	7.392
6873.81	7.392
6878.82	7.391
6883.83	7.391
6888.84	7.391
6893.85	7.391
6898.86	7.391
6903.88	7.391
6908.89	7.391
6913.90	7.391
6918.91	7.391
6923.92	7.391
6928.93	7.390
6933.95	7.390
6938.96	7.390
6943.97	7.390
6948.98	7.390
6953.99	7.390
6959.01	7.390
6964.02	7.390
6969.03	7.390
6974.04	7.389
6979.05	7.389
6984.06	7.389
6989.08	7.389
6994.09	7.389
6999.10	7.388
7004.11	7.389
7009.12	7.388
7014.13	7.388
7019.15	7.388
7024.16	7.388
7029.17	7.388
7034.18	7.388
7039.19	7.388
7044.20	7.388
7049.21	7.388
7054.23	7.388
7059.24	7.388
7064.25	7.388
7069.26	7.387
7074.27	7.387
7079.28	7.387
7084.30	7.387
7089.31	7.387
7094.32	7.387
7099.33	7.387
7104.34	7.387
7109.35	7.386
7114.36	7.386
7119.38	7.386
7124.39	7.386
7129.40	7.386
7134.41	7.386
7139.42	7.386
7144.43	7.385
7149.45	7.386
7154.46	7.385
7159.48	7.385
7164.49	7.385
7169.51	7.385
7174.52	7.385
7179.53	7.385
7184.54	7.385
7189.55	7.385
7194.56	7.385
7199.58	7.385
7204.59	7.385
7209.60	7.385
7214.61	7.385
7219.62	7.384
7224.63	7.384
7229.65	7.384
7234.66	7.384
7239.67	7.384
7244.68	7.384
7249.69	7.384
7254.70	7.384
7259.72	7.384
7264.73	7.384
7269.74	7.384
7274.75	7.383
7279.76	7.384
7284.77	7.384
7289.78	7.383
7294.80	7.383
7299.81	7.384
7304.82	7.383
7309.83	7.383
7314.84	7.383
7319.85	7.383
7324.87	7.383
7329.88	7.383
7334.89	7.382
7339.90	7.383
7344.91	7.382
7349.92	7.382
7354.93	7.382
7359.95	7.382
7364.96	7.382
7369.97	7.382
7374.98	7.382
7380.00	7.382
7385.01	7.382
7390.03	7.381
7395.04	7.381
7400.05	7.381
7405.06	7.381
7410.07	7.381
7415.08	7.381
7420.09	7.381
7425.11	7.381
7430.12	7.381
7435.13	7.381
7440.14	7.380
7445.15	7.381
7450.16	7.380
7455.18	7.380
7460.19	7.380
7465.20	7.380
7470.21	7.380
7475.22	7.380
7480.23	7.380
7485.24	7.380
7490.25	7.380
7495.27	7.379
7500.28	7.380
7505.29	7.379
7510.30	7.379
7515.31	7.379
7520.32	7.379
7525.34	7.379
7530.35	7.379
7535.36	7.379
7540.37	7.378
7545.38	7.379
7550.39	7.379
7555.40	7.378
7560.42	7.378
7565.43	7.378
7570.44	7.378
7575.45	7.378
7580.46	7.378
7585.47	7.378
7590.48	7.378
7595.50	7.378
7600.51	7.377
7605.52	7.377
7610.53	7.377
7615.54	7.377
7620.55	7.377
7625.57	7.377
7630.58	7.377
7635.59	7.377
7640.60	7.377
7645.61	7.377
7650.63	7.377
7655.64	7.377
7660.65	7.377
7665.66	7.376
7670.67	7.377
7675.69	7.376
7680.70	7.376
7685.71	7.376
7690.72	7.376
7695.73	7.376
7700.74	7.376
7705.76	7.376
7710.77	7.376
7715.78	7.375
7720.79	7.376
7725.80	7.375
7730.81	7.375
7735.82	7.375
7740.84	7.375
7745.85	7.375
7750.86	7.375
7755.87	7.375
7760.88	7.375
7765.90	7.375
7770.91	7.375
7775.92	7.374
7780.94	7.374
7785.95	7.374
7790.96	7.374
7795.98	7.374
7800.99	7.374
7806.00	7.374
7811.01	7.374
7816.02	7.374
7821.03	7.374
7826.05	7.374
7831.06	7.374
7836.07	7.373
7841.08	7.373
7846.09	7.374
7851.10	7.374
7856.12	7.373
7861.13	7.373
7866.14	7.373
7871.15	7.373
7876.16	7.373
7881.17	7.373
7886.18	7.373
7891.20	7.373
7896.21	7.373
7901.22	7.372
7906.23	7.372
7911.24	7.372
7916.25	7.372
7921.27	7.372
7926.28	7.372
7931.29	7.372
7936.30	7.372
7941.31	7.372
7946.32	7.372
7951.34	7.372
7956.35	7.372
7961.36	7.371
7966.37	7.371
7971.38	7.371
7976.39	7.371
7981.41	7.371
7986.42	7.371
7991.43	7.371
7996.44	7.371
8001.45	7.371
8006.47	7.371
8011.48	7.371
8016.49	7.371
8021.50	7.370
8026.51	7.370
8031.52	7.370
8036.54	7.370
8041.55	7.370
8046.56	7.370
8051.57	7.370
8056.58	7.370
8061.59	7.369
8066.60	7.370
8071.62	7.369
8076.63	7.369
8081.64	7.369
8086.65	7.369
8091.66	7.369
8096.67	7.369
8101.69	7.369
8106.70	7.369
8111.71	7.369
8116.72	7.369
8121.73	7.368
8126.74	7.368
8131.76	7.368
8136.77	7.368
8141.78	7.368
8146.79	7.368
8151.80	7.368
8156.81	7.368
8161.82	7.368
8166.84	7.368
8171.85	7.368
8176.86	7.368
8181.87	7.367
8186.88	7.367
8191.90	7.367
8196.91	7.367
8201.92	7.367
8206.93	7.367
8211.94	7.367
8216.95	7.367
8221.97	7.367
8226.98	7.367
8231.99	7.367
8237.00	7.367
8242.01	7.367
8247.02	7.367
8252.03	7.366
8257.05	7.366
8262.06	7.366
8267.07	7.366
8272.08	7.366
8277.09	7.366
8282.10	7.366
8287.12	7.366
8292.13	7.366
8297.14	7.366
8302.15	7.366
8307.16	7.366
8312.17	7.366
8317.18	7.365
8322.20	7.365
8327.21	7.365
8332.22	7.365
8337.23	7.365
8342.24	7.365
8347.25	7.365
8352.27	7.365
8357.28	7.364
8362.29	7.364
8367.30	7.364
8372.31	7.364
8377.33	7.364
8382.34	7.364
8387.36	7.364
8392.37	7.364
8397.38	7.364
8402.39	7.364
8407.40	7.364
8412.41	7.364
8417.43	7.364
8422.44	7.364
8427.45	7.364
8432.46	7.363
8437.47	7.363
8442.48	7.363
8447.50	7.363
8452.51	7.363
8457.52	7.363
8462.53	7.363
8467.54	7.363
8472.55	7.363
8477.56	7.363
8482.58	7.362
8487.59	7.362
8492.60	7.362
8497.61	7.362
8502.62	7.362
8507.63	7.362
8512.64	7.362
8517.66	7.362
8522.67	7.362
8527.68	7.362
8532.69	7.362
8537.70	7.362
8542.71	7.362
8547.73	7.362
8552.74	7.361
8557.75	7.361
8562.76	7.361
8567.77	7.361
8572.78	7.361
8577.80	7.361
8582.82	7.361
8587.83	7.361
8592.84	7.361
8597.85	7.361
8602.86	7.360
8607.87	7.360
8612.89	7.360
8617.90	7.360
8622.91	7.360
8627.92	7.360
8632.93	7.360
8637.94	7.360
8642.96	7.360
8647.97	7.360
8652.98	7.360
8658.00	7.360
8663.01	7.359
8668.02	7.359
8673.03	7.359
8678.04	7.359
8683.05	7.359
8688.07	7.359
8693.08	7.359
8698.09	7.359
8703.10	7.359
8708.11	7.359
8713.12	7.359
8718.14	7.359
8723.15	7.359
8728.16	7.358
8733.17	7.358
8738.18	7.358
8743.19	7.358
8748.21	7.358
8753.22	7.358
8758.23	7.358
8763.24	7.357
8768.25	7.358
8773.26	7.357
8778.28	7.357
8783.29	7.357
8788.30	7.357
8793.31	7.357
8798.32	7.357
8803.33	7.357
8808.35	7.357
8813.36	7.357
8818.37	7.357
8823.38	7.357
8828.39	7.356
8833.40	7.357
8838.41	7.356
8843.43	7.356
8848.44	7.356
8853.45	7.356
8858.46	7.356
8863.47	7.356
8868.48	7.356
8873.50	7.356
8878.51	7.355
8883.52	7.356
8888.54	7.355
8893.55	7.355
8898.56	7.355
8903.57	7.355
8908.58	7.355
8913.59	7.355
8918.61	7.355
8923.62	7.355
8928.63	7.355
8933.64	7.355
8938.65	7.354
8943.66	7.354
8948.68	7.354
8953.69	7.354
8958.70	7.354
8963.71	7.354
8968.72	7.354
8973.73	7.354
8978.74	7.354
8983.76	7.354
8988.77	7.354
8993.78	7.353
8998.79	7.353
9003.81	7.353
9008.83	7.353
9013.84	7.353
9018.85	7.353
9023.86	7.353
9028.87	7.353
9033.88	7.353
9038.89	7.353
9043.91	7.353
9048.92	7.353
9053.93	7.353
9058.94	7.353
9063.95	7.352
9068.96	7.352
9073.98	7.352
9078.99	7.352
9084.00	7.352
9089.01	7.352
9094.02	7.352
9099.03	7.352
9104.05	7.352
9109.06	7.351
9114.07	7.351
9119.08	7.351
9124.09	7.351
9129.11	7.351
9134.12	7.351
9139.13	7.351
9144.15	7.351
9149.16	7.351
9154.17	7.351
9159.18	7.350
9164.19	7.350
9169.20	7.350
9174.22	7.350
9179.23	7.350
9184.24	7.350
9189.25	7.350
9194.26	7.350
9199.27	7.350
9204.28	7.350
9209.30	7.350
9214.31	7.350
9219.32	7.349
9224.33	7.349
9229.34	7.349
9234.35	7.349
9239.37	7.349
9244.38	7.349
9249.39	7.349
9254.40	7.349
9259.41	7.349
9264.42	7.349
9269.44	7.348
9274.45	7.348
9279.46	7.348
9284.47	7.348
9289.48	7.348
9294.49	7.348
9299.50	7.348
9304.52	7.348
9309.53	7.348
9314.54	7.347
9319.55	7.348
9324.56	7.347
9329.57	7.347
9334.59	7.347
9339.60	7.347
9344.61	7.347
9349.62	7.347
9354.64	7.347
9359.65	7.347
9364.66	7.347
9369.67	7.347
9374.69	7.347
9379.70	7.346
9384.71	7.346
9389.72	7.346
9394.73	7.346
9399.74	7.346
9404.76	7.346
9409.77	7.346
9414.78	7.346
9419.79	7.346
9424.80	7.346
9429.81	7.345
9434.82	7.345
9439.84	7.345
9444.85	7.345
9449.87	7.345
9454.88	7.345
9459.90	7.345
9464.91	7.345
9469.92	7.344
9474.93	7.344
9479.95	7.344
9484.96	7.344
9489.97	7.344
9494.98	7.344
9499.99	7.344
9505.00	7.344
9510.02	7.343
9515.03	7.343
9520.04	7.343
9525.05	7.343
9530.06	7.343
9535.07	7.343
9540.09	7.343
9545.10	7.343
9550.11	7.343
9555.12	7.342
9560.13	7.343
9565.14	7.343
9570.16	7.342
9575.17	7.342
9580.18	7.342
9585.19	7.342
9590.20	7.342
9595.22	7.342
9600.23	7.342
9605.24	7.342
9610.25	7.341
9615.26	7.341
9620.27	7.341
9625.29	7.341
9630.30	7.341
9635.31	7.341
9640.32	7.341
9645.33	7.341
9650.34	7.340
9655.35	7.340
9660.37	7.340
9665.38	7.340
9670.39	7.340
9675.40	7.340
9680.41	7.340
9685.42	7.340
9690.44	7.340
9695.45	7.339
9700.46	7.339
9705.47	7.339
9710.48	7.339
9715.49	7.339
9720.50	7.339
9725.52	7.339
9730.53	7.339
9735.54	7.339
9740.55	7.339
9745.56	7.338
9750.57	7.338
9755.58	7.338
9760.60	7.338
9765.61	7.338
9770.62	7.338
9775.63	7.338
9780.64	7.338
9785.65	7.337
9790.67	7.337
9795.68	7.337
9800.69	7.337
9805.70	7.337
9810.71	7.337
9815.72	7.336
9820.74	7.336
9825.75	7.336
9830.76	7.336
9835.77	7.336
9840.78	7.336
9845.79	7.336
9850.80	7.336
9855.82	7.335
9860.83	7.335
9865.84	7.335
9870.85	7.335
9875.86	7.335
9880.87	7.335
9885.88	7.335
9890.90	7.335
9895.91	7.335
9900.92	7.334
9905.93	7.334
9910.94	7.334
9915.95	7.334
9920.97	7.334
9925.98	7.334
9930.99	7.334
9936.00	7.334
9941.01	7.333
9946.02	7.333
9951.03	7.333
9956.05	7.333
9961.06	7.333
9966.07	7.333
9971.08	7.333
9976.09	7.332
9981.10	7.332
9986.12	7.332
9991.13	7.332
9996.14	7.332
10001.15	7.332
10006.16	7.331
10011.17	7.331
10016.19	7.331
10021.20	7.331
10026.21	7.331
10031.22	7.331
10036.23	7.330
10041.24	7.330
10046.26	7.330
10051.27	7.330
10056.28	7.330
10061.29	7.330
10066.30	7.330
10071.31	7.330
10076.33	7.329
10081.34	7.329
10086.35	7.329
10091.36	7.329
10096.37	7.329
10101.38	7.329
10106.39	7.329
10111.41	7.328
10116.42	7.328
10121.43	7.328
10126.44	7.328
10131.45	7.328
10136.46	7.327
10141.48	7.327
10146.49	7.327
10151.50	7.327
10156.51	7.327
10161.52	7.327
10166.53	7.326
10171.54	7.326
10176.56	7.326
10181.57	7.326
10186.58	7.326
10191.59	7.326
10196.60	7.326
10201.61	7.326
10206.62	7.325
10211.64	7.325
10216.66	7.325
10221.67	7.325
10226.68	7.325
10231.70	7.324
10236.72	7.324
10241.73	7.324
10246.74	7.324
10251.76	7.324
10256.77	7.324
10261.78	7.323
10266.79	7.323
10271.81	7.323
10276.82	7.323
10281.83	7.323
10286.85	7.322
10291.86	7.322
10296.87	7.322
10301.89	7.322
10306.90	7.322
10311.91	7.322
10316.93	7.322
10321.94	7.321
10326.96	7.321
10331.97	7.321
10336.99	7.321
10342.00	7.320
10347.02	7.320
10352.03	7.320
10357.04	7.320
10362.05	7.320
10367.07	7.319
10372.08	7.319
10377.09	7.319
10382.11	7.319
10387.12	7.318
10392.14	7.318
10397.15	7.318
10402.17	7.318
10407.18	7.318
10412.20	7.318
10417.21	7.317
10422.23	7.317
10427.24	7.317
10432.25	7.317
10437.26	7.317
10442.27	7.316
10447.28	7.316
10452.30	7.316
10457.32	7.316
10462.33	7.316
10467.34	7.315
10472.35	7.315
10477.36	7.315
10482.38	7.315
10487.39	7.314
10492.41	7.314
10497.43	7.314
10502.44	7.314
10507.46	7.313
10512.47	7.313
10517.49	7.313
10522.50	7.313
10527.52	7.313
10532.53	7.312
10537.54	7.312
10542.55	7.312
10547.56	7.312
10552.58	7.311
10557.59	7.311
10562.60	7.311
10567.61	7.311
10572.63	7.310
10577.64	7.310
10582.65	7.310
10587.66	7.309
10592.68	7.309
10597.70	7.309
10602.71	7.309
10607.73	7.308
10612.74	7.308
10617.76	7.308
10622.77	7.307
10627.78	7.307
10632.80	7.307
10637.81	7.307
10642.82	7.306
10647.84	7.306
10652.85	7.306
10657.86	7.306
10662.87	7.305
10667.88	7.305
10672.89	7.305
10677.90	7.305
10682.92	7.304
10687.93	7.304
10692.95	7.304
10697.96	7.303
10702.97	7.303
10707.98	7.302
10713.00	7.302
10718.01	7.302
10723.02	7.302
10728.04	7.301
10733.05	7.301
10738.07	7.301
10743.08	7.300
10748.10	7.300
10753.11	7.300
10758.12	7.299
10763.14	7.299
10768.15	7.299
10773.16	7.298
10778.17	7.298
10783.18	7.298
10788.19	7.297
10793.20	7.297
10798.22	7.296
10803.24	7.296
10808.25	7.296
10813.27	7.295
10818.28	7.295
10823.30	7.294
10828.31	7.294
10833.32	7.294
10838.34	7.293
10843.36	7.293
10848.37	7.293
10853.38	7.292
10858.39	7.292
10863.41	7.292
10868.42	7.291
10873.43	7.291
10878.44	7.291
10883.45	7.290
10888.46	7.290
10893.48	7.289
10898.49	7.289
10903.50	7.288
10908.51	7.288
10913.52	7.288
10918.53	7.287
10923.54	7.287
10928.56	7.286
10933.57	7.286
10938.59	7.285
10943.60	7.285
10948.61	7.284
10953.63	7.284
10958.64	7.284
10963.66	7.283
10968.67	7.283
10973.69	7.282
10978.70	7.282
10983.72	7.281
10988.73	7.281
10993.74	7.280
10998.75	7.280
11003.76	7.279
11008.77	7.279
11013.78	7.278
11018.80	7.278
11023.81	7.277
11028.82	7.277
11033.83	7.276
11038.84	7.276
11043.86	7.275
11048.87	7.275
11053.89	7.274
11058.90	7.274
11063.91	7.273
11068.92	7.273
11073.94	7.272
11078.95	7.272
11083.96	7.272
11088.98	7.271
11093.99	7.270
11099.01	7.270
11104.02	7.269
11109.04	7.269
11114.05	7.268
11119.06	7.268
11124.07	7.267
11129.09	7.267
11134.10	7.266
11139.11	7.266
11144.12	7.265
11149.13	7.265
11154.15	7.264
11159.17	7.263
11164.18	7.263
11169.19	7.262
11174.21	7.262
11179.22	7.261
11184.23	7.260
11189.24	7.260
11194.25	7.259
11199.26	7.259
11204.28	7.258
11209.29	7.258
11214.30	7.257
11219.31	7.257
11224.32	7.256
11229.33	7.255
11234.34	7.255
11239.36	7.254
11244.37	7.254
11249.38	7.253
11254.39	7.252
11259.40	7.252
11264.41	7.251
11269.43	7.251
11274.44	7.250
11279.45	7.249
11284.46	7.248
11289.47	7.248
11294.48	7.247
11299.50	7.247
11304.51	7.246
11309.52	7.246
11314.53	7.245
11319.54	7.244
11324.55	7.244
11329.57	7.243
11334.58	7.242
11339.59	7.242
11344.60	7.241
11349.61	7.241
11354.62	7.240
11359.63	7.239
11364.65	7.239
11369.66	7.238
11374.67	7.237
11379.68	7.237
11384.69	7.236
11389.70	7.235
11394.72	7.235
11399.73	7.234
11404.74	7.234
11409.75	7.233
11414.76	7.232
11419.77	7.232
11424.78	7.231
11429.80	7.230
11434.81	7.230
11439.82	7.229
11444.83	7.228
11449.84	7.228
11454.85	7.227
11459.86	7.226
11464.88	7.226
11469.89	7.225
11474.90	7.224
11479.91	7.224
11484.92	7.223
11489.93	7.222
11494.94	7.221
11499.96	7.221
11504.97	7.220
11509.98	7.219
11514.99	7.219
11520.00	7.218
11525.01	7.217
11530.03	7.216
11535.04	7.216
11540.05	7.215
11545.06	7.215
11550.07	7.214
11555.08	7.213
11560.10	7.213
11565.11	7.212
11570.12	7.211
11575.13	7.211
11580.14	7.210
11585.15	7.209
11590.16	7.208
11595.18	7.208
11600.19	7.207
11605.20	7.206
11610.21	7.206
11615.22	7.205
11620.23	7.204
11625.25	7.203
11630.26	7.203
11635.27	7.202
11640.28	7.201
11645.29	7.201
11650.30	7.200
11655.32	7.199
11660.33	7.198
11665.34	7.198
11670.35	7.197
11675.36	7.196
11680.37	7.196
11685.38	7.195
11690.40	7.194
11695.41	7.193
11700.42	7.193
11705.43	7.192
11710.44	7.191
11715.45	7.190
11720.47	7.190
11725.48	7.189
11730.49	7.188
11735.50	7.187
11740.51	7.187
11745.52	7.186
11750.54	7.185
11755.55	7.184
11760.56	7.184
11765.57	7.183
11770.58	7.182
11775.59	7.182
11780.60	7.181
11785.62	7.180
11790.63	7.179
11795.64	7.179
11800.65	7.178
11805.66	7.177
11810.67	7.176
11815.68	7.176
11820.70	7.175
11825.71	7.174
11830.72	7.173
11835.73	7.173
11840.74	7.172
11845.75	7.171
11850.77	7.170
11855.78	7.170
11860.79	7.169
11865.80	7.168
11870.81	7.167
11875.82	7.166
11880.84	7.166
11885.85	7.165
11890.86	7.164
11895.87	7.163
11900.89	7.163
11905.90	7.162
11910.91	7.161
11915.92	7.160
11920.93	7.160
11925.94	7.159
11930.96	7.158
11935.97	7.157
11940.98	7.156
11945.99	7.156
11951.00	7.155
11956.01	7.154
11961.02	7.153
11966.04	7.153
11971.05	7.152
11976.06	7.151
11981.07	7.150
11986.08	7.149
11991.09	7.149
11996.11	7.148
12001.12	7.147
12006.13	7.146
12011.14	7.145
12016.15	7.144
12021.16	7.143
12026.17	7.143
12031.19	7.142
12036.20	7.141
12041.21	7.140
12046.22	7.140
12051.23	7.139
12056.24	7.138
12061.26	7.137
12066.27	7.136
12071.28	7.135
12076.29	7.135
12081.30	7.134
12086.31	7.133
12091.33	7.132
12096.34	7.131
12101.35	7.131
12106.36	7.130
12111.37	7.129
12116.38	7.128
12121.39	7.127
12126.41	7.127
12131.42	7.125
12136.43	7.125
12141.44	7.124
12146.45	7.123
12151.46	7.122
12156.48	7.122
12161.49	7.121
12166.50	7.120
12171.51	7.119
12176.52	7.118
12181.53	7.117
12186.55	7.116
12191.56	7.116
12196.57	7.115
12201.58	7.114
12206.59	7.113
12211.60	7.112
12216.61	7.111
12221.63	7.110
12226.64	7.109
12231.65	7.108
12236.66	7.108
12241.67	7.107
12246.68	7.106
12251.70	7.105
12256.71	7.105
12261.72	7.104
12266.73	7.103
12271.74	7.102
12276.75	7.101
12281.77	7.100
12286.78	7.099
12291.79	7.099
12296.80	7.098
12301.81	7.097
12306.82	7.096
12311.84	7.095
12316.85	7.094
12321.86	7.093
12326.87	7.092
12331.88	7.092
12336.89	7.091
12341.90	7.090
12346.92	7.089
12351.93	7.088
12356.94	7.087
12361.95	7.086
12366.96	7.085
12371.97	7.084
12376.99	7.083
12382.00	7.082
12387.01	7.081
12392.02	7.081
12397.03	7.080
12402.04	7.079
12407.05	7.078
12412.07	7.077
12417.08	7.076
12422.09	7.075
12427.10	7.074
12432.11	7.073
12437.12	7.073
12442.14	7.072
12447.15	7.071
12452.16	7.070
12457.17	7.069
12462.18	7.068
12467.19	7.067
12472.21	7.066
12477.22	7.065
12482.23	7.064
12487.24	7.064
12492.25	7.063
12497.26	7.062
12502.28	7.061
12507.29	7.060
12512.30	7.059
12517.31	7.058
12522.32	7.057
12527.33	7.056
12532.35	7.055
12537.36	7.054
12542.37	7.053
12547.38	7.052
12552.39	7.052
12557.40	7.051
12562.41	7.050
12567.43	7.049
12572.44	7.048
12577.45	7.047
12582.46	7.046
12587.47	7.045
12592.48	7.044
12597.50	7.043
12602.51	7.042
12607.52	7.041
12612.53	7.041
12617.54	7.040
12622.55	7.038
12627.57	7.037
12632.58	7.036
12637.59	7.035
12642.60	7.035
12647.61	7.034
12652.62	7.033
12657.64	7.032
12662.65	7.031
12667.66	7.030
12672.67	7.029
12677.68	7.028
12682.69	7.027
12687.70	7.026
12692.72	7.025
12697.73	7.024
12702.74	7.023
12707.75	7.022
12712.76	7.021
12717.77	7.020
12722.79	7.019
12727.80	7.018
12732.81	7.017
12737.82	7.016
12742.83	7.015
12747.84	7.014
12752.85	7.013
12757.87	7.012
12762.88	7.011
12767.89	7.010
12772.90	7.009
12777.91	7.008
12782.92	7.007
12787.94	7.006
12792.95	7.005
12797.96	7.004
12802.97	7.004
12807.98	7.002
12812.99	7.002
12818.01	7.001
12823.02	7.000
12828.03	6.999
12833.04	6.998
12838.05	6.996
12843.06	6.996
12848.08	6.995
12853.09	6.994
12858.10	6.993
12863.11	6.992
12868.12	6.991
12873.13	6.990
12878.14	6.989
12883.16	6.988
12888.17	6.987
12893.18	6.986
12898.19	6.985
12903.20	6.984
12908.21	6.983
12913.23	6.981
12918.24	6.981
12923.25	6.980
12928.26	6.979
12933.27	6.978
12938.28	6.977
12943.30	6.976
12948.31	6.974
12953.32	6.973
12958.33	6.972
12963.34	6.971
12968.35	6.970
12973.37	6.969
12978.38	6.968
12983.39	6.967
12988.40	6.966
12993.41	6.965
12998.42	6.964
13003.44	6.963
13008.45	6.962
13013.46	6.961
13018.47	6.960
13023.48	6.959
13028.49	6.958
13033.51	6.957
13038.52	6.956
13043.53	6.955
13048.55	6.954
13053.56	6.952
13058.57	6.952
13063.58	6.950
13068.59	6.949
13073.60	6.948
13078.62	6.947
13083.63	6.946
13088.64	6.945
13093.65	6.944
13098.66	6.943
13103.67	6.942
13108.69	6.941
13113.70	6.939
13118.71	6.938
13123.72	6.937
13128.73	6.936
13133.74	6.935
13138.76	6.934
13143.77	6.933
13148.78	6.932
13153.79	6.931
13158.80	6.930
13163.81	6.929
13168.83	6.928
13173.84	6.927
13178.85	6.926
13183.86	6.925
13188.87	6.923
13193.88	6.922
13198.89	6.921
13203.91	6.920
13208.92	6.919
13213.93	6.918
13218.94	6.917
13223.95	6.916
13228.96	6.915
13233.98	6.914
13238.99	6.912
13244.01	6.911
13249.02	6.910
13254.03	6.909
13259.04	6.908
13264.05	6.907
13269.06	6.906
13274.08	6.905
13279.09	6.903
13284.10	6.902
13289.11	6.901
13294.12	6.900
13299.13	6.899
13304.14	6.898
13309.16	6.897
13314.17	6.896
13319.18	6.894
13324.19	6.893
13329.20	6.892
13334.21	6.891
13339.23	6.890
13344.24	6.888
13349.25	6.887
13354.26	6.886
13359.27	6.885
13364.28	6.884
13369.30	6.883
13374.31	6.882
13379.32	6.881
13384.33	6.880
13389.34	6.878
13394.35	6.877
13399.36	6.876
13404.38	6.875
13409.39	6.874
13414.40	6.872
13419.41	6.871
13424.42	6.870
13429.43	6.869
13434.44	6.868
13439.46	6.867
13444.47	6.865
13449.48	6.864
13454.49	6.863
13459.50	6.862
13464.51	6.861
13469.53	6.859
13474.54	6.858
13479.55	6.857
13484.56	6.856
13489.57	6.855
13494.58	6.853
13499.60	6.852
13504.61	6.851
13509.62	6.850
13514.63	6.849
13519.64	6.847
13524.65	6.846
13529.67	6.845
13534.68	6.844
13539.69	6.843
13544.70	6.841
13549.71	6.840
13554.72	6.839
13559.74	6.838
13564.75	6.837
13569.76	6.835
13574.77	6.834
13579.78	6.833
13584.79	6.832
13589.80	6.830
13594.82	6.829
13599.83	6.828
13604.84	6.827
13609.85	6.826
13614.86	6.824
13619.88	6.823
13624.89	6.822
13629.90	6.821
13634.91	6.819
13639.92	6.818
13644.93	6.817
13649.95	6.816
13654.96	6.814
13659.97	6.813
13664.98	6.812
13669.99	6.810
13675.00	6.809
13680.01	6.808
13685.03	6.807
13690.04	6.806
13695.05	6.804
13700.06	6.803
13705.07	6.801
13710.08	6.800
13715.10	6.799
13720.11	6.798
13725.12	6.797
13730.13	6.795
13735.14	6.794
13740.15	6.793
13745.16	6.792
13750.18	6.790
13755.19	6.789
13760.20	6.788
13765.21	6.786
13770.22	6.785
13775.23	6.784
13780.25	6.782
13785.26	6.781
13790.27	6.780
13795.28	6.778
13800.29	6.777
13805.30	6.776
13810.32	6.775
13815.33	6.773
13820.34	6.772
13825.35	6.771
13830.36	6.769
13835.37	6.768
13840.39	6.767
13845.40	6.765
13850.41	6.764
13855.42	6.763
13860.43	6.761
13865.44	6.760
13870.45	6.759
13875.47	6.757
13880.48	6.756
13885.49	6.755
13890.50	6.753
13895.51	6.752
13900.52	6.751
13905.54	6.749
13910.55	6.748
13915.56	6.747
13920.57	6.745
13925.58	6.744
13930.59	6.743
13935.60	6.741
13940.62	6.740
13945.63	6.739
13950.64	6.737
13955.65	6.736
13960.66	6.735
13965.67	6.733
13970.68	6.732
13975.70	6.731
13980.71	6.729
13985.72	6.728
13990.73	6.726
13995.74	6.725
14000.75	6.723
14005.77	6.722
14010.78	6.721
14015.79	6.719
14020.80	6.718
14025.81	6.717
14030.82	6.715
14035.83	6.714
14040.85	6.712
14045.86	6.711
14050.87	6.710
14055.88	6.708
14060.89	6.707
14065.90	6.705
14070.92	6.704
14075.93	6.703
14080.94	6.701
14085.95	6.700
14090.96	6.698
14095.97	6.697
14100.99	6.695
14106.00	6.694
14111.01	6.693
14116.02	6.691
14121.03	6.690
14126.04	6.688
14131.05	6.687
14136.06	6.685
14141.08	6.684
14146.09	6.682
14151.10	6.681
14156.11	6.680
14161.12	6.678
14166.13	6.677
14171.15	6.675
14176.16	6.674
14181.17	6.673
14186.18	6.671
14191.19	6.669
14196.20	6.668
14201.22	6.667
14206.23	6.665
14211.24	6.664
14216.25	6.662
14221.26	6.661
14226.27	6.659
14231.28	6.658
14236.30	6.656
14241.31	6.655
14246.32	6.653
14251.33	6.652
14256.34	6.650
14261.35	6.649
14266.37	6.647
14271.38	6.646
14276.39	6.644
14281.40	6.643
14286.41	6.641
14291.42	6.640
14296.44	6.638
14301.45	6.637
14306.46	6.635
14311.47	6.634
14316.48	6.632
14321.49	6.631
14326.50	6.629
14331.52	6.628
14336.53	6.626
14341.54	6.624
14346.55	6.623
14351.56	6.621
14356.57	6.620
14361.59	6.618
14366.60	6.617
14371.61	6.615
14376.62	6.614
14381.63	6.612
14386.64	6.611
14391.66	6.609
14396.67	6.608
14401.68	6.606
14406.69	6.604
14411.70	6.603
14416.71	6.601
14421.72	6.599
14426.74	6.598
14431.75	6.596
14436.76	6.595
14441.77	6.593
14446.78	6.592
14451.79	6.590
14456.81	6.589
14461.82	6.587
14466.83	6.586
14471.84	6.584
14476.85	6.582
14481.86	6.581
14486.88	6.579
14491.89	6.578
14496.90	6.576
14501.91	6.574
14506.92	6.573
14511.93	6.571
14516.95	6.569
14521.96	6.568
14526.97	6.566
14531.98	6.565
14536.99	6.563
14542.00	6.561
14547.02	6.560
14552.03	6.558
14557.04	6.557
14562.05	6.555
14567.06	6.553
14572.07	6.552
14577.08	6.550
14582.10	6.548
14587.11	6.547
14592.12	6.545
14597.13	6.543
14602.14	6.542
14607.15	6.540
14612.16	6.538
14617.18	6.537
14622.19	6.535
14627.20	6.534
14632.21	6.532
14637.22	6.530
14642.23	6.529
14647.25	6.527
14652.26	6.525
14657.27	6.523
14662.27	6.522
14667.28	6.520
14672.29	6.518
14677.30	6.517
14682.31	6.515
14687.32	6.513
14692.33	6.512
14697.33	6.510
14702.34	6.508
14707.35	6.507
14712.36	6.505
14717.37	6.503
14722.38	6.501
14727.38	6.500
14732.39	6.498
14737.40	6.496
14742.41	6.494
14747.42	6.493
14752.43	6.491
14757.44	6.489
14762.44	6.487
14767.45	6.486
14772.46	6.484
14777.47	6.482
14782.48	6.480
14787.49	6.479
14792.49	6.477
14797.50	6.475
14802.51	6.473
14807.52	6.471
14812.53	6.470
14817.54	6.468
14822.55	6.466
14827.55	6.464
14832.56	6.462
14837.57	6.461
14842.58	6.459
14847.59	6.457
14852.60	6.455
14857.60	6.453
14862.61	6.452
14867.62	6.450
14872.63	6.448
14877.64	6.446
14882.65	6.444
14887.66	6.442
14892.66	6.441
14897.67	6.439
14902.68	6.437
14907.69	6.435
14912.70	6.433
14917.71	6.431
14922.72	6.430
14927.72	6.428
14932.73	6.426
14937.74	6.424
14942.75	6.422
14947.76	6.420
14952.77	6.418
14957.77	6.416
14962.78	6.414
14967.79	6.412
14972.80	6.411
14977.81	6.409
14982.82	6.407
14987.83	6.405
14992.83	6.403
14997.84	6.401
15002.85	6.399
15007.86	6.397
15012.87	6.395
15017.88	6.393
15022.88	6.391
15027.89	6.390
15032.90	6.388
15037.91	6.386
15042.92	6.384
15047.93	6.382
15052.93	6.380
15057.94	6.378
15062.95	6.376
15067.96	6.374
15072.97	6.372
15077.98	6.370
15082.99	6.368
15087.99	6.366
15093.00	6.364
15098.01	6.362
15103.02	6.360
15108.03	6.358
15113.04	6.356
15118.05	6.354
15123.06	6.352
15128.07	6.350
15133.08	6.348
15138.09	6.346
15143.10	6.344
15148.11	6.342
15153.12	6.339
15158.12	6.337
15163.13	6.335
15168.14	6.333
15173.15	6.331
15178.16	6.329
15183.17	6.327
15188.17	6.325
15193.18	6.323
15198.19	6.321
15203.20	6.319
15208.21	6.316
15213.22	6.314
15218.23	6.312
15223.23	6.310
15228.24	6.308
15233.25	6.306
15238.26	6.303
15243.27	6.301
15248.28	6.299
15253.29	6.297
15258.29	6.295
15263.30	6.293
15268.31	6.290
15273.32	6.288
15278.33	6.286
15283.34	6.284
15288.35	6.281
15293.35	6.279
15298.36	6.277
15303.37	6.275
15308.38	6.272
15313.39	6.270
15318.40	6.268
15323.40	6.266
15328.42	6.263
15333.43	6.261
15338.44	6.259
15343.45	6.256
15348.45	6.254
15353.46	6.252
15358.47	6.249
15363.48	6.247
15368.49	6.245
15373.50	6.242
15378.51	6.240
15383.51	6.238
15388.52	6.235
15393.53	6.233
15398.54	6.231
15403.55	6.228
15408.56	6.226
15413.57	6.224
15418.57	6.221
15423.58	6.219
15428.59	6.217
15433.60	6.214
15438.61	6.212
15443.62	6.209
15448.63	6.207
15453.63	6.205
15458.64	6.202
15463.65	6.200
15468.66	6.197
15473.67	6.195
15478.68	6.193
15483.69	6.190
15488.69	6.188
15493.70	6.185
15498.71	6.183
15503.72	6.181
15508.73	6.178
15513.74	6.176
15518.74	6.174
15523.75	6.171
15528.77	6.169
15533.78	6.166
15538.78	6.164
15543.79	6.162
15548.80	6.159
15553.81	6.157
15558.82	6.154
15563.83	6.152
15568.84	6.149
15573.84	6.147
15578.85	6.145
15583.86	6.142
15588.87	6.140
15593.88	6.137
15598.89	6.135
15603.90	6.133
15608.90	6.130
15613.91	6.128
15618.92	6.125
15623.93	6.123
15628.94	6.121
15633.95	6.118
15638.96	6.116
15643.96	6.114
15648.97	6.111
15653.98	6.109
15658.99	6.106
15664.00	6.104
15669.01	6.102
15674.01	6.099
15679.02	6.097
15684.03	6.094
15689.04	6.092
15694.05	6.090
15699.06	6.087
15704.07	6.085
15709.07	6.083
15714.08	6.080
15719.09	6.078
15724.10	6.075
15729.11	6.073
15734.12	6.071
15739.13	6.068
15744.13	6.066
15749.14	6.064
15754.15	6.061
15759.16	6.059
15764.17	6.057
15769.18	6.054
15774.18	6.052
15779.19	6.049
15784.20	6.047
15789.21	6.045
15794.22	6.042
15799.23	6.040
15804.24	6.037
15809.24	6.035
15814.25	6.033
15819.26	6.030
15824.27	6.028
15829.28	6.026
15834.29	6.023
15839.29	6.021
15844.30	6.019
15849.31	6.016
15854.32	6.014
15859.33	6.012
15864.34	6.009
15869.35	6.007
15874.35	6.005
15879.36	6.002
15884.37	6.000
15889.38	5.998
15894.39	5.995
15899.40	5.993
15904.40	5.991
15909.41	5.988
15914.42	5.986
15919.43	5.984
15924.44	5.982
15929.45	5.979
15934.46	5.977
15939.46	5.975
15944.47	5.973
15949.48	5.970
