2.51	7.899
7.52	7.898
12.53	7.897
17.54	7.897
22.55	7.897
27.56	7.897
32.58	7.897
37.59	7.897
42.60	7.896
47.61	7.897
52.63	7.897
57.64	7.897
62.65	7.646
67.66	7.653
72.68	7.657
77.69	7.661
82.70	7.663
87.71	7.665
92.72	7.665
97.73	7.666
102.75	7.666
107.76	7.667
112.78	7.667
117.79	7.667
122.81	7.666
127.82	7.666
132.83	7.666
137.85	7.666
142.86	7.665
147.88	7.664
152.89	7.664
157.90	7.664
162.92	7.664
167.93	7.664
172.95	7.663
177.96	7.663
182.98	7.663
187.99	7.663
193.00	7.662
198.02	7.662
203.03	7.662
208.04	7.662
213.05	7.662
218.06	7.661
223.07	7.661
228.09	7.660
233.10	7.660
238.11	7.660
243.13	7.660
248.14	7.659
253.15	7.659
258.16	7.659
263.17	7.659
268.19	7.658
273.20	7.658
278.21	7.658
283.22	7.658
288.23	7.657
293.24	7.657
298.26	7.657
303.27	7.657
308.28	7.656
313.30	7.656
318.32	7.656
323.33	7.656
328.34	7.655
333.36	7.655
338.37	7.655
343.39	7.655
348.40	7.654
353.42	7.654
358.43	7.654
363.45	7.654
368.46	7.653
373.47	7.653
378.49	7.653
383.51	7.653
388.52	7.652
393.53	7.652
398.55	7.652
403.56	7.651
408.58	7.651
413.59	7.651
418.61	7.651
423.62	7.651
428.64	7.651
433.65	7.650
438.66	7.650
443.68	7.650
448.69	7.650
453.70	7.649
458.71	7.649
463.72	7.649
468.74	7.649
473.75	7.649
478.76	7.648
483.77	7.648
488.78	7.648
493.79	7.648
498.80	7.648
503.81	7.648
508.83	7.647
513.84	7.647
518.85	7.647
523.86	7.646
528.87	7.646
533.88	7.646
538.90	7.646
543.91	7.646
548.92	7.645
553.93	7.645
558.94	7.645
563.95	7.645
568.97	7.644
573.98	7.644
578.99	7.644
584.01	7.644
589.02	7.644
594.03	7.643
599.04	7.643
604.05	7.643
609.06	7.643
614.08	7.642
619.10	7.642
624.12	7.642
629.13	7.642
634.14	7.641
639.16	7.641
644.17	7.641
649.19	7.641
654.20	7.641
659.22	7.641
664.23	7.640
669.25	7.640
674.26	7.640
679.28	7.640
684.29	7.639
689.31	7.639
694.32	7.639
699.33	7.638
704.35	7.638
709.36	7.638
714.38	7.638
719.39	7.638
724.41	7.638
729.42	7.637
734.43	7.637
739.44	7.637
744.45	7.637
749.46	7.637
754.47	7.636
759.49	7.636
764.50	7.636
769.51	7.636
774.52	7.636
779.53	7.635
784.55	7.635
789.56	7.635
794.58	7.635
799.59	7.635
804.61	7.634
809.62	7.634
814.64	7.634
819.65	7.633
824.66	7.633
829.68	7.633
834.69	7.633
839.71	7.633
844.72	7.632
849.73	7.632
854.75	7.632
859.77	7.632
864.78	7.632
869.79	7.631
874.81	7.631
879.82	7.631
884.84	7.631
889.85	7.630
894.86	7.630
899.88	7.630
904.89	7.630
909.91	7.630
914.92	7.629
919.94	7.629
924.95	7.629
929.96	7.629
934.98	7.628
939.99	7.628
945.00	7.628
950.02	7.628
955.03	7.628
960.05	7.627
965.06	7.627
970.07	7.627
975.08	7.627
980.10	7.626
985.11	7.626
990.12	7.626
995.13	7.626
1000.14	7.626
1005.15	7.626
1010.16	7.625
1015.18	7.625
1020.19	7.625
1025.20	7.625
1030.21	7.624
1035.23	7.624
1040.24	7.624
1045.26	7.624
1050.27	7.624
1055.29	7.623
1060.30	7.623
1065.32	7.623
1070.33	7.623
1075.34	7.623
1080.36	7.622
1085.37	7.622
1090.39	7.622
1095.40	7.622
1100.41	7.621
1105.43	7.621
1110.44	7.621
1115.46	7.621
1120.47	7.620
1125.49	7.620
1130.50	7.620
1135.52	7.620
1140.53	7.620
1145.55	7.620
1150.56	7.619
1155.58	7.619
1160.59	7.619
1165.61	7.618
1170.62	7.618
1175.64	7.618
1180.65	7.618
1185.66	7.618
1190.67	7.617
1195.68	7.617
1200.69	7.617
1205.70	7.617
1210.72	7.617
1215.73	7.616
1220.74	7.616
1225.75	7.616
1230.76	7.616
1235.77	7.616
1240.79	7.615
1245.80	7.615
1250.81	7.615
1255.82	7.615
1260.83	7.615
1265.84	7.615
1270.86	7.614
1275.87	7.614
1280.88	7.614
1285.89	7.613
1290.90	7.614
1295.92	7.613
1300.93	7.613
1305.94	7.613
1310.95	7.613
1315.96	7.612
1320.97	7.612
1325.98	7.612
1331.00	7.612
1336.01	7.611
1341.02	7.611
1346.03	7.611
1351.04	7.611
1356.05	7.611
1361.07	7.610
1366.08	7.610
1371.09	7.610
1376.10	7.610
1381.11	7.610
1386.12	7.609
1391.13	7.609
1396.15	7.609
1401.16	7.609
1406.17	7.608
1411.18	7.608
1416.19	7.608
1421.20	7.608
1426.22	7.608
1431.23	7.607
1436.24	7.607
1441.25	7.607
1446.26	7.606
1451.27	7.607
1456.28	7.606
1461.30	7.606
1466.31	7.606
1471.32	7.606
1476.33	7.606
1481.34	7.605
1486.35	7.605
1491.37	7.605
1496.38	7.605
1501.39	7.605
1506.40	7.604
1511.41	7.604
1516.42	7.604
1521.43	7.603
1526.45	7.603
1531.46	7.603
1536.47	7.602
1541.48	7.602
1546.49	7.602
1551.51	7.602
1556.52	7.602
1561.53	7.601
1566.55	7.601
1571.56	7.601
1576.57	7.601
1581.58	7.601
1586.59	7.601
1591.60	7.600
1596.61	7.600
1601.63	7.600
1606.64	7.600
1611.65	7.599
1616.66	7.599
1621.67	7.599
1626.68	7.599
1631.69	7.599
1636.71	7.598
1641.72	7.598
1646.73	7.598
1651.74	7.598
1656.75	7.597
1661.76	7.597
1666.77	7.597
1671.79	7.597
1676.80	7.597
1681.81	7.596
1686.82	7.596
1691.83	7.596
1696.84	7.596
1701.86	7.596
1706.87	7.595
1711.88	7.595
1716.89	7.595
1721.90	7.595
1726.91	7.594
1731.92	7.594
1736.94	7.594
1741.95	7.594
1746.96	7.594
1751.97	7.593
1756.98	7.593
1761.99	7.593
1767.01	7.593
1772.02	7.592
1777.03	7.592
1782.04	7.592
1787.05	7.592
1792.06	7.592
1797.07	7.592
1802.09	7.591
1807.10	7.591
1812.11	7.591
1817.12	7.591
1822.13	7.590
1827.14	7.590
1832.15	7.590
1837.17	7.589
1842.18	7.589
1847.19	7.589
1852.20	7.589
1857.21	7.589
1862.22	7.589
1867.23	7.588
1872.25	7.588
1877.26	7.588
1882.27	7.588
1887.28	7.588
1892.29	7.588
1897.30	7.587
1902.32	7.587
1907.33	7.587
1912.34	7.586
1917.35	7.586
1922.36	7.586
1927.37	7.586
1932.38	7.586
1937.39	7.585
1942.41	7.585
1947.42	7.585
1952.43	7.585
1957.44	7.584
1962.45	7.584
1967.46	7.584
1972.48	7.584
1977.49	7.584
1982.50	7.584
1987.51	7.583
1992.52	7.583
1997.53	7.583
2002.54	7.583
2007.55	7.583
2012.57	7.582
2017.58	7.582
2022.59	7.582
2027.60	7.582
2032.61	7.582
2037.62	7.581
2042.64	7.581
2047.65	7.581
2052.66	7.581
2057.67	7.580
2062.68	7.580
2067.69	7.580
2072.70	7.580
2077.72	7.579
2082.73	7.579
2087.74	7.579
2092.75	7.579
2097.76	7.578
2102.77	7.578
2107.78	7.578
2112.80	7.578
2117.81	7.578
2122.82	7.578
2127.83	7.577
2132.84	7.577
2137.85	7.577
2142.87	7.577
2147.88	7.576
2152.89	7.576
2157.90	7.576
2162.91	7.576
2167.92	7.575
2172.94	7.575
2177.95	7.575
2182.96	7.575
2187.97	7.575
2192.98	7.575
2197.99	7.574
2203.00	7.574
2208.02	7.574
2213.03	7.574
2218.04	7.573
2223.05	7.573
2228.06	7.573
2233.07	7.572
2238.09	7.572
2243.10	7.572
2248.11	7.572
2253.12	7.572
2258.13	7.572
2263.14	7.571
2268.15	7.571
2273.17	7.571
2278.18	7.571
2283.19	7.571
2288.20	7.570
2293.21	7.570
2298.22	7.570
2303.23	7.570
2308.25	7.570
2313.26	7.569
2318.27	7.569
2323.28	7.569
2328.29	7.568
2333.30	7.568
2338.32	7.568
2343.33	7.568
2348.34	7.568
2353.35	7.567
2358.36	7.567
2363.37	7.567
2368.38	7.567
2373.40	7.567
2378.41	7.567
2383.42	7.566
2388.43	7.566
2393.44	7.566
2398.45	7.566
2403.47	7.565
2408.48	7.565
2413.49	7.565
2418.50	7.564
2423.51	7.564
2428.53	7.564
2433.54	7.564
2438.55	7.564
2443.57	7.564
2448.58	7.563
2453.59	7.563
2458.61	7.563
2463.62	7.563
2468.63	7.563
2473.64	7.562
2478.66	7.562
2483.67	7.562
2488.69	7.562
2493.70	7.561
2498.72	7.561
2503.73	7.561
2508.74	7.561
2513.75	7.561
2518.77	7.560
2523.78	7.560
2528.79	7.560
2533.80	7.560
2538.81	7.560
2543.82	7.559
2548.83	7.559
2553.84	7.559
2558.86	7.558
2563.87	7.558
2568.88	7.558
2573.89	7.558
2578.90	7.558
2583.91	7.558
2588.93	7.558
2593.94	7.557
2598.95	7.557
2603.96	7.557
2608.97	7.557
2613.98	7.556
2618.99	7.556
2624.01	7.556
2629.02	7.556
2634.03	7.556
2639.04	7.555
2644.05	7.555
2649.06	7.555
2654.08	7.555
2659.09	7.554
2664.10	7.554
2669.11	7.554
2674.12	7.554
2679.13	7.553
2684.15	7.553
2689.16	7.553
2694.17	7.553
2699.18	7.553
2704.19	7.552
2709.20	7.552
2714.21	7.552
2719.23	7.552
2724.24	7.551
2729.25	7.551
2734.26	7.551
2739.27	7.551
2744.28	7.550
2749.30	7.550
2754.31	7.550
2759.32	7.550
2764.33	7.550
2769.34	7.549
2774.35	7.549
2779.37	7.549
2784.38	7.549
2789.39	7.549
2794.40	7.548
2799.41	7.548
2804.42	7.548
2809.43	7.548
2814.45	7.547
2819.46	7.547
2824.47	7.547
2829.48	7.547
2834.49	7.546
2839.50	7.546
2844.52	7.546
2849.53	7.546
2854.54	7.546
2859.55	7.545
2864.56	7.545
2869.57	7.545
2874.58	7.545
2879.60	7.545
2884.61	7.544
2889.62	7.544
2894.63	7.544
2899.64	7.544
2904.65	7.543
2909.67	7.543
2914.68	7.543
2919.69	7.543
2924.70	7.542
2929.71	7.542
2934.72	7.542
2939.73	7.542
2944.75	7.541
2949.76	7.541
2954.77	7.541
2959.78	7.541
2964.79	7.541
2969.80	7.540
2974.82	7.540
2979.83	7.540
2984.84	7.540
2989.85	7.540
2994.86	7.539
2999.87	7.539
3004.88	7.539
3009.90	7.539
3014.91	7.538
3019.92	7.538
3024.93	7.538
3029.94	7.538
3034.95	7.537
3039.97	7.537
3044.98	7.537
3049.99	7.537
3055.00	7.536
3060.01	7.536
3065.02	7.536
3070.04	7.536
3075.05	7.536
3080.06	7.535
3085.07	7.535
3090.08	7.535
3095.09	7.535
3100.10	7.534
3105.12	7.534
3110.13	7.534
3115.14	7.534
3120.15	7.533
3125.16	7.533
3130.17	7.533
3135.19	7.533
3140.20	7.532
3145.21	7.532
3150.22	7.532
3155.23	7.532
3160.24	7.532
3165.26	7.531
3170.27	7.531
3175.28	7.531
3180.29	7.531
3185.30	7.531
3190.31	7.530
3195.33	7.530
3200.34	7.530
3205.35	7.530
3210.36	7.529
3215.37	7.529
3220.38	7.529
3225.39	7.529
3230.41	7.528
3235.42	7.528
3240.43	7.528
3245.44	7.528
3250.45	7.527
3255.46	7.527
3260.48	7.527
3265.49	7.527
3270.50	7.527
3275.51	7.525
3280.52	7.525
3285.53	7.525
3290.54	7.524
3295.56	7.524
3300.57	7.524
3305.58	7.524
3310.59	7.523
3315.60	7.523
3320.61	7.523
3325.63	7.523
3330.64	7.522
3335.65	7.522
3340.66	7.522
3345.67	7.522
3350.68	7.522
3355.70	7.521
3360.71	7.521
3365.73	7.521
3370.74	7.521
3375.75	7.520
3380.76	7.520
3385.77	7.520
3390.78	7.520
3395.80	7.519
3400.81	7.519
3405.82	7.519
3410.83	7.519
3415.84	7.519
3420.85	7.518
3425.87	7.518
3430.88	7.518
3435.89	7.518
3440.90	7.517
3445.91	7.517
3450.92	7.517
3455.93	7.517
3460.95	7.516
3465.96	7.516
3470.97	7.516
3475.98	7.516
3480.99	7.516
3486.00	7.515
3491.02	7.515
3496.03	7.515
3501.04	7.514
3506.05	7.514
3511.06	7.514
3516.07	7.514
3521.09	7.514
3526.10	7.513
3531.11	7.513
3536.12	7.513
3541.14	7.513
3546.15	7.512
3551.16	7.512
3556.18	7.512
3561.19	7.512
3566.21	7.511
3571.23	7.511
3576.24	7.511
3581.26	7.511
3586.27	7.511
3591.28	7.510
3596.29	7.510
3601.31	7.510
3606.32	7.509
3611.33	7.509
3616.34	7.509
3621.35	7.509
3626.36	7.508
3631.38	7.508
3636.39	7.508
3641.40	7.508
3646.41	7.508
3651.43	7.507
3656.44	7.507
3661.46	7.507
3666.47	7.507
3671.49	7.506
3676.50	7.506
3681.52	7.506
3686.53	7.506
3691.55	7.505
3696.56	7.505
3701.58	7.505
3706.59	7.504
3711.60	7.504
3716.61	7.504
3721.62	7.504
3726.63	7.503
3731.65	7.503
3736.66	7.503
3741.68	7.503
3746.69	7.503
3751.70	7.502
3756.71	7.502
3761.72	7.502
3766.73	7.501
3771.75	7.501
3776.76	7.501
3781.77	7.501
3786.78	7.501
3791.79	7.500
3796.80	7.500
3801.81	7.500
3806.83	7.500
3811.85	7.499
3816.86	7.499
3821.87	7.499
3826.88	7.498
3831.90	7.498
3836.91	7.498
3841.92	7.498
3846.94	7.498
3851.95	7.497
3856.96	7.497
3861.97	7.497
3866.98	7.496
3871.99	7.496
3877.01	7.496
3882.02	7.496
3887.03	7.495
3892.04	7.495
3897.05	7.495
3902.06	7.495
3907.07	7.495
3912.09	7.495
3917.10	7.494
3922.11	7.494
3927.12	7.494
3932.13	7.494
3937.14	7.493
3942.15	7.493
3947.17	7.493
3952.18	7.493
3957.19	7.492
3962.20	7.492
3967.21	7.492
3972.22	7.492
3977.23	7.491
3982.25	7.491
3987.26	7.491
3992.27	7.491
3997.28	7.490
4002.29	7.490
4007.30	7.490
4012.32	7.489
4017.33	7.489
4022.34	7.489
4027.35	7.489
4032.36	7.489
4037.37	7.488
4042.38	7.488
4047.40	7.488
4052.41	7.488
4057.42	7.487
4062.43	7.487
4067.44	7.487
4072.45	7.487
4077.47	7.486
4082.48	7.486
4087.49	7.486
4092.50	7.486
4097.51	7.485
4102.52	7.485
4107.54	7.485
4112.55	7.485
4117.56	7.484
4122.57	7.484
4127.58	7.484
4132.59	7.484
4137.60	7.484
4142.62	7.483
4147.63	7.483
4152.64	7.482
4157.65	7.482
4162.66	7.482
4167.67	7.482
4172.69	7.482
4177.70	7.482
4182.71	7.481
4187.72	7.481
4192.73	7.481
4197.74	7.481
4202.75	7.480
4207.77	7.480
4212.78	7.480
4217.79	7.480
4222.80	7.479
4227.81	7.479
4232.82	7.479
4237.84	7.479
4242.85	7.479
4247.86	7.478
4252.87	7.478
4257.88	7.478
4262.89	7.477
4267.90	7.477
4272.92	7.477
4277.93	7.477
4282.94	7.476
4287.95	7.476
4292.96	7.476
4297.97	7.476
4302.99	7.475
4308.00	7.475
4313.01	7.475
4318.02	7.475
4323.03	7.474
4328.04	7.474
4333.06	7.474
4338.07	7.473
4343.08	7.473
4348.09	7.473
4353.10	7.472
4358.11	7.472
4363.12	7.472
4368.13	7.472
4373.15	7.472
4378.16	7.472
4383.17	7.471
4388.18	7.471
4393.19	7.471
4398.20	7.470
4403.22	7.470
4408.23	7.470
4413.24	7.470
4418.25	7.470
4423.26	7.469
4428.27	7.469
4433.29	7.469
4438.30	7.468
4443.31	7.468
4448.33	7.468
4453.34	7.468
4458.35	7.468
4463.36	7.467
4468.37	7.467
4473.39	7.467
4478.40	7.467
4483.41	7.466
4488.42	7.466
4493.43	7.466
4498.44	7.466
4503.46	7.466
4508.47	7.465
4513.48	7.465
4518.49	7.465
4523.50	7.464
4528.51	7.464
4533.52	7.464
4538.54	7.464
4543.55	7.463
4548.56	7.463
4553.57	7.463
4558.59	7.462
4563.61	7.462
4568.62	7.462
4573.63	7.462
4578.65	7.461
4583.66	7.461
4588.68	7.461
4593.69	7.461
4598.71	7.460
4603.72	7.460
4608.73	7.460
4613.75	7.460
4618.76	7.459
4623.77	7.459
4628.78	7.459
4633.79	7.459
4638.80	7.458
4643.82	7.458
4648.83	7.458
4653.84	7.458
4658.85	7.457
4663.86	7.457
4668.87	7.457
4673.89	7.456
4678.90	7.456
4683.91	7.456
4688.93	7.456
4693.94	7.455
4698.96	7.455
4703.97	7.455
4708.99	7.455
4714.00	7.455
4719.01	7.454
4724.03	7.454
4729.04	7.454
4734.05	7.453
4739.07	7.453
4744.08	7.453
4749.09	7.453
4754.10	7.452
4759.11	7.452
4764.12	7.452
4769.14	7.452
4774.15	7.451
4779.16	7.451
4784.17	7.451
4789.18	7.450
4794.19	7.450
4799.20	7.450
4804.22	7.450
4809.23	7.450
4814.24	7.449
4819.25	7.449
4824.26	7.449
4829.27	7.449
4834.29	7.448
4839.30	7.448
4844.31	7.448
4849.32	7.447
4854.33	7.447
4859.34	7.447
4864.36	7.446
4869.37	7.446
4874.38	7.446
4879.39	7.446
4884.40	7.445
4889.41	7.445
4894.42	7.445
4899.44	7.445
4904.45	7.445
4909.46	7.444
4914.47	7.444
4919.48	7.444
4924.49	7.443
4929.51	7.443
4934.52	7.443
4939.53	7.443
4944.54	7.442
4949.55	7.442
4954.56	7.442
4959.57	7.441
4964.58	7.441
4969.60	7.441
4974.61	7.441
4979.62	7.441
4984.63	7.441
4989.64	7.440
4994.65	7.439
4999.67	7.439
5004.68	7.439
5009.69	7.439
5014.70	7.438
5019.71	7.438
5024.72	7.438
5029.74	7.438
5034.75	7.437
5039.76	7.437
5044.77	7.436
5049.78	7.436
5054.79	7.436
5059.80	7.436
5064.82	7.436
5069.83	7.436
5074.84	7.435
5079.85	7.435
5084.86	7.435
5089.87	7.435
5094.88	7.434
5099.90	7.434
5104.91	7.433
5109.92	7.433
5114.93	7.433
5119.94	7.433
5124.95	7.433
5129.97	7.432
5134.98	7.432
5139.99	7.432
5145.00	7.431
5150.01	7.431
5155.03	7.431
5160.04	7.430
5165.05	7.430
5170.06	7.430
5175.07	7.430
5180.09	7.429
5185.10	7.429
5190.11	7.429
5195.12	7.429
5200.13	7.428
5205.14	7.428
5210.15	7.428
5215.17	7.428
5220.18	7.427
5225.19	7.427
5230.20	7.427
5235.21	7.426
5240.22	7.426
5245.23	7.426
5250.25	7.426
5255.26	7.425
5260.27	7.425
5265.28	7.425
5270.29	7.424
5275.30	7.424
5280.32	7.424
5285.33	7.424
5290.34	7.423
5295.35	7.423
5300.36	7.423
5305.37	7.423
5310.39	7.422
5315.40	7.422
5320.41	7.422
5325.42	7.422
5330.43	7.422
5335.44	7.421
5340.45	7.421
5345.47	7.421
5350.48	7.420
5355.49	7.420
5360.50	7.420
5365.51	7.420
5370.52	7.420
5375.54	7.419
5380.55	7.419
5385.56	7.418
5390.57	7.418
5395.58	7.418
5400.59	7.417
5405.61	7.417
5410.62	7.417
5415.63	7.417
5420.64	7.417
5425.65	7.416
5430.66	7.416
5435.67	7.416
5440.69	7.415
5445.70	7.415
5450.71	7.415
5455.72	7.415
5460.73	7.414
5465.74	7.414
5470.75	7.414
5475.77	7.414
5480.78	7.414
5485.79	7.413
5490.80	7.413
5495.81	7.413
5500.82	7.413
5505.84	7.412
5510.85	7.412
5515.86	7.412
5520.87	7.412
5525.88	7.411
5530.89	7.411
5535.90	7.411
5540.92	7.411
5545.93	7.410
5550.94	7.410
5555.95	7.410
5560.96	7.410
5565.97	7.409
5570.99	7.409
5576.00	7.409
5581.01	7.409
5586.02	7.408
5591.03	7.408
5596.04	7.408
5601.06	7.408
5606.07	7.408
5611.08	7.407
5616.09	7.407
5621.10	7.407
5626.11	7.407
5631.12	7.407
5636.14	7.406
5641.15	7.406
5646.16	7.406
5651.17	7.406
5656.18	7.405
5661.19	7.405
5666.21	7.404
5671.22	7.404
5676.23	7.404
5681.24	7.404
5686.25	7.404
5691.26	7.404
5696.28	7.403
5701.29	7.403
5706.30	7.403
5711.31	7.402
5716.32	7.403
5721.33	7.402
5726.34	7.402
5731.36	7.402
5736.37	7.401
5741.38	7.401
5746.39	7.401
5751.40	7.401
5756.41	7.400
5761.43	7.400
5766.44	7.400
5771.45	7.400
5776.46	7.400
5781.47	7.399
5786.48	7.399
5791.50	7.399
5796.51	7.399
5801.52	7.399
5806.53	7.398
5811.54	7.398
5816.55	7.398
5821.56	7.398
5826.58	7.398
5831.59	7.398
5836.60	7.398
5841.61	7.397
5846.62	7.397
5851.63	7.397
5856.64	7.397
5861.66	7.396
5866.67	7.396
5871.68	7.396
5876.69	7.396
5881.70	7.395
5886.71	7.395
5891.72	7.395
5896.74	7.395
5901.75	7.395
5906.76	7.395
5911.77	7.394
5916.78	7.394
5921.79	7.394
5926.81	7.394
5931.82	7.393
5936.83	7.393
5941.84	7.393
5946.85	7.393
5951.86	7.392
5956.88	7.392
5961.89	7.392
5966.90	7.392
5971.91	7.392
5976.92	7.392
5981.93	7.392
5986.94	7.391
5991.96	7.391
5996.97	7.391
6001.98	7.390
6006.99	7.391
6012.00	7.390
6017.01	7.390
6022.02	7.390
6027.04	7.390
6032.05	7.390
6037.06	7.389
6042.07	7.389
6047.08	7.389
6052.09	7.389
6057.11	7.388
6062.12	7.388
6067.13	7.388
6072.14	7.388
6077.15	7.388
6082.16	7.388
6087.17	7.388
6092.19	7.388
6097.20	7.388
6102.21	7.388
6107.22	7.387
6112.23	7.387
6117.24	7.387
6122.26	7.387
6127.27	7.387
6132.28	7.386
6137.29	7.386
6142.30	7.386
6147.31	7.386
6152.33	7.386
6157.34	7.385
6162.35	7.386
6167.36	7.386
6172.37	7.385
6177.38	7.385
6182.39	7.385
6187.41	7.385
6192.42	7.385
6197.43	7.384
6202.44	7.384
6207.45	7.384
6212.46	7.384
6217.47	7.384
6222.49	7.383
6227.50	7.383
6232.51	7.383
6237.52	7.383
6242.53	7.383
6247.54	7.382
6252.56	7.382
6257.57	7.382
6262.58	7.382
6267.59	7.382
6272.60	7.382
6277.61	7.382
6282.62	7.382
6287.63	7.381
6292.65	7.381
6297.66	7.381
6302.67	7.381
6307.68	7.381
6312.69	7.381
6317.70	7.381
6322.72	7.380
6327.73	7.380
6332.74	7.380
6337.75	7.380
6342.76	7.380
6347.78	7.380
6352.79	7.380
6357.80	7.379
6362.82	7.379
6367.83	7.379
6372.85	7.379
6377.86	7.379
6382.88	7.379
6387.89	7.379
6392.91	7.379
6397.92	7.379
6402.93	7.378
6407.94	7.378
6412.96	7.378
6417.97	7.378
6422.98	7.378
6427.99	7.378
6433.00	7.378
6438.01	7.377
6443.03	7.377
6448.04	7.377
6453.06	7.377
6458.07	7.377
6463.09	7.377
6468.10	7.377
6473.11	7.377
6478.13	7.376
6483.14	7.376
6488.15	7.376
6493.17	7.376
6498.18	7.376
6503.19	7.376
6508.20	7.375
6513.21	7.375
6518.22	7.375
6523.24	7.375
6528.25	7.375
6533.26	7.375
6538.27	7.375
6543.28	7.375
6548.29	7.375
6553.30	7.375
6558.32	7.374
6563.33	7.374
6568.34	7.374
6573.35	7.374
6578.36	7.374
6583.37	7.374
6588.39	7.374
6593.40	7.374
6598.41	7.373
6603.42	7.373
6608.43	7.373
6613.44	7.373
6618.46	7.373
6623.47	7.373
6628.48	7.372
6633.49	7.372
6638.50	7.372
6643.51	7.372
6648.52	7.372
6653.54	7.372
6658.55	7.372
6663.56	7.372
6668.57	7.371
6673.58	7.371
6678.59	7.371
6683.61	7.371
6688.62	7.371
6693.63	7.371
6698.64	7.371
6703.65	7.371
6708.66	7.370
6713.67	7.370
6718.69	7.370
6723.70	7.370
6728.71	7.370
6733.72	7.370
6738.73	7.370
6743.74	7.370
6748.75	7.369
6753.77	7.369
6758.78	7.369
6763.79	7.369
6768.80	7.369
6773.81	7.369
6778.82	7.369
6783.84	7.369
6788.85	7.369
6793.86	7.369
6798.87	7.369
6803.88	7.368
6808.89	7.368
6813.91	7.368
6818.92	7.368
6823.93	7.368
6828.94	7.368
6833.95	7.368
6838.96	7.368
6843.97	7.368
6848.99	7.367
6854.00	7.367
6859.01	7.367
6864.02	7.367
6869.03	7.367
6874.04	7.367
6879.06	7.367
6884.07	7.367
6889.08	7.367
6894.09	7.366
6899.10	7.366
6904.11	7.366
6909.12	7.366
6914.14	7.366
6919.15	7.366
6924.16	7.366
6929.17	7.366
6934.18	7.366
6939.19	7.366
6944.20	7.365
6949.22	7.365
6954.23	7.365
6959.24	7.365
6964.25	7.364
6969.26	7.364
6974.27	7.364
6979.28	7.364
6984.30	7.364
6989.31	7.364
6994.32	7.364
6999.33	7.364
7004.34	7.364
7009.35	7.364
7014.37	7.364
7019.38	7.364
7024.39	7.364
7029.40	7.364
7034.41	7.363
7039.42	7.363
7044.43	7.363
7049.45	7.363
7054.46	7.363
7059.47	7.363
7064.48	7.363
7069.49	7.362
7074.50	7.362
7079.52	7.363
7084.53	7.362
7089.54	7.362
7094.55	7.362
7099.56	7.362
7104.57	7.362
7109.58	7.362
7114.60	7.362
7119.61	7.362
7124.62	7.362
7129.63	7.362
7134.64	7.361
7139.65	7.362
7144.67	7.361
7149.68	7.361
7154.69	7.361
7159.70	7.361
7164.71	7.361
7169.72	7.361
7174.74	7.361
7179.75	7.361
7184.76	7.361
7189.77	7.361
7194.78	7.360
7199.79	7.360
7204.80	7.360
7209.82	7.360
7214.83	7.360
7219.84	7.360
7224.85	7.360
7229.86	7.360
7234.87	7.360
7239.89	7.359
7244.90	7.359
7249.91	7.359
7254.92	7.359
7259.93	7.359
7264.94	7.359
7269.95	7.359
7274.97	7.359
7279.98	7.358
7284.99	7.358
7290.00	7.358
7295.01	7.358
7300.02	7.358
7305.04	7.358
7310.05	7.358
7315.06	7.358
7320.07	7.357
7325.08	7.357
7330.09	7.358
7335.11	7.358
7340.12	7.358
7345.13	7.358
7350.14	7.357
7355.15	7.357
7360.16	7.357
7365.17	7.357
7370.19	7.356
7375.20	7.356
7380.21	7.356
7385.22	7.356
7390.23	7.356
7395.24	7.356
7400.26	7.356
7405.27	7.356
7410.28	7.356
7415.29	7.356
7420.30	7.356
7425.31	7.356
7430.32	7.356
7435.34	7.356
7440.35	7.355
7445.36	7.356
7450.38	7.355
7455.39	7.355
7460.40	7.355
7465.41	7.355
7470.42	7.355
7475.43	7.355
7480.44	7.355
7485.46	7.355
7490.47	7.354
7495.48	7.354
7500.49	7.354
7505.50	7.354
7510.51	7.354
7515.53	7.354
7520.54	7.354
7525.56	7.354
7530.57	7.354
7535.59	7.354
7540.60	7.354
7545.61	7.353
7550.63	7.353
7555.64	7.353
7560.66	7.353
7565.67	7.353
7570.69	7.353
7575.70	7.353
7580.71	7.353
7585.72	7.353
7590.73	7.353
7595.75	7.353
7600.76	7.353
7605.77	7.352
7610.78	7.352
7615.79	7.352
7620.80	7.352
7625.82	7.352
7630.83	7.352
7635.84	7.352
7640.85	7.351
7645.86	7.351
7650.87	7.351
7655.88	7.351
7660.90	7.351
7665.91	7.351
7670.92	7.351
7675.93	7.351
7680.94	7.351
7685.95	7.351
7690.96	7.351
7695.98	7.351
7700.99	7.351
7706.00	7.350
7711.01	7.350
7716.02	7.350
7721.03	7.350
7726.04	7.350
7731.06	7.350
7736.07	7.350
7741.08	7.350
7746.09	7.350
7751.10	7.350
7756.11	7.349
7761.13	7.349
7766.14	7.349
7771.15	7.349
7776.16	7.349
7781.17	7.349
7786.18	7.349
7791.19	7.349
7796.21	7.349
7801.22	7.348
7806.23	7.348
7811.24	7.348
7816.25	7.348
7821.26	7.348
7826.28	7.348
7831.29	7.348
7836.30	7.348
7841.31	7.347
7846.32	7.347
7851.33	7.347
7856.35	7.347
7861.36	7.347
7866.37	7.347
7871.38	7.347
7876.39	7.347
7881.40	7.347
7886.42	7.347
7891.43	7.347
7896.44	7.347
7901.45	7.347
7906.46	7.347
7911.47	7.347
7916.48	7.347
7921.50	7.346
7926.51	7.346
7931.52	7.346
7936.53	7.346
7941.54	7.346
7946.55	7.346
7951.57	7.346
7956.58	7.345
7961.60	7.346
7966.61	7.346
7971.63	7.345
7976.64	7.345
7981.65	7.345
7986.66	7.345
7991.68	7.345
7996.69	7.345
8001.70	7.345
8006.71	7.345
8011.72	7.345
8016.73	7.345
8021.74	7.344
8026.76	7.344
8031.77	7.344
8036.78	7.344
8041.79	7.344
8046.80	7.344
8051.81	7.344
8056.83	7.344
8061.84	7.343
8066.85	7.344
8071.86	7.344
8076.87	7.343
8081.88	7.343
8086.90	7.343
8091.91	7.343
8096.92	7.343
8101.93	7.343
8106.94	7.343
8111.95	7.342
8116.96	7.342
8121.98	7.343
8126.99	7.343
8132.00	7.342
8137.01	7.342
8142.02	7.342
8147.03	7.342
8152.05	7.342
8157.06	7.342
8162.07	7.342
8167.08	7.342
8172.09	7.342
8177.10	7.342
8182.11	7.342
8187.13	7.341
8192.14	7.341
8197.15	7.341
8202.16	7.341
8207.17	7.341
8212.18	7.341
8217.20	7.341
8222.21	7.341
8227.22	7.341
8232.23	7.341
8237.24	7.341
8242.25	7.341
8247.26	7.340
8252.28	7.340
8257.29	7.340
8262.30	7.340
8267.31	7.340
8272.32	7.340
8277.33	7.339
8282.34	7.339
8287.36	7.339
8292.37	7.339
8297.38	7.339
8302.39	7.339
8307.40	7.339
8312.41	7.339
8317.43	7.339
8322.44	7.339
8327.46	7.338
8332.47	7.338
8337.48	7.338
8342.50	7.338
8347.51	7.338
8352.53	7.338
8357.54	7.338
8362.55	7.338
8367.56	7.338
8372.57	7.338
8377.58	7.338
8382.60	7.337
8387.61	7.337
8392.63	7.337
8397.64	7.337
8402.65	7.337
8407.66	7.337
8412.68	7.337
8417.69	7.337
8422.70	7.337
8427.71	7.337
8432.72	7.336
8437.73	7.336
8442.74	7.336
8447.76	7.336
8452.77	7.336
8457.78	7.336
8462.79	7.336
8467.80	7.336
8472.81	7.336
8477.83	7.335
8482.84	7.336
8487.85	7.335
8492.86	7.335
8497.87	7.335
8502.88	7.335
8507.90	7.335
8512.91	7.335
8517.92	7.335
8522.93	7.335
8527.94	7.334
8532.95	7.334
8537.96	7.334
8542.98	7.334
8547.99	7.334
8553.00	7.334
8558.01	7.334
8563.02	7.334
8568.03	7.334
8573.05	7.334
8578.06	7.333
8583.07	7.334
8588.08	7.333
8593.09	7.333
8598.10	7.333
8603.12	7.333
8608.13	7.332
8613.14	7.332
8618.15	7.332
8623.16	7.332
8628.17	7.332
8633.18	7.332
8638.20	7.332
8643.21	7.332
8648.22	7.332
8653.23	7.332
8658.24	7.332
8663.25	7.332
8668.27	7.331
8673.28	7.331
8678.29	7.331
8683.30	7.331
8688.31	7.331
8693.32	7.331
8698.33	7.331
8703.35	7.331
8708.36	7.331
8713.37	7.331
8718.38	7.331
8723.39	7.330
8728.40	7.330
8733.42	7.330
8738.43	7.330
8743.44	7.330
8748.46	7.330
8753.47	7.330
8758.48	7.330
8763.49	7.329
8768.51	7.329
8773.52	7.329
8778.53	7.329
8783.54	7.329
8788.55	7.329
8793.56	7.328
8798.58	7.329
8803.59	7.329
8808.60	7.329
8813.61	7.328
8818.62	7.328
8823.63	7.328
8828.64	7.328
8833.66	7.328
8838.67	7.328
8843.68	7.328
8848.69	7.328
8853.70	7.327
8858.71	7.327
8863.73	7.327
8868.74	7.327
8873.75	7.327
8878.76	7.327
8883.77	7.327
8888.78	7.327
8893.80	7.327
8898.81	7.326
8903.82	7.326
8908.83	7.326
8913.84	7.326
8918.85	7.326
8923.86	7.326
8928.88	7.326
8933.89	7.326
8938.90	7.326
8943.91	7.325
8948.92	7.325
8953.93	7.325
8958.95	7.325
8963.96	7.325
8968.97	7.325
8973.98	7.325
8978.99	7.325
8984.00	7.325
8989.02	7.324
8994.03	7.324
8999.04	7.324
9004.05	7.324
9009.06	7.324
9014.07	7.324
9019.08	7.324
9024.10	7.324
9029.11	7.323
9034.12	7.323
9039.13	7.323
9044.14	7.323
9049.15	7.323
9054.17	7.323
9059.18	7.323
9064.19	7.322
9069.20	7.323
9074.21	7.322
9079.23	7.322
9084.25	7.322
9089.26	7.322
9094.27	7.322
9099.29	7.321
9104.30	7.321
9109.31	7.321
9114.33	7.321
9119.34	7.321
9124.35	7.321
9129.36	7.321
9134.37	7.321
9139.38	7.321
9144.40	7.320
9149.41	7.320
9154.43	7.320
9159.45	7.320
9164.46	7.320
9169.48	7.319
9174.49	7.319
9179.50	7.319
9184.51	7.319
9189.52	7.319
9194.53	7.319
9199.55	7.319
9204.56	7.319
9209.57	7.319
9214.58	7.319
9219.59	7.319
9224.60	7.318
9229.61	7.318
9234.63	7.318
9239.64	7.318
9244.65	7.318
9249.66	7.318
9254.67	7.317
9259.68	7.317
9264.69	7.317
9269.71	7.317
9274.72	7.317
9279.73	7.317
9284.74	7.317
9289.75	7.316
9294.76	7.316
9299.78	7.316
9304.79	7.316
9309.80	7.316
9314.81	7.315
9319.82	7.315
9324.83	7.315
9329.84	7.315
9334.86	7.315
9339.87	7.315
9344.88	7.315
9349.89	7.315
9354.90	7.314
9359.91	7.314
9364.93	7.314
9369.94	7.314
9374.95	7.314
9379.96	7.314
9384.97	7.314
9389.98	7.313
9394.99	7.313
9400.01	7.313
9405.02	7.313
9410.03	7.313
9415.04	7.312
9420.05	7.312
9425.06	7.312
9430.08	7.312
9435.09	7.312
9440.10	7.312
9445.11	7.312
9450.12	7.312
9455.13	7.311
9460.15	7.311
9465.16	7.311
9470.17	7.311
9475.18	7.311
9480.19	7.311
9485.20	7.311
9490.22	7.310
9495.23	7.310
9500.24	7.310
9505.25	7.310
9510.26	7.310
9515.27	7.309
9520.28	7.309
9525.30	7.309
9530.31	7.309
9535.32	7.308
9540.34	7.308
9545.36	7.308
9550.37	7.308
9555.39	7.307
9560.40	7.308
9565.41	7.307
9570.43	7.307
9575.44	7.307
9580.45	7.307
9585.46	7.307
9590.47	7.307
9595.48	7.307
9600.50	7.306
9605.51	7.306
9610.52	7.306
9615.53	7.306
9620.54	7.306
9625.55	7.305
9630.57	7.305
9635.58	7.305
9640.59	7.305
9645.61	7.305
9650.62	7.304
9655.63	7.304
9660.65	7.304
9665.66	7.304
9670.68	7.303
9675.69	7.303
9680.71	7.303
9685.72	7.303
9690.73	7.303
9695.75	7.302
9700.76	7.302
9705.77	7.302
9710.78	7.302
9715.79	7.302
9720.80	7.301
9725.82	7.301
9730.83	7.301
9735.84	7.301
9740.86	7.300
9745.87	7.300
9750.88	7.300
9755.89	7.300
9760.90	7.300
9765.91	7.299
9770.93	7.299
9775.94	7.299
9780.95	7.299
9785.96	7.299
9790.97	7.298
9795.98	7.298
9801.00	7.298
9806.01	7.298
9811.02	7.298
9816.03	7.298
9821.04	7.297
9826.05	7.297
9831.07	7.297
9836.08	7.297
9841.09	7.296
9846.10	7.296
9851.11	7.296
9856.12	7.296
9861.13	7.295
9866.15	7.295
9871.16	7.295
9876.17	7.294
9881.18	7.294
9886.19	7.294
9891.20	7.294
9896.22	7.294
9901.23	7.294
9906.24	7.293
9911.25	7.293
9916.26	7.293
9921.27	7.293
9926.28	7.292
9931.30	7.292
9936.31	7.292
9941.32	7.291
9946.33	7.291
9951.34	7.291
9956.35	7.291
9961.37	7.291
9966.38	7.290
9971.39	7.290
9976.40	7.290
9981.41	7.290
9986.42	7.289
9991.43	7.289
9996.45	7.289
10001.46	7.288
10006.47	7.288
10011.48	7.288
10016.49	7.287
10021.50	7.287
10026.52	7.287
10031.53	7.287
10036.54	7.286
10041.55	7.286
10046.56	7.286
10051.57	7.285
10056.59	7.285
10061.60	7.285
10066.61	7.284
10071.62	7.284
10076.63	7.284
10081.64	7.284
10086.65	7.283
10091.67	7.283
10096.68	7.283
10101.70	7.282
10106.72	7.282
10111.73	7.282
10116.74	7.281
10121.76	7.281
10126.77	7.281
10131.78	7.281
10136.79	7.280
10141.80	7.280
10146.82	7.280
10151.83	7.280
10156.84	7.279
10161.85	7.279
10166.86	7.278
10171.87	7.278
10176.89	7.277
10181.91	7.277
10186.92	7.277
10191.94	7.276
10196.95	7.276
10201.96	7.276
10206.97	7.276
10211.99	7.275
10217.00	7.275
10222.01	7.275
10227.02	7.274
10232.03	7.274
10237.05	7.273
10242.06	7.273
10247.07	7.273
10252.08	7.273
10257.10	7.272
10262.11	7.272
10267.12	7.271
10272.13	7.271
10277.14	7.271
10282.15	7.270
10287.17	7.270
10292.18	7.269
10297.19	7.269
10302.20	7.269
10307.21	7.268
10312.22	7.268
10317.24	7.267
10322.25	7.267
10327.26	7.267
10332.27	7.266
10337.28	7.266
10342.29	7.266
10347.30	7.265
10352.32	7.264
10357.33	7.264
10362.34	7.264
10367.35	7.263
10372.36	7.263
10377.37	7.263
10382.39	7.262
10387.40	7.262
10392.41	7.262
10397.42	7.261
10402.43	7.261
10407.44	7.261
10412.45	7.260
10417.47	7.260
10422.48	7.259
10427.49	7.259
10432.50	7.258
10437.51	7.258
10442.52	7.257
10447.54	7.257
10452.55	7.257
10457.56	7.256
10462.57	7.256
10467.58	7.255
10472.59	7.255
10477.61	7.254
10482.62	7.254
10487.63	7.253
10492.64	7.253
10497.65	7.252
10502.66	7.252
10507.67	7.251
10512.69	7.251
10517.70	7.250
10522.71	7.250
10527.72	7.249
10532.73	7.249
10537.74	7.248
10542.75	7.248
10547.77	7.248
10552.78	7.247
10557.79	7.246
10562.80	7.246
10567.81	7.245
10572.82	7.245
10577.83	7.244
10582.85	7.244
10587.86	7.244
10592.87	7.243
10597.88	7.243
10602.89	7.242
10607.90	7.241
10612.91	7.241
10617.93	7.240
10622.94	7.240
10627.95	7.239
10632.96	7.239
10637.97	7.239
10642.98	7.238
10648.00	7.237
10653.01	7.237
10658.02	7.236
10663.03	7.235
10668.04	7.235
10673.05	7.235
10678.07	7.234
10683.08	7.234
10688.09	7.233
10693.10	7.233
10698.11	7.232
10703.12	7.231
10708.14	7.230
10713.15	7.230
10718.16	7.230
10723.17	7.229
10728.18	7.228
10733.19	7.228
10738.20	7.227
10743.22	7.226
10748.23	7.226
10753.24	7.225
10758.25	7.225
10763.26	7.224
10768.27	7.224
10773.28	7.223
10778.30	7.223
10783.31	7.222
10788.32	7.222
10793.33	7.221
10798.34	7.220
10803.35	7.219
10808.37	7.219
10813.38	7.218
10818.39	7.218
10823.40	7.217
10828.41	7.217
10833.42	7.216
10838.43	7.215
10843.45	7.214
10848.46	7.214
10853.47	7.213
10858.48	7.213
10863.49	7.212
10868.50	7.212
10873.51	7.211
10878.53	7.210
10883.54	7.210
10888.55	7.209
10893.56	7.209
10898.57	7.208
10903.58	7.207
10908.59	7.207
10913.61	7.206
10918.62	7.205
10923.63	7.204
10928.64	7.204
10933.65	7.203
10938.66	7.202
10943.68	7.202
10948.69	7.201
10953.70	7.200
10958.71	7.200
10963.72	7.199
10968.73	7.199
10973.75	7.198
10978.76	7.197
10983.77	7.197
10988.78	7.196
10993.79	7.195
10998.80	7.195
11003.82	7.194
11008.83	7.193
11013.84	7.193
11018.85	7.192
11023.86	7.191
11028.87	7.191
11033.89	7.190
11038.90	7.189
11043.91	7.188
11048.92	7.187
11053.93	7.187
11058.94	7.186
11063.95	7.186
11068.97	7.185
11073.98	7.184
11078.99	7.184
11084.00	7.183
11089.01	7.182
11094.02	7.181
11099.04	7.181
11104.05	7.180
11109.06	7.179
11114.07	7.179
11119.08	7.178
11124.09	7.177
11129.10	7.176
11134.12	7.176
11139.13	7.175
11144.14	7.175
11149.15	7.174
11154.17	7.173
11159.18	7.172
11164.19	7.171
11169.21	7.171
11174.23	7.170
11179.24	7.170
11184.26	7.169
11189.27	7.168
11194.29	7.167
11199.30	7.166
11204.31	7.165
11209.33	7.165
11214.35	7.164
11219.36	7.164
11224.37	7.163
11229.39	7.162
11234.40	7.161
11239.42	7.161
11244.43	7.160
11249.45	7.159
11254.46	7.158
11259.48	7.158
11264.49	7.157
11269.51	7.156
11274.52	7.156
11279.54	7.155
11284.55	7.154
11289.56	7.153
11294.58	7.152
11299.59	7.151
11304.61	7.151
11309.62	7.150
11314.63	7.149
11319.65	7.148
11324.66	7.148
11329.67	7.147
11334.69	7.146
11339.70	7.146
11344.72	7.145
11349.73	7.144
11354.74	7.143
11359.76	7.143
11364.77	7.142
11369.79	7.141
11374.81	7.140
11379.82	7.139
11384.84	7.138
11389.85	7.138
11394.86	7.137
11399.88	7.136
11404.89	7.135
11409.91	7.135
11414.93	7.134
11419.94	7.133
11424.96	7.132
11429.97	7.131
11434.99	7.130
11440.01	7.130
11445.02	7.129
11450.03	7.128
11455.05	7.127
11460.06	7.127
11465.08	7.126
11470.09	7.125
11475.10	7.124
11480.12	7.124
11485.14	7.123
11490.15	7.122
11495.16	7.121
11500.18	7.120
11505.19	7.120
11510.21	7.119
11515.22	7.118
11520.23	7.117
11525.25	7.116
11530.26	7.115
11535.28	7.115
11540.29	7.114
11545.31	7.113
11550.32	7.112
11555.34	7.111
11560.35	7.110
11565.36	7.110
11570.37	7.109
11575.38	7.108
11580.39	7.107
11585.40	7.107
11590.42	7.106
11595.43	7.105
11600.44	7.104
11605.45	7.103
11610.46	7.102
11615.48	7.102
11620.49	7.101
11625.51	7.100
11630.52	7.099
11635.54	7.099
11640.55	7.098
11645.56	7.097
11650.58	7.096
11655.59	7.095
11660.61	7.094
11665.63	7.093
11670.64	7.092
11675.65	7.091
11680.67	7.091
11685.68	7.090
11690.69	7.089
11695.71	7.088
11700.72	7.087
11705.73	7.086
11710.74	7.085
11715.76	7.085
11720.77	7.084
11725.79	7.083
11730.80	7.082
11735.82	7.081
11740.83	7.081
11745.85	7.079
11750.86	7.079
11755.87	7.078
11760.89	7.077
11765.90	7.076
11770.91	7.075
11775.93	7.074
11780.94	7.073
11785.96	7.072
11790.97	7.071
11795.99	7.071
11801.00	7.070
11806.01	7.069
11811.03	7.068
11816.04	7.067
11821.06	7.066
11826.07	7.065
11831.09	7.064
11836.10	7.064
11841.12	7.063
11846.13	7.062
11851.15	7.061
11856.16	7.060
11861.18	7.059
11866.19	7.058
11871.21	7.058
11876.22	7.057
11881.23	7.056
11886.25	7.055
11891.26	7.054
11896.28	7.053
11901.29	7.052
11906.31	7.051
11911.32	7.050
11916.34	7.050
11921.35	7.049
11926.37	7.048
11931.38	7.047
11936.39	7.046
11941.41	7.045
11946.42	7.044
11951.43	7.043
11956.45	7.042
11961.47	7.041
11966.48	7.040
11971.50	7.040
11976.51	7.039
11981.52	7.038
11986.54	7.037
11991.55	7.036
11996.57	7.035
12001.58	7.034
12006.60	7.033
12011.61	7.032
12016.62	7.031
12021.64	7.030
12026.66	7.029
12031.67	7.028
12036.68	7.027
12041.70	7.027
12046.71	7.025
12051.73	7.024
12056.74	7.024
12061.75	7.023
12066.77	7.022
12071.78	7.021
12076.79	7.020
12081.81	7.019
12086.83	7.018
12091.84	7.017
12096.85	7.016
12101.87	7.015
12106.88	7.014
12111.90	7.013
12116.91	7.012
12121.93	7.012
12126.94	7.011
12131.95	7.010
12136.97	7.009
12141.98	7.007
12147.00	7.006
12152.01	7.006
12157.02	7.005
12162.04	7.004
12167.05	7.003
12172.07	7.002
12177.08	7.001
12182.10	7.000
12187.11	6.999
12192.12	6.998
12197.14	6.997
12202.16	6.996
12207.17	6.995
12212.19	6.994
12217.20	6.993
12222.21	6.992
12227.23	6.991
12232.24	6.990
12237.26	6.989
12242.27	6.988
12247.29	6.987
12252.30	6.986
12257.32	6.985
12262.33	6.984
12267.35	6.983
12272.37	6.982
12277.39	6.981
12282.40	6.980
12287.42	6.979
12292.43	6.978
12297.44	6.977
12302.46	6.976
12307.47	6.975
12312.49	6.974
12317.50	6.973
12322.52	6.972
12327.53	6.971
12332.55	6.970
12337.56	6.969
12342.58	6.968
12347.59	6.967
12352.60	6.966
12357.62	6.965
12362.63	6.964
12367.65	6.963
12372.66	6.962
12377.68	6.961
12382.69	6.960
12387.70	6.959
12392.71	6.958
12397.72	6.957
12402.74	6.956
12407.75	6.955
12412.76	6.954
12417.77	6.953
12422.79	6.952
12427.80	6.951
12432.82	6.950
12437.83	6.949
12442.84	6.947
12447.86	6.947
12452.87	6.945
12457.89	6.944
12462.90	6.943
12467.91	6.942
12472.92	6.941
12477.93	6.940
12482.95	6.939
12487.96	6.938
12492.97	6.937
12497.99	6.936
12503.00	6.935
12508.01	6.934
12513.02	6.933
12518.04	6.932
12523.05	6.931
12528.06	6.930
12533.07	6.929
12538.08	6.928
12543.10	6.926
12548.11	6.925
12553.12	6.924
12558.14	6.923
12563.16	6.922
12568.17	6.921
12573.19	6.920
12578.20	6.919
12583.21	6.918
12588.23	6.916
12593.24	6.915
12598.25	6.914
12603.27	6.913
12608.29	6.912
12613.30	6.911
12618.31	6.910
12623.32	6.909
12628.33	6.908
12633.35	6.907
12638.36	6.906
12643.37	6.905
12648.39	6.903
12653.40	6.902
12658.42	6.901
12663.43	6.900
12668.44	6.899
12673.46	6.898
12678.47	6.897
12683.49	6.896
12688.50	6.895
12693.52	6.894
12698.53	6.892
12703.55	6.891
12708.56	6.890
12713.58	6.889
12718.59	6.888
12723.60	6.887
12728.62	6.886
12733.63	6.885
12738.64	6.884
12743.66	6.883
12748.68	6.881
12753.69	6.880
12758.71	6.879
12763.72	6.878
12768.73	6.877
12773.75	6.876
12778.76	6.875
12783.78	6.874
12788.79	6.872
12793.81	6.872
12798.82	6.870
12803.83	6.869
12808.84	6.868
12813.85	6.867
12818.86	6.866
12823.88	6.864
12828.89	6.863
12833.90	6.862
12838.92	6.861
12843.93	6.860
12848.95	6.859
12853.96	6.857
12858.98	6.856
12863.99	6.855
12869.00	6.854
12874.02	6.853
12879.03	6.851
12884.05	6.850
12889.06	6.849
12894.08	6.848
12899.09	6.847
12904.11	6.846
12909.13	6.845
12914.14	6.844
12919.15	6.842
12924.17	6.841
12929.18	6.840
12934.19	6.839
12939.21	6.837
12944.22	6.836
12949.23	6.835
12954.24	6.834
12959.25	6.832
12964.26	6.831
12969.28	6.830
12974.29	6.829
12979.30	6.828
12984.32	6.827
12989.34	6.825
12994.36	6.824
12999.37	6.823
13004.38	6.822
13009.40	6.820
13014.41	6.819
13019.43	6.818
13024.44	6.817
13029.45	6.816
13034.47	6.814
13039.48	6.813
13044.50	6.812
13049.52	6.810
13054.53	6.809
13059.55	6.808
13064.56	6.807
13069.57	6.806
13074.58	6.804
13079.60	6.803
13084.61	6.802
13089.62	6.800
13094.63	6.799
13099.64	6.798
13104.65	6.797
13109.66	6.796
13114.68	6.795
13119.69	6.793
13124.70	6.792
13129.71	6.791
13134.73	6.789
13139.74	6.788
13144.76	6.787
13149.77	6.786
13154.79	6.784
13159.80	6.783
13164.81	6.782
13169.83	6.781
13174.85	6.780
13179.86	6.778
13184.87	6.777
13189.89	6.776
13194.91	6.775
13199.92	6.773
13204.93	6.772
13209.95	6.771
13214.96	6.769
13219.98	6.768
13224.99	6.767
13230.01	6.765
13235.02	6.764
13240.04	6.763
13245.05	6.762
13250.06	6.760
13255.08	6.759
13260.09	6.758
13265.11	6.756
13270.12	6.755
13275.14	6.754
13280.15	6.752
13285.16	6.751
13290.18	6.750
13295.19	6.748
13300.21	6.747
13305.22	6.746
13310.24	6.745
13315.25	6.743
13320.26	6.742
13325.28	6.740
13330.29	6.739
13335.31	6.738
13340.32	6.737
13345.33	6.735
13350.35	6.734
13355.36	6.732
13360.38	6.731
13365.39	6.729
13370.41	6.728
13375.42	6.727
13380.44	6.725
13385.45	6.724
13390.46	6.723
13395.48	6.721
13400.49	6.720
13405.50	6.719
13410.52	6.717
13415.54	6.716
13420.55	6.714
13425.57	6.713
13430.58	6.712
13435.59	6.710
13440.61	6.709
13445.62	6.707
13450.63	6.706
13455.65	6.705
13460.67	6.703
13465.68	6.702
13470.70	6.701
13475.71	6.699
13480.72	6.698
13485.74	6.697
13490.75	6.695
13495.77	6.694
13500.78	6.692
13505.80	6.691
13510.81	6.690
13515.83	6.688
13520.84	6.687
13525.85	6.685
13530.87	6.684
13535.89	6.683
13540.90	6.681
13545.92	6.680
13550.93	6.678
13555.95	6.676
13560.96	6.675
13565.97	6.674
13570.99	6.672
13576.00	6.671
13581.02	6.669
13586.04	6.668
13591.05	6.667
13596.06	6.665
13601.08	6.664
13606.09	6.662
13611.11	6.661
13616.12	6.660
13621.14	6.658
13626.15	6.656
13631.17	6.655
13636.18	6.654
13641.20	6.652
13646.21	6.651
13651.23	6.649
13656.24	6.648
13661.26	6.646
13666.27	6.645
13671.29	6.643
13676.30	6.642
13681.31	6.641
13686.33	6.639
13691.34	6.637
13696.36	6.636
13701.37	6.634
13706.39	6.633
13711.40	6.631
13716.42	6.630
13721.43	6.628
13726.44	6.627
13731.46	6.625
13736.47	6.624
13741.49	6.622
13746.50	6.621
13751.52	6.619
13756.54	6.618
13761.55	6.616
13766.57	6.615
13771.58	6.613
13776.60	6.612
13781.61	6.610
13786.63	6.608
13791.64	6.607
13796.66	6.605
13801.67	6.604
13806.69	6.602
13811.70	6.601
13816.72	6.599
13821.73	6.598
13826.75	6.596
13831.76	6.595
13836.78	6.593
13841.79	6.592
13846.81	6.590
13851.82	6.589
13856.84	6.587
13861.85	6.585
13866.86	6.584
13871.88	6.582
13876.89	6.581
13881.91	6.579
13886.92	6.577
13891.94	6.576
13896.95	6.574
13901.96	6.573
13906.98	6.571
13911.99	6.570
13917.01	6.568
13922.02	6.566
13927.03	6.565
13932.05	6.563
13937.06	6.562
13942.08	6.560
13947.09	6.559
13952.11	6.557
13957.12	6.555
13962.14	6.554
13967.15	6.552
13972.16	6.551
13977.18	6.549
13982.19	6.547
13987.21	6.546
13992.22	6.544
13997.24	6.542
14002.25	6.540
14007.26	6.539
14012.28	6.537
14017.29	6.536
14022.31	6.534
14027.32	6.532
14032.34	6.531
14037.35	6.529
14042.37	6.527
14047.38	6.526
14052.42	6.524
14057.44	6.522
14062.45	6.521
14067.47	6.519
14072.48	6.517
14077.50	6.516
14082.51	6.514
14087.52	6.513
14092.54	6.511
14097.55	6.509
14102.57	6.507
14107.58	6.506
14112.60	6.504
14117.61	6.502
14122.62	6.500
14127.64	6.499
14132.66	6.497
14137.67	6.496
14142.68	6.494
14147.69	6.492
14152.71	6.491
14157.72	6.489
14162.74	6.487
14167.75	6.485
14172.77	6.484
14177.78	6.482
14182.80	6.480
14187.81	6.478
14192.83	6.476
14197.84	6.475
14202.86	6.473
14207.87	6.472
14212.89	6.470
14217.90	6.468
14222.92	6.466
14227.93	6.464
14232.94	6.463
14237.96	6.461
14242.97	6.459
14247.99	6.457
14253.00	6.456
14258.02	6.454
14263.03	6.452
14268.05	6.450
14273.06	6.449
14278.08	6.447
14283.09	6.445
14288.11	6.443
14293.12	6.441
14298.14	6.440
14303.15	6.438
14308.17	6.436
14313.18	6.434
14318.20	6.433
14323.21	6.431
14328.22	6.429
14333.28	6.427
14338.29	6.425
14343.31	6.424
14348.32	6.422
14353.33	6.420
14358.35	6.418
14363.36	6.416
14368.38	6.415
14373.40	6.413
14378.41	6.411
14383.42	6.409
14388.44	6.407
14393.45	6.405
14398.47	6.403
14403.48	6.402
14408.50	6.400
14413.51	6.398
14418.53	6.396
14423.54	6.394
14428.56	6.392
14433.57	6.390
14438.58	6.389
14443.60	6.387
14448.61	6.385
14453.63	6.383
14458.64	6.381
14463.66	6.379
14468.68	6.377
14473.69	6.375
14478.70	6.373
14483.72	6.371
14488.74	6.369
14493.75	6.367
14498.76	6.366
14503.78	6.364
14508.79	6.362
14513.81	6.360
14518.82	6.357
14523.83	6.355
14528.84	6.354
14533.85	6.351
14538.87	6.350
14543.88	6.348
14548.89	6.346
14553.90	6.344
14558.92	6.342
14563.93	6.340
14568.94	6.338
14573.95	6.336
14578.96	6.334
14583.97	6.332
14588.98	6.330
14593.99	6.327
14599.01	6.326
14604.02	6.323
14609.03	6.321
14614.04	6.319
14619.05	6.317
14624.06	6.315
14629.07	6.313
14634.08	6.311
14639.09	6.308
14644.10	6.306
14649.11	6.304
14654.12	6.302
14659.13	6.300
14664.14	6.298
14669.16	6.296
14674.17	6.293
14679.18	6.291
14684.19	6.289
14689.19	6.286
14694.20	6.284
14699.21	6.282
14704.22	6.280
14709.23	6.278
14714.24	6.275
14719.25	6.273
14724.25	6.271
14729.26	6.269
14734.27	6.266
14739.28	6.264
14744.29	6.262
14749.30	6.260
14754.31	6.258
14759.31	6.255
14764.32	6.253
14769.33	6.251
14774.34	6.248
14779.35	6.246
14784.36	6.244
14789.37	6.241
14794.37	6.239
14799.38	6.237
14804.39	6.234
14809.40	6.232
14814.41	6.230
14819.42	6.227
14824.42	6.225
14829.43	6.223
14834.44	6.220
14839.45	6.218
14844.46	6.215
14849.47	6.213
14854.47	6.211
14859.48	6.208
14864.49	6.206
14869.50	6.203
14874.51	6.201
14879.52	6.198
14884.53	6.196
14889.53	6.194
14894.54	6.192
14899.55	6.189
14904.56	6.187
14909.57	6.184
14914.58	6.182
14919.58	6.180
14924.59	6.177
14929.60	6.175
14934.61	6.173
14939.62	6.170
14944.63	6.168
14949.64	6.165
14954.64	6.163
14959.65	6.161
14964.66	6.158
14969.67	6.156
14974.68	6.153
14979.69	6.151
14984.69	6.148
14989.70	6.146
14994.71	6.144
14999.72	6.141
15004.73	6.139
15009.74	6.136
15014.75	6.134
15019.75	6.132
15024.76	6.129
15029.77	6.127
15034.78	6.124
15039.79	6.122
15044.80	6.119
15049.81	6.117
15054.82	6.115
15059.84	6.112
15064.85	6.110
15069.86	6.108
15074.87	6.105
15079.88	6.103
15084.89	6.100
15089.90	6.098
15094.90	6.095
15099.91	6.093
15104.92	6.091
15109.93	6.088
15114.94	6.086
15119.95	6.084
15124.96	6.081
15129.96	6.079
15134.97	6.076
15139.98	6.074
15144.99	6.071
15150.00	6.069
15155.01	6.066
15160.02	6.064
15165.02	6.062
15170.03	6.059
15175.04	6.057
15180.05	6.055
15185.06	6.052
15190.07	6.050
15195.08	6.048
15200.08	6.045
15205.09	6.043
15210.10	6.040
15215.11	6.038
15220.12	6.035
15225.13	6.033
15230.14	6.031
15235.14	6.029
15240.15	6.026
15245.16	6.024
15250.17	6.021
15255.18	6.019
15260.19	6.017
15265.20	6.015
15270.20	6.012
15275.21	6.010
15280.22	6.008
15285.23	6.005
15290.24	6.003
15295.25	6.000
15300.26	5.998
15305.26	5.996
15310.27	5.994
15315.28	5.991
15320.29	5.989
15325.30	5.987
15330.31	5.984
15335.32	5.982
15340.33	5.980
15345.34	5.977
15350.35	5.975
15355.35	5.973
15360.36	5.970
