2.51	7.896
7.52	7.896
12.53	7.897
17.54	7.897
22.55	7.897
27.56	7.897
32.58	7.897
37.59	7.896
42.60	7.896
47.61	7.896
52.63	7.896
57.64	7.896
62.65	7.676
67.67	7.683
72.68	7.687
77.70	7.689
82.72	7.690
87.73	7.692
92.74	7.692
97.76	7.693
102.77	7.693
107.79	7.693
112.80	7.693
117.81	7.692
122.82	7.692
127.83	7.692
132.85	7.692
137.86	7.691
142.88	7.691
147.89	7.691
152.91	7.690
157.92	7.690
162.94	7.689
167.95	7.689
172.96	7.689
177.98	7.688
182.99	7.688
188.01	7.688
193.02	7.687
198.04	7.687
203.05	7.686
208.07	7.686
213.08	7.686
218.09	7.685
223.11	7.685
228.12	7.685
233.14	7.685
238.15	7.684
243.16	7.684
248.18	7.684
253.19	7.683
258.21	7.683
263.22	7.683
268.24	7.682
273.25	7.682
278.26	7.682
283.28	7.681
288.29	7.681
293.30	7.681
298.32	7.681
303.34	7.680
308.35	7.680
313.37	7.680
318.38	7.680
323.39	7.679
328.41	7.679
333.42	7.679
338.44	7.679
343.45	7.678
348.46	7.678
353.48	7.678
358.49	7.678
363.51	7.677
368.52	7.677
373.54	7.677
378.55	7.677
383.57	7.676
388.58	7.676
393.60	7.676
398.61	7.676
403.63	7.675
408.64	7.675
413.65	7.675
418.67	7.675
423.68	7.675
428.69	7.675
433.71	7.674
438.73	7.674
443.74	7.674
448.75	7.673
453.77	7.673
458.78	7.673
463.80	7.673
468.81	7.672
473.83	7.672
478.84	7.672
483.86	7.672
488.87	7.672
493.89	7.672
498.90	7.671
503.92	7.671
508.93	7.671
513.94	7.670
518.96	7.670
523.98	7.670
528.99	7.670
534.00	7.670
539.02	7.669
544.03	7.669
549.05	7.669
554.06	7.669
559.08	7.669
564.09	7.668
569.11	7.668
574.12	7.668
579.13	7.668
584.15	7.667
589.16	7.667
594.18	7.667
599.19	7.667
604.21	7.667
609.22	7.666
614.23	7.666
619.24	7.666
624.25	7.666
629.27	7.665
634.28	7.665
639.29	7.665
644.30	7.665
649.31	7.664
654.33	7.664
659.34	7.664
664.36	7.664
669.37	7.664
674.39	7.663
679.40	7.663
684.42	7.663
689.43	7.663
694.45	7.663
699.46	7.662
704.48	7.662
709.49	7.662
714.50	7.662
719.52	7.662
724.53	7.661
729.54	7.661
734.56	7.661
739.58	7.661
744.59	7.660
749.61	7.660
754.62	7.660
759.64	7.660
764.65	7.659
769.67	7.659
774.68	7.659
779.69	7.659
784.71	7.658
789.72	7.658
794.74	7.658
799.75	7.658
804.77	7.658
809.78	7.657
814.80	7.657
819.81	7.657
824.82	7.657
829.84	7.656
834.85	7.656
839.87	7.656
844.88	7.656
849.89	7.656
854.90	7.655
859.92	7.655
864.93	7.655
869.95	7.655
874.96	7.654
879.98	7.654
884.99	7.654
890.01	7.654
895.02	7.654
900.03	7.654
905.05	7.653
910.06	7.653
915.08	7.652
920.09	7.652
925.11	7.652
930.12	7.652
935.14	7.652
940.15	7.651
945.16	7.651
950.18	7.651
955.20	7.651
960.21	7.651
965.22	7.650
970.24	7.650
975.25	7.650
980.27	7.650
985.28	7.649
990.30	7.649
995.31	7.649
1000.33	7.649
1005.34	7.649
1010.36	7.648
1015.37	7.648
1020.38	7.648
1025.39	7.648
1030.40	7.647
1035.42	7.647
1040.43	7.647
1045.45	7.647
1050.46	7.646
1055.48	7.646
1060.49	7.646
1065.50	7.646
1070.52	7.646
1075.54	7.646
1080.55	7.645
1085.57	7.645
1090.58	7.645
1095.59	7.644
1100.60	7.644
1105.62	7.644
1110.63	7.644
1115.65	7.644
1120.66	7.643
1125.67	7.643
1130.69	7.643
1135.70	7.643
1140.72	7.643
1145.74	7.643
1150.75	7.642
1155.77	7.642
1160.78	7.642
1165.79	7.642
1170.81	7.642
1175.82	7.641
1180.84	7.641
1185.85	7.641
1190.87	7.641
1195.88	7.641
1200.89	7.640
1205.91	7.640
1210.92	7.640
1215.94	7.639
1220.96	7.639
1225.97	7.639
1230.99	7.639
1236.00	7.638
1241.01	7.638
1246.03	7.638
1251.04	7.638
1256.06	7.638
1261.07	7.638
1266.08	7.637
1271.10	7.637
1276.11	7.637
1281.13	7.637
1286.14	7.636
1291.16	7.636
1296.17	7.636
1301.18	7.636
1306.20	7.636
1311.22	7.635
1316.23	7.635
1321.24	7.635
1326.26	7.635
1331.27	7.634
1336.29	7.634
1341.30	7.634
1346.32	7.634
1351.33	7.634
1356.35	7.633
1361.36	7.633
1366.38	7.633
1371.39	7.633
1376.40	7.633
1381.42	7.632
1386.43	7.632
1391.44	7.632
1396.46	7.632
1401.48	7.632
1406.52	7.631
1411.53	7.631
1416.55	7.631
1421.56	7.631
1426.57	7.630
1431.59	7.630
1436.60	7.630
1441.62	7.630
1446.63	7.630
1451.65	7.630
1456.66	7.629
1461.67	7.629
1466.69	7.629
1471.70	7.629
1476.72	7.628
1481.73	7.628
1486.75	7.628
1491.76	7.628
1496.77	7.628
1501.79	7.627
1506.80	7.627
1511.82	7.627
1516.83	7.627
1521.85	7.627
1526.86	7.627
1531.88	7.626
1536.89	7.626
1541.90	7.625
1546.92	7.626
1551.93	7.625
1556.94	7.625
1561.96	7.625
1566.97	7.625
1571.99	7.625
1577.00	7.624
1582.02	7.624
1587.03	7.624
1592.05	7.623
1597.06	7.623
1602.08	7.623
1607.09	7.623
1612.11	7.623
1617.12	7.622
1622.13	7.622
1627.15	7.622
1632.16	7.622
1637.18	7.622
1642.19	7.621
1647.21	7.621
1652.22	7.621
1657.24	7.621
1662.25	7.620
1667.26	7.620
1672.28	7.620
1677.30	7.620
1682.31	7.620
1687.33	7.619
1692.34	7.619
1697.36	7.619
1702.37	7.619
1707.39	7.619
1712.40	7.618
1717.41	7.618
1722.43	7.618
1727.44	7.618
1732.46	7.618
1737.47	7.617
1742.49	7.617
1747.50	7.617
1752.51	7.617
1757.53	7.617
1762.55	7.617
1767.56	7.616
1772.58	7.616
1777.59	7.616
1782.60	7.616
1787.62	7.615
1792.64	7.615
1797.65	7.615
1802.67	7.614
1807.68	7.614
1812.69	7.614
1817.71	7.614
1822.73	7.614
1827.74	7.614
1832.76	7.614
1837.77	7.613
1842.79	7.613
1847.80	7.613
1852.81	7.613
1857.83	7.612
1862.84	7.612
1867.86	7.612
1872.87	7.612
1877.89	7.611
1882.90	7.611
1887.92	7.611
1892.93	7.611
1897.95	7.611
1902.96	7.610
1907.98	7.610
1912.99	7.610
1918.00	7.610
1923.02	7.609
1928.03	7.609
1933.05	7.609
1938.06	7.609
1943.08	7.608
1948.09	7.608
1953.10	7.608
1958.12	7.608
1963.13	7.608
1968.15	7.607
1973.16	7.607
1978.17	7.607
1983.19	7.607
1988.20	7.607
1993.22	7.606
1998.23	7.606
2003.25	7.606
2008.26	7.605
2013.28	7.605
2018.29	7.605
2023.31	7.605
2028.32	7.605
2033.34	7.605
2038.35	7.604
2043.36	7.604
2048.38	7.604
2053.39	7.604
2058.41	7.604
2063.42	7.603
2068.44	7.603
2073.45	7.603
2078.47	7.603
2083.48	7.602
2088.49	7.602
2093.51	7.602
2098.52	7.602
2103.53	7.602
2108.55	7.601
2113.56	7.601
2118.58	7.601
2123.59	7.601
2128.61	7.601
2133.62	7.600
2138.63	7.600
2143.65	7.600
2148.66	7.599
2153.68	7.599
2158.69	7.599
2163.71	7.599
2168.72	7.599
2173.73	7.598
2178.75	7.598
2183.76	7.598
2188.78	7.598
2193.79	7.598
2198.81	7.598
2203.82	7.597
2208.83	7.597
2213.85	7.597
2218.86	7.596
2223.88	7.596
2228.89	7.596
2233.90	7.596
2238.92	7.595
2243.94	7.595
2248.95	7.595
2253.96	7.595
2258.98	7.594
2263.99	7.594
2269.01	7.594
2274.02	7.594
2279.04	7.593
2284.05	7.593
2289.06	7.593
2294.08	7.593
2299.09	7.593
2304.11	7.593
2309.12	7.592
2314.13	7.592
2319.15	7.592
2324.17	7.591
2329.18	7.591
2334.19	7.591
2339.21	7.591
2344.22	7.591
2349.24	7.591
2354.25	7.590
2359.27	7.590
2364.28	7.590
2369.29	7.590
2374.31	7.590
2379.32	7.589
2384.34	7.589
2389.35	7.589
2394.36	7.589
2399.38	7.588
2404.39	7.588
2409.40	7.588
2414.42	7.588
2419.44	7.587
2424.46	7.587
2429.47	7.587
2434.49	7.587
2439.50	7.586
2444.51	7.587
2449.53	7.586
2454.54	7.586
2459.56	7.586
2464.57	7.586
2469.59	7.585
2474.60	7.585
2479.62	7.585
2484.63	7.584
2489.64	7.584
2494.66	7.584
2499.68	7.584
2504.69	7.583
2509.70	7.583
2514.72	7.583
2519.73	7.583
2524.75	7.582
2529.76	7.582
2534.78	7.582
2539.79	7.582
2544.81	7.582
2549.83	7.581
2554.84	7.581
2559.85	7.581
2564.87	7.581
2569.88	7.581
2574.90	7.580
2579.91	7.580
2584.93	7.580
2589.94	7.580
2594.96	7.579
2599.97	7.579
2604.99	7.579
2610.00	7.579
2615.02	7.578
2620.03	7.578
2625.05	7.578
2630.07	7.578
2635.08	7.578
2640.09	7.577
2645.10	7.577
2650.12	7.577
2655.13	7.577
2660.15	7.576
2665.16	7.576
2670.18	7.576
2675.19	7.576
2680.21	7.575
2685.22	7.575
2690.24	7.575
2695.25	7.575
2700.26	7.575
2705.28	7.574
2710.29	7.574
2715.31	7.574
2720.33	7.574
2725.34	7.574
2730.35	7.573
2735.37	7.573
2740.38	7.573
2745.40	7.572
2750.41	7.572
2755.42	7.572
2760.44	7.572
2765.45	7.572
2770.47	7.571
2775.48	7.571
2780.50	7.571
2785.51	7.571
2790.53	7.570
2795.54	7.570
2800.56	7.570
2805.57	7.570
2810.58	7.569
2815.60	7.569
2820.61	7.569
2825.63	7.569
2830.64	7.569
2835.65	7.568
2840.67	7.568
2845.68	7.568
2850.70	7.568
2855.71	7.567
2860.72	7.567
2865.74	7.567
2870.75	7.567
2875.77	7.566
2880.78	7.566
2885.80	7.566
2890.81	7.566
2895.82	7.565
2900.84	7.565
2905.86	7.565
2910.87	7.565
2915.88	7.565
2920.90	7.564
2925.91	7.564
2930.93	7.564
2935.94	7.564
2940.96	7.563
2945.97	7.563
2950.99	7.563
2956.00	7.563
2961.02	7.562
2966.03	7.562
2971.05	7.562
2976.06	7.562
2981.08	7.561
2986.09	7.561
2991.11	7.561
2996.12	7.561
3001.13	7.560
3006.15	7.560
3011.16	7.559
3016.18	7.560
3021.19	7.559
3026.21	7.559
3031.22	7.559
3036.24	7.559
3041.25	7.559
3046.27	7.558
3051.28	7.558
3056.29	7.558
3061.30	7.558
3066.32	7.557
3071.33	7.557
3076.35	7.557
3081.37	7.557
3086.38	7.556
3091.40	7.556
3096.41	7.555
3101.42	7.555
3106.44	7.555
3111.45	7.555
3116.47	7.555
3121.48	7.554
3126.49	7.554
3131.51	7.554
3136.53	7.554
3141.54	7.554
3146.55	7.553
3151.57	7.553
3156.58	7.553
3161.60	7.553
3166.61	7.552
3171.62	7.552
3176.63	7.552
3181.64	7.552
3186.66	7.551
3191.67	7.551
3196.69	7.551
3201.70	7.551
3206.71	7.550
3211.73	7.550
3216.74	7.550
3221.75	7.550
3226.77	7.549
3231.78	7.549
3236.80	7.549
3241.81	7.549
3246.83	7.549
3251.84	7.548
3256.86	7.548
3261.87	7.548
3266.89	7.548
3271.90	7.547
3276.92	7.547
3281.93	7.547
3286.94	7.546
3291.96	7.546
3296.97	7.546
3301.99	7.546
3307.00	7.545
3312.02	7.545
3317.03	7.545
3322.04	7.545
3327.06	7.545
3332.07	7.544
3337.09	7.544
3342.11	7.544
3347.12	7.543
3352.14	7.543
3357.15	7.543
3362.17	7.543
3367.18	7.542
3372.19	7.542
3377.21	7.542
3382.22	7.541
3387.24	7.541
3392.25	7.541
3397.26	7.541
3402.28	7.540
3407.29	7.540
3412.31	7.540
3417.32	7.540
3422.34	7.540
3427.35	7.539
3432.37	7.539
3437.38	7.539
3442.40	7.538
3447.41	7.538
3452.42	7.538
3457.44	7.538
3462.45	7.538
3467.47	7.537
3472.48	7.537
3477.50	7.537
3482.51	7.537
3487.52	7.536
3492.54	7.536
3497.55	7.536
3502.57	7.536
3507.58	7.535
3512.60	7.535
3517.61	7.535
3522.63	7.535
3527.64	7.534
3532.66	7.534
3537.67	7.534
3542.68	7.534
3547.70	7.533
3552.71	7.533
3557.73	7.533
3562.74	7.533
3567.75	7.532
3572.77	7.532
3577.78	7.532
3582.80	7.532
3587.81	7.531
3592.82	7.531
3597.84	7.531
3602.85	7.530
3607.87	7.530
3612.88	7.530
3617.90	7.530
3622.91	7.529
3627.92	7.529
3632.94	7.529
3637.95	7.529
3642.97	7.528
3647.99	7.528
3653.00	7.528
3658.02	7.528
3663.03	7.527
3668.04	7.527
3673.06	7.527
3678.07	7.527
3683.09	7.527
3688.10	7.526
3693.12	7.526
3698.13	7.526
3703.14	7.525
3708.16	7.525
3713.17	7.525
3718.19	7.525
3723.20	7.525
3728.21	7.524
3733.23	7.524
3738.25	7.524
3743.26	7.523
3748.27	7.523
3753.29	7.523
3758.30	7.523
3763.32	7.523
3768.33	7.522
3773.35	7.522
3778.36	7.522
3783.37	7.521
3788.39	7.521
3793.40	7.521
3798.42	7.521
3803.43	7.520
3808.45	7.520
3813.46	7.520
3818.48	7.520
3823.49	7.519
3828.50	7.519
3833.52	7.519
3838.53	7.518
3843.55	7.518
3848.56	7.518
3853.58	7.518
3858.59	7.518
3863.61	7.517
3868.62	7.517
3873.64	7.517
3878.65	7.517
3883.66	7.516
3888.68	7.516
3893.69	7.516
3898.71	7.516
3903.72	7.515
3908.73	7.515
3913.75	7.515
3918.77	7.515
3923.78	7.514
3928.79	7.514
3933.81	7.514
3938.82	7.514
3943.83	7.513
3948.85	7.513
3953.87	7.513
3958.88	7.513
3963.90	7.512
3968.91	7.512
3973.92	7.512
3978.94	7.512
3983.95	7.512
3988.97	7.511
3993.98	7.511
3999.00	7.511
4004.01	7.511
4009.03	7.510
4014.05	7.510
4019.06	7.510
4024.07	7.509
4029.09	7.509
4034.10	7.509
4039.12	7.509
4044.14	7.508
4049.15	7.508
4054.16	7.508
4059.18	7.508
4064.19	7.507
4069.21	7.507
4074.22	7.507
4079.24	7.507
4084.25	7.506
4089.26	7.506
4094.28	7.506
4099.29	7.506
4104.31	7.505
4109.32	7.505
4114.34	7.505
4119.35	7.505
4124.37	7.504
4129.38	7.504
4134.39	7.504
4139.40	7.504
4144.41	7.503
4149.42	7.503
4154.43	7.503
4159.45	7.503
4164.46	7.503
4169.47	7.502
4174.48	7.502
4179.49	7.502
4184.50	7.502
4189.52	7.501
4194.53	7.501
4199.54	7.501
4204.55	7.501
4209.56	7.500
4214.57	7.500
4219.59	7.500
4224.60	7.500
4229.61	7.499
4234.62	7.499
4239.63	7.499
4244.64	7.498
4249.66	7.498
4254.67	7.498
4259.68	7.498
4264.69	7.498
4269.70	7.497
4274.71	7.497
4279.72	7.497
4284.74	7.497
4289.75	7.496
4294.76	7.496
4299.77	7.496
4304.78	7.495
4309.79	7.495
4314.81	7.495
4319.82	7.495
4324.83	7.494
4329.84	7.494
4334.85	7.494
4339.86	7.494
4344.87	7.493
4349.89	7.493
4354.90	7.493
4359.91	7.492
4364.92	7.492
4369.93	7.492
4374.94	7.492
4379.96	7.491
4384.97	7.491
4389.98	7.491
4394.99	7.491
4400.00	7.490
4405.01	7.490
4410.02	7.490
4415.04	7.490
4420.05	7.490
4425.06	7.489
4430.07	7.489
4435.08	7.489
4440.09	7.488
4445.11	7.488
4450.12	7.488
4455.13	7.488
4460.15	7.487
4465.16	7.487
4470.17	7.487
4475.18	7.486
4480.20	7.486
4485.21	7.486
4490.22	7.486
4495.23	7.486
4500.24	7.485
4505.25	7.485
4510.27	7.485
4515.28	7.484
4520.29	7.484
4525.30	7.484
4530.31	7.484
4535.32	7.483
4540.33	7.483
4545.35	7.483
4550.36	7.483
4555.37	7.482
4560.38	7.482
4565.39	7.482
4570.40	7.481
4575.42	7.481
4580.43	7.481
4585.44	7.481
4590.45	7.480
4595.46	7.480
4600.47	7.480
4605.48	7.480
4610.50	7.479
4615.51	7.479
4620.52	7.479
4625.53	7.479
4630.54	7.478
4635.55	7.478
4640.56	7.478
4645.58	7.477
4650.59	7.477
4655.60	7.477
4660.61	7.477
4665.62	7.476
4670.63	7.476
4675.65	7.476
4680.66	7.476
4685.67	7.475
4690.68	7.475
4695.69	7.475
4700.70	7.475
4705.72	7.474
4710.73	7.474
4715.74	7.474
4720.75	7.473
4725.76	7.473
4730.77	7.473
4735.78	7.473
4740.80	7.472
4745.81	7.472
4750.82	7.472
4755.83	7.472
4760.84	7.471
4765.85	7.471
4770.87	7.471
4775.88	7.470
4780.89	7.470
4785.90	7.470
4790.91	7.469
4795.92	7.469
4800.94	7.469
4805.95	7.468
4810.96	7.468
4815.97	7.468
4820.98	7.468
4825.99	7.468
4831.00	7.467
4836.02	7.467
4841.04	7.467
4846.05	7.467
4851.07	7.466
4856.08	7.466
4861.10	7.466
4866.11	7.465
4871.12	7.465
4876.13	7.465
4881.14	7.464
4886.16	7.464
4891.17	7.464
4896.18	7.464
4901.20	7.463
4906.21	7.463
4911.23	7.463
4916.24	7.463
4921.25	7.462
4926.27	7.462
4931.28	7.462
4936.30	7.461
4941.31	7.461
4946.33	7.461
4951.34	7.461
4956.35	7.460
4961.36	7.460
4966.38	7.460
4971.39	7.460
4976.40	7.459
4981.41	7.459
4986.42	7.459
4991.43	7.458
4996.45	7.458
5001.46	7.458
5006.47	7.458
5011.48	7.457
5016.49	7.457
5021.50	7.457
5026.52	7.456
5031.53	7.456
5036.54	7.456
5041.55	7.456
5046.56	7.455
5051.57	7.455
5056.58	7.455
5061.60	7.455
5066.61	7.454
5071.62	7.454
5076.63	7.453
5081.64	7.453
5086.65	7.453
5091.66	7.453
5096.68	7.453
5101.69	7.452
5106.70	7.452
5111.71	7.452
5116.72	7.451
5121.73	7.451
5126.75	7.451
5131.76	7.451
5136.77	7.450
5141.78	7.450
5146.79	7.450
5151.80	7.450
5156.81	7.449
5161.83	7.449
5166.84	7.449
5171.85	7.448
5176.86	7.448
5181.87	7.448
5186.88	7.448
5191.90	7.448
5196.91	7.447
5201.92	7.447
5206.93	7.447
5211.94	7.446
5216.95	7.446
5221.96	7.446
5226.98	7.446
5231.99	7.445
5237.00	7.445
5242.01	7.445
5247.02	7.445
5252.03	7.445
5257.05	7.444
5262.06	7.444
5267.07	7.444
5272.08	7.443
5277.09	7.443
5282.10	7.443
5287.12	7.443
5292.13	7.442
5297.14	7.442
5302.15	7.442
5307.16	7.442
5312.17	7.442
5317.18	7.441
5322.19	7.441
5327.21	7.441
5332.22	7.440
5337.23	7.440
5342.24	7.440
5347.25	7.439
5352.26	7.439
5357.28	7.439
5362.29	7.439
5367.30	7.439
5372.31	7.438
5377.32	7.438
5382.33	7.438
5387.35	7.438
5392.36	7.438
5397.37	7.437
5402.38	7.437
5407.39	7.437
5412.40	7.436
5417.41	7.436
5422.43	7.436
5427.44	7.436
5432.45	7.436
5437.46	7.435
5442.48	7.435
5447.49	7.435
5452.51	7.434
5457.52	7.434
5462.53	7.434
5467.55	7.434
5472.56	7.434
5477.58	7.433
5482.59	7.433
5487.61	7.433
5492.62	7.433
5497.63	7.432
5502.65	7.432
5507.66	7.432
5512.67	7.432
5517.68	7.432
5522.70	7.431
5527.71	7.431
5532.72	7.431
5537.74	7.431
5542.75	7.431
5547.77	7.430
5552.78	7.430
5557.80	7.430
5562.81	7.429
5567.82	7.429
5572.84	7.429
5577.85	7.429
5582.87	7.429
5587.88	7.428
5592.89	7.428
5597.90	7.428
5602.91	7.428
5607.92	7.427
5612.94	7.427
5617.95	7.427
5622.97	7.427
5627.98	7.427
5632.99	7.427
5638.01	7.426
5643.02	7.426
5648.04	7.426
5653.05	7.426
5658.06	7.425
5663.08	7.425
5668.09	7.425
5673.11	7.425
5678.12	7.425
5683.13	7.425
5688.14	7.424
5693.15	7.424
5698.16	7.424
5703.18	7.424
5708.19	7.423
5713.20	7.423
5718.21	7.423
5723.22	7.423
5728.23	7.423
5733.24	7.422
5738.26	7.422
5743.27	7.422
5748.28	7.422
5753.29	7.422
5758.30	7.422
5763.31	7.421
5768.33	7.421
5773.34	7.421
5778.35	7.421
5783.36	7.420
5788.37	7.420
5793.38	7.420
5798.39	7.420
5803.41	7.420
5808.42	7.420
5813.43	7.419
5818.44	7.419
5823.45	7.419
5828.46	7.419
5833.47	7.419
5838.49	7.419
5843.50	7.419
5848.51	7.419
5853.52	7.418
5858.53	7.418
5863.55	7.418
5868.56	7.418
5873.57	7.418
5878.58	7.417
5883.59	7.417
5888.60	7.417
5893.62	7.417
5898.63	7.416
5903.64	7.416
5908.65	7.416
5913.66	7.416
5918.67	7.416
5923.69	7.416
5928.70	7.415
5933.71	7.415
5938.72	7.415
5943.73	7.415
5948.74	7.415
5953.76	7.415
5958.77	7.415
5963.78	7.415
5968.79	7.414
5973.80	7.414
5978.81	7.414
5983.82	7.414
5988.84	7.414
5993.85	7.413
5998.86	7.413
6003.87	7.413
6008.88	7.413
6013.89	7.413
6018.91	7.413
6023.92	7.412
6028.93	7.412
6033.94	7.412
6038.95	7.412
6043.96	7.412
6048.97	7.412
6053.99	7.412
6059.00	7.411
6064.01	7.411
6069.02	7.411
6074.03	7.411
6079.04	7.411
6084.05	7.410
6089.07	7.410
6094.08	7.410
6099.09	7.410
6104.10	7.410
6109.11	7.410
6114.12	7.410
6119.13	7.409
6124.15	7.409
6129.16	7.409
6134.17	7.409
6139.18	7.409
6144.19	7.409
6149.20	7.408
6154.21	7.408
6159.23	7.408
6164.24	7.408
6169.25	7.408
6174.27	7.408
6179.28	7.407
6184.30	7.407
6189.31	7.407
6194.33	7.407
6199.34	7.407
6204.36	7.407
6209.37	7.407
6214.38	7.406
6219.40	7.406
6224.41	7.406
6229.42	7.406
6234.43	7.406
6239.44	7.406
6244.45	7.406
6249.47	7.405
6254.48	7.405
6259.50	7.405
6264.51	7.405
6269.53	7.405
6274.54	7.405
6279.55	7.405
6284.56	7.405
6289.58	7.404
6294.59	7.404
6299.61	7.404
6304.62	7.404
6309.63	7.404
6314.65	7.404
6319.66	7.404
6324.68	7.403
6329.69	7.403
6334.70	7.403
6339.71	7.403
6344.72	7.403
6349.74	7.403
6354.75	7.403
6359.76	7.403
6364.77	7.402
6369.78	7.402
6374.80	7.402
6379.81	7.402
6384.82	7.402
6389.83	7.402
6394.84	7.401
6399.85	7.402
6404.87	7.401
6409.88	7.401
6414.89	7.401
6419.90	7.401
6424.91	7.401
6429.93	7.401
6434.94	7.401
6439.95	7.400
6444.96	7.400
6449.97	7.400
6454.98	7.400
6460.00	7.400
6465.01	7.400
6470.02	7.400
6475.03	7.400
6480.04	7.400
6485.05	7.400
6490.07	7.399
6495.08	7.399
6500.09	7.399
6505.10	7.399
6510.11	7.399
6515.12	7.399
6520.14	7.399
6525.15	7.399
6530.16	7.399
6535.17	7.398
6540.18	7.398
6545.19	7.398
6550.20	7.398
6555.22	7.398
6560.23	7.398
6565.24	7.398
6570.25	7.398
6575.26	7.397
6580.27	7.397
6585.29	7.397
6590.30	7.397
6595.31	7.397
6600.32	7.397
6605.33	7.397
6610.34	7.397
6615.36	7.396
6620.38	7.396
6625.40	7.396
6630.41	7.396
6635.42	7.396
6640.44	7.396
6645.45	7.396
6650.47	7.396
6655.48	7.396
6660.50	7.396
6665.51	7.395
6670.52	7.395
6675.53	7.395
6680.54	7.395
6685.55	7.395
6690.56	7.395
6695.58	7.395
6700.59	7.395
6705.60	7.394
6710.61	7.394
6715.62	7.394
6720.63	7.394
6725.65	7.394
6730.66	7.394
6735.67	7.393
6740.68	7.393
6745.69	7.393
6750.70	7.393
6755.72	7.393
6760.73	7.393
6765.74	7.393
6770.75	7.393
6775.76	7.393
6780.77	7.393
6785.79	7.392
6790.80	7.393
6795.81	7.392
6800.82	7.392
6805.83	7.392
6810.84	7.392
6815.85	7.392
6820.87	7.392
6825.88	7.392
6830.89	7.392
6835.90	7.392
6840.91	7.391
6845.92	7.391
6850.94	7.391
6855.95	7.391
6860.96	7.391
6865.97	7.391
6870.98	7.390
6875.99	7.391
6881.00	7.391
6886.02	7.390
6891.03	7.390
6896.04	7.390
6901.05	7.390
6906.06	7.390
6911.07	7.390
6916.09	7.390
6921.10	7.389
6926.11	7.389
6931.12	7.389
6936.13	7.389
6941.14	7.389
6946.16	7.389
6951.18	7.389
6956.19	7.389
6961.20	7.389
6966.22	7.389
6971.23	7.389
6976.25	7.389
6981.26	7.389
6986.27	7.389
6991.29	7.388
6996.30	7.388
7001.31	7.388
7006.33	7.388
7011.34	7.388
7016.36	7.388
7021.37	7.388
7026.39	7.388
7031.40	7.388
7036.41	7.387
7041.43	7.388
7046.45	7.388
7051.46	7.387
7056.47	7.387
7061.49	7.387
7066.50	7.387
7071.51	7.387
7076.52	7.386
7081.54	7.386
7086.55	7.386
7091.56	7.386
7096.57	7.386
7101.58	7.386
7106.60	7.386
7111.61	7.386
7116.62	7.386
7121.63	7.386
7126.65	7.386
7131.66	7.386
7136.67	7.386
7141.68	7.386
7146.69	7.385
7151.70	7.385
7156.72	7.385
7161.73	7.385
7166.74	7.385
7171.75	7.385
7176.77	7.385
7181.78	7.385
7186.79	7.385
7191.80	7.384
7196.81	7.384
7201.82	7.384
7206.83	7.384
7211.85	7.384
7216.86	7.384
7221.87	7.384
7226.88	7.384
7231.89	7.384
7236.90	7.384
7241.92	7.383
7246.93	7.383
7251.94	7.383
7256.95	7.383
7261.96	7.383
7266.97	7.383
7271.98	7.383
7276.99	7.383
7282.01	7.383
7287.02	7.383
7292.03	7.383
7297.04	7.382
7302.05	7.382
7307.06	7.382
7312.08	7.382
7317.09	7.382
7322.10	7.382
7327.11	7.382
7332.12	7.382
7337.13	7.382
7342.15	7.382
7347.16	7.381
7352.17	7.381
7357.18	7.382
7362.19	7.381
7367.20	7.381
7372.22	7.381
7377.23	7.381
7382.24	7.381
7387.25	7.381
7392.26	7.381
7397.27	7.381
7402.28	7.381
7407.30	7.380
7412.31	7.380
7417.32	7.380
7422.33	7.380
7427.34	7.380
7432.35	7.380
7437.37	7.380
7442.38	7.379
7447.39	7.379
7452.40	7.379
7457.41	7.379
7462.42	7.379
7467.44	7.379
7472.45	7.379
7477.46	7.379
7482.47	7.379
7487.48	7.379
7492.49	7.379
7497.50	7.378
7502.52	7.378
7507.53	7.378
7512.54	7.378
7517.55	7.378
7522.56	7.378
7527.57	7.378
7532.59	7.378
7537.60	7.378
7542.61	7.378
7547.62	7.378
7552.63	7.377
7557.64	7.377
7562.66	7.377
7567.67	7.377
7572.68	7.377
7577.69	7.377
7582.70	7.377
7587.71	7.377
7592.73	7.377
7597.74	7.377
7602.75	7.376
7607.76	7.376
7612.78	7.376
7617.79	7.376
7622.81	7.376
7627.83	7.376
7632.84	7.376
7637.85	7.376
7642.87	7.376
7647.89	7.376
7652.90	7.376
7657.92	7.376
7662.93	7.375
7667.94	7.376
7672.96	7.375
7677.97	7.375
7682.98	7.375
7687.99	7.375
7693.01	7.375
7698.02	7.375
7703.03	7.375
7708.04	7.375
7713.06	7.374
7718.07	7.374
7723.09	7.374
7728.10	7.374
7733.12	7.374
7738.13	7.374
7743.15	7.374
7748.16	7.374
7753.17	7.374
7758.19	7.373
7763.20	7.374
7768.22	7.373
7773.23	7.373
7778.24	7.373
7783.25	7.373
7788.26	7.373
7793.28	7.373
7798.29	7.373
7803.30	7.373
7808.31	7.373
7813.32	7.372
7818.33	7.372
7823.35	7.372
7828.36	7.372
7833.37	7.372
7838.38	7.372
7843.39	7.372
7848.40	7.372
7853.41	7.372
7858.43	7.372
7863.44	7.371
7868.45	7.371
7873.46	7.371
7878.47	7.371
7883.48	7.371
7888.50	7.371
7893.51	7.371
7898.52	7.371
7903.53	7.371
7908.54	7.371
7913.55	7.371
7918.57	7.370
7923.58	7.371
7928.59	7.371
7933.60	7.370
7938.61	7.370
7943.62	7.370
7948.63	7.370
7953.65	7.370
7958.66	7.370
7963.67	7.370
7968.68	7.369
7973.69	7.370
7978.70	7.369
7983.72	7.369
7988.73	7.369
7993.74	7.369
7998.75	7.369
8003.77	7.369
8008.78	7.369
8013.79	7.369
8018.80	7.369
8023.81	7.369
8028.82	7.368
8033.84	7.368
8038.85	7.368
8043.86	7.368
8048.88	7.368
8053.89	7.368
8058.90	7.368
8063.92	7.368
8068.93	7.368
8073.95	7.368
8078.96	7.367
8083.98	7.368
8088.99	7.367
8094.01	7.367
8099.02	7.367
8104.04	7.367
8109.05	7.367
8114.06	7.367
8119.07	7.367
8124.08	7.367
8129.10	7.367
8134.11	7.367
8139.13	7.367
8144.14	7.366
8149.16	7.366
8154.17	7.366
8159.19	7.366
8164.20	7.366
8169.22	7.366
8174.23	7.366
8179.25	7.366
8184.26	7.366
8189.28	7.365
8194.29	7.365
8199.30	7.365
8204.31	7.365
8209.33	7.365
8214.34	7.365
8219.35	7.365
8224.36	7.365
8229.37	7.365
8234.38	7.365
8239.40	7.364
8244.41	7.365
8249.43	7.364
8254.44	7.364
8259.45	7.364
8264.47	7.364
8269.48	7.364
8274.49	7.364
8279.51	7.363
8284.52	7.364
8289.54	7.364
8294.55	7.363
8299.57	7.363
8304.58	7.363
8309.59	7.363
8314.60	7.363
8319.62	7.363
8324.63	7.363
8329.65	7.363
8334.66	7.363
8339.67	7.363
8344.69	7.362
8349.70	7.362
8354.72	7.362
8359.73	7.362
8364.75	7.362
8369.76	7.362
8374.77	7.362
8379.78	7.362
8384.80	7.362
8389.81	7.361
8394.82	7.361
8399.83	7.361
8404.84	7.361
8409.85	7.361
8414.87	7.361
8419.88	7.360
8424.89	7.360
8429.90	7.360
8434.91	7.360
8439.92	7.360
8444.94	7.360
8449.95	7.360
8454.96	7.360
8459.97	7.360
8464.98	7.360
8469.99	7.360
8475.00	7.359
8480.02	7.359
8485.03	7.359
8490.04	7.359
8495.05	7.359
8500.06	7.359
8505.07	7.359
8510.09	7.359
8515.10	7.359
8520.11	7.359
8525.12	7.359
8530.13	7.359
8535.14	7.358
8540.16	7.358
8545.17	7.358
8550.18	7.358
8555.19	7.358
8560.20	7.358
8565.21	7.358
8570.22	7.357
8575.24	7.357
8580.25	7.357
8585.26	7.357
8590.27	7.357
8595.28	7.357
8600.29	7.357
8605.31	7.357
8610.32	7.357
8615.33	7.357
8620.34	7.357
8625.35	7.356
8630.36	7.356
8635.38	7.356
8640.39	7.356
8645.40	7.356
8650.41	7.356
8655.42	7.356
8660.43	7.356
8665.44	7.356
8670.46	7.355
8675.47	7.355
8680.48	7.355
8685.49	7.355
8690.50	7.355
8695.51	7.355
8700.53	7.355
8705.54	7.355
8710.55	7.354
8715.56	7.354
8720.57	7.354
8725.58	7.354
8730.60	7.354
8735.61	7.354
8740.62	7.354
8745.63	7.354
8750.64	7.353
8755.65	7.353
8760.67	7.353
8765.68	7.353
8770.69	7.353
8775.70	7.353
8780.71	7.353
8785.72	7.353
8790.73	7.353
8795.75	7.353
8800.76	7.352
8805.77	7.352
8810.78	7.352
8815.79	7.352
8820.80	7.352
8825.82	7.352
8830.83	7.352
8835.84	7.352
8840.85	7.351
8845.86	7.351
8850.87	7.351
8855.89	7.351
8860.90	7.351
8865.91	7.351
8870.92	7.351
8875.93	7.351
8880.94	7.351
8885.95	7.350
8890.97	7.350
8895.98	7.350
8900.99	7.350
8906.00	7.350
8911.01	7.350
8916.02	7.349
8921.04	7.349
8926.05	7.349
8931.06	7.349
8936.07	7.349
8941.08	7.349
8946.09	7.348
8951.11	7.348
8956.12	7.348
8961.13	7.348
8966.14	7.348
8971.15	7.348
8976.16	7.348
8981.17	7.348
8986.19	7.348
8991.20	7.348
8996.21	7.347
9001.22	7.347
9006.23	7.347
9011.24	7.347
9016.26	7.347
9021.27	7.347
9026.28	7.347
9031.29	7.346
9036.30	7.346
9041.31	7.346
9046.33	7.346
9051.34	7.346
9056.35	7.346
9061.36	7.346
9066.37	7.345
9071.38	7.345
9076.40	7.345
9081.41	7.345
9086.42	7.345
9091.43	7.345
9096.44	7.345
9101.45	7.345
9106.46	7.344
9111.48	7.344
9116.49	7.344
9121.50	7.344
9126.51	7.344
9131.52	7.343
9136.53	7.343
9141.55	7.343
9146.56	7.343
9151.57	7.343
9156.58	7.343
9161.59	7.343
9166.60	7.343
9171.61	7.343
9176.63	7.342
9181.64	7.342
9186.65	7.342
9191.66	7.342
9196.67	7.342
9201.68	7.341
9206.69	7.341
9211.71	7.341
9216.72	7.341
9221.73	7.341
9226.74	7.341
9231.75	7.341
9236.76	7.340
9241.78	7.340
9246.79	7.340
9251.80	7.340
9256.81	7.340
9261.82	7.340
9266.83	7.340
9271.84	7.339
9276.86	7.339
9281.87	7.339
9286.88	7.339
9291.89	7.339
9296.90	7.338
9301.91	7.338
9306.93	7.338
9311.94	7.338
9316.95	7.338
9321.96	7.337
9326.97	7.337
9331.98	7.337
9337.00	7.337
9342.01	7.337
9347.02	7.337
9352.03	7.337
9357.04	7.336
9362.05	7.336
9367.06	7.336
9372.08	7.336
9377.09	7.336
9382.10	7.336
9387.11	7.335
9392.12	7.335
9397.13	7.335
9402.15	7.335
9407.16	7.334
9412.17	7.334
9417.18	7.334
9422.19	7.334
9427.20	7.334
9432.21	7.334
9437.23	7.334
9442.24	7.333
9447.25	7.333
9452.26	7.333
9457.27	7.333
9462.28	7.332
9467.30	7.332
9472.31	7.332
9477.32	7.332
9482.33	7.332
9487.34	7.332
9492.35	7.331
9497.37	7.331
9502.38	7.331
9507.39	7.331
9512.40	7.331
9517.41	7.330
9522.42	7.330
9527.43	7.330
9532.45	7.330
9537.46	7.330
9542.47	7.329
9547.48	7.329
9552.49	7.329
9557.50	7.329
9562.52	7.328
9567.53	7.328
9572.54	7.328
9577.55	7.328
9582.56	7.328
9587.57	7.327
9592.58	7.327
9597.60	7.327
9602.61	7.327
9607.62	7.327
9612.63	7.326
9617.64	7.326
9622.66	7.326
9627.68	7.325
9632.70	7.325
9637.71	7.325
9642.72	7.325
9647.74	7.325
9652.75	7.325
9657.77	7.324
9662.78	7.324
9667.80	7.324
9672.81	7.323
9677.83	7.323
9682.84	7.323
9687.85	7.323
9692.86	7.323
9697.87	7.322
9702.88	7.322
9707.90	7.322
9712.91	7.322
9717.92	7.321
9722.93	7.321
9727.94	7.321
9732.96	7.321
9737.97	7.320
9742.99	7.320
9748.00	7.320
9753.02	7.320
9758.04	7.319
9763.05	7.319
9768.06	7.319
9773.08	7.319
9778.09	7.318
9783.11	7.318
9788.12	7.318
9793.13	7.318
9798.14	7.317
9803.16	7.317
9808.17	7.317
9813.18	7.316
9818.19	7.316
9823.20	7.316
9828.21	7.316
9833.23	7.315
9838.24	7.315
9843.25	7.315
9848.26	7.315
9853.28	7.314
9858.29	7.314
9863.31	7.314
9868.32	7.313
9873.33	7.313
9878.34	7.313
9883.35	7.313
9888.37	7.312
9893.38	7.312
9898.39	7.311
9903.40	7.311
9908.41	7.311
9913.42	7.311
9918.43	7.310
9923.45	7.310
9928.46	7.310
9933.47	7.309
9938.48	7.309
9943.49	7.309
9948.50	7.309
9953.52	7.308
9958.53	7.308
9963.54	7.308
9968.55	7.307
9973.56	7.307
9978.57	7.307
9983.59	7.306
9988.60	7.306
9993.61	7.306
9998.62	7.305
10003.63	7.305
10008.64	7.305
10013.66	7.304
10018.67	7.304
10023.68	7.303
10028.69	7.303
10033.70	7.303
10038.71	7.302
10043.72	7.302
10048.74	7.302
10053.75	7.301
10058.76	7.301
10063.77	7.300
10068.78	7.300
10073.79	7.300
10078.81	7.300
10083.82	7.299
10088.83	7.299
10093.84	7.299
10098.85	7.298
10103.86	7.298
10108.88	7.297
10113.89	7.297
10118.90	7.297
10123.91	7.296
10128.92	7.296
10133.93	7.295
10138.94	7.295
10143.96	7.294
10148.97	7.294
10153.98	7.294
10158.99	7.293
10164.01	7.293
10169.02	7.293
10174.03	7.292
10179.04	7.292
10184.05	7.292
10189.06	7.291
10194.08	7.291
10199.09	7.290
10204.10	7.290
10209.11	7.289
10214.12	7.289
10219.13	7.289
10224.15	7.288
10229.16	7.288
10234.17	7.287
10239.18	7.287
10244.19	7.286
10249.20	7.286
10254.22	7.286
10259.23	7.285
10264.24	7.285
10269.25	7.284
10274.26	7.284
10279.27	7.283
10284.28	7.283
10289.30	7.282
10294.31	7.282
10299.32	7.281
10304.33	7.281
10309.34	7.281
10314.35	7.280
10319.37	7.280
10324.38	7.279
10329.39	7.279
10334.40	7.278
10339.42	7.278
10344.43	7.277
10349.44	7.277
10354.45	7.276
10359.47	7.276
10364.48	7.275
10369.49	7.275
10374.50	7.275
10379.51	7.274
10384.52	7.273
10389.54	7.273
10394.55	7.272
10399.56	7.272
10404.57	7.271
10409.58	7.271
10414.59	7.270
10419.61	7.270
10424.62	7.270
10429.63	7.269
10434.64	7.269
10439.65	7.268
10444.66	7.268
10449.67	7.267
10454.69	7.266
10459.70	7.266
10464.71	7.265
10469.72	7.265
10474.73	7.264
10479.74	7.264
10484.76	7.263
10489.77	7.262
10494.78	7.262
10499.79	7.262
10504.80	7.261
10509.81	7.260
10514.83	7.260
10519.84	7.259
10524.85	7.259
10529.86	7.258
10534.87	7.258
10539.88	7.257
10544.90	7.257
10549.91	7.256
10554.92	7.255
10559.93	7.255
10564.94	7.254
10569.95	7.253
10574.96	7.253
10579.98	7.252
10584.99	7.252
10590.00	7.251
10595.01	7.251
10600.02	7.250
10605.03	7.249
10610.05	7.249
10615.06	7.248
10620.07	7.248
10625.08	7.247
10630.09	7.246
10635.10	7.246
10640.12	7.245
10645.13	7.244
10650.14	7.244
10655.15	7.243
10660.16	7.243
10665.17	7.242
10670.19	7.241
10675.20	7.241
10680.21	7.240
10685.22	7.240
10690.23	7.239
10695.24	7.238
10700.25	7.238
10705.27	7.237
10710.28	7.236
10715.29	7.236
10720.30	7.235
10725.31	7.234
10730.32	7.234
10735.34	7.233
10740.35	7.233
10745.36	7.232
10750.37	7.231
10755.38	7.231
10760.39	7.230
10765.40	7.229
10770.42	7.229
10775.43	7.228
10780.44	7.227
10785.45	7.227
10790.46	7.226
10795.47	7.225
10800.48	7.225
10805.50	7.224
10810.51	7.223
10815.52	7.223
10820.53	7.222
10825.54	7.221
10830.55	7.220
10835.57	7.220
10840.58	7.219
10845.59	7.218
10850.60	7.218
10855.61	7.217
10860.62	7.217
10865.64	7.216
10870.66	7.215
10875.67	7.214
10880.69	7.214
10885.70	7.213
10890.71	7.212
10895.72	7.211
10900.73	7.211
10905.74	7.210
10910.76	7.209
10915.78	7.209
10920.79	7.208
10925.80	7.207
10930.82	7.207
10935.83	7.206
10940.84	7.205
10945.85	7.205
10950.86	7.204
10955.88	7.203
10960.89	7.203
10965.90	7.202
10970.91	7.201
10975.93	7.201
10980.94	7.200
10985.95	7.199
10990.97	7.198
10995.98	7.198
11000.99	7.197
11006.00	7.196
11011.01	7.195
11016.02	7.195
11021.04	7.194
11026.05	7.193
11031.06	7.192
11036.07	7.192
11041.08	7.191
11046.09	7.190
11051.10	7.189
11056.12	7.188
11061.13	7.188
11066.14	7.187
11071.15	7.186
11076.16	7.186
11081.17	7.185
11086.19	7.184
11091.20	7.184
11096.21	7.183
11101.22	7.182
11106.23	7.181
11111.24	7.181
11116.25	7.180
11121.27	7.179
11126.28	7.178
11131.29	7.177
11136.30	7.176
11141.31	7.176
11146.32	7.175
11151.33	7.175
11156.35	7.174
11161.36	7.173
11166.37	7.172
11171.38	7.171
11176.39	7.171
11181.40	7.170
11186.42	7.169
11191.43	7.168
11196.44	7.168
11201.45	7.167
11206.46	7.166
11211.47	7.165
11216.48	7.164
11221.50	7.164
11226.51	7.163
11231.52	7.162
11236.53	7.161
11241.54	7.161
11246.55	7.160
11251.57	7.159
11256.58	7.158
11261.59	7.157
11266.60	7.157
11271.61	7.156
11276.62	7.155
11281.64	7.154
11286.65	7.154
11291.66	7.153
11296.67	7.152
11301.68	7.151
11306.69	7.150
11311.70	7.149
11316.72	7.149
11321.74	7.148
11326.75	7.147
11331.76	7.146
11336.78	7.145
11341.79	7.144
11346.80	7.144
11351.81	7.143
11356.82	7.142
11361.84	7.141
11366.86	7.140
11371.87	7.139
11376.88	7.139
11381.89	7.138
11386.91	7.137
11391.92	7.136
11396.93	7.136
11401.94	7.135
11406.95	7.134
11411.96	7.133
11416.98	7.132
11421.99	7.131
11427.00	7.131
11432.01	7.130
11437.02	7.129
11442.03	7.128
11447.05	7.127
11452.06	7.126
11457.07	7.126
11462.08	7.125
11467.09	7.124
11472.10	7.123
11477.11	7.122
11482.13	7.122
11487.14	7.121
11492.15	7.120
11497.16	7.119
11502.17	7.118
11507.18	7.117
11512.19	7.116
11517.21	7.116
11522.22	7.115
11527.23	7.114
11532.24	7.113
11537.25	7.112
11542.26	7.111
11547.28	7.111
11552.29	7.110
11557.30	7.109
11562.31	7.108
11567.32	7.107
11572.33	7.106
11577.34	7.105
11582.36	7.105
11587.37	7.104
11592.38	7.103
11597.39	7.102
11602.40	7.101
11607.41	7.100
11612.43	7.099
11617.44	7.098
11622.45	7.098
11627.46	7.097
11632.47	7.096
11637.48	7.095
11642.49	7.094
11647.51	7.093
11652.52	7.092
11657.53	7.091
11662.54	7.091
11667.55	7.089
11672.56	7.089
11677.58	7.088
11682.59	7.087
11687.60	7.086
11692.61	7.085
11697.62	7.084
11702.63	7.083
11707.64	7.082
11712.66	7.081
11717.67	7.081
11722.69	7.080
11727.70	7.079
11732.72	7.078
11737.74	7.077
11742.75	7.076
11747.76	7.075
11752.77	7.074
11757.78	7.074
11762.79	7.073
11767.80	7.072
11772.81	7.071
11777.83	7.070
11782.84	7.069
11787.85	7.068
11792.87	7.067
11797.88	7.066
11802.90	7.065
11807.91	7.064
11812.92	7.063
11817.93	7.062
11822.95	7.062
11827.96	7.061
11832.97	7.060
11837.98	7.059
11842.99	7.058
11848.00	7.057
11853.01	7.056
11858.03	7.055
11863.04	7.054
11868.05	7.053
11873.06	7.052
11878.07	7.051
11883.08	7.050
11888.10	7.049
11893.11	7.049
11898.12	7.048
11903.13	7.047
11908.14	7.046
11913.15	7.045
11918.17	7.044
11923.18	7.043
11928.19	7.042
11933.20	7.041
11938.21	7.040
11943.22	7.039
11948.23	7.038
11953.25	7.037
11958.26	7.036
11963.27	7.036
11968.28	7.034
11973.29	7.034
11978.30	7.033
11983.32	7.032
11988.33	7.031
11993.34	7.030
11998.35	7.029
12003.36	7.028
12008.37	7.027
12013.38	7.026
12018.40	7.025
12023.41	7.024
12028.42	7.023
12033.43	7.022
12038.45	7.021
12043.46	7.020
12048.47	7.019
12053.48	7.018
12058.49	7.017
12063.50	7.016
12068.52	7.015
12073.53	7.014
12078.54	7.013
12083.55	7.012
12088.56	7.011
12093.57	7.010
12098.58	7.009
12103.60	7.008
12108.61	7.007
12113.62	7.006
12118.63	7.005
12123.64	7.004
12128.65	7.003
12133.67	7.002
12138.68	7.001
12143.69	7.000
12148.70	6.999
12153.71	6.998
12158.72	6.997
12163.73	6.996
12168.75	6.995
12173.76	6.994
12178.77	6.993
12183.78	6.992
12188.79	6.991
12193.80	6.990
12198.82	6.989
12203.83	6.988
12208.84	6.987
12213.86	6.986
12218.87	6.985
12223.89	6.984
12228.90	6.983
12233.91	6.982
12238.93	6.981
12243.94	6.980
12248.95	6.979
12253.97	6.978
12258.99	6.977
12264.00	6.976
12269.01	6.975
12274.03	6.974
12279.04	6.972
12284.05	6.972
12289.06	6.970
12294.07	6.969
12299.08	6.968
12304.10	6.967
12309.11	6.966
12314.12	6.965
12319.13	6.964
12324.14	6.963
12329.15	6.962
12334.16	6.961
12339.18	6.960
12344.19	6.959
12349.20	6.958
12354.21	6.957
12359.22	6.956
12364.23	6.955
12369.25	6.954
12374.26	6.952
12379.27	6.951
12384.28	6.950
12389.29	6.949
12394.30	6.948
12399.32	6.947
12404.33	6.946
12409.34	6.945
12414.35	6.944
12419.36	6.943
12424.37	6.942
12429.39	6.941
12434.40	6.940
12439.41	6.939
12444.42	6.937
12449.43	6.936
12454.44	6.935
12459.45	6.934
12464.47	6.933
12469.48	6.932
12474.49	6.931
12479.50	6.930
12484.51	6.929
12489.52	6.928
12494.54	6.926
12499.55	6.926
12504.56	6.924
12509.57	6.923
12514.58	6.922
12519.59	6.921
12524.60	6.920
12529.62	6.919
12534.63	6.918
12539.64	6.917
12544.65	6.916
12549.66	6.914
12554.67	6.913
12559.69	6.912
12564.70	6.911
12569.71	6.910
12574.72	6.909
12579.73	6.908
12584.74	6.907
12589.75	6.905
12594.77	6.904
12599.78	6.903
12604.79	6.902
12609.80	6.901
12614.81	6.900
12619.82	6.899
12624.84	6.897
12629.85	6.896
12634.86	6.895
12639.87	6.894
12644.88	6.893
12649.89	6.892
12654.91	6.891
12659.92	6.890
12664.93	6.888
12669.94	6.887
12674.95	6.886
12679.96	6.885
12684.97	6.884
12689.99	6.883
12695.00	6.881
12700.01	6.880
12705.02	6.879
12710.03	6.878
12715.04	6.877
12720.06	6.876
12725.07	6.875
12730.08	6.873
12735.09	6.872
12740.10	6.871
12745.11	6.870
12750.13	6.869
12755.14	6.868
12760.15	6.866
12765.16	6.865
12770.17	6.864
12775.18	6.863
12780.20	6.862
12785.21	6.860
12790.22	6.859
12795.23	6.858
12800.24	6.857
12805.25	6.856
12810.26	6.854
12815.28	6.853
12820.29	6.852
12825.30	6.851
12830.31	6.850
12835.32	6.849
12840.33	6.847
12845.35	6.846
12850.36	6.845
12855.37	6.844
12860.38	6.842
12865.39	6.841
12870.40	6.840
12875.41	6.839
12880.43	6.838
12885.44	6.836
12890.45	6.835
12895.46	6.834
12900.47	6.833
12905.48	6.831
12910.50	6.830
12915.51	6.829
12920.52	6.828
12925.53	6.826
12930.54	6.825
12935.55	6.824
12940.57	6.823
12945.58	6.821
12950.59	6.820
12955.60	6.819
12960.61	6.818
12965.62	6.817
12970.63	6.815
12975.65	6.814
12980.66	6.813
12985.67	6.811
12990.68	6.810
12995.69	6.809
13000.70	6.808
13005.72	6.807
13010.73	6.805
13015.75	6.804
13020.76	6.803
13025.77	6.801
13030.79	6.800
13035.81	6.799
13040.82	6.798
13045.84	6.796
13050.85	6.795
13055.87	6.794
13060.88	6.792
13065.89	6.791
13070.90	6.790
13075.91	6.788
13080.93	6.787
13085.94	6.786
13090.95	6.785
13095.96	6.783
13100.97	6.782
13105.98	6.780
13111.00	6.779
13116.01	6.778
13121.02	6.777
13126.03	6.776
13131.04	6.774
13136.05	6.773
13141.07	6.772
13146.08	6.770
13151.09	6.769
13156.10	6.768
13161.11	6.766
13166.12	6.765
13171.14	6.764
13176.15	6.762
13181.16	6.761
13186.17	6.760
13191.18	6.758
13196.19	6.757
13201.20	6.756
13206.22	6.754
13211.23	6.753
13216.24	6.752
13221.25	6.750
13226.26	6.749
13231.27	6.747
13236.29	6.746
13241.30	6.745
13246.31	6.744
13251.32	6.742
13256.33	6.741
13261.34	6.739
13266.36	6.738
13271.37	6.737
13276.38	6.735
13281.39	6.734
13286.41	6.733
13291.42	6.731
13296.43	6.730
13301.44	6.728
13306.45	6.727
13311.46	6.726
13316.48	6.724
13321.49	6.723
13326.50	6.722
13331.51	6.720
13336.52	6.719
13341.53	6.717
13346.55	6.716
13351.56	6.715
13356.57	6.713
13361.58	6.712
13366.59	6.710
13371.60	6.709
13376.61	6.708
13381.63	6.706
13386.64	6.705
13391.65	6.703
13396.66	6.702
13401.67	6.700
13406.68	6.699
13411.70	6.698
13416.71	6.696
13421.72	6.695
13426.73	6.693
13431.74	6.692
13436.75	6.691
13441.76	6.689
13446.78	6.687
13451.79	6.686
13456.80	6.685
13461.82	6.683
13466.83	6.682
13471.84	6.680
13476.85	6.679
13481.86	6.677
13486.87	6.676
13491.88	6.674
13496.90	6.673
13501.91	6.671
13506.92	6.670
13511.93	6.669
13516.94	6.667
13521.95	6.666
13526.96	6.664
13531.98	6.663
13536.99	6.661
13542.00	6.660
13547.01	6.658
13552.02	6.657
13557.03	6.655
13562.05	6.654
13567.06	6.652
13572.07	6.651
13577.08	6.649
13582.09	6.648
13587.10	6.646
13592.11	6.645
13597.13	6.643
13602.14	6.641
13607.15	6.640
13612.16	6.639
13617.17	6.637
13622.18	6.636
13627.20	6.634
13632.21	6.633
13637.22	6.631
13642.23	6.630
13647.24	6.628
13652.25	6.626
13657.27	6.625
13662.28	6.623
13667.29	6.622
13672.30	6.620
13677.31	6.619
13682.32	6.617
13687.33	6.616
13692.35	6.614
13697.36	6.612
13702.37	6.611
13707.38	6.609
13712.39	6.608
13717.40	6.606
13722.42	6.605
13727.43	6.603
13732.44	6.602
13737.45	6.600
13742.46	6.599
13747.47	6.597
13752.49	6.595
13757.50	6.594
13762.51	6.592
13767.52	6.591
13772.53	6.589
13777.54	6.587
13782.56	6.586
13787.57	6.584
13792.59	6.583
13797.60	6.581
13802.61	6.580
13807.62	6.578
13812.63	6.576
13817.64	6.575
13822.66	6.573
13827.67	6.572
13832.69	6.570
13837.70	6.568
13842.72	6.567
13847.73	6.565
13852.74	6.563
13857.76	6.562
13862.77	6.560
13867.78	6.558
13872.80	6.557
13877.81	6.555
13882.82	6.554
13887.84	6.552
13892.85	6.550
13897.86	6.549
13902.87	6.547
13907.88	6.546
13912.89	6.544
13917.91	6.542
13922.92	6.540
13927.94	6.539
13932.95	6.537
13937.96	6.535
13942.98	6.534
13948.00	6.532
13953.01	6.530
13958.03	6.529
13963.04	6.527
13968.05	6.525
13973.07	6.524
13978.08	6.522
13983.09	6.520
13988.10	6.519
13993.11	6.517
13998.12	6.515
14003.14	6.514
14008.15	6.512
14013.16	6.510
14018.18	6.509
14023.19	6.507
14028.21	6.505
14033.22	6.503
14038.24	6.502
14043.25	6.500
14048.27	6.498
14053.28	6.496
14058.30	6.495
14063.31	6.493
14068.32	6.491
14073.33	6.490
14078.34	6.488
14083.36	6.486
14088.37	6.484
14093.38	6.482
14098.39	6.481
14103.40	6.479
14108.41	6.477
14113.43	6.476
14118.44	6.474
14123.45	6.472
14128.46	6.470
14133.47	6.468
14138.48	6.467
14143.49	6.465
14148.51	6.463
14153.52	6.461
14158.53	6.460
14163.54	6.458
14168.55	6.456
14173.56	6.454
14178.58	6.453
14183.59	6.451
14188.60	6.449
14193.61	6.447
14198.62	6.445
14203.63	6.444
14208.64	6.442
14213.66	6.440
14218.67	6.438
14223.68	6.436
14228.69	6.435
14233.70	6.433
14238.71	6.431
14243.72	6.429
14248.73	6.427
14253.75	6.425
14258.76	6.424
14263.77	6.422
14268.78	6.420
14273.79	6.418
14278.80	6.416
14283.82	6.414
14288.83	6.412
14293.84	6.410
14298.85	6.409
14303.86	6.407
14308.87	6.405
14313.89	6.403
14318.90	6.401
14323.91	6.399
14328.92	6.397
14333.94	6.395
14338.96	6.393
14343.97	6.391
14348.99	6.389
14354.00	6.388
14359.02	6.386
14364.03	6.384
14369.05	6.382
14374.06	6.380
14379.08	6.378
14384.09	6.376
14389.10	6.374
14394.12	6.372
14399.13	6.370
14404.14	6.368
14409.15	6.366
14414.16	6.364
14419.17	6.362
14424.18	6.360
14429.20	6.358
14434.21	6.356
14439.23	6.354
14444.24	6.352
14449.26	6.350
14454.27	6.347
14459.29	6.345
14464.30	6.344
14469.32	6.341
14474.33	6.339
14479.35	6.337
14484.36	6.335
14489.38	6.333
14494.39	6.331
14499.40	6.329
14504.41	6.327
14509.42	6.325
14514.43	6.323
14519.45	6.321
14524.46	6.319
14529.47	6.316
14534.48	6.314
14539.49	6.312
14544.50	6.310
14549.52	6.308
14554.53	6.305
14559.54	6.303
14564.55	6.301
14569.56	6.299
14574.57	6.297
14579.58	6.294
14584.60	6.292
14589.61	6.290
14594.62	6.288
14599.63	6.286
14604.64	6.283
14609.65	6.281
14614.67	6.279
14619.68	6.277
14624.69	6.275
14629.70	6.272
14634.71	6.270
14639.72	6.268
14644.74	6.265
14649.75	6.263
14654.76	6.261
14659.77	6.259
14664.78	6.257
14669.79	6.254
14674.81	6.252
14679.82	6.250
14684.83	6.247
14689.84	6.245
14694.85	6.243
14699.86	6.240
14704.87	6.238
14709.89	6.236
14714.90	6.233
14719.91	6.231
14724.92	6.229
14729.93	6.226
14734.94	6.224
14739.96	6.222
14744.97	6.219
14749.98	6.217
14754.99	6.215
14760.00	6.212
14765.01	6.210
14770.03	6.208
14775.04	6.206
14780.05	6.203
14785.07	6.201
14790.08	6.198
14795.09	6.196
14800.11	6.194
14805.12	6.191
14810.13	6.189
14815.15	6.187
14820.16	6.184
14825.17	6.182
14830.18	6.180
14835.20	6.177
14840.21	6.175
14845.22	6.173
14850.23	6.170
14855.24	6.168
14860.25	6.165
14865.26	6.163
14870.28	6.161
14875.29	6.158
14880.30	6.156
14885.31	6.154
14890.32	6.151
14895.33	6.149
14900.35	6.147
14905.36	6.144
14910.37	6.142
14915.38	6.140
14920.39	6.137
14925.40	6.135
14930.42	6.133
14935.43	6.130
14940.44	6.128
14945.45	6.126
14950.46	6.123
14955.47	6.121
14960.48	6.118
14965.50	6.116
14970.51	6.114
14975.52	6.112
14980.53	6.109
14985.54	6.107
14990.55	6.104
14995.57	6.102
15000.58	6.100
15005.59	6.098
15010.60	6.095
15015.61	6.093
15020.62	6.090
15025.63	6.088
15030.65	6.086
15035.66	6.083
15040.67	6.081
15045.68	6.079
15050.69	6.076
15055.70	6.074
15060.72	6.072
15065.73	6.070
15070.74	6.067
15075.75	6.065
15080.76	6.062
15085.78	6.060
15090.79	6.058
15095.80	6.056
15100.81	6.053
15105.81	6.051
15110.82	6.049
15115.83	6.046
15120.84	6.044
15125.85	6.042
15130.86	6.040
15135.87	6.037
15140.87	6.035
15145.88	6.033
15150.89	6.030
15155.90	6.028
15160.91	6.026
15165.92	6.024
15170.92	6.021
15175.93	6.019
15180.94	6.017
15185.95	6.014
15190.96	6.012
15195.97	6.010
15200.98	6.008
15206.00	6.005
15211.01	6.003
15216.02	6.000
15221.03	5.998
15226.03	5.996
15231.04	5.993
15236.05	5.991
15241.06	5.989
15246.07	5.987
15251.08	5.985
15256.09	5.982
15261.09	5.980
15266.10	5.978
15271.11	5.976
15276.12	5.973
15281.13	5.971
