2.51	7.901
7.52	7.901
12.53	7.902
17.54	7.902
22.55	7.902
27.57	7.902
32.58	7.902
37.59	7.902
42.60	7.902
47.61	7.902
52.63	7.902
57.65	7.901
62.66	7.683
67.67	7.689
72.69	7.692
77.70	7.695
82.72	7.696
87.73	7.698
92.75	7.698
97.76	7.698
102.77	7.698
107.79	7.699
112.80	7.699
117.82	7.699
122.83	7.699
127.85	7.699
132.86	7.698
137.88	7.698
142.89	7.698
147.90	7.697
152.92	7.697
157.93	7.696
162.95	7.696
167.96	7.695
172.97	7.695
177.98	7.695
183.00	7.694
188.01	7.694
193.02	7.694
198.04	7.693
203.05	7.693
208.07	7.693
213.08	7.691
218.10	7.691
223.11	7.691
228.13	7.690
233.14	7.690
238.16	7.689
243.18	7.689
248.19	7.689
253.20	7.689
258.22	7.689
263.23	7.689
268.25	7.688
273.26	7.688
278.27	7.688
283.29	7.688
288.30	7.687
293.32	7.687
298.33	7.687
303.35	7.687
308.36	7.686
313.38	7.686
318.39	7.686
323.40	7.685
328.42	7.685
333.43	7.685
338.45	7.685
343.46	7.685
348.48	7.685
353.49	7.684
358.51	7.684
363.52	7.684
368.54	7.684
373.55	7.683
378.56	7.683
383.58	7.683
388.59	7.683
393.61	7.682
398.62	7.682
403.64	7.682
408.65	7.682
413.67	7.682
418.68	7.681
423.69	7.681
428.71	7.681
433.72	7.680
438.74	7.681
443.75	7.680
448.77	7.680
453.78	7.680
458.79	7.679
463.81	7.679
468.82	7.679
473.84	7.679
478.85	7.678
483.87	7.678
488.88	7.678
493.90	7.678
498.91	7.678
503.92	7.677
508.94	7.677
513.95	7.677
518.97	7.677
523.98	7.676
529.00	7.676
534.01	7.676
539.03	7.676
544.04	7.676
549.05	7.675
554.07	7.675
559.09	7.675
564.10	7.675
569.12	7.675
574.13	7.674
579.14	7.674
584.16	7.674
589.17	7.673
594.19	7.673
599.20	7.673
604.22	7.673
609.24	7.672
614.25	7.672
619.26	7.672
624.28	7.671
629.29	7.671
634.31	7.671
639.32	7.671
644.33	7.671
649.35	7.671
654.36	7.671
659.37	7.670
664.39	7.670
669.40	7.670
674.41	7.670
679.43	7.670
684.44	7.670
689.46	7.669
694.47	7.669
699.49	7.669
704.50	7.668
709.51	7.668
714.53	7.668
719.55	7.668
724.56	7.668
729.57	7.667
734.59	7.667
739.60	7.667
744.61	7.667
749.63	7.667
754.64	7.667
759.66	7.666
764.67	7.666
769.69	7.666
774.70	7.666
779.71	7.665
784.73	7.665
789.74	7.665
794.76	7.665
799.77	7.665
804.79	7.665
809.80	7.664
814.82	7.664
819.83	7.664
824.84	7.663
829.86	7.663
834.87	7.663
839.89	7.663
844.90	7.663
849.92	7.663
854.93	7.662
859.94	7.662
864.96	7.662
869.97	7.662
874.99	7.661
880.00	7.661
885.02	7.661
890.03	7.661
895.05	7.660
900.06	7.660
905.07	7.660
910.09	7.660
915.10	7.659
920.12	7.659
925.13	7.659
930.15	7.659
935.16	7.659
940.17	7.659
945.19	7.658
950.20	7.658
955.22	7.658
960.23	7.658
965.24	7.657
970.26	7.657
975.28	7.657
980.29	7.657
985.31	7.656
990.32	7.656
995.33	7.656
1000.35	7.656
1005.36	7.656
1010.38	7.655
1015.39	7.655
1020.41	7.655
1025.42	7.655
1030.44	7.654
1035.45	7.654
1040.47	7.654
1045.48	7.654
1050.50	7.654
1055.51	7.653
1060.52	7.653
1065.54	7.653
1070.55	7.653
1075.57	7.653
1080.58	7.652
1085.60	7.652
1090.61	7.652
1095.63	7.652
1100.64	7.652
1105.65	7.651
1110.67	7.651
1115.68	7.651
1120.69	7.651
1125.71	7.650
1130.72	7.650
1135.74	7.650
1140.75	7.650
1145.77	7.649
1150.78	7.649
1155.80	7.649
1160.81	7.649
1165.82	7.649
1170.84	7.648
1175.85	7.648
1180.87	7.648
1185.88	7.648
1190.89	7.648
1195.91	7.647
1200.92	7.647
1205.94	7.647
1210.95	7.647
1215.97	7.646
1220.98	7.646
1226.00	7.645
1231.01	7.645
1236.03	7.645
1241.04	7.645
1246.06	7.645
1251.07	7.645
1256.09	7.645
1261.10	7.645
1266.12	7.644
1271.13	7.644
1276.14	7.644
1281.16	7.644
1286.17	7.644
1291.19	7.643
1296.20	7.643
1301.21	7.643
1306.23	7.643
1311.24	7.643
1316.26	7.642
1321.27	7.642
1326.29	7.642
1331.30	7.642
1336.31	7.642
1341.33	7.641
1346.35	7.641
1351.36	7.641
1356.38	7.641
1361.39	7.640
1366.40	7.640
1371.42	7.640
1376.43	7.640
1381.45	7.640
1386.47	7.639
1391.48	7.639
1396.49	7.638
1401.51	7.638
1406.52	7.637
1411.54	7.637
1416.55	7.637
1421.56	7.637
1426.58	7.637
1431.59	7.637
1436.61	7.637
1441.62	7.637
1446.64	7.636
1451.65	7.636
1456.67	7.636
1461.68	7.636
1466.69	7.635
1471.71	7.635
1476.73	7.635
1481.74	7.635
1486.75	7.635
1491.77	7.635
1496.78	7.634
1501.80	7.634
1506.81	7.634
1511.83	7.634
1516.84	7.634
1521.86	7.633
1526.87	7.633
1531.88	7.633
1536.90	7.633
1541.91	7.633
1546.93	7.632
1551.94	7.632
1556.96	7.631
1561.98	7.632
1566.99	7.631
1572.01	7.631
1577.02	7.631
1582.04	7.631
1587.05	7.631
1592.06	7.630
1597.08	7.630
1602.09	7.630
1607.11	7.630
1612.12	7.629
1617.14	7.629
1622.15	7.629
1627.17	7.629
1632.18	7.628
1637.20	7.628
1642.21	7.628
1647.22	7.627
1652.24	7.628
1657.25	7.628
1662.27	7.628
1667.28	7.628
1672.30	7.627
1677.31	7.627
1682.33	7.627
1687.34	7.626
1692.35	7.626
1697.37	7.626
1702.38	7.625
1707.40	7.625
1712.41	7.625
1717.43	7.625
1722.44	7.625
1727.46	7.625
1732.48	7.624
1737.49	7.624
1742.51	7.624
1747.52	7.624
1752.53	7.623
1757.55	7.624
1762.56	7.624
1767.57	7.623
1772.59	7.623
1777.61	7.623
1782.63	7.623
1787.64	7.623
1792.65	7.623
1797.67	7.622
1802.68	7.622
1807.70	7.622
1812.71	7.622
1817.72	7.622
1822.74	7.621
1827.75	7.621
1832.77	7.620
1837.78	7.620
1842.79	7.620
1847.81	7.620
1852.82	7.620
1857.84	7.620
1862.86	7.620
1867.87	7.620
1872.88	7.619
1877.90	7.619
1882.91	7.619
1887.93	7.619
1892.94	7.618
1897.96	7.618
1902.98	7.618
1907.99	7.618
1913.01	7.618
1918.02	7.618
1923.03	7.617
1928.05	7.617
1933.06	7.617
1938.08	7.617
1943.09	7.616
1948.11	7.617
1953.12	7.616
1958.14	7.616
1963.15	7.616
1968.17	7.615
1973.18	7.615
1978.19	7.615
1983.20	7.614
1988.22	7.614
1993.23	7.614
1998.25	7.614
2003.26	7.614
2008.27	7.614
2013.29	7.614
2018.30	7.613
2023.32	7.613
2028.33	7.613
2033.35	7.613
2038.36	7.612
2043.38	7.612
2048.39	7.612
2053.41	7.612
2058.42	7.611
2063.43	7.611
2068.45	7.611
2073.46	7.611
2078.47	7.611
2083.48	7.611
2088.49	7.610
2093.50	7.610
2098.52	7.610
2103.53	7.610
2108.54	7.610
2113.55	7.610
2118.56	7.609
2123.57	7.609
2128.58	7.609
2133.60	7.609
2138.61	7.609
2143.62	7.608
2148.64	7.608
2153.66	7.608
2158.67	7.608
2163.69	7.608
2168.70	7.607
2173.71	7.607
2178.72	7.607
2183.74	7.607
2188.75	7.607
2193.76	7.607
2198.77	7.606
2203.78	7.606
2208.79	7.606
2213.81	7.606
2218.82	7.606
2223.83	7.605
2228.85	7.605
2233.86	7.605
2238.88	7.605
2243.89	7.605
2248.90	7.604
2253.92	7.604
2258.93	7.604
2263.95	7.604
2268.96	7.604
2273.98	7.603
2278.99	7.603
2284.01	7.603
2289.02	7.603
2294.04	7.602
2299.05	7.602
2304.07	7.602
2309.08	7.602
2314.09	7.601
2319.11	7.601
2324.12	7.601
2329.13	7.601
2334.15	7.600
2339.17	7.600
2344.18	7.600
2349.19	7.600
2354.21	7.600
2359.22	7.599
2364.23	7.599
2369.25	7.599
2374.27	7.599
2379.28	7.599
2384.29	7.599
2389.31	7.599
2394.32	7.598
2399.34	7.598
2404.36	7.598
2409.37	7.598
2414.38	7.597
2419.40	7.598
2424.41	7.597
2429.42	7.597
2434.43	7.597
2439.45	7.596
2444.46	7.596
2449.47	7.596
2454.49	7.596
2459.50	7.596
2464.51	7.596
2469.52	7.595
2474.53	7.595
2479.55	7.595
2484.57	7.595
2489.58	7.594
2494.60	7.594
2499.61	7.594
2504.62	7.594
2509.64	7.594
2514.65	7.593
2519.67	7.593
2524.68	7.593
2529.70	7.593
2534.71	7.593
2539.72	7.592
2544.74	7.592
2549.75	7.592
2554.77	7.592
2559.78	7.592
2564.79	7.592
2569.80	7.591
2574.82	7.591
2579.83	7.591
2584.84	7.591
2589.85	7.590
2594.87	7.590
2599.88	7.590
2604.90	7.590
2609.91	7.590
2614.93	7.590
2619.94	7.589
2624.95	7.589
2629.97	7.589
2634.98	7.589
2640.00	7.589
2645.01	7.588
2650.03	7.588
2655.04	7.588
2660.06	7.588
2665.07	7.588
2670.09	7.587
2675.10	7.587
2680.11	7.587
2685.13	7.587
2690.14	7.587
2695.16	7.586
2700.17	7.586
2705.18	7.586
2710.20	7.586
2715.21	7.586
2720.22	7.585
2725.23	7.585
2730.25	7.585
2735.26	7.585
2740.28	7.585
2745.29	7.584
2750.31	7.584
2755.32	7.584
2760.34	7.584
2765.35	7.584
2770.37	7.583
2775.38	7.583
2780.40	7.583
2785.41	7.583
2790.42	7.582
2795.44	7.582
2800.45	7.582
2805.46	7.582
2810.47	7.582
2815.48	7.581
2820.49	7.581
2825.51	7.581
2830.52	7.581
2835.54	7.581
2840.55	7.580
2845.57	7.580
2850.58	7.580
2855.59	7.580
2860.61	7.580
2865.62	7.579
2870.64	7.579
2875.65	7.579
2880.67	7.579
2885.68	7.579
2890.70	7.579
2895.71	7.578
2900.72	7.578
2905.74	7.578
2910.75	7.578
2915.77	7.578
2920.78	7.577
2925.80	7.577
2930.81	7.577
2935.83	7.576
2940.84	7.576
2945.85	7.576
2950.87	7.576
2955.88	7.576
2960.90	7.576
2965.91	7.576
2970.93	7.575
2975.94	7.575
2980.95	7.575
2985.97	7.575
2990.98	7.575
2996.00	7.574
3001.01	7.574
3006.03	7.574
3011.04	7.574
3016.06	7.573
3021.07	7.573
3026.08	7.573
3031.10	7.573
3036.11	7.573
3041.13	7.572
3046.14	7.572
3051.16	7.572
3056.17	7.572
3061.18	7.572
3066.19	7.571
3071.20	7.571
3076.21	7.571
3081.23	7.571
3086.24	7.571
3091.25	7.570
3096.26	7.570
3101.28	7.570
3106.29	7.570
3111.31	7.570
3116.32	7.569
3121.33	7.569
3126.35	7.569
3131.37	7.569
3136.38	7.569
3141.40	7.568
3146.41	7.568
3151.42	7.568
3156.44	7.568
3161.45	7.568
3166.47	7.567
3171.48	7.567
3176.50	7.567
3181.51	7.567
3186.53	7.566
3191.54	7.566
3196.55	7.566
3201.57	7.566
3206.59	7.566
3211.60	7.565
3216.62	7.565
3221.63	7.565
3226.64	7.565
3231.66	7.565
3236.68	7.564
3241.69	7.564
3246.70	7.564
3251.72	7.564
3256.73	7.564
3261.75	7.563
3266.76	7.563
3271.77	7.563
3276.79	7.563
3281.80	7.563
3286.82	7.562
3291.83	7.562
3296.85	7.562
3301.86	7.562
3306.87	7.562
3311.89	7.561
3316.90	7.561
3321.92	7.561
3326.93	7.561
3331.94	7.561
3336.96	7.560
3341.97	7.560
3346.99	7.560
3352.00	7.559
3357.02	7.559
3362.03	7.559
3367.04	7.559
3372.06	7.559
3377.07	7.559
3382.09	7.558
3387.10	7.558
3392.12	7.558
3397.13	7.558
3402.15	7.558
3407.16	7.557
3412.17	7.557
3417.19	7.557
3422.21	7.557
3427.22	7.557
3432.24	7.556
3437.25	7.556
3442.26	7.556
3447.28	7.556
3452.29	7.556
3457.31	7.555
3462.32	7.555
3467.33	7.555
3472.35	7.555
3477.37	7.555
3482.38	7.554
3487.39	7.554
3492.41	7.554
3497.42	7.554
3502.44	7.553
3507.45	7.553
3512.46	7.553
3517.48	7.553
3522.49	7.553
3527.51	7.552
3532.52	7.552
3537.54	7.552
3542.55	7.552
3547.57	7.552
3552.58	7.551
3557.59	7.551
3562.61	7.551
3567.62	7.551
3572.64	7.550
3577.65	7.550
3582.67	7.550
3587.68	7.550
3592.69	7.549
3597.71	7.549
3602.73	7.549
3607.74	7.549
3612.76	7.549
3617.77	7.549
3622.78	7.548
3627.80	7.548
3632.81	7.548
3637.83	7.548
3642.85	7.548
3647.86	7.547
3652.88	7.547
3657.89	7.547
3662.91	7.547
3667.92	7.546
3672.94	7.546
3677.95	7.546
3682.96	7.546
3687.98	7.545
3692.99	7.545
3698.01	7.545
3703.02	7.545
3708.04	7.545
3713.05	7.544
3718.07	7.544
3723.08	7.544
3728.09	7.544
3733.11	7.544
3738.12	7.543
3743.14	7.543
3748.15	7.543
3753.16	7.543
3758.18	7.542
3763.20	7.542
3768.21	7.542
3773.22	7.542
3778.23	7.541
3783.24	7.541
3788.26	7.541
3793.28	7.541
3798.29	7.541
3803.30	7.541
3808.32	7.540
3813.33	7.540
3818.34	7.540
3823.35	7.540
3828.36	7.540
3833.38	7.539
3838.39	7.539
3843.40	7.539
3848.42	7.539
3853.43	7.538
3858.44	7.538
3863.46	7.538
3868.47	7.537
3873.49	7.538
3878.50	7.537
3883.52	7.537
3888.53	7.536
3893.55	7.536
3898.56	7.536
3903.58	7.536
3908.59	7.536
3913.60	7.536
3918.61	7.535
3923.62	7.536
3928.64	7.535
3933.65	7.535
3938.66	7.535
3943.67	7.534
3948.68	7.534
3953.69	7.534
3958.71	7.534
3963.72	7.533
3968.73	7.533
3973.74	7.533
3978.75	7.533
3983.76	7.532
3988.78	7.532
3993.79	7.532
3998.80	7.532
4003.81	7.532
4008.82	7.531
4013.83	7.531
4018.85	7.531
4023.86	7.531
4028.87	7.530
4033.88	7.530
4038.89	7.530
4043.90	7.530
4048.91	7.529
4053.93	7.529
4058.94	7.529
4063.95	7.529
4068.96	7.528
4073.97	7.528
4078.98	7.528
4084.00	7.528
4089.01	7.528
4094.02	7.527
4099.03	7.527
4104.04	7.527
4109.05	7.527
4114.06	7.526
4119.08	7.526
4124.09	7.526
4129.10	7.526
4134.11	7.526
4139.12	7.525
4144.14	7.525
4149.16	7.525
4154.17	7.525
4159.18	7.525
4164.20	7.524
4169.21	7.524
4174.23	7.524
4179.24	7.524
4184.25	7.523
4189.27	7.523
4194.29	7.523
4199.30	7.522
4204.31	7.522
4209.33	7.522
4214.34	7.522
4219.36	7.522
4224.37	7.521
4229.38	7.521
4234.39	7.521
4239.40	7.521
4244.42	7.521
4249.43	7.520
4254.44	7.520
4259.45	7.520
4264.47	7.519
4269.48	7.519
4274.50	7.519
4279.51	7.519
4284.53	7.519
4289.54	7.518
4294.55	7.518
4299.56	7.518
4304.57	7.518
4309.58	7.517
4314.60	7.517
4319.61	7.517
4324.62	7.517
4329.63	7.517
4334.64	7.516
4339.65	7.516
4344.66	7.516
4349.68	7.516
4354.69	7.515
4359.71	7.515
4364.72	7.515
4369.74	7.515
4374.75	7.515
4379.77	7.514
4384.78	7.514
4389.79	7.514
4394.81	7.514
4399.82	7.513
4404.84	7.513
4409.85	7.513
4414.86	7.513
4419.88	7.513
4424.89	7.512
4429.91	7.512
4434.93	7.512
4439.94	7.511
4444.95	7.511
4449.97	7.511
4454.98	7.510
4459.99	7.510
4465.01	7.510
4470.02	7.510
4475.04	7.509
4480.05	7.509
4485.07	7.509
4490.08	7.509
4495.10	7.508
4500.11	7.508
4505.13	7.508
4510.14	7.508
4515.16	7.507
4520.17	7.507
4525.19	7.507
4530.20	7.507
4535.21	7.507
4540.23	7.506
4545.24	7.506
4550.26	7.506
4555.27	7.506
4560.29	7.505
4565.30	7.505
4570.32	7.505
4575.33	7.505
4580.35	7.504
4585.36	7.504
4590.38	7.504
4595.39	7.504
4600.41	7.504
4605.42	7.503
4610.44	7.503
4615.45	7.503
4620.47	7.503
4625.48	7.503
4630.49	7.502
4635.51	7.502
4640.52	7.502
4645.54	7.502
4650.55	7.501
4655.56	7.501
4660.58	7.501
4665.59	7.501
4670.61	7.500
4675.62	7.500
4680.64	7.500
4685.65	7.500
4690.67	7.500
4695.68	7.499
4700.70	7.499
4705.71	7.499
4710.72	7.499
4715.74	7.498
4720.76	7.498
4725.77	7.498
4730.78	7.498
4735.80	7.498
4740.82	7.497
4745.83	7.497
4750.85	7.497
4755.86	7.497
4760.88	7.496
4765.89	7.496
4770.90	7.496
4775.92	7.495
4780.93	7.495
4785.95	7.495
4790.96	7.495
4795.97	7.495
4800.99	7.494
4806.00	7.494
4811.02	7.494
4816.03	7.494
4821.05	7.494
4826.06	7.493
4831.08	7.493
4836.09	7.493
4841.10	7.492
4846.12	7.492
4851.13	7.492
4856.15	7.492
4861.16	7.491
4866.18	7.491
4871.19	7.491
4876.20	7.491
4881.22	7.491
4886.23	7.490
4891.25	7.490
4896.26	7.490
4901.27	7.490
4906.29	7.489
4911.30	7.489
4916.32	7.489
4921.33	7.489
4926.35	7.489
4931.36	7.488
4936.38	7.488
4941.39	7.488
4946.40	7.488
4951.42	7.487
4956.43	7.487
4961.45	7.487
4966.46	7.487
4971.47	7.486
4976.49	7.486
4981.50	7.486
4986.52	7.486
4991.53	7.485
4996.55	7.485
5001.56	7.485
5006.58	7.484
5011.59	7.484
5016.60	7.484
5021.61	7.484
5026.63	7.484
5031.64	7.483
5036.65	7.483
5041.66	7.483
5046.67	7.482
5051.69	7.482
5056.70	7.482
5061.71	7.482
5066.72	7.482
5071.74	7.481
5076.75	7.481
5081.76	7.481
5086.78	7.481
5091.79	7.481
5096.81	7.480
5101.82	7.480
5106.84	7.480
5111.85	7.480
5116.87	7.479
5121.88	7.479
5126.89	7.479
5131.91	7.479
5136.92	7.478
5141.93	7.478
5146.95	7.477
5151.97	7.477
5156.98	7.477
5161.99	7.477
5167.01	7.477
5172.02	7.477
5177.04	7.476
5182.05	7.476
5187.07	7.476
5192.08	7.476
5197.10	7.475
5202.12	7.475
5207.13	7.475
5212.15	7.475
5217.16	7.474
5222.18	7.474
5227.19	7.474
5232.20	7.474
5237.22	7.473
5242.23	7.473
5247.25	7.473
5252.26	7.473
5257.27	7.473
5262.29	7.472
5267.30	7.472
5272.32	7.472
5277.33	7.472
5282.35	7.471
5287.36	7.471
5292.38	7.471
5297.39	7.471
5302.40	7.470
5307.42	7.470
5312.43	7.470
5317.45	7.470
5322.46	7.469
5327.48	7.469
5332.49	7.469
5337.51	7.469
5342.52	7.468
5347.53	7.468
5352.55	7.468
5357.56	7.468
5362.58	7.467
5367.59	7.467
5372.61	7.467
5377.62	7.466
5382.63	7.466
5387.65	7.466
5392.66	7.466
5397.68	7.466
5402.69	7.465
5407.71	7.465
5412.72	7.465
5417.74	7.465
5422.75	7.464
5427.76	7.464
5432.78	7.464
5437.79	7.463
5442.81	7.463
5447.82	7.463
5452.84	7.463
5457.85	7.462
5462.87	7.462
5467.88	7.462
5472.89	7.461
5477.91	7.461
5482.93	7.461
5487.94	7.461
5492.96	7.461
5497.97	7.460
5502.98	7.460
5508.00	7.460
5513.02	7.460
5518.03	7.460
5523.05	7.459
5528.06	7.459
5533.07	7.459
5538.09	7.458
5543.10	7.458
5548.12	7.458
5553.13	7.458
5558.14	7.457
5563.16	7.457
5568.18	7.457
5573.19	7.456
5578.20	7.456
5583.21	7.456
5588.22	7.456
5593.24	7.456
5598.25	7.455
5603.27	7.455
5608.28	7.455
5613.30	7.455
5618.31	7.454
5623.32	7.454
5628.34	7.453
5633.35	7.453
5638.37	7.453
5643.39	7.453
5648.40	7.453
5653.41	7.453
5658.42	7.452
5663.44	7.452
5668.45	7.452
5673.46	7.451
5678.47	7.451
5683.49	7.451
5688.50	7.451
5693.52	7.451
5698.53	7.450
5703.56	7.450
5708.57	7.450
5713.58	7.449
5718.60	7.449
5723.61	7.449
5728.62	7.448
5733.64	7.448
5738.65	7.448
5743.66	7.448
5748.68	7.447
5753.69	7.447
5758.71	7.447
5763.72	7.447
5768.74	7.447
5773.75	7.446
5778.77	7.446
5783.78	7.446
5788.80	7.445
5793.81	7.445
5798.82	7.445
5803.84	7.445
5808.85	7.444
5813.87	7.444
5818.88	7.444
5823.90	7.444
5828.91	7.443
5833.93	7.443
5838.94	7.443
5843.96	7.442
5848.97	7.442
5853.99	7.442
5859.00	7.442
5864.01	7.441
5869.03	7.441
5874.04	7.441
5879.06	7.441
5884.07	7.440
5889.08	7.440
5894.10	7.440
5899.12	7.439
5904.13	7.439
5909.15	7.439
5914.16	7.438
5919.17	7.438
5924.19	7.438
5929.20	7.438
5934.22	7.437
5939.23	7.437
5944.25	7.437
5949.26	7.437
5954.27	7.437
5959.29	7.437
5964.30	7.436
5969.32	7.436
5974.33	7.435
5979.35	7.435
5984.36	7.435
5989.38	7.435
5994.39	7.435
5999.41	7.434
6004.42	7.434
6009.44	7.434
6014.45	7.434
6019.47	7.434
6024.48	7.433
6029.50	7.433
6034.51	7.433
6039.52	7.433
6044.54	7.432
6049.55	7.432
6054.57	7.431
6059.58	7.431
6064.60	7.431
6069.61	7.431
6074.62	7.431
6079.64	7.430
6084.65	7.430
6089.67	7.430
6094.68	7.429
6099.69	7.429
6104.71	7.429
6109.72	7.429
6114.74	7.429
6119.75	7.429
6124.77	7.428
6129.78	7.428
6134.80	7.428
6139.81	7.427
6144.82	7.427
6149.84	7.427
6154.86	7.426
6159.87	7.426
6164.88	7.426
6169.90	7.426
6174.92	7.426
6179.93	7.425
6184.95	7.425
6189.96	7.425
6194.97	7.425
6199.99	7.424
6205.00	7.424
6210.02	7.424
6215.03	7.424
6220.05	7.424
6225.06	7.423
6230.07	7.423
6235.09	7.423
6240.11	7.423
6245.12	7.422
6250.14	7.422
6255.15	7.422
6260.16	7.422
6265.18	7.421
6270.19	7.421
6275.20	7.421
6280.22	7.421
6285.24	7.421
6290.25	7.420
6295.27	7.420
6300.28	7.420
6305.29	7.419
6310.31	7.419
6315.32	7.419
6320.33	7.419
6325.35	7.419
6330.36	7.419
6335.38	7.419
6340.39	7.418
6345.41	7.418
6350.42	7.418
6355.43	7.418
6360.45	7.418
6365.46	7.417
6370.48	7.417
6375.50	7.417
6380.52	7.417
6385.53	7.416
6390.54	7.416
6395.56	7.416
6400.57	7.416
6405.59	7.416
6410.60	7.415
6415.62	7.415
6420.63	7.415
6425.65	7.415
6430.66	7.415
6435.69	7.415
6440.70	7.414
6445.71	7.414
6450.73	7.414
6455.74	7.414
6460.75	7.413
6465.76	7.413
6470.77	7.413
6475.78	7.413
6480.79	7.413
6485.81	7.413
6490.82	7.413
6495.83	7.413
6500.85	7.412
6505.86	7.412
6510.88	7.412
6515.89	7.412
6520.90	7.412
6525.92	7.411
6530.93	7.411
6535.95	7.411
6540.97	7.411
6545.98	7.411
6550.99	7.410
6556.01	7.410
6561.02	7.410
6566.03	7.410
6571.05	7.410
6576.07	7.409
6581.08	7.409
6586.10	7.409
6591.11	7.409
6596.12	7.409
6601.14	7.409
6606.15	7.409
6611.17	7.408
6616.18	7.408
6621.20	7.408
6626.21	7.408
6631.22	7.408
6636.24	7.407
6641.25	7.407
6646.27	7.407
6651.28	7.407
6656.30	7.407
6661.31	7.407
6666.32	7.407
6671.34	7.407
6676.35	7.406
6681.37	7.406
6686.38	7.406
6691.39	7.406
6696.41	7.406
6701.42	7.405
6706.44	7.405
6711.45	7.405
6716.47	7.405
6721.48	7.405
6726.49	7.405
6731.50	7.405
6736.51	7.405
6741.52	7.404
6746.53	7.404
6751.55	7.404
6756.56	7.404
6761.57	7.404
6766.59	7.404
6771.60	7.404
6776.62	7.404
6781.63	7.404
6786.64	7.403
6791.66	7.403
6796.67	7.403
6801.68	7.403
6806.70	7.403
6811.72	7.403
6816.73	7.402
6821.74	7.402
6826.76	7.402
6831.77	7.402
6836.79	7.402
6841.80	7.402
6846.82	7.401
6851.83	7.401
6856.85	7.401
6861.86	7.401
6866.88	7.401
6871.89	7.401
6876.90	7.401
6881.92	7.401
6886.93	7.400
6891.95	7.400
6896.96	7.400
6901.98	7.400
6906.99	7.400
6912.01	7.400
6917.02	7.400
6922.04	7.399
6927.05	7.399
6932.06	7.399
6937.08	7.399
6942.10	7.399
6947.11	7.399
6952.12	7.399
6957.14	7.399
6962.15	7.399
6967.17	7.398
6972.18	7.398
6977.20	7.398
6982.21	7.398
6987.23	7.398
6992.24	7.398
6997.26	7.398
7002.27	7.398
7007.28	7.398
7012.30	7.398
7017.31	7.397
7022.33	7.397
7027.34	7.397
7032.36	7.397
7037.37	7.397
7042.38	7.397
7047.40	7.397
7052.41	7.396
7057.43	7.396
7062.44	7.396
7067.46	7.396
7072.47	7.396
7077.49	7.396
7082.50	7.396
7087.52	7.396
7092.53	7.395
7097.54	7.395
7102.56	7.395
7107.57	7.395
7112.59	7.395
7117.60	7.395
7122.61	7.395
7127.62	7.395
7132.64	7.395
7137.65	7.395
7142.66	7.394
7147.67	7.394
7152.68	7.394
7157.69	7.394
7162.70	7.394
7167.72	7.394
7172.73	7.394
7177.74	7.393
7182.75	7.393
7187.76	7.394
7192.77	7.393
7197.79	7.393
7202.80	7.393
7207.81	7.393
7212.82	7.393
7217.83	7.393
7222.84	7.393
7227.86	7.393
7232.87	7.393
7237.88	7.393
7242.89	7.393
7247.90	7.393
7252.91	7.392
7257.92	7.392
7262.94	7.392
7267.95	7.392
7272.97	7.392
7277.98	7.392
7283.00	7.392
7288.01	7.391
7293.03	7.391
7298.04	7.391
7303.06	7.391
7308.07	7.391
7313.09	7.391
7318.10	7.391
7323.12	7.391
7328.13	7.391
7333.14	7.391
7338.15	7.391
7343.17	7.391
7348.18	7.390
7353.19	7.390
7358.20	7.390
7363.21	7.390
7368.22	7.390
7373.24	7.390
7378.25	7.390
7383.26	7.390
7388.27	7.390
7393.28	7.389
7398.30	7.389
7403.31	7.389
7408.32	7.389
7413.33	7.389
7418.34	7.389
7423.36	7.389
7428.37	7.389
7433.38	7.389
7438.39	7.389
7443.40	7.388
7448.41	7.389
7453.42	7.388
7458.44	7.388
7463.45	7.388
7468.46	7.388
7473.47	7.388
7478.48	7.388
7483.49	7.388
7488.51	7.388
7493.52	7.388
7498.53	7.388
7503.54	7.387
7508.55	7.387
7513.56	7.387
7518.57	7.387
7523.59	7.387
7528.60	7.387
7533.61	7.387
7538.62	7.387
7543.63	7.386
7548.64	7.386
7553.66	7.386
7558.67	7.386
7563.68	7.386
7568.69	7.386
7573.70	7.386
7578.71	7.386
7583.72	7.386
7588.74	7.386
7593.75	7.385
7598.76	7.386
7603.77	7.386
7608.78	7.385
7613.79	7.386
7618.81	7.385
7623.82	7.385
7628.83	7.385
7633.84	7.385
7638.85	7.385
7643.86	7.385
7648.88	7.385
7653.89	7.385
7658.90	7.385
7663.91	7.385
7668.92	7.385
7673.93	7.384
7678.94	7.384
7683.96	7.384
7688.97	7.384
7693.98	7.384
7698.99	7.384
7704.00	7.384
7709.01	7.384
7714.03	7.383
7719.04	7.383
7724.05	7.383
7729.06	7.383
7734.07	7.383
7739.08	7.383
7744.10	7.383
7749.11	7.383
7754.12	7.383
7759.14	7.383
7764.15	7.383
7769.17	7.383
7774.18	7.382
7779.20	7.382
7784.21	7.382
7789.22	7.382
7794.24	7.382
7799.26	7.382
7804.27	7.382
7809.29	7.382
7814.30	7.382
7819.31	7.382
7824.32	7.381
7829.34	7.382
7834.35	7.381
7839.36	7.381
7844.37	7.381
7849.38	7.381
7854.39	7.381
7859.41	7.381
7864.42	7.381
7869.44	7.381
7874.45	7.380
7879.46	7.380
7884.47	7.380
7889.48	7.380
7894.49	7.380
7899.51	7.380
7904.52	7.380
7909.53	7.380
7914.55	7.380
7919.56	7.380
7924.57	7.380
7929.58	7.380
7934.60	7.380
7939.61	7.379
7944.62	7.379
7949.63	7.379
7954.65	7.379
7959.66	7.379
7964.68	7.379
7969.69	7.379
7974.70	7.379
7979.71	7.379
7984.72	7.379
7989.74	7.379
7994.75	7.379
7999.76	7.378
8004.77	7.378
8009.78	7.378
8014.79	7.378
8019.80	7.378
8024.82	7.378
8029.83	7.378
8034.84	7.378
8039.85	7.378
8044.86	7.378
8049.87	7.377
8054.88	7.377
8059.90	7.378
8064.91	7.377
8069.92	7.377
8074.93	7.377
8079.94	7.377
8084.95	7.377
8089.97	7.377
8094.98	7.377
8099.99	7.377
8105.00	7.377
8110.01	7.377
8115.02	7.377
8120.03	7.377
8125.05	7.376
8130.06	7.376
8135.07	7.376
8140.08	7.376
8145.09	7.376
8150.10	7.376
8155.11	7.376
8160.13	7.376
8165.14	7.376
8170.15	7.376
8175.16	7.375
8180.17	7.375
8185.18	7.375
8190.19	7.375
8195.21	7.375
8200.22	7.375
8205.23	7.375
8210.24	7.375
8215.25	7.375
8220.26	7.375
8225.28	7.375
8230.29	7.375
8235.30	7.374
8240.31	7.375
8245.32	7.374
8250.33	7.374
8255.34	7.374
8260.36	7.374
8265.37	7.374
8270.38	7.374
8275.39	7.374
8280.40	7.374
8285.41	7.374
8290.43	7.373
8295.44	7.373
8300.45	7.373
8305.46	7.373
8310.47	7.373
8315.48	7.373
8320.49	7.373
8325.51	7.373
8330.52	7.373
8335.53	7.373
8340.54	7.373
8345.55	7.372
8350.56	7.372
8355.58	7.372
8360.59	7.373
8365.60	7.372
8370.61	7.372
8375.62	7.372
8380.63	7.372
8385.64	7.372
8390.66	7.372
8395.67	7.372
8400.68	7.371
8405.69	7.371
8410.70	7.371
8415.71	7.371
8420.73	7.371
8425.74	7.371
8430.75	7.371
8435.76	7.371
8440.77	7.371
8445.78	7.371
8450.79	7.371
8455.81	7.371
8460.82	7.370
8465.83	7.370
8470.84	7.370
8475.85	7.370
8480.86	7.370
8485.88	7.370
8490.89	7.370
8495.90	7.370
8500.91	7.370
8505.92	7.370
8510.93	7.370
8515.94	7.370
8520.96	7.370
8525.97	7.369
8530.98	7.369
8535.99	7.369
8541.00	7.369
8546.01	7.369
8551.03	7.369
8556.04	7.369
8561.05	7.369
8566.06	7.369
8571.07	7.369
8576.08	7.369
8581.09	7.369
8586.11	7.368
8591.12	7.368
8596.13	7.368
8601.14	7.368
8606.15	7.368
8611.16	7.368
8616.18	7.368
8621.19	7.368
8626.21	7.368
8631.22	7.368
8636.24	7.368
8641.25	7.367
8646.27	7.367
8651.28	7.367
8656.29	7.367
8661.31	7.367
8666.32	7.367
8671.34	7.367
8676.35	7.367
8681.36	7.366
8686.37	7.366
8691.39	7.366
8696.40	7.366
8701.41	7.366
8706.42	7.366
8711.43	7.366
8716.44	7.366
8721.46	7.366
8726.47	7.366
8731.48	7.366
8736.49	7.366
8741.51	7.365
8746.52	7.365
8751.54	7.365
8756.55	7.365
8761.57	7.365
8766.58	7.365
8771.60	7.365
8776.61	7.365
8781.63	7.365
8786.64	7.365
8791.65	7.365
8796.67	7.364
8801.68	7.364
8806.69	7.364
8811.71	7.364
8816.73	7.364
8821.74	7.364
8826.76	7.364
8831.77	7.364
8836.78	7.364
8841.80	7.364
8846.81	7.364
8851.83	7.363
8856.84	7.363
8861.85	7.363
8866.87	7.363
8871.88	7.363
8876.90	7.363
8881.91	7.363
8886.93	7.363
8891.94	7.363
8896.96	7.363
8901.97	7.362
8906.99	7.362
8912.00	7.362
8917.01	7.362
8922.03	7.362
8927.04	7.362
8932.05	7.362
8937.07	7.362
8942.09	7.362
8947.10	7.362
8952.12	7.362
8957.13	7.362
8962.14	7.361
8967.16	7.361
8972.17	7.361
8977.19	7.361
8982.20	7.361
8987.21	7.361
8992.23	7.361
8997.24	7.361
9002.26	7.360
9007.27	7.360
9012.29	7.360
9017.30	7.360
9022.32	7.360
9027.33	7.360
9032.35	7.360
9037.36	7.360
9042.37	7.360
9047.39	7.360
9052.40	7.359
9057.42	7.359
9062.43	7.359
9067.45	7.359
9072.46	7.359
9077.47	7.359
9082.49	7.359
9087.50	7.359
9092.52	7.359
9097.53	7.359
9102.54	7.358
9107.56	7.358
9112.58	7.358
9117.59	7.358
9122.61	7.358
9127.62	7.358
9132.63	7.358
9137.65	7.358
9142.66	7.358
9147.68	7.358
9152.69	7.358
9157.70	7.357
9162.72	7.357
9167.73	7.357
9172.74	7.357
9177.75	7.357
9182.76	7.357
9187.77	7.357
9192.78	7.357
9197.80	7.357
9202.81	7.357
9207.82	7.357
9212.84	7.356
9217.85	7.356
9222.86	7.356
9227.88	7.356
9232.89	7.356
9237.91	7.356
9242.93	7.356
9247.94	7.356
9252.96	7.356
9257.97	7.355
9262.99	7.355
9268.00	7.355
9273.01	7.355
9278.03	7.355
9283.04	7.355
9288.06	7.355
9293.07	7.355
9298.09	7.355
9303.10	7.354
9308.12	7.354
9313.13	7.354
9318.15	7.354
9323.16	7.354
9328.17	7.354
9333.19	7.354
9338.20	7.354
9343.22	7.354
9348.23	7.354
9353.25	7.354
9358.26	7.353
9363.28	7.353
9368.29	7.353
9373.30	7.353
9378.32	7.353
9383.33	7.353
9388.35	7.353
9393.36	7.353
9398.37	7.353
9403.39	7.352
9408.40	7.353
9413.42	7.352
9418.43	7.352
9423.45	7.352
9428.46	7.352
9433.48	7.352
9438.49	7.352
9443.50	7.352
9448.52	7.351
9453.53	7.351
9458.55	7.351
9463.56	7.351
9468.58	7.351
9473.59	7.351
9478.61	7.351
9483.62	7.351
9488.63	7.351
9493.65	7.351
9498.66	7.350
9503.68	7.350
9508.69	7.350
9513.71	7.350
9518.72	7.350
9523.74	7.350
9528.75	7.350
9533.76	7.350
9538.78	7.350
9543.79	7.350
9548.81	7.350
9553.82	7.349
9558.84	7.349
9563.85	7.349
9568.86	7.349
9573.88	7.349
9578.89	7.349
9583.91	7.349
9588.92	7.349
9593.93	7.348
9598.95	7.348
9603.96	7.348
9608.98	7.348
9613.99	7.348
9619.01	7.348
9624.03	7.347
9629.04	7.347
9634.06	7.347
9639.07	7.347
9644.08	7.347
9649.10	7.347
9654.11	7.347
9659.13	7.347
9664.14	7.347
9669.15	7.347
9674.17	7.346
9679.18	7.346
9684.20	7.346
9689.21	7.346
9694.23	7.346
9699.24	7.346
9704.25	7.346
9709.27	7.345
9714.28	7.345
9719.30	7.345
9724.31	7.345
9729.33	7.345
9734.35	7.345
9739.36	7.345
9744.38	7.345
9749.39	7.344
9754.40	7.345
9759.42	7.344
9764.43	7.344
9769.44	7.344
9774.46	7.344
9779.48	7.344
9784.49	7.344
9789.50	7.344
9794.52	7.343
9799.53	7.343
9804.55	7.343
9809.56	7.343
9814.57	7.342
9819.59	7.342
9824.60	7.342
9829.62	7.342
9834.63	7.342
9839.64	7.342
9844.66	7.342
9849.67	7.342
9854.69	7.342
9859.70	7.341
9864.71	7.341
9869.73	7.341
9874.74	7.341
9879.76	7.341
9884.77	7.341
9889.78	7.341
9894.80	7.340
9899.82	7.340
9904.83	7.340
9909.84	7.340
9914.86	7.340
9919.87	7.340
9924.89	7.339
9929.90	7.339
9934.93	7.339
9939.94	7.339
9944.96	7.339
9949.97	7.339
9954.98	7.339
9960.00	7.338
9965.01	7.338
9970.03	7.338
9975.04	7.338
9980.06	7.338
9985.07	7.338
9990.09	7.338
9995.10	7.338
10000.12	7.337
10005.13	7.338
10010.15	7.337
10015.16	7.337
10020.18	7.337
10025.19	7.337
10030.21	7.337
10035.22	7.336
10040.24	7.336
10045.25	7.336
10050.27	7.335
10055.28	7.335
10060.30	7.335
10065.31	7.335
10070.33	7.335
10075.34	7.335
10080.36	7.334
10085.37	7.334
10090.39	7.334
10095.40	7.334
10100.41	7.334
10105.43	7.334
10110.44	7.333
10115.46	7.333
10120.47	7.333
10125.49	7.333
10130.50	7.333
10135.51	7.333
10140.53	7.332
10145.54	7.333
10150.56	7.332
10155.57	7.332
10160.59	7.332
10165.60	7.331
10170.61	7.331
10175.62	7.331
10180.64	7.331
10185.65	7.331
10190.66	7.331
10195.68	7.331
10200.69	7.330
10205.71	7.330
10210.72	7.330
10215.74	7.330
10220.75	7.329
10225.77	7.329
10230.78	7.329
10235.80	7.329
10240.81	7.329
10245.82	7.328
10250.84	7.328
10255.85	7.328
10260.87	7.328
10265.88	7.328
10270.90	7.328
10275.91	7.327
10280.93	7.327
10285.94	7.327
10290.95	7.327
10295.97	7.326
10300.98	7.326
10306.00	7.326
10311.01	7.326
10316.03	7.326
10321.04	7.325
10326.06	7.325
10331.07	7.325
10336.09	7.325
10341.10	7.324
10346.12	7.324
10351.13	7.324
10356.15	7.324
10361.16	7.324
10366.18	7.324
10371.19	7.323
10376.21	7.323
10381.22	7.323
10386.23	7.323
10391.25	7.322
10396.26	7.322
10401.28	7.322
10406.29	7.322
10411.31	7.321
10416.32	7.321
10421.33	7.321
10426.35	7.321
10431.36	7.320
10436.38	7.320
10441.39	7.320
10446.41	7.320
10451.42	7.319
10456.44	7.319
10461.45	7.319
10466.47	7.318
10471.48	7.318
10476.49	7.318
10481.51	7.318
10486.52	7.318
10491.54	7.317
10496.55	7.317
10501.57	7.317
10506.58	7.316
10511.60	7.316
10516.61	7.316
10521.63	7.316
10526.64	7.315
10531.65	7.315
10536.67	7.315
10541.68	7.315
10546.69	7.314
10551.71	7.314
10556.72	7.314
10561.73	7.314
10566.75	7.313
10571.76	7.313
10576.77	7.313
10581.78	7.313
10586.79	7.312
10591.80	7.312
10596.82	7.312
10601.83	7.311
10606.84	7.311
10611.85	7.311
10616.86	7.310
10621.87	7.310
10626.88	7.310
10631.90	7.310
10636.91	7.309
10641.92	7.309
10646.93	7.309
10651.94	7.308
10656.95	7.308
10661.97	7.308
10666.98	7.307
10671.99	7.307
10677.00	7.307
10682.01	7.307
10687.02	7.306
10692.03	7.306
10697.05	7.305
10702.06	7.305
10707.07	7.305
10712.08	7.304
10717.09	7.304
10722.10	7.304
10727.12	7.303
10732.13	7.303
10737.14	7.303
10742.16	7.303
10747.17	7.302
10752.19	7.302
10757.20	7.301
10762.21	7.301
10767.23	7.301
10772.24	7.300
10777.26	7.300
10782.27	7.300
10787.29	7.299
10792.30	7.299
10797.32	7.298
10802.33	7.298
10807.35	7.297
10812.36	7.297
10817.37	7.297
10822.39	7.296
10827.40	7.296
10832.42	7.296
10837.43	7.295
10842.45	7.295
10847.46	7.295
10852.48	7.294
10857.50	7.294
10862.51	7.294
10867.53	7.293
10872.54	7.293
10877.56	7.292
10882.57	7.292
10887.59	7.291
10892.60	7.291
10897.62	7.290
10902.63	7.290
10907.65	7.290
10912.66	7.289
10917.68	7.289
10922.69	7.288
10927.71	7.288
10932.72	7.287
10937.74	7.287
10942.75	7.287
10947.76	7.286
10952.78	7.286
10957.79	7.285
10962.81	7.285
10967.82	7.285
10972.83	7.284
10977.84	7.283
10982.86	7.283
10987.87	7.283
10992.89	7.282
10997.90	7.282
11002.92	7.281
11007.93	7.281
11012.95	7.280
11017.96	7.280
11022.97	7.279
11027.98	7.279
11032.99	7.278
11038.01	7.278
11043.02	7.277
11048.04	7.277
11053.05	7.277
11058.07	7.276
11063.08	7.275
11068.10	7.275
11073.11	7.275
11078.12	7.274
11083.14	7.274
11088.15	7.273
11093.17	7.272
11098.18	7.272
11103.20	7.272
11108.22	7.271
11113.23	7.270
11118.24	7.270
11123.25	7.269
11128.26	7.269
11133.27	7.268
11138.29	7.268
11143.30	7.267
11148.31	7.267
11153.32	7.266
11158.33	7.266
11163.34	7.265
11168.35	7.265
11173.37	7.264
11178.38	7.263
11183.39	7.263
11188.40	7.262
11193.41	7.262
11198.42	7.261
11203.43	7.261
11208.45	7.260
11213.46	7.259
11218.47	7.259
11223.48	7.258
11228.50	7.258
11233.51	7.257
11238.52	7.256
11243.54	7.256
11248.55	7.255
11253.56	7.255
11258.58	7.254
11263.59	7.253
11268.61	7.253
11273.62	7.252
11278.64	7.252
11283.65	7.251
11288.67	7.250
11293.68	7.250
11298.69	7.249
11303.71	7.249
11308.72	7.248
11313.74	7.247
11318.75	7.247
11323.77	7.246
11328.78	7.246
11333.79	7.245
11338.81	7.245
11343.82	7.244
11348.83	7.243
11353.84	7.243
11358.86	7.242
11363.87	7.241
11368.88	7.241
11373.89	7.240
11378.90	7.239
11383.91	7.239
11388.92	7.238
11393.94	7.237
11398.95	7.237
11403.96	7.236
11408.97	7.235
11413.98	7.235
11419.00	7.234
11424.01	7.234
11429.02	7.233
11434.03	7.232
11439.04	7.232
11444.05	7.231
11449.07	7.230
11454.08	7.230
11459.09	7.229
11464.10	7.228
11469.12	7.228
11474.13	7.227
11479.14	7.226
11484.15	7.225
11489.16	7.225
11494.18	7.224
11499.19	7.223
11504.20	7.223
11509.21	7.222
11514.22	7.221
11519.23	7.221
11524.25	7.220
11529.26	7.220
11534.27	7.219
11539.28	7.218
11544.29	7.218
11549.30	7.217
11554.31	7.216
11559.33	7.215
11564.34	7.215
11569.35	7.214
11574.36	7.213
11579.37	7.212
11584.38	7.212
11589.40	7.211
11594.41	7.210
11599.42	7.209
11604.43	7.209
11609.44	7.208
11614.45	7.207
11619.46	7.207
11624.47	7.206
11629.49	7.205
11634.50	7.204
11639.51	7.204
11644.52	7.203
11649.54	7.202
11654.55	7.202
11659.56	7.201
11664.57	7.200
11669.58	7.199
11674.59	7.199
11679.60	7.198
11684.62	7.197
11689.63	7.196
11694.64	7.195
11699.65	7.195
11704.66	7.194
11709.67	7.194
11714.69	7.193
11719.70	7.192
11724.71	7.191
11729.72	7.191
11734.73	7.190
11739.74	7.189
11744.76	7.189
11749.77	7.188
11754.78	7.187
11759.79	7.186
11764.80	7.185
11769.81	7.185
11774.82	7.184
11779.84	7.183
11784.85	7.182
11789.86	7.181
11794.87	7.181
11799.88	7.180
11804.90	7.179
11809.91	7.178
11814.92	7.178
11819.93	7.177
11824.94	7.176
11829.95	7.176
11834.96	7.175
11839.98	7.174
11844.99	7.173
11850.00	7.172
11855.01	7.172
11860.02	7.171
11865.03	7.170
11870.05	7.170
11875.06	7.169
11880.07	7.168
11885.08	7.167
11890.09	7.166
11895.10	7.165
11900.11	7.165
11905.13	7.164
11910.14	7.163
11915.15	7.162
11920.16	7.162
11925.17	7.161
11930.18	7.160
11935.20	7.159
11940.21	7.158
11945.22	7.158
11950.23	7.157
11955.24	7.156
11960.25	7.155
11965.26	7.155
11970.28	7.154
11975.29	7.153
11980.30	7.152
11985.31	7.151
11990.32	7.151
11995.33	7.150
12000.35	7.149
12005.36	7.148
12010.37	7.147
12015.38	7.147
12020.39	7.146
12025.40	7.145
12030.42	7.144
12035.43	7.143
12040.44	7.142
12045.45	7.142
12050.46	7.141
12055.47	7.140
12060.48	7.139
12065.50	7.138
12070.51	7.138
12075.52	7.137
12080.53	7.136
12085.54	7.135
12090.55	7.134
12095.57	7.133
12100.58	7.133
12105.59	7.132
12110.60	7.131
12115.61	7.130
12120.62	7.129
12125.64	7.129
12130.65	7.128
12135.66	7.127
12140.67	7.126
12145.68	7.125
12150.69	7.124
12155.70	7.124
12160.72	7.123
12165.73	7.122
12170.74	7.121
12175.75	7.120
12180.76	7.119
12185.77	7.119
12190.79	7.118
12195.80	7.117
12200.81	7.116
12205.82	7.115
12210.83	7.114
12215.84	7.113
12220.86	7.112
12225.87	7.111
12230.88	7.111
12235.89	7.110
12240.90	7.109
12245.91	7.108
12250.93	7.107
12255.94	7.106
12260.95	7.106
12265.96	7.105
12270.97	7.104
12275.98	7.103
12280.99	7.102
12286.02	7.102
12291.03	7.101
12296.05	7.100
12301.06	7.099
12306.08	7.098
12311.09	7.097
12316.11	7.096
12321.12	7.095
12326.14	7.095
12331.15	7.094
12336.16	7.093
12341.18	7.092
12346.19	7.091
12351.20	7.090
12356.21	7.089
12361.22	7.088
12366.23	7.087
12371.25	7.087
12376.26	7.086
12381.27	7.085
12386.28	7.084
12391.29	7.083
12396.30	7.082
12401.32	7.082
12406.33	7.080
12411.34	7.080
12416.36	7.079
12421.37	7.078
12426.39	7.077
12431.40	7.076
12436.42	7.075
12441.43	7.074
12446.45	7.073
12451.46	7.072
12456.47	7.071
12461.48	7.071
12466.50	7.070
12471.51	7.069
12476.52	7.068
12481.53	7.067
12486.55	7.066
12491.56	7.065
12496.57	7.064
12501.58	7.063
12506.59	7.062
12511.60	7.062
12516.62	7.061
12521.63	7.060
12526.64	7.059
12531.65	7.058
12536.66	7.057
12541.68	7.056
12546.69	7.055
12551.71	7.054
12556.73	7.053
12561.74	7.052
12566.76	7.051
12571.77	7.050
12576.78	7.049
12581.79	7.049
12586.81	7.048
12591.82	7.047
12596.83	7.046
12601.84	7.045
12606.86	7.044
12611.87	7.043
12616.89	7.042
12621.90	7.041
12626.91	7.040
12631.93	7.039
12636.94	7.038
12641.96	7.037
12646.97	7.036
12651.98	7.036
12657.00	7.035
12662.02	7.033
12667.03	7.033
12672.05	7.032
12677.06	7.031
12682.08	7.030
12687.09	7.029
12692.10	7.028
12697.12	7.027
12702.13	7.026
12707.15	7.025
12712.17	7.024
12717.18	7.023
12722.20	7.022
12727.21	7.021
12732.23	7.020
12737.24	7.019
12742.26	7.018
12747.27	7.017
12752.28	7.016
12757.30	7.015
12762.31	7.014
12767.32	7.013
12772.34	7.012
12777.35	7.011
12782.36	7.010
12787.37	7.009
12792.39	7.008
12797.40	7.008
12802.41	7.007
12807.43	7.005
12812.45	7.004
12817.46	7.003
12822.47	7.002
12827.49	7.001
12832.50	7.000
12837.52	6.999
12842.53	6.999
12847.55	6.998
12852.56	6.996
12857.57	6.996
12862.59	6.994
12867.60	6.993
12872.62	6.992
12877.63	6.992
12882.64	6.990
12887.66	6.989
12892.67	6.989
12897.68	6.987
12902.70	6.986
12907.72	6.985
12912.73	6.984
12917.74	6.983
12922.76	6.982
12927.77	6.981
12932.78	6.980
12937.80	6.979
12942.81	6.978
12947.82	6.977
12952.84	6.976
12957.85	6.975
12962.86	6.974
12967.87	6.973
12972.88	6.972
12977.89	6.971
12982.91	6.970
12987.92	6.969
12992.93	6.968
12997.94	6.967
13002.95	6.966
13007.96	6.965
13012.98	6.964
13018.00	6.963
13023.01	6.962
13028.03	6.961
13033.04	6.960
13038.05	6.959
13043.07	6.958
13048.08	6.957
13053.10	6.955
13058.11	6.954
13063.13	6.953
13068.14	6.952
13073.15	6.951
13078.16	6.950
13083.18	6.949
13088.19	6.948
13093.21	6.947
13098.22	6.946
13103.24	6.945
13108.25	6.944
13113.27	6.942
13118.28	6.942
13123.29	6.941
13128.31	6.939
13133.33	6.938
13138.34	6.937
13143.35	6.936
13148.36	6.935
13153.37	6.934
13158.39	6.933
13163.40	6.932
13168.42	6.931
13173.43	6.930
13178.45	6.929
13183.46	6.928
13188.48	6.926
13193.49	6.925
13198.50	6.924
13203.52	6.923
13208.53	6.922
13213.54	6.921
13218.55	6.920
13223.56	6.919
13228.57	6.918
13233.59	6.917
13238.60	6.915
13243.62	6.914
13248.63	6.913
13253.64	6.912
13258.66	6.911
13263.68	6.910
13268.69	6.909
13273.70	6.908
13278.71	6.907
13283.72	6.906
13288.74	6.904
13293.75	6.903
13298.77	6.902
13303.78	6.901
13308.79	6.900
13313.81	6.899
13318.82	6.898
13323.84	6.897
13328.85	6.896
13333.87	6.894
13338.88	6.893
13343.89	6.892
13348.91	6.891
13353.92	6.890
13358.94	6.888
13363.95	6.887
13368.97	6.886
13373.98	6.885
13378.99	6.884
13384.00	6.883
13389.01	6.882
13394.03	6.881
13399.04	6.880
13404.06	6.878
13409.07	6.877
13414.09	6.876
13419.10	6.875
13424.12	6.874
13429.13	6.872
13434.15	6.871
13439.16	6.870
13444.17	6.869
13449.19	6.868
13454.20	6.867
13459.22	6.865
13464.23	6.864
13469.24	6.863
13474.26	6.862
13479.27	6.861
13484.29	6.860
13489.30	6.858
13494.31	6.857
13499.33	6.856
13504.35	6.855
13509.36	6.854
13514.37	6.853
13519.39	6.851
13524.40	6.850
13529.42	6.849
13534.43	6.848
13539.44	6.847
13544.46	6.845
13549.47	6.844
13554.48	6.843
13559.50	6.842
13564.51	6.840
13569.53	6.839
13574.54	6.838
13579.56	6.837
13584.57	6.836
13589.59	6.834
13594.60	6.833
13599.61	6.832
13604.63	6.831
13609.64	6.829
13614.66	6.828
13619.67	6.827
13624.69	6.826
13629.70	6.825
13634.72	6.823
13639.73	6.822
13644.74	6.821
13649.76	6.820
13654.77	6.818
13659.79	6.817
13664.80	6.816
13669.82	6.815
13674.83	6.813
13679.85	6.812
13684.86	6.811
13689.88	6.810
13694.89	6.809
13699.90	6.807
13704.92	6.806
13709.93	6.805
13714.95	6.804
13719.96	6.802
13724.98	6.801
13729.99	6.800
13735.00	6.799
13740.02	6.797
13745.03	6.796
13750.05	6.794
13755.06	6.793
13760.08	6.792
13765.10	6.791
13770.11	6.790
13775.13	6.788
13780.14	6.787
13785.16	6.786
13790.17	6.785
13795.19	6.783
13800.20	6.782
13805.21	6.781
13810.23	6.779
13815.24	6.778
13820.26	6.777
13825.27	6.775
13830.29	6.774
13835.30	6.773
13840.32	6.771
13845.33	6.770
13850.34	6.769
13855.36	6.767
13860.37	6.766
13865.39	6.765
13870.40	6.763
13875.42	6.762
13880.43	6.761
13885.45	6.759
13890.46	6.758
13895.47	6.757
13900.49	6.755
13905.50	6.754
13910.51	6.753
13915.53	6.752
13920.55	6.750
13925.56	6.749
13930.58	6.748
13935.59	6.746
13940.60	6.745
13945.62	6.744
13950.63	6.742
13955.64	6.741
13960.66	6.739
13965.67	6.738
13970.69	6.737
13975.70	6.735
13980.72	6.734
13985.73	6.733
13990.75	6.731
13995.76	6.730
14000.78	6.729
14005.79	6.727
14010.80	6.726
14015.81	6.725
14020.82	6.723
14025.83	6.722
14030.85	6.720
14035.86	6.719
14040.87	6.717
14045.89	6.716
14050.90	6.715
14055.92	6.713
14060.93	6.712
14065.94	6.710
14070.96	6.709
14075.97	6.708
14080.98	6.706
14086.00	6.705
14091.01	6.703
14096.03	6.702
14101.05	6.701
14106.06	6.699
14111.07	6.698
14116.09	6.696
14121.10	6.695
14126.12	6.694
14131.13	6.692
14136.14	6.691
14141.16	6.689
14146.17	6.688
14151.19	6.686
14156.20	6.685
14161.21	6.684
14166.23	6.682
14171.24	6.681
14176.26	6.679
14181.27	6.678
14186.29	6.676
14191.30	6.675
14196.32	6.673
14201.34	6.672
14206.35	6.671
14211.36	6.669
14216.38	6.668
14221.39	6.666
14226.42	6.665
14231.43	6.663
14236.45	6.662
14241.46	6.660
14246.48	6.659
14251.49	6.658
14256.50	6.656
14261.52	6.655
14266.53	6.653
14271.55	6.652
14276.56	6.650
14281.58	6.649
14286.59	6.647
14291.61	6.646
14296.62	6.644
14301.64	6.643
14306.65	6.641
14311.67	6.640
14316.68	6.638
14321.69	6.637
14326.71	6.635
14331.72	6.634
14336.74	6.632
14341.75	6.631
14346.77	6.629
14351.78	6.628
14356.80	6.626
14361.81	6.625
14366.82	6.623
14371.84	6.622
14376.85	6.620
14381.87	6.619
14386.88	6.617
14391.89	6.616
14396.91	6.614
14401.93	6.612
14406.94	6.611
14411.95	6.610
14416.97	6.608
14421.98	6.606
14427.00	6.605
14432.01	6.603
14437.03	6.602
14442.04	6.600
14447.06	6.599
14452.07	6.597
14457.09	6.595
14462.11	6.594
14467.12	6.592
14472.13	6.591
14477.15	6.589
14482.17	6.588
14487.18	6.586
14492.20	6.585
14497.21	6.583
14502.23	6.582
14507.25	6.580
14512.26	6.578
14517.27	6.577
14522.29	6.575
14527.30	6.573
14532.32	6.572
14537.33	6.571
14542.35	6.569
14547.36	6.567
14552.37	6.566
14557.39	6.564
14562.40	6.562
14567.42	6.561
14572.43	6.559
14577.44	6.557
14582.45	6.556
14587.47	6.554
14592.48	6.553
14597.50	6.551
14602.51	6.550
14607.52	6.548
14612.54	6.546
14617.55	6.545
14622.57	6.543
14627.58	6.541
14632.60	6.540
14637.61	6.538
14642.62	6.536
14647.64	6.535
14652.65	6.533
14657.66	6.531
14662.68	6.530
14667.69	6.528
14672.70	6.526
14677.71	6.525
14682.72	6.523
14687.73	6.521
14692.75	6.520
14697.76	6.518
14702.77	6.516
14707.78	6.515
14712.79	6.513
14717.80	6.511
14722.81	6.510
14727.83	6.508
14732.84	6.506
14737.85	6.505
14742.87	6.503
14747.88	6.501
14752.90	6.500
14757.91	6.498
14762.92	6.496
14767.93	6.494
14772.94	6.492
14777.95	6.491
14782.96	6.489
14787.98	6.488
14792.99	6.486
14798.00	6.484
14803.01	6.483
14808.02	6.481
14813.03	6.479
14818.05	6.477
14823.06	6.476
14828.07	6.474
14833.08	6.472
14838.09	6.470
14843.10	6.469
14848.12	6.467
14853.13	6.465
14858.14	6.464
14863.15	6.462
14868.16	6.460
14873.17	6.458
14878.19	6.457
14883.20	6.455
14888.21	6.453
14893.22	6.451
14898.23	6.449
14903.24	6.448
14908.25	6.446
14913.26	6.444
14918.27	6.442
14923.27	6.441
14928.28	6.439
14933.29	6.437
14938.30	6.435
14943.31	6.433
14948.32	6.432
14953.32	6.429
14958.33	6.428
14963.34	6.426
14968.35	6.424
14973.36	6.422
14978.37	6.421
14983.38	6.419
14988.38	6.417
14993.39	6.415
14998.40	6.413
15003.41	6.411
15008.42	6.409
15013.43	6.408
15018.44	6.406
15023.45	6.404
15028.45	6.402
15033.46	6.400
15038.47	6.398
15043.48	6.396
15048.49	6.394
15053.50	6.392
15058.51	6.390
15063.51	6.388
15068.52	6.387
15073.53	6.385
15078.54	6.383
15083.55	6.381
15088.56	6.379
15093.56	6.377
15098.57	6.375
15103.58	6.373
15108.59	6.371
15113.60	6.369
15118.61	6.367
15123.62	6.365
15128.62	6.363
15133.63	6.361
15138.64	6.359
15143.65	6.357
15148.66	6.355
15153.67	6.353
15158.68	6.351
15163.68	6.349
15168.69	6.347
15173.70	6.345
15178.71	6.343
15183.72	6.341
15188.73	6.339
15193.73	6.336
15198.74	6.335
15203.75	6.332
15208.76	6.330
15213.77	6.328
15218.78	6.326
15223.79	6.324
15228.79	6.322
15233.80	6.320
15238.81	6.318
15243.82	6.316
15248.83	6.314
15253.84	6.311
15258.85	6.309
15263.85	6.307
15268.86	6.305
15273.88	6.303
15278.89	6.301
15283.89	6.299
15288.90	6.296
15293.91	6.294
15298.92	6.292
15303.93	6.290
15308.94	6.287
15313.95	6.285
15318.95	6.283
15323.96	6.281
15328.97	6.279
15333.98	6.277
15338.99	6.274
15344.00	6.272
15349.01	6.270
15354.01	6.268
15359.02	6.266
15364.03	6.263
15369.04	6.261
15374.05	6.259
15379.06	6.257
15384.07	6.254
15389.08	6.252
15394.08	6.250
15399.09	6.247
15404.10	6.245
15409.11	6.243
15414.12	6.241
15419.13	6.238
15424.14	6.236
15429.14	6.233
15434.15	6.231
15439.16	6.229
15444.17	6.227
15449.18	6.224
15454.19	6.222
15459.20	6.220
15464.21	6.217
15469.22	6.215
15474.23	6.213
15479.24	6.210
15484.24	6.208
15489.25	6.206
15494.26	6.204
15499.27	6.201
15504.28	6.199
15509.29	6.197
15514.30	6.194
15519.30	6.192
15524.31	6.190
15529.32	6.187
15534.33	6.185
15539.34	6.183
15544.35	6.180
15549.35	6.178
15554.37	6.176
15559.38	6.173
15564.38	6.171
15569.39	6.169
15574.40	6.166
15579.41	6.164
15584.42	6.162
15589.43	6.159
15594.44	6.157
15599.44	6.155
15604.45	6.152
15609.46	6.150
15614.47	6.147
15619.48	6.145
15624.49	6.143
15629.49	6.140
15634.50	6.138
15639.51	6.136
15644.52	6.134
15649.53	6.131
15654.54	6.129
15659.54	6.127
15664.55	6.124
15669.56	6.122
15674.57	6.120
15679.58	6.117
15684.59	6.115
15689.60	6.113
15694.60	6.110
15699.61	6.108
15704.62	6.106
15709.63	6.104
15714.64	6.101
15719.65	6.099
15724.66	6.097
15729.67	6.094
15734.67	6.092
15739.68	6.089
15744.69	6.087
15749.70	6.085
15754.71	6.082
15759.72	6.080
15764.72	6.078
15769.73	6.076
15774.74	6.073
15779.75	6.071
15784.76	6.069
15789.77	6.067
15794.77	6.064
15799.78	6.062
15804.79	6.059
15809.80	6.057
15814.81	6.055
15819.82	6.053
15824.83	6.050
15829.83	6.048
15834.84	6.046
15839.85	6.044
15844.86	6.041
15849.87	6.039
15854.88	6.037
15859.89	6.035
15864.89	6.032
15869.90	6.030
15874.91	6.028
15879.92	6.025
15884.93	6.023
15889.94	6.021
15894.95	6.019
15899.95	6.016
15904.96	6.014
15909.97	6.012
15914.98	6.010
15919.99	6.007
15925.00	6.005
15930.01	6.003
15935.02	6.001
15940.02	5.998
15945.03	5.996
15950.04	5.994
15955.05	5.992
15960.06	5.989
15965.07	5.987
15970.08	5.985
15975.08	5.983
15980.09	5.981
15985.10	5.979
15990.11	5.976
15995.12	5.974
16000.13	5.972
