2.51	7.899
7.52	7.899
12.53	7.898
17.54	7.898
22.55	7.898
27.56	7.898
32.57	7.898
37.59	7.898
42.60	7.898
47.61	7.898
52.62	7.898
57.63	7.898
62.64	7.676
67.66	7.683
72.67	7.686
77.68	7.689
82.69	7.691
87.70	7.692
92.71	7.692
97.73	7.693
102.74	7.693
107.75	7.693
112.76	7.693
117.77	7.693
122.78	7.692
127.79	7.692
132.81	7.692
137.82	7.692
142.83	7.691
147.84	7.691
152.85	7.691
157.86	7.690
162.88	7.690
167.89	7.689
172.90	7.689
177.91	7.689
182.93	7.688
187.94	7.688
192.95	7.688
197.96	7.687
202.98	7.687
207.99	7.687
213.00	7.686
218.01	7.686
223.02	7.686
228.03	7.685
233.05	7.685
238.06	7.685
243.07	7.684
248.08	7.684
253.09	7.684
258.10	7.684
263.11	7.683
268.13	7.683
273.14	7.683
278.15	7.682
283.16	7.682
288.17	7.682
293.18	7.681
298.19	7.681
303.21	7.681
308.22	7.681
313.23	7.680
318.24	7.680
323.25	7.680
328.26	7.680
333.28	7.680
338.29	7.679
343.30	7.679
348.31	7.679
353.32	7.679
358.33	7.678
363.34	7.678
368.35	7.678
373.36	7.678
378.37	7.677
383.38	7.677
388.39	7.677
393.41	7.677
398.42	7.677
403.43	7.676
408.44	7.676
413.45	7.676
418.46	7.676
423.48	7.675
428.49	7.675
433.50	7.675
438.51	7.675
443.52	7.675
448.53	7.675
453.55	7.674
458.56	7.674
463.57	7.674
468.58	7.674
473.59	7.673
478.60	7.673
483.62	7.673
488.64	7.673
493.65	7.672
498.67	7.672
503.68	7.672
508.69	7.671
513.70	7.671
518.72	7.671
523.73	7.671
528.74	7.670
533.75	7.670
538.76	7.670
543.77	7.670
548.79	7.670
553.80	7.670
558.81	7.669
563.82	7.669
568.83	7.669
573.84	7.669
578.86	7.669
583.87	7.668
588.88	7.668
593.89	7.668
598.90	7.668
603.91	7.667
608.92	7.667
613.94	7.667
618.95	7.667
623.96	7.666
628.97	7.667
633.98	7.666
638.99	7.666
644.00	7.666
649.02	7.666
654.03	7.665
659.04	7.665
664.05	7.665
669.06	7.665
674.07	7.664
679.09	7.664
684.10	7.664
689.11	7.664
694.12	7.663
699.13	7.663
704.14	7.663
709.15	7.663
714.17	7.663
719.18	7.662
724.19	7.662
729.20	7.662
734.21	7.662
739.22	7.662
744.24	7.661
749.25	7.661
754.26	7.661
759.27	7.660
764.28	7.660
769.29	7.660
774.31	7.660
779.32	7.660
784.33	7.659
789.34	7.659
794.35	7.659
799.36	7.659
804.37	7.659
809.39	7.658
814.40	7.658
819.41	7.658
824.42	7.658
829.43	7.657
834.44	7.657
839.45	7.657
844.46	7.657
849.48	7.656
854.49	7.656
859.51	7.656
864.52	7.655
869.53	7.656
874.55	7.655
879.56	7.655
884.57	7.655
889.59	7.655
894.60	7.654
899.61	7.654
904.62	7.654
909.63	7.654
914.64	7.653
919.66	7.653
924.68	7.653
929.70	7.653
934.71	7.653
939.72	7.653
944.74	7.653
949.75	7.652
954.76	7.652
959.77	7.652
964.78	7.651
969.79	7.651
974.80	7.651
979.82	7.651
984.83	7.651
989.84	7.650
994.85	7.650
999.86	7.650
1004.87	7.650
1009.89	7.650
1014.90	7.649
1019.91	7.649
1024.92	7.649
1029.93	7.649
1034.94	7.649
1039.95	7.648
1044.97	7.648
1049.98	7.648
1054.99	7.648
1060.00	7.648
1065.01	7.647
1070.02	7.647
1075.04	7.647
1080.05	7.647
1085.06	7.647
1090.07	7.647
1095.08	7.646
1100.09	7.646
1105.10	7.646
1110.12	7.646
1115.13	7.645
1120.14	7.645
1125.15	7.645
1130.16	7.645
1135.17	7.645
1140.19	7.644
1145.20	7.644
1150.21	7.644
1155.22	7.644
1160.23	7.643
1165.24	7.643
1170.26	7.643
1175.27	7.643
1180.28	7.643
1185.29	7.642
1190.30	7.642
1195.31	7.642
1200.33	7.642
1205.34	7.642
1210.35	7.641
1215.36	7.641
1220.37	7.641
1225.38	7.641
1230.39	7.641
1235.41	7.640
1240.42	7.640
1245.43	7.640
1250.44	7.640
1255.45	7.640
1260.46	7.639
1265.48	7.639
1270.49	7.639
1275.50	7.639
1280.51	7.638
1285.52	7.638
1290.53	7.638
1295.54	7.638
1300.56	7.638
1305.57	7.637
1310.58	7.637
1315.59	7.637
1320.60	7.637
1325.61	7.637
1330.63	7.637
1335.64	7.636
1340.65	7.636
1345.66	7.636
1350.67	7.636
1355.68	7.635
1360.70	7.635
1365.71	7.635
1370.72	7.635
1375.73	7.635
1380.74	7.635
1385.75	7.634
1390.76	7.634
1395.78	7.634
1400.79	7.633
1405.80	7.633
1410.81	7.633
1415.82	7.633
1420.83	7.633
1425.84	7.633
1430.86	7.633
1435.87	7.632
1440.88	7.632
1445.89	7.632
1450.90	7.632
1455.91	7.631
1460.93	7.631
1465.94	7.631
1470.95	7.631
1475.96	7.630
1480.97	7.630
1485.98	7.630
1491.00	7.630
1496.01	7.630
1501.02	7.629
1506.03	7.629
1511.04	7.629
1516.05	7.629
1521.06	7.629
1526.08	7.628
1531.09	7.628
1536.10	7.628
1541.11	7.628
1546.12	7.628
1551.13	7.627
1556.15	7.627
1561.16	7.627
1566.17	7.626
1571.18	7.626
1576.19	7.626
1581.20	7.626
1586.22	7.626
1591.23	7.626
1596.24	7.625
1601.25	7.625
1606.26	7.625
1611.27	7.624
1616.28	7.625
1621.30	7.624
1626.31	7.624
1631.32	7.624
1636.33	7.624
1641.34	7.624
1646.36	7.623
1651.38	7.623
1656.39	7.623
1661.40	7.623
1666.42	7.622
1671.43	7.622
1676.44	7.622
1681.45	7.622
1686.47	7.621
1691.48	7.621
1696.49	7.621
1701.50	7.621
1706.51	7.621
1711.52	7.620
1716.54	7.620
1721.55	7.620
1726.56	7.620
1731.57	7.620
1736.58	7.620
1741.59	7.619
1746.60	7.619
1751.62	7.619
1756.63	7.619
1761.64	7.618
1766.65	7.618
1771.66	7.618
1776.67	7.618
1781.69	7.618
1786.70	7.617
1791.71	7.617
1796.72	7.617
1801.73	7.617
1806.74	7.617
1811.76	7.616
1816.77	7.616
1821.78	7.616
1826.79	7.616
1831.80	7.615
1836.81	7.615
1841.82	7.615
1846.84	7.615
1851.85	7.615
1856.86	7.614
1861.87	7.614
1866.88	7.614
1871.89	7.614
1876.91	7.614
1881.92	7.613
1886.93	7.613
1891.94	7.613
1896.95	7.613
1901.96	7.613
1906.97	7.613
1911.99	7.612
1917.00	7.612
1922.01	7.612
1927.02	7.612
1932.03	7.612
1937.04	7.611
1942.06	7.611
1947.07	7.611
1952.08	7.611
1957.09	7.611
1962.10	7.610
1967.11	7.610
1972.13	7.610
1977.14	7.610
1982.15	7.609
1987.16	7.609
1992.18	7.609
1997.19	7.609
2002.20	7.609
2007.21	7.609
2012.22	7.608
2017.23	7.608
2022.25	7.608
2027.26	7.608
2032.27	7.608
2037.28	7.607
2042.29	7.607
2047.30	7.607
2052.31	7.607
2057.33	7.607
2062.34	7.606
2067.35	7.606
2072.36	7.606
2077.37	7.606
2082.38	7.606
2087.40	7.605
2092.41	7.605
2097.42	7.605
2102.43	7.605
2107.44	7.605
2112.45	7.604
2117.46	7.604
2122.47	7.604
2127.49	7.604
2132.50	7.603
2137.51	7.603
2142.52	7.603
2147.53	7.603
2152.54	7.603
2157.56	7.603
2162.57	7.602
2167.58	7.602
2172.59	7.602
2177.60	7.602
2182.61	7.601
2187.62	7.601
2192.64	7.601
2197.65	7.601
2202.66	7.600
2207.67	7.600
2212.68	7.600
2217.69	7.600
2222.71	7.600
2227.72	7.599
2232.73	7.599
2237.74	7.599
2242.75	7.599
2247.76	7.599
2252.77	7.599
2257.79	7.599
2262.80	7.598
2267.81	7.598
2272.82	7.598
2277.83	7.598
2282.84	7.597
2287.86	7.597
2292.87	7.597
2297.88	7.597
2302.89	7.597
2307.90	7.597
2312.91	7.596
2317.93	7.596
2322.94	7.596
2327.95	7.596
2332.96	7.596
2337.97	7.595
2342.98	7.595
2347.99	7.595
2353.01	7.595
2358.02	7.594
2363.03	7.594
2368.04	7.594
2373.05	7.594
2378.06	7.594
2383.08	7.594
2388.09	7.593
2393.10	7.593
2398.11	7.593
2403.12	7.593
2408.13	7.592
2413.15	7.592
2418.16	7.592
2423.17	7.592
2428.18	7.592
2433.19	7.591
2438.20	7.591
2443.22	7.591
2448.23	7.591
2453.24	7.591
2458.25	7.590
2463.26	7.590
2468.27	7.590
2473.29	7.590
2478.30	7.590
2483.31	7.590
2488.32	7.589
2493.33	7.589
2498.34	7.589
2503.35	7.589
2508.37	7.588
2513.38	7.588
2518.39	7.588
2523.40	7.588
2528.41	7.588
2533.42	7.587
2538.44	7.587
2543.45	7.587
2548.46	7.587
2553.47	7.587
2558.48	7.587
2563.49	7.586
2568.51	7.586
2573.52	7.586
2578.53	7.586
2583.54	7.586
2588.55	7.586
2593.56	7.585
2598.57	7.585
2603.59	7.585
2608.60	7.585
2613.61	7.584
2618.62	7.584
2623.63	7.584
2628.64	7.584
2633.66	7.584
2638.67	7.584
2643.68	7.583
2648.69	7.583
2653.70	7.583
2658.71	7.583
2663.72	7.582
2668.73	7.582
2673.75	7.582
2678.77	7.582
2683.78	7.582
2688.80	7.581
2693.81	7.581
2698.82	7.581
2703.83	7.581
2708.84	7.581
2713.86	7.581
2718.87	7.580
2723.89	7.580
2728.90	7.580
2733.91	7.580
2738.92	7.580
2743.94	7.579
2748.95	7.579
2753.96	7.579
2758.97	7.579
2763.99	7.579
2769.01	7.578
2774.02	7.578
2779.03	7.578
2784.05	7.578
2789.06	7.578
2794.08	7.577
2799.09	7.577
2804.10	7.577
2809.11	7.577
2814.12	7.577
2819.14	7.576
2824.15	7.576
2829.16	7.576
2834.17	7.576
2839.18	7.576
2844.20	7.575
2849.21	7.575
2854.23	7.575
2859.24	7.575
2864.25	7.575
2869.26	7.574
2874.27	7.574
2879.28	7.574
2884.30	7.574
2889.31	7.574
2894.32	7.573
2899.33	7.573
2904.34	7.573
2909.35	7.573
2914.36	7.573
2919.38	7.573
2924.39	7.572
2929.40	7.572
2934.41	7.572
2939.42	7.571
2944.43	7.571
2949.45	7.571
2954.46	7.571
2959.47	7.570
2964.48	7.570
2969.49	7.570
2974.50	7.570
2979.52	7.570
2984.53	7.569
2989.54	7.569
2994.55	7.569
2999.56	7.569
3004.57	7.569
3009.59	7.569
3014.60	7.569
3019.61	7.568
3024.62	7.568
3029.63	7.568
3034.65	7.568
3039.66	7.567
3044.67	7.567
3049.68	7.567
3054.69	7.567
3059.71	7.566
3064.72	7.566
3069.74	7.566
3074.75	7.566
3079.76	7.566
3084.77	7.566
3089.78	7.565
3094.80	7.565
3099.81	7.565
3104.82	7.565
3109.83	7.565
3114.84	7.564
3119.85	7.564
3124.86	7.564
3129.88	7.564
3134.89	7.563
3139.90	7.563
3144.91	7.563
3149.92	7.563
3154.93	7.563
3159.95	7.562
3164.96	7.562
3169.97	7.562
3174.98	7.562
3179.99	7.561
3185.00	7.561
3190.02	7.561
3195.03	7.561
3200.04	7.561
3205.05	7.560
3210.06	7.560
3215.07	7.560
3220.09	7.560
3225.10	7.560
3230.11	7.559
3235.12	7.559
3240.13	7.559
3245.14	7.559
3250.15	7.559
3255.17	7.558
3260.18	7.558
3265.19	7.558
3270.21	7.558
3275.22	7.558
3280.24	7.557
3285.25	7.557
3290.26	7.557
3295.28	7.557
3300.29	7.556
3305.31	7.556
3310.32	7.556
3315.33	7.556
3320.35	7.556
3325.36	7.555
3330.37	7.555
3335.38	7.555
3340.39	7.555
3345.40	7.554
3350.41	7.554
3355.42	7.554
3360.44	7.554
3365.45	7.554
3370.46	7.553
3375.47	7.553
3380.48	7.553
3385.49	7.553
3390.51	7.553
3395.52	7.552
3400.53	7.552
3405.54	7.552
3410.55	7.552
3415.56	7.552
3420.57	7.551
3425.59	7.551
3430.60	7.551
3435.61	7.551
3440.62	7.550
3445.63	7.550
3450.64	7.550
3455.66	7.550
3460.67	7.550
3465.68	7.549
3470.69	7.549
3475.70	7.549
3480.71	7.549
3485.72	7.549
3490.74	7.549
3495.75	7.548
3500.76	7.548
3505.77	7.548
3510.78	7.548
3515.79	7.547
3520.81	7.547
3525.82	7.547
3530.83	7.547
3535.84	7.547
3540.85	7.546
3545.86	7.546
3550.88	7.546
3555.89	7.546
3560.90	7.545
3565.91	7.545
3570.92	7.545
3575.93	7.544
3580.95	7.544
3585.96	7.544
3590.97	7.544
3595.98	7.544
3600.99	7.544
3606.00	7.543
3611.02	7.543
3616.03	7.543
3621.04	7.543
3626.05	7.543
3631.06	7.542
3636.07	7.542
3641.09	7.542
3646.10	7.542
3651.11	7.542
3656.12	7.541
3661.14	7.541
3666.15	7.541
3671.16	7.540
3676.17	7.540
3681.18	7.540
3686.19	7.540
3691.21	7.539
3696.22	7.539
3701.23	7.539
3706.25	7.539
3711.26	7.539
3716.27	7.539
3721.28	7.538
3726.29	7.538
3731.31	7.538
3736.32	7.538
3741.33	7.537
3746.34	7.537
3751.35	7.537
3756.36	7.537
3761.37	7.536
3766.39	7.536
3771.40	7.536
3776.41	7.536
3781.42	7.535
3786.43	7.535
3791.44	7.535
3796.45	7.535
3801.47	7.535
3806.48	7.534
3811.49	7.534
3816.50	7.534
3821.51	7.534
3826.52	7.533
3831.54	7.533
3836.55	7.533
3841.56	7.533
3846.57	7.533
3851.58	7.532
3856.59	7.532
3861.61	7.532
3866.62	7.532
3871.63	7.531
3876.64	7.531
3881.65	7.531
3886.66	7.531
3891.67	7.530
3896.69	7.530
3901.70	7.530
3906.71	7.530
3911.72	7.530
3916.73	7.529
3921.74	7.529
3926.76	7.529
3931.77	7.529
3936.78	7.528
3941.79	7.528
3946.80	7.528
3951.81	7.528
3956.83	7.528
3961.84	7.528
3966.85	7.527
3971.86	7.527
3976.87	7.527
3981.88	7.526
3986.90	7.526
3991.91	7.526
3996.92	7.526
4001.93	7.526
4006.94	7.525
4011.95	7.525
4016.96	7.525
4021.98	7.524
4026.99	7.524
4032.00	7.524
4037.01	7.524
4042.02	7.524
4047.03	7.524
4052.05	7.523
4057.06	7.523
4062.07	7.523
4067.08	7.522
4072.09	7.522
4077.10	7.522
4082.12	7.522
4087.13	7.521
4092.14	7.521
4097.15	7.521
4102.17	7.521
4107.18	7.521
4112.19	7.520
4117.21	7.520
4122.23	7.520
4127.24	7.520
4132.25	7.520
4137.27	7.519
4142.28	7.519
4147.29	7.519
4152.30	7.518
4157.31	7.518
4162.32	7.518
4167.34	7.518
4172.35	7.518
4177.36	7.517
4182.37	7.517
4187.38	7.517
4192.39	7.516
4197.41	7.516
4202.42	7.516
4207.43	7.516
4212.44	7.516
4217.45	7.515
4222.46	7.515
4227.48	7.515
4232.49	7.515
4237.50	7.515
4242.51	7.514
4247.52	7.514
4252.53	7.514
4257.54	7.513
4262.56	7.513
4267.57	7.513
4272.58	7.513
4277.59	7.512
4282.60	7.512
4287.61	7.512
4292.63	7.512
4297.64	7.512
4302.65	7.512
4307.66	7.511
4312.67	7.511
4317.68	7.511
4322.70	7.510
4327.71	7.510
4332.72	7.510
4337.73	7.510
4342.74	7.509
4347.76	7.509
4352.77	7.509
4357.78	7.509
4362.79	7.508
4367.81	7.508
4372.82	7.508
4377.83	7.508
4382.84	7.508
4387.85	7.508
4392.86	7.507
4397.87	7.507
4402.89	7.507
4407.90	7.506
4412.91	7.506
4417.92	7.506
4422.93	7.506
4427.94	7.505
4432.96	7.505
4437.97	7.505
4442.98	7.505
4447.99	7.504
4453.00	7.504
4458.01	7.504
4463.03	7.504
4468.04	7.504
4473.05	7.503
4478.06	7.503
4483.07	7.503
4488.08	7.503
4493.10	7.502
4498.11	7.502
4503.12	7.502
4508.13	7.502
4513.14	7.501
4518.15	7.501
4523.16	7.501
4528.17	7.501
4533.19	7.500
4538.20	7.500
4543.21	7.500
4548.22	7.500
4553.23	7.500
4558.25	7.499
4563.26	7.499
4568.28	7.499
4573.29	7.499
4578.30	7.498
4583.31	7.498
4588.32	7.498
4593.33	7.498
4598.34	7.498
4603.36	7.497
4608.37	7.497
4613.38	7.497
4618.39	7.497
4623.40	7.496
4628.41	7.496
4633.43	7.496
4638.44	7.496
4643.45	7.495
4648.46	7.495
4653.47	7.495
4658.48	7.494
4663.49	7.494
4668.51	7.494
4673.52	7.494
4678.53	7.494
4683.54	7.494
4688.55	7.494
4693.56	7.493
4698.58	7.493
4703.59	7.493
4708.60	7.492
4713.61	7.492
4718.62	7.492
4723.63	7.492
4728.65	7.492
4733.66	7.491
4738.67	7.491
4743.68	7.490
4748.69	7.490
4753.70	7.490
4758.72	7.490
4763.73	7.490
4768.74	7.490
4773.76	7.489
4778.77	7.489
4783.78	7.489
4788.79	7.488
4793.81	7.488
4798.82	7.488
4803.83	7.488
4808.84	7.488
4813.85	7.487
4818.86	7.487
4823.88	7.487
4828.89	7.487
4833.90	7.486
4838.91	7.486
4843.92	7.486
4848.93	7.486
4853.95	7.485
4858.96	7.485
4863.97	7.485
4868.98	7.485
4873.99	7.484
4879.00	7.484
4884.01	7.484
4889.03	7.484
4894.04	7.484
4899.05	7.483
4904.06	7.483
4909.07	7.483
4914.08	7.483
4919.10	7.482
4924.11	7.482
4929.12	7.482
4934.13	7.482
4939.14	7.481
4944.15	7.481
4949.17	7.481
4954.18	7.481
4959.19	7.480
4964.20	7.480
4969.21	7.480
4974.23	7.480
4979.24	7.480
4984.25	7.479
4989.27	7.479
4994.28	7.479
4999.29	7.478
5004.30	7.478
5009.31	7.478
5014.32	7.478
5019.33	7.478
5024.35	7.477
5029.36	7.477
5034.37	7.477
5039.38	7.477
5044.39	7.476
5049.40	7.476
5054.41	7.476
5059.43	7.476
5064.44	7.475
5069.45	7.475
5074.46	7.475
5079.47	7.475
5084.48	7.474
5089.50	7.474
5094.51	7.474
5099.52	7.474
5104.54	7.473
5109.55	7.473
5114.56	7.473
5119.57	7.472
5124.58	7.472
5129.59	7.472
5134.60	7.472
5139.62	7.472
5144.63	7.471
5149.64	7.471
5154.65	7.471
5159.66	7.471
5164.67	7.471
5169.69	7.470
5174.70	7.470
5179.71	7.470
5184.72	7.470
5189.74	7.469
5194.75	7.469
5199.76	7.469
5204.77	7.469
5209.78	7.469
5214.80	7.468
5219.81	7.468
5224.82	7.468
5229.83	7.467
5234.84	7.467
5239.85	7.467
5244.86	7.467
5249.88	7.467
5254.89	7.466
5259.90	7.466
5264.91	7.466
5269.92	7.465
5274.93	7.465
5279.95	7.465
5284.96	7.465
5289.97	7.465
5294.98	7.464
5299.99	7.464
5305.00	7.464
5310.02	7.463
5315.03	7.463
5320.04	7.463
5325.05	7.462
5330.06	7.462
5335.07	7.462
5340.08	7.462
5345.10	7.462
5350.11	7.461
5355.12	7.461
5360.13	7.461
5365.14	7.461
5370.15	7.461
5375.17	7.460
5380.18	7.460
5385.19	7.460
5390.20	7.459
5395.22	7.459
5400.23	7.459
5405.24	7.458
5410.25	7.458
5415.26	7.458
5420.27	7.458
5425.28	7.458
5430.30	7.457
5435.31	7.457
5440.32	7.456
5445.33	7.457
5450.34	7.456
5455.35	7.456
5460.37	7.456
5465.38	7.455
5470.39	7.455
5475.40	7.455
5480.41	7.455
5485.42	7.455
5490.43	7.454
5495.45	7.454
5500.46	7.453
5505.47	7.453
5510.48	7.453
5515.49	7.453
5520.50	7.453
5525.52	7.452
5530.53	7.452
5535.54	7.452
5540.55	7.452
5545.56	7.451
5550.57	7.451
5555.58	7.451
5560.60	7.451
5565.61	7.450
5570.62	7.450
5575.64	7.450
5580.65	7.449
5585.66	7.449
5590.67	7.449
5595.69	7.449
5600.70	7.448
5605.72	7.448
5610.73	7.448
5615.74	7.448
5620.75	7.447
5625.76	7.447
5630.77	7.447
5635.78	7.447
5640.80	7.446
5645.81	7.446
5650.82	7.446
5655.83	7.446
5660.84	7.445
5665.85	7.445
5670.87	7.445
5675.88	7.444
5680.89	7.444
5685.90	7.444
5690.91	7.443
5695.92	7.443
5700.94	7.443
5705.95	7.443
5710.96	7.443
5715.97	7.443
5720.98	7.442
5725.99	7.442
5731.01	7.442
5736.02	7.441
5741.03	7.441
5746.04	7.441
5751.05	7.441
5756.06	7.440
5761.08	7.440
5766.09	7.440
5771.10	7.439
5776.11	7.439
5781.12	7.439
5786.13	7.439
5791.15	7.438
5796.16	7.438
5801.17	7.438
5806.19	7.438
5811.20	7.437
5816.22	7.437
5821.23	7.437
5826.24	7.436
5831.25	7.436
5836.26	7.436
5841.27	7.436
5846.29	7.436
5851.30	7.436
5856.31	7.435
5861.32	7.435
5866.33	7.435
5871.34	7.435
5876.35	7.434
5881.37	7.434
5886.38	7.434
5891.39	7.434
5896.40	7.433
5901.41	7.433
5906.42	7.433
5911.44	7.432
5916.45	7.432
5921.46	7.432
5926.47	7.432
5931.48	7.431
5936.49	7.431
5941.51	7.431
5946.52	7.431
5951.53	7.430
5956.54	7.430
5961.56	7.430
5966.57	7.430
5971.58	7.429
5976.59	7.429
5981.60	7.429
5986.61	7.428
5991.62	7.428
5996.64	7.428
6001.65	7.428
6006.66	7.428
6011.67	7.427
6016.69	7.427
6021.70	7.427
6026.72	7.426
6031.73	7.426
6036.74	7.426
6041.75	7.426
6046.76	7.426
6051.77	7.425
6056.79	7.425
6061.80	7.425
6066.81	7.425
6071.82	7.424
6076.83	7.424
6081.84	7.424
6086.85	7.424
6091.87	7.423
6096.88	7.423
6101.89	7.423
6106.90	7.423
6111.91	7.423
6116.92	7.422
6121.94	7.422
6126.95	7.422
6131.96	7.422
6136.97	7.421
6141.98	7.421
6146.99	7.421
6152.01	7.421
6157.02	7.421
6162.03	7.420
6167.04	7.420
6172.05	7.420
6177.06	7.420
6182.08	7.419
6187.09	7.419
6192.10	7.419
6197.11	7.419
6202.12	7.418
6207.13	7.418
6212.15	7.418
6217.16	7.418
6222.18	7.418
6227.19	7.417
6232.21	7.417
6237.22	7.417
6242.23	7.417
6247.24	7.416
6252.25	7.416
6257.26	7.416
6262.28	7.416
6267.29	7.416
6272.30	7.415
6277.31	7.415
6282.32	7.415
6287.33	7.415
6292.35	7.415
6297.36	7.414
6302.37	7.414
6307.38	7.414
6312.39	7.414
6317.40	7.414
6322.41	7.413
6327.43	7.413
6332.44	7.413
6337.45	7.413
6342.46	7.412
6347.47	7.412
6352.48	7.412
6357.50	7.412
6362.51	7.412
6367.52	7.411
6372.53	7.411
6377.54	7.411
6382.55	7.411
6387.57	7.411
6392.58	7.411
6397.59	7.411
6402.60	7.410
6407.61	7.410
6412.62	7.410
6417.63	7.410
6422.65	7.410
6427.66	7.409
6432.67	7.409
6437.69	7.409
6442.70	7.409
6447.71	7.409
6452.72	7.409
6457.73	7.408
6462.75	7.408
6467.76	7.408
6472.77	7.408
6477.78	7.408
6482.79	7.407
6487.80	7.407
6492.81	7.407
6497.83	7.407
6502.84	7.407
6507.85	7.407
6512.86	7.406
6517.87	7.406
6522.88	7.406
6527.90	7.406
6532.91	7.406
6537.92	7.405
6542.93	7.405
6547.94	7.405
6552.95	7.405
6557.97	7.405
6562.98	7.405
6567.99	7.405
6573.00	7.405
6578.01	7.404
6583.02	7.404
6588.04	7.404
6593.05	7.404
6598.06	7.404
6603.07	7.403
6608.08	7.403
6613.09	7.403
6618.10	7.403
6623.11	7.403
6628.13	7.403
6633.14	7.403
6638.15	7.402
6643.17	7.402
6648.18	7.402
6653.19	7.402
6658.20	7.402
6663.21	7.402
6668.22	7.402
6673.24	7.401
6678.25	7.401
6683.26	7.401
6688.27	7.401
6693.28	7.401
6698.29	7.401
6703.31	7.401
6708.32	7.400
6713.33	7.400
6718.34	7.400
6723.35	7.400
6728.36	7.400
6733.37	7.400
6738.39	7.399
6743.40	7.399
6748.41	7.399
6753.42	7.399
6758.43	7.399
6763.44	7.399
6768.45	7.399
6773.47	7.399
6778.48	7.399
6783.49	7.398
6788.50	7.398
6793.51	7.398
6798.52	7.398
6803.54	7.398
6808.55	7.398
6813.56	7.398
6818.57	7.398
6823.58	7.397
6828.59	7.397
6833.61	7.397
6838.62	7.397
6843.63	7.397
6848.64	7.397
6853.65	7.396
6858.66	7.397
6863.68	7.396
6868.69	7.396
6873.70	7.396
6878.71	7.396
6883.72	7.396
6888.73	7.396
6893.75	7.396
6898.76	7.396
6903.77	7.395
6908.78	7.395
6913.79	7.395
6918.80	7.395
6923.82	7.395
6928.83	7.395
6933.84	7.394
6938.85	7.394
6943.86	7.394
6948.87	7.394
6953.88	7.394
6958.89	7.394
6963.91	7.394
6968.92	7.394
6973.93	7.394
6978.95	7.393
6983.96	7.394
6988.97	7.393
6993.98	7.393
6998.99	7.393
7004.00	7.393
7009.02	7.393
7014.03	7.393
7019.04	7.393
7024.05	7.393
7029.07	7.392
7034.08	7.392
7039.09	7.392
7044.10	7.392
7049.11	7.392
7054.12	7.392
7059.14	7.392
7064.15	7.392
7069.16	7.392
7074.17	7.392
7079.18	7.392
7084.19	7.391
7089.20	7.391
7094.22	7.391
7099.23	7.391
7104.24	7.391
7109.25	7.391
7114.26	7.391
7119.27	7.391
7124.29	7.391
7129.30	7.391
7134.31	7.390
7139.32	7.390
7144.33	7.390
7149.34	7.390
7154.36	7.390
7159.37	7.390
7164.38	7.390
7169.39	7.390
7174.40	7.389
7179.41	7.389
7184.42	7.389
7189.44	7.389
7194.45	7.389
7199.46	7.389
7204.47	7.389
7209.48	7.389
7214.49	7.389
7219.50	7.389
7224.52	7.389
7229.53	7.389
7234.54	7.388
7239.56	7.388
7244.57	7.388
7249.58	7.388
7254.59	7.388
7259.61	7.388
7264.62	7.388
7269.63	7.388
7274.64	7.388
7279.65	7.388
7284.66	7.387
7289.67	7.387
7294.69	7.387
7299.70	7.387
7304.71	7.387
7309.72	7.387
7314.73	7.387
7319.74	7.387
7324.76	7.387
7329.77	7.387
7334.78	7.386
7339.79	7.386
7344.80	7.386
7349.81	7.386
7354.82	7.386
7359.84	7.386
7364.85	7.386
7369.86	7.386
7374.87	7.386
7379.88	7.386
7384.89	7.385
7389.91	7.385
7394.92	7.385
7399.93	7.385
7404.94	7.385
7409.95	7.385
7414.96	7.385
7419.98	7.385
7424.99	7.385
7430.00	7.385
7435.01	7.385
7440.02	7.384
7445.03	7.384
7450.05	7.384
7455.06	7.384
7460.07	7.384
7465.08	7.384
7470.09	7.384
7475.10	7.383
7480.11	7.383
7485.13	7.383
7490.14	7.383
7495.15	7.383
7500.16	7.383
7505.17	7.383
7510.18	7.383
7515.20	7.383
7520.21	7.383
7525.22	7.383
7530.23	7.382
7535.24	7.382
7540.25	7.382
7545.27	7.382
7550.28	7.382
7555.29	7.382
7560.30	7.382
7565.31	7.382
7570.32	7.382
7575.34	7.381
7580.35	7.381
7585.36	7.381
7590.37	7.381
7595.38	7.381
7600.39	7.381
7605.40	7.381
7610.41	7.381
7615.43	7.381
7620.44	7.381
7625.45	7.381
7630.46	7.381
7635.48	7.381
7640.49	7.381
7645.50	7.380
7650.52	7.380
7655.53	7.380
7660.54	7.380
7665.55	7.380
7670.56	7.380
7675.57	7.380
7680.58	7.380
7685.60	7.380
7690.61	7.380
7695.62	7.379
7700.63	7.379
7705.64	7.379
7710.65	7.379
7715.66	7.379
7720.68	7.379
7725.69	7.379
7730.70	7.379
7735.71	7.378
7740.72	7.379
7745.73	7.378
7750.75	7.378
7755.76	7.378
7760.77	7.378
7765.78	7.378
7770.79	7.378
7775.80	7.378
7780.82	7.378
7785.83	7.378
7790.84	7.378
7795.85	7.378
7800.86	7.378
7805.87	7.377
7810.88	7.378
7815.90	7.377
7820.91	7.377
7825.92	7.377
7830.93	7.377
7835.95	7.377
7840.96	7.377
7845.97	7.377
7850.98	7.377
7855.99	7.377
7861.00	7.377
7866.02	7.376
7871.03	7.376
7876.04	7.376
7881.05	7.376
7886.06	7.376
7891.07	7.376
7896.09	7.376
7901.10	7.376
7906.11	7.376
7911.12	7.376
7916.13	7.376
7921.14	7.376
7926.15	7.376
7931.17	7.376
7936.18	7.376
7941.19	7.375
7946.20	7.375
7951.21	7.375
7956.22	7.375
7961.24	7.375
7966.25	7.375
7971.26	7.374
7976.27	7.374
7981.28	7.374
7986.29	7.374
7991.31	7.374
7996.32	7.374
8001.33	7.374
8006.34	7.374
8011.35	7.374
8016.36	7.374
8021.37	7.374
8026.39	7.374
8031.40	7.374
8036.41	7.374
8041.42	7.373
8046.44	7.374
8051.45	7.373
8056.46	7.373
8061.48	7.373
8066.49	7.373
8071.50	7.373
8076.51	7.373
8081.53	7.373
8086.54	7.373
8091.55	7.373
8096.56	7.372
8101.57	7.372
8106.59	7.372
8111.60	7.372
8116.61	7.372
8121.62	7.372
8126.63	7.372
8131.64	7.372
8136.65	7.372
8141.67	7.372
8146.68	7.372
8151.69	7.372
8156.70	7.372
8161.71	7.372
8166.72	7.371
8171.74	7.371
8176.75	7.371
8181.76	7.371
8186.77	7.371
8191.78	7.371
8196.79	7.371
8201.81	7.371
8206.82	7.371
8211.83	7.371
8216.84	7.371
8221.85	7.371
8226.86	7.370
8231.88	7.370
8236.89	7.370
8241.90	7.370
8246.91	7.370
8251.92	7.370
8256.93	7.370
8261.95	7.370
8266.96	7.370
8271.98	7.370
8276.99	7.370
8282.00	7.369
8287.01	7.369
8292.02	7.369
8297.03	7.369
8302.04	7.369
8307.06	7.369
8312.07	7.369
8317.08	7.369
8322.09	7.369
8327.10	7.369
8332.11	7.368
8337.13	7.369
8342.14	7.369
8347.15	7.369
8352.16	7.368
8357.17	7.368
8362.18	7.368
8367.19	7.368
8372.21	7.368
8377.22	7.368
8382.23	7.368
8387.24	7.368
8392.25	7.368
8397.26	7.368
8402.28	7.367
8407.29	7.367
8412.30	7.367
8417.31	7.367
8422.32	7.367
8427.33	7.367
8432.35	7.367
8437.36	7.367
8442.37	7.367
8447.38	7.366
8452.39	7.367
8457.40	7.366
8462.41	7.366
8467.43	7.366
8472.44	7.366
8477.45	7.366
8482.47	7.366
8487.48	7.366
8492.50	7.366
8497.51	7.366
8502.52	7.366
8507.53	7.365
8512.54	7.365
8517.55	7.365
8522.57	7.365
8527.58	7.365
8532.59	7.365
8537.60	7.365
8542.61	7.365
8547.62	7.365
8552.63	7.365
8557.65	7.365
8562.66	7.365
8567.67	7.365
8572.68	7.364
8577.69	7.364
8582.70	7.364
8587.72	7.364
8592.73	7.364
8597.74	7.364
8602.75	7.364
8607.76	7.364
8612.77	7.364
8617.79	7.364
8622.80	7.364
8627.81	7.364
8632.82	7.363
8637.83	7.363
8642.84	7.363
8647.85	7.363
8652.87	7.363
8657.88	7.363
8662.89	7.363
8667.90	7.363
8672.91	7.363
8677.93	7.363
8682.94	7.362
8687.95	7.363
8692.97	7.362
8697.98	7.362
8703.00	7.362
8708.01	7.362
8713.02	7.362
8718.03	7.362
8723.04	7.362
8728.05	7.362
8733.07	7.362
8738.08	7.362
8743.09	7.362
8748.10	7.361
8753.11	7.361
8758.12	7.361
8763.14	7.361
8768.15	7.361
8773.16	7.361
8778.17	7.361
8783.18	7.361
8788.19	7.361
8793.21	7.360
8798.22	7.360
8803.23	7.360
8808.24	7.360
8813.25	7.360
8818.26	7.360
8823.27	7.360
8828.29	7.360
8833.30	7.360
8838.31	7.360
8843.32	7.360
8848.33	7.360
8853.34	7.359
8858.36	7.359
8863.37	7.359
8868.38	7.359
8873.39	7.359
8878.40	7.359
8883.41	7.359
8888.43	7.359
8893.44	7.359
8898.45	7.358
8903.47	7.358
8908.48	7.358
8913.50	7.358
8918.51	7.358
8923.52	7.358
8928.53	7.358
8933.54	7.358
8938.55	7.358
8943.57	7.358
8948.58	7.358
8953.59	7.357
8958.60	7.357
8963.62	7.357
8968.63	7.357
8973.64	7.357
8978.65	7.357
8983.66	7.357
8988.67	7.357
8993.68	7.357
8998.70	7.356
9003.71	7.356
9008.72	7.356
9013.73	7.356
9018.74	7.356
9023.75	7.356
9028.77	7.356
9033.78	7.356
9038.79	7.356
9043.80	7.356
9048.81	7.356
9053.82	7.355
9058.84	7.355
9063.85	7.355
9068.86	7.355
9073.87	7.355
9078.88	7.355
9083.89	7.355
9088.91	7.355
9093.92	7.355
9098.93	7.355
9103.94	7.354
9108.95	7.355
9113.96	7.354
9118.98	7.354
9123.99	7.354
9129.00	7.354
9134.02	7.354
9139.03	7.354
9144.04	7.354
9149.05	7.354
9154.06	7.353
9159.07	7.353
9164.09	7.353
9169.10	7.353
9174.11	7.353
9179.12	7.353
9184.13	7.353
9189.14	7.353
9194.15	7.353
9199.17	7.353
9204.18	7.353
9209.19	7.353
9214.20	7.352
9219.21	7.352
9224.22	7.352
9229.24	7.352
9234.25	7.352
9239.26	7.352
9244.27	7.352
9249.28	7.352
9254.29	7.352
9259.30	7.352
9264.31	7.351
9269.33	7.351
9274.34	7.351
9279.35	7.351
9284.36	7.351
9289.37	7.351
9294.38	7.351
9299.40	7.351
9304.41	7.350
9309.42	7.350
9314.43	7.350
9319.44	7.350
9324.46	7.350
9329.47	7.350
9334.48	7.350
9339.49	7.350
9344.50	7.350
9349.51	7.350
9354.53	7.349
9359.54	7.349
9364.55	7.349
9369.56	7.349
9374.57	7.349
9379.58	7.349
9384.60	7.349
9389.61	7.349
9394.62	7.349
9399.63	7.348
9404.64	7.348
9409.65	7.348
9414.67	7.348
9419.68	7.348
9424.69	7.348
9429.70	7.348
9434.71	7.348
9439.72	7.348
9444.74	7.348
9449.75	7.347
9454.76	7.347
9459.77	7.347
9464.78	7.347
9469.79	7.347
9474.81	7.347
9479.82	7.347
9484.83	7.347
9489.84	7.346
9494.85	7.346
9499.86	7.346
9504.88	7.346
9509.89	7.346
9514.90	7.346
9519.92	7.346
9524.93	7.346
9529.94	7.346
9534.96	7.346
9539.97	7.346
9544.98	7.345
9549.99	7.345
9555.00	7.345
9560.01	7.345
9565.03	7.345
9570.04	7.345
9575.05	7.344
9580.06	7.344
9585.07	7.344
9590.08	7.344
9595.10	7.344
9600.11	7.344
9605.12	7.344
9610.13	7.344
9615.14	7.343
9620.15	7.343
9625.16	7.343
9630.18	7.343
9635.19	7.343
9640.20	7.343
9645.21	7.343
9650.22	7.343
9655.23	7.342
9660.25	7.342
9665.26	7.342
9670.27	7.342
9675.28	7.342
9680.29	7.341
9685.30	7.341
9690.31	7.341
9695.33	7.341
9700.34	7.341
9705.35	7.341
9710.36	7.341
9715.38	7.341
9720.39	7.341
9725.40	7.341
9730.42	7.341
9735.43	7.340
9740.44	7.340
9745.46	7.340
9750.47	7.340
9755.48	7.340
9760.49	7.340
9765.50	7.340
9770.51	7.339
9775.53	7.339
9780.54	7.339
9785.55	7.339
9790.56	7.339
9795.57	7.339
9800.58	7.339
9805.60	7.339
9810.61	7.339
9815.62	7.338
9820.63	7.338
9825.64	7.338
9830.65	7.338
9835.66	7.338
9840.68	7.338
9845.69	7.337
9850.70	7.337
9855.71	7.337
9860.72	7.337
9865.73	7.337
9870.75	7.337
9875.76	7.336
9880.77	7.336
9885.78	7.336
9890.79	7.336
9895.80	7.336
9900.82	7.336
9905.83	7.336
9910.84	7.335
9915.85	7.335
9920.86	7.335
9925.87	7.335
9930.89	7.335
9935.90	7.335
9940.91	7.334
9945.92	7.334
9950.93	7.334
9955.94	7.334
9960.96	7.334
9965.97	7.334
9970.98	7.333
9975.99	7.333
9981.00	7.333
9986.01	7.333
9991.03	7.333
9996.04	7.333
10001.05	7.332
10006.06	7.332
10011.07	7.332
10016.08	7.332
10021.10	7.332
10026.11	7.332
10031.12	7.332
10036.13	7.332
10041.14	7.331
10046.15	7.331
10051.16	7.331
10056.17	7.331
10061.19	7.331
10066.20	7.331
10071.21	7.330
10076.22	7.330
10081.23	7.330
10086.24	7.329
10091.26	7.329
10096.27	7.329
10101.28	7.329
10106.29	7.329
10111.30	7.329
10116.31	7.329
10121.33	7.328
10126.34	7.328
10131.35	7.328
10136.36	7.328
10141.37	7.328
10146.38	7.328
10151.39	7.327
10156.41	7.327
10161.42	7.327
10166.43	7.326
10171.44	7.326
10176.45	7.326
10181.46	7.326
10186.48	7.326
10191.49	7.326
10196.50	7.325
10201.51	7.325
10206.52	7.325
10211.53	7.325
10216.54	7.325
10221.56	7.325
10226.57	7.324
10231.58	7.324
10236.59	7.324
10241.60	7.324
10246.61	7.324
10251.63	7.323
10256.64	7.323
10261.65	7.323
10266.66	7.323
10271.67	7.322
10276.68	7.322
10281.70	7.322
10286.71	7.322
10291.72	7.322
10296.73	7.321
10301.75	7.321
10306.76	7.321
10311.78	7.321
10316.79	7.320
10321.81	7.320
10326.82	7.320
10331.83	7.320
10336.85	7.320
10341.86	7.319
10346.88	7.319
10351.89	7.319
10356.90	7.319
10361.91	7.319
10366.92	7.318
10371.93	7.318
10376.94	7.318
10381.96	7.317
10386.97	7.317
10391.98	7.317
10396.99	7.317
10402.00	7.316
10407.01	7.316
10412.03	7.316
10417.04	7.316
10422.05	7.316
10427.06	7.315
10432.07	7.315
10437.08	7.315
10442.09	7.314
10447.11	7.314
10452.12	7.314
10457.13	7.314
10462.14	7.313
10467.15	7.313
10472.16	7.313
10477.17	7.312
10482.19	7.312
10487.20	7.312
10492.21	7.312
10497.22	7.311
10502.23	7.311
10507.24	7.311
10512.26	7.310
10517.27	7.310
10522.28	7.310
10527.29	7.309
10532.30	7.309
10537.32	7.309
10542.33	7.309
10547.34	7.309
10552.35	7.308
10557.37	7.308
10562.38	7.308
10567.40	7.307
10572.41	7.307
10577.42	7.307
10582.43	7.307
10587.44	7.306
10592.45	7.306
10597.47	7.306
10602.48	7.305
10607.49	7.305
10612.50	7.304
10617.51	7.304
10622.52	7.304
10627.54	7.304
10632.55	7.303
10637.56	7.303
10642.57	7.303
10647.58	7.302
10652.59	7.302
10657.61	7.302
10662.62	7.301
10667.63	7.301
10672.64	7.301
10677.65	7.300
10682.66	7.300
10687.67	7.300
10692.69	7.299
10697.70	7.299
10702.71	7.299
10707.72	7.298
10712.73	7.298
10717.74	7.298
10722.76	7.297
10727.77	7.297
10732.78	7.297
10737.79	7.296
10742.80	7.296
10747.81	7.295
10752.83	7.295
10757.84	7.295
10762.85	7.294
10767.87	7.294
10772.88	7.294
10777.89	7.293
10782.91	7.293
10787.92	7.292
10792.93	7.292
10797.94	7.292
10802.95	7.291
10807.96	7.291
10812.98	7.291
10817.99	7.290
10823.00	7.290
10828.01	7.289
10833.02	7.289
10838.03	7.289
10843.05	7.288
10848.06	7.288
10853.07	7.287
10858.08	7.287
10863.09	7.286
10868.10	7.286
10873.11	7.286
10878.13	7.285
10883.14	7.285
10888.15	7.284
10893.16	7.284
10898.17	7.284
10903.18	7.283
10908.20	7.283
10913.21	7.282
10918.22	7.282
10923.23	7.281
10928.24	7.281
10933.25	7.280
10938.27	7.280
10943.28	7.279
10948.29	7.279
10953.30	7.279
10958.31	7.278
10963.33	7.278
10968.34	7.277
10973.35	7.277
10978.37	7.276
10983.38	7.276
10988.40	7.275
10993.41	7.275
10998.42	7.274
11003.43	7.274
11008.44	7.273
11013.45	7.273
11018.47	7.272
11023.48	7.272
11028.49	7.272
11033.50	7.271
11038.51	7.270
11043.52	7.270
11048.53	7.269
11053.55	7.269
11058.56	7.268
11063.57	7.268
11068.58	7.267
11073.59	7.266
11078.60	7.266
11083.62	7.266
11088.63	7.265
11093.64	7.265
11098.65	7.264
11103.66	7.264
11108.67	7.263
11113.69	7.263
11118.70	7.262
11123.71	7.262
11128.72	7.261
11133.73	7.260
11138.74	7.260
11143.75	7.259
11148.77	7.259
11153.78	7.258
11158.79	7.258
11163.80	7.257
11168.81	7.257
11173.83	7.256
11178.84	7.255
11183.85	7.254
11188.86	7.254
11193.88	7.254
11198.89	7.253
11203.91	7.252
11208.92	7.252
11213.93	7.251
11218.94	7.251
11223.95	7.250
11228.96	7.249
11233.97	7.249
11238.99	7.248
11244.00	7.248
11249.01	7.247
11254.02	7.247
11259.03	7.246
11264.04	7.245
11269.06	7.245
11274.07	7.244
11279.08	7.243
11284.09	7.243
11289.10	7.242
11294.11	7.242
11299.12	7.241
11304.14	7.240
11309.15	7.240
11314.16	7.239
11319.17	7.238
11324.18	7.238
11329.19	7.237
11334.21	7.237
11339.22	7.236
11344.23	7.235
11349.24	7.235
11354.25	7.234
11359.26	7.233
11364.28	7.233
11369.29	7.232
11374.30	7.231
11379.31	7.231
11384.32	7.230
11389.33	7.230
11394.35	7.229
11399.36	7.228
11404.37	7.227
11409.39	7.227
11414.40	7.226
11419.41	7.226
11424.43	7.225
11429.44	7.224
11434.45	7.223
11439.46	7.223
11444.47	7.222
11449.48	7.221
11454.50	7.221
11459.51	7.220
11464.52	7.219
11469.53	7.219
11474.54	7.218
11479.55	7.217
11484.57	7.217
11489.58	7.216
11494.59	7.215
11499.60	7.215
11504.61	7.214
11509.62	7.213
11514.63	7.213
11519.65	7.212
11524.66	7.211
11529.67	7.211
11534.68	7.210
11539.69	7.209
11544.70	7.208
11549.72	7.208
11554.73	7.207
11559.74	7.206
11564.75	7.206
11569.76	7.205
11574.77	7.204
11579.79	7.204
11584.80	7.203
11589.81	7.202
11594.82	7.201
11599.83	7.201
11604.84	7.200
11609.86	7.199
11614.87	7.199
11619.88	7.198
11624.89	7.197
11629.91	7.196
11634.92	7.196
11639.93	7.195
11644.94	7.194
11649.95	7.193
11654.96	7.193
11659.98	7.192
11664.99	7.191
11670.00	7.190
11675.01	7.190
11680.02	7.189
11685.03	7.188
11690.04	7.188
11695.05	7.187
11700.07	7.186
11705.08	7.185
11710.09	7.185
11715.10	7.184
11720.11	7.183
11725.12	7.182
11730.14	7.182
11735.15	7.181
11740.16	7.180
11745.17	7.179
11750.18	7.179
11755.19	7.178
11760.21	7.177
11765.22	7.176
11770.23	7.175
11775.24	7.175
11780.25	7.174
11785.26	7.173
11790.28	7.172
11795.29	7.172
11800.30	7.171
11805.31	7.170
11810.32	7.169
11815.34	7.169
11820.35	7.168
11825.36	7.167
11830.38	7.166
11835.39	7.166
11840.41	7.165
11845.42	7.164
11850.43	7.163
11855.44	7.162
11860.45	7.162
11865.46	7.161
11870.47	7.160
11875.49	7.159
11880.50	7.159
11885.51	7.158
11890.52	7.157
11895.53	7.156
11900.55	7.156
11905.56	7.155
11910.57	7.154
11915.58	7.153
11920.59	7.152
11925.60	7.152
11930.62	7.151
11935.63	7.150
11940.65	7.149
11945.66	7.148
11950.68	7.148
11955.69	7.147
11960.71	7.146
11965.72	7.145
11970.73	7.144
11975.75	7.143
11980.76	7.143
11985.78	7.142
11990.79	7.141
11995.81	7.140
12000.82	7.139
12005.83	7.139
12010.85	7.138
12015.86	7.137
12020.88	7.136
12025.89	7.135
12030.90	7.134
12035.92	7.134
12040.93	7.133
12045.95	7.132
12050.96	7.131
12055.98	7.131
12060.99	7.130
12066.01	7.129
12071.02	7.128
12076.03	7.127
12081.04	7.126
12086.06	7.125
12091.07	7.125
12096.09	7.124
12101.10	7.123
12106.11	7.122
12111.13	7.121
12116.14	7.120
12121.15	7.120
12126.17	7.119
12131.19	7.118
12136.20	7.117
12141.21	7.116
12146.23	7.116
12151.24	7.115
12156.26	7.114
12161.27	7.113
12166.29	7.112
12171.30	7.111
12176.32	7.110
12181.33	7.110
12186.34	7.109
12191.36	7.108
12196.37	7.107
12201.39	7.106
12206.40	7.105
12211.42	7.105
12216.43	7.104
12221.44	7.103
12226.46	7.102
12231.47	7.101
12236.49	7.100
12241.50	7.099
12246.52	7.098
12251.53	7.098
12256.55	7.097
12261.56	7.096
12266.58	7.095
12271.59	7.094
12276.60	7.094
12281.62	7.093
12286.63	7.092
12291.65	7.091
12296.66	7.090
12301.68	7.089
12306.69	7.088
12311.71	7.087
12316.72	7.086
12321.73	7.085
12326.75	7.085
12331.76	7.084
12336.77	7.083
12341.78	7.082
12346.80	7.081
12351.81	7.080
12356.82	7.079
12361.83	7.079
12366.84	7.078
12371.85	7.077
12376.87	7.076
12381.89	7.075
12386.90	7.074
12391.91	7.073
12396.92	7.072
12401.93	7.071
12406.94	7.070
12411.96	7.069
12416.97	7.068
12421.98	7.068
12427.00	7.067
12432.01	7.066
12437.03	7.065
12442.04	7.064
12447.06	7.063
12452.07	7.062
12457.09	7.061
12462.10	7.060
12467.11	7.059
12472.12	7.059
12477.13	7.058
12482.15	7.057
12487.16	7.056
12492.17	7.055
12497.18	7.054
12502.20	7.053
12507.21	7.052
12512.22	7.051
12517.24	7.050
12522.25	7.049
12527.27	7.049
12532.28	7.047
12537.29	7.047
12542.31	7.046
12547.32	7.045
12552.34	7.044
12557.35	7.043
12562.37	7.042
12567.38	7.041
12572.39	7.040
12577.41	7.039
12582.42	7.038
12587.44	7.037
12592.45	7.036
12597.46	7.035
12602.48	7.035
12607.49	7.034
12612.51	7.033
12617.52	7.032
12622.54	7.031
12627.55	7.030
12632.57	7.029
12637.58	7.028
12642.59	7.027
12647.61	7.026
12652.63	7.025
12657.64	7.024
12662.65	7.023
12667.67	7.022
12672.68	7.021
12677.70	7.020
12682.72	7.019
12687.73	7.018
12692.74	7.017
12697.76	7.016
12702.77	7.015
12707.78	7.014
12712.80	7.013
12717.81	7.012
12722.82	7.011
12727.83	7.010
12732.84	7.009
12737.86	7.008
12742.87	7.008
12747.88	7.007
12752.89	7.006
12757.90	7.004
12762.91	7.003
12767.92	7.002
12772.94	7.001
12777.95	7.000
12782.96	6.999
12787.97	6.998
12792.98	6.998
12797.99	6.997
12803.00	6.996
12808.02	6.995
12813.03	6.994
12818.04	6.993
12823.05	6.992
12828.06	6.991
12833.07	6.990
12838.09	6.989
12843.10	6.987
12848.11	6.986
12853.12	6.986
12858.13	6.984
12863.14	6.984
12868.15	6.983
12873.17	6.981
12878.18	6.981
12883.19	6.980
12888.20	6.979
12893.21	6.978
12898.22	6.977
12903.24	6.975
12908.25	6.974
12913.26	6.973
12918.27	6.972
12923.28	6.971
12928.29	6.970
12933.30	6.969
12938.32	6.968
12943.33	6.967
12948.34	6.966
12953.35	6.965
12958.36	6.964
12963.37	6.963
12968.39	6.962
12973.40	6.961
12978.41	6.960
12983.42	6.958
12988.43	6.957
12993.44	6.957
12998.45	6.956
13003.47	6.955
13008.48	6.953
13013.49	6.952
13018.50	6.952
13023.51	6.950
13028.52	6.949
13033.53	6.948
13038.55	6.947
13043.56	6.946
13048.57	6.945
13053.58	6.944
13058.59	6.943
13063.60	6.942
13068.61	6.941
13073.63	6.940
13078.64	6.939
13083.65	6.937
13088.66	6.937
13093.67	6.935
13098.68	6.934
13103.70	6.933
13108.71	6.932
13113.72	6.931
13118.73	6.930
13123.74	6.929
13128.75	6.928
13133.76	6.927
13138.78	6.926
13143.79	6.925
13148.80	6.924
13153.81	6.922
13158.82	6.921
13163.83	6.920
13168.84	6.919
13173.86	6.918
13178.87	6.917
13183.88	6.916
13188.89	6.915
13193.90	6.914
13198.91	6.913
13203.93	6.911
13208.94	6.910
13213.95	6.909
13218.96	6.908
13223.97	6.907
13228.98	6.906
13234.00	6.905
13239.01	6.904
13244.02	6.903
13249.03	6.902
13254.04	6.900
13259.05	6.899
13264.06	6.898
13269.08	6.897
13274.09	6.896
13279.10	6.895
13284.11	6.894
13289.12	6.892
13294.13	6.891
13299.15	6.890
13304.16	6.889
13309.18	6.888
13314.19	6.887
13319.21	6.886
13324.22	6.885
13329.23	6.883
13334.25	6.882
13339.27	6.881
13344.28	6.880
13349.29	6.879
13354.31	6.878
13359.32	6.876
13364.34	6.875
13369.35	6.874
13374.37	6.873
13379.38	6.872
13384.40	6.871
13389.41	6.869
13394.42	6.868
13399.44	6.867
13404.45	6.866
13409.46	6.865
13414.47	6.864
13419.48	6.862
13424.49	6.861
13429.51	6.860
13434.52	6.859
13439.53	6.858
13444.54	6.856
13449.55	6.855
13454.56	6.854
13459.58	6.853
13464.59	6.852
13469.60	6.851
13474.61	6.849
13479.62	6.848
13484.63	6.847
13489.64	6.846
13494.65	6.845
13499.67	6.843
13504.68	6.842
13509.69	6.841
13514.70	6.840
13519.71	6.839
13524.72	6.837
13529.74	6.836
13534.75	6.835
13539.76	6.834
13544.77	6.833
13549.78	6.831
13554.79	6.830
13559.81	6.829
13564.82	6.828
13569.83	6.827
13574.84	6.825
13579.85	6.824
13584.86	6.823
13589.87	6.821
13594.89	6.820
13599.90	6.819
13604.91	6.818
13609.92	6.817
13614.93	6.815
13619.94	6.814
13624.96	6.813
13629.97	6.812
13634.98	6.810
13639.99	6.809
13645.00	6.808
13650.01	6.807
13655.03	6.806
13660.04	6.804
13665.06	6.803
13670.08	6.802
13675.09	6.800
13680.10	6.799
13685.11	6.798
13690.12	6.797
13695.14	6.796
13700.15	6.794
13705.16	6.793
13710.17	6.792
13715.18	6.790
13720.19	6.789
13725.20	6.788
13730.22	6.787
13735.23	6.785
13740.24	6.784
13745.25	6.783
13750.26	6.781
13755.27	6.780
13760.29	6.779
13765.30	6.778
13770.31	6.776
13775.32	6.775
13780.33	6.774
13785.34	6.772
13790.35	6.771
13795.37	6.770
13800.38	6.768
13805.39	6.767
13810.40	6.766
13815.41	6.764
13820.42	6.763
13825.44	6.762
13830.46	6.761
13835.47	6.759
13840.49	6.758
13845.50	6.757
13850.52	6.755
13855.53	6.754
13860.54	6.753
13865.56	6.751
13870.57	6.750
13875.59	6.749
13880.60	6.748
13885.62	6.746
13890.63	6.745
13895.65	6.743
13900.66	6.742
13905.67	6.741
13910.68	6.739
13915.69	6.738
13920.70	6.737
13925.71	6.735
13930.73	6.733
13935.74	6.732
13940.75	6.731
13945.76	6.730
13950.77	6.728
13955.78	6.727
13960.79	6.726
13965.81	6.725
13970.82	6.723
13975.83	6.722
13980.85	6.720
13985.86	6.719
13990.87	6.717
13995.89	6.716
14000.91	6.715
14005.92	6.713
14010.94	6.712
14015.95	6.710
14020.96	6.709
14025.98	6.708
14030.99	6.706
14036.01	6.705
14041.02	6.704
14046.03	6.702
14051.05	6.701
14056.07	6.699
14061.08	6.698
14066.09	6.696
14071.10	6.695
14076.11	6.694
14081.12	6.692
14086.13	6.691
14091.15	6.689
14096.16	6.688
14101.17	6.687
14106.18	6.685
14111.19	6.684
14116.20	6.682
14121.22	6.681
14126.23	6.680
14131.24	6.678
14136.26	6.677
14141.27	6.675
14146.28	6.674
14151.30	6.672
14156.31	6.671
14161.32	6.670
14166.34	6.668
14171.35	6.667
14176.37	6.665
14181.38	6.663
14186.40	6.662
14191.41	6.661
14196.42	6.659
14201.44	6.658
14206.45	6.656
14211.47	6.655
14216.48	6.653
14221.50	6.652
14226.51	6.650
14231.52	6.649
14236.53	6.647
14241.54	6.646
14246.55	6.644
14251.57	6.643
14256.58	6.641
14261.59	6.640
14266.60	6.639
14271.61	6.637
14276.62	6.635
14281.64	6.634
14286.65	6.632
14291.66	6.631
14296.68	6.629
14301.69	6.628
14306.70	6.626
14311.72	6.625
14316.73	6.623
14321.75	6.622
14326.76	6.620
14331.78	6.619
14336.79	6.617
14341.80	6.616
14346.81	6.614
14351.82	6.613
14356.83	6.611
14361.84	6.610
14366.86	6.608
14371.87	6.606
14376.88	6.605
14381.89	6.603
14386.90	6.602
14391.91	6.601
14396.93	6.599
14401.94	6.598
14406.95	6.596
14411.96	6.594
14416.97	6.593
14421.98	6.591
14427.00	6.590
14432.01	6.588
14437.02	6.587
14442.03	6.585
14447.04	6.584
14452.05	6.582
14457.07	6.580
14462.08	6.579
14467.09	6.577
14472.10	6.575
14477.11	6.574
14482.12	6.572
14487.13	6.571
14492.15	6.569
14497.16	6.568
14502.17	6.566
14507.18	6.564
14512.19	6.563
14517.20	6.561
14522.22	6.560
14527.23	6.558
14532.24	6.557
14537.25	6.555
14542.26	6.553
14547.27	6.551
14552.28	6.550
14557.30	6.548
14562.31	6.546
14567.32	6.545
14572.33	6.543
14577.34	6.542
14582.35	6.540
14587.37	6.538
14592.38	6.537
14597.39	6.535
14602.40	6.534
14607.41	6.532
14612.42	6.530
14617.43	6.529
14622.45	6.527
14627.46	6.525
14632.47	6.523
14637.48	6.522
14642.49	6.520
14647.50	6.519
14652.52	6.517
14657.53	6.516
14662.54	6.514
14667.55	6.512
14672.56	6.510
14677.57	6.509
14682.59	6.507
14687.60	6.505
14692.61	6.504
14697.62	6.502
14702.63	6.500
14707.64	6.499
14712.65	6.497
14717.67	6.495
14722.68	6.494
14727.69	6.492
14732.70	6.490
14737.71	6.489
14742.72	6.487
14747.74	6.485
14752.75	6.483
14757.76	6.482
14762.77	6.480
14767.78	6.478
14772.79	6.476
14777.80	6.475
14782.81	6.473
14787.83	6.471
14792.84	6.469
14797.85	6.468
14802.86	6.466
14807.87	6.464
14812.88	6.462
14817.89	6.461
14822.91	6.459
14827.92	6.457
14832.93	6.456
14837.94	6.454
14842.95	6.452
14847.96	6.450
14852.98	6.448
14857.99	6.447
14863.00	6.445
14868.01	6.443
14873.02	6.441
14878.03	6.440
14883.04	6.438
14888.06	6.436
14893.07	6.434
14898.08	6.432
14903.09	6.431
14908.11	6.429
14913.12	6.427
14918.13	6.425
14923.15	6.423
14928.16	6.421
14933.17	6.419
14938.18	6.418
14943.19	6.416
14948.20	6.414
14953.22	6.412
14958.23	6.410
14963.24	6.409
14968.25	6.407
14973.26	6.405
14978.27	6.403
14983.29	6.401
14988.30	6.399
14993.31	6.397
14998.32	6.396
15003.33	6.394
15008.34	6.392
15013.36	6.390
15018.37	6.388
15023.38	6.386
15028.39	6.384
15033.40	6.382
15038.40	6.381
15043.41	6.379
15048.42	6.377
15053.43	6.375
15058.44	6.373
15063.45	6.371
15068.46	6.369
15073.46	6.367
15078.47	6.365
15083.48	6.363
15088.49	6.361
15093.50	6.359
15098.51	6.357
15103.51	6.355
15108.52	6.353
15113.53	6.351
15118.54	6.349
15123.55	6.347
15128.56	6.345
15133.56	6.343
15138.57	6.341
15143.58	6.339
15148.59	6.337
15153.60	6.335
15158.61	6.333
15163.62	6.331
15168.62	6.329
15173.63	6.326
15178.64	6.324
15183.65	6.322
15188.66	6.320
15193.67	6.318
15198.67	6.316
15203.68	6.314
15208.69	6.312
15213.70	6.309
15218.71	6.307
15223.72	6.305
15228.73	6.303
15233.73	6.301
15238.74	6.299
15243.75	6.297
15248.76	6.295
15253.77	6.292
15258.78	6.290
15263.79	6.288
15268.79	6.286
15273.80	6.284
15278.81	6.281
15283.82	6.279
15288.83	6.277
15293.84	6.275
15298.85	6.272
15303.85	6.270
15308.86	6.268
15313.87	6.266
15318.88	6.263
15323.89	6.261
15328.90	6.259
15333.91	6.257
15338.91	6.254
15343.92	6.252
15348.93	6.250
15353.94	6.247
15358.95	6.245
15363.96	6.243
15368.96	6.240
15373.97	6.238
15378.98	6.236
15383.99	6.234
15389.00	6.231
15394.01	6.229
15399.02	6.227
15404.02	6.224
15409.03	6.222
15414.04	6.220
15419.05	6.218
15424.06	6.215
15429.07	6.213
15434.08	6.211
15439.08	6.208
15444.09	6.206
15449.10	6.204
15454.11	6.201
15459.12	6.199
15464.13	6.197
15469.14	6.194
15474.15	6.192
15479.16	6.190
15484.17	6.187
15489.18	6.185
15494.19	6.183
15499.19	6.180
15504.20	6.178
15509.21	6.176
15514.22	6.173
15519.23	6.171
15524.24	6.169
15529.25	6.166
15534.25	6.164
15539.26	6.162
15544.27	6.159
15549.28	6.157
15554.29	6.155
15559.30	6.152
15564.31	6.150
15569.31	6.148
15574.32	6.145
15579.33	6.143
15584.34	6.141
15589.35	6.138
15594.36	6.136
15599.37	6.134
15604.37	6.131
15609.38	6.129
15614.39	6.127
15619.40	6.124
15624.41	6.122
15629.42	6.119
15634.42	6.117
15639.43	6.115
15644.44	6.113
15649.45	6.110
15654.46	6.108
15659.47	6.106
15664.48	6.103
15669.48	6.101
15674.49	6.099
15679.50	6.097
15684.51	6.094
15689.52	6.092
15694.53	6.089
15699.54	6.087
15704.54	6.085
15709.55	6.083
15714.56	6.080
15719.57	6.078
15724.58	6.075
15729.58	6.073
15734.59	6.071
15739.60	6.069
15744.61	6.066
15749.62	6.064
15754.63	6.062
15759.64	6.060
15764.64	6.057
15769.65	6.055
15774.66	6.053
15779.67	6.050
15784.68	6.048
15789.69	6.046
15794.70	6.043
15799.70	6.041
15804.71	6.039
15809.72	6.036
15814.73	6.034
15819.74	6.032
15824.75	6.030
15829.75	6.027
15834.76	6.025
15839.77	6.023
15844.78	6.021
15849.79	6.018
15854.80	6.016
15859.81	6.014
15864.81	6.012
15869.82	6.009
15874.83	6.007
15879.84	6.005
15884.85	6.003
15889.86	6.000
15894.86	5.998
15899.87	5.996
15904.88	5.994
15909.89	5.991
15914.90	5.989
15919.91	5.987
15924.92	5.985
15929.92	5.983
15934.93	5.980
15939.94	5.978
15944.95	5.976
15949.96	5.974
15954.97	5.972
