0.00	7.915
5.01	7.911
10.02	7.911
15.03	7.911
20.05	7.911
25.06	7.911
30.07	7.911
35.08	7.911
40.10	7.911
45.11	7.911
50.12	7.911
55.13	7.911
60.15	7.692
65.16	7.708
70.18	7.712
75.19	7.714
80.20	7.716
85.21	7.718
90.22	7.718
95.23	7.718
100.24	7.718
105.26	7.718
110.27	7.718
115.28	7.718
120.29	7.718
125.30	7.717
130.31	7.717
135.33	7.717
140.34	7.717
145.35	7.716
150.36	7.716
155.37	7.715
160.38	7.715
165.40	7.715
170.41	7.715
175.42	7.714
180.43	7.714
185.44	7.713
190.45	7.713
195.46	7.713
200.48	7.713
205.49	7.712
210.50	7.712
215.51	7.712
220.52	7.712
225.53	7.711
230.55	7.711
235.56	7.711
240.57	7.710
245.58	7.710
250.59	7.710
255.60	7.709
260.61	7.709
265.63	7.709
270.64	7.708
275.66	7.708
280.67	7.708
285.68	7.707
290.69	7.707
295.70	7.706
300.71	7.706
305.72	7.706
310.74	7.706
315.75	7.706
320.76	7.705
325.77	7.705
330.78	7.705
335.79	7.705
340.81	7.704
345.82	7.704
350.83	7.704
355.84	7.703
360.85	7.703
365.86	7.703
370.87	7.702
375.89	7.702
380.90	7.702
385.91	7.702
390.92	7.702
395.93	7.701
400.94	7.701
405.96	7.701
410.97	7.701
415.98	7.700
420.99	7.700
426.00	7.700
431.01	7.700
436.03	7.699
441.04	7.699
446.05	7.699
451.06	7.699
456.07	7.698
461.08	7.698
466.10	7.698
471.11	7.698
476.12	7.698
481.13	7.698
486.14	7.697
491.15	7.697
496.17	7.697
501.18	7.697
506.19	7.697
511.20	7.696
516.21	7.696
521.22	7.696
526.24	7.696
531.25	7.695
536.26	7.695
541.27	7.695
546.28	7.695
551.29	7.695
556.30	7.695
561.32	7.694
566.33	7.694
571.34	7.694
576.35	7.694
581.36	7.694
586.37	7.693
591.39	7.693
596.40	7.693
601.41	7.693
606.42	7.693
611.43	7.692
616.44	7.692
621.46	7.692
626.47	7.692
631.48	7.691
636.49	7.691
641.50	7.691
646.51	7.691
651.52	7.690
656.54	7.690
661.55	7.690
666.56	7.690
671.57	7.689
676.59	7.689
681.60	7.689
686.61	7.689
691.62	7.688
696.64	7.688
701.65	7.688
706.66	7.688
711.67	7.688
716.68	7.687
721.69	7.687
726.71	7.687
731.72	7.687
736.73	7.686
741.74	7.686
746.75	7.686
751.76	7.686
756.78	7.686
761.79	7.685
766.80	7.685
771.81	7.685
776.82	7.685
781.83	7.685
786.84	7.685
791.86	7.684
796.87	7.684
801.88	7.684
806.89	7.684
811.90	7.684
816.91	7.683
821.92	7.683
826.94	7.683
831.95	7.683
836.96	7.683
841.97	7.682
846.98	7.682
851.99	7.682
857.01	7.682
862.02	7.682
867.03	7.681
872.04	7.681
877.05	7.681
882.06	7.681
887.08	7.680
892.09	7.680
897.10	7.680
902.11	7.680
907.12	7.680
912.13	7.680
917.15	7.679
922.16	7.679
927.17	7.679
932.18	7.679
937.19	7.679
942.20	7.678
947.22	7.678
952.23	7.678
957.24	7.678
962.25	7.678
967.26	7.678
972.27	7.677
977.29	7.677
982.30	7.677
987.31	7.677
992.32	7.676
997.33	7.676
1002.34	7.676
1007.35	7.676
1012.37	7.676
1017.38	7.675
1022.39	7.675
1027.40	7.675
1032.41	7.675
1037.42	7.675
1042.44	7.674
1047.45	7.674
1052.46	7.674
1057.47	7.674
1062.49	7.673
1067.50	7.673
1072.51	7.673
1077.53	7.673
1082.54	7.673
1087.55	7.672
1092.57	7.672
1097.58	7.672
1102.59	7.672
1107.60	7.672
1112.61	7.672
1117.62	7.672
1122.64	7.671
1127.65	7.671
1132.66	7.671
1137.67	7.670
1142.68	7.670
1147.69	7.670
1152.71	7.670
1157.72	7.670
1162.73	7.669
1167.74	7.669
1172.75	7.669
1177.76	7.669
1182.77	7.669
1187.79	7.668
1192.80	7.668
1197.81	7.669
1202.82	7.668
1207.83	7.668
1212.84	7.668
1217.86	7.667
1222.87	7.667
1227.88	7.667
1232.89	7.667
1237.90	7.667
1242.91	7.666
1247.93	7.666
1252.94	7.666
1257.95	7.666
1262.96	7.666
1267.97	7.666
1272.98	7.665
1277.99	7.665
1283.01	7.665
1288.02	7.665
1293.03	7.665
1298.04	7.664
1303.05	7.664
1308.06	7.664
1313.08	7.664
1318.09	7.664
1323.10	7.664
1328.11	7.663
1333.12	7.663
1338.13	7.663
1343.15	7.663
1348.16	7.662
1353.17	7.662
1358.18	7.662
1363.19	7.662
1368.20	7.661
1373.22	7.661
1378.23	7.661
1383.24	7.661
1388.25	7.660
1393.26	7.660
1398.27	7.660
1403.29	7.660
1408.30	7.660
1413.31	7.660
1418.32	7.660
1423.33	7.660
1428.34	7.659
1433.36	7.659
1438.37	7.658
1443.38	7.658
1448.39	7.658
1453.41	7.658
1458.42	7.658
1463.43	7.658
1468.44	7.658
1473.46	7.657
1478.47	7.657
1483.49	7.656
1488.50	7.656
1493.51	7.656
1498.52	7.656
1503.53	7.656
1508.54	7.656
1513.56	7.655
1518.57	7.655
1523.58	7.655
1528.59	7.655
1533.60	7.655
1538.61	7.655
1543.63	7.654
1548.64	7.654
1553.65	7.654
1558.66	7.654
1563.67	7.653
1568.68	7.653
1573.69	7.653
1578.71	7.653
1583.72	7.652
1588.73	7.652
1593.74	7.652
1598.75	7.652
1603.76	7.652
1608.78	7.651
1613.79	7.651
1618.80	7.651
1623.81	7.651
1628.82	7.651
1633.83	7.651
1638.85	7.650
1643.86	7.650
1648.87	7.650
1653.88	7.649
1658.89	7.649
1663.90	7.649
1668.92	7.649
1673.93	7.649
1678.94	7.648
1683.96	7.648
1688.97	7.648
1693.98	7.648
1699.00	7.648
1704.01	7.648
1709.02	7.647
1714.03	7.647
1719.04	7.647
1724.05	7.647
1729.07	7.646
1734.08	7.646
1739.09	7.646
1744.10	7.646
1749.11	7.646
1754.12	7.646
1759.13	7.646
1764.15	7.645
1769.16	7.645
1774.17	7.645
1779.18	7.645
1784.19	7.644
1789.20	7.644
1794.22	7.644
1799.23	7.644
1804.24	7.644
1809.25	7.643
1814.26	7.643
1819.27	7.643
1824.29	7.643
1829.30	7.643
1834.31	7.642
1839.32	7.642
1844.33	7.642
1849.34	7.642
1854.36	7.642
1859.37	7.641
1864.38	7.641
1869.39	7.641
1874.40	7.641
1879.42	7.640
1884.43	7.640
1889.44	7.640
1894.46	7.640
1899.47	7.639
1904.49	7.639
1909.50	7.639
1914.51	7.639
1919.52	7.639
1924.53	7.639
1929.54	7.638
1934.56	7.638
1939.57	7.638
1944.58	7.638
1949.59	7.638
1954.61	7.638
1959.62	7.637
1964.64	7.637
1969.65	7.637
1974.66	7.637
1979.68	7.637
1984.70	7.636
1989.71	7.636
1994.73	7.635
1999.74	7.635
2004.75	7.635
2009.77	7.635
2014.78	7.635
2019.80	7.634
2024.81	7.635
2029.82	7.634
2034.83	7.634
2039.84	7.634
2044.86	7.633
2049.88	7.633
2054.89	7.633
2059.91	7.633
2064.92	7.633
2069.93	7.632
2074.95	7.632
2079.96	7.632
2084.97	7.632
2089.99	7.632
2095.01	7.632
2100.02	7.631
2105.04	7.631
2110.05	7.631
2115.07	7.631
2120.08	7.630
2125.10	7.630
2130.11	7.630
2135.12	7.630
2140.14	7.630
2145.15	7.629
2150.17	7.629
2155.18	7.629
2160.20	7.629
2165.22	7.629
2170.23	7.629
2175.24	7.628
2180.26	7.628
2185.27	7.628
2190.29	7.627
2195.30	7.627
2200.31	7.627
2205.33	7.627
2210.35	7.627
2215.36	7.627
2220.38	7.626
2225.39	7.626
2230.41	7.626
2235.43	7.625
2240.44	7.625
2245.45	7.625
2250.47	7.625
2255.48	7.624
2260.50	7.624
2265.51	7.624
2270.52	7.624
2275.54	7.624
2280.55	7.624
2285.57	7.623
2290.58	7.623
2295.60	7.623
2300.61	7.622
2305.63	7.623
2310.64	7.622
2315.65	7.622
2320.67	7.622
2325.69	7.622
2330.70	7.622
2335.71	7.621
2340.73	7.621
2345.75	7.621
2350.76	7.621
2355.78	7.621
2360.79	7.620
2365.81	7.620
2370.82	7.620
2375.84	7.619
2380.85	7.619
2385.87	7.619
2390.88	7.619
2395.89	7.619
2400.91	7.618
2405.92	7.618
2410.94	7.618
2415.95	7.617
2420.97	7.617
2425.98	7.617
2430.99	7.617
2436.01	7.616
2441.02	7.616
2446.04	7.616
2451.05	7.616
2456.07	7.616
2461.08	7.616
2466.10	7.615
2471.11	7.615
2476.12	7.615
2481.14	7.615
2486.15	7.615
2491.17	7.614
2496.18	7.614
2501.20	7.614
2506.21	7.614
2511.23	7.613
2516.24	7.613
2521.26	7.613
2526.27	7.613
2531.29	7.613
2536.30	7.612
2541.32	7.612
2546.33	7.612
2551.35	7.612
2556.36	7.611
2561.37	7.611
2566.39	7.611
2571.40	7.611
2576.42	7.611
2581.43	7.610
2586.45	7.610
2591.46	7.610
2596.48	7.609
2601.49	7.609
2606.50	7.609
2611.52	7.609
2616.53	7.609
2621.55	7.609
2626.56	7.608
2631.58	7.608
2636.59	7.608
2641.61	7.608
2646.62	7.607
2651.63	7.607
2656.65	7.607
2661.66	7.607
2666.68	7.606
2671.69	7.606
2676.71	7.606
2681.72	7.606
2686.73	7.606
2691.75	7.605
2696.76	7.605
2701.78	7.605
2706.79	7.605
2711.81	7.605
2716.82	7.604
2721.84	7.604
2726.85	7.603
2731.87	7.603
2736.88	7.603
2741.89	7.603
2746.91	7.603
2751.92	7.602
2756.93	7.602
2761.95	7.602
2766.97	7.602
2771.98	7.601
2777.00	7.601
2782.01	7.601
2787.03	7.601
2792.04	7.601
2797.06	7.600
2802.07	7.600
2807.09	7.600
2812.10	7.600
2817.11	7.600
2822.13	7.600
2827.14	7.599
2832.16	7.599
2837.17	7.599
2842.19	7.598
2847.20	7.598
2852.21	7.598
2857.23	7.597
2862.24	7.597
2867.26	7.597
2872.27	7.597
2877.29	7.596
2882.30	7.596
2887.32	7.596
2892.33	7.596
2897.34	7.596
2902.36	7.596
2907.37	7.595
2912.38	7.595
2917.40	7.595
2922.42	7.594
2927.43	7.594
2932.44	7.594
2937.46	7.593
2942.48	7.593
2947.49	7.593
2952.50	7.593
2957.52	7.593
2962.53	7.592
2967.54	7.592
2972.56	7.592
2977.57	7.592
2982.59	7.592
2987.60	7.591
2992.62	7.591
2997.63	7.591
3002.65	7.590
3007.66	7.590
3012.68	7.590
3017.69	7.590
3022.70	7.590
3027.72	7.589
3032.73	7.589
3037.75	7.589
3042.76	7.589
3047.77	7.589
3052.79	7.588
3057.81	7.588
3062.82	7.588
3067.84	7.587
3072.85	7.587
3077.87	7.587
3082.88	7.587
3087.89	7.586
3092.91	7.586
3097.92	7.586
3102.94	7.586
3107.95	7.585
3112.97	7.585
3117.98	7.585
3122.99	7.585
3128.01	7.585
3133.03	7.584
3138.04	7.584
3143.06	7.584
3148.07	7.584
3153.08	7.583
3158.10	7.583
3163.12	7.583
3168.13	7.583
3173.15	7.582
3178.16	7.582
3183.18	7.582
3188.19	7.581
3193.20	7.581
3198.22	7.581
3203.23	7.581
3208.25	7.581
3213.26	7.580
3218.28	7.580
3223.29	7.580
3228.31	7.580
3233.32	7.580
3238.33	7.579
3243.34	7.579
3248.35	7.579
3253.37	7.578
3258.38	7.578
3263.39	7.578
3268.40	7.578
3273.41	7.578
3278.42	7.577
3283.44	7.577
3288.45	7.577
3293.46	7.577
3298.47	7.577
3303.48	7.576
3308.49	7.576
3313.51	7.576
3318.52	7.576
3323.53	7.575
3328.54	7.575
3333.55	7.575
3338.56	7.574
3343.58	7.574
3348.59	7.574
3353.60	7.574
3358.61	7.573
3363.62	7.573
3368.63	7.573
3373.65	7.573
3378.66	7.572
3383.67	7.572
3388.68	7.572
3393.69	7.571
3398.70	7.571
3403.71	7.571
3408.73	7.571
3413.74	7.570
3418.76	7.570
3423.77	7.570
3428.79	7.570
3433.81	7.569
3438.82	7.569
3443.83	7.569
3448.85	7.569
3453.86	7.569
3458.88	7.568
3463.89	7.568
3468.90	7.568
3473.92	7.568
3478.94	7.568
3483.95	7.567
3488.96	7.567
3493.97	7.567
3498.99	7.566
3504.00	7.566
3509.02	7.566
3514.03	7.565
3519.05	7.565
3524.06	7.565
3529.08	7.565
3534.09	7.565
3539.10	7.565
3544.12	7.564
3549.13	7.564
3554.15	7.563
3559.16	7.563
3564.18	7.563
3569.19	7.563
3574.20	7.562
3579.22	7.562
3584.23	7.562
3589.25	7.562
3594.26	7.561
3599.27	7.561
3604.29	7.561
3609.30	7.561
3614.32	7.560
3619.33	7.560
3624.35	7.560
3629.36	7.559
3634.37	7.560
3639.39	7.559
3644.40	7.559
3649.42	7.559
3654.43	7.558
3659.45	7.558
3664.46	7.558
3669.47	7.558
3674.48	7.557
3679.50	7.557
3684.51	7.557
3689.52	7.557
3694.54	7.556
3699.55	7.556
3704.57	7.556
3709.58	7.555
3714.60	7.555
3719.61	7.555
3724.63	7.554
3729.64	7.554
3734.65	7.554
3739.67	7.554
3744.68	7.554
3749.70	7.553
3754.71	7.553
3759.73	7.553
3764.74	7.552
3769.76	7.552
3774.77	7.552
3779.78	7.551
3784.80	7.551
3789.81	7.551
3794.83	7.551
3799.84	7.551
3804.86	7.551
3809.87	7.550
3814.89	7.550
3819.90	7.550
3824.91	7.549
3829.93	7.549
3834.94	7.549
3839.96	7.549
3844.97	7.549
3849.99	7.548
3855.00	7.548
3860.02	7.548
3865.03	7.547
3870.04	7.547
3875.06	7.547
3880.07	7.547
3885.09	7.546
3890.10	7.546
3895.12	7.546
3900.13	7.545
3905.15	7.545
3910.16	7.545
3915.18	7.545
3920.19	7.544
3925.20	7.544
3930.21	7.544
3935.23	7.543
3940.24	7.543
3945.25	7.543
3950.27	7.543
3955.28	7.543
3960.29	7.542
3965.31	7.542
3970.33	7.542
3975.34	7.542
3980.36	7.541
3985.37	7.541
3990.38	7.541
3995.40	7.540
4000.41	7.540
4005.43	7.540
4010.44	7.540
4015.46	7.539
4020.47	7.539
4025.49	7.539
4030.51	7.538
4035.52	7.538
4040.54	7.538
4045.55	7.538
4050.57	7.538
4055.58	7.537
4060.59	7.537
4065.61	7.537
4070.62	7.537
4075.64	7.536
4080.65	7.536
4085.67	7.536
4090.68	7.536
4095.70	7.535
4100.71	7.535
4105.73	7.535
4110.74	7.535
4115.76	7.535
4120.77	7.534
4125.79	7.534
4130.81	7.534
4135.82	7.533
4140.83	7.533
4145.85	7.533
4150.86	7.532
4155.88	7.532
4160.89	7.532
4165.91	7.532
4170.92	7.531
4175.93	7.531
4180.95	7.530
4185.96	7.530
4190.97	7.530
4195.99	7.530
4201.00	7.529
4206.02	7.529
4211.03	7.529
4216.05	7.529
4221.06	7.528
4226.08	7.528
4231.09	7.528
4236.10	7.528
4241.12	7.527
4246.14	7.527
4251.15	7.526
4256.16	7.526
4261.18	7.526
4266.19	7.526
4271.21	7.525
4276.22	7.525
4281.24	7.525
4286.25	7.525
4291.27	7.524
4296.28	7.524
4301.29	7.524
4306.31	7.524
4311.32	7.523
4316.34	7.523
4321.35	7.523
4326.37	7.523
4331.38	7.522
4336.40	7.522
4341.41	7.522
4346.42	7.522
4351.44	7.521
4356.45	7.521
4361.47	7.521
4366.48	7.520
4371.49	7.520
4376.51	7.520
4381.53	7.520
4386.54	7.519
4391.56	7.519
4396.57	7.519
4401.58	7.519
4406.60	7.518
4411.61	7.518
4416.63	7.518
4421.64	7.518
4426.65	7.517
4431.67	7.517
4436.68	7.516
4441.70	7.516
4446.71	7.516
4451.73	7.515
4456.74	7.515
4461.76	7.515
4466.77	7.515
4471.79	7.515
4476.80	7.514
4481.82	7.514
4486.83	7.514
4491.85	7.514
4496.86	7.513
4501.88	7.513
4506.89	7.513
4511.90	7.512
4516.92	7.512
4521.93	7.512
4526.94	7.512
4531.96	7.511
4536.97	7.511
4541.98	7.511
4547.00	7.511
4552.01	7.510
4557.03	7.510
4562.04	7.510
4567.06	7.510
4572.07	7.509
4577.08	7.509
4582.10	7.508
4587.11	7.508
4592.13	7.508
4597.14	7.507
4602.16	7.507
4607.17	7.507
4612.19	7.507
4617.20	7.506
4622.21	7.506
4627.23	7.506
4632.24	7.506
4637.26	7.506
4642.27	7.506
4647.29	7.505
4652.30	7.505
4657.32	7.504
4662.33	7.504
4667.34	7.504
4672.36	7.503
4677.37	7.503
4682.38	7.503
4687.40	7.502
4692.41	7.502
4697.43	7.502
4702.44	7.502
4707.45	7.502
4712.47	7.501
4717.48	7.501
4722.50	7.500
4727.51	7.500
4732.53	7.500
4737.54	7.500
4742.56	7.499
4747.57	7.499
4752.59	7.499
4757.60	7.499
4762.62	7.499
4767.63	7.498
4772.65	7.498
4777.66	7.497
4782.68	7.497
4787.69	7.497
4792.71	7.497
4797.72	7.497
4802.74	7.496
4807.75	7.496
4812.77	7.496
4817.78	7.495
4822.79	7.495
4827.81	7.495
4832.82	7.494
4837.84	7.494
4842.85	7.494
4847.87	7.493
4852.88	7.493
4857.89	7.493
4862.91	7.493
4867.92	7.492
4872.94	7.492
4877.95	7.492
4882.97	7.491
4887.98	7.491
4893.00	7.491
4898.01	7.491
4903.03	7.490
4908.04	7.490
4913.05	7.490
4918.07	7.489
4923.09	7.490
4928.10	7.489
4933.12	7.489
4938.13	7.488
4943.15	7.489
4948.16	7.488
4953.18	7.488
4958.19	7.488
4963.20	7.487
4968.22	7.487
4973.23	7.487
4978.25	7.487
4983.26	7.486
4988.28	7.486
4993.29	7.486
4998.30	7.485
5003.32	7.485
5008.33	7.485
5013.35	7.484
5018.36	7.484
5023.37	7.484
5028.39	7.484
5033.40	7.484
5038.41	7.483
5043.43	7.483
5048.44	7.483
5053.45	7.482
5058.47	7.482
5063.48	7.481
5068.50	7.481
5073.51	7.481
5078.52	7.481
5083.54	7.480
5088.55	7.480
5093.57	7.480
5098.58	7.480
5103.60	7.479
5108.61	7.479
5113.63	7.479
5118.64	7.478
5123.65	7.478
5128.67	7.478
5133.68	7.478
5138.70	7.477
5143.71	7.477
5148.72	7.477
5153.74	7.477
5158.75	7.476
5163.77	7.476
5168.78	7.476
5173.80	7.476
5178.81	7.475
5183.82	7.475
5188.84	7.475
5193.85	7.475
5198.87	7.474
5203.88	7.474
5208.89	7.474
5213.91	7.474
5218.92	7.474
5223.94	7.473
5228.95	7.473
5233.97	7.473
5238.98	7.472
5243.99	7.472
5249.01	7.472
5254.02	7.471
5259.04	7.471
5264.05	7.470
5269.07	7.470
5274.08	7.470
5279.10	7.470
5284.11	7.470
5289.13	7.470
5294.14	7.469
5299.16	7.469
5304.17	7.469
5309.19	7.468
5314.20	7.468
5319.21	7.468
5324.22	7.468
5329.23	7.467
5334.24	7.467
5339.26	7.467
5344.27	7.467
5349.28	7.467
5354.29	7.466
5359.30	7.466
5364.31	7.466
5369.33	7.465
5374.34	7.465
5379.35	7.465
5384.36	7.465
5389.38	7.465
5394.39	7.464
5399.41	7.464
5404.42	7.464
5409.44	7.464
5414.45	7.463
5419.47	7.463
5424.48	7.463
5429.50	7.463
5434.51	7.462
5439.53	7.462
5444.54	7.462
5449.56	7.461
5454.57	7.461
5459.59	7.461
5464.60	7.461
5469.61	7.461
5474.63	7.461
5479.64	7.461
5484.66	7.460
5489.67	7.460
5494.69	7.460
5499.70	7.459
5504.72	7.459
5509.73	7.459
5514.74	7.459
5519.76	7.458
5524.77	7.458
5529.78	7.458
5534.79	7.458
5539.80	7.457
5544.82	7.457
5549.83	7.457
5554.84	7.457
5559.85	7.457
5564.86	7.456
5569.88	7.456
5574.89	7.456
5579.90	7.456
5584.91	7.456
5589.92	7.455
5594.93	7.455
5599.95	7.455
5604.96	7.455
5609.97	7.455
5614.98	7.454
5620.00	7.454
5625.02	7.454
5630.03	7.454
5635.04	7.453
5640.06	7.453
5645.08	7.453
5650.09	7.452
5655.10	7.452
5660.12	7.452
5665.14	7.452
5670.15	7.452
5675.16	7.452
5680.18	7.452
5685.19	7.452
5690.21	7.452
5695.22	7.451
5700.24	7.451
5705.25	7.451
5710.26	7.450
5715.28	7.450
5720.29	7.450
5725.31	7.450
5730.32	7.449
5735.34	7.449
5740.35	7.449
5745.36	7.449
5750.38	7.449
5755.39	7.449
5760.41	7.448
5765.42	7.448
5770.44	7.448
5775.45	7.448
5780.47	7.447
5785.48	7.448
5790.49	7.447
5795.51	7.447
5800.52	7.447
5805.54	7.447
5810.55	7.446
5815.57	7.446
5820.58	7.446
5825.60	7.446
5830.61	7.445
5835.63	7.445
5840.65	7.445
5845.66	7.445
5850.67	7.445
5855.68	7.445
5860.69	7.445
5865.71	7.444
5870.72	7.444
5875.73	7.444
5880.74	7.444
5885.75	7.444
5890.76	7.443
5895.78	7.443
5900.79	7.443
5905.80	7.443
5910.81	7.443
5915.82	7.442
5920.83	7.442
5925.84	7.442
5930.86	7.442
5935.87	7.442
5940.88	7.442
5945.89	7.441
5950.90	7.441
5955.91	7.441
5960.93	7.441
5965.94	7.441
5970.95	7.440
5975.96	7.440
5980.97	7.440
5985.98	7.440
5990.99	7.440
5996.01	7.440
6001.02	7.440
6006.03	7.439
6011.04	7.439
6016.05	7.439
6021.06	7.439
6026.07	7.439
6031.09	7.439
6036.10	7.438
6041.11	7.438
6046.12	7.438
6051.13	7.438
6056.14	7.438
6061.16	7.437
6066.17	7.437
6071.18	7.437
6076.19	7.437
6081.20	7.437
6086.21	7.437
6091.23	7.437
6096.24	7.437
6101.25	7.436
6106.26	7.436
6111.27	7.436
6116.28	7.436
6121.29	7.436
6126.31	7.436
6131.32	7.435
6136.33	7.435
6141.34	7.435
6146.35	7.435
6151.36	7.435
6156.38	7.435
6161.39	7.435
6166.40	7.435
6171.41	7.435
6176.42	7.434
6181.43	7.434
6186.44	7.434
6191.46	7.434
6196.47	7.434
6201.48	7.434
6206.49	7.433
6211.50	7.433
6216.51	7.433
6221.53	7.433
6226.54	7.432
6231.55	7.432
6236.56	7.432
6241.57	7.432
6246.58	7.432
6251.60	7.432
6256.61	7.432
6261.62	7.432
6266.63	7.432
6271.64	7.431
6276.65	7.431
6281.66	7.431
6286.67	7.431
6291.69	7.431
6296.70	7.431
6301.71	7.431
6306.72	7.431
6311.73	7.431
6316.74	7.430
6321.76	7.430
6326.77	7.430
6331.78	7.430
6336.79	7.430
6341.80	7.430
6346.81	7.430
6351.82	7.429
6356.84	7.429
6361.85	7.429
6366.86	7.429
6371.87	7.429
6376.88	7.429
6381.89	7.428
6386.91	7.428
6391.92	7.428
6396.93	7.428
6401.94	7.428
6406.95	7.428
6411.96	7.428
6416.98	7.428
6421.99	7.427
6427.00	7.427
6432.01	7.427
6437.03	7.427
6442.04	7.427
6447.05	7.427
6452.07	7.427
6457.09	7.427
6462.10	7.426
6467.11	7.426
6472.13	7.426
6477.15	7.426
6482.16	7.426
6487.18	7.426
6492.19	7.425
6497.20	7.426
6502.22	7.425
6507.23	7.425
6512.25	7.425
6517.26	7.425
6522.27	7.425
6527.29	7.425
6532.30	7.425
6537.32	7.425
6542.33	7.425
6547.35	7.424
6552.36	7.424
6557.37	7.424
6562.38	7.424
6567.39	7.424
6572.41	7.424
6577.42	7.424
6582.43	7.424
6587.44	7.424
6592.45	7.424
6597.47	7.423
6602.48	7.423
6607.50	7.423
6612.52	7.423
6617.53	7.423
6622.54	7.423
6627.56	7.423
6632.57	7.423
6637.59	7.422
6642.60	7.422
6647.61	7.422
6652.63	7.422
6657.64	7.422
6662.66	7.422
6667.68	7.422
6672.69	7.421
6677.70	7.421
6682.72	7.421
6687.73	7.421
6692.75	7.421
6697.76	7.421
6702.77	7.421
6707.79	7.421
6712.81	7.421
6717.82	7.421
6722.83	7.421
6727.85	7.421
6732.86	7.421
6737.88	7.420
6742.90	7.420
6747.91	7.420
6752.93	7.420
6757.94	7.420
6762.95	7.420
6767.97	7.419
6772.98	7.419
6778.00	7.419
6783.01	7.419
6788.03	7.419
6793.04	7.419
6798.06	7.418
6803.08	7.418
6808.10	7.418
6813.11	7.418
6818.13	7.418
6823.14	7.418
6828.16	7.418
6833.17	7.418
6838.18	7.417
6843.20	7.417
6848.21	7.417
6853.22	7.417
6858.23	7.417
6863.24	7.417
6868.25	7.417
6873.27	7.417
6878.28	7.416
6883.29	7.416
6888.31	7.416
6893.32	7.416
6898.34	7.416
6903.35	7.416
6908.36	7.416
6913.38	7.416
6918.39	7.416
6923.40	7.416
6928.41	7.416
6933.43	7.416
6938.44	7.416
6943.45	7.415
6948.46	7.415
6953.48	7.415
6958.49	7.415
6963.51	7.414
6968.52	7.414
6973.53	7.414
6978.55	7.414
6983.56	7.414
6988.58	7.414
6993.59	7.414
6998.61	7.414
7003.62	7.414
7008.63	7.414
7013.65	7.413
7018.66	7.413
7023.68	7.413
7028.70	7.413
7033.71	7.413
7038.72	7.413
7043.74	7.413
7048.75	7.413
7053.77	7.413
7058.78	7.412
7063.80	7.412
7068.81	7.412
7073.82	7.412
7078.84	7.412
7083.86	7.412
7088.87	7.412
7093.88	7.412
7098.90	7.411
7103.91	7.411
7108.93	7.411
7113.94	7.411
7118.95	7.411
7123.97	7.411
7128.99	7.411
7134.00	7.411
7139.01	7.410
7144.03	7.411
7149.04	7.410
7154.06	7.410
7159.07	7.410
7164.09	7.410
7169.10	7.410
7174.12	7.410
7179.13	7.410
7184.15	7.410
7189.16	7.410
7194.17	7.410
7199.19	7.409
7204.21	7.409
7209.22	7.409
7214.24	7.409
7219.25	7.409
7224.27	7.409
7229.28	7.409
7234.29	7.409
7239.31	7.409
7244.32	7.409
7249.34	7.408
7254.35	7.408
7259.37	7.408
7264.39	7.408
7269.40	7.408
7274.42	7.408
7279.43	7.407
7284.44	7.408
7289.46	7.407
7294.48	7.407
7299.49	7.407
7304.50	7.407
7309.52	7.407
7314.53	7.407
7319.55	7.407
7324.56	7.407
7329.58	7.406
7334.59	7.407
7339.60	7.406
7344.62	7.406
7349.63	7.406
7354.65	7.406
7359.66	7.406
7364.68	7.406
7369.69	7.406
7374.70	7.405
7379.72	7.405
7384.74	7.405
7389.75	7.405
7394.77	7.405
7399.78	7.405
7404.79	7.405
7409.81	7.405
7414.82	7.405
7419.84	7.405
7424.85	7.405
7429.87	7.405
7434.88	7.405
7439.90	7.404
7444.92	7.404
7449.93	7.404
7454.95	7.404
7459.96	7.404
7464.97	7.404
7469.99	7.404
7475.00	7.403
7480.01	7.403
7485.03	7.403
7490.04	7.403
7495.06	7.403
7500.07	7.403
7505.09	7.403
7510.10	7.403
7515.12	7.403
7520.13	7.403
7525.14	7.402
7530.16	7.402
7535.17	7.402
7540.19	7.402
7545.20	7.402
7550.21	7.402
7555.23	7.402
7560.24	7.402
7565.26	7.402
7570.27	7.402
7575.29	7.401
7580.30	7.401
7585.32	7.401
7590.33	7.401
7595.35	7.401
7600.36	7.401
7605.37	7.401
7610.39	7.401
7615.40	7.400
7620.42	7.400
7625.44	7.400
7630.45	7.400
7635.47	7.400
7640.48	7.400
7645.50	7.400
7650.51	7.400
7655.52	7.400
7660.53	7.400
7665.54	7.400
7670.56	7.399
7675.57	7.399
7680.58	7.399
7685.59	7.399
7690.61	7.399
7695.62	7.399
7700.64	7.399
7705.65	7.399
7710.67	7.398
7715.68	7.398
7720.70	7.398
7725.71	7.398
7730.72	7.398
7735.74	7.398
7740.75	7.398
7745.76	7.398
7750.77	7.398
7755.78	7.398
7760.79	7.397
7765.81	7.397
7770.82	7.397
7775.83	7.397
7780.84	7.397
7785.85	7.397
7790.87	7.397
7795.88	7.397
7800.89	7.397
7805.91	7.396
7810.93	7.397
7815.94	7.396
7820.96	7.396
7825.97	7.396
7830.98	7.396
7836.00	7.396
7841.01	7.396
7846.03	7.396
7851.04	7.396
7856.06	7.396
7861.07	7.395
7866.09	7.395
7871.10	7.395
7876.12	7.395
7881.13	7.395
7886.14	7.395
7891.16	7.395
7896.18	7.395
7901.19	7.395
7906.21	7.395
7911.22	7.394
7916.24	7.394
7921.25	7.394
7926.27	7.394
7931.28	7.394
7936.29	7.394
7941.31	7.394
7946.32	7.393
7951.34	7.393
7956.35	7.393
7961.36	7.393
7966.38	7.393
7971.39	7.393
7976.41	7.393
7981.42	7.393
7986.44	7.393
7991.45	7.392
7996.46	7.392
8001.48	7.392
8006.49	7.392
8011.51	7.392
8016.52	7.392
8021.54	7.392
8026.55	7.392
8031.57	7.392
8036.58	7.392
8041.59	7.391
8046.61	7.391
8051.62	7.391
8056.64	7.391
8061.65	7.391
8066.67	7.391
8071.68	7.391
8076.70	7.390
8081.71	7.390
8086.73	7.391
8091.74	7.390
8096.76	7.390
8101.77	7.390
8106.79	7.390
8111.81	7.390
8116.82	7.390
8121.83	7.390
8126.85	7.390
8131.86	7.390
8136.87	7.389
8141.89	7.389
8146.90	7.389
8151.92	7.389
8156.93	7.389
8161.95	7.389
8166.96	7.389
8171.97	7.389
8176.99	7.389
8182.01	7.388
8187.02	7.388
8192.03	7.388
8197.05	7.388
8202.06	7.388
8207.08	7.387
8212.09	7.388
8217.10	7.387
8222.12	7.387
8227.14	7.387
8232.15	7.387
8237.17	7.387
8242.18	7.387
8247.20	7.386
8252.21	7.386
8257.22	7.386
8262.24	7.386
8267.25	7.386
8272.27	7.386
8277.28	7.386
8282.30	7.386
8287.32	7.386
8292.33	7.386
8297.35	7.386
8302.36	7.386
8307.37	7.386
8312.39	7.385
8317.41	7.385
8322.42	7.385
8327.43	7.385
8332.45	7.385
8337.46	7.385
8342.48	7.385
8347.49	7.385
8352.51	7.384
8357.52	7.384
8362.53	7.384
8367.55	7.384
8372.56	7.384
8377.58	7.384
8382.59	7.384
8387.61	7.384
8392.62	7.384
8397.63	7.383
8402.65	7.383
8407.67	7.383
8412.68	7.383
8417.70	7.383
8422.71	7.383
8427.73	7.383
8432.74	7.383
8437.75	7.383
8442.77	7.382
8447.78	7.382
8452.80	7.382
8457.81	7.382
8462.83	7.382
8467.84	7.382
8472.85	7.382
8477.87	7.382
8482.88	7.382
8487.90	7.381
8492.91	7.381
8497.93	7.381
8502.94	7.381
8507.96	7.381
8512.97	7.381
8517.99	7.381
8523.00	7.380
8528.02	7.380
8533.04	7.380
8538.05	7.380
8543.07	7.380
8548.08	7.379
8553.10	7.379
8558.11	7.380
8563.12	7.379
8568.14	7.379
8573.15	7.379
8578.17	7.379
8583.18	7.379
8588.20	7.378
8593.21	7.378
8598.23	7.378
8603.24	7.378
8608.26	7.378
8613.27	7.378
8618.29	7.378
8623.30	7.378
8628.31	7.378
8633.33	7.377
8638.34	7.378
8643.36	7.378
8648.37	7.377
8653.38	7.377
8658.40	7.377
8663.41	7.377
8668.43	7.377
8673.44	7.376
8678.46	7.376
8683.47	7.376
8688.49	7.376
8693.50	7.376
8698.52	7.376
8703.53	7.376
8708.55	7.375
8713.56	7.376
8718.58	7.375
8723.59	7.375
8728.60	7.375
8733.62	7.375
8738.63	7.375
8743.64	7.375
8748.65	7.375
8753.66	7.374
8758.67	7.374
8763.69	7.374
8768.70	7.374
8773.71	7.374
8778.72	7.373
8783.73	7.373
8788.74	7.373
8793.76	7.373
8798.77	7.373
8803.78	7.373
8808.79	7.373
8813.80	7.373
8818.81	7.372
8823.82	7.372
8828.84	7.372
8833.85	7.372
8838.86	7.372
8843.88	7.372
8848.89	7.372
8853.91	7.372
8858.92	7.372
8863.94	7.371
8868.95	7.371
8873.97	7.371
8878.98	7.371
8884.00	7.371
8889.01	7.370
8894.02	7.370
8899.04	7.370
8904.05	7.370
8909.07	7.370
8914.08	7.370
8919.09	7.370
8924.10	7.369
8929.12	7.369
8934.13	7.369
8939.14	7.369
8944.15	7.369
8949.16	7.368
8954.17	7.368
8959.19	7.368
8964.20	7.368
8969.22	7.368
8974.23	7.368
8979.24	7.368
8984.26	7.367
8989.27	7.367
8994.29	7.367
8999.30	7.367
9004.32	7.367
9009.33	7.366
9014.35	7.366
9019.36	7.366
9024.37	7.366
9029.39	7.366
9034.40	7.366
9039.42	7.365
9044.43	7.365
9049.44	7.365
9054.46	7.365
9059.47	7.365
9064.49	7.365
9069.50	7.365
9074.52	7.365
9079.53	7.364
9084.55	7.364
9089.57	7.364
9094.58	7.364
9099.60	7.363
9104.61	7.363
9109.62	7.363
9114.64	7.363
9119.65	7.363
9124.66	7.362
9129.68	7.362
9134.69	7.362
9139.70	7.362
9144.72	7.362
9149.74	7.361
9154.75	7.361
9159.76	7.361
9164.78	7.361
9169.79	7.361
9174.81	7.361
9179.82	7.361
9184.84	7.360
9189.85	7.360
9194.87	7.360
9199.88	7.360
9204.90	7.360
9209.91	7.359
9214.93	7.359
9219.94	7.359
9224.96	7.359
9229.97	7.359
9234.98	7.358
9240.00	7.358
9245.02	7.358
9250.03	7.358
9255.05	7.358
9260.06	7.357
9265.08	7.357
9270.09	7.357
9275.11	7.357
9280.12	7.357
9285.13	7.356
9290.15	7.356
9295.16	7.356
9300.18	7.356
9305.19	7.356
9310.21	7.355
9315.23	7.355
9320.24	7.355
9325.25	7.355
9330.27	7.354
9335.29	7.354
9340.30	7.354
9345.32	7.354
9350.33	7.354
9355.35	7.354
9360.36	7.353
9365.37	7.353
9370.39	7.353
9375.41	7.353
9380.42	7.353
9385.44	7.352
9390.46	7.352
9395.47	7.352
9400.49	7.352
9405.50	7.351
9410.52	7.351
9415.53	7.351
9420.55	7.351
9425.56	7.350
9430.57	7.350
9435.59	7.350
9440.60	7.350
9445.62	7.349
9450.63	7.349
9455.65	7.349
9460.66	7.349
9465.68	7.349
9470.69	7.348
9475.71	7.348
9480.72	7.348
9485.74	7.348
9490.75	7.347
9495.77	7.347
9500.78	7.347
9505.79	7.346
9510.81	7.346
9515.82	7.346
9520.84	7.345
9525.85	7.345
9530.87	7.345
9535.88	7.345
9540.89	7.344
9545.91	7.345
9550.92	7.344
9555.93	7.344
9560.94	7.344
9565.95	7.343
9570.96	7.343
9575.98	7.343
9580.99	7.342
9586.01	7.342
9591.02	7.342
9596.03	7.342
9601.05	7.341
9606.06	7.341
9611.08	7.341
9616.09	7.341
9621.11	7.340
9626.12	7.340
9631.13	7.340
9636.15	7.339
9641.16	7.339
9646.18	7.339
9651.19	7.338
9656.21	7.338
9661.22	7.338
9666.24	7.338
9671.25	7.337
9676.27	7.337
9681.28	7.337
9686.30	7.336
9691.31	7.336
9696.33	7.336
9701.34	7.335
9706.36	7.335
9711.37	7.335
9716.38	7.334
9721.40	7.334
9726.41	7.334
9731.43	7.333
9736.44	7.333
9741.46	7.333
9746.47	7.332
9751.48	7.332
9756.50	7.332
9761.51	7.331
9766.53	7.331
9771.54	7.331
9776.55	7.330
9781.57	7.330
9786.59	7.330
9791.61	7.329
9796.62	7.329
9801.63	7.329
9806.65	7.329
9811.66	7.328
9816.68	7.328
9821.69	7.327
9826.70	7.327
9831.72	7.327
9836.73	7.326
9841.75	7.326
9846.76	7.325
9851.77	7.325
9856.79	7.324
9861.80	7.324
9866.82	7.323
9871.83	7.323
9876.85	7.323
9881.86	7.322
9886.88	7.322
9891.89	7.322
9896.90	7.321
9901.92	7.321
9906.94	7.320
9911.95	7.320
9916.97	7.320
9921.98	7.319
9927.00	7.319
9932.01	7.318
9937.02	7.318
9942.04	7.318
9947.05	7.317
9952.07	7.317
9957.08	7.316
9962.09	7.316
9967.11	7.315
9972.13	7.315
9977.14	7.315
9982.16	7.314
9987.17	7.314
9992.18	7.313
9997.20	7.313
10002.21	7.312
10007.23	7.312
10012.24	7.311
10017.26	7.311
10022.27	7.310
10027.29	7.310
10032.30	7.310
10037.32	7.309
10042.33	7.309
10047.34	7.309
10052.36	7.308
10057.37	7.307
10062.39	7.307
10067.40	7.306
10072.42	7.306
10077.43	7.305
10082.44	7.305
10087.46	7.305
10092.48	7.304
10097.49	7.304
10102.51	7.303
10107.52	7.302
10112.53	7.302
10117.55	7.301
10122.56	7.301
10127.57	7.300
10132.59	7.300
10137.60	7.299
10142.62	7.299
10147.63	7.298
10152.65	7.298
10157.66	7.297
10162.67	7.297
10167.69	7.296
10172.70	7.296
10177.72	7.295
10182.73	7.295
10187.75	7.294
10192.76	7.294
10197.78	7.293
10202.79	7.292
10207.80	7.292
10212.82	7.291
10217.84	7.291
10222.85	7.290
10227.86	7.290
10232.88	7.289
10237.89	7.288
10242.91	7.288
10247.92	7.287
10252.94	7.287
10257.96	7.286
10262.97	7.286
10267.99	7.285
10273.00	7.285
10278.01	7.284
10283.03	7.283
10288.04	7.283
10293.05	7.282
10298.07	7.281
10303.08	7.281
10308.10	7.280
10313.11	7.280
10318.13	7.279
10323.14	7.278
10328.15	7.278
10333.16	7.277
10338.17	7.276
10343.18	7.276
10348.20	7.275
10353.21	7.275
10358.22	7.274
10363.24	7.273
10368.25	7.273
10373.26	7.272
10378.28	7.271
10383.29	7.271
10388.31	7.270
10393.32	7.269
10398.34	7.269
10403.35	7.268
10408.37	7.268
10413.38	7.267
10418.39	7.266
10423.41	7.266
10428.43	7.265
10433.44	7.264
10438.45	7.264
10443.46	7.263
10448.48	7.263
10453.49	7.262
10458.51	7.261
10463.52	7.260
10468.54	7.260
10473.55	7.259
10478.57	7.259
10483.58	7.258
10488.60	7.257
10493.61	7.256
10498.62	7.255
10503.63	7.255
10508.65	7.254
10513.66	7.254
10518.67	7.253
10523.69	7.252
10528.70	7.252
10533.71	7.251
10538.73	7.250
10543.74	7.250
10548.75	7.249
10553.76	7.248
10558.77	7.247
10563.78	7.247
10568.80	7.246
10573.81	7.245
10578.82	7.244
10583.83	7.244
10588.84	7.243
10593.86	7.243
10598.87	7.242
10603.88	7.241
10608.90	7.240
10613.92	7.239
10618.93	7.239
10623.94	7.238
10628.96	7.237
10633.97	7.236
10638.99	7.236
10644.00	7.235
10649.01	7.234
10654.03	7.234
10659.04	7.233
10664.05	7.232
10669.06	7.232
10674.07	7.231
10679.08	7.230
10684.10	7.229
10689.11	7.228
10694.12	7.228
10699.13	7.227
10704.14	7.226
10709.15	7.225
10714.16	7.225
10719.18	7.224
10724.19	7.223
10729.20	7.222
10734.21	7.222
10739.22	7.221
10744.23	7.220
10749.25	7.219
10754.26	7.219
10759.27	7.218
10764.28	7.217
10769.29	7.217
10774.30	7.216
10779.31	7.215
10784.33	7.214
10789.34	7.214
10794.35	7.213
10799.36	7.212
10804.37	7.211
10809.38	7.210
10814.39	7.210
10819.41	7.209
10824.42	7.208
10829.43	7.207
10834.44	7.206
10839.45	7.206
10844.46	7.205
10849.47	7.204
10854.49	7.203
10859.50	7.202
10864.51	7.202
10869.52	7.201
10874.54	7.200
10879.55	7.200
10884.57	7.199
10889.58	7.198
10894.60	7.197
10899.61	7.196
10904.62	7.196
10909.64	7.195
10914.65	7.194
10919.66	7.193
10924.67	7.192
10929.69	7.192
10934.70	7.191
10939.71	7.190
10944.72	7.189
10949.73	7.188
10954.74	7.187
10959.76	7.186
10964.77	7.186
10969.78	7.185
10974.79	7.184
10979.80	7.183
10984.81	7.182
10989.82	7.182
10994.84	7.181
10999.85	7.180
11004.86	7.179
11009.87	7.178
11014.88	7.178
11019.89	7.177
11024.91	7.176
11029.92	7.175
11034.93	7.174
11039.94	7.173
11044.95	7.173
11049.96	7.172
11054.97	7.171
11059.99	7.170
11065.00	7.170
11070.01	7.169
11075.02	7.168
11080.03	7.167
11085.04	7.166
11090.06	7.165
11095.07	7.165
11100.08	7.164
11105.09	7.163
11110.10	7.162
11115.11	7.161
11120.12	7.160
11125.14	7.159
11130.15	7.159
11135.16	7.158
11140.17	7.157
11145.18	7.156
11150.19	7.155
11155.21	7.154
11160.22	7.153
11165.23	7.152
11170.24	7.152
11175.25	7.151
11180.26	7.150
11185.28	7.149
11190.29	7.148
11195.30	7.148
11200.31	7.147
11205.32	7.146
11210.33	7.145
11215.35	7.144
11220.36	7.143
11225.37	7.142
11230.38	7.141
11235.39	7.140
11240.40	7.139
11245.41	7.138
11250.43	7.137
11255.44	7.137
11260.46	7.136
11265.47	7.135
11270.49	7.134
11275.50	7.133
11280.51	7.132
11285.53	7.131
11290.54	7.130
11295.56	7.130
11300.57	7.129
11305.59	7.128
11310.60	7.127
11315.61	7.126
11320.62	7.125
11325.63	7.124
11330.65	7.123
11335.66	7.122
11340.67	7.122
11345.68	7.121
11350.69	7.120
11355.70	7.119
11360.72	7.119
11365.73	7.118
11370.75	7.117
11375.76	7.116
11380.77	7.115
11385.79	7.114
11390.80	7.113
11395.82	7.112
11400.83	7.111
11405.85	7.110
11410.86	7.109
11415.87	7.108
11420.89	7.107
11425.91	7.106
11430.92	7.105
11435.94	7.104
11440.95	7.103
11445.96	7.102
11450.98	7.102
11455.99	7.101
11461.00	7.100
11466.02	7.099
11471.03	7.098
11476.05	7.097
11481.06	7.096
11486.08	7.095
11491.09	7.094
11496.11	7.093
11501.12	7.092
11506.13	7.091
11511.15	7.090
11516.16	7.089
11521.18	7.089
11526.20	7.087
11531.21	7.087
11536.22	7.085
11541.24	7.085
11546.25	7.083
11551.27	7.083
11556.28	7.081
11561.30	7.081
11566.31	7.080
11571.32	7.079
11576.34	7.078
11581.35	7.077
11586.37	7.076
11591.38	7.075
11596.40	7.075
11601.41	7.073
11606.43	7.073
11611.44	7.072
11616.46	7.071
11621.47	7.070
11626.48	7.069
11631.50	7.068
11636.51	7.067
11641.53	7.065
11646.54	7.064
11651.56	7.064
11656.57	7.062
11661.58	7.062
11666.60	7.061
11671.61	7.060
11676.63	7.059
11681.64	7.058
11686.66	7.057
11691.67	7.056
11696.68	7.055
11701.70	7.054
11706.71	7.053
11711.73	7.052
11716.74	7.051
11721.75	7.050
11726.77	7.049
11731.79	7.048
11736.80	7.047
11741.81	7.046
11746.83	7.045
11751.84	7.044
11756.86	7.043
11761.87	7.042
11766.89	7.041
11771.90	7.040
11776.91	7.039
11781.93	7.038
11786.94	7.037
11791.96	7.036
11796.97	7.035
11801.99	7.034
11807.00	7.033
11812.02	7.032
11817.03	7.031
11822.04	7.030
11827.06	7.029
11832.07	7.028
11837.09	7.026
11842.10	7.026
11847.12	7.025
11852.13	7.024
11857.15	7.022
11862.16	7.022
11867.18	7.021
11872.19	7.019
11877.20	7.018
11882.22	7.017
11887.23	7.016
11892.25	7.015
11897.26	7.014
11902.28	7.013
11907.29	7.012
11912.30	7.011
11917.32	7.010
11922.33	7.009
11927.35	7.008
11932.36	7.007
11937.37	7.006
11942.39	7.005
11947.41	7.004
11952.42	7.003
11957.43	7.001
11962.45	7.000
11967.46	7.000
11972.48	6.999
11977.49	6.997
11982.50	6.996
11987.52	6.995
11992.54	6.994
11997.55	6.993
12002.56	6.992
12007.58	6.991
12012.59	6.990
12017.61	6.989
12022.62	6.988
12027.63	6.987
12032.65	6.985
12037.66	6.984
12042.68	6.983
12047.69	6.982
12052.70	6.981
12057.72	6.980
12062.73	6.979
12067.75	6.978
12072.77	6.977
12077.78	6.976
12082.80	6.975
12087.81	6.974
12092.82	6.972
12097.84	6.972
12102.85	6.970
12107.87	6.970
12112.88	6.968
12117.89	6.967
12122.91	6.966
12127.93	6.965
12132.95	6.964
12137.96	6.962
12142.97	6.961
12147.99	6.960
12153.00	6.959
12158.02	6.958
12163.03	6.957
12168.04	6.956
12173.06	6.955
12178.07	6.953
12183.08	6.952
12188.10	6.951
12193.12	6.950
12198.13	6.949
12203.14	6.948
12208.16	6.947
12213.17	6.946
12218.19	6.944
12223.20	6.943
12228.21	6.942
12233.23	6.941
12238.24	6.940
12243.25	6.939
12248.26	6.938
12253.27	6.937
12258.29	6.936
12263.30	6.934
12268.31	6.933
12273.32	6.932
12278.33	6.931
12283.35	6.930
12288.36	6.929
12293.37	6.927
12298.39	6.926
12303.40	6.925
12308.41	6.924
12313.43	6.923
12318.45	6.921
12323.46	6.921
12328.48	6.919
12333.49	6.918
12338.50	6.917
12343.52	6.915
12348.53	6.914
12353.55	6.913
12358.56	6.912
12363.57	6.911
12368.59	6.910
12373.61	6.908
12378.62	6.907
12383.64	6.906
12388.65	6.905
12393.66	6.903
12398.68	6.902
12403.69	6.901
12408.71	6.900
12413.73	6.899
12418.74	6.897
12423.76	6.896
12428.77	6.895
12433.79	6.894
12438.80	6.892
12443.81	6.891
12448.82	6.890
12453.83	6.889
12458.85	6.888
12463.86	6.887
12468.87	6.886
12473.88	6.884
12478.89	6.883
12483.90	6.882
12488.92	6.881
12493.93	6.879
12498.94	6.878
12503.95	6.877
12508.96	6.876
12513.98	6.874
12518.99	6.873
12524.00	6.872
12529.02	6.871
12534.03	6.869
12539.05	6.868
12544.06	6.867
12549.08	6.866
12554.09	6.864
12559.10	6.863
12564.11	6.862
12569.12	6.861
12574.13	6.860
12579.15	6.858
12584.16	6.857
12589.17	6.855
12594.18	6.854
12599.19	6.853
12604.20	6.852
12609.22	6.851
12614.23	6.849
12619.24	6.848
12624.26	6.847
12629.27	6.845
12634.28	6.844
12639.30	6.843
12644.31	6.842
12649.33	6.840
12654.34	6.839
12659.35	6.838
12664.37	6.836
12669.39	6.835
12674.40	6.834
12679.42	6.832
12684.43	6.831
12689.44	6.830
12694.46	6.829
12699.48	6.827
12704.49	6.826
12709.50	6.825
12714.52	6.824
12719.53	6.822
12724.54	6.821
12729.55	6.819
12734.57	6.818
12739.58	6.817
12744.59	6.815
12749.61	6.814
12754.62	6.813
12759.63	6.811
12764.64	6.810
12769.66	6.809
12774.67	6.807
12779.68	6.806
12784.70	6.805
12789.71	6.803
12794.73	6.802
12799.74	6.800
12804.75	6.799
12809.77	6.798
12814.78	6.796
12819.80	6.795
12824.81	6.794
12829.83	6.792
12834.84	6.791
12839.85	6.790
12844.87	6.788
12849.88	6.787
12854.90	6.785
12859.91	6.784
12864.93	6.783
12869.94	6.781
12874.96	6.780
12879.97	6.778
12884.99	6.777
12890.00	6.776
12895.02	6.774
12900.03	6.773
12905.04	6.772
12910.05	6.770
12915.06	6.769
12920.07	6.768
12925.08	6.766
12930.10	6.765
12935.11	6.763
12940.12	6.762
12945.13	6.761
12950.14	6.759
12955.15	6.758
12960.17	6.756
12965.18	6.755
12970.19	6.753
12975.20	6.752
12980.21	6.751
12985.22	6.749
12990.24	6.748
12995.25	6.746
13000.26	6.745
13005.27	6.743
13010.28	6.742
13015.29	6.740
13020.30	6.739
13025.32	6.738
13030.33	6.736
13035.34	6.735
13040.35	6.733
13045.36	6.732
13050.37	6.730
13055.39	6.729
13060.40	6.727
13065.41	6.726
13070.42	6.724
13075.43	6.723
13080.44	6.721
13085.46	6.720
13090.47	6.719
13095.48	6.717
13100.49	6.716
13105.50	6.714
13110.51	6.713
13115.53	6.711
13120.54	6.710
13125.55	6.708
13130.57	6.707
13135.58	6.705
13140.59	6.703
13145.60	6.702
13150.61	6.701
13155.63	6.699
13160.64	6.698
13165.66	6.696
13170.67	6.695
13175.69	6.693
13180.71	6.692
13185.72	6.690
13190.73	6.689
13195.75	6.687
13200.76	6.686
13205.77	6.684
13210.78	6.683
13215.79	6.681
13220.80	6.680
13225.81	6.678
13230.83	6.676
13235.84	6.675
13240.85	6.673
13245.86	6.672
13250.87	6.670
13255.88	6.668
13260.90	6.667
13265.91	6.665
13270.92	6.664
13275.93	6.662
13280.94	6.661
13285.95	6.659
13290.96	6.658
13295.98	6.656
13300.99	6.655
13306.00	6.653
13311.01	6.651
13316.02	6.650
13321.03	6.648
13326.04	6.647
13331.06	6.645
13336.07	6.643
13341.08	6.642
13346.09	6.640
13351.10	6.639
13356.11	6.637
13361.13	6.635
13366.14	6.634
13371.15	6.632
13376.16	6.631
13381.17	6.629
13386.18	6.627
13391.20	6.626
13396.21	6.624
13401.22	6.623
13406.23	6.621
13411.24	6.620
13416.25	6.618
13421.27	6.616
13426.28	6.614
13431.29	6.613
13436.30	6.611
13441.31	6.609
13446.32	6.608
13451.33	6.606
13456.35	6.605
13461.36	6.603
13466.37	6.601
13471.38	6.599
13476.39	6.598
13481.40	6.596
13486.42	6.595
13491.43	6.593
13496.44	6.591
13501.45	6.590
13506.46	6.588
13511.47	6.586
13516.49	6.585
13521.50	6.583
13526.51	6.581
13531.52	6.580
13536.53	6.578
13541.54	6.576
13546.56	6.574
13551.57	6.573
13556.58	6.571
13561.59	6.570
13566.60	6.568
13571.61	6.566
13576.62	6.564
13581.64	6.562
13586.65	6.561
13591.66	6.559
13596.67	6.557
13601.68	6.555
13606.69	6.554
13611.70	6.552
13616.71	6.550
13621.73	6.548
13626.74	6.547
13631.75	6.545
13636.76	6.543
13641.77	6.542
13646.78	6.540
13651.79	6.538
13656.81	6.536
13661.82	6.535
13666.83	6.533
13671.84	6.531
13676.85	6.529
13681.86	6.528
13686.88	6.526
13691.89	6.524
13696.90	6.522
13701.91	6.521
13706.92	6.519
13711.93	6.517
13716.95	6.515
13721.96	6.513
13726.97	6.511
13731.98	6.510
13736.99	6.508
13742.00	6.506
13747.02	6.504
13752.03	6.503
13757.04	6.501
13762.05	6.499
13767.06	6.497
13772.07	6.495
13777.08	6.494
13782.10	6.492
13787.11	6.490
13792.12	6.488
13797.13	6.486
13802.14	6.484
13807.15	6.483
13812.17	6.481
13817.18	6.479
13822.19	6.477
13827.20	6.475
13832.21	6.473
13837.22	6.471
13842.24	6.469
13847.25	6.468
13852.26	6.466
13857.27	6.464
13862.29	6.462
13867.30	6.460
13872.32	6.459
13877.33	6.457
13882.35	6.455
13887.36	6.453
13892.37	6.451
13897.38	6.449
13902.39	6.447
13907.41	6.445
13912.42	6.443
13917.43	6.441
13922.44	6.439
13927.45	6.437
13932.47	6.435
13937.48	6.433
13942.50	6.431
13947.51	6.429
13952.52	6.428
13957.54	6.426
13962.55	6.424
13967.57	6.422
13972.58	6.420
13977.59	6.418
13982.61	6.416
13987.62	6.414
13992.64	6.412
13997.65	6.410
14002.66	6.408
14007.68	6.406
14012.69	6.404
14017.70	6.402
14022.71	6.400
14027.72	6.398
14032.73	6.396
14037.75	6.394
14042.76	6.392
14047.78	6.390
14052.79	6.388
14057.81	6.385
14062.82	6.383
14067.83	6.381
14072.85	6.379
14077.86	6.377
14082.87	6.375
14087.88	6.373
14092.89	6.371
14097.90	6.369
14102.92	6.367
14107.93	6.365
14112.95	6.363
14117.96	6.360
14122.97	6.358
14127.99	6.356
14133.00	6.354
14138.01	6.351
14143.02	6.349
14148.04	6.347
14153.05	6.345
14158.07	6.343
14163.08	6.341
14168.09	6.339
14173.11	6.336
14178.13	6.334
14183.14	6.332
14188.15	6.329
14193.16	6.327
14198.17	6.325
14203.19	6.323
14208.20	6.321
14213.21	6.318
14218.22	6.316
14223.23	6.314
14228.24	6.312
14233.25	6.309
14238.27	6.307
14243.28	6.304
14248.29	6.302
14253.30	6.300
14258.31	6.297
14263.32	6.295
14268.33	6.293
14273.34	6.290
14278.35	6.288
14283.36	6.286
14288.37	6.284
14293.38	6.281
14298.38	6.279
14303.39	6.276
14308.40	6.274
14313.41	6.272
14318.42	6.269
14323.43	6.267
14328.44	6.265
14333.44	6.262
14338.45	6.260
14343.46	6.258
14348.47	6.255
14353.48	6.253
14358.49	6.250
14363.50	6.248
14368.50	6.245
14373.51	6.243
14378.52	6.240
14383.53	6.238
14388.54	6.236
14393.55	6.233
14398.56	6.231
14403.56	6.228
14408.57	6.226
14413.58	6.223
14418.59	6.221
14423.60	6.219
14428.61	6.216
14433.62	6.214
14438.62	6.211
14443.63	6.209
14448.64	6.206
14453.65	6.204
14458.66	6.201
14463.67	6.199
14468.68	6.196
14473.68	6.194
14478.69	6.191
14483.70	6.189
14488.71	6.186
14493.72	6.184
14498.73	6.181
14503.74	6.179
14508.74	6.176
14513.75	6.174
14518.76	6.172
14523.77	6.169
14528.78	6.167
14533.79	6.164
14538.79	6.162
14543.80	6.159
14548.81	6.157
14553.82	6.155
14558.83	6.152
14563.84	6.150
14568.85	6.147
14573.85	6.145
14578.86	6.142
14583.87	6.140
14588.88	6.137
14593.89	6.135
14598.90	6.132
14603.91	6.130
14608.91	6.128
14613.92	6.125
14618.93	6.123
14623.94	6.120
14628.95	6.118
14633.96	6.115
14638.97	6.113
14643.97	6.110
14648.98	6.108
14653.99	6.106
14659.00	6.103
14664.01	6.101
14669.02	6.098
14674.02	6.096
14679.03	6.093
14684.05	6.091
14689.06	6.088
14694.07	6.086
14699.08	6.084
14704.09	6.081
14709.10	6.079
14714.10	6.077
14719.11	6.074
14724.12	6.072
14729.13	6.069
14734.14	6.067
14739.15	6.065
14744.16	6.062
14749.16	6.060
14754.17	6.058
14759.18	6.055
14764.19	6.053
14769.20	6.050
14774.21	6.048
14779.21	6.046
14784.22	6.043
14789.23	6.041
14794.24	6.038
14799.25	6.036
14804.26	6.034
14809.27	6.031
14814.27	6.029
14819.28	6.027
14824.29	6.024
14829.30	6.022
14834.31	6.020
14839.32	6.017
14844.33	6.015
14849.33	6.013
14854.34	6.010
14859.35	6.008
14864.36	6.006
14869.37	6.003
14874.38	6.001
14879.39	5.999
14884.39	5.996
14889.40	5.994
14894.41	5.992
14899.42	5.989
14904.43	5.987
14909.44	5.985
14914.45	5.983
14919.45	5.980
14924.46	5.978
14929.47	5.976
14934.48	5.974
14939.49	5.971
