0.00	7.916
5.01	7.912
10.02	7.912
15.04	7.912
20.05	7.912
25.06	7.912
30.07	7.911
35.08	7.912
40.09	7.912
45.10	7.912
50.12	7.912
55.13	7.912
60.14	7.685
65.15	7.701
70.16	7.705
75.17	7.708
80.19	7.709
85.20	7.710
90.21	7.712
95.22	7.712
100.23	7.712
105.24	7.712
110.25	7.712
115.27	7.712
120.28	7.712
125.29	7.711
130.30	7.711
135.31	7.710
140.32	7.710
145.34	7.709
150.35	7.709
155.36	7.709
160.37	7.708
165.38	7.707
170.39	7.707
175.40	7.707
180.42	7.706
185.43	7.706
190.44	7.706
195.45	7.706
200.46	7.705
205.47	7.705
210.49	7.704
215.50	7.704
220.51	7.703
225.52	7.703
230.53	7.703
235.54	7.702
240.56	7.702
245.57	7.702
250.58	7.701
255.59	7.701
260.60	7.701
265.61	7.701
270.63	7.700
275.64	7.700
280.65	7.700
285.66	7.700
290.67	7.699
295.68	7.699
300.69	7.699
305.71	7.699
310.72	7.699
315.73	7.698
320.74	7.698
325.75	7.698
330.76	7.697
335.78	7.697
340.79	7.697
345.80	7.696
350.82	7.696
355.83	7.696
360.84	7.696
365.85	7.696
370.86	7.695
375.87	7.695
380.89	7.695
385.90	7.695
390.91	7.695
395.92	7.694
400.93	7.694
405.94	7.694
410.95	7.693
415.96	7.693
420.98	7.693
425.99	7.693
431.00	7.692
436.01	7.692
441.02	7.692
446.03	7.692
451.05	7.691
456.06	7.691
461.07	7.691
466.08	7.691
471.10	7.691
476.11	7.690
481.12	7.690
486.13	7.690
491.15	7.690
496.16	7.690
501.17	7.690
506.18	7.689
511.19	7.689
516.20	7.689
521.22	7.689
526.23	7.688
531.24	7.688
536.25	7.688
541.26	7.688
546.27	7.688
551.29	7.687
556.30	7.687
561.31	7.687
566.32	7.686
571.33	7.686
576.34	7.686
581.35	7.686
586.37	7.686
591.38	7.686
596.39	7.685
601.40	7.685
606.41	7.685
611.42	7.685
616.44	7.684
621.45	7.684
626.46	7.684
631.47	7.684
636.48	7.683
641.49	7.683
646.51	7.683
651.52	7.683
656.53	7.682
661.54	7.682
666.55	7.682
671.56	7.682
676.57	7.682
681.59	7.682
686.60	7.682
691.61	7.681
696.62	7.681
701.63	7.681
706.64	7.680
711.66	7.680
716.67	7.680
721.68	7.680
726.69	7.680
731.70	7.680
736.71	7.679
741.73	7.679
746.74	7.679
751.75	7.679
756.76	7.678
761.77	7.678
766.78	7.678
771.79	7.678
776.81	7.678
781.82	7.678
786.83	7.677
791.84	7.677
796.85	7.677
801.86	7.677
806.88	7.676
811.89	7.676
816.90	7.676
821.91	7.676
826.92	7.676
831.93	7.676
836.95	7.675
841.96	7.675
846.97	7.675
851.99	7.675
857.01	7.675
862.02	7.674
867.04	7.674
872.05	7.674
877.06	7.674
882.08	7.674
887.09	7.673
892.10	7.673
897.11	7.673
902.12	7.673
907.13	7.672
912.15	7.672
917.16	7.672
922.17	7.672
927.18	7.672
932.19	7.671
937.20	7.671
942.22	7.671
947.23	7.671
952.24	7.671
957.25	7.670
962.26	7.670
967.27	7.670
972.29	7.670
977.30	7.670
982.31	7.669
987.32	7.669
992.33	7.669
997.34	7.669
1002.36	7.669
1007.37	7.669
1012.38	7.669
1017.39	7.668
1022.40	7.668
1027.41	7.668
1032.42	7.667
1037.44	7.667
1042.45	7.667
1047.46	7.667
1052.47	7.667
1057.48	7.667
1062.49	7.666
1067.51	7.666
1072.52	7.666
1077.53	7.666
1082.54	7.665
1087.55	7.665
1092.56	7.665
1097.57	7.665
1102.59	7.665
1107.60	7.665
1112.61	7.664
1117.62	7.664
1122.63	7.664
1127.64	7.664
1132.66	7.664
1137.67	7.663
1142.68	7.663
1147.69	7.663
1152.70	7.663
1157.71	7.662
1162.73	7.662
1167.74	7.662
1172.75	7.662
1177.76	7.662
1182.77	7.662
1187.78	7.661
1192.79	7.661
1197.81	7.661
1202.82	7.661
1207.83	7.660
1212.84	7.660
1217.85	7.660
1222.86	7.660
1227.88	7.659
1232.89	7.659
1237.90	7.659
1242.91	7.659
1247.92	7.659
1252.93	7.659
1257.95	7.659
1262.96	7.658
1267.97	7.658
1272.98	7.658
1277.99	7.658
1283.00	7.657
1288.01	7.657
1293.03	7.657
1298.04	7.656
1303.05	7.656
1308.06	7.656
1313.07	7.656
1318.08	7.656
1323.10	7.655
1328.11	7.655
1333.12	7.655
1338.13	7.655
1343.14	7.655
1348.15	7.654
1353.16	7.654
1358.18	7.654
1363.19	7.654
1368.20	7.653
1373.21	7.653
1378.22	7.653
1383.23	7.653
1388.25	7.653
1393.26	7.652
1398.27	7.652
1403.28	7.652
1408.29	7.651
1413.30	7.651
1418.32	7.651
1423.33	7.651
1428.34	7.651
1433.35	7.651
1438.36	7.651
1443.37	7.650
1448.38	7.650
1453.40	7.650
1458.41	7.650
1463.42	7.650
1468.43	7.649
1473.44	7.649
1478.45	7.648
1483.47	7.648
1488.48	7.648
1493.49	7.648
1498.50	7.648
1503.51	7.647
1508.52	7.647
1513.54	7.647
1518.55	7.647
1523.56	7.647
1528.57	7.647
1533.58	7.646
1538.59	7.646
1543.61	7.646
1548.62	7.646
1553.64	7.645
1558.65	7.645
1563.67	7.645
1568.68	7.645
1573.69	7.644
1578.71	7.644
1583.72	7.644
1588.74	7.644
1593.75	7.643
1598.76	7.643
1603.77	7.643
1608.78	7.643
1613.79	7.642
1618.81	7.642
1623.82	7.642
1628.83	7.642
1633.84	7.642
1638.85	7.641
1643.87	7.641
1648.88	7.641
1653.90	7.641
1658.91	7.640
1663.92	7.640
1668.93	7.640
1673.95	7.640
1678.96	7.639
1683.97	7.639
1688.98	7.639
1693.99	7.639
1699.00	7.639
1704.02	7.638
1709.03	7.638
1714.04	7.638
1719.05	7.638
1724.06	7.637
1729.07	7.637
1734.08	7.637
1739.10	7.637
1744.11	7.637
1749.12	7.636
1754.13	7.636
1759.14	7.636
1764.15	7.636
1769.16	7.635
1774.18	7.635
1779.19	7.635
1784.20	7.635
1789.21	7.634
1794.22	7.634
1799.23	7.634
1804.25	7.634
1809.26	7.634
1814.27	7.633
1819.28	7.633
1824.29	7.633
1829.30	7.633
1834.32	7.632
1839.33	7.632
1844.34	7.632
1849.35	7.631
1854.36	7.631
1859.37	7.631
1864.39	7.631
1869.40	7.631
1874.41	7.631
1879.42	7.630
1884.43	7.630
1889.44	7.630
1894.45	7.630
1899.47	7.629
1904.48	7.629
1909.49	7.629
1914.50	7.629
1919.51	7.628
1924.52	7.628
1929.54	7.628
1934.55	7.627
1939.56	7.627
1944.57	7.627
1949.58	7.627
1954.59	7.627
1959.60	7.626
1964.62	7.626
1969.63	7.626
1974.64	7.626
1979.65	7.625
1984.67	7.625
1989.68	7.625
1994.70	7.624
1999.71	7.624
2004.73	7.624
2009.74	7.624
2014.75	7.623
2019.77	7.623
2024.78	7.623
2029.80	7.623
2034.81	7.623
2039.83	7.623
2044.84	7.622
2049.85	7.622
2054.86	7.622
2059.87	7.621
2064.88	7.621
2069.89	7.621
2074.91	7.620
2079.92	7.620
2084.93	7.620
2089.94	7.620
2094.95	7.619
2099.96	7.619
2104.98	7.619
2109.99	7.619
2115.00	7.618
2120.01	7.618
2125.03	7.618
2130.04	7.618
2135.05	7.617
2140.06	7.617
2145.07	7.617
2150.08	7.617
2155.09	7.617
2160.11	7.617
2165.12	7.616
2170.13	7.616
2175.14	7.616
2180.15	7.615
2185.16	7.615
2190.17	7.615
2195.19	7.615
2200.20	7.614
2205.21	7.614
2210.22	7.614
2215.23	7.614
2220.24	7.613
2225.26	7.613
2230.27	7.613
2235.28	7.613
2240.29	7.612
2245.30	7.612
2250.31	7.612
2255.32	7.612
2260.34	7.611
2265.35	7.611
2270.36	7.611
2275.37	7.611
2280.38	7.610
2285.39	7.610
2290.41	7.610
2295.42	7.609
2300.43	7.609
2305.44	7.609
2310.45	7.609
2315.46	7.608
2320.48	7.608
2325.49	7.608
2330.50	7.608
2335.51	7.608
2340.52	7.607
2345.53	7.607
2350.54	7.607
2355.55	7.607
2360.57	7.606
2365.58	7.606
2370.59	7.606
2375.60	7.605
2380.61	7.605
2385.62	7.605
2390.63	7.605
2395.65	7.605
2400.66	7.604
2405.67	7.604
2410.68	7.604
2415.69	7.603
2420.70	7.603
2425.72	7.603
2430.73	7.602
2435.74	7.602
2440.75	7.602
2445.76	7.602
2450.77	7.602
2455.78	7.601
2460.80	7.601
2465.81	7.601
2470.82	7.601
2475.83	7.600
2480.84	7.600
2485.85	7.600
2490.87	7.600
2495.88	7.599
2500.89	7.599
2505.90	7.599
2510.91	7.598
2515.92	7.598
2520.94	7.598
2525.95	7.598
2530.96	7.597
2535.97	7.597
2540.98	7.597
2545.99	7.597
2551.00	7.596
2556.02	7.596
2561.03	7.596
2566.04	7.596
2571.05	7.596
2576.06	7.595
2581.07	7.595
2586.09	7.595
2591.10	7.594
2596.11	7.594
2601.12	7.594
2606.13	7.594
2611.14	7.593
2616.15	7.593
2621.17	7.593
2626.18	7.592
2631.19	7.592
2636.20	7.592
2641.21	7.591
2646.22	7.591
2651.24	7.591
2656.25	7.591
2661.26	7.591
2666.27	7.590
2671.28	7.590
2676.29	7.590
2681.31	7.590
2686.32	7.590
2691.33	7.589
2696.34	7.589
2701.35	7.589
2706.36	7.589
2711.38	7.588
2716.39	7.588
2721.40	7.587
2726.41	7.587
2731.42	7.587
2736.43	7.586
2741.44	7.586
2746.46	7.586
2751.47	7.586
2756.48	7.586
2761.49	7.585
2766.50	7.585
2771.51	7.585
2776.53	7.584
2781.54	7.584
2786.55	7.584
2791.56	7.584
2796.57	7.583
2801.58	7.583
2806.60	7.583
2811.61	7.583
2816.62	7.582
2821.63	7.582
2826.64	7.582
2831.65	7.582
2836.66	7.581
2841.68	7.581
2846.69	7.581
2851.70	7.581
2856.71	7.580
2861.72	7.580
2866.73	7.579
2871.75	7.579
2876.76	7.579
2881.77	7.579
2886.78	7.578
2891.79	7.578
2896.80	7.578
2901.82	7.578
2906.83	7.578
2911.84	7.577
2916.85	7.577
2921.86	7.577
2926.87	7.576
2931.88	7.576
2936.90	7.576
2941.91	7.575
2946.92	7.575
2951.93	7.575
2956.94	7.575
2961.95	7.574
2966.97	7.574
2971.98	7.574
2976.99	7.573
2982.00	7.573
2987.01	7.573
2992.02	7.573
2997.03	7.572
3002.05	7.572
3007.06	7.572
3012.07	7.572
3017.08	7.571
3022.09	7.571
3027.10	7.571
3032.12	7.571
3037.13	7.570
3042.14	7.570
3047.15	7.570
3052.16	7.570
3057.17	7.569
3062.19	7.569
3067.20	7.569
3072.21	7.568
3077.22	7.568
3082.23	7.568
3087.24	7.567
3092.25	7.567
3097.26	7.567
3102.28	7.566
3107.29	7.566
3112.30	7.566
3117.31	7.566
3122.32	7.565
3127.33	7.565
3132.35	7.565
3137.36	7.565
3142.37	7.564
3147.38	7.564
3152.39	7.564
3157.40	7.564
3162.41	7.563
3167.43	7.563
3172.44	7.563
3177.45	7.563
3182.46	7.562
3187.47	7.562
3192.48	7.562
3197.49	7.561
3202.51	7.561
3207.52	7.561
3212.53	7.561
3217.54	7.560
3222.55	7.560
3227.56	7.560
3232.58	7.559
3237.59	7.559
3242.60	7.559
3247.61	7.559
3252.62	7.558
3257.63	7.558
3262.64	7.558
3267.66	7.558
3272.67	7.557
3277.68	7.557
3282.69	7.557
3287.70	7.556
3292.71	7.556
3297.73	7.556
3302.74	7.555
3307.75	7.555
3312.76	7.555
3317.77	7.555
3322.78	7.554
3327.80	7.554
3332.81	7.554
3337.82	7.554
3342.83	7.553
3347.84	7.553
3352.85	7.553
3357.86	7.553
3362.88	7.552
3367.89	7.552
3372.91	7.552
3377.92	7.551
3382.94	7.551
3387.95	7.551
3392.97	7.550
3397.98	7.550
3403.00	7.550
3408.01	7.549
3413.03	7.549
3418.04	7.549
3423.05	7.549
3428.06	7.548
3433.08	7.548
3438.09	7.548
3443.10	7.548
3448.11	7.547
3453.12	7.547
3458.13	7.547
3463.15	7.547
3468.16	7.547
3473.18	7.546
3478.19	7.546
3483.20	7.546
3488.21	7.545
3493.22	7.545
3498.23	7.545
3503.25	7.544
3508.26	7.544
3513.27	7.544
3518.29	7.543
3523.30	7.543
3528.31	7.543
3533.33	7.543
3538.34	7.543
3543.38	7.542
3548.40	7.542
3553.41	7.542
3558.43	7.541
3563.45	7.541
3568.46	7.541
3573.47	7.541
3578.49	7.540
3583.50	7.540
3588.51	7.540
3593.52	7.539
3598.54	7.539
3603.55	7.539
3608.56	7.538
3613.57	7.538
3618.58	7.538
3623.59	7.537
3628.61	7.537
3633.62	7.537
3638.63	7.536
3643.64	7.536
3648.65	7.536
3653.66	7.535
3658.68	7.535
3663.69	7.535
3668.70	7.535
3673.71	7.534
3678.72	7.534
3683.73	7.534
3688.75	7.534
3693.76	7.533
3698.77	7.533
3703.78	7.533
3708.79	7.532
3713.80	7.532
3718.81	7.532
3723.83	7.532
3728.84	7.531
3733.85	7.531
3738.87	7.531
3743.88	7.531
3748.89	7.530
3753.91	7.530
3758.92	7.530
3763.94	7.529
3768.95	7.529
3773.97	7.529
3778.98	7.528
3784.00	7.528
3789.01	7.528
3794.03	7.527
3799.04	7.527
3804.05	7.527
3809.06	7.526
3814.07	7.526
3819.08	7.526
3824.09	7.526
3829.11	7.526
3834.12	7.525
3839.13	7.525
3844.14	7.525
3849.15	7.524
3854.16	7.524
3859.17	7.524
3864.19	7.523
3869.20	7.523
3874.21	7.523
3879.22	7.523
3884.23	7.522
3889.24	7.522
3894.26	7.521
3899.27	7.521
3904.28	7.521
3909.29	7.520
3914.30	7.520
3919.31	7.520
3924.33	7.520
3929.34	7.519
3934.35	7.519
3939.36	7.518
3944.37	7.518
3949.39	7.518
3954.40	7.518
3959.41	7.518
3964.43	7.517
3969.44	7.517
3974.45	7.517
3979.46	7.516
3984.47	7.516
3989.48	7.516
3994.50	7.516
3999.51	7.515
4004.52	7.515
4009.53	7.515
4014.54	7.514
4019.55	7.514
4024.57	7.514
4029.58	7.513
4034.59	7.513
4039.60	7.513
4044.61	7.513
4049.62	7.512
4054.63	7.512
4059.64	7.512
4064.66	7.512
4069.67	7.511
4074.68	7.511
4079.69	7.511
4084.70	7.511
4089.71	7.510
4094.73	7.510
4099.74	7.510
4104.75	7.509
4109.76	7.509
4114.77	7.509
4119.78	7.508
4124.80	7.508
4129.81	7.508
4134.82	7.507
4139.83	7.507
4144.84	7.507
4149.85	7.507
4154.86	7.507
4159.88	7.506
4164.89	7.506
4169.90	7.506
4174.91	7.505
4179.92	7.505
4184.94	7.505
4189.95	7.504
4194.96	7.504
4199.97	7.504
4204.98	7.504
4209.99	7.503
4215.01	7.503
4220.02	7.503
4225.03	7.503
4230.04	7.502
4235.05	7.502
4240.06	7.502
4245.08	7.501
4250.09	7.501
4255.10	7.501
4260.11	7.500
4265.12	7.500
4270.13	7.500
4275.15	7.500
4280.16	7.499
4285.17	7.499
4290.18	7.499
4295.19	7.499
4300.20	7.498
4305.22	7.498
4310.23	7.498
4315.24	7.498
4320.25	7.497
4325.26	7.497
4330.27	7.497
4335.28	7.496
4340.30	7.496
4345.31	7.496
4350.32	7.496
4355.33	7.495
4360.34	7.495
4365.35	7.495
4370.37	7.494
4375.38	7.494
4380.39	7.494
4385.40	7.494
4390.41	7.493
4395.42	7.493
4400.43	7.493
4405.45	7.492
4410.46	7.492
4415.47	7.492
4420.48	7.492
4425.49	7.492
4430.50	7.491
4435.52	7.491
4440.53	7.491
4445.54	7.490
4450.55	7.490
4455.56	7.490
4460.57	7.490
4465.58	7.489
4470.59	7.489
4475.61	7.489
4480.62	7.489
4485.63	7.488
4490.64	7.488
4495.65	7.488
4500.66	7.487
4505.68	7.487
4510.69	7.487
4515.70	7.487
4520.71	7.486
4525.72	7.486
4530.73	7.486
4535.75	7.486
4540.76	7.486
4545.77	7.485
4550.78	7.485
4555.79	7.485
4560.80	7.484
4565.81	7.484
4570.83	7.484
4575.84	7.484
4580.85	7.483
4585.86	7.483
4590.87	7.483
4595.88	7.483
4600.90	7.482
4605.91	7.482
4610.92	7.482
4615.93	7.482
4620.94	7.482
4625.95	7.481
4630.96	7.481
4635.98	7.481
4640.99	7.481
4646.00	7.480
4651.01	7.480
4656.02	7.480
4661.03	7.480
4666.05	7.479
4671.06	7.479
4676.07	7.479
4681.08	7.479
4686.09	7.478
4691.10	7.478
4696.11	7.478
4701.13	7.478
4706.14	7.477
4711.15	7.477
4716.16	7.477
4721.17	7.477
4726.18	7.476
4731.20	7.476
4736.21	7.476
4741.22	7.476
4746.23	7.476
4751.24	7.475
4756.25	7.475
4761.26	7.475
4766.27	7.475
4771.29	7.475
4776.30	7.475
4781.31	7.474
4786.32	7.474
4791.33	7.474
4796.34	7.474
4801.35	7.473
4806.37	7.473
4811.38	7.473
4816.39	7.473
4821.40	7.472
4826.41	7.472
4831.43	7.472
4836.44	7.472
4841.45	7.472
4846.47	7.471
4851.48	7.471
4856.50	7.471
4861.51	7.471
4866.53	7.471
4871.54	7.470
4876.55	7.470
4881.56	7.470
4886.57	7.469
4891.59	7.469
4896.60	7.469
4901.61	7.469
4906.63	7.469
4911.64	7.468
4916.66	7.468
4921.67	7.468
4926.69	7.468
4931.70	7.468
4936.71	7.468
4941.73	7.467
4946.74	7.467
4951.76	7.467
4956.78	7.466
4961.79	7.466
4966.80	7.466
4971.81	7.466
4976.82	7.466
4981.83	7.466
4986.84	7.466
4991.86	7.465
4996.87	7.465
5001.88	7.465
5006.89	7.464
5011.90	7.465
5016.91	7.464
5021.93	7.464
5026.94	7.464
5031.95	7.464
5036.96	7.463
5041.97	7.463
5046.98	7.463
5051.99	7.463
5057.01	7.463
5062.02	7.462
5067.03	7.462
5072.04	7.462
5077.05	7.462
5082.06	7.462
5087.08	7.462
5092.09	7.461
5097.10	7.461
5102.11	7.461
5107.12	7.461
5112.13	7.460
5117.15	7.460
5122.16	7.460
5127.17	7.460
5132.18	7.460
5137.19	7.460
5142.20	7.459
5147.22	7.459
5152.23	7.459
5157.24	7.459
5162.25	7.458
5167.26	7.458
5172.27	7.458
5177.28	7.458
5182.30	7.458
5187.31	7.458
5192.32	7.458
5197.33	7.457
5202.34	7.457
5207.35	7.457
5212.37	7.457
5217.38	7.457
5222.39	7.457
5227.40	7.457
5232.41	7.456
5237.42	7.456
5242.43	7.456
5247.45	7.456
5252.46	7.455
5257.47	7.455
5262.48	7.455
5267.49	7.455
5272.50	7.454
5277.51	7.455
5282.53	7.455
5287.54	7.454
5292.55	7.454
5297.56	7.454
5302.57	7.453
5307.58	7.453
5312.60	7.453
5317.61	7.453
5322.63	7.453
5327.64	7.453
5332.65	7.453
5337.66	7.453
5342.68	7.452
5347.69	7.452
5352.70	7.452
5357.71	7.452
5362.72	7.451
5367.74	7.451
5372.75	7.451
5377.76	7.451
5382.77	7.451
5387.78	7.451
5392.79	7.450
5397.81	7.450
5402.82	7.450
5407.84	7.450
5412.85	7.450
5417.87	7.450
5422.88	7.449
5427.90	7.449
5432.91	7.449
5437.92	7.449
5442.94	7.449
5447.95	7.448
5452.96	7.448
5457.97	7.448
5462.99	7.448
5468.00	7.448
5473.01	7.448
5478.02	7.447
5483.03	7.447
5488.04	7.447
5493.06	7.447
5498.07	7.447
5503.08	7.447
5508.10	7.446
5513.11	7.446
5518.13	7.446
5523.14	7.446
5528.15	7.446
5533.17	7.446
5538.18	7.446
5543.20	7.446
5548.21	7.445
5553.22	7.445
5558.24	7.445
5563.25	7.445
5568.26	7.445
5573.27	7.444
5578.28	7.444
5583.29	7.444
5588.31	7.444
5593.32	7.444
5598.33	7.444
5603.34	7.444
5608.35	7.444
5613.36	7.443
5618.37	7.443
5623.39	7.443
5628.40	7.443
5633.41	7.443
5638.42	7.442
5643.43	7.442
5648.44	7.442
5653.45	7.442
5658.47	7.442
5663.48	7.441
5668.49	7.442
5673.50	7.441
5678.51	7.441
5683.52	7.441
5688.53	7.441
5693.55	7.441
5698.56	7.440
5703.57	7.440
5708.58	7.440
5713.59	7.440
5718.60	7.440
5723.61	7.440
5728.63	7.440
5733.64	7.439
5738.65	7.439
5743.66	7.439
5748.67	7.439
5753.68	7.439
5758.70	7.439
5763.71	7.439
5768.72	7.438
5773.73	7.438
5778.74	7.438
5783.75	7.438
5788.77	7.438
5793.78	7.438
5798.79	7.438
5803.80	7.438
5808.81	7.437
5813.82	7.437
5818.83	7.437
5823.85	7.437
5828.86	7.437
5833.87	7.436
5838.88	7.436
5843.89	7.436
5848.90	7.436
5853.91	7.436
5858.93	7.436
5863.94	7.435
5868.95	7.435
5873.96	7.435
5878.97	7.435
5883.98	7.435
5889.00	7.435
5894.01	7.435
5899.02	7.435
5904.03	7.434
5909.04	7.434
5914.05	7.434
5919.07	7.434
5924.08	7.434
5929.09	7.434
5934.10	7.434
5939.11	7.433
5944.12	7.433
5949.14	7.433
5954.16	7.433
5959.17	7.433
5964.19	7.433
5969.20	7.433
5974.22	7.433
5979.23	7.432
5984.25	7.432
5989.27	7.432
5994.28	7.432
5999.29	7.432
6004.30	7.432
6009.31	7.432
6014.33	7.432
6019.34	7.432
6024.35	7.431
6029.36	7.431
6034.37	7.431
6039.39	7.431
6044.40	7.431
6049.41	7.431
6054.42	7.430
6059.43	7.430
6064.44	7.430
6069.46	7.430
6074.47	7.430
6079.48	7.430
6084.49	7.430
6089.50	7.429
6094.51	7.429
6099.53	7.429
6104.55	7.429
6109.56	7.429
6114.58	7.429
6119.59	7.429
6124.61	7.429
6129.62	7.428
6134.63	7.428
6139.65	7.428
6144.66	7.428
6149.68	7.428
6154.69	7.428
6159.70	7.428
6164.71	7.428
6169.72	7.427
6174.73	7.427
6179.75	7.427
6184.76	7.427
6189.77	7.427
6194.78	7.427
6199.79	7.427
6204.80	7.427
6209.82	7.426
6214.83	7.426
6219.85	7.426
6224.86	7.426
6229.88	7.426
6234.89	7.426
6239.90	7.426
6244.92	7.426
6249.93	7.426
6254.95	7.425
6259.96	7.425
6264.97	7.425
6269.99	7.425
6275.00	7.425
6280.01	7.425
6285.02	7.425
6290.03	7.424
6295.04	7.424
6300.06	7.424
6305.07	7.424
6310.08	7.424
6315.09	7.424
6320.10	7.423
6325.11	7.423
6330.13	7.423
6335.15	7.423
6340.16	7.423
6345.17	7.423
6350.19	7.423
6355.20	7.423
6360.21	7.423
6365.23	7.422
6370.24	7.422
6375.25	7.422
6380.26	7.422
6385.28	7.422
6390.29	7.422
6395.30	7.422
6400.31	7.422
6405.32	7.421
6410.33	7.421
6415.35	7.421
6420.36	7.421
6425.37	7.421
6430.38	7.421
6435.39	7.420
6440.40	7.420
6445.42	7.421
6450.43	7.420
6455.44	7.420
6460.45	7.420
6465.46	7.420
6470.47	7.420
6475.48	7.420
6480.50	7.420
6485.51	7.419
6490.52	7.419
6495.53	7.419
6500.54	7.419
6505.55	7.419
6510.57	7.419
6515.58	7.418
6520.59	7.418
6525.60	7.418
6530.61	7.418
6535.62	7.418
6540.63	7.418
6545.64	7.417
6550.66	7.418
6555.67	7.417
6560.68	7.417
6565.69	7.417
6570.70	7.417
6575.71	7.417
6580.73	7.417
6585.74	7.417
6590.75	7.416
6595.76	7.416
6600.77	7.416
6605.78	7.416
6610.79	7.416
6615.81	7.416
6620.82	7.416
6625.83	7.416
6630.84	7.416
6635.85	7.415
6640.86	7.415
6645.88	7.415
6650.89	7.415
6655.90	7.415
6660.91	7.415
6665.92	7.415
6670.93	7.415
6675.94	7.414
6680.95	7.414
6685.97	7.414
6690.98	7.414
6695.99	7.414
6701.00	7.414
6706.01	7.414
6711.02	7.414
6716.04	7.413
6721.06	7.413
6726.07	7.413
6731.09	7.413
6736.10	7.413
6741.12	7.413
6746.13	7.413
6751.16	7.412
6756.17	7.412
6761.18	7.412
6766.19	7.412
6771.20	7.412
6776.21	7.412
6781.22	7.412
6786.24	7.412
6791.25	7.412
6796.26	7.412
6801.27	7.411
6806.28	7.411
6811.29	7.411
6816.31	7.411
6821.32	7.411
6826.33	7.411
6831.34	7.411
6836.35	7.410
6841.36	7.410
6846.37	7.410
6851.39	7.410
6856.40	7.410
6861.41	7.410
6866.42	7.410
6871.43	7.409
6876.44	7.409
6881.46	7.409
6886.47	7.409
6891.48	7.409
6896.49	7.409
6901.50	7.409
6906.51	7.409
6911.52	7.409
6916.54	7.408
6921.55	7.408
6926.56	7.408
6931.57	7.408
6936.58	7.408
6941.59	7.408
6946.61	7.408
6951.62	7.408
6956.63	7.407
6961.64	7.407
6966.65	7.407
6971.66	7.407
6976.67	7.407
6981.69	7.407
6986.70	7.407
6991.71	7.407
6996.72	7.407
7001.73	7.407
7006.74	7.406
7011.76	7.406
7016.77	7.406
7021.78	7.406
7026.80	7.406
7031.81	7.405
7036.82	7.405
7041.83	7.405
7046.84	7.405
7051.85	7.405
7056.87	7.405
7061.88	7.405
7066.89	7.405
7071.90	7.405
7076.91	7.404
7081.92	7.404
7086.93	7.404
7091.95	7.404
7096.96	7.404
7101.97	7.404
7106.98	7.404
7111.99	7.404
7117.00	7.403
7122.02	7.403
7127.03	7.403
7132.04	7.403
7137.05	7.403
7142.06	7.403
7147.07	7.403
7152.09	7.403
7157.10	7.403
7162.11	7.402
7167.12	7.402
7172.13	7.402
7177.14	7.402
7182.16	7.402
7187.17	7.402
7192.18	7.402
7197.19	7.402
7202.20	7.402
7207.21	7.402
7212.23	7.401
7217.25	7.401
7222.26	7.401
7227.28	7.401
7232.29	7.401
7237.31	7.401
7242.32	7.400
7247.33	7.400
7252.35	7.400
7257.36	7.400
7262.37	7.400
7267.39	7.400
7272.40	7.400
7277.41	7.399
7282.42	7.399
7287.43	7.399
7292.44	7.399
7297.45	7.399
7302.47	7.399
7307.48	7.399
7312.49	7.399
7317.50	7.398
7322.51	7.398
7327.53	7.398
7332.54	7.398
7337.56	7.398
7342.57	7.398
7347.59	7.398
7352.60	7.398
7357.62	7.398
7362.63	7.397
7367.65	7.397
7372.66	7.397
7377.67	7.397
7382.68	7.397
7387.69	7.397
7392.70	7.396
7397.72	7.396
7402.73	7.396
7407.74	7.396
7412.75	7.396
7417.76	7.396
7422.77	7.396
7427.80	7.396
7432.81	7.396
7437.82	7.396
7442.84	7.395
7447.85	7.395
7452.86	7.395
7457.88	7.395
7462.90	7.395
7467.91	7.395
7472.92	7.395
7477.93	7.394
7482.94	7.394
7487.95	7.394
7492.97	7.395
7497.98	7.394
7502.99	7.394
7508.00	7.394
7513.01	7.394
7518.03	7.394
7523.05	7.394
7528.06	7.393
7533.07	7.393
7538.09	7.393
7543.10	7.393
7548.11	7.392
7553.12	7.392
7558.14	7.392
7563.15	7.392
7568.16	7.392
7573.17	7.392
7578.19	7.392
7583.21	7.392
7588.22	7.392
7593.23	7.392
7598.25	7.392
7603.26	7.391
7608.28	7.391
7613.29	7.391
7618.30	7.391
7623.32	7.391
7628.33	7.391
7633.34	7.390
7638.35	7.390
7643.36	7.390
7648.37	7.390
7653.39	7.390
7658.40	7.389
7663.41	7.389
7668.42	7.389
7673.43	7.389
7678.45	7.389
7683.47	7.389
7688.48	7.389
7693.49	7.388
7698.51	7.388
7703.53	7.388
7708.54	7.388
7713.55	7.388
7718.56	7.388
7723.57	7.388
7728.58	7.388
7733.60	7.388
7738.61	7.387
7743.62	7.387
7748.63	7.387
7753.64	7.387
7758.66	7.387
7763.67	7.387
7768.68	7.386
7773.70	7.386
7778.71	7.386
7783.73	7.386
7788.74	7.386
7793.75	7.386
7798.77	7.386
7803.78	7.386
7808.79	7.386
7813.80	7.385
7818.82	7.386
7823.83	7.385
7828.84	7.385
7833.85	7.385
7838.87	7.385
7843.88	7.384
7848.89	7.384
7853.90	7.384
7858.92	7.384
7863.93	7.384
7868.94	7.384
7873.95	7.383
7878.96	7.383
7883.97	7.383
7888.99	7.383
7894.00	7.383
7899.01	7.383
7904.02	7.383
7909.03	7.383
7914.04	7.382
7919.05	7.382
7924.07	7.382
7929.08	7.382
7934.09	7.382
7939.10	7.382
7944.11	7.381
7949.12	7.381
7954.14	7.381
7959.15	7.381
7964.16	7.380
7969.17	7.380
7974.18	7.380
7979.19	7.380
7984.20	7.380
7989.22	7.380
7994.23	7.380
7999.24	7.380
8004.25	7.379
8009.26	7.379
8014.27	7.379
8019.29	7.379
8024.30	7.379
8029.31	7.379
8034.32	7.378
8039.33	7.378
8044.34	7.378
8049.36	7.378
8054.37	7.378
8059.38	7.378
8064.39	7.378
8069.40	7.377
8074.41	7.377
8079.43	7.377
8084.44	7.377
8089.45	7.377
8094.46	7.376
8099.47	7.376
8104.48	7.376
8109.49	7.376
8114.51	7.376
8119.52	7.376
8124.53	7.376
8129.54	7.376
8134.55	7.375
8139.56	7.375
8144.58	7.375
8149.59	7.375
8154.60	7.375
8159.61	7.374
8164.62	7.374
8169.63	7.374
8174.65	7.374
8179.66	7.374
8184.67	7.374
8189.68	7.374
8194.69	7.373
8199.70	7.373
8204.71	7.373
8209.73	7.373
8214.74	7.373
8219.75	7.372
8224.76	7.372
8229.77	7.372
8234.78	7.372
8239.80	7.372
8244.81	7.372
8249.82	7.371
8254.83	7.371
8259.84	7.371
8264.85	7.371
8269.87	7.371
8274.88	7.370
8279.89	7.370
8284.90	7.370
8289.91	7.370
8294.92	7.370
8299.93	7.370
8304.95	7.370
8309.96	7.369
8314.97	7.369
8319.98	7.369
8324.99	7.369
8330.00	7.369
8335.02	7.368
8340.03	7.368
8345.04	7.368
8350.05	7.368
8355.06	7.367
8360.07	7.367
8365.09	7.367
8370.10	7.367
8375.11	7.366
8380.12	7.366
8385.13	7.366
8390.14	7.366
8395.16	7.366
8400.17	7.365
8405.18	7.365
8410.19	7.365
8415.20	7.365
8420.21	7.365
8425.22	7.365
8430.24	7.364
8435.25	7.364
8440.26	7.364
8445.27	7.364
8450.28	7.364
8455.29	7.363
8460.30	7.363
8465.32	7.363
8470.33	7.363
8475.34	7.363
8480.35	7.362
8485.36	7.362
8490.37	7.362
8495.39	7.362
8500.40	7.361
8505.41	7.361
8510.42	7.361
8515.43	7.361
8520.44	7.361
8525.46	7.360
8530.47	7.360
8535.48	7.360
8540.49	7.360
8545.51	7.360
8550.52	7.360
8555.54	7.359
8560.55	7.359
8565.57	7.359
8570.58	7.359
8575.60	7.359
8580.61	7.358
8585.62	7.358
8590.63	7.358
8595.64	7.357
8600.66	7.357
8605.67	7.357
8610.68	7.357
8615.69	7.356
8620.70	7.356
8625.71	7.356
8630.73	7.356
8635.75	7.355
8640.76	7.355
8645.77	7.355
8650.79	7.355
8655.80	7.354
8660.82	7.354
8665.83	7.354
8670.85	7.354
8675.86	7.353
8680.87	7.353
8685.88	7.353
8690.89	7.353
8695.90	7.352
8700.92	7.352
8705.93	7.352
8710.94	7.352
8715.95	7.352
8720.96	7.351
8725.97	7.351
8730.99	7.351
8736.00	7.350
8741.01	7.351
8746.02	7.350
8751.03	7.350
8756.04	7.350
8761.05	7.349
8766.07	7.349
8771.08	7.348
8776.09	7.349
8781.10	7.348
8786.11	7.348
8791.12	7.348
8796.13	7.347
8801.15	7.347
8806.16	7.347
8811.17	7.346
8816.18	7.346
8821.19	7.345
8826.20	7.345
8831.21	7.345
8836.23	7.345
8841.24	7.345
8846.25	7.344
8851.26	7.344
8856.27	7.344
8861.28	7.344
8866.30	7.344
8871.31	7.343
8876.32	7.343
8881.33	7.342
8886.34	7.342
8891.35	7.342
8896.37	7.341
8901.38	7.341
8906.39	7.341
8911.40	7.340
8916.41	7.340
8921.42	7.340
8926.43	7.340
8931.45	7.339
8936.46	7.339
8941.47	7.338
8946.48	7.338
8951.49	7.338
8956.50	7.337
8961.52	7.337
8966.53	7.337
8971.54	7.337
8976.55	7.336
8981.56	7.336
8986.57	7.336
8991.59	7.335
8996.60	7.335
9001.61	7.334
9006.62	7.334
9011.63	7.334
9016.65	7.333
9021.67	7.333
9026.68	7.333
9031.69	7.333
9036.70	7.332
9041.72	7.332
9046.74	7.332
9051.75	7.331
9056.76	7.331
9061.78	7.330
9066.79	7.330
9071.80	7.330
9076.81	7.329
9081.82	7.329
9086.84	7.329
9091.85	7.328
9096.87	7.328
9101.88	7.327
9106.90	7.327
9111.91	7.327
9116.93	7.326
9121.94	7.326
9126.95	7.326
9131.96	7.325
9136.97	7.325
9141.98	7.324
9147.00	7.324
9152.01	7.324
9157.02	7.323
9162.03	7.323
9167.04	7.322
9172.05	7.322
9177.07	7.321
9182.08	7.321
9187.09	7.321
9192.10	7.320
9197.11	7.320
9202.12	7.319
9207.13	7.319
9212.15	7.319
9217.16	7.318
9222.17	7.318
9227.18	7.317
9232.19	7.317
9237.20	7.317
9242.22	7.316
9247.23	7.316
9252.24	7.315
9257.25	7.315
9262.26	7.314
9267.27	7.314
9272.28	7.313
9277.30	7.313
9282.31	7.312
9287.32	7.312
9292.33	7.311
9297.34	7.311
9302.35	7.311
9307.37	7.310
9312.38	7.310
9317.39	7.309
9322.40	7.309
9327.41	7.308
9332.42	7.308
9337.43	7.307
9342.45	7.307
9347.46	7.306
9352.47	7.306
9357.48	7.306
9362.49	7.305
9367.50	7.305
9372.52	7.304
9377.53	7.303
9382.54	7.303
9387.55	7.302
9392.56	7.302
9397.57	7.301
9402.59	7.301
9407.60	7.300
9412.61	7.300
9417.62	7.300
9422.63	7.299
9427.64	7.299
9432.66	7.298
9437.67	7.298
9442.68	7.297
9447.69	7.297
9452.70	7.296
9457.71	7.295
9462.72	7.295
9467.74	7.294
9472.75	7.294
9477.76	7.293
9482.77	7.293
9487.78	7.292
9492.79	7.292
9497.81	7.291
9502.82	7.291
9507.83	7.290
9512.84	7.290
9517.85	7.289
9522.86	7.288
9527.88	7.288
9532.89	7.287
9537.90	7.287
9542.91	7.286
9547.92	7.286
9552.93	7.285
9557.94	7.284
9562.96	7.284
9567.97	7.283
9572.98	7.283
9577.99	7.282
9583.00	7.282
9588.01	7.281
9593.03	7.281
9598.04	7.280
9603.05	7.279
9608.06	7.278
9613.07	7.278
9618.08	7.277
9623.10	7.277
9628.11	7.276
9633.12	7.275
9638.13	7.275
9643.14	7.274
9648.15	7.273
9653.16	7.273
9658.18	7.272
9663.19	7.272
9668.20	7.271
9673.21	7.271
9678.22	7.270
9683.23	7.270
9688.25	7.269
9693.26	7.268
9698.27	7.267
9703.28	7.267
9708.29	7.266
9713.31	7.266
9718.32	7.265
9723.33	7.264
9728.34	7.264
9733.35	7.263
9738.36	7.262
9743.38	7.261
9748.39	7.261
9753.40	7.260
9758.41	7.259
9763.42	7.259
9768.43	7.258
9773.45	7.257
9778.46	7.257
9783.47	7.256
9788.48	7.256
9793.49	7.255
9798.50	7.254
9803.51	7.254
9808.53	7.253
9813.54	7.252
9818.55	7.252
9823.56	7.251
9828.57	7.250
9833.58	7.250
9838.60	7.249
9843.61	7.248
9848.62	7.248
9853.63	7.247
9858.64	7.246
9863.65	7.245
9868.66	7.244
9873.68	7.244
9878.69	7.243
9883.70	7.242
9888.71	7.242
9893.72	7.241
9898.73	7.240
9903.75	7.240
9908.76	7.239
9913.77	7.238
9918.78	7.238
9923.79	7.237
9928.80	7.236
9933.82	7.235
9938.83	7.235
9943.84	7.234
9948.85	7.233
9953.86	7.233
9958.87	7.232
9963.88	7.231
9968.90	7.230
9973.91	7.230
9978.92	7.229
9983.93	7.228
9988.94	7.228
9993.95	7.227
9998.97	7.226
10003.98	7.225
10008.99	7.224
10014.00	7.224
10019.01	7.223
10024.02	7.222
10029.04	7.221
10034.05	7.221
10039.06	7.220
10044.07	7.219
10049.08	7.218
10054.09	7.218
10059.10	7.217
10064.12	7.216
10069.13	7.216
10074.14	7.215
10079.15	7.214
10084.16	7.213
10089.17	7.212
10094.19	7.212
10099.20	7.211
10104.21	7.210
10109.22	7.209
10114.23	7.209
10119.24	7.208
10124.25	7.207
10129.27	7.206
10134.28	7.206
10139.29	7.205
10144.30	7.204
10149.31	7.203
10154.32	7.202
10159.34	7.202
10164.35	7.201
10169.36	7.200
10174.37	7.199
10179.38	7.199
10184.39	7.198
10189.41	7.197
10194.42	7.196
10199.43	7.196
10204.44	7.195
10209.45	7.194
10214.46	7.193
10219.48	7.192
10224.49	7.191
10229.50	7.191
10234.51	7.190
10239.52	7.189
10244.53	7.188
10249.54	7.187
10254.56	7.187
10259.57	7.186
10264.58	7.185
10269.59	7.184
10274.60	7.183
10279.61	7.182
10284.63	7.182
10289.64	7.181
10294.65	7.180
10299.66	7.179
10304.67	7.178
10309.68	7.178
10314.69	7.177
10319.71	7.176
10324.72	7.175
10329.73	7.174
10334.74	7.173
10339.75	7.172
10344.76	7.172
10349.77	7.171
10354.79	7.170
10359.80	7.170
10364.81	7.168
10369.82	7.168
10374.83	7.167
10379.84	7.166
10384.86	7.165
10389.87	7.164
10394.88	7.164
10399.89	7.163
10404.90	7.162
10409.91	7.161
10414.93	7.160
10419.94	7.159
10424.95	7.158
10429.96	7.158
10434.97	7.157
10439.98	7.156
10445.00	7.155
10450.01	7.154
10455.02	7.153
10460.03	7.153
10465.04	7.152
10470.05	7.151
10475.06	7.150
10480.07	7.149
10485.09	7.148
10490.10	7.147
10495.11	7.147
10500.12	7.146
10505.13	7.145
10510.14	7.144
10515.16	7.143
10520.17	7.142
10525.18	7.141
10530.19	7.141
10535.20	7.140
10540.21	7.139
10545.22	7.138
10550.24	7.137
10555.25	7.136
10560.26	7.135
10565.27	7.134
10570.28	7.134
10575.29	7.133
10580.31	7.132
10585.32	7.131
10590.33	7.130
10595.34	7.129
10600.35	7.128
10605.36	7.127
10610.37	7.126
10615.39	7.126
10620.40	7.125
10625.41	7.124
10630.42	7.123
10635.43	7.122
10640.44	7.121
10645.46	7.120
10650.47	7.119
10655.48	7.118
10660.49	7.117
10665.50	7.117
10670.52	7.116
10675.53	7.115
10680.54	7.114
10685.55	7.113
10690.56	7.112
10695.57	7.111
10700.59	7.110
10705.60	7.110
10710.61	7.109
10715.62	7.108
10720.63	7.106
10725.64	7.106
10730.65	7.105
10735.67	7.104
10740.68	7.103
10745.69	7.102
10750.70	7.101
10755.71	7.100
10760.72	7.099
10765.74	7.098
10770.75	7.097
10775.76	7.097
10780.77	7.096
10785.78	7.095
10790.79	7.094
10795.81	7.093
10800.82	7.092
10805.83	7.091
10810.84	7.090
10815.85	7.089
10820.86	7.088
10825.87	7.087
10830.89	7.086
10835.90	7.085
10840.91	7.084
10845.92	7.083
10850.93	7.082
10855.94	7.081
10860.95	7.081
10865.97	7.080
10870.98	7.079
10875.99	7.078
10881.00	7.077
10886.01	7.076
10891.02	7.075
10896.04	7.074
10901.05	7.073
10906.06	7.072
10911.07	7.071
10916.08	7.070
10921.09	7.069
10926.10	7.068
10931.12	7.067
10936.13	7.066
10941.14	7.065
10946.15	7.064
10951.16	7.063
10956.17	7.062
10961.19	7.061
10966.20	7.060
10971.21	7.059
10976.22	7.058
10981.23	7.057
10986.24	7.056
10991.25	7.055
10996.27	7.054
11001.28	7.053
11006.29	7.052
11011.30	7.051
11016.31	7.050
11021.32	7.049
11026.34	7.048
11031.35	7.047
11036.36	7.047
11041.37	7.046
11046.38	7.045
11051.39	7.044
11056.41	7.043
11061.42	7.042
11066.43	7.041
11071.44	7.040
11076.45	7.039
11081.46	7.038
11086.47	7.037
11091.49	7.036
11096.50	7.035
11101.51	7.034
11106.52	7.033
11111.54	7.032
11116.55	7.031
11121.57	7.030
11126.59	7.029
11131.60	7.028
11136.61	7.027
11141.62	7.026
11146.64	7.024
11151.65	7.024
11156.66	7.023
11161.67	7.022
11166.69	7.021
11171.71	7.020
11176.72	7.019
11181.74	7.017
11186.75	7.016
11191.77	7.015
11196.78	7.014
11201.80	7.013
11206.81	7.012
11211.82	7.011
11216.84	7.010
11221.85	7.009
11226.86	7.008
11231.87	7.007
11236.88	7.006
11241.89	7.005
11246.91	7.004
11251.92	7.003
11256.93	7.002
11261.94	7.001
11266.95	7.000
11271.96	6.999
11276.98	6.998
11281.99	6.996
11287.00	6.995
11292.01	6.994
11297.02	6.994
11302.03	6.992
11307.04	6.991
11312.06	6.990
11317.07	6.989
11322.08	6.988
11327.09	6.987
11332.10	6.986
11337.11	6.985
11342.13	6.984
11347.14	6.983
11352.15	6.982
11357.16	6.981
11362.17	6.979
11367.18	6.978
11372.19	6.977
11377.21	6.976
11382.22	6.975
11387.23	6.974
11392.24	6.973
11397.25	6.972
11402.26	6.971
11407.28	6.969
11412.29	6.968
11417.30	6.967
11422.31	6.966
11427.32	6.965
11432.33	6.964
11437.35	6.963
11442.36	6.962
11447.37	6.961
11452.38	6.960
11457.39	6.959
11462.40	6.958
11467.41	6.956
11472.43	6.955
11477.44	6.954
11482.45	6.953
11487.46	6.952
11492.47	6.951
11497.48	6.950
11502.50	6.948
11507.51	6.948
11512.53	6.947
11517.54	6.945
11522.55	6.944
11527.57	6.943
11532.58	6.942
11537.60	6.941
11542.61	6.940
11547.63	6.938
11552.65	6.937
11557.66	6.936
11562.67	6.935
11567.68	6.934
11572.70	6.933
11577.71	6.932
11582.72	6.931
11587.73	6.929
11592.74	6.928
11597.75	6.927
11602.77	6.926
11607.78	6.925
11612.79	6.924
11617.80	6.923
11622.81	6.921
11627.82	6.920
11632.83	6.919
11637.85	6.918
11642.86	6.916
11647.87	6.915
11652.88	6.914
11657.89	6.913
11662.90	6.912
11667.91	6.911
11672.93	6.910
11677.94	6.909
11682.95	6.907
11687.96	6.906
11692.97	6.905
11697.98	6.904
11702.99	6.903
11708.01	6.901
11713.02	6.900
11718.03	6.899
11723.04	6.898
11728.05	6.896
11733.06	6.895
11738.07	6.894
11743.09	6.893
11748.10	6.892
11753.11	6.891
11758.12	6.890
11763.13	6.888
11768.14	6.887
11773.16	6.886
11778.17	6.885
11783.18	6.883
11788.19	6.882
11793.20	6.881
11798.21	6.879
11803.23	6.878
11808.24	6.877
11813.25	6.876
11818.26	6.875
11823.27	6.874
11828.28	6.872
11833.29	6.871
11838.31	6.870
11843.32	6.869
11848.33	6.867
11853.34	6.866
11858.35	6.865
11863.36	6.864
11868.37	6.863
11873.39	6.861
11878.40	6.860
11883.41	6.859
11888.42	6.857
11893.43	6.856
11898.44	6.855
11903.45	6.854
11908.47	6.852
11913.48	6.851
11918.49	6.850
11923.50	6.849
11928.51	6.847
11933.52	6.846
11938.54	6.845
11943.55	6.843
11948.56	6.842
11953.57	6.841
11958.58	6.840
11963.59	6.838
11968.61	6.837
11973.62	6.836
11978.63	6.834
11983.64	6.833
11988.65	6.832
11993.66	6.831
11998.67	6.830
12003.69	6.828
12008.70	6.827
12013.71	6.826
12018.72	6.824
12023.73	6.823
12028.74	6.822
12033.76	6.820
12038.77	6.819
12043.78	6.818
12048.79	6.816
12053.80	6.815
12058.81	6.814
12063.83	6.812
12068.84	6.811
12073.85	6.810
12078.86	6.808
12083.87	6.807
12088.88	6.806
12093.90	6.804
12098.91	6.803
12103.93	6.802
12108.94	6.800
12113.96	6.799
12118.97	6.798
12123.99	6.796
12129.00	6.795
12134.02	6.794
12139.03	6.792
12144.05	6.791
12149.06	6.790
12154.08	6.788
12159.09	6.787
12164.10	6.786
12169.11	6.784
12174.12	6.783
12179.13	6.782
12184.15	6.780
12189.16	6.779
12194.17	6.777
12199.18	6.776
12204.19	6.775
12209.20	6.773
12214.22	6.772
12219.23	6.771
12224.24	6.769
12229.25	6.768
12234.26	6.767
12239.27	6.765
12244.28	6.764
12249.30	6.762
12254.31	6.761
12259.32	6.760
12264.33	6.758
12269.34	6.757
12274.35	6.755
12279.37	6.754
12284.38	6.752
12289.39	6.751
12294.40	6.750
12299.41	6.748
12304.42	6.747
12309.43	6.746
12314.45	6.744
12319.46	6.743
12324.47	6.741
12329.48	6.740
12334.49	6.738
12339.50	6.737
12344.52	6.735
12349.53	6.734
12354.54	6.733
12359.55	6.731
12364.56	6.730
12369.57	6.728
12374.59	6.727
12379.60	6.725
12384.61	6.724
12389.62	6.722
12394.63	6.721
12399.64	6.719
12404.65	6.718
12409.67	6.717
12414.68	6.715
12419.69	6.714
12424.70	6.712
12429.71	6.711
12434.72	6.709
12439.74	6.708
12444.75	6.706
12449.76	6.705
12454.78	6.703
12459.79	6.702
12464.80	6.700
12469.82	6.699
12474.83	6.697
12479.84	6.696
12484.86	6.694
12489.88	6.693
12494.89	6.691
12499.91	6.690
12504.92	6.688
12509.94	6.687
12514.95	6.685
12519.98	6.684
12525.00	6.682
12530.01	6.681
12535.02	6.679
12540.04	6.678
12545.05	6.676
12550.06	6.675
12555.08	6.673
12560.09	6.672
12565.10	6.670
12570.11	6.669
12575.12	6.667
12580.13	6.666
12585.15	6.664
12590.16	6.662
12595.17	6.661
12600.18	6.659
12605.19	6.658
12610.20	6.656
12615.21	6.655
12620.23	6.653
12625.25	6.652
12630.26	6.650
12635.28	6.649
12640.29	6.647
12645.31	6.646
12650.32	6.644
12655.33	6.642
12660.35	6.641
12665.36	6.639
12670.38	6.637
12675.39	6.636
12680.41	6.634
12685.42	6.633
12690.43	6.631
12695.45	6.630
12700.46	6.628
12705.47	6.626
12710.48	6.625
12715.49	6.623
12720.50	6.621
12725.52	6.620
12730.53	6.618
12735.54	6.617
12740.55	6.615
12745.56	6.614
12750.57	6.612
12755.59	6.611
12760.60	6.609
12765.61	6.607
12770.62	6.606
12775.63	6.604
12780.64	6.602
12785.65	6.601
12790.67	6.599
12795.68	6.597
12800.69	6.596
12805.70	6.594
12810.71	6.592
12815.72	6.591
12820.74	6.589
12825.75	6.587
12830.76	6.586
12835.77	6.584
12840.78	6.582
12845.79	6.581
12850.81	6.579
12855.82	6.578
12860.83	6.576
12865.84	6.574
12870.85	6.573
12875.86	6.571
12880.87	6.569
12885.89	6.568
12890.90	6.566
12895.91	6.564
12900.92	6.562
12905.93	6.561
12910.94	6.559
12915.96	6.557
12920.97	6.556
12925.98	6.554
12930.99	6.552
12936.00	6.550
12941.01	6.549
12946.03	6.547
12951.04	6.545
12956.05	6.543
12961.06	6.542
12966.07	6.540
12971.08	6.538
12976.09	6.537
12981.11	6.535
12986.12	6.533
12991.13	6.531
12996.14	6.529
13001.15	6.528
13006.16	6.526
13011.17	6.524
13016.19	6.523
13021.20	6.521
13026.21	6.519
13031.22	6.517
13036.23	6.515
13041.24	6.514
13046.25	6.512
13051.27	6.510
13056.28	6.509
13061.29	6.507
13066.30	6.505
13071.31	6.503
13076.32	6.501
13081.34	6.500
13086.35	6.498
13091.36	6.496
13096.37	6.494
13101.38	6.493
13106.39	6.491
13111.40	6.489
13116.42	6.487
13121.43	6.485
13126.44	6.483
13131.45	6.482
13136.46	6.480
13141.47	6.478
13146.49	6.476
13151.50	6.474
13156.51	6.472
13161.52	6.470
13166.53	6.468
13171.54	6.467
13176.56	6.465
13181.57	6.463
13186.58	6.461
13191.59	6.460
13196.60	6.457
13201.61	6.456
13206.63	6.454
13211.64	6.452
13216.65	6.450
13221.66	6.448
13226.67	6.446
13231.68	6.444
13236.69	6.442
13241.71	6.440
13246.72	6.438
13251.73	6.436
13256.74	6.434
13261.75	6.432
13266.76	6.430
13271.78	6.429
13276.79	6.427
13281.80	6.425
13286.81	6.423
13291.82	6.421
13296.84	6.419
13301.85	6.417
13306.87	6.415
13311.88	6.413
13316.89	6.411
13321.90	6.409
13326.91	6.407
13331.92	6.405
13336.94	6.403
13341.95	6.401
13346.96	6.399
13351.97	6.397
13356.98	6.395
13361.99	6.393
13367.00	6.391
13372.02	6.389
13377.03	6.387
13382.05	6.385
13387.06	6.383
13392.08	6.380
13397.09	6.379
13402.11	6.377
13407.12	6.374
13412.13	6.372
13417.14	6.370
13422.15	6.368
13427.16	6.366
13432.17	6.364
13437.19	6.362
13442.20	6.360
13447.21	6.357
13452.22	6.355
13457.23	6.353
13462.24	6.351
13467.25	6.349
13472.27	6.347
13477.28	6.345
13482.29	6.343
13487.30	6.340
13492.31	6.338
13497.32	6.336
13502.34	6.334
13507.35	6.332
13512.36	6.329
13517.38	6.327
13522.39	6.325
13527.40	6.323
13532.41	6.321
13537.43	6.319
13542.45	6.316
13547.46	6.314
13552.48	6.312
13557.49	6.309
13562.50	6.307
13567.52	6.305
13572.54	6.303
13577.55	6.301
13582.57	6.298
13587.58	6.296
13592.60	6.294
13597.61	6.292
13602.62	6.289
13607.63	6.287
13612.64	6.285
13617.66	6.283
13622.67	6.280
13627.68	6.278
13632.69	6.276
13637.71	6.274
13642.72	6.271
13647.74	6.269
13652.75	6.267
13657.77	6.264
13662.78	6.262
13667.80	6.260
13672.81	6.257
13677.83	6.255
13682.84	6.253
13687.85	6.250
13692.87	6.248
13697.88	6.246
13702.90	6.243
13707.91	6.241
13712.92	6.239
13717.93	6.237
13722.94	6.234
13727.95	6.232
13732.97	6.229
13737.98	6.227
13742.99	6.225
13748.01	6.222
13753.03	6.220
13758.04	6.218
13763.05	6.216
13768.07	6.213
13773.08	6.211
13778.10	6.209
13783.11	6.206
13788.13	6.204
13793.14	6.201
13798.15	6.199
13803.17	6.197
13808.18	6.195
13813.19	6.192
13818.20	6.190
13823.21	6.188
13828.22	6.185
13833.23	6.183
13838.25	6.180
13843.26	6.178
13848.28	6.176
13853.30	6.173
13858.31	6.171
13863.33	6.169
13868.34	6.166
13873.35	6.164
13878.37	6.161
13883.38	6.159
13888.39	6.157
13893.40	6.154
13898.41	6.152
13903.42	6.150
13908.44	6.147
13913.45	6.145
13918.46	6.143
13923.47	6.141
13928.48	6.138
13933.49	6.136
13938.50	6.133
13943.52	6.131
13948.53	6.129
13953.54	6.127
13958.55	6.124
13963.56	6.122
13968.57	6.120
13973.59	6.117
13978.60	6.115
13983.61	6.113
13988.62	6.110
13993.63	6.108
13998.64	6.106
14003.66	6.103
14008.67	6.101
14013.69	6.099
14018.70	6.097
14023.71	6.094
14028.72	6.092
14033.74	6.090
14038.75	6.087
14043.76	6.085
14048.77	6.083
14053.78	6.080
14058.79	6.078
14063.80	6.076
14068.82	6.074
14073.83	6.071
14078.84	6.069
14083.85	6.067
14088.86	6.064
14093.87	6.062
14098.89	6.060
14103.90	6.057
14108.91	6.055
14113.92	6.053
14118.93	6.051
14123.94	6.048
14128.96	6.046
14133.97	6.044
14138.98	6.042
14143.99	6.040
14149.00	6.037
14154.01	6.035
14159.02	6.033
14164.04	6.031
14169.05	6.029
14174.06	6.026
14179.08	6.024
14184.10	6.021
14189.11	6.019
14194.12	6.017
14199.14	6.015
14204.15	6.013
14209.17	6.011
14214.18	6.008
14219.19	6.006
14224.21	6.004
14229.23	6.002
14234.24	6.000
14239.25	5.997
14244.27	5.995
14249.28	5.993
14254.29	5.991
14259.30	5.989
14264.32	5.987
14269.33	5.985
14274.34	5.982
14279.35	5.980
14284.36	5.978
14289.37	5.976
14294.38	5.974
