0.00	7.917
5.01	7.913
10.02	7.913
15.04	7.913
20.05	7.913
25.06	7.913
30.07	7.913
35.08	7.913
40.09	7.913
45.11	7.913
50.12	7.913
55.14	7.913
60.15	7.677
65.16	7.694
70.17	7.698
75.19	7.701
80.20	7.703
85.21	7.704
90.22	7.706
95.23	7.706
100.24	7.706
105.26	7.706
110.27	7.706
115.28	7.706
120.29	7.705
125.30	7.705
130.31	7.704
135.32	7.704
140.34	7.704
145.35	7.703
150.36	7.703
155.37	7.703
160.38	7.703
165.39	7.702
170.41	7.702
175.42	7.701
180.43	7.701
185.44	7.701
190.45	7.700
195.46	7.700
200.47	7.700
205.49	7.699
210.50	7.699
215.51	7.699
220.52	7.698
225.53	7.698
230.54	7.698
235.55	7.698
240.57	7.697
245.58	7.697
250.59	7.696
255.60	7.696
260.62	7.696
265.63	7.696
270.65	7.695
275.66	7.695
280.67	7.695
285.68	7.695
290.69	7.694
295.71	7.694
300.72	7.694
305.73	7.694
310.74	7.693
315.75	7.693
320.76	7.693
325.78	7.693
330.79	7.692
335.80	7.692
340.81	7.692
345.82	7.692
350.83	7.691
355.84	7.691
360.86	7.691
365.87	7.691
370.88	7.691
375.89	7.690
380.90	7.690
385.91	7.690
390.93	7.690
395.94	7.690
400.95	7.689
405.96	7.689
410.97	7.689
415.98	7.689
420.99	7.688
426.01	7.688
431.02	7.688
436.03	7.687
441.04	7.687
446.05	7.687
451.06	7.687
456.08	7.687
461.09	7.686
466.10	7.686
471.12	7.686
476.13	7.686
481.14	7.686
486.15	7.686
491.16	7.685
496.17	7.685
501.18	7.685
506.19	7.685
511.21	7.684
516.22	7.684
521.23	7.684
526.24	7.684
531.25	7.683
536.26	7.683
541.28	7.683
546.29	7.683
551.30	7.683
556.31	7.682
561.32	7.682
566.33	7.682
571.35	7.682
576.36	7.682
581.37	7.681
586.38	7.681
591.39	7.681
596.40	7.681
601.41	7.680
606.43	7.680
611.44	7.680
616.45	7.680
621.46	7.680
626.47	7.680
631.48	7.679
636.50	7.679
641.51	7.679
646.52	7.678
651.53	7.678
656.54	7.678
661.55	7.678
666.57	7.678
671.58	7.678
676.59	7.677
681.60	7.677
686.61	7.677
691.62	7.677
696.64	7.676
701.65	7.676
706.66	7.676
711.67	7.676
716.68	7.675
721.69	7.675
726.71	7.675
731.72	7.675
736.73	7.675
741.74	7.674
746.75	7.674
751.76	7.674
756.77	7.674
761.79	7.674
766.80	7.673
771.81	7.673
776.82	7.673
781.83	7.673
786.84	7.673
791.86	7.672
796.87	7.672
801.88	7.672
806.89	7.672
811.90	7.672
816.91	7.671
821.93	7.671
826.94	7.671
831.95	7.670
836.96	7.670
841.97	7.670
846.98	7.670
852.00	7.670
857.01	7.670
862.02	7.669
867.03	7.669
872.04	7.669
877.06	7.669
882.07	7.669
887.08	7.668
892.10	7.668
897.11	7.668
902.12	7.668
907.13	7.667
912.14	7.667
917.15	7.667
922.17	7.667
927.18	7.667
932.19	7.666
937.20	7.666
942.21	7.666
947.22	7.666
952.24	7.665
957.25	7.665
962.26	7.665
967.27	7.665
972.28	7.665
977.29	7.665
982.30	7.665
987.32	7.664
992.33	7.664
997.34	7.664
1002.35	7.664
1007.36	7.663
1012.37	7.663
1017.39	7.663
1022.40	7.663
1027.41	7.662
1032.42	7.662
1037.43	7.662
1042.44	7.662
1047.46	7.662
1052.47	7.661
1057.48	7.661
1062.49	7.661
1067.50	7.661
1072.51	7.661
1077.52	7.660
1082.54	7.660
1087.55	7.660
1092.57	7.660
1097.58	7.659
1102.59	7.659
1107.60	7.659
1112.61	7.659
1117.62	7.659
1122.64	7.659
1127.65	7.658
1132.66	7.658
1137.67	7.658
1142.68	7.658
1147.69	7.658
1152.71	7.658
1157.72	7.657
1162.73	7.657
1167.74	7.657
1172.75	7.656
1177.76	7.656
1182.78	7.656
1187.79	7.656
1192.80	7.655
1197.81	7.655
1202.82	7.655
1207.83	7.655
1212.84	7.655
1217.86	7.655
1222.87	7.654
1227.88	7.654
1232.89	7.654
1237.90	7.654
1242.91	7.653
1247.93	7.653
1252.94	7.653
1257.95	7.653
1262.96	7.653
1267.97	7.652
1272.98	7.652
1278.00	7.652
1283.01	7.651
1288.02	7.651
1293.03	7.651
1298.04	7.651
1303.06	7.651
1308.07	7.651
1313.08	7.650
1318.10	7.650
1323.11	7.650
1328.12	7.650
1333.13	7.650
1338.14	7.649
1343.15	7.649
1348.16	7.649
1353.18	7.648
1358.19	7.648
1363.20	7.648
1368.21	7.648
1373.22	7.648
1378.23	7.647
1383.25	7.647
1388.26	7.647
1393.27	7.647
1398.28	7.647
1403.29	7.646
1408.30	7.646
1413.32	7.646
1418.33	7.646
1423.34	7.645
1428.35	7.645
1433.36	7.645
1438.37	7.645
1443.38	7.645
1448.40	7.644
1453.41	7.644
1458.42	7.644
1463.43	7.643
1468.44	7.643
1473.45	7.643
1478.47	7.643
1483.48	7.643
1488.49	7.642
1493.50	7.643
1498.51	7.642
1503.52	7.642
1508.54	7.642
1513.55	7.641
1518.57	7.641
1523.58	7.641
1528.59	7.641
1533.61	7.640
1538.62	7.640
1543.63	7.640
1548.64	7.639
1553.65	7.639
1558.67	7.639
1563.68	7.639
1568.69	7.639
1573.70	7.639
1578.71	7.638
1583.72	7.638
1588.73	7.638
1593.75	7.637
1598.76	7.637
1603.77	7.637
1608.78	7.637
1613.79	7.636
1618.80	7.636
1623.81	7.636
1628.83	7.635
1633.84	7.635
1638.85	7.636
1643.86	7.635
1648.87	7.635
1653.88	7.635
1658.90	7.634
1663.91	7.634
1668.92	7.634
1673.93	7.633
1678.94	7.633
1683.95	7.633
1688.97	7.633
1693.98	7.633
1698.99	7.633
1704.00	7.632
1709.01	7.632
1714.02	7.632
1719.03	7.632
1724.05	7.631
1729.06	7.631
1734.07	7.631
1739.09	7.631
1744.10	7.631
1749.11	7.630
1754.12	7.630
1759.13	7.630
1764.14	7.630
1769.15	7.630
1774.17	7.630
1779.18	7.629
1784.19	7.629
1789.20	7.628
1794.21	7.628
1799.22	7.628
1804.24	7.628
1809.25	7.627
1814.26	7.627
1819.27	7.627
1824.28	7.627
1829.29	7.626
1834.30	7.626
1839.32	7.626
1844.33	7.626
1849.34	7.625
1854.35	7.625
1859.36	7.625
1864.37	7.624
1869.39	7.624
1874.40	7.624
1879.41	7.624
1884.42	7.624
1889.43	7.623
1894.44	7.623
1899.45	7.623
1904.47	7.622
1909.48	7.622
1914.49	7.622
1919.50	7.622
1924.52	7.621
1929.53	7.621
1934.54	7.621
1939.56	7.621
1944.57	7.620
1949.59	7.620
1954.60	7.620
1959.61	7.620
1964.62	7.619
1969.63	7.619
1974.64	7.619
1979.65	7.619
1984.67	7.619
1989.68	7.618
1994.69	7.618
1999.70	7.618
2004.71	7.618
2009.72	7.617
2014.74	7.617
2019.75	7.617
2024.76	7.617
2029.77	7.617
2034.78	7.616
2039.79	7.616
2044.81	7.616
2049.82	7.615
2054.83	7.615
2059.84	7.615
2064.85	7.615
2069.86	7.614
2074.88	7.614
2079.89	7.614
2084.90	7.613
2089.91	7.613
2094.92	7.613
2099.93	7.613
2104.94	7.612
2109.95	7.612
2114.97	7.612
2119.98	7.612
2124.99	7.611
2130.00	7.611
2135.01	7.611
2140.03	7.611
2145.04	7.610
2150.05	7.610
2155.06	7.610
2160.07	7.610
2165.08	7.609
2170.09	7.609
2175.11	7.609
2180.12	7.609
2185.13	7.608
2190.14	7.608
2195.15	7.608
2200.16	7.608
2205.18	7.607
2210.19	7.607
2215.20	7.607
2220.21	7.607
2225.22	7.606
2230.23	7.606
2235.25	7.606
2240.26	7.606
2245.27	7.605
2250.28	7.605
2255.29	7.605
2260.30	7.605
2265.31	7.605
2270.33	7.604
2275.34	7.604
2280.35	7.604
2285.36	7.604
2290.37	7.603
2295.38	7.603
2300.40	7.603
2305.41	7.602
2310.42	7.602
2315.43	7.602
2320.45	7.601
2325.46	7.601
2330.47	7.601
2335.49	7.601
2340.50	7.601
2345.52	7.601
2350.53	7.600
2355.54	7.600
2360.55	7.600
2365.56	7.599
2370.57	7.599
2375.59	7.599
2380.60	7.598
2385.61	7.598
2390.62	7.598
2395.63	7.598
2400.64	7.597
2405.66	7.597
2410.67	7.597
2415.68	7.597
2420.69	7.596
2425.70	7.596
2430.71	7.596
2435.73	7.596
2440.74	7.595
2445.75	7.595
2450.76	7.595
2455.77	7.595
2460.78	7.595
2465.79	7.594
2470.81	7.594
2475.82	7.594
2480.83	7.593
2485.84	7.593
2490.85	7.593
2495.86	7.592
2500.88	7.592
2505.89	7.592
2510.90	7.592
2515.91	7.592
2520.92	7.591
2525.93	7.591
2530.95	7.591
2535.96	7.591
2540.98	7.590
2545.99	7.590
2551.00	7.589
2556.02	7.589
2561.03	7.589
2566.04	7.589
2571.05	7.589
2576.06	7.588
2581.07	7.588
2586.09	7.588
2591.10	7.588
2596.11	7.587
2601.12	7.587
2606.13	7.587
2611.14	7.587
2616.15	7.586
2621.17	7.586
2626.18	7.586
2631.19	7.585
2636.20	7.585
2641.21	7.585
2646.22	7.585
2651.24	7.584
2656.25	7.584
2661.26	7.584
2666.27	7.583
2671.28	7.583
2676.29	7.583
2681.30	7.583
2686.32	7.582
2691.33	7.582
2696.34	7.582
2701.35	7.582
2706.36	7.581
2711.37	7.581
2716.39	7.581
2721.40	7.580
2726.41	7.580
2731.42	7.580
2736.43	7.579
2741.44	7.580
2746.46	7.580
2751.47	7.579
2756.49	7.579
2761.50	7.578
2766.52	7.578
2771.53	7.578
2776.54	7.578
2781.55	7.577
2786.56	7.577
2791.57	7.577
2796.59	7.576
2801.60	7.576
2806.61	7.576
2811.62	7.576
2816.63	7.575
2821.64	7.575
2826.65	7.575
2831.67	7.574
2836.68	7.574
2841.69	7.574
2846.70	7.574
2851.71	7.573
2856.72	7.573
2861.74	7.573
2866.75	7.573
2871.76	7.572
2876.77	7.572
2881.78	7.572
2886.79	7.572
2891.80	7.571
2896.82	7.571
2901.83	7.571
2906.84	7.570
2911.85	7.570
2916.86	7.570
2921.87	7.570
2926.89	7.569
2931.90	7.569
2936.91	7.569
2941.92	7.569
2946.93	7.568
2951.94	7.568
2956.95	7.568
2961.97	7.568
2966.98	7.568
2971.99	7.567
2977.00	7.567
2982.01	7.566
2987.02	7.566
2992.04	7.566
2997.05	7.566
3002.06	7.565
3007.07	7.565
3012.08	7.565
3017.09	7.564
3022.11	7.564
3027.12	7.564
3032.13	7.564
3037.14	7.563
3042.15	7.563
3047.16	7.563
3052.17	7.563
3057.19	7.562
3062.20	7.562
3067.21	7.562
3072.22	7.562
3077.23	7.561
3082.24	7.561
3087.25	7.561
3092.27	7.561
3097.28	7.560
3102.29	7.560
3107.30	7.560
3112.31	7.559
3117.32	7.559
3122.34	7.559
3127.35	7.558
3132.36	7.558
3137.37	7.557
3142.39	7.557
3147.40	7.557
3152.41	7.557
3157.42	7.556
3162.44	7.556
3167.45	7.556
3172.47	7.556
3177.48	7.555
3182.49	7.555
3187.50	7.555
3192.51	7.555
3197.52	7.554
3202.54	7.554
3207.55	7.553
3212.56	7.553
3217.57	7.553
3222.58	7.553
3227.59	7.552
3232.61	7.552
3237.62	7.552
3242.63	7.552
3247.64	7.551
3252.65	7.551
3257.66	7.551
3262.68	7.550
3267.69	7.550
3272.70	7.550
3277.71	7.550
3282.72	7.549
3287.73	7.549
3292.75	7.549
3297.76	7.548
3302.77	7.548
3307.78	7.548
3312.79	7.548
3317.80	7.547
3322.82	7.547
3327.83	7.547
3332.84	7.546
3337.85	7.546
3342.86	7.545
3347.87	7.545
3352.88	7.545
3357.90	7.545
3362.91	7.544
3367.92	7.544
3372.94	7.544
3377.95	7.544
3382.96	7.544
3387.98	7.543
3392.99	7.543
3398.00	7.543
3403.01	7.542
3408.02	7.542
3413.03	7.542
3418.05	7.542
3423.06	7.541
3428.07	7.541
3433.08	7.541
3438.09	7.540
3443.10	7.540
3448.11	7.540
3453.13	7.539
3458.14	7.539
3463.15	7.539
3468.16	7.538
3473.17	7.538
3478.18	7.538
3483.20	7.538
3488.21	7.538
3493.22	7.537
3498.23	7.537
3503.24	7.536
3508.25	7.536
3513.27	7.536
3518.28	7.536
3523.29	7.535
3528.30	7.535
3533.31	7.535
3538.32	7.534
3543.33	7.534
3548.35	7.534
3553.36	7.534
3558.37	7.533
3563.38	7.533
3568.40	7.533
3573.41	7.532
3578.42	7.532
3583.44	7.532
3588.45	7.532
3593.47	7.531
3598.48	7.531
3603.49	7.531
3608.50	7.530
3613.51	7.530
3618.52	7.530
3623.54	7.529
3628.55	7.529
3633.56	7.529
3638.57	7.528
3643.58	7.528
3648.59	7.528
3653.61	7.528
3658.62	7.527
3663.63	7.527
3668.64	7.527
3673.65	7.527
3678.66	7.527
3683.68	7.526
3688.69	7.526
3693.70	7.526
3698.71	7.525
3703.72	7.525
3708.73	7.525
3713.75	7.524
3718.76	7.524
3723.77	7.524
3728.78	7.523
3733.79	7.523
3738.80	7.523
3743.81	7.522
3748.83	7.522
3753.84	7.522
3758.85	7.522
3763.86	7.522
3768.87	7.521
3773.88	7.521
3778.90	7.520
3783.91	7.520
3788.92	7.520
3793.94	7.519
3798.95	7.519
3803.97	7.519
3808.98	7.519
3813.99	7.518
3819.01	7.518
3824.02	7.518
3829.04	7.517
3834.05	7.517
3839.06	7.517
3844.07	7.517
3849.08	7.516
3854.10	7.516
3859.11	7.516
3864.12	7.515
3869.13	7.515
3874.14	7.515
3879.15	7.514
3884.16	7.514
3889.18	7.514
3894.19	7.514
3899.20	7.513
3904.21	7.513
3909.22	7.513
3914.23	7.513
3919.25	7.512
3924.26	7.512
3929.27	7.512
3934.28	7.511
3939.29	7.511
3944.30	7.511
3949.31	7.511
3954.33	7.511
3959.34	7.510
3964.35	7.510
3969.36	7.510
3974.37	7.510
3979.38	7.509
3984.40	7.509
3989.41	7.508
3994.42	7.508
3999.43	7.508
4004.44	7.508
4009.45	7.508
4014.46	7.507
4019.48	7.507
4024.49	7.507
4029.50	7.506
4034.52	7.506
4039.53	7.506
4044.55	7.505
4049.56	7.505
4054.57	7.505
4059.58	7.505
4064.59	7.504
4069.60	7.504
4074.62	7.504
4079.63	7.503
4084.64	7.504
4089.65	7.503
4094.66	7.503
4099.67	7.502
4104.68	7.502
4109.70	7.502
4114.71	7.502
4119.72	7.501
4124.73	7.501
4129.74	7.501
4134.75	7.500
4139.77	7.500
4144.78	7.500
4149.79	7.500
4154.80	7.499
4159.81	7.499
4164.82	7.499
4169.84	7.499
4174.85	7.499
4179.86	7.498
4184.87	7.498
4189.88	7.498
4194.89	7.497
4199.91	7.497
4204.92	7.497
4209.93	7.496
4214.94	7.496
4219.95	7.496
4224.96	7.495
4229.97	7.495
4234.99	7.495
4240.00	7.495
4245.01	7.494
4250.02	7.494
4255.04	7.494
4260.05	7.494
4265.07	7.493
4270.08	7.493
4275.09	7.493
4280.10	7.493
4285.11	7.493
4290.12	7.492
4295.13	7.492
4300.15	7.492
4305.16	7.491
4310.17	7.491
4315.18	7.491
4320.19	7.490
4325.20	7.490
4330.21	7.490
4335.23	7.490
4340.24	7.490
4345.25	7.490
4350.26	7.489
4355.27	7.489
4360.28	7.489
4365.30	7.489
4370.31	7.488
4375.32	7.488
4380.33	7.488
4385.34	7.487
4390.35	7.487
4395.37	7.487
4400.38	7.486
4405.39	7.486
4410.40	7.486
4415.41	7.486
4420.42	7.486
4425.44	7.485
4430.45	7.485
4435.46	7.485
4440.47	7.485
4445.48	7.484
4450.49	7.484
4455.50	7.484
4460.52	7.484
4465.53	7.484
4470.55	7.483
4475.56	7.483
4480.58	7.483
4485.59	7.482
4490.60	7.483
4495.61	7.482
4500.63	7.482
4505.64	7.482
4510.65	7.481
4515.66	7.481
4520.68	7.481
4525.69	7.481
4530.70	7.481
4535.71	7.480
4540.72	7.480
4545.73	7.480
4550.75	7.479
4555.76	7.479
4560.77	7.479
4565.78	7.478
4570.79	7.478
4575.80	7.478
4580.81	7.478
4585.83	7.478
4590.84	7.478
4595.85	7.477
4600.86	7.477
4605.87	7.477
4610.88	7.476
4615.90	7.476
4620.91	7.476
4625.92	7.476
4630.93	7.476
4635.94	7.475
4640.95	7.475
4645.96	7.475
4650.98	7.475
4655.99	7.475
4661.00	7.474
4666.01	7.474
4671.02	7.474
4676.03	7.474
4681.05	7.474
4686.06	7.473
4691.07	7.473
4696.08	7.473
4701.09	7.473
4706.10	7.473
4711.12	7.472
4716.13	7.472
4721.14	7.472
4726.15	7.472
4731.16	7.472
4736.17	7.472
4741.19	7.471
4746.20	7.471
4751.21	7.470
4756.22	7.470
4761.23	7.470
4766.24	7.470
4771.26	7.470
4776.27	7.470
4781.28	7.469
4786.29	7.469
4791.30	7.469
4796.31	7.468
4801.32	7.468
4806.34	7.468
4811.35	7.468
4816.36	7.468
4821.37	7.467
4826.38	7.467
4831.39	7.467
4836.41	7.467
4841.42	7.467
4846.43	7.466
4851.44	7.466
4856.45	7.466
4861.46	7.466
4866.48	7.466
4871.49	7.465
4876.50	7.465
4881.51	7.465
4886.52	7.465
4891.53	7.465
4896.54	7.465
4901.56	7.464
4906.57	7.464
4911.58	7.464
4916.59	7.463
4921.60	7.463
4926.61	7.463
4931.63	7.463
4936.64	7.463
4941.65	7.462
4946.66	7.462
4951.67	7.462
4956.68	7.462
4961.70	7.462
4966.71	7.462
4971.72	7.461
4976.73	7.461
4981.74	7.461
4986.75	7.461
4991.76	7.460
4996.78	7.460
5001.79	7.460
5006.80	7.460
5011.81	7.460
5016.82	7.460
5021.83	7.460
5026.84	7.459
5031.86	7.459
5036.87	7.459
5041.88	7.458
5046.89	7.458
5051.90	7.458
5056.91	7.458
5061.93	7.457
5066.94	7.457
5071.95	7.457
5076.96	7.457
5081.97	7.457
5086.99	7.457
5092.00	7.457
5097.01	7.456
5102.03	7.456
5107.04	7.456
5112.05	7.456
5117.07	7.456
5122.08	7.455
5127.09	7.455
5132.10	7.455
5137.11	7.455
5142.12	7.455
5147.14	7.455
5152.15	7.455
5157.16	7.454
5162.17	7.454
5167.18	7.454
5172.19	7.454
5177.21	7.454
5182.22	7.454
5187.23	7.453
5192.24	7.453
5197.25	7.453
5202.26	7.453
5207.27	7.453
5212.29	7.452
5217.30	7.452
5222.31	7.452
5227.32	7.452
5232.33	7.452
5237.34	7.451
5242.35	7.451
5247.37	7.451
5252.38	7.451
5257.39	7.451
5262.40	7.451
5267.41	7.450
5272.42	7.450
5277.44	7.450
5282.45	7.450
5287.46	7.450
5292.47	7.450
5297.48	7.450
5302.49	7.449
5307.51	7.449
5312.52	7.449
5317.53	7.449
5322.55	7.449
5327.56	7.448
5332.57	7.448
5337.58	7.448
5342.59	7.448
5347.60	7.448
5352.62	7.448
5357.63	7.447
5362.64	7.447
5367.65	7.447
5372.66	7.447
5377.67	7.447
5382.69	7.446
5387.70	7.446
5392.71	7.446
5397.72	7.446
5402.73	7.446
5407.74	7.446
5412.76	7.446
5417.77	7.445
5422.78	7.445
5427.79	7.445
5432.80	7.445
5437.81	7.445
5442.83	7.444
5447.84	7.444
5452.85	7.444
5457.86	7.444
5462.87	7.444
5467.88	7.444
5472.90	7.443
5477.91	7.443
5482.92	7.443
5487.93	7.443
5492.94	7.443
5497.95	7.443
5502.96	7.443
5507.97	7.442
5512.99	7.442
5518.00	7.442
5523.01	7.442
5528.02	7.442
5533.04	7.441
5538.06	7.441
5543.07	7.441
5548.08	7.441
5553.09	7.441
5558.10	7.441
5563.11	7.440
5568.12	7.440
5573.13	7.440
5578.15	7.440
5583.16	7.440
5588.17	7.440
5593.18	7.440
5598.19	7.440
5603.20	7.439
5608.22	7.439
5613.23	7.439
5618.24	7.439
5623.25	7.439
5628.26	7.439
5633.27	7.439
5638.28	7.438
5643.30	7.438
5648.31	7.438
5653.32	7.438
5658.33	7.438
5663.34	7.438
5668.35	7.437
5673.37	7.437
5678.38	7.437
5683.39	7.437
5688.40	7.437
5693.41	7.437
5698.42	7.437
5703.44	7.437
5708.45	7.436
5713.46	7.436
5718.47	7.436
5723.48	7.436
5728.49	7.436
5733.51	7.436
5738.52	7.435
5743.53	7.435
5748.55	7.435
5753.56	7.435
5758.57	7.435
5763.59	7.434
5768.60	7.434
5773.61	7.434
5778.62	7.434
5783.63	7.434
5788.64	7.434
5793.66	7.433
5798.67	7.433
5803.68	7.433
5808.69	7.433
5813.70	7.433
5818.71	7.433
5823.72	7.433
5828.74	7.433
5833.75	7.432
5838.76	7.432
5843.77	7.432
5848.78	7.432
5853.79	7.432
5858.81	7.432
5863.82	7.432
5868.83	7.431
5873.84	7.431
5878.85	7.431
5883.86	7.431
5888.88	7.431
5893.89	7.430
5898.90	7.430
5903.91	7.430
5908.92	7.430
5913.93	7.430
5918.95	7.430
5923.96	7.430
5928.97	7.430
5933.98	7.430
5938.99	7.430
5944.01	7.429
5949.02	7.429
5954.03	7.429
5959.05	7.429
5964.06	7.429
5969.07	7.429
5974.08	7.428
5979.09	7.428
5984.11	7.428
5989.12	7.428
5994.13	7.428
5999.14	7.428
6004.15	7.427
6009.16	7.427
6014.18	7.427
6019.19	7.427
6024.20	7.427
6029.21	7.427
6034.22	7.427
6039.23	7.427
6044.24	7.426
6049.26	7.426
6054.27	7.426
6059.28	7.426
6064.29	7.426
6069.30	7.426
6074.31	7.426
6079.33	7.425
6084.34	7.425
6089.35	7.425
6094.36	7.425
6099.37	7.425
6104.38	7.425
6109.40	7.425
6114.41	7.425
6119.42	7.425
6124.43	7.424
6129.44	7.424
6134.45	7.424
6139.46	7.424
6144.48	7.424
6149.49	7.424
6154.50	7.423
6159.52	7.423
6164.53	7.423
6169.54	7.423
6174.56	7.423
6179.57	7.423
6184.58	7.423
6189.60	7.422
6194.61	7.422
6199.62	7.422
6204.63	7.422
6209.64	7.422
6214.65	7.422
6219.66	7.422
6224.68	7.421
6229.69	7.421
6234.70	7.421
6239.71	7.421
6244.72	7.421
6249.73	7.421
6254.75	7.420
6259.76	7.420
6264.77	7.420
6269.78	7.420
6274.79	7.420
6279.80	7.420
6284.82	7.420
6289.83	7.420
6294.84	7.420
6299.85	7.420
6304.86	7.420
6309.87	7.419
6314.88	7.419
6319.90	7.419
6324.91	7.419
6329.92	7.419
6334.93	7.419
6339.94	7.418
6344.95	7.418
6349.97	7.418
6354.98	7.418
6359.99	7.418
6365.00	7.418
6370.01	7.418
6375.02	7.418
6380.03	7.417
6385.05	7.417
6390.06	7.417
6395.07	7.417
6400.08	7.417
6405.09	7.417
6410.10	7.417
6415.12	7.417
6420.13	7.416
6425.14	7.416
6430.15	7.416
6435.16	7.416
6440.17	7.416
6445.19	7.416
6450.20	7.416
6455.21	7.415
6460.22	7.415
6465.23	7.415
6470.24	7.415
6475.26	7.415
6480.27	7.415
6485.28	7.415
6490.29	7.415
6495.30	7.414
6500.31	7.414
6505.32	7.414
6510.34	7.414
6515.35	7.414
6520.36	7.413
6525.37	7.413
6530.38	7.413
6535.39	7.413
6540.41	7.413
6545.42	7.413
6550.43	7.413
6555.44	7.413
6560.45	7.412
6565.46	7.412
6570.48	7.412
6575.49	7.412
6580.50	7.412
6585.51	7.412
6590.52	7.412
6595.53	7.412
6600.55	7.412
6605.56	7.411
6610.57	7.411
6615.58	7.411
6620.59	7.411
6625.60	7.411
6630.62	7.411
6635.63	7.411
6640.64	7.411
6645.65	7.411
6650.66	7.410
6655.67	7.410
6660.69	7.410
6665.70	7.410
6670.71	7.410
6675.72	7.410
6680.73	7.410
6685.74	7.409
6690.76	7.409
6695.77	7.409
6700.78	7.409
6705.79	7.409
6710.80	7.409
6715.81	7.409
6720.82	7.409
6725.84	7.408
6730.85	7.409
6735.86	7.408
6740.87	7.408
6745.89	7.408
6750.90	7.408
6755.92	7.408
6760.93	7.408
6765.94	7.407
6770.95	7.407
6775.96	7.407
6780.97	7.407
6785.98	7.407
6791.00	7.407
6796.01	7.406
6801.02	7.406
6806.03	7.406
6811.04	7.406
6816.05	7.406
6821.07	7.406
6826.08	7.406
6831.09	7.405
6836.10	7.405
6841.11	7.405
6846.12	7.405
6851.13	7.405
6856.15	7.405
6861.16	7.405
6866.17	7.405
6871.18	7.405
6876.19	7.404
6881.20	7.404
6886.22	7.404
6891.23	7.404
6896.24	7.404
6901.25	7.404
6906.26	7.404
6911.27	7.403
6916.28	7.403
6921.30	7.403
6926.31	7.403
6931.32	7.403
6936.33	7.403
6941.34	7.403
6946.36	7.403
6951.37	7.403
6956.38	7.403
6961.40	7.402
6966.41	7.402
6971.42	7.402
6976.44	7.402
6981.45	7.402
6986.46	7.401
6991.47	7.401
6996.48	7.402
7001.49	7.401
7006.51	7.401
7011.52	7.401
7016.53	7.401
7021.54	7.401
7026.55	7.401
7031.56	7.400
7036.57	7.400
7041.59	7.400
7046.60	7.400
7051.61	7.400
7056.62	7.400
7061.63	7.400
7066.64	7.400
7071.65	7.399
7076.67	7.399
7081.68	7.399
7086.69	7.399
7091.70	7.399
7096.71	7.399
7101.72	7.399
7106.74	7.398
7111.75	7.398
7116.76	7.398
7121.77	7.398
7126.78	7.398
7131.79	7.398
7136.81	7.397
7141.82	7.398
7146.83	7.398
7151.84	7.398
7156.86	7.397
7161.87	7.397
7166.88	7.397
7171.89	7.397
7176.91	7.397
7181.92	7.397
7186.94	7.397
7191.95	7.397
7196.96	7.397
7201.97	7.396
7206.98	7.396
7211.99	7.396
7217.01	7.396
7222.02	7.396
7227.03	7.396
7232.04	7.396
7237.05	7.395
7242.06	7.395
7247.07	7.395
7252.09	7.395
7257.10	7.395
7262.11	7.395
7267.12	7.395
7272.13	7.394
7277.14	7.394
7282.16	7.394
7287.17	7.394
7292.18	7.394
7297.19	7.394
7302.20	7.393
7307.21	7.393
7312.22	7.393
7317.24	7.393
7322.25	7.393
7327.26	7.393
7332.27	7.393
7337.28	7.393
7342.29	7.393
7347.30	7.392
7352.32	7.392
7357.33	7.392
7362.34	7.392
7367.35	7.392
7372.37	7.392
7377.38	7.392
7382.39	7.392
7387.41	7.391
7392.42	7.391
7397.44	7.391
7402.45	7.391
7407.46	7.391
7412.47	7.391
7417.48	7.391
7422.49	7.390
7427.50	7.390
7432.51	7.390
7437.53	7.390
7442.54	7.390
7447.55	7.389
7452.56	7.390
7457.57	7.390
7462.58	7.389
7467.60	7.389
7472.61	7.389
7477.62	7.389
7482.63	7.389
7487.64	7.389
7492.65	7.389
7497.67	7.388
7502.68	7.388
7507.69	7.388
7512.70	7.388
7517.71	7.388
7522.72	7.387
7527.74	7.387
7532.75	7.387
7537.76	7.387
7542.77	7.387
7547.78	7.387
7552.79	7.386
7557.80	7.386
7562.82	7.386
7567.83	7.386
7572.84	7.386
7577.85	7.386
7582.86	7.386
7587.87	7.386
7592.89	7.385
7597.90	7.385
7602.91	7.385
7607.92	7.385
7612.93	7.385
7617.94	7.385
7622.96	7.384
7627.97	7.384
7632.98	7.384
7637.99	7.384
7643.00	7.384
7648.01	7.384
7653.03	7.384
7658.04	7.383
7663.05	7.383
7668.06	7.383
7673.07	7.383
7678.08	7.383
7683.09	7.383
7688.11	7.383
7693.12	7.383
7698.13	7.383
7703.14	7.382
7708.15	7.382
7713.16	7.382
7718.18	7.382
7723.19	7.382
7728.20	7.381
7733.21	7.381
7738.22	7.381
7743.23	7.381
7748.25	7.381
7753.26	7.381
7758.27	7.380
7763.28	7.380
7768.30	7.380
7773.31	7.380
7778.32	7.380
7783.33	7.379
7788.35	7.380
7793.36	7.379
7798.38	7.379
7803.39	7.379
7808.40	7.379
7813.41	7.379
7818.42	7.379
7823.43	7.378
7828.45	7.378
7833.46	7.378
7838.47	7.378
7843.48	7.378
7848.49	7.378
7853.50	7.378
7858.52	7.377
7863.53	7.377
7868.54	7.377
7873.55	7.377
7878.56	7.377
7883.57	7.377
7888.58	7.377
7893.60	7.376
7898.61	7.376
7903.62	7.376
7908.64	7.376
7913.65	7.376
7918.66	7.375
7923.67	7.375
7928.68	7.375
7933.69	7.375
7938.71	7.375
7943.72	7.375
7948.73	7.374
7953.74	7.374
7958.75	7.374
7963.76	7.374
7968.77	7.374
7973.79	7.374
7978.80	7.374
7983.81	7.373
7988.82	7.373
7993.83	7.373
7998.85	7.373
8003.86	7.373
8008.88	7.373
8013.89	7.373
8018.90	7.372
8023.91	7.372
8028.92	7.372
8033.93	7.372
8038.95	7.371
8043.96	7.371
8048.97	7.371
8053.98	7.371
8058.99	7.371
8064.00	7.370
8069.02	7.370
8074.03	7.370
8079.04	7.370
8084.05	7.370
8089.06	7.370
8094.07	7.369
8099.08	7.369
8104.10	7.369
8109.11	7.369
8114.12	7.369
8119.13	7.368
8124.14	7.368
8129.15	7.368
8134.17	7.368
8139.18	7.368
8144.19	7.368
8149.20	7.368
8154.21	7.367
8159.22	7.367
8164.24	7.367
8169.25	7.367
8174.26	7.367
8179.27	7.367
8184.28	7.366
8189.29	7.366
8194.30	7.366
8199.32	7.365
8204.33	7.365
8209.34	7.365
8214.36	7.365
8219.37	7.365
8224.38	7.365
8229.39	7.364
8234.41	7.364
8239.42	7.364
8244.43	7.364
8249.44	7.364
8254.45	7.363
8259.46	7.363
8264.48	7.363
8269.49	7.363
8274.50	7.362
8279.51	7.362
8284.52	7.362
8289.53	7.362
8294.55	7.362
8299.56	7.362
8304.57	7.361
8309.58	7.361
8314.59	7.361
8319.60	7.361
8324.62	7.361
8329.63	7.360
8334.64	7.360
8339.65	7.360
8344.66	7.359
8349.67	7.359
8354.69	7.359
8359.70	7.359
8364.71	7.359
8369.72	7.358
8374.73	7.358
8379.74	7.358
8384.76	7.358
8389.77	7.358
8394.78	7.357
8399.79	7.357
8404.80	7.357
8409.81	7.357
8414.82	7.357
8419.84	7.356
8424.85	7.356
8429.86	7.356
8434.88	7.356
8439.89	7.356
8444.90	7.355
8449.91	7.355
8454.92	7.355
8459.93	7.355
8464.95	7.354
8469.96	7.354
8474.97	7.354
8479.98	7.353
8484.99	7.353
8490.00	7.353
8495.01	7.353
8500.03	7.353
8505.04	7.352
8510.05	7.352
8515.06	7.352
8520.07	7.352
8525.08	7.351
8530.10	7.351
8535.11	7.351
8540.12	7.351
8545.13	7.350
8550.14	7.350
8555.15	7.350
8560.17	7.350
8565.18	7.350
8570.19	7.349
8575.20	7.349
8580.21	7.349
8585.22	7.349
8590.23	7.349
8595.25	7.348
8600.26	7.348
8605.27	7.348
8610.28	7.347
8615.29	7.347
8620.30	7.347
8625.31	7.347
8630.33	7.346
8635.34	7.346
8640.36	7.346
8645.37	7.345
8650.38	7.345
8655.39	7.345
8660.41	7.345
8665.42	7.344
8670.43	7.344
8675.44	7.344
8680.45	7.343
8685.46	7.343
8690.48	7.343
8695.49	7.342
8700.50	7.342
8705.51	7.342
8710.52	7.342
8715.53	7.342
8720.55	7.341
8725.56	7.341
8730.57	7.341
8735.58	7.340
8740.59	7.340
8745.60	7.340
8750.62	7.340
8755.63	7.339
8760.64	7.339
8765.65	7.339
8770.66	7.338
8775.67	7.338
8780.69	7.337
8785.70	7.337
8790.71	7.337
8795.72	7.337
8800.73	7.337
8805.74	7.336
8810.75	7.336
8815.77	7.336
8820.78	7.336
8825.79	7.335
8830.80	7.335
8835.81	7.335
8840.83	7.334
8845.84	7.334
8850.86	7.334
8855.87	7.333
8860.88	7.333
8865.89	7.332
8870.90	7.332
8875.91	7.332
8880.93	7.331
8885.94	7.331
8890.95	7.331
8895.96	7.331
8900.97	7.330
8905.98	7.330
8911.00	7.329
8916.01	7.329
8921.02	7.329
8926.03	7.328
8931.04	7.328
8936.05	7.327
8941.06	7.327
8946.08	7.327
8951.09	7.326
8956.10	7.326
8961.11	7.326
8966.12	7.326
8971.13	7.326
8976.15	7.325
8981.16	7.325
8986.18	7.324
8991.19	7.324
8996.20	7.323
9001.21	7.323
9006.22	7.322
9011.24	7.322
9016.25	7.322
9021.26	7.321
9026.27	7.321
9031.28	7.321
9036.29	7.320
9041.30	7.320
9046.32	7.320
9051.33	7.319
9056.34	7.319
9061.35	7.319
9066.36	7.318
9071.37	7.318
9076.39	7.317
9081.40	7.317
9086.41	7.317
9091.42	7.316
9096.43	7.316
9101.44	7.315
9106.45	7.315
9111.47	7.314
9116.48	7.314
9121.49	7.313
9126.50	7.313
9131.51	7.313
9136.52	7.312
9141.54	7.312
9146.55	7.311
9151.56	7.311
9156.57	7.310
9161.58	7.310
9166.59	7.310
9171.61	7.309
9176.62	7.309
9181.63	7.308
9186.64	7.308
9191.65	7.307
9196.66	7.307
9201.67	7.307
9206.69	7.306
9211.70	7.306
9216.71	7.305
9221.72	7.305
9226.73	7.304
9231.74	7.304
9236.75	7.303
9241.77	7.303
9246.78	7.302
9251.79	7.302
9256.80	7.301
9261.81	7.301
9266.82	7.301
9271.83	7.300
9276.85	7.300
9281.86	7.299
9286.87	7.299
9291.88	7.298
9296.89	7.298
9301.90	7.297
9306.91	7.297
9311.93	7.296
9316.94	7.296
9321.95	7.295
9326.96	7.295
9331.97	7.294
9336.98	7.294
9341.99	7.293
9347.00	7.293
9352.01	7.292
9357.02	7.292
9362.03	7.291
9367.04	7.291
9372.06	7.290
9377.07	7.290
9382.08	7.289
9387.09	7.289
9392.10	7.288
9397.11	7.288
9402.12	7.287
9407.14	7.286
9412.15	7.286
9417.16	7.285
9422.17	7.285
9427.18	7.284
9432.19	7.283
9437.21	7.283
9442.22	7.282
9447.23	7.282
9452.24	7.281
9457.25	7.281
9462.26	7.280
9467.28	7.280
9472.29	7.279
9477.30	7.278
9482.31	7.278
9487.32	7.277
9492.33	7.276
9497.34	7.276
9502.36	7.276
9507.37	7.275
9512.38	7.275
9517.39	7.274
9522.40	7.273
9527.41	7.272
9532.43	7.272
9537.44	7.271
9542.45	7.271
9547.46	7.270
9552.47	7.269
9557.48	7.269
9562.50	7.268
9567.51	7.268
9572.52	7.267
9577.53	7.266
9582.54	7.266
9587.55	7.265
9592.56	7.264
9597.58	7.263
9602.59	7.263
9607.60	7.262
9612.61	7.262
9617.62	7.261
9622.63	7.260
9627.65	7.260
9632.66	7.260
9637.67	7.259
9642.68	7.258
9647.69	7.258
9652.70	7.257
9657.71	7.256
9662.73	7.256
9667.74	7.255
9672.75	7.255
9677.76	7.254
9682.77	7.253
9687.78	7.252
9692.80	7.251
9697.81	7.251
9702.82	7.250
9707.83	7.249
9712.84	7.249
9717.86	7.248
9722.88	7.247
9727.89	7.247
9732.90	7.246
9737.91	7.245
9742.93	7.245
9747.94	7.244
9752.95	7.244
9757.96	7.243
9762.97	7.243
9767.98	7.242
9772.99	7.241
9778.01	7.240
9783.02	7.239
9788.03	7.239
9793.04	7.238
9798.05	7.237
9803.06	7.236
9808.08	7.235
9813.09	7.235
9818.10	7.234
9823.11	7.233
9828.12	7.233
9833.13	7.232
9838.14	7.232
9843.16	7.231
9848.17	7.230
9853.18	7.229
9858.19	7.228
9863.20	7.228
9868.21	7.227
9873.23	7.226
9878.24	7.226
9883.25	7.225
9888.26	7.224
9893.27	7.223
9898.28	7.222
9903.29	7.222
9908.31	7.221
9913.32	7.220
9918.33	7.219
9923.34	7.219
9928.35	7.218
9933.36	7.217
9938.37	7.217
9943.39	7.216
9948.40	7.215
9953.41	7.214
9958.42	7.214
9963.43	7.213
9968.44	7.212
9973.45	7.211
9978.47	7.211
9983.48	7.210
9988.49	7.209
9993.50	7.208
9998.51	7.207
10003.52	7.207
10008.54	7.206
10013.55	7.205
10018.56	7.205
10023.57	7.203
10028.58	7.203
10033.59	7.202
10038.60	7.201
10043.62	7.200
10048.63	7.199
10053.64	7.199
10058.65	7.198
10063.66	7.197
10068.67	7.197
10073.68	7.196
10078.70	7.195
10083.71	7.194
10088.72	7.193
10093.73	7.193
10098.74	7.192
10103.75	7.191
10108.77	7.190
10113.78	7.189
10118.79	7.188
10123.80	7.188
10128.81	7.187
10133.82	7.186
10138.84	7.185
10143.85	7.185
10148.86	7.184
10153.87	7.183
10158.88	7.182
10163.89	7.181
10168.90	7.181
10173.92	7.180
10178.93	7.179
10183.94	7.179
10188.95	7.178
10193.96	7.177
10198.97	7.176
10203.98	7.175
10209.00	7.174
10214.01	7.173
10219.02	7.173
10224.03	7.172
10229.04	7.171
10234.05	7.170
10239.07	7.169
10244.08	7.169
10249.09	7.168
10254.10	7.167
10259.11	7.166
10264.12	7.165
10269.13	7.165
10274.15	7.164
10279.16	7.163
10284.17	7.162
10289.18	7.161
10294.19	7.160
10299.20	7.159
10304.22	7.158
10309.23	7.158
10314.24	7.157
10319.25	7.156
10324.26	7.155
10329.27	7.154
10334.29	7.153
10339.30	7.153
10344.31	7.152
10349.32	7.151
10354.33	7.150
10359.34	7.149
10364.36	7.148
10369.37	7.148
10374.38	7.147
10379.39	7.146
10384.40	7.145
10389.41	7.144
10394.42	7.144
10399.44	7.142
10404.45	7.142
10409.46	7.141
10414.47	7.140
10419.48	7.139
10424.49	7.138
10429.50	7.137
10434.52	7.136
10439.53	7.135
10444.54	7.135
10449.55	7.134
10454.56	7.133
10459.57	7.132
10464.59	7.131
10469.60	7.130
10474.61	7.129
10479.62	7.128
10484.63	7.128
10489.64	7.127
10494.65	7.126
10499.67	7.125
10504.68	7.124
10509.69	7.123
10514.70	7.122
10519.71	7.121
10524.73	7.120
10529.74	7.119
10534.75	7.119
10539.76	7.118
10544.77	7.117
10549.78	7.116
10554.79	7.115
10559.81	7.114
10564.82	7.114
10569.83	7.112
10574.84	7.112
10579.85	7.111
10584.86	7.110
10589.88	7.109
10594.89	7.108
10599.90	7.107
10604.91	7.107
10609.92	7.105
10614.93	7.105
10619.95	7.103
10624.96	7.103
10629.97	7.102
10634.98	7.101
10639.99	7.100
10645.00	7.099
10650.02	7.098
10655.03	7.097
10660.04	7.096
10665.06	7.095
10670.08	7.094
10675.09	7.094
10680.10	7.093
10685.11	7.092
10690.12	7.091
10695.13	7.090
10700.14	7.089
10705.16	7.088
10710.17	7.087
10715.18	7.086
10720.19	7.085
10725.20	7.084
10730.21	7.083
10735.22	7.082
10740.24	7.081
10745.25	7.081
10750.26	7.080
10755.27	7.079
10760.28	7.078
10765.29	7.077
10770.30	7.076
10775.32	7.075
10780.33	7.074
10785.34	7.073
10790.35	7.072
10795.36	7.071
10800.37	7.071
10805.38	7.070
10810.40	7.068
10815.41	7.068
10820.42	7.066
10825.43	7.065
10830.44	7.064
10835.45	7.063
10840.47	7.063
10845.48	7.062
10850.49	7.061
10855.50	7.060
10860.51	7.059
10865.52	7.058
10870.54	7.057
10875.55	7.056
10880.56	7.055
10885.57	7.054
10890.58	7.053
10895.59	7.052
10900.61	7.051
10905.62	7.050
10910.63	7.049
10915.64	7.048
10920.65	7.047
10925.66	7.046
10930.67	7.045
10935.69	7.044
10940.70	7.044
10945.71	7.043
10950.72	7.042
10955.73	7.041
10960.74	7.040
10965.76	7.039
10970.77	7.038
10975.78	7.037
10980.79	7.036
10985.80	7.035
10990.81	7.034
10995.83	7.033
11000.84	7.032
11005.85	7.031
11010.86	7.030
11015.87	7.029
11020.88	7.027
11025.90	7.026
11030.92	7.025
11035.94	7.024
11040.95	7.023
11045.96	7.022
11050.97	7.022
11055.99	7.021
11061.00	7.020
11066.01	7.019
11071.02	7.018
11076.03	7.016
11081.04	7.015
11086.06	7.014
11091.07	7.013
11096.08	7.012
11101.09	7.011
11106.10	7.010
11111.11	7.010
11116.12	7.009
11121.14	7.007
11126.15	7.006
11131.16	7.005
11136.17	7.004
11141.18	7.003
11146.19	7.002
11151.21	7.001
11156.22	7.000
11161.23	6.999
11166.24	6.998
11171.25	6.997
11176.26	6.996
11181.27	6.994
11186.29	6.994
11191.30	6.993
11196.31	6.992
11201.32	6.991
11206.33	6.990
11211.34	6.988
11216.35	6.987
11221.37	6.986
11226.38	6.985
11231.39	6.984
11236.40	6.983
11241.41	6.982
11246.42	6.981
11251.44	6.980
11256.45	6.979
11261.46	6.978
11266.47	6.977
11271.48	6.976
11276.49	6.975
11281.51	6.974
11286.52	6.973
11291.53	6.972
11296.54	6.970
11301.55	6.969
11306.56	6.968
11311.58	6.967
11316.59	6.966
11321.60	6.965
11326.61	6.964
11331.62	6.963
11336.63	6.962
11341.64	6.961
11346.66	6.960
11351.67	6.958
11356.68	6.957
11361.69	6.956
11366.70	6.955
11371.71	6.954
11376.73	6.953
11381.74	6.952
11386.75	6.951
11391.76	6.950
11396.77	6.949
11401.78	6.948
11406.80	6.947
11411.81	6.945
11416.83	6.944
11421.84	6.943
11426.86	6.942
11431.87	6.941
11436.88	6.940
11441.89	6.938
11446.90	6.938
11451.91	6.936
11456.93	6.935
11461.95	6.934
11466.96	6.933
11471.97	6.932
11476.99	6.931
11482.00	6.930
11487.01	6.929
11492.02	6.927
11497.03	6.926
11502.04	6.925
11507.06	6.924
11512.08	6.923
11517.09	6.922
11522.11	6.921
11527.12	6.919
11532.14	6.918
11537.15	6.917
11542.16	6.916
11547.17	6.915
11552.18	6.914
11557.19	6.912
11562.21	6.911
11567.22	6.910
11572.23	6.909
11577.24	6.908
11582.25	6.907
11587.26	6.905
11592.27	6.904
11597.29	6.903
11602.30	6.902
11607.31	6.901
11612.32	6.900
11617.34	6.899
11622.35	6.897
11627.36	6.896
11632.37	6.895
11637.38	6.894
11642.39	6.892
11647.41	6.891
11652.42	6.890
11657.43	6.889
11662.44	6.888
11667.45	6.887
11672.46	6.886
11677.47	6.885
11682.49	6.883
11687.50	6.882
11692.51	6.881
11697.52	6.879
11702.53	6.878
11707.54	6.877
11712.56	6.876
11717.57	6.874
11722.58	6.873
11727.59	6.872
11732.60	6.871
11737.61	6.870
11742.63	6.868
11747.64	6.867
11752.65	6.866
11757.66	6.865
11762.67	6.864
11767.68	6.863
11772.70	6.861
11777.71	6.860
11782.72	6.859
11787.73	6.857
11792.74	6.856
11797.75	6.855
11802.76	6.854
11807.78	6.853
11812.79	6.852
11817.80	6.850
11822.81	6.849
11827.82	6.848
11832.83	6.847
11837.84	6.845
11842.86	6.844
11847.87	6.843
11852.88	6.841
11857.89	6.840
11862.90	6.839
11867.91	6.838
11872.92	6.836
11877.94	6.835
11882.95	6.834
11887.96	6.833
11892.97	6.831
11897.98	6.830
11902.99	6.829
11908.01	6.828
11913.02	6.826
11918.03	6.825
11923.04	6.824
11928.05	6.822
11933.07	6.821
11938.09	6.820
11943.10	6.819
11948.12	6.817
11953.13	6.816
11958.14	6.815
11963.15	6.813
11968.16	6.812
11973.17	6.811
11978.19	6.810
11983.20	6.808
11988.21	6.807
11993.23	6.806
11998.25	6.805
12003.26	6.803
12008.28	6.802
12013.29	6.801
12018.30	6.799
12023.31	6.798
12028.32	6.797
12033.34	6.795
12038.35	6.794
12043.36	6.793
12048.37	6.791
12053.38	6.790
12058.39	6.789
12063.41	6.787
12068.43	6.786
12073.44	6.785
12078.46	6.783
12083.47	6.782
12088.48	6.781
12093.49	6.779
12098.50	6.778
12103.52	6.777
12108.53	6.775
12113.54	6.774
12118.55	6.773
12123.57	6.771
12128.58	6.770
12133.60	6.769
12138.61	6.767
12143.62	6.766
12148.63	6.765
12153.64	6.763
12158.66	6.762
12163.67	6.760
12168.68	6.759
12173.69	6.758
12178.70	6.756
12183.71	6.755
12188.73	6.753
12193.74	6.752
12198.75	6.751
12203.76	6.749
12208.77	6.748
12213.78	6.746
12218.80	6.745
12223.81	6.744
12228.82	6.742
12233.83	6.741
12238.84	6.739
12243.85	6.738
12248.86	6.737
12253.88	6.735
12258.89	6.734
12263.90	6.732
12268.91	6.731
12273.92	6.730
12278.93	6.728
12283.95	6.727
12288.96	6.726
12293.97	6.724
12298.98	6.723
12303.99	6.721
12309.00	6.720
12314.02	6.718
12319.03	6.717
12324.04	6.715
12329.05	6.714
12334.06	6.713
12339.07	6.711
12344.08	6.710
12349.09	6.708
12354.11	6.707
12359.12	6.706
12364.13	6.704
12369.14	6.702
12374.15	6.701
12379.16	6.700
12384.17	6.698
12389.19	6.697
12394.20	6.695
12399.21	6.694
12404.22	6.692
12409.23	6.691
12414.24	6.689
12419.26	6.688
12424.27	6.686
12429.28	6.685
12434.29	6.683
12439.30	6.682
12444.31	6.681
12449.32	6.679
12454.34	6.678
12459.35	6.676
12464.36	6.675
12469.37	6.673
12474.38	6.671
12479.39	6.670
12484.41	6.668
12489.42	6.667
12494.43	6.665
12499.44	6.664
12504.45	6.662
12509.46	6.661
12514.48	6.659
12519.49	6.658
12524.50	6.656
12529.51	6.655
12534.52	6.653
12539.53	6.652
12544.54	6.650
12549.56	6.649
12554.57	6.647
12559.58	6.646
12564.59	6.644
12569.60	6.642
12574.61	6.641
12579.62	6.640
12584.64	6.638
12589.65	6.636
12594.66	6.635
12599.67	6.633
12604.68	6.632
12609.69	6.630
12614.71	6.629
12619.72	6.627
12624.73	6.626
12629.74	6.624
12634.75	6.623
12639.76	6.621
12644.78	6.619
12649.79	6.618
12654.80	6.616
12659.81	6.614
12664.82	6.613
12669.83	6.611
12674.84	6.610
12679.86	6.608
12684.87	6.607
12689.88	6.605
12694.89	6.603
12699.90	6.602
12704.91	6.600
12709.93	6.599
12714.94	6.597
12719.95	6.595
12724.96	6.594
12729.97	6.592
12734.98	6.591
12740.00	6.589
12745.01	6.587
12750.02	6.586
12755.03	6.584
12760.04	6.582
12765.05	6.581
12770.06	6.579
12775.08	6.578
12780.09	6.576
12785.10	6.574
12790.11	6.573
12795.12	6.571
12800.13	6.569
12805.15	6.568
12810.16	6.566
12815.17	6.565
12820.18	6.563
12825.19	6.561
12830.20	6.559
12835.22	6.558
12840.23	6.556
12845.24	6.555
12850.25	6.553
12855.26	6.551
12860.27	6.549
12865.28	6.548
12870.30	6.546
12875.31	6.544
12880.32	6.543
12885.33	6.541
12890.34	6.539
12895.35	6.538
12900.37	6.536
12905.38	6.534
12910.39	6.532
12915.40	6.531
12920.41	6.529
12925.42	6.527
12930.43	6.526
12935.45	6.524
12940.46	6.522
12945.47	6.520
12950.48	6.519
12955.49	6.517
12960.50	6.515
12965.52	6.514
12970.53	6.512
12975.54	6.510
12980.55	6.509
12985.56	6.507
12990.57	6.505
12995.58	6.503
13000.60	6.501
13005.61	6.500
13010.62	6.498
13015.63	6.496
13020.64	6.494
13025.65	6.493
13030.67	6.491
13035.68	6.489
13040.69	6.487
13045.70	6.486
13050.71	6.484
13055.72	6.482
13060.73	6.480
13065.75	6.478
13070.76	6.476
13075.77	6.475
13080.78	6.473
13085.79	6.471
13090.80	6.469
13095.82	6.468
13100.83	6.466
13105.84	6.464
13110.85	6.462
13115.86	6.461
13120.87	6.459
13125.89	6.457
13130.90	6.455
13135.91	6.453
13140.92	6.451
13145.94	6.449
13150.95	6.447
13155.96	6.446
13160.97	6.444
13165.98	6.442
13170.99	6.440
13176.01	6.438
13181.02	6.437
13186.03	6.435
13191.04	6.433
13196.05	6.431
13201.06	6.429
13206.07	6.427
13211.09	6.425
13216.10	6.423
13221.11	6.421
13226.12	6.419
13231.13	6.417
13236.14	6.415
13241.15	6.414
13246.17	6.412
13251.18	6.410
13256.19	6.408
13261.20	6.406
13266.21	6.404
13271.22	6.402
13276.24	6.400
13281.25	6.399
13286.26	6.396
13291.27	6.394
13296.28	6.393
13301.29	6.390
13306.30	6.388
13311.32	6.386
13316.33	6.384
13321.34	6.382
13326.35	6.380
13331.36	6.378
13336.37	6.376
13341.39	6.374
13346.40	6.372
13351.41	6.370
13356.42	6.368
13361.43	6.366
13366.44	6.364
13371.45	6.362
13376.47	6.360
13381.48	6.357
13386.49	6.355
13391.50	6.353
13396.51	6.351
13401.52	6.349
13406.54	6.347
13411.55	6.345
13416.56	6.343
13421.57	6.341
13426.59	6.339
13431.61	6.336
13436.62	6.334
13441.64	6.332
13446.65	6.330
13451.66	6.328
13456.67	6.326
13461.69	6.324
13466.70	6.321
13471.71	6.319
13476.73	6.317
13481.74	6.315
13486.75	6.313
13491.76	6.311
13496.78	6.309
13501.79	6.307
13506.80	6.304
13511.81	6.302
13516.82	6.300
13521.83	6.298
13526.85	6.295
13531.86	6.293
13536.87	6.291
13541.88	6.289
13546.89	6.286
13551.90	6.284
13556.91	6.282
13561.92	6.280
13566.94	6.278
13571.95	6.276
13576.96	6.273
13581.97	6.271
13586.98	6.269
13591.99	6.266
13597.01	6.264
13602.02	6.262
13607.03	6.260
13612.04	6.257
13617.05	6.255
13622.06	6.253
13627.07	6.251
13632.09	6.248
13637.10	6.246
13642.11	6.244
13647.12	6.242
13652.13	6.239
13657.14	6.237
13662.16	6.235
13667.17	6.233
13672.18	6.230
13677.19	6.228
13682.20	6.226
13687.21	6.223
13692.23	6.221
13697.24	6.219
13702.25	6.217
13707.26	6.214
13712.27	6.212
13717.28	6.210
13722.29	6.207
13727.30	6.205
13732.32	6.203
13737.33	6.200
13742.34	6.198
13747.35	6.196
13752.36	6.194
13757.37	6.191
13762.39	6.189
13767.40	6.187
13772.41	6.184
13777.42	6.182
13782.43	6.180
13787.44	6.177
13792.45	6.175
13797.46	6.173
13802.48	6.171
13807.49	6.168
13812.50	6.166
13817.52	6.164
13822.53	6.161
13827.54	6.159
13832.55	6.157
13837.57	6.154
13842.58	6.152
13847.59	6.150
13852.61	6.148
13857.62	6.145
13862.64	6.143
13867.65	6.141
13872.66	6.138
13877.68	6.136
13882.69	6.134
13887.70	6.132
13892.72	6.129
13897.73	6.127
13902.74	6.125
13907.75	6.122
13912.77	6.120
13917.78	6.118
13922.79	6.116
13927.80	6.113
13932.81	6.111
13937.82	6.109
13942.84	6.107
13947.85	6.104
13952.86	6.102
13957.87	6.100
13962.88	6.097
13967.89	6.095
13972.91	6.093
13977.92	6.091
13982.93	6.088
13987.94	6.086
13992.95	6.084
13997.96	6.082
14002.98	6.079
14007.99	6.077
14013.00	6.075
14018.01	6.073
14023.02	6.070
14028.03	6.068
14033.05	6.066
14038.06	6.064
14043.07	6.062
14048.08	6.059
14053.09	6.057
14058.10	6.055
14063.11	6.053
14068.13	6.050
14073.14	6.048
14078.15	6.046
14083.16	6.044
14088.17	6.042
14093.18	6.039
14098.20	6.037
14103.21	6.035
14108.22	6.033
14113.23	6.031
14118.24	6.028
14123.25	6.026
14128.26	6.024
14133.28	6.022
14138.29	6.020
14143.30	6.017
14148.31	6.015
14153.32	6.013
14158.33	6.011
14163.35	6.009
14168.36	6.007
14173.37	6.005
14178.38	6.002
14183.39	6.000
14188.40	5.998
14193.41	5.996
14198.42	5.994
14203.44	5.992
14208.45	5.990
14213.46	5.987
14218.47	5.985
14223.48	5.983
14228.49	5.981
14233.51	5.979
14238.52	5.977
14243.53	5.975
14248.54	5.973
