0.00	7.917
5.01	7.913
10.02	7.913
15.04	7.913
20.05	7.913
25.06	7.913
30.07	7.913
35.08	7.913
40.09	7.913
45.11	7.913
50.12	7.913
55.14	7.913
60.15	7.671
65.16	7.688
70.18	7.693
75.19	7.696
80.21	7.698
85.22	7.700
90.24	7.701
95.25	7.701
100.26	7.701
105.28	7.701
110.29	7.701
115.31	7.701
120.32	7.701
125.34	7.701
130.35	7.700
135.36	7.700
140.38	7.699
145.39	7.699
150.41	7.699
155.42	7.698
160.43	7.698
165.45	7.698
170.46	7.697
175.48	7.697
180.49	7.696
185.51	7.696
190.52	7.695
195.53	7.695
200.55	7.695
205.57	7.694
210.58	7.694
215.60	7.694
220.61	7.693
225.62	7.693
230.64	7.692
235.65	7.692
240.67	7.692
245.68	7.692
250.70	7.691
255.71	7.691
260.73	7.691
265.74	7.690
270.76	7.690
275.77	7.690
280.79	7.689
285.80	7.689
290.82	7.689
295.83	7.689
300.85	7.689
305.87	7.689
310.88	7.688
315.90	7.688
320.91	7.688
325.93	7.687
330.94	7.687
335.96	7.687
340.97	7.687
345.99	7.686
351.00	7.686
356.02	7.686
361.03	7.686
366.05	7.686
371.06	7.685
376.08	7.685
381.09	7.684
386.11	7.684
391.13	7.684
396.15	7.684
401.16	7.684
406.18	7.684
411.20	7.683
416.21	7.683
421.22	7.683
426.24	7.683
431.26	7.682
436.27	7.682
441.28	7.682
446.29	7.682
451.30	7.682
456.31	7.682
461.33	7.681
466.34	7.681
471.35	7.681
476.37	7.681
481.39	7.680
486.40	7.680
491.42	7.680
496.43	7.680
501.44	7.679
506.46	7.679
511.47	7.679
516.48	7.678
521.49	7.678
526.50	7.678
531.51	7.678
536.53	7.678
541.54	7.678
546.56	7.677
551.58	7.677
556.59	7.677
561.61	7.677
566.62	7.677
571.63	7.676
576.64	7.676
581.65	7.676
586.66	7.676
591.67	7.676
596.69	7.675
601.70	7.675
606.71	7.675
611.72	7.674
616.73	7.674
621.74	7.674
626.76	7.674
631.77	7.674
636.78	7.674
641.79	7.673
646.80	7.673
651.81	7.673
656.83	7.673
661.84	7.673
666.85	7.672
671.86	7.672
676.87	7.672
681.88	7.672
686.90	7.672
691.91	7.671
696.92	7.671
701.93	7.671
706.95	7.671
711.96	7.671
716.97	7.670
721.98	7.670
726.99	7.670
732.00	7.670
737.02	7.670
742.03	7.669
747.04	7.669
752.05	7.669
757.06	7.669
762.07	7.668
767.08	7.668
772.10	7.668
777.11	7.668
782.12	7.668
787.13	7.667
792.14	7.668
797.15	7.667
802.16	7.667
807.18	7.667
812.19	7.667
817.20	7.666
822.21	7.666
827.22	7.666
832.23	7.666
837.26	7.665
842.27	7.665
847.29	7.665
852.30	7.665
857.32	7.665
862.34	7.664
867.35	7.664
872.37	7.664
877.38	7.664
882.40	7.664
887.41	7.663
892.42	7.663
897.43	7.663
902.44	7.663
907.45	7.663
912.47	7.663
917.48	7.662
922.49	7.662
927.50	7.662
932.51	7.662
937.52	7.661
942.54	7.661
947.55	7.661
952.56	7.661
957.58	7.661
962.59	7.661
967.61	7.660
972.62	7.660
977.64	7.660
982.65	7.660
987.67	7.659
992.68	7.659
997.70	7.659
1002.71	7.659
1007.72	7.658
1012.73	7.658
1017.74	7.658
1022.75	7.658
1027.77	7.658
1032.78	7.657
1037.80	7.657
1042.81	7.657
1047.82	7.657
1052.83	7.657
1057.85	7.656
1062.87	7.656
1067.88	7.656
1072.90	7.656
1077.91	7.656
1082.93	7.656
1087.94	7.655
1092.96	7.655
1097.97	7.655
1102.98	7.655
1107.99	7.655
1113.00	7.654
1118.01	7.654
1123.03	7.654
1128.04	7.654
1133.05	7.653
1138.06	7.653
1143.07	7.653
1148.08	7.653
1153.10	7.652
1158.11	7.652
1163.12	7.652
1168.13	7.652
1173.14	7.652
1178.16	7.652
1183.17	7.652
1188.18	7.651
1193.19	7.651
1198.20	7.651
1203.21	7.651
1208.22	7.650
1213.24	7.650
1218.25	7.650
1223.26	7.650
1228.27	7.649
1233.28	7.649
1238.29	7.649
1243.31	7.649
1248.32	7.649
1253.33	7.648
1258.34	7.648
1263.35	7.648
1268.36	7.648
1273.38	7.647
1278.39	7.647
1283.40	7.647
1288.41	7.647
1293.42	7.647
1298.43	7.647
1303.45	7.646
1308.46	7.646
1313.47	7.646
1318.48	7.646
1323.49	7.646
1328.50	7.645
1333.52	7.645
1338.53	7.645
1343.54	7.645
1348.55	7.644
1353.56	7.644
1358.57	7.644
1363.59	7.644
1368.60	7.644
1373.61	7.643
1378.64	7.643
1383.65	7.643
1388.66	7.643
1393.68	7.643
1398.70	7.642
1403.71	7.642
1408.72	7.642
1413.74	7.642
1418.75	7.641
1423.76	7.641
1428.77	7.641
1433.79	7.641
1438.80	7.640
1443.81	7.640
1448.82	7.640
1453.83	7.640
1458.84	7.640
1463.85	7.639
1468.87	7.639
1473.88	7.639
1478.89	7.639
1483.90	7.638
1488.91	7.638
1493.92	7.638
1498.94	7.637
1503.95	7.637
1508.96	7.637
1513.97	7.637
1518.98	7.637
1523.99	7.637
1529.01	7.636
1534.02	7.636
1539.03	7.636
1544.04	7.635
1549.05	7.635
1554.06	7.635
1559.08	7.635
1564.09	7.635
1569.10	7.635
1574.11	7.634
1579.12	7.634
1584.13	7.634
1589.15	7.634
1594.16	7.634
1599.17	7.633
1604.18	7.633
1609.19	7.633
1614.20	7.633
1619.21	7.632
1624.23	7.632
1629.24	7.632
1634.25	7.632
1639.26	7.631
1644.27	7.631
1649.28	7.631
1654.30	7.630
1659.31	7.630
1664.32	7.630
1669.33	7.630
1674.34	7.630
1679.35	7.629
1684.37	7.629
1689.38	7.629
1694.39	7.629
1699.40	7.629
1704.41	7.629
1709.42	7.628
1714.43	7.628
1719.45	7.628
1724.46	7.627
1729.47	7.627
1734.48	7.627
1739.49	7.627
1744.50	7.626
1749.52	7.626
1754.53	7.626
1759.54	7.626
1764.55	7.625
1769.56	7.625
1774.57	7.625
1779.58	7.625
1784.60	7.625
1789.61	7.624
1794.62	7.624
1799.63	7.624
1804.64	7.624
1809.65	7.623
1814.67	7.623
1819.68	7.623
1824.69	7.623
1829.70	7.623
1834.71	7.622
1839.72	7.622
1844.73	7.622
1849.75	7.622
1854.76	7.621
1859.77	7.621
1864.78	7.621
1869.79	7.620
1874.80	7.620
1879.81	7.620
1884.83	7.620
1889.84	7.620
1894.85	7.619
1899.86	7.619
1904.87	7.619
1909.88	7.619
1914.90	7.618
1919.91	7.618
1924.92	7.618
1929.94	7.618
1934.96	7.617
1939.97	7.617
1944.99	7.617
1950.00	7.617
1955.02	7.616
1960.04	7.616
1965.05	7.616
1970.07	7.616
1975.08	7.615
1980.09	7.615
1985.10	7.615
1990.11	7.615
1995.12	7.614
2000.14	7.614
2005.15	7.614
2010.16	7.614
2015.17	7.613
2020.18	7.613
2025.19	7.613
2030.21	7.613
2035.22	7.612
2040.23	7.612
2045.24	7.612
2050.25	7.612
2055.26	7.611
2060.28	7.611
2065.29	7.611
2070.30	7.611
2075.31	7.611
2080.32	7.611
2085.33	7.610
2090.34	7.610
2095.36	7.610
2100.37	7.609
2105.38	7.609
2110.39	7.609
2115.40	7.608
2120.41	7.608
2125.43	7.608
2130.44	7.608
2135.45	7.607
2140.46	7.607
2145.47	7.607
2150.48	7.607
2155.50	7.606
2160.51	7.606
2165.52	7.606
2170.53	7.606
2175.54	7.606
2180.55	7.605
2185.56	7.605
2190.58	7.604
2195.59	7.604
2200.60	7.604
2205.61	7.604
2210.62	7.604
2215.63	7.603
2220.65	7.603
2225.66	7.603
2230.67	7.603
2235.68	7.603
2240.69	7.602
2245.70	7.602
2250.71	7.602
2255.73	7.601
2260.74	7.601
2265.75	7.601
2270.76	7.600
2275.77	7.600
2280.78	7.600
2285.80	7.600
2290.81	7.600
2295.82	7.599
2300.83	7.599
2305.84	7.599
2310.85	7.599
2315.87	7.598
2320.88	7.598
2325.89	7.598
2330.90	7.598
2335.91	7.597
2340.92	7.597
2345.93	7.597
2350.95	7.597
2355.96	7.597
2360.97	7.596
2365.98	7.596
2370.99	7.596
2376.00	7.595
2381.02	7.595
2386.03	7.595
2391.04	7.594
2396.05	7.594
2401.06	7.594
2406.07	7.594
2411.08	7.593
2416.10	7.593
2421.11	7.593
2426.12	7.593
2431.13	7.592
2436.14	7.592
2441.15	7.592
2446.16	7.592
2451.18	7.591
2456.19	7.591
2461.20	7.591
2466.21	7.591
2471.22	7.590
2476.23	7.590
2481.25	7.590
2486.26	7.590
2491.27	7.589
2496.28	7.589
2501.30	7.589
2506.31	7.588
2511.32	7.588
2516.33	7.588
2521.35	7.588
2526.36	7.587
2531.37	7.587
2536.38	7.587
2541.39	7.587
2546.41	7.586
2551.42	7.586
2556.44	7.586
2561.45	7.586
2566.47	7.585
2571.48	7.585
2576.50	7.585
2581.51	7.585
2586.52	7.584
2591.54	7.584
2596.55	7.584
2601.56	7.583
2606.57	7.583
2611.58	7.583
2616.60	7.583
2621.61	7.582
2626.62	7.582
2631.63	7.582
2636.64	7.582
2641.65	7.581
2646.67	7.581
2651.68	7.581
2656.69	7.581
2661.70	7.581
2666.71	7.581
2671.72	7.580
2676.73	7.580
2681.74	7.579
2686.76	7.579
2691.77	7.579
2696.78	7.578
2701.79	7.578
2706.80	7.578
2711.81	7.578
2716.83	7.577
2721.84	7.577
2726.85	7.577
2731.86	7.577
2736.87	7.576
2741.88	7.576
2746.89	7.576
2751.91	7.576
2756.92	7.576
2761.93	7.575
2766.94	7.575
2771.95	7.574
2776.96	7.574
2781.98	7.574
2786.99	7.574
2792.00	7.573
2797.01	7.573
2802.02	7.573
2807.03	7.573
2812.05	7.572
2817.06	7.572
2822.07	7.572
2827.08	7.572
2832.09	7.572
2837.10	7.571
2842.11	7.571
2847.13	7.571
2852.14	7.570
2857.15	7.570
2862.16	7.570
2867.18	7.570
2872.19	7.569
2877.21	7.569
2882.22	7.569
2887.23	7.568
2892.25	7.568
2897.26	7.568
2902.28	7.567
2907.30	7.567
2912.31	7.567
2917.32	7.567
2922.34	7.567
2927.35	7.566
2932.36	7.566
2937.37	7.566
2942.38	7.565
2947.40	7.565
2952.41	7.565
2957.43	7.564
2962.44	7.564
2967.46	7.564
2972.47	7.564
2977.48	7.563
2982.50	7.563
2987.51	7.563
2992.52	7.563
2997.53	7.563
3002.54	7.562
3007.56	7.562
3012.57	7.562
3017.59	7.561
3022.60	7.561
3027.62	7.561
3032.64	7.561
3037.65	7.560
3042.67	7.560
3047.68	7.560
3052.70	7.559
3057.71	7.559
3062.72	7.559
3067.74	7.559
3072.75	7.558
3077.76	7.558
3082.77	7.558
3087.78	7.558
3092.79	7.557
3097.81	7.557
3102.82	7.557
3107.83	7.556
3112.84	7.556
3117.85	7.556
3122.86	7.555
3127.87	7.555
3132.89	7.555
3137.90	7.555
3142.91	7.554
3147.92	7.554
3152.93	7.554
3157.94	7.553
3162.96	7.553
3167.97	7.553
3172.98	7.553
3177.99	7.552
3183.00	7.552
3188.01	7.552
3193.02	7.552
3198.04	7.551
3203.05	7.551
3208.06	7.551
3213.07	7.551
3218.08	7.550
3223.09	7.550
3228.11	7.550
3233.12	7.549
3238.13	7.549
3243.14	7.549
3248.15	7.548
3253.16	7.548
3258.18	7.548
3263.19	7.548
3268.20	7.547
3273.21	7.547
3278.22	7.547
3283.23	7.546
3288.24	7.546
3293.26	7.546
3298.27	7.545
3303.28	7.545
3308.29	7.545
3313.30	7.545
3318.31	7.544
3323.32	7.544
3328.33	7.544
3333.35	7.544
3338.36	7.543
3343.37	7.543
3348.38	7.543
3353.39	7.542
3358.40	7.542
3363.42	7.542
3368.43	7.541
3373.44	7.541
3378.45	7.541
3383.46	7.541
3388.47	7.541
3393.49	7.540
3398.50	7.540
3403.51	7.540
3408.52	7.540
3413.53	7.539
3418.54	7.539
3423.56	7.538
3428.57	7.538
3433.58	7.538
3438.59	7.538
3443.60	7.537
3448.61	7.537
3453.62	7.537
3458.64	7.536
3463.65	7.536
3468.66	7.535
3473.67	7.535
3478.68	7.535
3483.69	7.535
3488.71	7.534
3493.72	7.534
3498.73	7.534
3503.74	7.534
3508.75	7.533
3513.76	7.533
3518.78	7.533
3523.79	7.533
3528.80	7.532
3533.82	7.532
3538.83	7.532
3543.85	7.532
3548.86	7.531
3553.87	7.531
3558.88	7.531
3563.89	7.530
3568.90	7.530
3573.92	7.530
3578.93	7.529
3583.94	7.529
3588.95	7.529
3593.96	7.528
3598.97	7.528
3603.99	7.528
3609.00	7.527
3614.01	7.527
3619.02	7.527
3624.03	7.527
3629.04	7.526
3634.06	7.526
3639.07	7.526
3644.08	7.525
3649.09	7.525
3654.10	7.525
3659.11	7.524
3664.13	7.524
3669.14	7.524
3674.15	7.523
3679.16	7.523
3684.17	7.523
3689.18	7.523
3694.19	7.523
3699.21	7.522
3704.22	7.522
3709.23	7.522
3714.24	7.522
3719.25	7.521
3724.26	7.521
3729.28	7.521
3734.29	7.520
3739.30	7.520
3744.31	7.520
3749.33	7.519
3754.34	7.519
3759.36	7.519
3764.37	7.518
3769.38	7.518
3774.39	7.518
3779.40	7.518
3784.42	7.517
3789.43	7.517
3794.44	7.517
3799.45	7.517
3804.46	7.516
3809.47	7.516
3814.49	7.516
3819.50	7.515
3824.51	7.515
3829.52	7.515
3834.53	7.514
3839.54	7.514
3844.55	7.514
3849.57	7.514
3854.58	7.513
3859.59	7.513
3864.60	7.513
3869.61	7.512
3874.62	7.512
3879.64	7.512
3884.65	7.512
3889.66	7.511
3894.67	7.511
3899.68	7.511
3904.69	7.510
3909.71	7.510
3914.72	7.510
3919.73	7.510
3924.74	7.509
3929.75	7.509
3934.76	7.509
3939.77	7.509
3944.79	7.508
3949.80	7.508
3954.81	7.508
3959.83	7.507
3964.84	7.507
3969.86	7.506
3974.87	7.506
3979.88	7.506
3984.89	7.506
3989.90	7.506
3994.92	7.505
3999.93	7.505
4004.94	7.505
4009.95	7.504
4014.96	7.504
4019.97	7.504
4024.99	7.503
4030.00	7.503
4035.01	7.503
4040.02	7.503
4045.03	7.502
4050.04	7.502
4055.06	7.502
4060.07	7.502
4065.08	7.501
4070.09	7.501
4075.10	7.501
4080.11	7.500
4085.13	7.500
4090.14	7.500
4095.15	7.500
4100.16	7.499
4105.17	7.499
4110.18	7.499
4115.19	7.499
4120.20	7.498
4125.22	7.498
4130.23	7.498
4135.24	7.497
4140.25	7.497
4145.26	7.497
4150.27	7.497
4155.29	7.496
4160.30	7.496
4165.31	7.496
4170.32	7.496
4175.33	7.495
4180.34	7.495
4185.36	7.495
4190.37	7.494
4195.38	7.494
4200.39	7.494
4205.40	7.493
4210.41	7.493
4215.43	7.493
4220.44	7.493
4225.45	7.493
4230.46	7.492
4235.47	7.492
4240.48	7.492
4245.49	7.491
4250.50	7.491
4255.52	7.491
4260.53	7.491
4265.54	7.490
4270.55	7.490
4275.56	7.490
4280.57	7.490
4285.59	7.489
4290.60	7.489
4295.61	7.489
4300.62	7.489
4305.63	7.488
4310.64	7.488
4315.66	7.488
4320.67	7.488
4325.68	7.488
4330.69	7.487
4335.70	7.487
4340.71	7.487
4345.73	7.486
4350.74	7.486
4355.76	7.486
4360.77	7.485
4365.78	7.485
4370.80	7.485
4375.81	7.485
4380.82	7.484
4385.83	7.484
4390.84	7.484
4395.85	7.484
4400.87	7.483
4405.88	7.483
4410.89	7.483
4415.90	7.483
4420.91	7.483
4425.92	7.482
4430.93	7.482
4435.95	7.482
4440.96	7.481
4445.97	7.481
4450.98	7.481
4455.99	7.481
4461.00	7.481
4466.01	7.481
4471.03	7.480
4476.04	7.480
4481.05	7.480
4486.06	7.479
4491.07	7.479
4496.08	7.479
4501.10	7.479
4506.11	7.478
4511.12	7.478
4516.13	7.478
4521.14	7.478
4526.15	7.478
4531.16	7.477
4536.18	7.477
4541.19	7.477
4546.20	7.476
4551.21	7.476
4556.22	7.476
4561.24	7.476
4566.25	7.476
4571.26	7.475
4576.28	7.475
4581.29	7.475
4586.31	7.475
4591.32	7.475
4596.33	7.474
4601.34	7.474
4606.35	7.474
4611.36	7.474
4616.38	7.474
4621.39	7.473
4626.40	7.473
4631.41	7.472
4636.42	7.472
4641.43	7.472
4646.45	7.472
4651.46	7.471
4656.47	7.471
4661.48	7.471
4666.49	7.471
4671.50	7.471
4676.51	7.470
4681.53	7.470
4686.54	7.470
4691.55	7.470
4696.56	7.469
4701.57	7.469
4706.58	7.469
4711.59	7.469
4716.61	7.469
4721.62	7.469
4726.63	7.468
4731.64	7.468
4736.65	7.468
4741.66	7.468
4746.68	7.467
4751.69	7.467
4756.70	7.467
4761.71	7.466
4766.72	7.466
4771.73	7.466
4776.74	7.466
4781.76	7.466
4786.77	7.466
4791.78	7.466
4796.79	7.465
4801.80	7.465
4806.81	7.465
4811.83	7.465
4816.84	7.465
4821.85	7.464
4826.86	7.464
4831.87	7.464
4836.88	7.464
4841.89	7.463
4846.91	7.463
4851.92	7.463
4856.93	7.463
4861.94	7.463
4866.95	7.462
4871.96	7.462
4876.98	7.462
4881.99	7.462
4887.00	7.462
4892.01	7.462
4897.02	7.462
4902.03	7.461
4907.04	7.461
4912.06	7.461
4917.07	7.461
4922.08	7.461
4927.09	7.460
4932.10	7.460
4937.11	7.460
4942.13	7.460
4947.14	7.459
4952.15	7.459
4957.16	7.459
4962.18	7.459
4967.19	7.458
4972.20	7.458
4977.22	7.458
4982.23	7.458
4987.25	7.458
4992.26	7.458
4997.27	7.457
5002.28	7.457
5007.29	7.457
5012.30	7.457
5017.31	7.457
5022.33	7.456
5027.34	7.456
5032.35	7.456
5037.36	7.456
5042.37	7.456
5047.38	7.455
5052.40	7.455
5057.41	7.455
5062.42	7.455
5067.43	7.455
5072.44	7.455
5077.45	7.454
5082.46	7.454
5087.48	7.454
5092.49	7.454
5097.50	7.453
5102.51	7.454
5107.52	7.453
5112.53	7.453
5117.55	7.453
5122.56	7.453
5127.57	7.452
5132.58	7.452
5137.59	7.452
5142.60	7.452
5147.62	7.452
5152.63	7.451
5157.64	7.451
5162.65	7.451
5167.66	7.451
5172.68	7.451
5177.69	7.451
5182.70	7.450
5187.72	7.450
5192.74	7.450
5197.75	7.450
5202.76	7.450
5207.77	7.450
5212.78	7.449
5217.79	7.449
5222.81	7.449
5227.82	7.449
5232.83	7.449
5237.84	7.448
5242.85	7.448
5247.86	7.448
5252.87	7.448
5257.89	7.448
5262.90	7.448
5267.91	7.447
5272.92	7.447
5277.93	7.447
5282.94	7.447
5287.96	7.447
5292.97	7.447
5297.98	7.446
5302.99	7.446
5308.00	7.446
5313.01	7.446
5318.03	7.446
5323.04	7.446
5328.05	7.445
5333.06	7.445
5338.07	7.445
5343.08	7.445
5348.10	7.444
5353.11	7.444
5358.12	7.444
5363.13	7.444
5368.14	7.444
5373.15	7.444
5378.16	7.444
5383.18	7.443
5388.19	7.443
5393.20	7.443
5398.21	7.443
5403.23	7.442
5408.24	7.442
5413.25	7.442
5418.27	7.442
5423.28	7.442
5428.29	7.442
5433.30	7.442
5438.31	7.441
5443.32	7.441
5448.34	7.441
5453.35	7.441
5458.36	7.441
5463.37	7.441
5468.38	7.440
5473.39	7.441
5478.40	7.440
5483.42	7.440
5488.43	7.440
5493.44	7.440
5498.45	7.439
5503.46	7.439
5508.47	7.439
5513.49	7.439
5518.50	7.439
5523.51	7.439
5528.52	7.439
5533.53	7.439
5538.54	7.438
5543.56	7.438
5548.57	7.438
5553.58	7.437
5558.59	7.437
5563.60	7.437
5568.61	7.437
5573.62	7.437
5578.64	7.437
5583.65	7.437
5588.66	7.436
5593.67	7.436
5598.68	7.436
5603.70	7.436
5608.71	7.436
5613.73	7.436
5618.74	7.436
5623.75	7.435
5628.76	7.435
5633.77	7.435
5638.78	7.435
5643.80	7.434
5648.81	7.434
5653.82	7.434
5658.83	7.434
5663.84	7.434
5668.85	7.434
5673.87	7.434
5678.88	7.433
5683.89	7.433
5688.90	7.433
5693.91	7.434
5698.92	7.433
5703.94	7.433
5708.95	7.433
5713.96	7.433
5718.97	7.433
5723.98	7.432
5728.99	7.432
5734.01	7.432
5739.02	7.432
5744.03	7.432
5749.04	7.432
5754.05	7.432
5759.06	7.431
5764.07	7.431
5769.09	7.431
5774.10	7.431
5779.11	7.431
5784.12	7.431
5789.13	7.431
5794.14	7.430
5799.16	7.430
5804.17	7.430
5809.18	7.430
5814.19	7.430
5819.20	7.429
5824.22	7.429
5829.23	7.429
5834.25	7.429
5839.26	7.429
5844.27	7.429
5849.28	7.429
5854.29	7.429
5859.30	7.428
5864.32	7.428
5869.33	7.428
5874.34	7.428
5879.35	7.428
5884.36	7.428
5889.37	7.427
5894.38	7.427
5899.40	7.427
5904.41	7.427
5909.42	7.427
5914.43	7.427
5919.44	7.427
5924.45	7.427
5929.47	7.426
5934.48	7.426
5939.49	7.426
5944.50	7.426
5949.51	7.426
5954.52	7.425
5959.54	7.426
5964.55	7.425
5969.56	7.425
5974.57	7.425
5979.58	7.425
5984.59	7.425
5989.60	7.425
5994.62	7.425
5999.63	7.424
6004.64	7.424
6009.65	7.424
6014.66	7.424
6019.67	7.424
6024.69	7.424
6029.70	7.424
6034.71	7.423
6039.73	7.424
6044.74	7.423
6049.75	7.423
6054.77	7.423
6059.78	7.423
6064.79	7.422
6069.80	7.422
6074.81	7.422
6079.82	7.422
6084.84	7.422
6089.85	7.422
6094.86	7.422
6099.87	7.422
6104.88	7.422
6109.89	7.422
6114.91	7.421
6119.92	7.421
6124.93	7.421
6129.94	7.421
6134.95	7.421
6139.96	7.421
6144.97	7.421
6149.99	7.420
6155.00	7.420
6160.01	7.420
6165.02	7.420
6170.03	7.419
6175.04	7.419
6180.05	7.419
6185.07	7.419
6190.08	7.419
6195.09	7.419
6200.10	7.419
6205.11	7.419
6210.12	7.419
6215.14	7.418
6220.15	7.418
6225.16	7.418
6230.17	7.418
6235.18	7.418
6240.19	7.418
6245.21	7.418
6250.22	7.418
6255.23	7.417
6260.24	7.417
6265.25	7.417
6270.26	7.417
6275.27	7.417
6280.29	7.417
6285.30	7.416
6290.31	7.416
6295.32	7.416
6300.33	7.416
6305.34	7.416
6310.36	7.416
6315.37	7.416
6320.38	7.416
6325.39	7.415
6330.40	7.415
6335.41	7.415
6340.42	7.415
6345.43	7.415
6350.45	7.415
6355.46	7.415
6360.47	7.415
6365.48	7.414
6370.49	7.414
6375.50	7.414
6380.52	7.414
6385.53	7.414
6390.54	7.413
6395.55	7.414
6400.56	7.414
6405.57	7.413
6410.59	7.413
6415.60	7.413
6420.61	7.413
6425.62	7.413
6430.63	7.413
6435.64	7.412
6440.66	7.412
6445.67	7.412
6450.68	7.412
6455.69	7.412
6460.70	7.412
6465.71	7.411
6470.72	7.412
6475.74	7.411
6480.75	7.411
6485.76	7.411
6490.77	7.411
6495.78	7.411
6500.79	7.411
6505.81	7.410
6510.82	7.410
6515.83	7.410
6520.84	7.410
6525.85	7.410
6530.86	7.410
6535.87	7.410
6540.89	7.410
6545.90	7.409
6550.91	7.409
6555.92	7.409
6560.93	7.409
6565.94	7.409
6570.96	7.409
6575.97	7.409
6580.98	7.409
6585.99	7.409
6591.01	7.408
6596.02	7.408
6601.03	7.408
6606.04	7.408
6611.05	7.408
6616.06	7.408
6621.09	7.407
6626.10	7.407
6631.12	7.407
6636.13	7.407
6641.15	7.407
6646.16	7.407
6651.18	7.407
6656.20	7.407
6661.21	7.407
6666.22	7.406
6671.23	7.406
6676.25	7.406
6681.26	7.406
6686.27	7.406
6691.28	7.406
6696.29	7.406
6701.30	7.406
6706.31	7.406
6711.33	7.405
6716.34	7.405
6721.36	7.405
6726.37	7.405
6731.39	7.405
6736.40	7.405
6741.42	7.405
6746.44	7.405
6751.45	7.404
6756.47	7.404
6761.48	7.404
6766.49	7.404
6771.50	7.404
6776.52	7.404
6781.53	7.404
6786.54	7.403
6791.55	7.403
6796.56	7.403
6801.57	7.403
6806.59	7.403
6811.60	7.403
6816.61	7.403
6821.63	7.402
6826.64	7.403
6831.66	7.402
6836.67	7.402
6841.69	7.402
6846.70	7.402
6851.72	7.402
6856.74	7.402
6861.75	7.402
6866.76	7.401
6871.77	7.402
6876.78	7.401
6881.79	7.401
6886.81	7.401
6891.82	7.401
6896.83	7.401
6901.84	7.401
6906.85	7.401
6911.86	7.401
6916.88	7.401
6921.89	7.400
6926.90	7.400
6931.91	7.400
6936.92	7.400
6941.93	7.400
6946.94	7.400
6951.96	7.399
6956.97	7.399
6961.98	7.399
6966.99	7.399
6972.00	7.399
6977.01	7.399
6982.02	7.399
6987.04	7.398
6992.05	7.399
6997.06	7.398
7002.07	7.398
7007.08	7.398
7012.09	7.398
7017.11	7.398
7022.12	7.398
7027.13	7.397
7032.14	7.397
7037.15	7.397
7042.16	7.397
7047.18	7.397
7052.19	7.397
7057.20	7.397
7062.21	7.397
7067.22	7.396
7072.23	7.396
7077.25	7.396
7082.26	7.396
7087.27	7.396
7092.28	7.396
7097.29	7.396
7102.30	7.396
7107.31	7.395
7112.33	7.395
7117.34	7.395
7122.35	7.395
7127.36	7.395
7132.37	7.395
7137.38	7.395
7142.40	7.395
7147.41	7.395
7152.42	7.394
7157.43	7.394
7162.44	7.394
7167.45	7.394
7172.47	7.394
7177.48	7.394
7182.49	7.393
7187.50	7.393
7192.51	7.393
7197.52	7.393
7202.53	7.393
7207.55	7.393
7212.56	7.393
7217.57	7.393
7222.58	7.393
7227.59	7.393
7232.60	7.392
7237.61	7.392
7242.63	7.392
7247.64	7.392
7252.65	7.392
7257.66	7.391
7262.67	7.391
7267.68	7.391
7272.70	7.391
7277.71	7.391
7282.72	7.391
7287.73	7.390
7292.74	7.390
7297.75	7.390
7302.76	7.390
7307.78	7.390
7312.79	7.390
7317.80	7.390
7322.81	7.390
7327.82	7.389
7332.83	7.389
7337.85	7.389
7342.86	7.389
7347.87	7.389
7352.88	7.389
7357.90	7.389
7362.92	7.389
7367.93	7.389
7372.94	7.388
7377.96	7.388
7382.97	7.388
7387.99	7.388
7393.00	7.388
7398.01	7.388
7403.03	7.388
7408.04	7.388
7413.06	7.387
7418.07	7.387
7423.08	7.387
7428.09	7.387
7433.10	7.387
7438.12	7.387
7443.13	7.386
7448.15	7.386
7453.17	7.386
7458.18	7.386
7463.20	7.386
7468.21	7.386
7473.22	7.386
7478.23	7.386
7483.25	7.385
7488.27	7.385
7493.28	7.385
7498.29	7.385
7503.30	7.385
7508.31	7.385
7513.32	7.384
7518.34	7.384
7523.35	7.384
7528.36	7.384
7533.38	7.384
7538.39	7.384
7543.40	7.384
7548.41	7.384
7553.42	7.383
7558.43	7.383
7563.45	7.383
7568.46	7.383
7573.47	7.383
7578.48	7.383
7583.50	7.383
7588.52	7.383
7593.53	7.382
7598.55	7.382
7603.56	7.382
7608.57	7.382
7613.58	7.382
7618.59	7.382
7623.60	7.382
7628.62	7.381
7633.63	7.381
7638.64	7.381
7643.65	7.381
7648.66	7.381
7653.67	7.381
7658.68	7.381
7663.70	7.380
7668.71	7.380
7673.72	7.380
7678.73	7.380
7683.74	7.380
7688.75	7.380
7693.77	7.379
7698.78	7.379
7703.79	7.379
7708.80	7.379
7713.81	7.379
7718.82	7.379
7723.84	7.379
7728.85	7.378
7733.86	7.378
7738.87	7.378
7743.88	7.378
7748.89	7.378
7753.90	7.378
7758.92	7.378
7763.93	7.378
7768.94	7.377
7773.95	7.377
7778.96	7.377
7783.97	7.377
7788.99	7.377
7794.00	7.376
7799.01	7.376
7804.02	7.376
7809.03	7.376
7814.04	7.376
7819.05	7.376
7824.07	7.376
7829.08	7.375
7834.10	7.375
7839.11	7.375
7844.13	7.375
7849.14	7.375
7854.16	7.375
7859.17	7.374
7864.18	7.374
7869.20	7.374
7874.21	7.374
7879.22	7.374
7884.23	7.374
7889.24	7.374
7894.25	7.373
7899.27	7.373
7904.29	7.373
7909.30	7.373
7914.32	7.373
7919.33	7.373
7924.35	7.372
7929.36	7.372
7934.37	7.372
7939.39	7.372
7944.40	7.371
7949.41	7.372
7954.42	7.371
7959.44	7.371
7964.45	7.371
7969.46	7.371
7974.48	7.371
7979.50	7.371
7984.51	7.370
7989.53	7.370
7994.54	7.370
7999.55	7.370
8004.56	7.370
8009.57	7.370
8014.59	7.369
8019.60	7.369
8024.61	7.369
8029.62	7.369
8034.63	7.369
8039.64	7.369
8044.65	7.368
8049.66	7.368
8054.68	7.368
8059.69	7.368
8064.70	7.368
8069.71	7.368
8074.72	7.367
8079.73	7.367
8084.74	7.367
8089.76	7.367
8094.77	7.367
8099.78	7.366
8104.79	7.366
8109.80	7.366
8114.81	7.366
8119.82	7.366
8124.84	7.366
8129.85	7.365
8134.86	7.365
8139.87	7.365
8144.88	7.365
8149.89	7.365
8154.91	7.364
8159.92	7.364
8164.93	7.364
8169.94	7.364
8174.95	7.364
8179.96	7.364
8184.98	7.363
8189.99	7.363
8195.00	7.363
8200.01	7.363
8205.02	7.362
8210.03	7.363
8215.04	7.362
8220.06	7.362
8225.07	7.362
8230.08	7.362
8235.09	7.361
8240.10	7.361
8245.11	7.361
8250.13	7.360
8255.14	7.361
8260.15	7.360
8265.16	7.360
8270.17	7.360
8275.18	7.359
8280.19	7.359
8285.20	7.359
8290.22	7.359
8295.23	7.359
8300.24	7.359
8305.25	7.359
8310.26	7.358
8315.27	7.358
8320.29	7.358
8325.30	7.358
8330.31	7.357
8335.32	7.357
8340.33	7.357
8345.34	7.357
8350.35	7.357
8355.37	7.356
8360.38	7.356
8365.39	7.356
8370.40	7.356
8375.41	7.356
8380.42	7.355
8385.43	7.355
8390.45	7.355
8395.46	7.355
8400.47	7.354
8405.48	7.354
8410.49	7.354
8415.50	7.354
8420.52	7.353
8425.53	7.353
8430.54	7.353
8435.55	7.353
8440.56	7.353
8445.57	7.353
8450.58	7.353
8455.59	7.352
8460.61	7.352
8465.62	7.352
8470.63	7.351
8475.64	7.351
8480.65	7.351
8485.67	7.351
8490.69	7.350
8495.70	7.351
8500.72	7.350
8505.73	7.350
8510.75	7.350
8515.76	7.349
8520.77	7.349
8525.78	7.349
8530.80	7.349
8535.81	7.348
8540.82	7.348
8545.83	7.348
8550.84	7.347
8555.86	7.347
8560.87	7.347
8565.89	7.347
8570.91	7.346
8575.92	7.346
8580.94	7.346
8585.95	7.346
8590.96	7.346
8595.97	7.345
8600.98	7.345
8606.00	7.345
8611.01	7.344
8616.02	7.344
8621.04	7.344
8626.05	7.344
8631.06	7.344
8636.07	7.343
8641.08	7.343
8646.09	7.343
8651.11	7.342
8656.12	7.342
8661.13	7.342
8666.14	7.341
8671.15	7.341
8676.16	7.341
8681.17	7.341
8686.19	7.341
8691.20	7.341
8696.21	7.340
8701.22	7.340
8706.23	7.340
8711.24	7.339
8716.25	7.339
8721.27	7.339
8726.28	7.338
8731.29	7.338
8736.30	7.338
8741.31	7.338
8746.32	7.337
8751.34	7.337
8756.35	7.337
8761.36	7.336
8766.37	7.336
8771.38	7.336
8776.39	7.336
8781.41	7.335
8786.42	7.335
8791.43	7.335
8796.44	7.334
8801.46	7.334
8806.47	7.334
8811.48	7.333
8816.49	7.333
8821.50	7.333
8826.51	7.333
8831.52	7.332
8836.54	7.332
8841.55	7.332
8846.56	7.331
8851.57	7.331
8856.58	7.331
8861.59	7.331
8866.61	7.330
8871.62	7.330
8876.63	7.330
8881.64	7.329
8886.65	7.329
8891.66	7.329
8896.68	7.328
8901.69	7.328
8906.70	7.327
8911.71	7.327
8916.72	7.327
8921.73	7.326
8926.74	7.326
8931.76	7.326
8936.77	7.326
8941.78	7.325
8946.79	7.325
8951.80	7.324
8956.81	7.324
8961.82	7.324
8966.84	7.323
8971.85	7.323
8976.86	7.322
8981.87	7.322
8986.88	7.322
8991.89	7.322
8996.90	7.321
9001.92	7.321
9006.93	7.321
9011.94	7.320
9016.95	7.320
9021.96	7.319
9026.97	7.319
9031.99	7.319
9037.00	7.318
9042.01	7.318
9047.02	7.318
9052.03	7.317
9057.04	7.317
9062.05	7.316
9067.07	7.316
9072.08	7.316
9077.09	7.315
9082.10	7.315
9087.11	7.314
9092.12	7.314
9097.13	7.314
9102.15	7.313
9107.16	7.313
9112.17	7.312
9117.18	7.312
9122.19	7.312
9127.20	7.311
9132.22	7.311
9137.23	7.310
9142.24	7.310
9147.25	7.310
9152.26	7.309
9157.27	7.309
9162.28	7.308
9167.30	7.308
9172.31	7.308
9177.32	7.307
9182.33	7.307
9187.34	7.306
9192.35	7.306
9197.37	7.305
9202.38	7.305
9207.39	7.304
9212.40	7.304
9217.41	7.304
9222.42	7.303
9227.44	7.303
9232.45	7.302
9237.46	7.302
9242.47	7.301
9247.48	7.301
9252.49	7.301
9257.50	7.300
9262.52	7.300
9267.53	7.299
9272.54	7.299
9277.55	7.298
9282.56	7.298
9287.57	7.297
9292.59	7.297
9297.60	7.297
9302.61	7.296
9307.62	7.296
9312.63	7.295
9317.64	7.294
9322.66	7.294
9327.67	7.294
9332.68	7.293
9337.69	7.292
9342.70	7.292
9347.71	7.292
9352.72	7.291
9357.74	7.291
9362.75	7.290
9367.76	7.290
9372.77	7.289
9377.78	7.289
9382.79	7.288
9387.81	7.288
9392.82	7.287
9397.83	7.287
9402.84	7.286
9407.85	7.286
9412.86	7.285
9417.88	7.285
9422.89	7.284
9427.90	7.283
9432.91	7.283
9437.92	7.283
9442.93	7.282
9447.94	7.281
9452.95	7.281
9457.97	7.280
9462.98	7.280
9467.99	7.279
9473.00	7.278
9478.01	7.278
9483.02	7.277
9488.03	7.277
9493.05	7.276
9498.06	7.275
9503.07	7.275
9508.08	7.274
9513.09	7.274
9518.10	7.273
9523.12	7.273
9528.13	7.272
9533.14	7.272
9538.15	7.271
9543.16	7.271
9548.17	7.270
9553.18	7.269
9558.20	7.269
9563.21	7.268
9568.22	7.267
9573.23	7.267
9578.24	7.266
9583.25	7.265
9588.26	7.265
9593.28	7.264
9598.29	7.264
9603.30	7.263
9608.31	7.263
9613.32	7.262
9618.34	7.261
9623.35	7.261
9628.37	7.260
9633.38	7.259
9638.39	7.259
9643.40	7.258
9648.42	7.257
9653.43	7.257
9658.45	7.256
9663.46	7.255
9668.47	7.255
9673.49	7.254
9678.50	7.254
9683.52	7.253
9688.54	7.252
9693.55	7.252
9698.56	7.251
9703.58	7.250
9708.59	7.250
9713.60	7.249
9718.61	7.248
9723.62	7.248
9728.64	7.247
9733.65	7.246
9738.67	7.246
9743.68	7.245
9748.70	7.244
9753.71	7.244
9758.72	7.243
9763.73	7.242
9768.75	7.242
9773.76	7.241
9778.78	7.240
9783.79	7.240
9788.81	7.239
9793.82	7.238
9798.83	7.237
9803.84	7.237
9808.86	7.236
9813.87	7.235
9818.88	7.235
9823.90	7.234
9828.91	7.233
9833.93	7.232
9838.94	7.232
9843.95	7.232
9848.97	7.231
9853.98	7.230
9858.99	7.229
9864.00	7.228
9869.01	7.227
9874.03	7.227
9879.04	7.226
9884.05	7.225
9889.06	7.225
9894.07	7.224
9899.08	7.223
9904.10	7.222
9909.11	7.222
9914.12	7.221
9919.13	7.220
9924.14	7.219
9929.15	7.219
9934.17	7.218
9939.18	7.217
9944.19	7.217
9949.20	7.216
9954.21	7.215
9959.22	7.214
9964.23	7.214
9969.24	7.213
9974.26	7.212
9979.27	7.211
9984.28	7.210
9989.29	7.210
9994.30	7.209
9999.31	7.208
10004.33	7.207
10009.34	7.207
10014.35	7.206
10019.36	7.205
10024.37	7.204
10029.38	7.204
10034.39	7.203
10039.41	7.202
10044.42	7.202
10049.43	7.201
10054.44	7.200
10059.45	7.199
10064.46	7.198
10069.48	7.198
10074.49	7.197
10079.50	7.196
10084.51	7.195
10089.52	7.194
10094.53	7.194
10099.55	7.193
10104.56	7.192
10109.57	7.191
10114.58	7.191
10119.59	7.190
10124.60	7.189
10129.61	7.188
10134.63	7.187
10139.64	7.187
10144.65	7.186
10149.66	7.185
10154.67	7.184
10159.68	7.184
10164.70	7.183
10169.71	7.182
10174.72	7.181
10179.73	7.180
10184.74	7.180
10189.75	7.179
10194.76	7.178
10199.78	7.177
10204.79	7.176
10209.80	7.176
10214.81	7.175
10219.82	7.174
10224.84	7.173
10229.85	7.173
10234.86	7.172
10239.87	7.171
10244.88	7.170
10249.89	7.169
10254.91	7.168
10259.92	7.168
10264.93	7.167
10269.94	7.166
10274.95	7.165
10279.96	7.164
10284.98	7.163
10289.99	7.162
10295.00	7.162
10300.01	7.161
10305.03	7.160
10310.04	7.159
10315.06	7.158
10320.07	7.157
10325.08	7.156
10330.10	7.156
10335.11	7.155
10340.12	7.154
10345.14	7.153
10350.15	7.152
10355.17	7.151
10360.18	7.151
10365.19	7.150
10370.20	7.149
10375.21	7.148
10380.22	7.147
10385.24	7.146
10390.25	7.145
10395.26	7.145
10400.27	7.144
10405.28	7.143
10410.29	7.142
10415.30	7.141
10420.32	7.141
10425.33	7.140
10430.34	7.139
10435.35	7.138
10440.36	7.137
10445.37	7.136
10450.39	7.135
10455.40	7.134
10460.41	7.134
10465.42	7.133
10470.43	7.132
10475.44	7.131
10480.46	7.130
10485.47	7.129
10490.48	7.128
10495.49	7.127
10500.50	7.127
10505.51	7.126
10510.52	7.125
10515.54	7.124
10520.55	7.123
10525.56	7.122
10530.57	7.121
10535.58	7.120
10540.60	7.119
10545.61	7.119
10550.62	7.118
10555.63	7.117
10560.64	7.116
10565.65	7.115
10570.66	7.114
10575.68	7.114
10580.69	7.113
10585.70	7.112
10590.71	7.111
10595.72	7.110
10600.73	7.109
10605.74	7.108
10610.76	7.107
10615.77	7.106
10620.78	7.105
10625.79	7.105
10630.80	7.104
10635.81	7.103
10640.83	7.102
10645.84	7.101
10650.85	7.100
10655.86	7.099
10660.87	7.098
10665.88	7.097
10670.90	7.096
10675.91	7.095
10680.92	7.094
10685.93	7.093
10690.94	7.093
10695.95	7.092
10700.97	7.091
10705.98	7.090
10710.99	7.089
10716.00	7.088
10721.02	7.087
10726.03	7.086
10731.04	7.085
10736.05	7.084
10741.07	7.083
10746.08	7.082
10751.10	7.082
10756.11	7.081
10761.12	7.080
10766.13	7.079
10771.14	7.078
10776.15	7.077
10781.17	7.076
10786.18	7.075
10791.19	7.074
10796.20	7.073
10801.21	7.072
10806.22	7.071
10811.23	7.070
10816.24	7.069
10821.26	7.069
10826.27	7.068
10831.28	7.066
10836.29	7.066
10841.30	7.065
10846.31	7.064
10851.33	7.063
10856.34	7.062
10861.35	7.061
10866.36	7.060
10871.37	7.059
10876.38	7.058
10881.40	7.057
10886.41	7.056
10891.42	7.055
10896.43	7.054
10901.44	7.053
10906.45	7.052
10911.47	7.051
10916.48	7.050
10921.49	7.049
10926.50	7.048
10931.51	7.047
10936.53	7.046
10941.54	7.045
10946.56	7.044
10951.57	7.043
10956.59	7.042
10961.60	7.041
10966.61	7.040
10971.62	7.039
10976.63	7.039
10981.64	7.038
10986.65	7.036
10991.67	7.035
10996.68	7.034
11001.69	7.033
11006.70	7.032
11011.71	7.031
11016.72	7.031
11021.73	7.030
11026.75	7.028
11031.76	7.028
11036.77	7.027
11041.78	7.025
11046.79	7.024
11051.80	7.023
11056.82	7.023
11061.83	7.022
11066.84	7.020
11071.85	7.020
11076.86	7.019
11081.87	7.018
11086.88	7.017
11091.90	7.015
11096.91	7.014
11101.92	7.013
11106.93	7.012
11111.94	7.012
11116.95	7.011
11121.97	7.010
11126.98	7.009
11131.99	7.008
11137.00	7.006
11142.01	7.005
11147.02	7.004
11152.04	7.003
11157.05	7.002
11162.06	7.001
11167.07	7.000
11172.08	6.999
11177.09	6.998
11182.11	6.997
11187.12	6.996
11192.13	6.995
11197.14	6.994
11202.15	6.993
11207.16	6.992
11212.17	6.991
11217.19	6.990
11222.20	6.989
11227.21	6.988
11232.22	6.987
11237.23	6.985
11242.24	6.984
11247.26	6.984
11252.27	6.983
11257.28	6.981
11262.29	6.980
11267.30	6.979
11272.31	6.978
11277.33	6.977
11282.34	6.976
11287.35	6.975
11292.36	6.974
11297.37	6.973
11302.38	6.972
11307.40	6.971
11312.41	6.970
11317.42	6.969
11322.43	6.967
11327.44	6.966
11332.45	6.965
11337.46	6.964
11342.48	6.963
11347.49	6.962
11352.51	6.961
11357.52	6.960
11362.53	6.959
11367.54	6.958
11372.56	6.957
11377.57	6.955
11382.58	6.954
11387.59	6.953
11392.60	6.952
11397.61	6.951
11402.63	6.950
11407.64	6.949
11412.65	6.948
11417.66	6.947
11422.67	6.946
11427.68	6.945
11432.70	6.944
11437.71	6.942
11442.72	6.941
11447.73	6.940
11452.74	6.939
11457.75	6.938
11462.77	6.937
11467.78	6.936
11472.79	6.935
11477.80	6.934
11482.81	6.932
11487.82	6.931
11492.84	6.930
11497.85	6.929
11502.86	6.928
11507.87	6.927
11512.88	6.926
11517.89	6.925
11522.90	6.923
11527.92	6.922
11532.93	6.921
11537.94	6.920
11542.95	6.919
11547.97	6.918
11552.98	6.917
11557.99	6.915
11563.01	6.914
11568.02	6.913
11573.03	6.912
11578.04	6.911
11583.05	6.910
11588.06	6.908
11593.08	6.907
11598.09	6.906
11603.10	6.905
11608.11	6.904
11613.12	6.902
11618.13	6.901
11623.15	6.900
11628.16	6.899
11633.17	6.898
11638.18	6.897
11643.19	6.896
11648.20	6.894
11653.22	6.893
11658.23	6.892
11663.24	6.891
11668.25	6.890
11673.26	6.889
11678.27	6.887
11683.28	6.886
11688.30	6.885
11693.31	6.884
11698.32	6.882
11703.33	6.881
11708.34	6.880
11713.35	6.879
11718.37	6.878
11723.38	6.876
11728.39	6.875
11733.40	6.874
11738.41	6.873
11743.42	6.872
11748.44	6.871
11753.45	6.869
11758.46	6.868
11763.47	6.867
11768.49	6.866
11773.50	6.865
11778.51	6.863
11783.52	6.862
11788.53	6.861
11793.54	6.860
11798.56	6.859
11803.57	6.857
11808.58	6.856
11813.59	6.855
11818.60	6.854
11823.61	6.852
11828.62	6.851
11833.64	6.850
11838.65	6.849
11843.66	6.847
11848.67	6.846
11853.68	6.845
11858.69	6.843
11863.71	6.842
11868.72	6.841
11873.73	6.840
11878.74	6.839
11883.75	6.837
11888.76	6.836
11893.78	6.835
11898.79	6.833
11903.80	6.832
11908.81	6.831
11913.82	6.830
11918.83	6.829
11923.84	6.827
11928.86	6.826
11933.87	6.825
11938.88	6.823
11943.89	6.822
11948.90	6.821
11953.91	6.820
11958.93	6.818
11963.94	6.817
11968.95	6.816
11973.97	6.814
11978.98	6.813
11984.00	6.812
11989.01	6.810
11994.03	6.809
11999.04	6.808
12004.05	6.807
12009.06	6.805
12014.07	6.804
12019.08	6.803
12024.09	6.801
12029.11	6.800
12034.12	6.799
12039.13	6.797
12044.14	6.796
12049.15	6.795
12054.16	6.793
12059.18	6.792
12064.19	6.791
12069.20	6.789
12074.21	6.788
12079.22	6.787
12084.23	6.785
12089.25	6.784
12094.26	6.783
12099.27	6.781
12104.28	6.780
12109.29	6.779
12114.30	6.777
12119.32	6.776
12124.33	6.775
12129.34	6.773
12134.35	6.772
12139.36	6.771
12144.37	6.769
12149.39	6.768
12154.40	6.767
12159.41	6.765
12164.42	6.764
12169.43	6.762
12174.44	6.761
12179.46	6.760
12184.47	6.758
12189.48	6.757
12194.49	6.756
12199.50	6.754
12204.52	6.753
12209.53	6.751
12214.54	6.750
12219.55	6.749
12224.56	6.747
12229.58	6.746
12234.59	6.744
12239.60	6.743
12244.61	6.742
12249.62	6.740
12254.63	6.739
12259.65	6.737
12264.66	6.736
12269.67	6.734
12274.68	6.733
12279.69	6.732
12284.70	6.731
12289.72	6.729
12294.73	6.728
12299.74	6.726
12304.75	6.725
12309.76	6.723
12314.77	6.722
12319.78	6.720
12324.80	6.719
12329.81	6.718
12334.82	6.716
12339.83	6.715
12344.84	6.713
12349.85	6.712
12354.87	6.710
12359.88	6.709
12364.89	6.707
12369.90	6.706
12374.91	6.705
12379.92	6.703
12384.94	6.702
12389.95	6.701
12394.96	6.699
12399.97	6.697
12404.99	6.696
12410.00	6.694
12415.01	6.693
12420.03	6.691
12425.04	6.690
12430.05	6.689
12435.06	6.687
12440.07	6.685
12445.09	6.684
12450.10	6.682
12455.11	6.681
12460.12	6.680
12465.13	6.678
12470.14	6.677
12475.16	6.675
12480.17	6.674
12485.18	6.672
12490.19	6.671
12495.20	6.669
12500.21	6.668
12505.23	6.666
12510.24	6.664
12515.25	6.663
12520.26	6.661
12525.27	6.660
12530.28	6.658
12535.29	6.657
12540.31	6.655
12545.32	6.654
12550.33	6.653
12555.34	6.651
12560.35	6.649
12565.36	6.648
12570.38	6.647
12575.39	6.645
12580.40	6.643
12585.41	6.642
12590.42	6.640
12595.43	6.639
12600.45	6.637
12605.46	6.635
12610.47	6.633
12615.48	6.632
12620.50	6.631
12625.51	6.629
12630.53	6.627
12635.54	6.626
12640.55	6.624
12645.56	6.623
12650.58	6.621
12655.59	6.620
12660.60	6.618
12665.61	6.616
12670.62	6.615
12675.63	6.613
12680.65	6.612
12685.66	6.610
12690.67	6.608
12695.68	6.607
12700.69	6.605
12705.70	6.604
12710.72	6.602
12715.73	6.600
12720.74	6.599
12725.75	6.597
12730.76	6.596
12735.77	6.594
12740.79	6.592
12745.80	6.591
12750.81	6.589
12755.82	6.587
12760.83	6.586
12765.84	6.584
12770.86	6.583
12775.87	6.581
12780.88	6.579
12785.89	6.578
12790.90	6.576
12795.91	6.574
12800.93	6.573
12805.94	6.571
12810.95	6.569
12815.96	6.568
12820.98	6.566
12825.99	6.564
12831.00	6.563
12836.01	6.561
12841.03	6.559
12846.04	6.558
12851.06	6.556
12856.07	6.554
12861.08	6.553
12866.09	6.551
12871.10	6.549
12876.11	6.548
12881.12	6.546
12886.14	6.544
12891.15	6.543
12896.16	6.541
12901.17	6.539
12906.18	6.537
12911.19	6.536
12916.21	6.534
12921.22	6.532
12926.23	6.530
12931.24	6.529
12936.25	6.527
12941.26	6.525
12946.28	6.524
12951.29	6.522
12956.30	6.520
12961.31	6.518
12966.32	6.517
12971.33	6.515
12976.34	6.513
12981.36	6.512
12986.37	6.510
12991.38	6.508
12996.39	6.507
13001.40	6.505
13006.41	6.503
13011.43	6.501
13016.44	6.499
13021.45	6.498
13026.46	6.496
13031.47	6.494
13036.49	6.492
13041.50	6.491
13046.51	6.489
13051.53	6.487
13056.54	6.485
13061.56	6.484
13066.57	6.482
13071.58	6.480
13076.60	6.478
13081.61	6.477
13086.63	6.474
13091.64	6.473
13096.65	6.471
13101.66	6.469
13106.68	6.467
13111.69	6.465
13116.70	6.464
13121.71	6.462
13126.72	6.460
13131.73	6.458
13136.75	6.456
13141.76	6.454
13146.77	6.453
13151.78	6.451
13156.79	6.449
13161.80	6.447
13166.82	6.445
13171.83	6.443
13176.84	6.442
13181.85	6.440
13186.86	6.438
13191.87	6.436
13196.89	6.434
13201.90	6.432
13206.91	6.430
13211.92	6.428
13216.93	6.426
13221.94	6.424
13226.95	6.423
13231.97	6.421
13236.98	6.419
13241.99	6.417
13247.00	6.415
13252.01	6.413
13257.02	6.411
13262.04	6.409
13267.05	6.407
13272.06	6.405
13277.07	6.403
13282.08	6.401
13287.10	6.399
13292.11	6.397
13297.12	6.395
13302.14	6.393
13307.15	6.391
13312.16	6.390
13317.18	6.388
13322.20	6.385
13327.21	6.383
13332.23	6.381
13337.24	6.379
13342.26	6.377
13347.27	6.375
13352.29	6.373
13357.30	6.371
13362.32	6.369
13367.33	6.367
13372.35	6.365
13377.36	6.363
13382.37	6.361
13387.39	6.359
13392.40	6.357
13397.42	6.355
13402.43	6.353
13407.45	6.350
13412.46	6.349
13417.48	6.346
13422.49	6.344
13427.50	6.342
13432.51	6.340
13437.53	6.338
13442.54	6.335
13447.56	6.333
13452.57	6.331
13457.59	6.329
13462.60	6.327
13467.62	6.324
13472.63	6.323
13477.65	6.320
13482.66	6.318
13487.67	6.316
13492.69	6.314
13497.70	6.311
13502.72	6.309
13507.73	6.307
13512.75	6.305
13517.76	6.302
13522.77	6.300
13527.79	6.298
13532.81	6.296
13537.82	6.294
13542.84	6.291
13547.85	6.289
13552.86	6.287
13557.88	6.284
13562.89	6.282
13567.91	6.280
13572.92	6.277
13577.94	6.275
13582.95	6.273
13587.97	6.270
13592.98	6.268
13597.99	6.266
13603.01	6.264
13608.02	6.261
13613.04	6.259
13618.05	6.257
13623.07	6.254
13628.08	6.252
13633.10	6.250
13638.11	6.247
13643.12	6.245
13648.14	6.243
13653.15	6.240
13658.18	6.238
13663.19	6.236
13668.21	6.233
13673.22	6.231
13678.23	6.229
13683.25	6.226
13688.26	6.224
13693.28	6.222
13698.29	6.220
13703.31	6.217
13708.32	6.215
13713.34	6.212
13718.35	6.210
13723.36	6.208
13728.38	6.205
13733.40	6.203
13738.41	6.201
13743.42	6.198
13748.44	6.196
13753.45	6.194
13758.47	6.191
13763.48	6.189
13768.49	6.187
13773.50	6.184
13778.52	6.182
13783.53	6.179
13788.55	6.177
13793.57	6.175
13798.58	6.172
13803.60	6.170
13808.61	6.168
13813.63	6.166
13818.64	6.163
13823.66	6.161
13828.67	6.159
13833.69	6.156
13838.70	6.154
13843.72	6.151
13848.73	6.149
13853.75	6.147
13858.76	6.144
13863.78	6.142
13868.79	6.140
13873.80	6.137
13878.82	6.135
13883.83	6.133
13888.85	6.130
13893.86	6.128
13898.88	6.126
13903.89	6.124
13908.91	6.121
13913.92	6.119
13918.94	6.117
13923.95	6.114
13928.97	6.112
13933.98	6.110
13939.00	6.107
13944.01	6.105
13949.02	6.103
13954.04	6.100
13959.05	6.098
13964.07	6.096
13969.08	6.094
13974.10	6.092
13979.11	6.089
13984.13	6.087
13989.14	6.084
13994.16	6.082
13999.17	6.080
14004.19	6.077
14009.20	6.075
14014.22	6.073
14019.23	6.071
14024.25	6.068
14029.26	6.066
14034.28	6.064
14039.29	6.062
14044.30	6.059
14049.32	6.057
14054.33	6.055
14059.35	6.052
14064.36	6.050
14069.38	6.048
14074.40	6.046
14079.41	6.043
14084.42	6.041
14089.44	6.039
14094.46	6.037
14099.47	6.034
14104.49	6.032
14109.50	6.030
14114.52	6.028
14119.53	6.025
14124.55	6.023
14129.56	6.021
14134.57	6.019
14139.58	6.017
14144.60	6.014
14149.61	6.012
14154.62	6.010
14159.63	6.008
14164.64	6.006
14169.65	6.003
14174.67	6.001
14179.68	5.999
14184.69	5.996
14189.70	5.994
14194.71	5.992
14199.72	5.990
14204.74	5.988
14209.75	5.986
14214.76	5.984
14219.77	5.982
14224.78	5.979
14229.79	5.977
14234.80	5.975
14239.82	5.973
